PKNOTS: optimal minimum-energy RNA folding with pseudoknots and coaxial energies
        PKNOTS 1.06 (MAY 2008) using squid 1.5m (Sept 1997)
---------------------------------------------------
Folding sequences from:  /groups/eddy/home/rivase/src/src/pknots/versions/pknots-1.06/Demos/APLV.sqd 
---------------------------------------------------



	             SS  ...>>>>>....<<<<<..>>>>>.......<<<<<......>>>.....
	       APLVcolI  AAUGAAGGCAGUCCUUCUCCCUUUAGCACACAAAGGUCAAAUGGGUGCGA

	             SS  ..<<<AAA...>>>>>>aaa...<<<<<<....
	       APLVcolI  CUCCCCCCCUUUUCCGAGGGUCAUCGGAAACCA

---------------------------------------------------
---------------------------------------------------
82 82 41 40  
tracing WX 19400 
 (W5) SL, trace wx  82 81 19400
---------------------------------------------------
82 81 40 40  
tracing WX 19400 
 (W5) SL, trace wx  82 80 19400
---------------------------------------------------
82 80 40 39  
tracing WX 19400 
 (W5) SL, trace wx  82 79 19400
---------------------------------------------------
82 79 39 39  
tracing WX 19400 
 (W6) SR, trace wx 81 78 19400
---------------------------------------------------
81 78 39 38  
tracing WX 19400 
 (W7) trace wx  73 70 17900
 (W7) trace wx  81 7 1500
---------------------------------------------------
81 7 3 3  
tracing WX 1500 
 (W2) SR SL, trace vx 80 5 400
---------------------------------------------------
80 5 2 2  
tracing VX  400   
 (v1) hairpin 5, 400 
---------------------------------------------------
73 70 35 34  
tracing WX 17900 
 (W6) SR, trace wx 72 69 17900
---------------------------------------------------
72 69 34 34  
tracing WX 17900 
 (W6) SR, trace wx 71 68 17900
---------------------------------------------------
71 68 34 33  
tracing WX 17900 
 (W6) SR, trace wx 70 67 17900
---------------------------------------------------
70 67 33 33  
tracing WX 17900 
 (W6) SR, trace wx 69 66 17900
---------------------------------------------------
69 66 33 32  
tracing WX 17900 
 (W7) trace wx  41 38 7700
 (W7) trace wx  69 27 10200
---------------------------------------------------
69 27 13 13  
tracing WX 10200 
 (W8.1) trace vx 55 13 1500
 (W8.1) trace vx 69 13 4800
---------------------------------------------------
69 13 6 6  
tracing VX  4800   
 (v2) IS2 (1,1) 2900
 trace vx 68 11 1900
---------------------------------------------------
68 11 5 5  
tracing VX  1900   
 (v2) IS2 (1,1) 2900
 trace vx 67 9 -1000
---------------------------------------------------
67 9 4 4  
tracing VX  -1000   
 (v2) IS2 (1,1) 1700
 trace vx 66 7 -2700
---------------------------------------------------
66 7 3 3  
tracing VX  -2700   
 (v2) IS2 (1,1) 1100
 trace vx 65 5 -3800
---------------------------------------------------
65 5 2 2  
tracing VX  -3800   
 (v1) hairpin 5, -3800 
---------------------------------------------------
55 13 6 6  
tracing VX  1500   
 (v2) IS2 (1,1) 2900
 trace vx 54 11 -1400
---------------------------------------------------
54 11 5 5  
tracing VX  -1400   
 (v2) IS2 (1,1) 2900
 trace vx 53 9 -4300
---------------------------------------------------
53 9 4 4  
tracing VX  -4300   
 (v1) hairpin 9, -4300 
---------------------------------------------------
41 38 19 18  
tracing WX 7700 
 (W6) SR, trace wx 40 37 7700
---------------------------------------------------
40 37 18 18  
tracing WX 7700 
 (W6) SR, trace wx 39 36 7700
---------------------------------------------------
39 36 18 17  
tracing WX 7700 
 (W6) SR, trace wx 38 35 7700
---------------------------------------------------
38 35 17 17  
tracing WX 7700 
 (W6) SR, trace wx 37 34 7700
---------------------------------------------------
37 34 17 16  
tracing WX 7700 
 (W6) SR, trace wx 36 33 7700
---------------------------------------------------
36 33 16 16  
tracing WX 7700 
 (W7) trace wx  17 14 4600
 (W7) trace wx  36 18 3100
---------------------------------------------------
36 18 9 8  
tracing WX 3100 
 (W2) SR SL, trace vx 35 16 2200
---------------------------------------------------
35 16 8 7  
tracing VX  2200   
 (v2) IS2 (1,1) 2900
 trace vx 34 14 -700
---------------------------------------------------
34 14 7 6  
tracing VX  -700   
 (v2) IS2 (1,1) 1700
 trace vx 33 12 -2400
---------------------------------------------------
33 12 6 5  
tracing VX  -2400   
 (v2) IS2 (1,1) 900
 trace vx 32 10 -3300
---------------------------------------------------
32 10 5 4  
tracing VX  -3300   
 (v2) IS2 (1,1) 900
 trace vx 31 8 -4200
---------------------------------------------------
31 8 4 3  
tracing VX  -4200   
 (v1) hairpin 8, -4200 
---------------------------------------------------
17 14 7 6  
tracing WX 4600 
 (W4) SR, trace vx 16 13 3400
---------------------------------------------------
16 13 6 6  
tracing VX  3400   
 (v2) IS2 (1,1) 2300
 trace vx 15 11 1100
---------------------------------------------------
15 11 5 5  
tracing VX  1100   
 (v2) IS2 (1,1) 900
 trace vx 14 9 200
---------------------------------------------------
14 9 4 4  
tracing VX  200   
 (v2) IS2 (1,1) 1700
 trace vx 13 7 -1500
---------------------------------------------------
13 7 3 3  
tracing VX  -1500   
 (v2) IS2 (1,1) 2900
 trace vx 12 5 -4400
---------------------------------------------------
12 5 2 2  
tracing VX  -4400   
 (v1) hairpin 5, -4400 
NAM  APLVcolI
SRC  APLVcolI - 0..82::83
SEQ  +SS
       1 A   A   U   G   A   A   G   G   C   A   G   U   C   C   U   U   C   U   C   C
         0   1   2   3   4   5   6   7   8   9   10  11  12  13  14  15  16  17  18  19  
         .   .   .   16  15  14  13  12  .   .   .   .   7   6   5   4   3   .   .   35  

      21 C   U   U   U   A   G   C   A   C   A   C   A   A   A   G   G   U   C   A   A
         20  21  22  23  24  25  26  27  28  29  30  31  32  33  34  35  36  37  38  39  
         34  33  32  31  .   .   .   .   .   .   .   23  22  21  20  19  .   .   .   .   

      41 A   U   G   G   G   U   G   C   G   A   C   U   C   C   C   C   C   C   C   U
         40  41  42  43  44  45  46  47  48  49  50  51  52  53  54  55  56  57  58  59  
         .   .   55  54  53  .   .   .   .   .   .   .   .   44  43  42  69  68  67  66  

      61 U   U   U   C   C   G   A   G   G   G   U   C   A   U   C   G   G   A   A   A
         60  61  62  63  64  65  66  67  68  69  70  71  72  73  74  75  76  77  78  79  
         65  .   .   .   .   60  59  58  57  56  .   .   .   .   .   80  .   .   .   .   

      81 C   C   A
         80  81  82  
         75  .   .   

true pairs 22.0	 found pairs 19.0	 agree 10.0 (sen=45.45 spe=52.63 -- C_ap = 48.91)
----------------------------------------------------------------------
   Log odds score:       19400 
energy (kcal/mol):      -19.40 
number of pairs found:      19.00 
number of pairs annotated:  22.00 
----------------------------------------------------------------------
Allow pseudoknots? NO
----------------------------------------------------------------------
Parameters (energy  units, kcal/mol)
 P1   parameter:         -0.00 
 P2   parameter:         -0.00 
 P3   parameter:          3.00 
 P4   parameter:         -0.00 
 P5   parameter:          4.60 
 P6   parameter:          0.40 
 P10  parameter:          0.10 
----------------------------------------------------------------------
