PKNOTS: optimal minimum-energy RNA folding with pseudoknots and coaxial energies
        PKNOTS 1.06 (MAY 2008) using squid 1.5m (Sept 1997)
---------------------------------------------------
Folding sequences from:  /groups/eddy/home/rivase/src/src/pknots/versions/pknots-1.06/Demos/biotin.sqd 
---------------------------------------------------



	             SS  ...>>>>>.AAAAAAA<<<<<.............................
	         biotin  GGCACCGACCAUAGGCUCGGGUUGCCAGAGGUUCCACACUUUCAUCGAAA

	             SS  .aaaaaaa...
	         biotin  AGCCUAUGCUA

---------------------------------------------------
---------------------------------------------------
60 60 30 29  
tracing WX 13800 
 (W7) trace wx  48 48 11800
 (W7) trace wx  60 11 2000
---------------------------------------------------
60 11 5 5  
tracing WX 2000 
 (W2) SR SL, trace vx 59 9 1000
---------------------------------------------------
59 9 4 4  
tracing VX  1000   
 (v2) IS2 (1,1) 1700
 trace vx 58 7 -700
---------------------------------------------------
58 7 3 3  
tracing VX  -700   
 (v2) IS2 (1,1) 3400
 trace vx 57 5 -4100
---------------------------------------------------
57 5 2 2  
tracing VX  -4100   
 (v1) hairpin 5, -4100 
---------------------------------------------------
48 48 24 23  
tracing WX 11800 
 (W6) SR, trace wx 47 47 11800
---------------------------------------------------
47 47 23 23  
tracing WX 11800 
 (W6) SR, trace wx 46 46 11800
---------------------------------------------------
46 46 23 22  
tracing WX 11800 
 (W6) SR, trace wx 45 45 11800
---------------------------------------------------
45 45 22 22  
tracing WX 11800 
 (W6) SR, trace wx 44 44 11800
---------------------------------------------------
44 44 22 21  
tracing WX 11800 
 (W6) SR, trace wx 43 43 11800
---------------------------------------------------
43 43 21 21  
tracing WX 11800 
 (W6) SR, trace wx 42 42 11800
---------------------------------------------------
42 42 21 20  
tracing WX 11800 
 (W7) trace wx  26 26 9500
 (W7) trace wx  42 15 2300
---------------------------------------------------
42 15 7 7  
tracing WX 2300 
 (W4) SR, trace vx 41 14 1800
---------------------------------------------------
41 14 7 6  
tracing VX  1800   
 (v2) IS2 (1,1) 1100
 trace vx 40 12 700
---------------------------------------------------
40 12 6 5  
tracing VX  700   
 (v2) IS2 (1,1) 500
 trace vx 39 10 200
---------------------------------------------------
39 10 5 4  
tracing VX  200   
 (v2) IS2 (1,1) 1900
 trace vx 38 8 -1700
---------------------------------------------------
38 8 4 3  
tracing VX  -1700   
 (v2) IS2 (1,1) 2100
 trace vx 37 6 -3800
---------------------------------------------------
37 6 3 2  
tracing VX  -3800   
 (v1) hairpin 6, -3800 
---------------------------------------------------
26 26 13 12  
tracing WX 9500 
 (W4) SR, trace vx 25 25 7800
---------------------------------------------------
25 25 12 12  
tracing VX  7800   
 (v2) IS2 (1,1) 2900
 trace vx 24 23 4900
---------------------------------------------------
24 23 11 11  
tracing VX  4900   
 (v2) IS2 (1,1) 3400
 trace vx 23 21 1500
---------------------------------------------------
23 21 10 10  
tracing VX  1500   
 (v2) IS2 (1,1) 1800
 trace vx 22 19 -300
---------------------------------------------------
22 19 9 9  
tracing VX  -300   
 (v2) IS2 (1,3) -3100
 trace vx 19 15 2800
---------------------------------------------------
19 15 7 7  
tracing VX  2800   
 (v2) IS2 (1,1) 2900
 trace vx 18 13 -100
---------------------------------------------------
18 13 6 6  
tracing VX  -100   
 (v2) IS2 (1,1) 2000
 trace vx 17 11 -2100
---------------------------------------------------
17 11 5 5  
tracing VX  -2100   
 (v2) IS2 (1,1) 2300
 trace vx 16 9 -4400
---------------------------------------------------
16 9 4 4  
tracing VX  -4400   
 (v1) hairpin 9, -4400 
NAM  biotin
SRC  biotin - 0..60::61
SEQ  +SS
       1 G   G   C   A   C   C   G   A   C   C   A   U   A   G   G   C   U   C   G   G
         0   1   2   3   4   5   6   7   8   9   10  11  12  13  14  15  16  17  18  19  
         25  24  23  22  19  18  17  16  .   .   .   .   .   .   .   .   7   6   5   4   

      21 G   U   U   G   C   C   A   G   A   G   G   U   U   C   C   A   C   A   C   U
         20  21  22  23  24  25  26  27  28  29  30  31  32  33  34  35  36  37  38  39  
         .   .   3   2   1   0   .   41  40  39  38  37  .   .   .   .   .   31  30  29  

      41 U   U   C   A   U   C   G   A   A   A   A   G   C   C   U   A   U   G   C   U
         40  41  42  43  44  45  46  47  48  49  50  51  52  53  54  55  56  57  58  59  
         28  27  .   .   .   .   .   .   .   .   59  58  57  .   .   .   .   52  51  50  

      61 A
         60  
         .   

true pairs 12.0	 found pairs 16.0	 agree 4.0 (sen=33.33 spe=25.00 -- C_ap = 28.87)
----------------------------------------------------------------------
   Log odds score:       13800 
energy (kcal/mol):      -13.80 
number of pairs found:      16.00 
number of pairs annotated:  12.00 
----------------------------------------------------------------------
Allow pseudoknots? NO
----------------------------------------------------------------------
Parameters (energy  units, kcal/mol)
 P1   parameter:         -0.00 
 P2   parameter:         -0.00 
 P3   parameter:          3.00 
 P4   parameter:         -0.00 
 P5   parameter:          4.60 
 P6   parameter:          0.40 
 P10  parameter:          0.10 
----------------------------------------------------------------------
