PKNOTS: optimal minimum-energy RNA folding with pseudoknots and coaxial energies
        PKNOTS 1.06 (MAY 2008) using squid 1.5m (Sept 1997)
---------------------------------------------------
Folding sequences from:  /groups/eddy/home/rivase/src/src/pknots/versions/pknots-1.06/Demos/CCMV34.sqd 
---------------------------------------------------



	             SS  .>>>>>>>..>>>>>>..AAAAAA<<<<<<.......>>>>>>....<<<
	         CCMV34  AGCUGCCCUUGGGUUUUACUCCUUGAACCCUUCGGAAGAACUCUUUGGAG

	             SS  <<<..>>>>>>>>>>>>.....<<<<<<<......<<<<<<<<<<<<>>>
	         CCMV34  UUCGUACCAGUAUCUCACAUAGUGAGGUAAUAAGACUGGUGGGCAGCGCC

	             SS  >>>>>....<<<<<<<<......aaaaaaaa...
	         CCMV34  UAGUCGAAAGACUAGGUGAUCUCUAAGGAGACCA

---------------------------------------------------
---------------------------------------------------
133 133 66 66  
tracing WX 55800 
 (W6) SR, trace wx 132 132 55800
---------------------------------------------------
132 132 66 65  
tracing WX 55800 
 (W6) SR, trace wx 131 131 55800
---------------------------------------------------
131 131 65 65  
tracing WX 55800 
 (W7) trace wx  117 117 52200
 (W7) trace wx  131 13 3600
---------------------------------------------------
131 13 6 6  
tracing WX 3600 
 (W2) SR SL, trace vx 130 11 2800
---------------------------------------------------
130 11 5 5  
tracing VX  2800   
 (v2) IS2 (1,1) 2300
 trace vx 129 9 500
---------------------------------------------------
129 9 4 4  
tracing VX  500   
 (v2) IS2 (1,1) 1700
 trace vx 128 7 -1200
---------------------------------------------------
128 7 3 3  
tracing VX  -1200   
 (v2) IS2 (1,1) 2300
 trace vx 127 5 -3500
---------------------------------------------------
127 5 2 2  
tracing VX  -3500   
 (v1) hairpin 5, -3500 
---------------------------------------------------
117 117 58 58  
tracing WX 52200 
 (W8.4) dangle i, trace vx 96 95 35500
 (W8.4) dangle j, trace vx 116 19 14100
---------------------------------------------------
116 19 9 9  
tracing VX  14100   
 (v2) IS2 (1,1) 2100
 trace vx 115 17 12000
---------------------------------------------------
115 17 8 8  
tracing VX  12000   
 (v2) IS2 (1,1) 2900
 trace vx 114 15 9100
---------------------------------------------------
114 15 7 7  
tracing VX  9100   
 (v2) IS2 (1,1) 1700
 trace vx 113 13 7400
---------------------------------------------------
113 13 6 6  
tracing VX  7400   
 (v2) IS2 (1,1) 1100
 trace vx 112 11 6300
---------------------------------------------------
112 11 5 5  
tracing VX  6300   
 (v2) IS2 (1,1) 1700
 trace vx 111 9 4600
---------------------------------------------------
111 9 4 4  
tracing VX  4600   
 (v2) IS2 (1,1) 2100
 trace vx 110 7 2500
---------------------------------------------------
110 7 3 3  
tracing VX  2500   
 (v2) IS2 (1,1) 2300
 trace vx 109 5 200
---------------------------------------------------
109 5 2 2  
tracing VX  200   
 (v1) hairpin 5, 200 
---------------------------------------------------
96 95 47 47  
tracing VX  35500   
 (v2) IS2 (1,1) 3400
 trace vx 95 93 32100
---------------------------------------------------
95 93 46 46  
tracing VX  32100   
 (v2) IS2 (1,1) 1700
 trace vx 94 91 30400
---------------------------------------------------
94 91 45 45  
tracing VX  30400   
 (v2) IS2 (1,1) 1800
 trace vx 93 89 28600
---------------------------------------------------
93 89 44 44  
tracing VX  28600   
 (v2) IS2 (1,1) 3400
 trace vx 92 87 25200
---------------------------------------------------
92 87 43 43  
tracing VX  25200   
 (v2) IS2 (1,1) 2900
 trace vx 91 85 22300
---------------------------------------------------
91 85 42 42  
tracing VX  22300   
 (v2) IS2 (1,1) 2900
 trace vx 90 83 19400
---------------------------------------------------
90 83 41 41  
tracing VX  19400   
 (v5_4) multiloop wbx 53 44 11700
 (v5_4) multiloop vx  89 34 10100
---------------------------------------------------
89 34 17 16  
tracing VX  10100   
 (v2) IS2 (1,1) 2100
 trace vx 88 32 8000
---------------------------------------------------
88 32 16 15  
tracing VX  8000   
 (v2) IS2 (1,1) 2900
 trace vx 87 30 5100
---------------------------------------------------
87 30 15 14  
tracing VX  5100   
 (v2) IS2 (1,1) 1800
 trace vx 86 28 3300
---------------------------------------------------
86 28 14 13  
tracing VX  3300   
 (v2) IS2 (1,1) 1700
 trace vx 85 26 1600
---------------------------------------------------
85 26 13 12  
tracing VX  1600   
 (v2) IS2 (1,1) 2100
 trace vx 84 24 -500
---------------------------------------------------
84 24 12 11  
tracing VX  -500   
 (v2) IS2 (1,7) -5000
 trace vx 77 16 4500
---------------------------------------------------
77 16 8 7  
tracing VX  4500   
 (v2) IS2 (1,1) 1000
 trace vx 76 14 3500
---------------------------------------------------
76 14 7 6  
tracing VX  3500   
 (v2) IS2 (1,1) 1400
 trace vx 75 12 2100
---------------------------------------------------
75 12 6 5  
tracing VX  2100   
 (v2) IS2 (1,1) 1700
 trace vx 74 10 400
---------------------------------------------------
74 10 5 4  
tracing VX  400   
 (v2) IS2 (1,1) 2300
 trace vx 73 8 -1900
---------------------------------------------------
73 8 4 3  
tracing VX  -1900   
 (v2) IS2 (1,1) 1800
 trace vx 72 6 -3700
---------------------------------------------------
72 6 3 2  
tracing VX  -3700   
 (v1) hairpin 6, -3700 
---------------------------------------------------
53 44 22 21  
tracing WBX 11700 
 (WB5) SL, trace wbx  53 43 12100
---------------------------------------------------
53 43 21 21  
tracing WBX 12100 
 (WB5) SL, trace wbx  53 42 12500
---------------------------------------------------
53 42 21 20  
tracing WBX 12500 
 (WB7) trace wbx  35 24 5700
 (WB7) trace wbx  6800
---------------------------------------------------
53 17 8 8  
tracing WBX 6800 
 (WB2) SR SL, trace vx 52 15 5800
---------------------------------------------------
52 15 7 7  
tracing VX  5800   
 (v2) IS2 (1,1) 2300
 trace vx 51 13 3500
---------------------------------------------------
51 13 6 6  
tracing VX  3500   
 (v2) IS2 (1,1) 900
 trace vx 50 11 2600
---------------------------------------------------
50 11 5 5  
tracing VX  2600   
 (v2) IS2 (1,1) 2100
 trace vx 49 9 500
---------------------------------------------------
49 9 4 4  
tracing VX  500   
 (v2) IS2 (1,1) 1700
 trace vx 48 7 -1200
---------------------------------------------------
48 7 3 3  
tracing VX  -1200   
 (v2) IS2 (1,1) 2300
 trace vx 47 5 -3500
---------------------------------------------------
47 5 2 2  
tracing VX  -3500   
 (v1) hairpin 5, -3500 
---------------------------------------------------
35 24 12 11  
tracing WBX 5700 
 (WB8.3) trace vx 28 17 2800
 (WB8.3) dangle j, trace vx 34 5 -500
---------------------------------------------------
34 5 2 2  
tracing VX  -500   
 (v1) hairpin 5, -500 
---------------------------------------------------
28 17 8 8  
tracing VX  2800   
 (v2) IS2 (1,1) 2900
 trace vx 27 15 -100
---------------------------------------------------
27 15 7 7  
tracing VX  -100   
 (v2) IS2 (1,1) 2100
 trace vx 26 13 -2200
---------------------------------------------------
26 13 6 6  
tracing VX  -2200   
 (v2) IS2 (1,1) 900
 trace vx 25 11 -3100
---------------------------------------------------
25 11 5 5  
tracing VX  -3100   
 (v2) IS2 (1,1) 1100
 trace vx 24 9 -4200
---------------------------------------------------
24 9 4 4  
tracing VX  -4200   
 (v1) hairpin 9, -4200 
NAM  CCMV34
SRC  CCMV34 - 0..133::134
SEQ  +SS
       1 A   G   C   U   G   C   C   C   U   U   G   G   G   U   U   U   U   A   C   U
         0   1   2   3   4   5   6   7   8   9   10  11  12  13  14  15  16  17  18  19  
         .   96  95  94  93  92  91  90  .   .   .   28  27  26  25  24  .   .   .   .   

      21 C   C   U   U   G   A   A   C   C   C   U   U   C   G   G   A   A   G   A   A
         20  21  22  23  24  25  26  27  28  29  30  31  32  33  34  35  36  37  38  39  
         .   .   .   .   15  14  13  12  11  34  .   .   .   .   29  .   .   52  51  50  

      41 C   U   C   U   U   U   G   G   A   G   U   U   C   G   U   A   C   C   A   G
         40  41  42  43  44  45  46  47  48  49  50  51  52  53  54  55  56  57  58  59  
         49  48  47  .   .   .   .   42  41  40  39  38  37  .   .   89  88  87  86  85  

      61 U   A   U   C   U   C   A   C   A   U   A   G   U   G   A   G   G   U   A   A
         60  61  62  63  64  65  66  67  68  69  70  71  72  73  74  75  76  77  78  79  
         84  77  76  75  74  73  72  .   .   .   .   .   66  65  64  63  62  61  .   .   

      81 U   A   A   G   A   C   U   G   G   U   G   G   G   C   A   G   C   G   C   C
         80  81  82  83  84  85  86  87  88  89  90  91  92  93  94  95  96  97  98  99  
         .   .   .   .   60  59  58  57  56  55  7   6   5   4   3   2   1   116 115 114 

     101 U   A   G   U   C   G   A   A   A   G   A   C   U   A   G   G   U   G   A   U
         100 101 102 103 104 105 106 107 108 109 110 111 112 113 114 115 116 117 118 119 
         113 112 111 110 109 .   .   .   .   104 103 102 101 100 99  98  97  .   .   130 

     121 C   U   C   U   A   A   G   G   A   G   A   C   C   A
         120 121 122 123 124 125 126 127 128 129 130 131 132 133 
         129 128 127 .   .   .   .   122 121 120 119 .   .   .   

true pairs 45.0	 found pairs 43.0	 agree 37.0 (sen=82.22 spe=86.05 -- C_ap = 84.11)
----------------------------------------------------------------------
   Log odds score:       55800 
energy (kcal/mol):      -55.80 
number of pairs found:      43.00 
number of pairs annotated:  46.00 
----------------------------------------------------------------------
Allow pseudoknots? NO
----------------------------------------------------------------------
Parameters (energy  units, kcal/mol)
 P1   parameter:         -0.00 
 P2   parameter:         -0.00 
 P3   parameter:          3.00 
 P4   parameter:         -0.00 
 P5   parameter:          4.60 
 P6   parameter:          0.40 
 P10  parameter:          0.10 
----------------------------------------------------------------------
