PKNOTS: optimal minimum-energy RNA folding with pseudoknots and coaxial energies
        PKNOTS 1.06 (MAY 2008) using squid 1.5m (Sept 1997)
---------------------------------------------------
Folding sequences from:  /groups/eddy/home/rivase/src/src/pknots/versions/pknots-1.06/Demos/CcTMV.sqd 
---------------------------------------------------



	             SS  ....>>>>>....<<<<<>>>>>>>.......<<<<<<<...>>>>....
	          CcTMV  AUAACCGCGAAGUCGCGGCGCCGUCAAGACACGACGGUGAGUGGGGAGCA

	             SS  ...<<<<AAA....>>>>>aaa...<<<<<....
	          CcTMV  UUACCCCCCCAAAACCCUGGGGAUACAGGGCCCA

---------------------------------------------------
---------------------------------------------------
83 83 41 41  
tracing WX 36600 
 (W5) SL, trace wx  83 82 36600
---------------------------------------------------
83 82 41 40  
tracing WX 36600 
 (W5) SL, trace wx  83 81 36600
---------------------------------------------------
83 81 40 40  
tracing WX 36600 
 (W5) SL, trace wx  83 80 36600
---------------------------------------------------
83 80 40 39  
tracing WX 36600 
 (W6) SR, trace wx 82 79 36600
---------------------------------------------------
82 79 39 39  
tracing WX 36600 
 (W6) SR, trace wx 81 78 36600
---------------------------------------------------
81 78 39 38  
tracing WX 36600 
 (W6) SR, trace wx 80 77 36600
---------------------------------------------------
80 77 38 38  
tracing WX 36600 
 (W7) trace wx  62 59 28800
 (W7) trace wx  80 17 7800
---------------------------------------------------
80 17 8 8  
tracing WX 7800 
 (W2) SR SL, trace vx 79 15 6900
---------------------------------------------------
79 15 7 7  
tracing VX  6900   
 (v2) IS2 (1,1) 2900
 trace vx 78 13 4000
---------------------------------------------------
78 13 6 6  
tracing VX  4000   
 (v2) IS2 (1,1) 2900
 trace vx 77 11 1100
---------------------------------------------------
77 11 5 5  
tracing VX  1100   
 (v2) IS2 (1,1) 1700
 trace vx 76 9 -600
---------------------------------------------------
76 9 4 4  
tracing VX  -600   
 (v2) IS2 (1,1) 1800
 trace vx 75 7 -2400
---------------------------------------------------
75 7 3 3  
tracing VX  -2400   
 (v1) hairpin 7, -2400 
---------------------------------------------------
62 59 29 29  
tracing WX 28800 
 (W6) SR, trace wx 61 58 28800
---------------------------------------------------
61 58 29 28  
tracing WX 28800 
 (W7) trace wx  39 36 21300
 (W7) trace wx  61 21 7500
---------------------------------------------------
61 21 10 10  
tracing WX 7500 
 (W2) SR SL, trace vx 60 19 6500
---------------------------------------------------
60 19 9 9  
tracing VX  6500   
 (v2) IS2 (1,1) 1800
 trace vx 59 17 4700
---------------------------------------------------
59 17 8 8  
tracing VX  4700   
 (v2) IS2 (1,1) 2900
 trace vx 58 15 1800
---------------------------------------------------
58 15 7 7  
tracing VX  1800   
 (v2) IS2 (1,1) 2900
 trace vx 57 13 -1100
---------------------------------------------------
57 13 6 6  
tracing VX  -1100   
 (v2) IS2 (1,1) 2900
 trace vx 56 11 -4000
---------------------------------------------------
56 11 5 5  
tracing VX  -4000   
 (v1) hairpin 11, -4000 
---------------------------------------------------
39 36 18 17  
tracing WX 21300 
 (W8.4) dangle i, trace vx 17 13 6700
 (W8.4) dangle j, trace vx 38 20 9600
---------------------------------------------------
38 20 10 9  
tracing VX  9600   
 (v2) IS2 (1,1) 1200
 trace vx 37 18 8400
---------------------------------------------------
37 18 9 8  
tracing VX  8400   
 (v2) IS2 (1,1) 2100
 trace vx 36 16 6300
---------------------------------------------------
36 16 8 7  
tracing VX  6300   
 (v2) IS2 (1,1) 2900
 trace vx 35 14 3400
---------------------------------------------------
35 14 7 6  
tracing VX  3400   
 (v2) IS2 (1,1) 2000
 trace vx 34 12 1400
---------------------------------------------------
34 12 6 5  
tracing VX  1400   
 (v2) IS2 (1,1) 2100
 trace vx 33 10 -700
---------------------------------------------------
33 10 5 4  
tracing VX  -700   
 (v2) IS2 (1,1) 2300
 trace vx 32 8 -3000
---------------------------------------------------
32 8 4 3  
tracing VX  -3000   
 (v1) hairpin 8, -3000 
---------------------------------------------------
17 13 6 6  
tracing VX  6700   
 (v2) IS2 (1,1) 2900
 trace vx 16 11 3800
---------------------------------------------------
16 11 5 5  
tracing VX  3800   
 (v2) IS2 (1,1) 2000
 trace vx 15 9 1800
---------------------------------------------------
15 9 4 4  
tracing VX  1800   
 (v2) IS2 (1,1) 3400
 trace vx 14 7 -1600
---------------------------------------------------
14 7 3 3  
tracing VX  -1600   
 (v2) IS2 (1,1) 2000
 trace vx 13 5 -3600
---------------------------------------------------
13 5 2 2  
tracing VX  -3600   
 (v1) hairpin 5, -3600 
NAM  CcTMV
SRC  CcTMV - 0..83::84
SEQ  +SS
       1 A   U   A   A   C   C   G   C   G   A   A   G   U   C   G   C   G   G   C   G
         0   1   2   3   4   5   6   7   8   9   10  11  12  13  14  15  16  17  18  19  
         .   .   .   .   17  16  15  14  13  .   .   .   .   8   7   6   5   4   38  37  

      21 C   C   G   U   C   A   A   G   A   C   A   C   G   A   C   G   G   U   G   A
         20  21  22  23  24  25  26  27  28  29  30  31  32  33  34  35  36  37  38  39  
         36  35  34  33  32  .   .   .   .   .   .   .   24  23  22  21  20  19  18  .   

      41 G   U   G   G   G   G   A   G   C   A   U   U   A   C   C   C   C   C   C   C
         40  41  42  43  44  45  46  47  48  49  50  51  52  53  54  55  56  57  58  59  
         .   60  59  58  57  56  .   .   .   .   .   .   .   .   .   .   45  44  43  42  

      61 A   A   A   A   C   C   C   U   G   G   G   G   A   U   A   C   A   G   G   G
         60  61  62  63  64  65  66  67  68  69  70  71  72  73  74  75  76  77  78  79  
         41  .   .   .   79  78  77  76  75  .   .   .   .   .   .   68  67  66  65  64  

      81 C   C   C   A
         80  81  82  83  
         .   .   .   .   

true pairs 24.0	 found pairs 22.0	 agree 17.0 (sen=70.83 spe=77.27 -- C_ap = 73.98)
----------------------------------------------------------------------
   Log odds score:       36600 
energy (kcal/mol):      -36.60 
number of pairs found:      22.00 
number of pairs annotated:  24.00 
----------------------------------------------------------------------
Allow pseudoknots? NO
----------------------------------------------------------------------
Parameters (energy  units, kcal/mol)
 P1   parameter:         -0.00 
 P2   parameter:         -0.00 
 P3   parameter:          3.00 
 P4   parameter:         -0.00 
 P5   parameter:          4.60 
 P6   parameter:          0.40 
 P10  parameter:          0.10 
----------------------------------------------------------------------
