PKNOTS: optimal minimum-energy RNA folding with pseudoknots and coaxial energies
        PKNOTS 1.06 (MAY 2008) using squid 1.5m (Sept 1997)
---------------------------------------------------
Folding sequences from:  /groups/eddy/home/rivase/src/src/pknots/versions/pknots-1.06/Demos/CcTMV.sqd 
---------------------------------------------------



	             SS  ....>>>>>....<<<<<>>>>>>>.......<<<<<<<...>>>>....
	          CcTMV  AUAACCGCGAAGUCGCGGCGCCGUCAAGACACGACGGUGAGUGGGGAGCA

	             SS  ...<<<<AAA....>>>>>aaa...<<<<<....
	          CcTMV  UUACCCCCCCAAAACCCUGGGGAUACAGGGCCCA

---------------------------------------------------
83 83 41 41  
tracing WX 37918 
 (W5) SL, trace wx  83 82 37918
---------------------------------------------------
83 82 41 40  
tracing WX 37918 
 (W5) SL, trace wx  83 81 37918
---------------------------------------------------
83 81 40 40  
tracing WX 37918 
 (W5) SL, trace wx  83 80 37918
---------------------------------------------------
83 80 40 39  
tracing WX 37918 
 (W6) SR, trace wx 82 79 37918
---------------------------------------------------
82 79 39 39  
tracing WX 37918 
 (W6) SR, trace wx 81 78 37918
---------------------------------------------------
81 78 39 38  
tracing WX 37918 
 (W6) SR, trace wx 80 77 37918
---------------------------------------------------
80 77 38 38  
tracing WX 37918 
 (W7) trace wx  41 38 21300
 (W7) trace wx  80 38 16618
---------------------------------------------------
80 38 19 18  
tracing WX 16618 
 (W10.1) trace yhx 72 30 17 3 12568
 (W10.1) trace yhx 80 19 7 5 7583
---------------------------------------------------
80 19 7 5  
tracing YHX 7583 
 (YH5) SLE, trace yhx 80 18 6 5 7783 
---------------------------------------------------
80 18 6 5  
tracing YHX 7783 
 (YH5) SLE, trace yhx 80 17 5 5 7983 
---------------------------------------------------
80 17 5 5  
tracing YHX 7983 
 (YH2) SLE, SRE, trace vhx 79 15 4 4 7719 
---------------------------------------------------
79 15 4 4  
tracing VHX  7719 
 (vh2) trace vhx 79 15 1 1 2407 
 (vh2) trace vhx 78 13 3 3 5312 
---------------------------------------------------
78 13 3 3  
tracing VHX  5312 
 (vh2) trace vhx 78 13 1 1 2407 
 (vh2) trace vhx 77 11 2 2 2905 
---------------------------------------------------
77 11 2 2  
tracing VHX  2905 
 (vh2) trace vhx 77 11 1 1 1411 
 (vh2) trace vhx 76 9 1 1 1494 
---------------------------------------------------
76 9 1 1  
tracing VHX  1494 
 (vh1) IS2 (1,1) 76 9 1494 
---------------------------------------------------
77 11 1 1  
tracing VHX  1411 
 (vh1) IS2 (1,1) 77 11 1411 
---------------------------------------------------
78 13 1 1  
tracing VHX  2407 
 (vh1) IS2 (1,1) 78 13 2407 
---------------------------------------------------
79 15 1 1  
tracing VHX  2407 
 (vh1) IS2 (1,1) 79 15 2407 
---------------------------------------------------
72 30 17 3  
tracing YHX 12568 
 (YH8.3) EL, trace vx  56 14 4800 
 (YH8.3) EL, dangle j, trace vhx 71 14 2 2 4814 
---------------------------------------------------
56 14 7 6  
tracing VX  4800   
 (v2) IS2 (1,1) 2900
 trace vx 55 12 1900
---------------------------------------------------
55 12 6 5  
tracing VX  1900   
 (v2) IS2 (1,1) 2900
 trace vx 54 10 -1000
---------------------------------------------------
54 10 5 4  
tracing VX  -1000   
 (v2) IS2 (1,1) 2900
 trace vx 53 8 -3900
---------------------------------------------------
53 8 4 3  
tracing VX  -3900   
 (v1) hairpin 8, -3900 
---------------------------------------------------
71 14 2 2  
tracing VHX  4814 
 (vh2) trace vhx 71 14 1 1 2407 
 (vh2) trace vhx 70 12 1 1 2407 
---------------------------------------------------
70 12 1 1  
tracing VHX  2407 
 (vh1) IS2 (1,1) 70 12 2407 
---------------------------------------------------
71 14 1 1  
tracing VHX  2407 
 (vh1) IS2 (1,1) 71 14 2407 
---------------------------------------------------
41 38 19 18  
tracing WX 21300 
 (W6) SR, trace wx 40 37 21300
---------------------------------------------------
40 37 18 18  
tracing WX 21300 
 (W6) SR, trace wx 39 36 21300
---------------------------------------------------
39 36 18 17  
tracing WX 21300 
 (W8.4) dangle i, trace vx 17 13 6700
 (W8.4) dangle j, trace vx 38 20 9600
---------------------------------------------------
38 20 10 9  
tracing VX  9600   
 (v2) IS2 (1,1) 1200
 trace vx 37 18 8400
---------------------------------------------------
37 18 9 8  
tracing VX  8400   
 (v2) IS2 (1,1) 2100
 trace vx 36 16 6300
---------------------------------------------------
36 16 8 7  
tracing VX  6300   
 (v2) IS2 (1,1) 2900
 trace vx 35 14 3400
---------------------------------------------------
35 14 7 6  
tracing VX  3400   
 (v2) IS2 (1,1) 2000
 trace vx 34 12 1400
---------------------------------------------------
34 12 6 5  
tracing VX  1400   
 (v2) IS2 (1,1) 2100
 trace vx 33 10 -700
---------------------------------------------------
33 10 5 4  
tracing VX  -700   
 (v2) IS2 (1,1) 2300
 trace vx 32 8 -3000
---------------------------------------------------
32 8 4 3  
tracing VX  -3000   
 (v1) hairpin 8, -3000 
---------------------------------------------------
17 13 6 6  
tracing VX  6700   
 (v2) IS2 (1,1) 2900
 trace vx 16 11 3800
---------------------------------------------------
16 11 5 5  
tracing VX  3800   
 (v2) IS2 (1,1) 2000
 trace vx 15 9 1800
---------------------------------------------------
15 9 4 4  
tracing VX  1800   
 (v2) IS2 (1,1) 3400
 trace vx 14 7 -1600
---------------------------------------------------
14 7 3 3  
tracing VX  -1600   
 (v2) IS2 (1,1) 2000
 trace vx 13 5 -3600
---------------------------------------------------
13 5 2 2  
tracing VX  -3600   
 (v1) hairpin 5, -3600 
NAM  CcTMV
SRC  CcTMV - 0..83::84
SEQ  +SS
       1 A   U   A   A   C   C   G   C   G   A   A   G   U   C   G   C   G   G   C   G
         0   1   2   3   4   5   6   7   8   9   10  11  12  13  14  15  16  17  18  19  
         .   .   .   .   17  16  15  14  13  .   .   .   .   8   7   6   5   4   38  37  

      21 C   C   G   U   C   A   A   G   A   C   A   C   G   A   C   G   G   U   G   A
         20  21  22  23  24  25  26  27  28  29  30  31  32  33  34  35  36  37  38  39  
         36  35  34  33  32  .   .   .   .   .   .   .   24  23  22  21  20  19  18  .   

      41 G   U   G   G   G   G   A   G   C   A   U   U   A   C   C   C   C   C   C   C
         40  41  42  43  44  45  46  47  48  49  50  51  52  53  54  55  56  57  58  59  
         .   .   56  55  54  53  .   .   .   .   .   .   .   45  44  43  42  71  70  69  

      61 A   A   A   A   C   C   C   U   G   G   G   G   A   U   A   C   A   G   G   G
         60  61  62  63  64  65  66  67  68  69  70  71  72  73  74  75  76  77  78  79  
         .   .   .   .   79  78  77  76  75  59  58  57  .   .   .   68  67  66  65  64  

      81 C   C   C   A
         80  81  82  83  
         .   .   .   .   

true pairs 24.0	 found pairs 24.0	 agree 24.0 (sen=100.00 spe=100.00 -- C_ap = 100.00)
----------------------------------------------------------------------
   Log odds score:       37918 
energy (kcal/mol):      -37.92 
number of pairs found:      24.00 
number of pairs annotated:  24.00 
----------------------------------------------------------------------
Allow pseudoknots? YES
----------------------------------------------------------------------
Parameters (energy units, kcal/mol)
 wkn  parameter:          0.83 (pseudoknots weight)
 P1   parameter:         -0.00 
 P2   parameter:         -0.00 
 P3   parameter:          3.00 
 P4   parameter:         -0.00 
 P5   parameter:          4.60 
 P5P  parameter:          8.43 
 P6   parameter:          0.40 
 P6P  parameter:          0.24 
 P10  parameter:          0.10 
 P10P parameter:          0.10 
 P11  parameter:          7.00 
 P12  parameter:          6.00 
 P13  parameter:         16.00 
 full pseudoknot model.
----------------------------------------------------------------------
