PKNOTS: optimal minimum-energy RNA folding with pseudoknots and coaxial energies
        PKNOTS 1.06 (MAY 2008) using squid 1.5m (Sept 1997)
---------------------------------------------------
Folding sequences from:  /groups/eddy/home/rivase/src/src/pknots/versions/pknots-1.06/Demos/CMV1.sqd 
---------------------------------------------------



	             SS  .>.>>>>>..>>>>>>..AAAAA.<<<<<<.......>>>>>>>....<<
	           CMV1  AGCUACCCUUGAAAUCAUCUCCUAGAUUUCUUCGGAAGGGCUUCGUGAGA

	             SS  <<<<<..>>>>>>>>>>>......<<<<<<<....<<<<<<<<<.<>>>>
	           CMV1  AGCUCGUGCACGGUAAUACACUGAUAUUACCAAGAGUGCGGGUAUCGCCU

	             SS  >>>>....<<<<<<<.........aaaaa....
	           CMV1  GUGGUUUUCCACAGGUUCUCCAUAAGGAGCCCA

---------------------------------------------------
132 132 66 65  
tracing WX 49000 
 (W5) SL, trace wx  132 131 49000
---------------------------------------------------
132 131 65 65  
tracing WX 49000 
 (W5) SL, trace wx  132 130 49000
---------------------------------------------------
132 130 65 64  
tracing WX 49000 
 (W5) SL, trace wx  132 129 49000
---------------------------------------------------
132 129 64 64  
tracing WX 49000 
 (W5) SL, trace wx  132 128 49000
---------------------------------------------------
132 128 64 63  
tracing WX 49000 
 (W5) SL, trace wx  132 127 49000
---------------------------------------------------
132 127 63 63  
tracing WX 49000 
 (W5) SL, trace wx  132 126 49000
---------------------------------------------------
132 126 63 62  
tracing WX 49000 
 (W5) SL, trace wx  132 125 49000
---------------------------------------------------
132 125 62 62  
tracing WX 49000 
 (W5) SL, trace wx  132 124 49000
---------------------------------------------------
132 124 62 61  
tracing WX 49000 
 (W5) SL, trace wx  132 123 49000
---------------------------------------------------
132 123 61 61  
tracing WX 49000 
 (W5) SL, trace wx  132 122 49000
---------------------------------------------------
132 122 61 60  
tracing WX 49000 
 (W7) trace wx  56 46 18500
 (W7) trace wx  132 75 30500
---------------------------------------------------
132 75 37 37  
tracing WX 30500 
 (W8.3) trace vx 88 31 8100
 (W8.3) dangle j, trace vx 131 42 18700
---------------------------------------------------
131 42 21 20  
tracing VX  18700   
 (v2) IS2 (1,1) 2900
 trace vx 130 40 15800
---------------------------------------------------
130 40 20 19  
tracing VX  15800   
 (v2) IS2 (1,1) 2900
 trace vx 129 38 12900
---------------------------------------------------
129 38 19 18  
tracing VX  12900   
 (v5_1) multiloop wbx 116 24 9900
 (v5_1) multiloop vx  128 11 3400
---------------------------------------------------
128 11 5 5  
tracing VX  3400   
 (v2) IS2 (1,1) 1700
 trace vx 127 9 1700
---------------------------------------------------
127 9 4 4  
tracing VX  1700   
 (v2) IS2 (1,1) 2300
 trace vx 126 7 -600
---------------------------------------------------
126 7 3 3  
tracing VX  -600   
 (v2) IS2 (1,1) 2900
 trace vx 125 5 -3500
---------------------------------------------------
125 5 2 2  
tracing VX  -3500   
 (v1) hairpin 5, -3500 
---------------------------------------------------
116 24 12 11  
tracing WBX 9900 
 (WB5) SL, trace wbx  116 23 10300
---------------------------------------------------
116 23 11 11  
tracing WBX 10300 
 (WB5) SL, trace wbx  116 22 10700
---------------------------------------------------
116 22 11 10  
tracing WBX 10700 
 (WB5) SL, trace wbx  116 21 11100
---------------------------------------------------
116 21 10 10  
tracing WBX 11100 
 (WB2) SR SL, trace vx 115 19 11100
---------------------------------------------------
115 19 9 9  
tracing VX  11100   
 (v2) IS2 (1,1) 2100
 trace vx 114 17 9000
---------------------------------------------------
114 17 8 8  
tracing VX  9000   
 (v2) IS2 (1,1) 2900
 trace vx 113 15 6100
---------------------------------------------------
113 15 7 7  
tracing VX  6100   
 (v2) IS2 (1,1) 1700
 trace vx 112 13 4400
---------------------------------------------------
112 13 6 6  
tracing VX  4400   
 (v2) IS2 (1,1) 1800
 trace vx 111 11 2600
---------------------------------------------------
111 11 5 5  
tracing VX  2600   
 (v2) IS2 (1,1) 2100
 trace vx 110 9 500
---------------------------------------------------
110 9 4 4  
tracing VX  500   
 (v2) IS2 (1,1) 1800
 trace vx 109 7 -1300
---------------------------------------------------
109 7 3 3  
tracing VX  -1300   
 (v2) IS2 (1,1) 2900
 trace vx 108 5 -4200
---------------------------------------------------
108 5 2 2  
tracing VX  -4200   
 (v1) hairpin 5, -4200 
---------------------------------------------------
88 31 15 15  
tracing VX  8100   
 (v2) IS2 (1,1) 3400
 trace vx 87 29 4700
---------------------------------------------------
87 29 14 14  
tracing VX  4700   
 (v2) IS2 (1,1) 1800
 trace vx 86 27 2900
---------------------------------------------------
86 27 13 13  
tracing VX  2900   
 (v2) IS2 (1,1) 2100
 trace vx 85 25 800
---------------------------------------------------
85 25 12 12  
tracing VX  800   
 (v2) IS2 (1,5) -4200
 trace vx 80 19 5000
---------------------------------------------------
80 19 9 9  
tracing VX  5000   
 (v2) IS2 (1,1) 2900
 trace vx 79 17 2100
---------------------------------------------------
79 17 8 8  
tracing VX  2100   
 (v2) IS2 (1,1) 2100
 trace vx 78 15 0
---------------------------------------------------
78 15 7 7  
tracing VX  0   
 (v2) IS2 (1,1) 1100
 trace vx 77 13 -1100
---------------------------------------------------
77 13 6 6  
tracing VX  -1100   
 (v2) IS2 (1,1) 900
 trace vx 76 11 -2000
---------------------------------------------------
76 11 5 5  
tracing VX  -2000   
 (v2) IS2 (1,1) 900
 trace vx 75 9 -2900
---------------------------------------------------
75 9 4 4  
tracing VX  -2900   
 (v2) IS2 (1,1) 1100
 trace vx 74 7 -4000
---------------------------------------------------
74 7 3 3  
tracing VX  -4000   
 (v1) hairpin 7, -4000 
---------------------------------------------------
56 46 23 22  
tracing WX 18500 
 (W6) SR, trace wx 55 45 18500
---------------------------------------------------
55 45 22 22  
tracing WX 18500 
 (W7) trace wx  35 25 4800
 (W7) trace wx  55 19 13700
---------------------------------------------------
55 19 9 9  
tracing WX 13700 
 (W2) SR SL, trace vx 54 17 11800
---------------------------------------------------
54 17 8 8  
tracing VX  11800   
 (v2) IS2 (1,1) 1400
 trace vx 53 15 10400
---------------------------------------------------
53 15 7 7  
tracing VX  10400   
 (v2) IS2 (1,1) 1900
 trace vx 52 13 8500
---------------------------------------------------
52 13 6 6  
tracing VX  8500   
 (v2) IS2 (1,1) 3400
 trace vx 51 11 5100
---------------------------------------------------
51 11 5 5  
tracing VX  5100   
 (v2) IS2 (1,1) 1700
 trace vx 50 9 3400
---------------------------------------------------
50 9 4 4  
tracing VX  3400   
 (v2) IS2 (1,1) 900
 trace vx 49 7 2500
---------------------------------------------------
49 7 3 3  
tracing VX  2500   
 (v2) IS2 (1,1) 2300
 trace vx 48 5 200
---------------------------------------------------
48 5 2 2  
tracing VX  200   
 (v1) hairpin 5, 200 
---------------------------------------------------
35 25 12 12  
tracing WX 4800 
 (W6) SR, trace wx 34 24 4800
---------------------------------------------------
34 24 12 11  
tracing WX 4800 
 (W6) SR, trace wx 33 23 4800
---------------------------------------------------
33 23 11 11  
tracing WX 4800 
 (W6) SR, trace wx 32 22 4800
---------------------------------------------------
32 22 11 10  
tracing WX 4800 
 (W6) SR, trace wx 31 21 4800
---------------------------------------------------
31 21 10 10  
tracing WX 4800 
 (W6) SR, trace wx 30 20 4800
---------------------------------------------------
30 20 10 9  
tracing WX 4800 
 (W4) SR, trace vx 29 19 3600
---------------------------------------------------
29 19 9 9  
tracing VX  3600   
 (v2) IS2 (1,1) 2300
 trace vx 28 17 1300
---------------------------------------------------
28 17 8 8  
tracing VX  1300   
 (v2) IS2 (1,1) 900
 trace vx 27 15 400
---------------------------------------------------
27 15 7 7  
tracing VX  400   
 (v2) IS2 (1,1) 900
 trace vx 26 13 -500
---------------------------------------------------
26 13 6 6  
tracing VX  -500   
 (v2) IS2 (1,1) 900
 trace vx 25 11 -1400
---------------------------------------------------
25 11 5 5  
tracing VX  -1400   
 (v2) IS2 (1,1) 2300
 trace vx 24 9 -3700
---------------------------------------------------
24 9 4 4  
tracing VX  -3700   
 (v1) hairpin 9, -3700 
NAM  CMV1
SRC  CMV1 - 0..132::133
SEQ  +SS
       1 A   G   C   U   A   C   C   C   U   U   G   A   A   A   U   C   A   U   C   U
         0   1   2   3   4   5   6   7   8   9   10  11  12  13  14  15  16  17  18  19  
         .   .   .   .   .   .   .   .   .   .   29  28  27  26  25  24  .   .   .   .   

      21 C   C   U   A   G   A   U   U   U   C   U   U   C   G   G   A   A   G   G   G
         20  21  22  23  24  25  26  27  28  29  30  31  32  33  34  35  36  37  38  39  
         .   .   .   .   15  14  13  12  11  10  .   .   .   .   .   .   .   54  53  52  

      41 C   U   U   C   G   U   G   A   G   A   A   G   C   U   C   G   U   G   C   A
         40  41  42  43  44  45  46  47  48  49  50  51  52  53  54  55  56  57  58  59  
         51  50  49  48  .   .   .   .   43  42  41  40  39  38  37  .   .   88  87  86  

      61 C   G   G   U   A   A   U   A   C   A   C   U   G   A   U   A   U   U   A   C
         60  61  62  63  64  65  66  67  68  69  70  71  72  73  74  75  76  77  78  79  
         85  80  79  78  77  76  75  74  .   .   .   .   .   .   67  66  65  64  63  62  

      81 C   A   A   G   A   G   U   G   C   G   G   G   U   A   U   C   G   C   C   U
         80  81  82  83  84  85  86  87  88  89  90  91  92  93  94  95  96  97  98  99  
         61  .   .   .   .   60  59  58  57  131 130 129 .   .   .   .   115 114 113 112 

     101 G   U   G   G   U   U   U   U   C   C   A   C   A   G   G   U   U   C   U   C
         100 101 102 103 104 105 106 107 108 109 110 111 112 113 114 115 116 117 118 119 
         111 110 109 108 .   .   .   .   103 102 101 100 99  98  97  96  .   128 127 126 

     121 C   A   U   A   A   G   G   A   G   C   C   C   A
         120 121 122 123 124 125 126 127 128 129 130 131 132 
         125 .   .   .   .   120 119 118 117 91  90  89  .   

true pairs 42.0	 found pairs 39.0	 agree 31.0 (sen=73.81 spe=79.49 -- C_ap = 76.60)
----------------------------------------------------------------------
   Log odds score:       49000 
energy (kcal/mol):      -49.00 
number of pairs found:      39.00 
number of pairs annotated:  42.00 
----------------------------------------------------------------------
Allow pseudoknots? YES
----------------------------------------------------------------------
Parameters (energy units, kcal/mol)
 wkn  parameter:          0.83 (pseudoknots weight)
 P1   parameter:         -0.00 
 P2   parameter:         -0.00 
 P3   parameter:          3.00 
 P4   parameter:         -0.00 
 P5   parameter:          4.60 
 P5P  parameter:          8.43 
 P6   parameter:          0.40 
 P6P  parameter:          0.24 
 P10  parameter:          0.10 
 P10P parameter:          0.10 
 P11  parameter:          7.00 
 P12  parameter:          6.00 
 P13  parameter:         16.00 
 full pseudoknot model.
----------------------------------------------------------------------
