PKNOTS: optimal minimum-energy RNA folding with pseudoknots and coaxial energies
        PKNOTS 1.06 (MAY 2008) using squid 1.5m (Sept 1997)
---------------------------------------------------
Folding sequences from:  /groups/eddy/home/rivase/src/src/pknots/versions/pknots-1.06/Demos/CYVV.sqd 
---------------------------------------------------



	             SS  ....>>>>>>....<<<<<<>>>>>>.......<<<<<<....>>>....
	           CYVV  UUUCUCUCGCCAGUGCGAGGCCCAUUCACACACAAUGGGUAUUGGGUGCA

	             SS  ...<<<AAAA....>>>>>aaaa...<<<<<....
	           CYVV  ACCCCCCCGUCCAUCUCGAACGGUCAUCGAGACCA

---------------------------------------------------
---------------------------------------------------
84 84 42 41  
tracing WX 25700 
 (W5) SL, trace wx  84 83 25700
---------------------------------------------------
84 83 41 41  
tracing WX 25700 
 (W5) SL, trace wx  84 82 25700
---------------------------------------------------
84 82 41 40  
tracing WX 25700 
 (W5) SL, trace wx  84 81 25700
---------------------------------------------------
84 81 40 40  
tracing WX 25700 
 (W5) SL, trace wx  84 80 25700
---------------------------------------------------
84 80 40 39  
tracing WX 25700 
 (W6) SR, trace wx 83 79 25700
---------------------------------------------------
83 79 39 39  
tracing WX 25700 
 (W6) SR, trace wx 82 78 25700
---------------------------------------------------
82 78 39 38  
tracing WX 25700 
 (W7) trace wx  61 57 18500
 (W7) trace wx  82 20 7200
---------------------------------------------------
82 20 10 9  
tracing WX 7200 
 (W2) SR SL, trace vx 81 18 6400
---------------------------------------------------
81 18 9 8  
tracing VX  6400   
 (v2) IS2 (1,1) 2300
 trace vx 80 16 4100
---------------------------------------------------
80 16 8 7  
tracing VX  4100   
 (v2) IS2 (1,1) 1700
 trace vx 79 14 2400
---------------------------------------------------
79 14 7 6  
tracing VX  2400   
 (v2) IS2 (1,1) 2300
 trace vx 78 12 100
---------------------------------------------------
78 12 6 5  
tracing VX  100   
 (v2) IS2 (1,1) 2000
 trace vx 77 10 -1900
---------------------------------------------------
77 10 5 4  
tracing VX  -1900   
 (v2) IS2 (1,1) 2300
 trace vx 76 8 -4200
---------------------------------------------------
76 8 4 3  
tracing VX  -4200   
 (v1) hairpin 8, -4200 
---------------------------------------------------
61 57 28 28  
tracing WX 18500 
 (W6) SR, trace wx 60 56 18500
---------------------------------------------------
60 56 28 27  
tracing WX 18500 
 (W6) SR, trace wx 59 55 18500
---------------------------------------------------
59 55 27 27  
tracing WX 18500 
 (W7) trace wx  40 36 15100
 (W7) trace wx  59 18 3400
---------------------------------------------------
59 18 9 8  
tracing WX 3400 
 (W2) SR SL, trace vx 58 16 2600
---------------------------------------------------
58 16 8 7  
tracing VX  2600   
 (v2) IS2 (1,1) 1200
 trace vx 57 14 1400
---------------------------------------------------
57 14 7 6  
tracing VX  1400   
 (v2) IS2 (1,1) 2900
 trace vx 56 12 -1500
---------------------------------------------------
56 12 6 5  
tracing VX  -1500   
 (v2) IS2 (1,1) 2900
 trace vx 55 10 -4400
---------------------------------------------------
55 10 5 4  
tracing VX  -4400   
 (v1) hairpin 10, -4400 
---------------------------------------------------
40 36 18 17  
tracing WX 15100 
 (W8.4) dangle i, trace vx 18 13 5300
 (W8.4) dangle j, trace vx 39 20 7100
---------------------------------------------------
39 20 10 9  
tracing VX  7100   
 (v2) IS2 (1,1) 2100
 trace vx 38 18 5000
---------------------------------------------------
38 18 9 8  
tracing VX  5000   
 (v2) IS2 (1,1) 2900
 trace vx 37 16 2100
---------------------------------------------------
37 16 8 7  
tracing VX  2100   
 (v2) IS2 (1,1) 2900
 trace vx 36 14 -800
---------------------------------------------------
36 14 7 6  
tracing VX  -800   
 (v2) IS2 (1,1) 1800
 trace vx 35 12 -2600
---------------------------------------------------
35 12 6 5  
tracing VX  -2600   
 (v2) IS2 (1,1) 900
 trace vx 34 10 -3500
---------------------------------------------------
34 10 5 4  
tracing VX  -3500   
 (v2) IS2 (1,1) 900
 trace vx 33 8 -4400
---------------------------------------------------
33 8 4 3  
tracing VX  -4400   
 (v1) hairpin 8, -4400 
---------------------------------------------------
18 13 6 6  
tracing VX  5300   
 (v2) IS2 (1,1) 1700
 trace vx 17 11 3600
---------------------------------------------------
17 11 5 5  
tracing VX  3600   
 (v2) IS2 (1,1) 2300
 trace vx 16 9 1300
---------------------------------------------------
16 9 4 4  
tracing VX  1300   
 (v2) IS2 (1,1) 2000
 trace vx 15 7 -700
---------------------------------------------------
15 7 3 3  
tracing VX  -700   
 (v2) IS2 (1,1) 3400
 trace vx 14 5 -4100
---------------------------------------------------
14 5 2 2  
tracing VX  -4100   
 (v1) hairpin 5, -4100 
NAM  CYVV
SRC  CYVV - 0..84::85
SEQ  +SS
       1 U   U   U   C   U   C   U   C   G   C   C   A   G   U   G   C   G   A   G   G
         0   1   2   3   4   5   6   7   8   9   10  11  12  13  14  15  16  17  18  19  
         .   .   .   .   .   18  17  16  15  14  .   .   .   .   9   8   7   6   5   39  

      21 C   C   C   A   U   U   C   A   C   A   C   A   C   A   A   U   G   G   G   U
         20  21  22  23  24  25  26  27  28  29  30  31  32  33  34  35  36  37  38  39  
         38  37  36  35  34  33  .   .   .   .   .   .   .   25  24  23  22  21  20  19  

      41 A   U   U   G   G   G   U   G   C   A   A   C   C   C   C   C   C   C   G   U
         40  41  42  43  44  45  46  47  48  49  50  51  52  53  54  55  56  57  58  59  
         .   .   58  57  56  55  .   .   .   .   .   .   .   .   .   45  44  43  42  .   

      61 C   C   A   U   C   U   C   G   A   A   C   G   G   U   C   A   U   C   G   A
         60  61  62  63  64  65  66  67  68  69  70  71  72  73  74  75  76  77  78  79  
         .   .   .   81  80  79  78  77  76  .   .   .   .   .   .   .   68  67  66  65  

      81 G   A   C   C   A
         80  81  82  83  84  
         64  63  .   .   .   

true pairs 24.0	 found pairs 22.0	 agree 16.0 (sen=66.67 spe=72.73 -- C_ap = 69.63)
----------------------------------------------------------------------
   Log odds score:       25700 
energy (kcal/mol):      -25.70 
number of pairs found:      22.00 
number of pairs annotated:  24.00 
----------------------------------------------------------------------
Allow pseudoknots? NO
----------------------------------------------------------------------
Parameters (energy  units, kcal/mol)
 P1   parameter:         -0.00 
 P2   parameter:         -0.00 
 P3   parameter:          3.00 
 P4   parameter:         -0.00 
 P5   parameter:          4.60 
 P6   parameter:          0.40 
 P10  parameter:          0.10 
----------------------------------------------------------------------
