PKNOTS: optimal minimum-energy RNA folding with pseudoknots and coaxial energies
        PKNOTS 1.06 (MAY 2008) using squid 1.5m (Sept 1997)
---------------------------------------------------
Folding sequences from:  /groups/eddy/home/rivase/src/src/pknots/versions/pknots-1.06/Demos/DA0260.sqd 
---------------------------------------------------



	             SS  >>>>>>>..>>>>........<<<<.>>>>>.......<<<<<....>>>
	         DA0260  GGGCGAAUAGUGUCAGCGGGAGCACACCAGACUUGCAAUCUGGUAGGGAG

	             SS  >>.......<<<<<<<<<<<<....
	         DA0260  GGUUCGAGUCCCUCUUUGUCCACCA

---------------------------------------------------
74 74 37 36  
tracing WX 25500 
 (W6) SR, trace wx 73 73 25500
---------------------------------------------------
73 73 36 36  
tracing WX 25500 
 (W6) SR, trace wx 72 72 25500
---------------------------------------------------
72 72 36 35  
tracing WX 25500 
 (W6) SR, trace wx 71 71 25500
---------------------------------------------------
71 71 35 35  
tracing WX 25500 
 (W4) SR, trace vx 70 70 23800
---------------------------------------------------
70 70 35 34  
tracing VX  23800   
 (v2) IS2 (1,1) 2900
 trace vx 69 68 20900
---------------------------------------------------
69 68 34 33  
tracing VX  20900   
 (v2) IS2 (1,1) 1400
 trace vx 68 66 19500
---------------------------------------------------
68 66 33 32  
tracing VX  19500   
 (v2) IS2 (1,1) 2100
 trace vx 67 64 17400
---------------------------------------------------
67 64 32 31  
tracing VX  17400   
 (v4_3) multiloop, trace vx  13 9 -700
 (v4_3) multiloop, trace wbx 66 51 19600
---------------------------------------------------
66 51 25 25  
tracing WBX 19600 
 (WB7) trace wbx  24 9 2900
 (WB7) trace wbx  16700
---------------------------------------------------
66 41 20 20  
tracing WBX 16700 
 (WB8.1) trace vx 43 18 6500
 (WB8.1) trace vx 66 22 8300
---------------------------------------------------
66 22 11 10  
tracing VX  8300   
 (v2) IS2 (1,1) 500
 trace vx 65 20 7800
---------------------------------------------------
65 20 10 9  
tracing VX  7800   
 (v2) IS2 (1,1) 400
 trace vx 64 18 7400
---------------------------------------------------
64 18 9 8  
tracing VX  7400   
 (v2) IS2 (1,1) 1900
 trace vx 63 16 5500
---------------------------------------------------
63 16 8 7  
tracing VX  5500   
 (v2) IS2 (1,1) 2300
 trace vx 62 14 3200
---------------------------------------------------
62 14 7 6  
tracing VX  3200   
 (v2) IS2 (1,1) 1700
 trace vx 61 12 1500
---------------------------------------------------
61 12 6 5  
tracing VX  1500   
 (v2) IS2 (1,1) 2900
 trace vx 60 10 -1400
---------------------------------------------------
60 10 5 4  
tracing VX  -1400   
 (v2) IS2 (1,1) 2900
 trace vx 59 8 -4300
---------------------------------------------------
59 8 4 3  
tracing VX  -4300   
 (v1) hairpin 8, -4300 
---------------------------------------------------
43 18 9 8  
tracing VX  6500   
 (v2) IS2 (1,1) 2100
 trace vx 42 16 4400
---------------------------------------------------
42 16 8 7  
tracing VX  4400   
 (v2) IS2 (1,1) 2900
 trace vx 41 14 1500
---------------------------------------------------
41 14 7 6  
tracing VX  1500   
 (v2) IS2 (1,1) 1800
 trace vx 40 12 -300
---------------------------------------------------
40 12 6 5  
tracing VX  -300   
 (v2) IS2 (1,1) 1700
 trace vx 39 10 -2000
---------------------------------------------------
39 10 5 4  
tracing VX  -2000   
 (v2) IS2 (1,1) 2300
 trace vx 38 8 -4300
---------------------------------------------------
38 8 4 3  
tracing VX  -4300   
 (v1) hairpin 8, -4300 
---------------------------------------------------
24 9 4 4  
tracing WBX 2900 
 (WB6) SR, trace wbx 23 8 3300
---------------------------------------------------
23 8 4 3  
tracing WBX 3300 
 (WB4) SR, trace vx 22 7 2100
---------------------------------------------------
22 7 3 3  
tracing VX  2100   
 (v2) IS2 (1,1) 3400
 trace vx 21 5 -1300
---------------------------------------------------
21 5 2 2  
tracing VX  -1300   
 (v1) hairpin 5, -1300 
---------------------------------------------------
13 9 4 4  
tracing VX  -700   
 (v2) IS2 (1,1) 2300
 trace vx 12 7 -3000
---------------------------------------------------
12 7 3 3  
tracing VX  -3000   
 (v1) hairpin 7, -3000 
NAM  DA0260
SRC  DA0260 - 0..74::75
SEQ  +SS
       1 G   G   G   C   G   A   A   U   A   G   U   G   U   C   A   G   C   G   G   G
         0   1   2   3   4   5   6   7   8   9   10  11  12  13  14  15  16  17  18  19  
         70  69  68  67  13  12  .   .   .   .   .   .   5   4   .   22  21  .   .   .   

      21 A   G   C   A   C   A   C   C   A   G   A   C   U   U   G   C   A   A   U   C
         20  21  22  23  24  25  26  27  28  29  30  31  32  33  34  35  36  37  38  39  
         .   16  15  .   .   43  42  41  40  39  38  .   .   .   .   .   .   .   30  29  

      41 U   G   G   U   A   G   G   G   A   G   G   G   U   U   C   G   A   G   U   C
         40  41  42  43  44  45  46  47  48  49  50  51  52  53  54  55  56  57  58  59  
         28  27  26  25  66  65  64  63  62  61  60  59  .   .   .   .   .   .   .   51  

      61 C   C   U   C   U   U   U   G   U   C   C   A   C   C   A
         60  61  62  63  64  65  66  67  68  69  70  71  72  73  74  
         50  49  48  47  46  45  44  3   2   1   0   .   .   .   .   

true pairs 21.0	 found pairs 22.0	 agree 14.0 (sen=66.67 spe=63.64 -- C_ap = 65.13)
----------------------------------------------------------------------
   Log odds score:       25500 
energy (kcal/mol):      -25.50 
number of pairs found:      22.00 
number of pairs annotated:  21.00 
----------------------------------------------------------------------
Allow pseudoknots? YES
----------------------------------------------------------------------
Parameters (energy units, kcal/mol)
 wkn  parameter:          0.83 (pseudoknots weight)
 P1   parameter:         -0.00 
 P2   parameter:         -0.00 
 P3   parameter:          3.00 
 P4   parameter:         -0.00 
 P5   parameter:          4.60 
 P5P  parameter:          8.43 
 P6   parameter:          0.40 
 P6P  parameter:          0.24 
 P10  parameter:          0.10 
 P10P parameter:          0.10 
 P11  parameter:          7.00 
 P12  parameter:          6.00 
 P13  parameter:         16.00 
 full pseudoknot model.
----------------------------------------------------------------------
