PKNOTS: optimal minimum-energy RNA folding with pseudoknots and coaxial energies
        PKNOTS 1.06 (MAY 2008) using squid 1.5m (Sept 1997)
---------------------------------------------------
Folding sequences from:  /groups/eddy/home/rivase/src/src/pknots/versions/pknots-1.06/Demos/DC2720.sqd 
---------------------------------------------------



	             SS  >>>>>>>..>>>.........<<<.>>>>>.......<<<<<....>>>>
	         DC2720  GGCGGCAUGGCCAAGUGGUAAGGCAGGGGACUGCAAAUCCUUUACCCCCA

	             SS  >.......<<<<<<<<<<<<.
	         DC2720  GUUCAAAUCUGGGUGCCGCCU

---------------------------------------------------
---------------------------------------------------
70 70 35 34  
tracing WX 30200 
 (W4) SR, trace vx 69 69 29000
---------------------------------------------------
69 69 34 34  
tracing VX  29000   
 (v2) IS2 (1,1) 2900
 trace vx 68 67 26100
---------------------------------------------------
68 67 33 33  
tracing VX  26100   
 (v2) IS2 (1,1) 3400
 trace vx 67 65 22700
---------------------------------------------------
67 65 32 32  
tracing VX  22700   
 (v2) IS2 (1,1) 2000
 trace vx 66 63 20700
---------------------------------------------------
66 63 31 31  
tracing VX  20700   
 (v2) IS2 (1,1) 2900
 trace vx 65 61 17800
---------------------------------------------------
65 61 30 30  
tracing VX  17800   
 (v2) IS2 (1,1) 3400
 trace vx 64 59 14400
---------------------------------------------------
64 59 29 29  
tracing VX  14400   
 (v2) IS2 (1,1) 1800
 trace vx 63 57 12600
---------------------------------------------------
63 57 28 28  
tracing VX  12600   
 (v4_1) multiloop, trace vx  14 7 -2700
 (v4_1) multiloop, trace wbx 62 47 18100
---------------------------------------------------
62 47 23 23  
tracing WBX 18100 
 (WB5) SL, trace wbx  62 46 18500
---------------------------------------------------
62 46 23 22  
tracing WBX 18500 
 (WB8.1) trace vx 45 29 9800
 (WB8.1) trace vx 62 16 5000
---------------------------------------------------
62 16 8 7  
tracing VX  5000   
 (v2) IS2 (1,1) 2900
 trace vx 61 14 2100
---------------------------------------------------
61 14 7 6  
tracing VX  2100   
 (v2) IS2 (1,1) 2900
 trace vx 60 12 -800
---------------------------------------------------
60 12 6 5  
tracing VX  -800   
 (v2) IS2 (1,1) 1800
 trace vx 59 10 -2600
---------------------------------------------------
59 10 5 4  
tracing VX  -2600   
 (v2) IS2 (1,1) 1700
 trace vx 58 8 -4300
---------------------------------------------------
58 8 4 3  
tracing VX  -4300   
 (v1) hairpin 8, -4300 
---------------------------------------------------
45 29 14 14  
tracing VX  9800   
 (v2) IS2 (1,1) 2900
 trace vx 44 27 6900
---------------------------------------------------
44 27 13 13  
tracing VX  6900   
 (v2) IS2 (1,1) 2100
 trace vx 43 25 4800
---------------------------------------------------
43 25 12 12  
tracing VX  4800   
 (v2) IS2 (1,1) 1100
 trace vx 42 23 3700
---------------------------------------------------
42 23 11 11  
tracing VX  3700   
 (v2) IS2 (1,1) 900
 trace vx 41 21 2800
---------------------------------------------------
41 21 10 10  
tracing VX  2800   
 (v2) IS2 (1,1) 500
 trace vx 40 19 2300
---------------------------------------------------
40 19 9 9  
tracing VX  2300   
 (v2) IS2 (1,7) -5000
 trace vx 33 11 7300
---------------------------------------------------
33 11 5 5  
tracing VX  7300   
 (v2) IS2 (1,1) 3400
 trace vx 32 9 3900
---------------------------------------------------
32 9 4 4  
tracing VX  3900   
 (v2) IS2 (1,1) 1800
 trace vx 31 7 2100
---------------------------------------------------
31 7 3 3  
tracing VX  2100   
 (v2) IS2 (1,1) 1700
 trace vx 30 5 400
---------------------------------------------------
30 5 2 2  
tracing VX  400   
 (v1) hairpin 5, 400 
---------------------------------------------------
14 7 3 3  
tracing VX  -2700   
 (v1) hairpin 7, -2700 
NAM  DC2720
SRC  DC2720 - 0..74::75
SEQ  +SS
       1 G   G   C   G   G   C   A   U   G   G   C   C   A   A   G   U   G   G   U   A
         0   1   2   3   4   5   6   7   8   9   10  11  12  13  14  15  16  17  18  19  
         69  68  67  66  65  64  63  14  .   .   .   .   .   .   7   .   45  44  43  42  

      21 A   G   G   C   A   G   G   G   G   A   C   U   G   C   A   A   A   U   C   C
         20  21  22  23  24  25  26  27  28  29  30  31  32  33  34  35  36  37  38  39  
         41  40  33  32  31  30  .   .   .   .   25  24  23  22  .   .   .   .   .   .   

      41 U   U   U   A   C   C   C   C   C   A   G   U   U   C   A   A   A   U   C   U
         40  41  42  43  44  45  46  47  48  49  50  51  52  53  54  55  56  57  58  59  
         21  20  19  18  17  16  62  61  60  59  58  .   .   .   .   .   .   .   50  49  

      61 G   G   G   U   G   C   C   G   C   C   U
         60  61  62  63  64  65  66  67  68  69  70  
         48  47  46  6   5   4   3   2   1   0   .   

true pairs 20.0	 found pairs 23.0	 agree 12.0 (sen=60.00 spe=52.17 -- C_ap = 55.95)
----------------------------------------------------------------------
   Log odds score:       30200 
energy (kcal/mol):      -30.20 
number of pairs found:      23.00 
number of pairs annotated:  20.00 
----------------------------------------------------------------------
Allow pseudoknots? NO
----------------------------------------------------------------------
Parameters (energy  units, kcal/mol)
 P1   parameter:         -0.00 
 P2   parameter:         -0.00 
 P3   parameter:          3.00 
 P4   parameter:         -0.00 
 P5   parameter:          4.60 
 P6   parameter:          0.40 
 P10  parameter:          0.10 
----------------------------------------------------------------------
