PKNOTS: optimal minimum-energy RNA folding with pseudoknots and coaxial energies
        PKNOTS 1.06 (MAY 2008) using squid 1.5m (Sept 1997)
---------------------------------------------------
Folding sequences from:  /groups/eddy/home/rivase/src/src/pknots/versions/pknots-1.06/Demos/DD3280.sqd 
---------------------------------------------------



	             SS  >>>>>>>..>>>>.........<<<<.>>>>>.......<<<<<.....>
	         DD3280  GGGAUUGUAGUUCAAUUGGUUAGAGCACCGCCCUGUCAAGGCGGAAGCUG

	             SS  >>>>.......<<<<<<<<<<<<.
	         DD3280  CGGGUUCGAGCCCCGUCAGUCCCG

---------------------------------------------------
73 73 36 36  
tracing WX 25500 
 (W4) SR, trace vx 72 72 23800
---------------------------------------------------
72 72 36 35  
tracing VX  23800   
 (v2) IS2 (1,1) 2900
 trace vx 71 70 20900
---------------------------------------------------
71 70 35 34  
tracing VX  20900   
 (v2) IS2 (1,1) 2900
 trace vx 70 68 18000
---------------------------------------------------
70 68 34 33  
tracing VX  18000   
 (v2) IS2 (1,1) 2300
 trace vx 69 66 15700
---------------------------------------------------
69 66 33 32  
tracing VX  15700   
 (v2) IS2 (1,1) 1000
 trace vx 68 64 14700
---------------------------------------------------
68 64 32 31  
tracing VX  14700   
 (v2) IS2 (1,1) 500
 trace vx 67 62 14200
---------------------------------------------------
67 62 31 30  
tracing VX  14200   
 (v2) IS2 (1,1) 1800
 trace vx 66 60 12400
---------------------------------------------------
66 60 30 29  
tracing VX  12400   
 (v5_1) multiloop wbx 48 41 9100
 (v5_1) multiloop vx  65 16 5700
---------------------------------------------------
65 16 8 7  
tracing VX  5700   
 (v2) IS2 (1,1) 2100
 trace vx 64 14 3600
---------------------------------------------------
64 14 7 6  
tracing VX  3600   
 (v2) IS2 (1,1) 2000
 trace vx 63 12 1600
---------------------------------------------------
63 12 6 5  
tracing VX  1600   
 (v2) IS2 (1,1) 2900
 trace vx 62 10 -1300
---------------------------------------------------
62 10 5 4  
tracing VX  -1300   
 (v2) IS2 (1,1) 2900
 trace vx 61 8 -4200
---------------------------------------------------
61 8 4 3  
tracing VX  -4200   
 (v1) hairpin 8, -4200 
---------------------------------------------------
48 41 20 20  
tracing WBX 9100 
 (WB5) SL, trace wbx  48 40 9500
---------------------------------------------------
48 40 20 19  
tracing WBX 9500 
 (WB6) SR, trace wbx 47 39 9900
---------------------------------------------------
47 39 19 19  
tracing WBX 9900 
 (WB6) SR, trace wbx 46 38 10300
---------------------------------------------------
46 38 19 18  
tracing WBX 10300 
 (WB6) SR, trace wbx 45 37 10700
---------------------------------------------------
45 37 18 18  
tracing WBX 10700 
 (WB6) SR, trace wbx 44 36 11100
---------------------------------------------------
44 36 18 17  
tracing WBX 11100 
 (WB8.8) dangle i, trace vx 25 16 1100
 (WB8.8) dangle j, trace vx 43 16 7200
---------------------------------------------------
43 16 8 7  
tracing VX  7200   
 (v2) IS2 (1,1) 2900
 trace vx 42 14 4300
---------------------------------------------------
42 14 7 6  
tracing VX  4300   
 (v2) IS2 (1,1) 2000
 trace vx 41 12 2300
---------------------------------------------------
41 12 6 5  
tracing VX  2300   
 (v2) IS2 (1,1) 3400
 trace vx 40 10 -1100
---------------------------------------------------
40 10 5 4  
tracing VX  -1100   
 (v2) IS2 (1,1) 2900
 trace vx 39 8 -4000
---------------------------------------------------
39 8 4 3  
tracing VX  -4000   
 (v1) hairpin 8, -4000 
---------------------------------------------------
25 16 8 7  
tracing VX  1100   
 (v2) IS2 (1,1) 2100
 trace vx 24 14 -1000
---------------------------------------------------
24 14 7 6  
tracing VX  -1000   
 (v2) IS2 (1,1) 500
 trace vx 23 12 -1500
---------------------------------------------------
23 12 6 5  
tracing VX  -1500   
 (v2) IS2 (1,1) 2300
 trace vx 22 10 -3800
---------------------------------------------------
22 10 5 4  
tracing VX  -3800   
 (v1) hairpin 10, -3800 
NAM  DD3280
SRC  DD3280 - 0..74::75
SEQ  +SS
       1 G   G   G   A   U   U   G   U   A   G   U   U   C   A   A   U   U   G   G   U
         0   1   2   3   4   5   6   7   8   9   10  11  12  13  14  15  16  17  18  19  
         72  71  70  69  68  67  66  .   .   25  24  23  22  .   .   .   .   .   .   .   

      21 U   A   G   A   G   C   A   C   C   G   C   C   C   U   G   U   C   A   A   G
         20  21  22  23  24  25  26  27  28  29  30  31  32  33  34  35  36  37  38  39  
         .   .   12  11  10  9   .   43  42  41  40  39  .   .   .   .   .   .   .   31  

      41 G   C   G   G   A   A   G   C   U   G   C   G   G   G   U   U   C   G   A   G
         40  41  42  43  44  45  46  47  48  49  50  51  52  53  54  55  56  57  58  59  
         30  29  28  27  .   .   .   .   .   65  64  63  62  61  .   .   .   .   .   .   

      61 C   C   C   C   G   U   C   A   G   U   C   C   C   G
         60  61  62  63  64  65  66  67  68  69  70  71  72  73  
         .   53  52  51  50  49  6   5   4   3   2   1   0   .   

true pairs 21.0	 found pairs 21.0	 agree 21.0 (sen=100.00 spe=100.00 -- C_ap = 100.00)
----------------------------------------------------------------------
   Log odds score:       25500 
energy (kcal/mol):      -25.50 
number of pairs found:      21.00 
number of pairs annotated:  21.00 
----------------------------------------------------------------------
Allow pseudoknots? YES
----------------------------------------------------------------------
Parameters (energy units, kcal/mol)
 wkn  parameter:          0.83 (pseudoknots weight)
 P1   parameter:         -0.00 
 P2   parameter:         -0.00 
 P3   parameter:          3.00 
 P4   parameter:         -0.00 
 P5   parameter:          4.60 
 P5P  parameter:          8.43 
 P6   parameter:          0.40 
 P6P  parameter:          0.24 
 P10  parameter:          0.10 
 P10P parameter:          0.10 
 P11  parameter:          7.00 
 P12  parameter:          6.00 
 P13  parameter:         16.00 
 full pseudoknot model.
----------------------------------------------------------------------
