PKNOTS: optimal minimum-energy RNA folding with pseudoknots and coaxial energies
        PKNOTS 1.06 (MAY 2008) using squid 1.5m (Sept 1997)
---------------------------------------------------
Folding sequences from:  /groups/eddy/home/rivase/src/src/pknots/versions/pknots-1.06/Demos/DF6280.sqd 
---------------------------------------------------



	             SS  >>>>>>>..>>>>........<<<<.>>>>>.......<<<<<.....>>
	         DF6280  GCGGAUUUAGCUCAGUUGGGAGAGCGCCAGACUGAAGAUCUGGAGGUCCU

	             SS  >>>.......<<<<<<<<<<<<.
	         DF6280  GUGUUCGAUCCACAGAAUUCGCA

---------------------------------------------------
72 72 36 35  
tracing WX 22000 
 (W4) SR, trace vx 71 71 20300
---------------------------------------------------
71 71 35 35  
tracing VX  20300   
 (v2) IS2 (1,1) 3400
 trace vx 70 69 16900
---------------------------------------------------
70 69 34 34  
tracing VX  16900   
 (v2) IS2 (1,1) 2000
 trace vx 69 67 14900
---------------------------------------------------
69 67 33 33  
tracing VX  14900   
 (v2) IS2 (1,1) 1400
 trace vx 68 65 13500
---------------------------------------------------
68 65 32 32  
tracing VX  13500   
 (v2) IS2 (1,1) 1100
 trace vx 67 63 12400
---------------------------------------------------
67 63 31 31  
tracing VX  12400   
 (v2) IS2 (1,1) 900
 trace vx 66 61 11500
---------------------------------------------------
66 61 30 30  
tracing VX  11500   
 (v2) IS2 (1,1) 900
 trace vx 65 59 10600
---------------------------------------------------
65 59 29 29  
tracing VX  10600   
 (v5_1) multiloop wbx 47 40 8900
 (v5_1) multiloop vx  64 16 3200
---------------------------------------------------
64 16 8 7  
tracing VX  3200   
 (v2) IS2 (1,1) 1700
 trace vx 63 14 1500
---------------------------------------------------
63 14 7 6  
tracing VX  1500   
 (v2) IS2 (1,1) 1800
 trace vx 62 12 -300
---------------------------------------------------
62 12 6 5  
tracing VX  -300   
 (v2) IS2 (1,1) 2100
 trace vx 61 10 -2400
---------------------------------------------------
61 10 5 4  
tracing VX  -2400   
 (v2) IS2 (1,1) 1800
 trace vx 60 8 -4200
---------------------------------------------------
60 8 4 3  
tracing VX  -4200   
 (v1) hairpin 8, -4200 
---------------------------------------------------
47 40 20 19  
tracing WBX 8900 
 (WB5) SL, trace wbx  47 39 9300
---------------------------------------------------
47 39 19 19  
tracing WBX 9300 
 (WB6) SR, trace wbx 46 38 9700
---------------------------------------------------
46 38 19 18  
tracing WBX 9700 
 (WB6) SR, trace wbx 45 37 10100
---------------------------------------------------
45 37 18 18  
tracing WBX 10100 
 (WB6) SR, trace wbx 44 36 10500
---------------------------------------------------
44 36 18 17  
tracing WBX 10500 
 (WB6) SR, trace wbx 43 35 10900
---------------------------------------------------
43 35 17 17  
tracing WBX 10900 
 (WB8.8) dangle i, trace vx 24 15 3700
 (WB8.8) dangle j, trace vx 42 16 4400
---------------------------------------------------
42 16 8 7  
tracing VX  4400   
 (v2) IS2 (1,1) 2900
 trace vx 41 14 1500
---------------------------------------------------
41 14 7 6  
tracing VX  1500   
 (v2) IS2 (1,1) 1800
 trace vx 40 12 -300
---------------------------------------------------
40 12 6 5  
tracing VX  -300   
 (v2) IS2 (1,1) 1700
 trace vx 39 10 -2000
---------------------------------------------------
39 10 5 4  
tracing VX  -2000   
 (v2) IS2 (1,1) 2300
 trace vx 38 8 -4300
---------------------------------------------------
38 8 4 3  
tracing VX  -4300   
 (v1) hairpin 8, -4300 
---------------------------------------------------
24 15 7 7  
tracing VX  3700   
 (v2) IS2 (1,1) 3400
 trace vx 23 13 300
---------------------------------------------------
23 13 6 6  
tracing VX  300   
 (v2) IS2 (1,1) 1700
 trace vx 22 11 -1400
---------------------------------------------------
22 11 5 5  
tracing VX  -1400   
 (v2) IS2 (1,1) 2300
 trace vx 21 9 -3700
---------------------------------------------------
21 9 4 4  
tracing VX  -3700   
 (v1) hairpin 9, -3700 
NAM  DF6280
SRC  DF6280 - 0..74::75
SEQ  +SS
       1 G   C   G   G   A   U   U   U   A   G   C   U   C   A   G   U   U   G   G   G
         0   1   2   3   4   5   6   7   8   9   10  11  12  13  14  15  16  17  18  19  
         71  70  69  68  67  66  65  .   .   24  23  22  21  .   .   .   .   .   .   .   

      21 A   G   A   G   C   G   C   C   A   G   A   C   U   G   A   A   G   A   U   C
         20  21  22  23  24  25  26  27  28  29  30  31  32  33  34  35  36  37  38  39  
         .   12  11  10  9   .   42  41  40  39  38  .   .   .   .   .   .   .   30  29  

      41 U   G   G   A   G   G   U   C   C   U   G   U   G   U   U   C   G   A   U   C
         40  41  42  43  44  45  46  47  48  49  50  51  52  53  54  55  56  57  58  59  
         28  27  26  .   .   .   .   .   64  63  62  61  60  .   .   .   .   .   .   .   

      61 C   A   C   A   G   A   A   U   U   C   G   C   A
         60  61  62  63  64  65  66  67  68  69  70  71  72  
         52  51  50  49  48  6   5   4   3   2   1   0   .   

true pairs 21.0	 found pairs 21.0	 agree 21.0 (sen=100.00 spe=100.00 -- C_ap = 100.00)
----------------------------------------------------------------------
   Log odds score:       22000 
energy (kcal/mol):      -22.00 
number of pairs found:      21.00 
number of pairs annotated:  21.00 
----------------------------------------------------------------------
Allow pseudoknots? YES
----------------------------------------------------------------------
Parameters (energy units, kcal/mol)
 wkn  parameter:          0.83 (pseudoknots weight)
 P1   parameter:         -0.00 
 P2   parameter:         -0.00 
 P3   parameter:          3.00 
 P4   parameter:         -0.00 
 P5   parameter:          4.60 
 P5P  parameter:          8.43 
 P6   parameter:          0.40 
 P6P  parameter:          0.24 
 P10  parameter:          0.10 
 P10P parameter:          0.10 
 P11  parameter:          7.00 
 P12  parameter:          6.00 
 P13  parameter:         16.00 
 full pseudoknot model.
----------------------------------------------------------------------
