PKNOTS: optimal minimum-energy RNA folding with pseudoknots and coaxial energies
        PKNOTS 1.06 (MAY 2008) using squid 1.5m (Sept 1997)
---------------------------------------------------
Folding sequences from:  /groups/eddy/home/rivase/src/src/pknots/versions/pknots-1.06/Demos/DH5560.sqd 
---------------------------------------------------



	             SS  >>>>>>>..>>>>.....<<<<.>>>>>.......<<<<<....>>>>>.
	         DH5560  GUAAAUAUAGUUUAAUUAAAACAUUAGACUGUGAAUCUAACUAUAGAAGC

	             SS  ......<<<<<<<<<<<<.
	         DH5560  UUACCACUUCUUAUUUACC

---------------------------------------------------
68 68 34 33  
tracing WX 12100 
 (W4) SR, trace vx 67 67 11300
---------------------------------------------------
67 67 33 33  
tracing VX  11300   
 (v2) IS2 (1,1) 2100
 trace vx 66 65 9200
---------------------------------------------------
66 65 32 32  
tracing VX  9200   
 (v2) IS2 (1,1) 1100
 trace vx 65 63 8100
---------------------------------------------------
65 63 31 31  
tracing VX  8100   
 (v2) IS2 (1,1) 900
 trace vx 64 61 7200
---------------------------------------------------
64 61 30 30  
tracing VX  7200   
 (v2) IS2 (1,1) 900
 trace vx 63 59 6300
---------------------------------------------------
63 59 29 29  
tracing VX  6300   
 (v2) IS2 (1,1) 900
 trace vx 62 57 5400
---------------------------------------------------
62 57 28 28  
tracing VX  5400   
 (v2) IS2 (1,1) 1100
 trace vx 61 55 4300
---------------------------------------------------
61 55 27 27  
tracing VX  4300   
 (v5_1) multiloop wbx 43 36 4500
 (v5_1) multiloop vx  60 16 2700
---------------------------------------------------
60 16 8 7  
tracing VX  2700   
 (v2) IS2 (1,1) 1700
 trace vx 59 14 1000
---------------------------------------------------
59 14 7 6  
tracing VX  1000   
 (v2) IS2 (1,1) 2300
 trace vx 58 12 -1300
---------------------------------------------------
58 12 6 5  
tracing VX  -1300   
 (v2) IS2 (1,1) 900
 trace vx 57 10 -2200
---------------------------------------------------
57 10 5 4  
tracing VX  -2200   
 (v2) IS2 (1,1) 1700
 trace vx 56 8 -3900
---------------------------------------------------
56 8 4 3  
tracing VX  -3900   
 (v1) hairpin 8, -3900 
---------------------------------------------------
43 36 18 17  
tracing WBX 4500 
 (WB6) SR, trace wbx 42 35 4900
---------------------------------------------------
42 35 17 17  
tracing WBX 4900 
 (WB6) SR, trace wbx 41 34 5300
---------------------------------------------------
41 34 17 16  
tracing WBX 5300 
 (WB8.4) dangle i, trace vx 29 21 4200
 (WB8.4) dangle j, trace vx 40 10 -1100
---------------------------------------------------
40 10 5 4  
tracing VX  -1100   
 (v2) IS2 (1,1) 2100
 trace vx 39 8 -3200
---------------------------------------------------
39 8 4 3  
tracing VX  -3200   
 (v1) hairpin 8, -3200 
---------------------------------------------------
29 21 10 10  
tracing VX  4200   
 (v2) IS2 (1,1) 1700
 trace vx 28 19 2500
---------------------------------------------------
28 19 9 9  
tracing VX  2500   
 (v2) IS2 (1,1) 2100
 trace vx 27 17 400
---------------------------------------------------
27 17 8 8  
tracing VX  400   
 (v2) IS2 (1,1) 1100
 trace vx 26 15 -700
---------------------------------------------------
26 15 7 7  
tracing VX  -700   
 (v2) IS2 (1,1) 500
 trace vx 25 13 -1200
---------------------------------------------------
25 13 6 6  
tracing VX  -1200   
 (v2) IS2 (1,1) 1100
 trace vx 24 11 -2300
---------------------------------------------------
24 11 5 5  
tracing VX  -2300   
 (v2) IS2 (1,1) 900
 trace vx 23 9 -3200
---------------------------------------------------
23 9 4 4  
tracing VX  -3200   
 (v2) IS2 (1,1) 900
 trace vx 22 7 -4100
---------------------------------------------------
22 7 3 3  
tracing VX  -4100   
 (v1) hairpin 7, -4100 
NAM  DH5560
SRC  DH5560 - 0..74::75
SEQ  +SS
       1 G   U   A   A   A   U   A   U   A   G   U   U   U   A   A   U   U   A   A   A
         0   1   2   3   4   5   6   7   8   9   10  11  12  13  14  15  16  17  18  19  
         67  66  65  64  63  62  61  .   29  28  27  26  25  24  23  22  .   .   .   .   

      21 A   C   A   U   U   A   G   A   C   U   G   U   G   A   A   U   C   U   A   A
         20  21  22  23  24  25  26  27  28  29  30  31  32  33  34  35  36  37  38  39  
         .   .   15  14  13  12  11  10  9   8   40  39  .   .   .   .   .   .   .   31  

      41 C   U   A   U   A   G   A   A   G   C   U   U   A   C   C   A   C   U   U   C
         40  41  42  43  44  45  46  47  48  49  50  51  52  53  54  55  56  57  58  59  
         30  .   .   .   60  59  58  57  56  .   .   .   .   .   .   .   48  47  46  45  

      61 U   U   A   U   U   U   A   C   C
         60  61  62  63  64  65  66  67  68  
         44  6   5   4   3   2   1   0   .   

true pairs 21.0	 found pairs 22.0	 agree 12.0 (sen=57.14 spe=54.55 -- C_ap = 55.83)
----------------------------------------------------------------------
   Log odds score:       12100 
energy (kcal/mol):      -12.10 
number of pairs found:      22.00 
number of pairs annotated:  21.00 
----------------------------------------------------------------------
Allow pseudoknots? YES
----------------------------------------------------------------------
Parameters (energy units, kcal/mol)
 wkn  parameter:          0.83 (pseudoknots weight)
 P1   parameter:         -0.00 
 P2   parameter:         -0.00 
 P3   parameter:          3.00 
 P4   parameter:         -0.00 
 P5   parameter:          4.60 
 P5P  parameter:          8.43 
 P6   parameter:          0.40 
 P6P  parameter:          0.24 
 P10  parameter:          0.10 
 P10P parameter:          0.10 
 P11  parameter:          7.00 
 P12  parameter:          6.00 
 P13  parameter:         16.00 
 full pseudoknot model.
----------------------------------------------------------------------
