PKNOTS: optimal minimum-energy RNA folding with pseudoknots and coaxial energies
        PKNOTS 1.06 (MAY 2008) using squid 1.5m (Sept 1997)
---------------------------------------------------
Folding sequences from:  /groups/eddy/home/rivase/src/src/pknots/versions/pknots-1.06/Demos/DK6050.sqd 
---------------------------------------------------



	             SS  >>>>>>>..>>>>........<<<<.>>>>>.......<<<<<.....>>
	         DK6050  GCCCUUCUAGCUCAGUCGGUAGGGCGCACGGCUCUUAACCGUGUGGUCGU

	             SS  >>>......<<<<<<<<<<<<.
	         DK6050  GGGUUCGAGCCCACGGGGGGUG

---------------------------------------------------
71 71 35 35  
tracing WX 30200 
 (W4) SR, trace vx 70 70 29000
---------------------------------------------------
70 70 35 34  
tracing VX  29000   
 (v2) IS2 (1,1) 2100
 trace vx 69 68 26900
---------------------------------------------------
69 68 34 33  
tracing VX  26900   
 (v2) IS2 (1,1) 2900
 trace vx 68 66 24000
---------------------------------------------------
68 66 33 32  
tracing VX  24000   
 (v2) IS2 (1,1) 2900
 trace vx 67 64 21100
---------------------------------------------------
67 64 32 31  
tracing VX  21100   
 (v2) IS2 (1,1) 1900
 trace vx 66 62 19200
---------------------------------------------------
66 62 31 30  
tracing VX  19200   
 (v5_1) multiloop wbx 45 40 11400
 (v5_1) multiloop vx  65 19 11200
---------------------------------------------------
65 19 9 9  
tracing VX  11200   
 (v2) IS2 (1,1) 1400
 trace vx 64 17 9800
---------------------------------------------------
64 17 8 8  
tracing VX  9800   
 (v2) IS2 (1,1) 2000
 trace vx 63 15 7800
---------------------------------------------------
63 15 7 7  
tracing VX  7800   
 (v2) IS2 (1,1) 2100
 trace vx 62 13 5700
---------------------------------------------------
62 13 6 6  
tracing VX  5700   
 (v2) IS2 (1,1) 1800
 trace vx 61 11 3900
---------------------------------------------------
61 11 5 5  
tracing VX  3900   
 (v2) IS2 (1,1) 2900
 trace vx 60 9 1000
---------------------------------------------------
60 9 4 4  
tracing VX  1000   
 (v2) IS2 (1,1) 2900
 trace vx 59 7 -1900
---------------------------------------------------
59 7 3 3  
tracing VX  -1900   
 (v2) IS2 (1,1) 2100
 trace vx 58 5 -4000
---------------------------------------------------
58 5 2 2  
tracing VX  -4000   
 (v1) hairpin 5, -4000 
---------------------------------------------------
45 40 20 19  
tracing WBX 11400 
 (WB8.7) trace vx 22 17 800
 (WB8.7) dangle j, trace vx 44 20 8200
---------------------------------------------------
44 20 10 9  
tracing VX  8200   
 (v2) IS2 (1,1) 1200
 trace vx 43 18 7000
---------------------------------------------------
43 18 9 8  
tracing VX  7000   
 (v2) IS2 (1,1) 2100
 trace vx 42 16 4900
---------------------------------------------------
42 16 8 7  
tracing VX  4900   
 (v2) IS2 (1,1) 1800
 trace vx 41 14 3100
---------------------------------------------------
41 14 7 6  
tracing VX  3100   
 (v2) IS2 (1,1) 2100
 trace vx 40 12 1000
---------------------------------------------------
40 12 6 5  
tracing VX  1000   
 (v2) IS2 (1,1) 2000
 trace vx 39 10 -1000
---------------------------------------------------
39 10 5 4  
tracing VX  -1000   
 (v2) IS2 (1,1) 2900
 trace vx 38 8 -3900
---------------------------------------------------
38 8 4 3  
tracing VX  -3900   
 (v1) hairpin 8, -3900 
---------------------------------------------------
22 17 8 8  
tracing VX  800   
 (v2) IS2 (1,1) 1400
 trace vx 21 15 -600
---------------------------------------------------
21 15 7 7  
tracing VX  -600   
 (v2) IS2 (1,1) 1700
 trace vx 20 13 -2300
---------------------------------------------------
20 13 6 6  
tracing VX  -2300   
 (v2) IS2 (1,1) 1100
 trace vx 19 11 -3400
---------------------------------------------------
19 11 5 5  
tracing VX  -3400   
 (v2) IS2 (2,1) -1800
 trace vx 18 8 -1600
---------------------------------------------------
18 8 4 3  
tracing VX  -1600   
 (v2) IS2 (1,1) 1900
 trace vx 17 6 -3500
---------------------------------------------------
17 6 3 2  
tracing VX  -3500   
 (v1) hairpin 6, -3500 
NAM  DK6050
SRC  DK6050 - 0..74::75
SEQ  +SS
       1 G   C   C   C   U   U   C   U   A   G   C   U   C   A   G   U   C   G   G   U
         0   1   2   3   4   5   6   7   8   9   10  11  12  13  14  15  16  17  18  19  
         70  69  68  67  66  22  21  20  19  .   18  17  .   .   .   .   .   11  10  8   

      21 A   G   G   G   C   G   C   A   C   G   G   C   U   C   U   U   A   A   C   C
         20  21  22  23  24  25  26  27  28  29  30  31  32  33  34  35  36  37  38  39  
         7   6   5   .   44  43  42  41  40  39  38  .   .   .   .   .   .   .   30  29  

      41 G   U   G   U   G   G   U   C   G   U   G   G   G   U   U   C   G   A   G   C
         40  41  42  43  44  45  46  47  48  49  50  51  52  53  54  55  56  57  58  59  
         28  27  26  25  24  .   65  64  63  62  61  60  59  58  .   .   .   .   53  52  

      61 C   C   A   C   G   G   G   G   G   G   U   G
         60  61  62  63  64  65  66  67  68  69  70  71  
         51  50  49  48  47  46  4   3   2   1   0   .   

true pairs 21.0	 found pairs 26.0	 agree 15.0 (sen=71.43 spe=57.69 -- C_ap = 64.19)
----------------------------------------------------------------------
   Log odds score:       30200 
energy (kcal/mol):      -30.20 
number of pairs found:      26.00 
number of pairs annotated:  21.00 
----------------------------------------------------------------------
Allow pseudoknots? YES
----------------------------------------------------------------------
Parameters (energy units, kcal/mol)
 wkn  parameter:          0.83 (pseudoknots weight)
 P1   parameter:         -0.00 
 P2   parameter:         -0.00 
 P3   parameter:          3.00 
 P4   parameter:         -0.00 
 P5   parameter:          4.60 
 P5P  parameter:          8.43 
 P6   parameter:          0.40 
 P6P  parameter:          0.24 
 P10  parameter:          0.10 
 P10P parameter:          0.10 
 P11  parameter:          7.00 
 P12  parameter:          6.00 
 P13  parameter:         16.00 
 full pseudoknot model.
----------------------------------------------------------------------
