PKNOTS: optimal minimum-energy RNA folding with pseudoknots and coaxial energies
        PKNOTS 1.06 (MAY 2008) using squid 1.5m (Sept 1997)
---------------------------------------------------
Folding sequences from:  /groups/eddy/home/rivase/src/src/pknots/versions/pknots-1.06/Demos/DM3920.sqd 
---------------------------------------------------



	             SS  >>>>>>>..>>>>.......<<<<.>>>>>.......<<<<<....>>>>
	         DM3920  ACCUGGGUAGUUUAAAGGUAAAACCUUAAUUUCAUACAUUAAAGAUGAGA

	             SS  >.......<<<<<<<<<<<<.
	         DM3920  AUUCGAUUUUCUCCCCAGGUU

---------------------------------------------------
---------------------------------------------------
70 70 35 34  
tracing WX 17000 
 (W4) SR, trace vx 69 69 16900
---------------------------------------------------
69 69 34 34  
tracing VX  16900   
 (v2) IS2 (1,1) 2100
 trace vx 68 67 14800
---------------------------------------------------
68 67 33 33  
tracing VX  14800   
 (v2) IS2 (1,1) 2900
 trace vx 67 65 11900
---------------------------------------------------
67 65 32 32  
tracing VX  11900   
 (v2) IS2 (1,1) 1700
 trace vx 66 63 10200
---------------------------------------------------
66 63 31 31  
tracing VX  10200   
 (v2) IS2 (1,1) 1800
 trace vx 65 61 8400
---------------------------------------------------
65 61 30 30  
tracing VX  8400   
 (v2) IS2 (1,1) 2900
 trace vx 64 59 5500
---------------------------------------------------
64 59 29 29  
tracing VX  5500   
 (v2) IS2 (1,1) 2900
 trace vx 63 57 2600
---------------------------------------------------
63 57 28 28  
tracing VX  2600   
 (v5_1) multiloop wbx 45 38 500
 (v5_1) multiloop vx  62 16 3000
---------------------------------------------------
62 16 8 7  
tracing VX  3000   
 (v2) IS2 (1,1) 2300
 trace vx 61 14 700
---------------------------------------------------
61 14 7 6  
tracing VX  700   
 (v2) IS2 (1,1) 1700
 trace vx 60 12 -1000
---------------------------------------------------
60 12 6 5  
tracing VX  -1000   
 (v2) IS2 (1,1) 2300
 trace vx 59 10 -3300
---------------------------------------------------
59 10 5 4  
tracing VX  -3300   
 (v2) IS2 (1,1) 900
 trace vx 58 8 -4200
---------------------------------------------------
58 8 4 3  
tracing VX  -4200   
 (v1) hairpin 8, -4200 
---------------------------------------------------
45 38 19 18  
tracing WBX 500 
 (WB5) SL, trace wbx  45 37 900
---------------------------------------------------
45 37 18 18  
tracing WBX 900 
 (WB6) SR, trace wbx 44 36 1300
---------------------------------------------------
44 36 18 17  
tracing WBX 1300 
 (WB8.1) trace vx 30 22 1200
 (WB8.1) trace vx 44 13 -1600
---------------------------------------------------
44 13 6 6  
tracing VX  -1600   
 (v2) IS2 (1,1) 2300
 trace vx 43 11 -3900
---------------------------------------------------
43 11 5 5  
tracing VX  -3900   
 (v1) hairpin 11, -3900 
---------------------------------------------------
30 22 11 10  
tracing VX  1200   
 (v2) IS2 (1,1) 500
 trace vx 29 20 700
---------------------------------------------------
29 20 10 9  
tracing VX  700   
 (v2) IS2 (1,1) 1000
 trace vx 28 18 -300
---------------------------------------------------
28 18 9 8  
tracing VX  -300   
 (v2) IS2 (1,1) 900
 trace vx 27 16 -1200
---------------------------------------------------
27 16 8 7  
tracing VX  -1200   
 (v2) IS2 (3,1) -3100
 trace vx 26 12 1900
---------------------------------------------------
26 12 6 5  
tracing VX  1900   
 (v2) IS2 (1,1) 900
 trace vx 25 10 1000
---------------------------------------------------
25 10 5 4  
tracing VX  1000   
 (v2) IS2 (1,1) 1700
 trace vx 24 8 -700
---------------------------------------------------
24 8 4 3  
tracing VX  -700   
 (v2) IS2 (1,1) 2900
 trace vx 23 6 -3600
---------------------------------------------------
23 6 3 2  
tracing VX  -3600   
 (v1) hairpin 6, -3600 
NAM  DM3920
SRC  DM3920 - 0..74::75
SEQ  +SS
       1 A   C   C   U   G   G   G   U   A   G   U   U   U   A   A   A   G   G   U   A
         0   1   2   3   4   5   6   7   8   9   10  11  12  13  14  15  16  17  18  19  
         69  68  67  66  65  64  63  .   30  29  28  27  .   .   26  25  24  23  .   .   

      21 A   A   A   C   C   U   U   A   A   U   U   U   C   A   U   A   C   A   U   U
         20  21  22  23  24  25  26  27  28  29  30  31  32  33  34  35  36  37  38  39  
         .   .   .   17  16  15  14  11  10  9   8   44  43  .   .   .   .   .   .   .   

      41 A   A   A   G   A   U   G   A   G   A   A   U   U   C   G   A   U   U   U   U
         40  41  42  43  44  45  46  47  48  49  50  51  52  53  54  55  56  57  58  59  
         .   .   .   32  31  .   62  61  60  59  58  .   .   .   .   .   .   .   50  49  

      61 C   U   C   C   C   C   A   G   G   U   U
         60  61  62  63  64  65  66  67  68  69  70  
         48  47  46  6   5   4   3   2   1   0   .   

true pairs 21.0	 found pairs 22.0	 agree 12.0 (sen=57.14 spe=54.55 -- C_ap = 55.83)
----------------------------------------------------------------------
   Log odds score:       17000 
energy (kcal/mol):      -17.00 
number of pairs found:      22.00 
number of pairs annotated:  21.00 
----------------------------------------------------------------------
Allow pseudoknots? NO
----------------------------------------------------------------------
Parameters (energy  units, kcal/mol)
 P1   parameter:         -0.00 
 P2   parameter:         -0.00 
 P3   parameter:          3.00 
 P4   parameter:         -0.00 
 P5   parameter:          4.60 
 P6   parameter:          0.40 
 P10  parameter:          0.10 
----------------------------------------------------------------------
