PKNOTS: optimal minimum-energy RNA folding with pseudoknots and coaxial energies
        PKNOTS 1.06 (MAY 2008) using squid 1.5m (Sept 1997)
---------------------------------------------------
Folding sequences from:  /groups/eddy/home/rivase/src/src/pknots/versions/pknots-1.06/Demos/DQ5320.sqd 
---------------------------------------------------



	             SS  >>>>>>>...>>>........<<<.>>.>>.......<<.<<....>>>>
	         DQ5320  UAGGAUAAGGUGUUUAGGUGCACGGAGAAAUUUUGAAUUCUUAAGUGUAG

	             SS  >.......<<<<<<<<<<<<.
	         DQ5320  GUUCAAUUCCUAUUGUCCUAG

---------------------------------------------------
---------------------------------------------------
70 70 35 34  
tracing WX 15900 
 (W4) SR, trace vx 69 69 15100
---------------------------------------------------
69 69 34 34  
tracing VX  15100   
 (v2) IS2 (1,1) 1100
 trace vx 68 67 14000
---------------------------------------------------
68 67 33 33  
tracing VX  14000   
 (v2) IS2 (1,1) 1700
 trace vx 67 65 12300
---------------------------------------------------
67 65 32 32  
tracing VX  12300   
 (v2) IS2 (1,1) 2900
 trace vx 66 63 9400
---------------------------------------------------
66 63 31 31  
tracing VX  9400   
 (v2) IS2 (1,1) 2300
 trace vx 65 61 7100
---------------------------------------------------
65 61 30 30  
tracing VX  7100   
 (v2) IS2 (1,1) 1000
 trace vx 64 59 6100
---------------------------------------------------
64 59 29 29  
tracing VX  6100   
 (v2) IS2 (1,1) 800
 trace vx 63 57 5300
---------------------------------------------------
63 57 28 28  
tracing VX  5300   
 (v2) IS2 (1,1) 900
 trace vx 62 55 4400
---------------------------------------------------
62 55 27 27  
tracing VX  4400   
 (v6_CC) multiloop vx 22 13 2200
 (v6_NCC) multiloop vx 59 36 4000
---------------------------------------------------
59 36 18 17  
tracing VX  4000   
 (v2) IS2 (1,1) 2900
 trace vx 58 34 1100
---------------------------------------------------
58 34 17 16  
tracing VX  1100   
 (v2) IS2 (1,1) 2300
 trace vx 57 32 -1200
---------------------------------------------------
57 32 16 15  
tracing VX  -1200   
 (v2) IS2 (1,1) 500
 trace vx 56 30 -1700
---------------------------------------------------
56 30 15 14  
tracing VX  -1700   
 (v2) IS2 (6,1) -4800
 trace vx 55 23 3100
---------------------------------------------------
55 23 11 11  
tracing VX  3100   
 (v2) IS2 (1,1) 900
 trace vx 54 21 2200
---------------------------------------------------
54 21 10 10  
tracing VX  2200   
 (v2) IS2 (1,1) 1800
 trace vx 53 19 400
---------------------------------------------------
53 19 9 9  
tracing VX  400   
 (v2) IS2 (1,1) 2300
 trace vx 52 17 -1900
---------------------------------------------------
52 17 8 8  
tracing VX  -1900   
 (v2) IS2 (1,1) 900
 trace vx 51 15 -2800
---------------------------------------------------
51 15 7 7  
tracing VX  -2800   
 (v2) IS2 (3,1) -3100
 trace vx 50 11 300
---------------------------------------------------
50 11 5 5  
tracing VX  300   
 (v2) IS2 (1,1) 1900
 trace vx 49 9 -1600
---------------------------------------------------
49 9 4 4  
tracing VX  -1600   
 (v2) IS2 (1,1) 500
 trace vx 48 7 -2100
---------------------------------------------------
48 7 3 3  
tracing VX  -2100   
 (v2) IS2 (1,1) 1100
 trace vx 47 5 -3200
---------------------------------------------------
47 5 2 2  
tracing VX  -3200   
 (v1) hairpin 5, -3200 
---------------------------------------------------
22 13 6 6  
tracing VX  2200   
 (v2) IS2 (1,1) 2100
 trace vx 21 11 100
---------------------------------------------------
21 11 5 5  
tracing VX  100   
 (v2) IS2 (1,1) 1800
 trace vx 20 9 -1700
---------------------------------------------------
20 9 4 4  
tracing VX  -1700   
 (v2) IS2 (1,1) 2100
 trace vx 19 7 -3800
---------------------------------------------------
19 7 3 3  
tracing VX  -3800   
 (v1) hairpin 7, -3800 
NAM  DQ5320
SRC  DQ5320 - 0..74::75
SEQ  +SS
       1 U   A   G   G   A   U   A   A   G   G   U   G   U   U   U   A   G   G   U   G
         0   1   2   3   4   5   6   7   8   9   10  11  12  13  14  15  16  17  18  19  
         69  68  67  66  65  64  63  62  .   22  21  20  19  .   .   .   .   .   .   12  

      21 C   A   C   G   G   A   G   A   A   A   U   U   U   U   G   A   A   U   U   C
         20  21  22  23  24  25  26  27  28  29  30  31  32  33  34  35  36  37  38  39  
         11  10  9   59  58  57  56  .   .   .   .   .   55  54  53  52  51  .   .   50  

      41 U   U   A   A   G   U   G   U   A   G   G   U   U   C   A   A   U   U   C   C
         40  41  42  43  44  45  46  47  48  49  50  51  52  53  54  55  56  57  58  59  
         49  48  47  .   .   .   .   42  41  40  39  36  35  34  33  32  26  25  24  23  

      61 U   A   U   U   G   U   C   C   U   A   G
         60  61  62  63  64  65  66  67  68  69  70  
         .   .   7   6   5   4   3   2   1   0   .   

true pairs 19.0	 found pairs 25.0	 agree 7.0 (sen=36.84 spe=28.00 -- C_ap = 32.12)
----------------------------------------------------------------------
   Log odds score:       15900 
energy (kcal/mol):      -15.90 
number of pairs found:      25.00 
number of pairs annotated:  19.00 
----------------------------------------------------------------------
Allow pseudoknots? NO
----------------------------------------------------------------------
Parameters (energy  units, kcal/mol)
 P1   parameter:         -0.00 
 P2   parameter:         -0.00 
 P3   parameter:          3.00 
 P4   parameter:         -0.00 
 P5   parameter:          4.60 
 P6   parameter:          0.40 
 P10  parameter:          0.10 
----------------------------------------------------------------------
