PKNOTS: optimal minimum-energy RNA folding with pseudoknots and coaxial energies
        PKNOTS 1.06 (MAY 2008) using squid 1.5m (Sept 1997)
---------------------------------------------------
Folding sequences from:  /groups/eddy/home/rivase/src/src/pknots/versions/pknots-1.06/Demos/DR7741.sqd 
---------------------------------------------------



	             SS  >>>>>>>..>>>>........<<<<.>>>>>.......<<<<<.....>>
	         DR7741  GACCGUGUGGCCUAAUGGAUAAGGCGUCGGACUUCGGAUCCGAAGAUUGC

	             SS  >>>.......<<<<<<<<<<<<.
	         DR7741  AGGUUCGAAUCCUGUCACGGUCG

---------------------------------------------------
---------------------------------------------------
72 72 36 35  
tracing WX 26900 
 (W4) SR, trace vx 71 71 25200
---------------------------------------------------
71 71 35 35  
tracing VX  25200   
 (v2) IS2 (1,1) 2300
 trace vx 70 69 22900
---------------------------------------------------
70 69 34 34  
tracing VX  22900   
 (v2) IS2 (1,1) 2100
 trace vx 69 67 20800
---------------------------------------------------
69 67 33 33  
tracing VX  20800   
 (v2) IS2 (1,1) 2900
 trace vx 68 65 17900
---------------------------------------------------
68 65 32 32  
tracing VX  17900   
 (v2) IS2 (1,1) 2000
 trace vx 67 63 15900
---------------------------------------------------
67 63 31 31  
tracing VX  15900   
 (v2) IS2 (1,1) 2100
 trace vx 66 61 13800
---------------------------------------------------
66 61 30 30  
tracing VX  13800   
 (v2) IS2 (1,1) 1800
 trace vx 65 59 12000
---------------------------------------------------
65 59 29 29  
tracing VX  12000   
 (v5_1) multiloop wbx 47 40 10200
 (v5_1) multiloop vx  64 16 4200
---------------------------------------------------
64 16 8 7  
tracing VX  4200   
 (v2) IS2 (1,1) 2100
 trace vx 63 14 2100
---------------------------------------------------
63 14 7 6  
tracing VX  2100   
 (v2) IS2 (1,1) 1800
 trace vx 62 12 300
---------------------------------------------------
62 12 6 5  
tracing VX  300   
 (v2) IS2 (1,1) 1700
 trace vx 61 10 -1400
---------------------------------------------------
61 10 5 4  
tracing VX  -1400   
 (v2) IS2 (1,1) 2900
 trace vx 60 8 -4300
---------------------------------------------------
60 8 4 3  
tracing VX  -4300   
 (v1) hairpin 8, -4300 
---------------------------------------------------
47 40 20 19  
tracing WBX 10200 
 (WB5) SL, trace wbx  47 39 10600
---------------------------------------------------
47 39 19 19  
tracing WBX 10600 
 (WB5) SL, trace wbx  47 38 11000
---------------------------------------------------
47 38 19 18  
tracing WBX 11000 
 (WB6) SR, trace wbx 46 37 11400
---------------------------------------------------
46 37 18 18  
tracing WBX 11400 
 (WB6) SR, trace wbx 45 36 11800
---------------------------------------------------
45 36 18 17  
tracing WBX 11800 
 (WB6) SR, trace wbx 44 35 12200
---------------------------------------------------
44 35 17 17  
tracing WBX 12200 
 (WB6) SR, trace wbx 43 34 12600
---------------------------------------------------
43 34 17 16  
tracing WBX 12600 
 (WB7) trace wbx  25 16 5100
 (WB7) trace wbx  7500
---------------------------------------------------
43 17 8 8  
tracing WBX 7500 
 (WB4) SR, trace vx 42 16 7200
---------------------------------------------------
42 16 8 7  
tracing VX  7200   
 (v2) IS2 (1,1) 2300
 trace vx 41 14 4900
---------------------------------------------------
41 14 7 6  
tracing VX  4900   
 (v2) IS2 (1,1) 2000
 trace vx 40 12 2900
---------------------------------------------------
40 12 6 5  
tracing VX  2900   
 (v2) IS2 (1,1) 2900
 trace vx 39 10 0
---------------------------------------------------
39 10 5 4  
tracing VX  0   
 (v2) IS2 (1,1) 2300
 trace vx 38 8 -2300
---------------------------------------------------
38 8 4 3  
tracing VX  -2300   
 (v2) IS2 (1,2) -1800
 trace vx 36 5 -500
---------------------------------------------------
36 5 2 2  
tracing VX  -500   
 (v1) hairpin 5, -500 
---------------------------------------------------
25 16 8 7  
tracing WBX 5100 
 (WB4) SR, trace vx 24 15 3900
---------------------------------------------------
24 15 7 7  
tracing VX  3900   
 (v2) IS2 (1,1) 3400
 trace vx 23 13 500
---------------------------------------------------
23 13 6 6  
tracing VX  500   
 (v2) IS2 (1,1) 2900
 trace vx 22 11 -2400
---------------------------------------------------
22 11 5 5  
tracing VX  -2400   
 (v2) IS2 (1,1) 1700
 trace vx 21 9 -4100
---------------------------------------------------
21 9 4 4  
tracing VX  -4100   
 (v1) hairpin 9, -4100 
NAM  DR7741
SRC  DR7741 - 0..74::75
SEQ  +SS
       1 G   A   C   C   G   U   G   U   G   G   C   C   U   A   A   U   G   G   A   U
         0   1   2   3   4   5   6   7   8   9   10  11  12  13  14  15  16  17  18  19  
         71  70  69  68  67  66  65  .   .   24  23  22  21  .   .   .   .   .   .   .   

      21 A   A   G   G   C   G   U   C   G   G   A   C   U   U   C   G   G   A   U   C
         20  21  22  23  24  25  26  27  28  29  30  31  32  33  34  35  36  37  38  39  
         .   12  11  10  9   .   42  41  40  39  38  36  .   .   .   .   31  .   30  29  

      41 C   G   A   A   G   A   U   U   G   C   A   G   G   U   U   C   G   A   A   U
         40  41  42  43  44  45  46  47  48  49  50  51  52  53  54  55  56  57  58  59  
         28  27  26  .   .   .   .   .   64  63  62  61  60  .   .   .   .   .   .   .   

      61 C   C   U   G   U   C   A   C   G   G   U   C   G
         60  61  62  63  64  65  66  67  68  69  70  71  72  
         52  51  50  49  48  6   5   4   3   2   1   0   .   

true pairs 21.0	 found pairs 22.0	 agree 21.0 (sen=100.00 spe=95.45 -- C_ap = 97.70)
----------------------------------------------------------------------
   Log odds score:       26900 
energy (kcal/mol):      -26.90 
number of pairs found:      22.00 
number of pairs annotated:  21.00 
----------------------------------------------------------------------
Allow pseudoknots? NO
----------------------------------------------------------------------
Parameters (energy  units, kcal/mol)
 P1   parameter:         -0.00 
 P2   parameter:         -0.00 
 P3   parameter:          3.00 
 P4   parameter:         -0.00 
 P5   parameter:          4.60 
 P6   parameter:          0.40 
 P10  parameter:          0.10 
----------------------------------------------------------------------
