PKNOTS: optimal minimum-energy RNA folding with pseudoknots and coaxial energies
        PKNOTS 1.06 (MAY 2008) using squid 1.5m (Sept 1997)
---------------------------------------------------
Folding sequences from:  /groups/eddy/home/rivase/src/src/pknots/versions/pknots-1.06/Demos/DV3200.sqd 
---------------------------------------------------



	             SS  >>>>>>>..>>>>.......<<<<.>>>>>.......<<<<<.....>>>
	         DV3200  AGGGGUAUAACUCAGCGGUAGAGUGUCACCUUGACGUGGUGGAAGUCAUC

	             SS  >>.......<<<<<<<<<<<<.
	         DV3200  AGUUCGAACCUGAUUAUCCCUA

---------------------------------------------------
---------------------------------------------------
71 71 35 35  
tracing WX 17600 
 (W4) SR, trace vx 70 70 16900
---------------------------------------------------
70 70 35 34  
tracing VX  16900   
 (v2) IS2 (1,1) 1700
 trace vx 69 68 15200
---------------------------------------------------
69 68 34 33  
tracing VX  15200   
 (v2) IS2 (1,1) 2900
 trace vx 68 66 12300
---------------------------------------------------
68 66 33 32  
tracing VX  12300   
 (v2) IS2 (1,1) 2900
 trace vx 67 64 9400
---------------------------------------------------
67 64 32 31  
tracing VX  9400   
 (v2) IS2 (1,1) 1400
 trace vx 66 62 8000
---------------------------------------------------
66 62 31 30  
tracing VX  8000   
 (v2) IS2 (1,1) 1000
 trace vx 65 60 7000
---------------------------------------------------
65 60 30 29  
tracing VX  7000   
 (v2) IS2 (1,1) 1100
 trace vx 64 58 5900
---------------------------------------------------
64 58 29 28  
tracing VX  5900   
 (v5_8) multiloop wbx 51 43 10600
 (v5_8) multiloop vx  62 9 -400
---------------------------------------------------
62 9 4 4  
tracing VX  -400   
 (v2) IS2 (1,1) 2300
 trace vx 61 7 -2700
---------------------------------------------------
61 7 3 3  
tracing VX  -2700   
 (v2) IS2 (1,1) 1200
 trace vx 60 5 -3900
---------------------------------------------------
60 5 2 2  
tracing VX  -3900   
 (v1) hairpin 5, -3900 
---------------------------------------------------
51 43 21 21  
tracing WBX 10600 
 (WB7) trace wbx  35 27 7200
 (WB7) trace wbx  3400
---------------------------------------------------
51 15 7 7  
tracing WBX 3400 
 (WB4) SR, trace vx 50 14 3100
---------------------------------------------------
50 14 7 6  
tracing VX  3100   
 (v2) IS2 (1,1) 1800
 trace vx 49 12 1300
---------------------------------------------------
49 12 6 5  
tracing VX  1300   
 (v2) IS2 (1,1) 1400
 trace vx 48 10 -100
---------------------------------------------------
48 10 5 4  
tracing VX  -100   
 (v2) IS2 (1,1) 1000
 trace vx 47 8 -1100
---------------------------------------------------
47 8 4 3  
tracing VX  -1100   
 (v2) IS2 (1,1) 1800
 trace vx 46 6 -2900
---------------------------------------------------
46 6 3 2  
tracing VX  -2900   
 (v1) hairpin 6, -2900 
---------------------------------------------------
35 27 13 13  
tracing WBX 7200 
 (WB8.4) dangle i, trace vx 23 14 2500
 (WB8.4) dangle j, trace vx 34 10 1900
---------------------------------------------------
34 10 5 4  
tracing VX  1900   
 (v2) IS2 (1,1) 2100
 trace vx 33 8 -200
---------------------------------------------------
33 8 4 3  
tracing VX  -200   
 (v2) IS2 (1,1) 2300
 trace vx 32 6 -2500
---------------------------------------------------
32 6 3 2  
tracing VX  -2500   
 (v1) hairpin 6, -2500 
---------------------------------------------------
23 14 7 6  
tracing VX  2500   
 (v2) IS2 (1,1) 2100
 trace vx 22 12 400
---------------------------------------------------
22 12 6 5  
tracing VX  400   
 (v2) IS2 (1,1) 1700
 trace vx 21 10 -1300
---------------------------------------------------
21 10 5 4  
tracing VX  -1300   
 (v2) IS2 (1,1) 2300
 trace vx 20 8 -3600
---------------------------------------------------
20 8 4 3  
tracing VX  -3600   
 (v1) hairpin 8, -3600 
NAM  DV3200
SRC  DV3200 - 0..74::75
SEQ  +SS
       1 A   G   G   G   G   U   A   U   A   A   C   U   C   A   G   C   G   G   U   A
         0   1   2   3   4   5   6   7   8   9   10  11  12  13  14  15  16  17  18  19  
         70  69  68  67  66  65  64  .   .   23  22  21  20  .   .   .   .   .   .   .   

      21 G   A   G   U   G   U   C   A   C   C   U   U   G   A   C   G   U   G   G   U
         20  21  22  23  24  25  26  27  28  29  30  31  32  33  34  35  36  37  38  39  
         12  11  10  9   34  33  32  .   .   .   .   .   26  25  24  .   50  49  48  47  

      41 G   G   A   A   G   U   C   A   U   C   A   G   U   U   C   G   A   A   C   C
         40  41  42  43  44  45  46  47  48  49  50  51  52  53  54  55  56  57  58  59  
         46  .   .   .   .   .   40  39  38  37  36  .   .   62  61  60  .   .   .   .   

      61 U   G   A   U   U   A   U   C   C   C   U   A
         60  61  62  63  64  65  66  67  68  69  70  71  
         55  54  53  .   6   5   4   3   2   1   0   .   

true pairs 21.0	 found pairs 22.0	 agree 11.0 (sen=52.38 spe=50.00 -- C_ap = 51.18)
----------------------------------------------------------------------
   Log odds score:       17600 
energy (kcal/mol):      -17.60 
number of pairs found:      22.00 
number of pairs annotated:  21.00 
----------------------------------------------------------------------
Allow pseudoknots? NO
----------------------------------------------------------------------
Parameters (energy  units, kcal/mol)
 P1   parameter:         -0.00 
 P2   parameter:         -0.00 
 P3   parameter:          3.00 
 P4   parameter:         -0.00 
 P5   parameter:          4.60 
 P6   parameter:          0.40 
 P10  parameter:          0.10 
----------------------------------------------------------------------
