PKNOTS: optimal minimum-energy RNA folding with pseudoknots and coaxial energies
        PKNOTS 1.06 (MAY 2008) using squid 1.5m (Sept 1997)
---------------------------------------------------
Folding sequences from:  /groups/eddy/home/rivase/src/src/pknots/versions/pknots-1.06/Demos/DW0500.sqd 
---------------------------------------------------



	             SS  >>>>>>>..>>>>.........<<<<.>>>>>.......<<<<<.....>
	         DW0500  GGGGCUGUGGCCAAGCCCGGCAUGGCGACUGACUCCAGAUCAGUCGAUCG

	             SS  >>>>.......<<<<<<<<<<<<.
	         DW0500  GGGGUUCAAAUCCCUCCGGCCCCA

---------------------------------------------------
73 73 36 36  
tracing WX 33700 
 (W4) SR, trace vx 72 72 32000
---------------------------------------------------
72 72 36 35  
tracing VX  32000   
 (v2) IS2 (1,1) 2900
 trace vx 71 70 29100
---------------------------------------------------
71 70 35 34  
tracing VX  29100   
 (v2) IS2 (1,1) 2900
 trace vx 70 68 26200
---------------------------------------------------
70 68 34 33  
tracing VX  26200   
 (v2) IS2 (1,1) 2900
 trace vx 69 66 23300
---------------------------------------------------
69 66 33 32  
tracing VX  23300   
 (v2) IS2 (1,1) 3400
 trace vx 68 64 19900
---------------------------------------------------
68 64 32 31  
tracing VX  19900   
 (v2) IS2 (1,1) 1900
 trace vx 67 62 18000
---------------------------------------------------
67 62 31 30  
tracing VX  18000   
 (v2) IS2 (1,1) 1200
 trace vx 66 60 16800
---------------------------------------------------
66 60 30 29  
tracing VX  16800   
 (v2) IS2 (2,1) -1000
 trace vx 65 57 17800
---------------------------------------------------
65 57 28 28  
tracing VX  17800   
 (v4_3) multiloop, trace vx  20 11 3600
 (v4_3) multiloop, trace wbx 64 42 14800
---------------------------------------------------
64 42 21 20  
tracing WBX 14800 
 (WB8.3) trace vx 49 27 8700
 (WB8.3) dangle j, trace vx 63 13 3600
---------------------------------------------------
63 13 6 6  
tracing VX  3600   
 (v2) IS2 (1,1) 2900
 trace vx 62 11 700
---------------------------------------------------
62 11 5 5  
tracing VX  700   
 (v2) IS2 (1,1) 2900
 trace vx 61 9 -2200
---------------------------------------------------
61 9 4 4  
tracing VX  -2200   
 (v2) IS2 (1,1) 1400
 trace vx 60 7 -3600
---------------------------------------------------
60 7 3 3  
tracing VX  -3600   
 (v2) IS2 (1,1) 1000
 trace vx 59 5 -4600
---------------------------------------------------
59 5 2 2  
tracing VX  -4600   
 (v1) hairpin 5, -4600 
---------------------------------------------------
49 27 13 13  
tracing VX  8700   
 (v2) IS2 (1,1) 1200
 trace vx 48 25 7500
---------------------------------------------------
48 25 12 12  
tracing VX  7500   
 (v2) IS2 (1,1) 1400
 trace vx 47 23 6100
---------------------------------------------------
47 23 11 11  
tracing VX  6100   
 (v2) IS2 (1,2) -1800
 trace vx 45 20 7900
---------------------------------------------------
45 20 10 9  
tracing VX  7900   
 (v2) IS2 (1,1) 2000
 trace vx 44 18 5900
---------------------------------------------------
44 18 9 8  
tracing VX  5900   
 (v2) IS2 (1,1) 2300
 trace vx 43 16 3600
---------------------------------------------------
43 16 8 7  
tracing VX  3600   
 (v2) IS2 (1,1) 2100
 trace vx 42 14 1500
---------------------------------------------------
42 14 7 6  
tracing VX  1500   
 (v2) IS2 (1,1) 1700
 trace vx 41 12 -200
---------------------------------------------------
41 12 6 5  
tracing VX  -200   
 (v2) IS2 (1,1) 1800
 trace vx 40 10 -2000
---------------------------------------------------
40 10 5 4  
tracing VX  -2000   
 (v2) IS2 (1,1) 2300
 trace vx 39 8 -4300
---------------------------------------------------
39 8 4 3  
tracing VX  -4300   
 (v1) hairpin 8, -4300 
---------------------------------------------------
20 11 5 5  
tracing VX  3600   
 (v2) IS2 (1,1) 3400
 trace vx 19 9 200
---------------------------------------------------
19 9 4 4  
tracing VX  200   
 (v2) IS2 (1,1) 2900
 trace vx 18 7 -2700
---------------------------------------------------
18 7 3 3  
tracing VX  -2700   
 (v1) hairpin 7, -2700 
NAM  DW0500
SRC  DW0500 - 0..74::75
SEQ  +SS
       1 G   G   G   G   C   U   G   U   G   G   C   C   A   A   G   C   C   C   G   G
         0   1   2   3   4   5   6   7   8   9   10  11  12  13  14  15  16  17  18  19  
         72  71  70  69  68  67  66  .   65  20  19  18  .   .   .   .   .   .   11  10  

      21 C   A   U   G   G   C   G   A   C   U   G   A   C   U   C   C   A   G   A   U
         20  21  22  23  24  25  26  27  28  29  30  31  32  33  34  35  36  37  38  39  
         9   .   49  48  47  45  44  43  42  41  40  39  .   .   .   .   .   .   .   31  

      41 C   A   G   U   C   G   A   U   C   G   G   G   G   G   U   U   C   A   A   A
         40  41  42  43  44  45  46  47  48  49  50  51  52  53  54  55  56  57  58  59  
         30  29  28  27  26  25  .   24  23  22  63  62  61  60  59  .   .   .   .   54  

      61 U   C   C   C   U   C   C   G   G   C   C   C   C   A
         60  61  62  63  64  65  66  67  68  69  70  71  72  73  
         53  52  51  50  .   8   6   5   4   3   2   1   0   .   

true pairs 21.0	 found pairs 26.0	 agree 12.0 (sen=57.14 spe=46.15 -- C_ap = 51.36)
----------------------------------------------------------------------
   Log odds score:       33700 
energy (kcal/mol):      -33.70 
number of pairs found:      26.00 
number of pairs annotated:  21.00 
----------------------------------------------------------------------
Allow pseudoknots? YES
----------------------------------------------------------------------
Parameters (energy units, kcal/mol)
 wkn  parameter:          0.83 (pseudoknots weight)
 P1   parameter:         -0.00 
 P2   parameter:         -0.00 
 P3   parameter:          3.00 
 P4   parameter:         -0.00 
 P5   parameter:          4.60 
 P5P  parameter:          8.43 
 P6   parameter:          0.40 
 P6P  parameter:          0.24 
 P10  parameter:          0.10 
 P10P parameter:          0.10 
 P11  parameter:          7.00 
 P12  parameter:          6.00 
 P13  parameter:         16.00 
 full pseudoknot model.
----------------------------------------------------------------------
