PKNOTS: optimal minimum-energy RNA folding with pseudoknots and coaxial energies
        PKNOTS 1.06 (MAY 2008) using squid 1.5m (Sept 1997)
---------------------------------------------------
Folding sequences from:  /groups/eddy/home/rivase/src/src/pknots/versions/pknots-1.06/Demos/DY4840.sqd 
---------------------------------------------------



	             SS  >>>>>>>..>>>........<<<.>>>>>.......<<<<<....>>>>.
	         DY4840  GAUUAAGUGGCUGAAGUUUAGGCGAUAGAUUGUAAAUCUAUAUAUAAGAU

	             SS  ....<<<<<<<<<<<.
	         DY4840  UUAUUCUUCUUAAUCA

---------------------------------------------------
65 65 32 32  
tracing WX 14900 
 (W4) SR, trace vx 64 64 13200
---------------------------------------------------
64 64 32 31  
tracing VX  13200   
 (v2) IS2 (1,1) 2300
 trace vx 63 62 10900
---------------------------------------------------
63 62 31 30  
tracing VX  10900   
 (v2) IS2 (1,1) 900
 trace vx 62 60 10000
---------------------------------------------------
62 60 30 29  
tracing VX  10000   
 (v2) IS2 (1,1) 900
 trace vx 61 58 9100
---------------------------------------------------
61 58 29 28  
tracing VX  9100   
 (v2) IS2 (1,1) 1100
 trace vx 60 56 8000
---------------------------------------------------
60 56 28 27  
tracing VX  8000   
 (v2) IS2 (1,1) 900
 trace vx 59 54 7100
---------------------------------------------------
59 54 27 26  
tracing VX  7100   
 (v2) IS2 (1,1) 1700
 trace vx 58 52 5400
---------------------------------------------------
58 52 26 25  
tracing VX  5400   
 (v5_8) multiloop wbx 24 16 2600
 (v5_8) multiloop vx  56 30 5700
---------------------------------------------------
56 30 15 14  
tracing VX  5700   
 (v2) IS2 (1,1) 1700
 trace vx 55 28 4000
---------------------------------------------------
55 28 14 13  
tracing VX  4000   
 (v2) IS2 (1,1) 2300
 trace vx 54 26 1700
---------------------------------------------------
54 26 13 12  
tracing VX  1700   
 (v2) IS2 (3,1) -3100
 trace vx 53 22 4800
---------------------------------------------------
53 22 11 10  
tracing VX  4800   
 (v2) IS2 (1,1) 1000
 trace vx 52 20 3800
---------------------------------------------------
52 20 10 9  
tracing VX  3800   
 (v2) IS2 (1,1) 1100
 trace vx 51 18 2700
---------------------------------------------------
51 18 9 8  
tracing VX  2700   
 (v2) IS2 (1,1) 900
 trace vx 50 16 1800
---------------------------------------------------
50 16 8 7  
tracing VX  1800   
 (v2) IS2 (1,1) 900
 trace vx 49 14 900
---------------------------------------------------
49 14 7 6  
tracing VX  900   
 (v2) IS2 (1,1) 900
 trace vx 48 12 0
---------------------------------------------------
48 12 6 5  
tracing VX  0   
 (v2) IS2 (1,1) 2300
 trace vx 47 10 -2300
---------------------------------------------------
47 10 5 4  
tracing VX  -2300   
 (v2) IS2 (1,1) 1700
 trace vx 46 8 -4000
---------------------------------------------------
46 8 4 3  
tracing VX  -4000   
 (v1) hairpin 8, -4000 
---------------------------------------------------
24 16 8 7  
tracing WBX 2600 
 (WB5) SL, trace wbx  24 15 3000
---------------------------------------------------
24 15 7 7  
tracing WBX 3000 
 (WB6) SR, trace wbx 23 14 3400
---------------------------------------------------
23 14 7 6  
tracing WBX 3400 
 (WB4) SR, trace vx 22 13 2200
---------------------------------------------------
22 13 6 6  
tracing VX  2200   
 (v2) IS2 (1,1) 3400
 trace vx 21 11 -1200
---------------------------------------------------
21 11 5 5  
tracing VX  -1200   
 (v2) IS2 (1,1) 1900
 trace vx 20 9 -3100
---------------------------------------------------
20 9 4 4  
tracing VX  -3100   
 (v1) hairpin 9, -3100 
NAM  DY4840
SRC  DY4840 - 0..74::75
SEQ  +SS
       1 G   A   U   U   A   A   G   U   G   G   C   U   G   A   A   G   U   U   U   A
         0   1   2   3   4   5   6   7   8   9   10  11  12  13  14  15  16  17  18  19  
         64  63  62  61  60  59  58  .   .   22  21  20  .   .   .   .   .   .   .   .   

      21 G   G   C   G   A   U   A   G   A   U   U   G   U   A   A   A   U   C   U   A
         20  21  22  23  24  25  26  27  28  29  30  31  32  33  34  35  36  37  38  39  
         11  10  9   .   .   .   56  55  54  .   .   53  52  51  50  49  48  47  46  .   

      41 U   A   U   A   U   A   A   G   A   U   U   U   A   U   U   C   U   U   C   U
         40  41  42  43  44  45  46  47  48  49  50  51  52  53  54  55  56  57  58  59  
         .   .   .   .   .   .   38  37  36  35  34  33  32  31  28  27  26  .   6   5   

      61 U   A   A   U   C   A
         60  61  62  63  64  65  
         4   3   2   1   0   .   

true pairs 19.0	 found pairs 21.0	 agree 10.0 (sen=52.63 spe=47.62 -- C_ap = 50.06)
----------------------------------------------------------------------
   Log odds score:       14900 
energy (kcal/mol):      -14.90 
number of pairs found:      21.00 
number of pairs annotated:  19.00 
----------------------------------------------------------------------
Allow pseudoknots? YES
----------------------------------------------------------------------
Parameters (energy units, kcal/mol)
 wkn  parameter:          0.83 (pseudoknots weight)
 P1   parameter:         -0.00 
 P2   parameter:         -0.00 
 P3   parameter:          3.00 
 P4   parameter:         -0.00 
 P5   parameter:          4.60 
 P5P  parameter:          8.43 
 P6   parameter:          0.40 
 P6P  parameter:          0.24 
 P10  parameter:          0.10 
 P10P parameter:          0.10 
 P11  parameter:          7.00 
 P12  parameter:          6.00 
 P13  parameter:         16.00 
 full pseudoknot model.
----------------------------------------------------------------------
