PKNOTS: optimal minimum-energy RNA folding with pseudoknots and coaxial energies
        PKNOTS 1.06 (MAY 2008) using squid 1.5m (Sept 1997)
---------------------------------------------------
Folding sequences from:  /groups/eddy/home/rivase/src/src/pknots/versions/pknots-1.06/Demos/HDV_anti.sqd 
---------------------------------------------------



	             SS  .>>>>>>.......AAAAA>>>.......<<<<<<<<<....>>>>>>>.
	HDV_antigenomic  GGGUCGGCAUGGCAUCUCCACCUCCUCGCGGUCCGACCUGGGCAUCCGAA

	             SS  ...>>>>....<<<<..<<<<<<<......aaaaa......
	HDV_antigenomic  GGAGGACGCACGUCCACUCGGAUGGCUAAGGGAGAGCCACU

---------------------------------------------------
---------------------------------------------------
90 90 45 44  
tracing WX 32300 
 (W5) SL, trace wx  90 89 32300
---------------------------------------------------
90 89 44 44  
tracing WX 32300 
 (W5) SL, trace wx  90 88 32300
---------------------------------------------------
90 88 44 43  
tracing WX 32300 
 (W5) SL, trace wx  90 87 32300
---------------------------------------------------
90 87 43 43  
tracing WX 32300 
 (W5) SL, trace wx  90 86 32300
---------------------------------------------------
90 86 43 42  
tracing WX 32300 
 (W5) SL, trace wx  90 85 32300
---------------------------------------------------
90 85 42 42  
tracing WX 32300 
 (W5) SL, trace wx  90 84 32300
---------------------------------------------------
90 84 42 41  
tracing WX 32300 
 (W5) SL, trace wx  90 83 32300
---------------------------------------------------
90 83 41 41  
tracing WX 32300 
 (W5) SL, trace wx  90 82 32300
---------------------------------------------------
90 82 41 40  
tracing WX 32300 
 (W6) SR, trace wx 89 81 32300
---------------------------------------------------
89 81 40 40  
tracing WX 32300 
 (W2) SR SL, trace vx 88 79 31500
---------------------------------------------------
88 79 39 39  
tracing VX  31500   
 (v2) IS2 (1,1) 1800
 trace vx 87 77 29700
---------------------------------------------------
87 77 38 38  
tracing VX  29700   
 (v2) IS2 (1,1) 2900
 trace vx 86 75 26800
---------------------------------------------------
86 75 37 37  
tracing VX  26800   
 (v2) IS2 (1,1) 3400
 trace vx 85 73 23400
---------------------------------------------------
85 73 36 36  
tracing VX  23400   
 (v2) IS2 (2,1) -2200
 trace vx 84 70 25600
---------------------------------------------------
84 70 35 34  
tracing VX  25600   
 (v2) IS2 (1,1) 2300
 trace vx 83 68 23300
---------------------------------------------------
83 68 34 33  
tracing VX  23300   
 (v2) IS2 (1,1) 1700
 trace vx 82 66 21600
---------------------------------------------------
82 66 33 32  
tracing VX  21600   
 (v2) IS2 (1,1) 2300
 trace vx 81 64 19300
---------------------------------------------------
81 64 32 31  
tracing VX  19300   
 (v2) IS2 (1,1) 2900
 trace vx 80 62 16400
---------------------------------------------------
80 62 31 30  
tracing VX  16400   
 (v4_7) multiloop, trace vx  54 34 11700
 (v4_7) multiloop, trace wbx 79 23 6300
---------------------------------------------------
79 23 11 11  
tracing WBX 6300 
 (WB6) SR, trace wbx 78 22 6700
---------------------------------------------------
78 22 11 10  
tracing WBX 6700 
 (WB6) SR, trace wbx 77 21 7100
---------------------------------------------------
77 21 10 10  
tracing WBX 7100 
 (WB6) SR, trace wbx 76 20 7500
---------------------------------------------------
76 20 10 9  
tracing WBX 7500 
 (WB2) SR SL, trace vx 75 18 6900
---------------------------------------------------
75 18 9 8  
tracing VX  6900   
 (v2) IS2 (1,1) 3400
 trace vx 74 16 3500
---------------------------------------------------
74 16 8 7  
tracing VX  3500   
 (v2) IS2 (2,1) -1000
 trace vx 73 13 4500
---------------------------------------------------
73 13 6 6  
tracing VX  4500   
 (v2) IS2 (1,1) 1200
 trace vx 72 11 3300
---------------------------------------------------
72 11 5 5  
tracing VX  3300   
 (v2) IS2 (1,1) 1000
 trace vx 71 9 2300
---------------------------------------------------
71 9 4 4  
tracing VX  2300   
 (v2) IS2 (1,1) 2300
 trace vx 70 7 0
---------------------------------------------------
70 7 3 3  
tracing VX  0   
 (v2) IS2 (1,1) 2900
 trace vx 69 5 -2900
---------------------------------------------------
69 5 2 2  
tracing VX  -2900   
 (v1) hairpin 5, -2900 
---------------------------------------------------
54 34 17 16  
tracing VX  11700   
 (v2) IS2 (1,1) 2900
 trace vx 53 32 8800
---------------------------------------------------
53 32 16 15  
tracing VX  8800   
 (v2) IS2 (1,1) 1700
 trace vx 52 30 7100
---------------------------------------------------
52 30 15 14  
tracing VX  7100   
 (v2) IS2 (1,1) 2300
 trace vx 51 28 4800
---------------------------------------------------
51 28 14 13  
tracing VX  4800   
 (v2) IS2 (1,1) 2900
 trace vx 50 26 1900
---------------------------------------------------
50 26 13 12  
tracing VX  1900   
 (v2) IS2 (1,1) 1700
 trace vx 49 24 200
---------------------------------------------------
49 24 12 11  
tracing VX  200   
 (v2) IS2 (1,2) -1600
 trace vx 47 21 1800
---------------------------------------------------
47 21 10 10  
tracing VX  1800   
 (v2) IS2 (1,1) 2000
 trace vx 46 19 -200
---------------------------------------------------
46 19 9 9  
tracing VX  -200   
 (v2) IS2 (2,1) -1000
 trace vx 45 16 800
---------------------------------------------------
45 16 8 7  
tracing VX  800   
 (v2) IS2 (1,3) -3100
 trace vx 42 12 3900
---------------------------------------------------
42 12 6 5  
tracing VX  3900   
 (v2) IS2 (1,1) 2100
 trace vx 41 10 1800
---------------------------------------------------
41 10 5 4  
tracing VX  1800   
 (v2) IS2 (1,1) 1400
 trace vx 40 8 400
---------------------------------------------------
40 8 4 3  
tracing VX  400   
 (v2) IS2 (1,1) 2900
 trace vx 39 6 -2500
---------------------------------------------------
39 6 3 2  
tracing VX  -2500   
 (v1) hairpin 6, -2500 
NAM  HDV_antigenomic
SRC  HDV_antigenomic - 0..90::91
SEQ  +SS
       1 G   G   G   U   C   G   G   C   A   U   G   G   C   A   U   C   U   C   C   A
         0   1   2   3   4   5   6   7   8   9   10  11  12  13  14  15  16  17  18  19  
         .   .   .   .   .   .   .   .   .   88  87  86  85  .   84  83  82  81  80  .   

      21 C   C   U   C   C   U   C   G   C   G   G   U   C   C   G   A   C   C   U   G
         20  21  22  23  24  25  26  27  28  29  30  31  32  33  34  35  36  37  38  39  
         54  53  52  51  50  49  47  46  .   45  42  41  40  39  .   .   .   .   .   33  

      41 G   G   C   A   U   C   C   G   A   A   G   G   A   G   G   A   C   G   C   A
         40  41  42  43  44  45  46  47  48  49  50  51  52  53  54  55  56  57  58  59  
         32  31  30  .   .   29  27  26  .   25  24  23  22  21  20  .   .   75  74  .   

      61 C   G   U   C   C   A   C   U   C   G   G   A   U   G   G   C   U   A   A   G
         60  61  62  63  64  65  66  67  68  69  70  71  72  73  74  75  76  77  78  79  
         73  72  71  70  69  .   .   .   .   64  63  62  61  60  58  57  .   .   .   .   

      81 G   G   A   G   A   G   C   C   A   C   U
         80  81  82  83  84  85  86  87  88  89  90  
         18  17  16  15  14  12  11  10  9   .   .   

true pairs 25.0	 found pairs 29.0	 agree 5.0 (sen=20.00 spe=17.24 -- C_ap = 18.57)
----------------------------------------------------------------------
   Log odds score:       32300 
energy (kcal/mol):      -32.30 
number of pairs found:      29.00 
number of pairs annotated:  25.00 
----------------------------------------------------------------------
Allow pseudoknots? NO
----------------------------------------------------------------------
Parameters (energy  units, kcal/mol)
 P1   parameter:         -0.00 
 P2   parameter:         -0.00 
 P3   parameter:          3.00 
 P4   parameter:         -0.00 
 P5   parameter:          4.60 
 P6   parameter:          0.40 
 P10  parameter:          0.10 
----------------------------------------------------------------------
