PKNOTS: optimal minimum-energy RNA folding with pseudoknots and coaxial energies
        PKNOTS 1.06 (MAY 2008) using squid 1.5m (Sept 1997)
---------------------------------------------------
Folding sequences from:  /groups/eddy/home/rivase/src/src/pknots/versions/pknots-1.06/Demos/HDV_anti.sqd 
---------------------------------------------------



	             SS  .>>>>>>.......AAAAA>>>.......<<<<<<<<<....>>>>>>>.
	HDV_antigenomic  GGGUCGGCAUGGCAUCUCCACCUCCUCGCGGUCCGACCUGGGCAUCCGAA

	             SS  ...>>>>....<<<<..<<<<<<<......aaaaa......
	HDV_antigenomic  GGAGGACGCACGUCCACUCGGAUGGCUAAGGGAGAGCCACU

---------------------------------------------------
90 90 45 44  
tracing WX 36131 
 (W6) SR, trace wx 89 89 36131
---------------------------------------------------
89 89 44 44  
tracing WX 36131 
 (W10.2) trace yhx 42 42 6 10 11816
 (W10.2) trace yhx 89 81 22 44 29044
---------------------------------------------------
89 81 22 44  
tracing YHX 29044 
 (YH2) SLE, SRE, trace vhx 88 79 21 43 28863 
---------------------------------------------------
88 79 21 43  
tracing VHX  28863 
 (vh2) trace vhx 88 79 1 1 1494 
 (vh2) trace vhx 87 77 20 42 27369 
---------------------------------------------------
87 77 20 42  
tracing VHX  27369 
 (vh2) trace vhx 87 77 1 1 2407 
 (vh2) trace vhx 86 75 19 41 24962 
---------------------------------------------------
86 75 19 41  
tracing VHX  24962 
 (vh2) trace vhx 86 75 1 1 2822 
 (vh2) trace vhx 85 73 18 40 22140 
---------------------------------------------------
85 73 18 40  
tracing VHX  22140 
 (vh2) trace vhx 85 73 2 1 -1826 
 (vh2) trace vhx 84 70 16 39 23966 
---------------------------------------------------
84 70 16 39  
tracing VHX  23966 
 (vh2) trace vhx 84 70 1 1 1909 
 (vh2) trace vhx 83 68 15 38 22057 
---------------------------------------------------
83 68 15 38  
tracing VHX  22057 
 (vh2) trace vhx 83 68 1 1 1411 
 (vh2) trace vhx 82 66 14 37 20646 
---------------------------------------------------
82 66 14 37  
tracing VHX  20646 
 (vh2) trace vhx 82 66 1 1 1909 
 (vh2) trace vhx 81 64 13 36 18737 
---------------------------------------------------
81 64 13 36  
tracing VHX  18737 
 (vh2) trace vhx 81 64 1 1 2407 
 (vh2) trace vhx 80 62 12 35 16330 
---------------------------------------------------
80 62 12 35  
tracing VHX  16330 
 (vh2) trace vhx 80 62 10 33 12263 
 (vh2) trace vhx 47 19 2 2 4067 
---------------------------------------------------
47 19 2 2  
tracing VHX  4067 
 (vh2) trace vhx 47 19 1 1 1660 
 (vh2) trace vhx 46 17 1 1 2407 
---------------------------------------------------
46 17 1 1  
tracing VHX  2407 
 (vh1) IS2 (1,1) 46 17 2407 
---------------------------------------------------
47 19 1 1  
tracing VHX  1660 
 (vh1) IS2 (1,1) 47 19 1660 
---------------------------------------------------
80 62 10 33  
tracing VHX  12263 
 (vh3.7) multiloop, trace whx  79 59 7 30 17007 
---------------------------------------------------
79 59 7 30  
tracing whx 17007 
 (WH4.2) SRE, trace whx 78 58 7 29 17207 
---------------------------------------------------
78 58 7 29  
tracing whx 17207 
 (WH4.2) SRE, trace whx 77 57 7 28 17407 
---------------------------------------------------
77 57 7 28  
tracing whx 17407 
 (WH4.2) SRE, trace whx 76 56 7 27 17607 
---------------------------------------------------
76 56 7 27  
tracing whx 17607 
 (WH4.4) SRI, trace whx 76 56 6 27 17807 
---------------------------------------------------
76 56 6 27  
tracing whx 17807 
 (WH3.4) SRI, trace yhx 76 56 5 27 17675 
---------------------------------------------------
76 56 5 27  
tracing YHX 17675 
 (YH9) ER, trace wbx 76 20 7500 
 (YH9) ER, trace yhx 55 35 5 6 10175 
---------------------------------------------------
55 35 5 6  
tracing YHX 10175 
 (YH4) SRE, trace vhx 54 34 5 5 9545 
---------------------------------------------------
54 34 5 5  
tracing VHX  9545 
 (vh2) trace vhx 54 34 1 1 2407 
 (vh2) trace vhx 53 32 4 4 7138 
---------------------------------------------------
53 32 4 4  
tracing VHX  7138 
 (vh2) trace vhx 53 32 1 1 1411 
 (vh2) trace vhx 52 30 3 3 5727 
---------------------------------------------------
52 30 3 3  
tracing VHX  5727 
 (vh2) trace vhx 52 30 1 1 1909 
 (vh2) trace vhx 51 28 2 2 3818 
---------------------------------------------------
51 28 2 2  
tracing VHX  3818 
 (vh2) trace vhx 51 28 1 1 2407 
 (vh2) trace vhx 50 26 1 1 1411 
---------------------------------------------------
50 26 1 1  
tracing VHX  1411 
 (vh1) IS2 (1,1) 50 26 1411 
---------------------------------------------------
51 28 1 1  
tracing VHX  2407 
 (vh1) IS2 (1,1) 51 28 2407 
---------------------------------------------------
52 30 1 1  
tracing VHX  1909 
 (vh1) IS2 (1,1) 52 30 1909 
---------------------------------------------------
53 32 1 1  
tracing VHX  1411 
 (vh1) IS2 (1,1) 53 32 1411 
---------------------------------------------------
54 34 1 1  
tracing VHX  2407 
 (vh1) IS2 (1,1) 54 34 2407 
---------------------------------------------------
76 20 10 9  
tracing WBX 7500 
 (WB2) SR SL, trace vx 75 18 6900
---------------------------------------------------
75 18 9 8  
tracing VX  6900   
 (v2) IS2 (1,1) 3400
 trace vx 74 16 3500
---------------------------------------------------
74 16 8 7  
tracing VX  3500   
 (v2) IS2 (2,1) -1000
 trace vx 73 13 4500
---------------------------------------------------
73 13 6 6  
tracing VX  4500   
 (v2) IS2 (1,1) 1200
 trace vx 72 11 3300
---------------------------------------------------
72 11 5 5  
tracing VX  3300   
 (v2) IS2 (1,1) 1000
 trace vx 71 9 2300
---------------------------------------------------
71 9 4 4  
tracing VX  2300   
 (v2) IS2 (1,1) 2300
 trace vx 70 7 0
---------------------------------------------------
70 7 3 3  
tracing VX  0   
 (v2) IS2 (1,1) 2900
 trace vx 69 5 -2900
---------------------------------------------------
69 5 2 2  
tracing VX  -2900   
 (v1) hairpin 5, -2900 
---------------------------------------------------
81 64 1 1  
tracing VHX  2407 
 (vh1) IS2 (1,1) 81 64 2407 
---------------------------------------------------
82 66 1 1  
tracing VHX  1909 
 (vh1) IS2 (1,1) 82 66 1909 
---------------------------------------------------
83 68 1 1  
tracing VHX  1411 
 (vh1) IS2 (1,1) 83 68 1411 
---------------------------------------------------
84 70 1 1  
tracing VHX  1909 
 (vh1) IS2 (1,1) 84 70 1909 
---------------------------------------------------
85 73 2 1  
tracing VHX  -1826 
 (vh1) IS2 (2,1) 85 73 -1826 
---------------------------------------------------
86 75 1 1  
tracing VHX  2822 
 (vh1) IS2 (1,1) 86 75 2822 
---------------------------------------------------
87 77 1 1  
tracing VHX  2407 
 (vh1) IS2 (1,1) 87 77 2407 
---------------------------------------------------
88 79 1 1  
tracing VHX  1494 
 (vh1) IS2 (1,1) 88 79 1494 
---------------------------------------------------
42 42 6 10  
tracing YHX 11816 
 (YH6) SRE, trace yhx 41 41 6 9 12016 
---------------------------------------------------
41 41 6 9  
tracing YHX 12016 
 (YH6) SRE, trace yhx 40 40 6 8 12216 
---------------------------------------------------
40 40 6 8  
tracing YHX 12216 
 (YH6) SRE, trace yhx 39 39 6 7 12416 
---------------------------------------------------
39 39 6 7  
tracing YHX 12416 
 (YH4) SRE, trace vhx 38 38 6 6 11703 
---------------------------------------------------
38 38 6 6  
tracing VHX  11703 
 (vh2) trace vhx 38 38 1 1 1577 
 (vh2) trace vhx 37 36 5 5 10126 
---------------------------------------------------
37 36 5 5  
tracing VHX  10126 
 (vh2) trace vhx 37 36 1 1 2407 
 (vh2) trace vhx 36 34 4 4 7719 
---------------------------------------------------
36 34 4 4  
tracing VHX  7719 
 (vh2) trace vhx 36 34 1 1 1743 
 (vh2) trace vhx 35 32 3 3 5976 
---------------------------------------------------
35 32 3 3  
tracing VHX  5976 
 (vh2) trace vhx 35 32 1 1 1909 
 (vh2) trace vhx 34 30 2 2 4067 
---------------------------------------------------
34 30 2 2  
tracing VHX  4067 
 (vh2) trace vhx 34 30 1 1 1660 
 (vh2) trace vhx 33 28 1 1 2407 
---------------------------------------------------
33 28 1 1  
tracing VHX  2407 
 (vh1) IS2 (1,1) 33 28 2407 
---------------------------------------------------
34 30 1 1  
tracing VHX  1660 
 (vh1) IS2 (1,1) 34 30 1660 
---------------------------------------------------
35 32 1 1  
tracing VHX  1909 
 (vh1) IS2 (1,1) 35 32 1909 
---------------------------------------------------
36 34 1 1  
tracing VHX  1743 
 (vh1) IS2 (1,1) 36 34 1743 
---------------------------------------------------
37 36 1 1  
tracing VHX  2407 
 (vh1) IS2 (1,1) 37 36 2407 
---------------------------------------------------
38 38 1 1  
tracing VHX  1577 
 (vh1) IS2 (1,1) 38 38 1577 
NAM  HDV_antigenomic
SRC  HDV_antigenomic - 0..90::91
SEQ  +SS
       1 G   G   G   U   C   G   G   C   A   U   G   G   C   A   U   C   U   C   C   A
         0   1   2   3   4   5   6   7   8   9   10  11  12  13  14  15  16  17  18  19  
         38  37  36  35  34  33  32  .   .   88  87  86  85  .   84  83  82  81  80  .   

      21 C   C   U   C   C   U   C   G   C   G   G   U   C   C   G   A   C   C   U   G
         20  21  22  23  24  25  26  27  28  29  30  31  32  33  34  35  36  37  38  39  
         54  53  52  51  50  49  .   .   47  46  45  .   6   5   4   3   2   1   0   .   

      41 G   G   C   A   U   C   C   G   A   A   G   G   A   G   G   A   C   G   C   A
         40  41  42  43  44  45  46  47  48  49  50  51  52  53  54  55  56  57  58  59  
         .   .   .   .   .   30  29  28  .   25  24  23  22  21  20  .   .   75  74  .   

      61 C   G   U   C   C   A   C   U   C   G   G   A   U   G   G   C   U   A   A   G
         60  61  62  63  64  65  66  67  68  69  70  71  72  73  74  75  76  77  78  79  
         73  72  71  70  69  .   .   .   .   64  63  62  61  60  58  57  .   .   .   .   

      81 G   G   A   G   A   G   C   C   A   C   U
         80  81  82  83  84  85  86  87  88  89  90  
         18  17  16  15  14  12  11  10  9   .   .   

true pairs 25.0	 found pairs 32.0	 agree 11.0 (sen=44.00 spe=34.38 -- C_ap = 38.89)
----------------------------------------------------------------------
   Log odds score:       36131 
energy (kcal/mol):      -36.13 
number of pairs found:      32.00 
number of pairs annotated:  25.00 
----------------------------------------------------------------------
Allow pseudoknots? YES
----------------------------------------------------------------------
Parameters (energy units, kcal/mol)
 wkn  parameter:          0.83 (pseudoknots weight)
 P1   parameter:         -0.00 
 P2   parameter:         -0.00 
 P3   parameter:          3.00 
 P4   parameter:         -0.00 
 P5   parameter:          4.60 
 P5P  parameter:          8.43 
 P6   parameter:          0.40 
 P6P  parameter:          0.24 
 P10  parameter:          0.10 
 P10P parameter:          0.10 
 P11  parameter:          7.00 
 P12  parameter:          6.00 
 P13  parameter:         16.00 
 full pseudoknot model.
----------------------------------------------------------------------
