PKNOTS: optimal minimum-energy RNA folding with pseudoknots and coaxial energies
        PKNOTS 1.06 (MAY 2008) using squid 1.5m (Sept 1997)
---------------------------------------------------
Folding sequences from:  /groups/eddy/home/rivase/src/src/pknots/versions/pknots-1.06/Demos/HDV.sqd 
---------------------------------------------------



	             SS  .>>>>>>...AAAAAA>>>........<<<<<<<<<.......>>>>>>>
	            HDV  GGCCGGCAUGGUCCCAGCCUCCUCGCUGGCGCCGGCUGGGCAACAUUCCG

	             SS  >>>>>>...<<<<<<<<<.<<<<.....aaaaaa...
	            HDV  AGGGGACCGUCCCCUCGGUAAUGGCGAAUGGGACCCA

---------------------------------------------------
---------------------------------------------------
86 86 43 42  
tracing WX 38800 
 (W8.3) trace vx 36 36 16800
 (W8.3) dangle j, trace vx 85 48 19100
---------------------------------------------------
85 48 24 23  
tracing VX  19100   
 (v2) IS2 (1,1) 2900
 trace vx 84 46 16200
---------------------------------------------------
84 46 23 22  
tracing VX  16200   
 (v2) IS2 (1,1) 2900
 trace vx 83 44 13300
---------------------------------------------------
83 44 22 21  
tracing VX  13300   
 (v2) IS2 (1,2) -500
 trace vx 81 41 13800
---------------------------------------------------
81 41 20 20  
tracing VX  13800   
 (v5_2) multiloop wbx 73 31 17400
 (v5_2) multiloop vx  80 6 -3000
---------------------------------------------------
80 6 3 2  
tracing VX  -3000   
 (v1) hairpin 6, -3000 
---------------------------------------------------
73 31 15 15  
tracing WBX 17400 
 (WB2) SR SL, trace vx 72 29 16500
---------------------------------------------------
72 29 14 14  
tracing VX  16500   
 (v2) IS2 (1,1) 1800
 trace vx 71 27 14700
---------------------------------------------------
71 27 13 13  
tracing VX  14700   
 (v2) IS2 (1,1) 900
 trace vx 70 25 13800
---------------------------------------------------
70 25 12 12  
tracing VX  13800   
 (v2) IS2 (1,1) 900
 trace vx 69 23 12900
---------------------------------------------------
69 23 11 11  
tracing VX  12900   
 (v2) IS2 (1,2) -1600
 trace vx 67 20 14500
---------------------------------------------------
67 20 10 9  
tracing VX  14500   
 (v2) IS2 (1,1) 2900
 trace vx 66 18 11600
---------------------------------------------------
66 18 9 8  
tracing VX  11600   
 (v2) IS2 (1,1) 2000
 trace vx 65 16 9600
---------------------------------------------------
65 16 8 7  
tracing VX  9600   
 (v2) IS2 (1,1) 2300
 trace vx 64 14 7300
---------------------------------------------------
64 14 7 6  
tracing VX  7300   
 (v2) IS2 (1,1) 1700
 trace vx 63 12 5600
---------------------------------------------------
63 12 6 5  
tracing VX  5600   
 (v2) IS2 (1,1) 2900
 trace vx 62 10 2700
---------------------------------------------------
62 10 5 4  
tracing VX  2700   
 (v2) IS2 (1,1) 2900
 trace vx 61 8 -200
---------------------------------------------------
61 8 4 3  
tracing VX  -200   
 (v2) IS2 (1,1) 2900
 trace vx 60 6 -3100
---------------------------------------------------
60 6 3 2  
tracing VX  -3100   
 (v1) hairpin 6, -3100 
---------------------------------------------------
36 36 18 17  
tracing VX  16800   
 (v2) IS2 (1,1) 1900
 trace vx 35 34 14900
---------------------------------------------------
35 34 17 16  
tracing VX  14900   
 (v2) IS2 (1,1) 3400
 trace vx 34 32 11500
---------------------------------------------------
34 32 16 15  
tracing VX  11500   
 (v2) IS2 (1,1) 2900
 trace vx 33 30 8600
---------------------------------------------------
33 30 15 14  
tracing VX  8600   
 (v2) IS2 (1,1) 2000
 trace vx 32 28 6600
---------------------------------------------------
32 28 14 13  
tracing VX  6600   
 (v2) IS2 (1,1) 2900
 trace vx 31 26 3700
---------------------------------------------------
31 26 13 12  
tracing VX  3700   
 (v2) IS2 (1,1) 3400
 trace vx 30 24 300
---------------------------------------------------
30 24 12 11  
tracing VX  300   
 (v2) IS2 (7,2) -5900
 trace vx 28 15 6200
---------------------------------------------------
28 15 7 7  
tracing VX  6200   
 (v2) IS2 (1,1) 2900
 trace vx 27 13 3300
---------------------------------------------------
27 13 6 6  
tracing VX  3300   
 (v2) IS2 (1,1) 1800
 trace vx 26 11 1500
---------------------------------------------------
26 11 5 5  
tracing VX  1500   
 (v2) IS2 (1,1) 1700
 trace vx 25 9 -200
---------------------------------------------------
25 9 4 4  
tracing VX  -200   
 (v2) IS2 (1,1) 3400
 trace vx 24 7 -3600
---------------------------------------------------
24 7 3 3  
tracing VX  -3600   
 (v1) hairpin 7, -3600 
NAM  HDV
SRC  HDV - 0..86::87
SEQ  +SS
       1 G   G   C   C   G   G   C   A   U   G   G   U   C   C   C   A   G   C   C   U
         0   1   2   3   4   5   6   7   8   9   10  11  12  13  14  15  16  17  18  19  
         36  35  34  33  32  31  30  .   .   .   .   .   .   28  27  26  25  24  .   .   

      21 C   C   U   C   G   C   U   G   G   C   G   C   C   G   G   C   U   G   G   G
         20  21  22  23  24  25  26  27  28  29  30  31  32  33  34  35  36  37  38  39  
         .   .   .   .   17  16  15  14  13  .   6   5   4   3   2   1   0   85  84  83  

      41 C   A   A   C   A   U   U   C   C   G   A   G   G   G   G   A   C   C   G   U
         40  41  42  43  44  45  46  47  48  49  50  51  52  53  54  55  56  57  58  59  
         81  .   .   72  71  70  69  67  66  65  64  63  62  61  60  .   .   .   .   .   

      61 C   C   C   C   U   C   G   G   U   A   A   U   G   G   C   G   A   A   U   G
         60  61  62  63  64  65  66  67  68  69  70  71  72  73  74  75  76  77  78  79  
         54  53  52  51  50  49  48  47  .   46  45  44  43  .   80  .   .   .   .   .   

      81 G   G   A   C   C   C   A
         80  81  82  83  84  85  86  
         74  40  .   39  38  37  .   

true pairs 28.0	 found pairs 29.0	 agree 18.0 (sen=64.29 spe=62.07 -- C_ap = 63.17)
----------------------------------------------------------------------
   Log odds score:       38800 
energy (kcal/mol):      -38.80 
number of pairs found:      29.00 
number of pairs annotated:  28.00 
----------------------------------------------------------------------
Allow pseudoknots? NO
----------------------------------------------------------------------
Parameters (energy  units, kcal/mol)
 P1   parameter:         -0.00 
 P2   parameter:         -0.00 
 P3   parameter:          3.00 
 P4   parameter:         -0.00 
 P5   parameter:          4.60 
 P6   parameter:          0.40 
 P10  parameter:          0.10 
----------------------------------------------------------------------
