PKNOTS: optimal minimum-energy RNA folding with pseudoknots and coaxial energies
        PKNOTS 1.06 (MAY 2008) using squid 1.5m (Sept 1997)
---------------------------------------------------
Folding sequences from:  /groups/eddy/home/rivase/src/src/pknots/versions/pknots-1.06/Demos/Hg17-tRNA_one.fa 
---------------------------------------------------

---------------------------------------------------
---------------------------------------------------
72 72 36 35  
tracing WX 20700 
 (W4) SR, trace vx 71 71 19500
---------------------------------------------------
71 71 35 35  
tracing VX  19500   
 (v2) IS2 (1,1) 1900
 trace vx 70 69 17600
---------------------------------------------------
70 69 34 34  
tracing VX  17600   
 (v2) IS2 (1,1) 1400
 trace vx 69 67 16200
---------------------------------------------------
69 67 33 33  
tracing VX  16200   
 (v2) IS2 (1,1) 1900
 trace vx 68 65 14300
---------------------------------------------------
68 65 32 32  
tracing VX  14300   
 (v2) IS2 (1,1) 2300
 trace vx 67 63 12000
---------------------------------------------------
67 63 31 31  
tracing VX  12000   
 (v2) IS2 (1,1) 900
 trace vx 66 61 11100
---------------------------------------------------
66 61 30 30  
tracing VX  11100   
 (v2) IS2 (1,1) 900
 trace vx 65 59 10200
---------------------------------------------------
65 59 29 29  
tracing VX  10200   
 (v5_1) multiloop wbx 49 42 10300
 (v5_1) multiloop vx  64 14 1900
---------------------------------------------------
64 14 7 6  
tracing VX  1900   
 (v2) IS2 (1,1) 2900
 trace vx 63 12 -1000
---------------------------------------------------
63 12 6 5  
tracing VX  -1000   
 (v2) IS2 (1,1) 2900
 trace vx 62 10 -3900
---------------------------------------------------
62 10 5 4  
tracing VX  -3900   
 (v1) hairpin 10, -3900 
---------------------------------------------------
49 42 21 20  
tracing WBX 10300 
 (WB5) SL, trace wbx  49 41 10700
---------------------------------------------------
49 41 20 20  
tracing WBX 10700 
 (WB5) SL, trace wbx  49 40 11100
---------------------------------------------------
49 40 20 19  
tracing WBX 11100 
 (WB8.1) trace vx 24 15 3700
 (WB8.1) trace vx 49 24 4600
---------------------------------------------------
49 24 12 11  
tracing VX  4600   
 (v2) IS2 (1,1) 3400
 trace vx 48 22 1200
---------------------------------------------------
48 22 11 10  
tracing VX  1200   
 (v2) IS2 (1,1) 1700
 trace vx 47 20 -500
---------------------------------------------------
47 20 10 9  
tracing VX  -500   
 (v2) IS2 (1,2) -1600
 trace vx 45 17 1100
---------------------------------------------------
45 17 8 8  
tracing VX  1100   
 (v2) IS2 (1,1) 2900
 trace vx 44 15 -1800
---------------------------------------------------
44 15 7 7  
tracing VX  -1800   
 (v2) IS2 (1,2) -1000
 trace vx 42 12 -800
---------------------------------------------------
42 12 6 5  
tracing VX  -800   
 (v2) IS2 (1,1) 1700
 trace vx 41 10 -2500
---------------------------------------------------
41 10 5 4  
tracing VX  -2500   
 (v2) IS2 (1,1) 1100
 trace vx 40 8 -3600
---------------------------------------------------
40 8 4 3  
tracing VX  -3600   
 (v1) hairpin 8, -3600 
---------------------------------------------------
24 15 7 7  
tracing VX  3700   
 (v2) IS2 (1,1) 3400
 trace vx 23 13 300
---------------------------------------------------
23 13 6 6  
tracing VX  300   
 (v2) IS2 (1,1) 1700
 trace vx 22 11 -1400
---------------------------------------------------
22 11 5 5  
tracing VX  -1400   
 (v2) IS2 (1,1) 2300
 trace vx 21 9 -3700
---------------------------------------------------
21 9 4 4  
tracing VX  -3700   
 (v1) hairpin 9, -3700 
NAM  chr6.trna95-AlaAGC
DES  (58249908-58249836)  Ala (AGC) 73 bp  Sc: 42.26
SEQ  +SS
       1 G   G   G   G   A   A   U   U   A   G   C   U   C   A   A   G   C   G   G   U
         0   1   2   3   4   5   6   7   8   9   10  11  12  13  14  15  16  17  18  19  
         71  70  69  68  67  66  65  .   .   24  23  22  21  .   .   .   .   .   .   .   

      21 A   G   A   G   C   G   C   U   C   C   C   U   U   A   G   C   A   U   G   C
         20  21  22  23  24  25  26  27  28  29  30  31  32  33  34  35  36  37  38  39  
         .   12  11  10  9   49  48  47  45  44  42  41  40  .   .   .   .   .   .   .   

      41 G   A   G   A   G   G   U   A   G   C   G   G   G   A   U   C   G   A   C   G
         40  41  42  43  44  45  46  47  48  49  50  51  52  53  54  55  56  57  58  59  
         32  31  30  .   29  28  .   27  26  25  64  63  62  .   .   .   .   .   .   .   

      61 C   C   C   C   C   A   U   U   C   U   C   U   A
         60  61  62  63  64  65  66  67  68  69  70  71  72  
         .   .   52  51  50  6   5   4   3   2   1   0   .   

----------------------------------------------------------------------
   Log odds score:       20700 
energy (kcal/mol):      -20.70 
number of pairs found:      22.00 
----------------------------------------------------------------------
Allow pseudoknots? NO
----------------------------------------------------------------------
Parameters (energy  units, kcal/mol)
 P1   parameter:         -0.00 
 P2   parameter:         -0.00 
 P3   parameter:          3.00 
 P4   parameter:         -0.00 
 P5   parameter:          4.60 
 P6   parameter:          0.40 
 P10  parameter:          0.10 
----------------------------------------------------------------------
