PKNOTS: optimal minimum-energy RNA folding with pseudoknots and coaxial energies
        PKNOTS 1.06 (MAY 2008) using squid 1.5m (Sept 1997)
---------------------------------------------------
Folding sequences from:  /groups/eddy/home/rivase/src/src/pknots/versions/pknots-1.06/Demos/HIVRT_II.sqd 
---------------------------------------------------



	             SS  .......>>>>>..AAAA..<<<<<.....aaaa.
	  HIVRT_II.3-21  UCAAGUAUUCCGAAGGGUAACGGGAAAAUGACCUA

---------------------------------------------------
---------------------------------------------------
34 34 17 16  
tracing WX 4900 
 (W5) SL, trace wx  34 33 4900
---------------------------------------------------
34 33 16 16  
tracing WX 4900 
 (W5) SL, trace wx  34 32 4900
---------------------------------------------------
34 32 16 15  
tracing WX 4900 
 (W5) SL, trace wx  34 31 4900
---------------------------------------------------
34 31 15 15  
tracing WX 4900 
 (W5) SL, trace wx  34 30 4900
---------------------------------------------------
34 30 15 14  
tracing WX 4900 
 (W5) SL, trace wx  34 29 4900
---------------------------------------------------
34 29 14 14  
tracing WX 4900 
 (W5) SL, trace wx  34 28 4900
---------------------------------------------------
34 28 14 13  
tracing WX 4900 
 (W5) SL, trace wx  34 27 4900
---------------------------------------------------
34 27 13 13  
tracing WX 4900 
 (W5) SL, trace wx  34 26 4900
---------------------------------------------------
34 26 13 12  
tracing WX 4900 
 (W7) trace wx  19 11 2600
 (W7) trace wx  34 14 2300
---------------------------------------------------
34 14 7 6  
tracing WX 2300 
 (W2) SR SL, trace vx 33 12 900
---------------------------------------------------
33 12 6 5  
tracing VX  900   
 (v2) IS2 (1,1) 1900
 trace vx 32 10 -1000
---------------------------------------------------
32 10 5 4  
tracing VX  -1000   
 (v2) IS2 (1,1) 2900
 trace vx 31 8 -3900
---------------------------------------------------
31 8 4 3  
tracing VX  -3900   
 (v1) hairpin 8, -3900 
---------------------------------------------------
19 11 5 5  
tracing WX 2600 
 (W6) SR, trace wx 18 10 2600
---------------------------------------------------
18 10 5 4  
tracing WX 2600 
 (W6) SR, trace wx 17 9 2600
---------------------------------------------------
17 9 4 4  
tracing WX 2600 
 (W2) SR SL, trace vx 16 7 1900
---------------------------------------------------
16 7 3 3  
tracing VX  1900   
 (v2) IS2 (1,1) 2900
 trace vx 15 5 -1000
---------------------------------------------------
15 5 2 2  
tracing VX  -1000   
 (v1) hairpin 5, -1000 
NAM  HIVRT_II.3-21
SRC  HIVRT_II.3-21 - 0..34::35
SEQ  +SS
       1 U   C   A   A   G   U   A   U   U   C   C   G   A   A   G   G   G   U   A   A
         0   1   2   3   4   5   6   7   8   9   10  11  12  13  14  15  16  17  18  19  
         .   .   .   .   .   .   .   .   .   16  15  .   .   .   .   10  9   .   .   .   

      21 C   G   G   G   A   A   A   A   U   G   A   C   C   U   A
         20  21  22  23  24  25  26  27  28  29  30  31  32  33  34  
         .   33  32  31  .   .   .   .   .   .   .   23  22  21  .   

true pairs 9.0	 found pairs 5.0	 agree 0.0 (sen=0.00 spe=0.00 -- C_ap = 0.00)
----------------------------------------------------------------------
   Log odds score:        4900 
energy (kcal/mol):       -4.90 
number of pairs found:      5.00 
number of pairs annotated:  9.00 
----------------------------------------------------------------------
Allow pseudoknots? NO
----------------------------------------------------------------------
Parameters (energy  units, kcal/mol)
 P1   parameter:         -0.00 
 P2   parameter:         -0.00 
 P3   parameter:          3.00 
 P4   parameter:         -0.00 
 P5   parameter:          4.60 
 P6   parameter:          0.40 
 P10  parameter:          0.10 
----------------------------------------------------------------------


	             SS  .......>>>>>..AAAA..<<<<<.....aaaa.
	   HIVRT_II.3-9  UCAAGUGUUCCGAGAGGCAACGGGAAAAGAGCCUA

---------------------------------------------------
---------------------------------------------------
34 34 17 16  
tracing WX 7900 
 (W5) SL, trace wx  34 33 7900
---------------------------------------------------
34 33 16 16  
tracing WX 7900 
 (W5) SL, trace wx  34 32 7900
---------------------------------------------------
34 32 16 15  
tracing WX 7900 
 (W5) SL, trace wx  34 31 7900
---------------------------------------------------
34 31 15 15  
tracing WX 7900 
 (W5) SL, trace wx  34 30 7900
---------------------------------------------------
34 30 15 14  
tracing WX 7900 
 (W6) SR, trace wx 33 29 7900
---------------------------------------------------
33 29 14 14  
tracing WX 7900 
 (W8.4) dangle i, trace vx 21 16 4700
 (W8.4) dangle j, trace vx 32 10 -100
---------------------------------------------------
32 10 5 4  
tracing VX  -100   
 (v2) IS2 (1,1) 2900
 trace vx 31 8 -3000
---------------------------------------------------
31 8 4 3  
tracing VX  -3000   
 (v1) hairpin 8, -3000 
---------------------------------------------------
21 16 8 7  
tracing VX  4700   
 (v2) IS2 (1,1) 1200
 trace vx 20 14 3500
---------------------------------------------------
20 14 7 6  
tracing VX  3500   
 (v2) IS2 (1,1) 2100
 trace vx 19 12 1400
---------------------------------------------------
19 12 6 5  
tracing VX  1400   
 (v2) IS2 (1,1) 900
 trace vx 18 10 500
---------------------------------------------------
18 10 5 4  
tracing VX  500   
 (v2) IS2 (1,2) -1600
 trace vx 16 7 2100
---------------------------------------------------
16 7 3 3  
tracing VX  2100   
 (v2) IS2 (1,1) 2900
 trace vx 15 5 -800
---------------------------------------------------
15 5 2 2  
tracing VX  -800   
 (v1) hairpin 5, -800 
NAM  HIVRT_II.3-9
SRC  HIVRT_II.3-9 - 0..34::35
SEQ  +SS
       1 U   C   A   A   G   U   G   U   U   C   C   G   A   G   A   G   G   C   A   A
         0   1   2   3   4   5   6   7   8   9   10  11  12  13  14  15  16  17  18  19  
         .   .   .   .   .   21  20  19  18  16  15  .   .   .   .   10  9   .   8   7   

      21 C   G   G   G   A   A   A   A   G   A   G   C   C   U   A
         20  21  22  23  24  25  26  27  28  29  30  31  32  33  34  
         6   5   32  31  .   .   .   .   .   .   .   23  22  .   .   

true pairs 9.0	 found pairs 8.0	 agree 0.0 (sen=0.00 spe=0.00 -- C_ap = 0.00)
----------------------------------------------------------------------
   Log odds score:        7900 
energy (kcal/mol):       -7.90 
number of pairs found:      8.00 
number of pairs annotated:  9.00 
----------------------------------------------------------------------
Allow pseudoknots? NO
----------------------------------------------------------------------
Parameters (energy  units, kcal/mol)
 P1   parameter:         -0.00 
 P2   parameter:         -0.00 
 P3   parameter:          3.00 
 P4   parameter:         -0.00 
 P5   parameter:          4.60 
 P6   parameter:          0.40 
 P10  parameter:          0.10 
----------------------------------------------------------------------


	             SS  .......>>>>>..AAAA..<<<<<.....aaaa.
	  HIVRT_II.3-37  UCAAGUAUUCCGAAGGUGAACGGGAAAAUACACUA

---------------------------------------------------
---------------------------------------------------
34 34 17 16  
tracing WX 5000 
 (W5) SL, trace wx  34 33 5000
---------------------------------------------------
34 33 16 16  
tracing WX 5000 
 (W5) SL, trace wx  34 32 5000
---------------------------------------------------
34 32 16 15  
tracing WX 5000 
 (W5) SL, trace wx  34 31 5000
---------------------------------------------------
34 31 15 15  
tracing WX 5000 
 (W6) SR, trace wx 33 30 5000
---------------------------------------------------
33 30 15 14  
tracing WX 5000 
 (W6) SR, trace wx 32 29 5000
---------------------------------------------------
32 29 14 14  
tracing WX 5000 
 (W6) SR, trace wx 31 28 5000
---------------------------------------------------
31 28 14 13  
tracing WX 5000 
 (W2) SR SL, trace vx 30 26 3100
---------------------------------------------------
30 26 13 12  
tracing VX  3100   
 (v2) IS2 (1,1) 2100
 trace vx 29 24 1000
---------------------------------------------------
29 24 12 11  
tracing VX  1000   
 (v2) IS2 (1,1) 1100
 trace vx 28 22 -100
---------------------------------------------------
28 22 11 10  
tracing VX  -100   
 (v2) IS2 (1,4) -3500
 trace vx 24 17 3400
---------------------------------------------------
24 17 8 8  
tracing VX  3400   
 (v2) IS2 (1,1) 1100
 trace vx 23 15 2300
---------------------------------------------------
23 15 7 7  
tracing VX  2300   
 (v2) IS2 (1,1) 1400
 trace vx 22 13 900
---------------------------------------------------
22 13 6 6  
tracing VX  900   
 (v2) IS2 (1,1) 2900
 trace vx 21 11 -2000
---------------------------------------------------
21 11 5 5  
tracing VX  -2000   
 (v2) IS2 (1,1) 2000
 trace vx 20 9 -4000
---------------------------------------------------
20 9 4 4  
tracing VX  -4000   
 (v1) hairpin 9, -4000 
NAM  HIVRT_II.3-37
SRC  HIVRT_II.3-37 - 0..34::35
SEQ  +SS
       1 U   C   A   A   G   U   A   U   U   C   C   G   A   A   G   G   U   G   A   A
         0   1   2   3   4   5   6   7   8   9   10  11  12  13  14  15  16  17  18  19  
         .   .   .   .   30  29  28  24  23  22  21  20  .   .   .   .   .   .   .   .   

      21 C   G   G   G   A   A   A   A   U   A   C   A   C   U   A
         20  21  22  23  24  25  26  27  28  29  30  31  32  33  34  
         11  10  9   8   7   .   .   .   6   5   4   .   .   .   .   

true pairs 9.0	 found pairs 8.0	 agree 5.0 (sen=55.56 spe=62.50 -- C_ap = 58.93)
----------------------------------------------------------------------
   Log odds score:        5000 
energy (kcal/mol):       -5.00 
number of pairs found:      8.00 
number of pairs annotated:  9.00 
----------------------------------------------------------------------
Allow pseudoknots? NO
----------------------------------------------------------------------
Parameters (energy  units, kcal/mol)
 P1   parameter:         -0.00 
 P2   parameter:         -0.00 
 P3   parameter:          3.00 
 P4   parameter:         -0.00 
 P5   parameter:          4.60 
 P6   parameter:          0.40 
 P10  parameter:          0.10 
----------------------------------------------------------------------


	             SS  .......>>>>>..AAAA..<<<<<.....aaaa.
	  HIVRT_II.3-56  UCAAGAGUUCCGAAAGUCGACGGGAAAAUAGACUA

---------------------------------------------------
---------------------------------------------------
34 34 17 16  
tracing WX 4400 
 (W5) SL, trace wx  34 33 4400
---------------------------------------------------
34 33 16 16  
tracing WX 4400 
 (W5) SL, trace wx  34 32 4400
---------------------------------------------------
34 32 16 15  
tracing WX 4400 
 (W5) SL, trace wx  34 31 4400
---------------------------------------------------
34 31 15 15  
tracing WX 4400 
 (W5) SL, trace wx  34 30 4400
---------------------------------------------------
34 30 15 14  
tracing WX 4400 
 (W5) SL, trace wx  34 29 4400
---------------------------------------------------
34 29 14 14  
tracing WX 4400 
 (W5) SL, trace wx  34 28 4400
---------------------------------------------------
34 28 14 13  
tracing WX 4400 
 (W6) SR, trace wx 33 27 4400
---------------------------------------------------
33 27 13 13  
tracing WX 4400 
 (W6) SR, trace wx 32 26 4400
---------------------------------------------------
32 26 13 12  
tracing WX 4400 
 (W6) SR, trace wx 31 25 4400
---------------------------------------------------
31 25 12 12  
tracing WX 4400 
 (W6) SR, trace wx 30 24 4400
---------------------------------------------------
30 24 12 11  
tracing WX 4400 
 (W6) SR, trace wx 29 23 4400
---------------------------------------------------
29 23 11 11  
tracing WX 4400 
 (W6) SR, trace wx 28 22 4400
---------------------------------------------------
28 22 11 10  
tracing WX 4400 
 (W6) SR, trace wx 27 21 4400
---------------------------------------------------
27 21 10 10  
tracing WX 4400 
 (W6) SR, trace wx 26 20 4400
---------------------------------------------------
26 20 10 9  
tracing WX 4400 
 (W6) SR, trace wx 25 19 4400
---------------------------------------------------
25 19 9 9  
tracing WX 4400 
 (W2) SR SL, trace vx 24 17 3400
---------------------------------------------------
24 17 8 8  
tracing VX  3400   
 (v2) IS2 (1,1) 1100
 trace vx 23 15 2300
---------------------------------------------------
23 15 7 7  
tracing VX  2300   
 (v2) IS2 (1,1) 1400
 trace vx 22 13 900
---------------------------------------------------
22 13 6 6  
tracing VX  900   
 (v2) IS2 (1,1) 2900
 trace vx 21 11 -2000
---------------------------------------------------
21 11 5 5  
tracing VX  -2000   
 (v2) IS2 (1,1) 2000
 trace vx 20 9 -4000
---------------------------------------------------
20 9 4 4  
tracing VX  -4000   
 (v1) hairpin 9, -4000 
NAM  HIVRT_II.3-56
SRC  HIVRT_II.3-56 - 0..34::35
SEQ  +SS
       1 U   C   A   A   G   A   G   U   U   C   C   G   A   A   A   G   U   C   G   A
         0   1   2   3   4   5   6   7   8   9   10  11  12  13  14  15  16  17  18  19  
         .   .   .   .   .   .   .   24  23  22  21  20  .   .   .   .   .   .   .   .   

      21 C   G   G   G   A   A   A   A   U   A   G   A   C   U   A
         20  21  22  23  24  25  26  27  28  29  30  31  32  33  34  
         11  10  9   8   7   .   .   .   .   .   .   .   .   .   .   

true pairs 9.0	 found pairs 5.0	 agree 5.0 (sen=55.56 spe=100.00 -- C_ap = 74.54)
----------------------------------------------------------------------
   Log odds score:        4400 
energy (kcal/mol):       -4.40 
number of pairs found:      5.00 
number of pairs annotated:  9.00 
----------------------------------------------------------------------
Allow pseudoknots? NO
----------------------------------------------------------------------
Parameters (energy  units, kcal/mol)
 P1   parameter:         -0.00 
 P2   parameter:         -0.00 
 P3   parameter:          3.00 
 P4   parameter:         -0.00 
 P5   parameter:          4.60 
 P6   parameter:          0.40 
 P10  parameter:          0.10 
----------------------------------------------------------------------


	             SS  .......>>>>>..AAAA..<<<<<.....aaaa.
	  HIVRT_II.3-58  UCAAGAUUUCCGAGAGACAACGGGAAAAGAGUCUA

---------------------------------------------------
---------------------------------------------------
34 34 17 16  
tracing WX 5400 
 (W5) SL, trace wx  34 33 5400
---------------------------------------------------
34 33 16 16  
tracing WX 5400 
 (W5) SL, trace wx  34 32 5400
---------------------------------------------------
34 32 16 15  
tracing WX 5400 
 (W5) SL, trace wx  34 31 5400
---------------------------------------------------
34 31 15 15  
tracing WX 5400 
 (W5) SL, trace wx  34 30 5400
---------------------------------------------------
34 30 15 14  
tracing WX 5400 
 (W5) SL, trace wx  34 29 5400
---------------------------------------------------
34 29 14 14  
tracing WX 5400 
 (W6) SR, trace wx 33 28 5400
---------------------------------------------------
33 28 14 13  
tracing WX 5400 
 (W6) SR, trace wx 32 27 5400
---------------------------------------------------
32 27 13 13  
tracing WX 5400 
 (W6) SR, trace wx 31 26 5400
---------------------------------------------------
31 26 13 12  
tracing WX 5400 
 (W6) SR, trace wx 30 25 5400
---------------------------------------------------
30 25 12 12  
tracing WX 5400 
 (W6) SR, trace wx 29 24 5400
---------------------------------------------------
29 24 12 11  
tracing WX 5400 
 (W6) SR, trace wx 28 23 5400
---------------------------------------------------
28 23 11 11  
tracing WX 5400 
 (W6) SR, trace wx 27 22 5400
---------------------------------------------------
27 22 11 10  
tracing WX 5400 
 (W6) SR, trace wx 26 21 5400
---------------------------------------------------
26 21 10 10  
tracing WX 5400 
 (W2) SR SL, trace vx 25 19 4300
---------------------------------------------------
25 19 9 9  
tracing VX  4300   
 (v2) IS2 (1,1) 900
 trace vx 24 17 3400
---------------------------------------------------
24 17 8 8  
tracing VX  3400   
 (v2) IS2 (1,1) 1100
 trace vx 23 15 2300
---------------------------------------------------
23 15 7 7  
tracing VX  2300   
 (v2) IS2 (1,1) 1400
 trace vx 22 13 900
---------------------------------------------------
22 13 6 6  
tracing VX  900   
 (v2) IS2 (1,1) 2900
 trace vx 21 11 -2000
---------------------------------------------------
21 11 5 5  
tracing VX  -2000   
 (v2) IS2 (1,1) 2000
 trace vx 20 9 -4000
---------------------------------------------------
20 9 4 4  
tracing VX  -4000   
 (v1) hairpin 9, -4000 
NAM  HIVRT_II.3-58
SRC  HIVRT_II.3-58 - 0..34::35
SEQ  +SS
       1 U   C   A   A   G   A   U   U   U   C   C   G   A   G   A   G   A   C   A   A
         0   1   2   3   4   5   6   7   8   9   10  11  12  13  14  15  16  17  18  19  
         .   .   .   .   .   .   25  24  23  22  21  20  .   .   .   .   .   .   .   .   

      21 C   G   G   G   A   A   A   A   G   A   G   U   C   U   A
         20  21  22  23  24  25  26  27  28  29  30  31  32  33  34  
         11  10  9   8   7   6   .   .   .   .   .   .   .   .   .   

true pairs 9.0	 found pairs 6.0	 agree 5.0 (sen=55.56 spe=83.33 -- C_ap = 68.04)
----------------------------------------------------------------------
   Log odds score:        5400 
energy (kcal/mol):       -5.40 
number of pairs found:      6.00 
number of pairs annotated:  9.00 
----------------------------------------------------------------------
Allow pseudoknots? NO
----------------------------------------------------------------------
Parameters (energy  units, kcal/mol)
 P1   parameter:         -0.00 
 P2   parameter:         -0.00 
 P3   parameter:          3.00 
 P4   parameter:         -0.00 
 P5   parameter:          4.60 
 P6   parameter:          0.40 
 P10  parameter:          0.10 
----------------------------------------------------------------------


	             SS  .......>>>>>..AAAAA.<<<<<....aaaaa.
	  HIVRT_II.3-60  UCCAGCGUUCCGUAAGUGGACGGGAAAAACCACUA

---------------------------------------------------
---------------------------------------------------
34 34 17 16  
tracing WX 9200 
 (W5) SL, trace wx  34 33 9200
---------------------------------------------------
34 33 16 16  
tracing WX 9200 
 (W5) SL, trace wx  34 32 9200
---------------------------------------------------
34 32 16 15  
tracing WX 9200 
 (W5) SL, trace wx  34 31 9200
---------------------------------------------------
34 31 15 15  
tracing WX 9200 
 (W5) SL, trace wx  34 30 9200
---------------------------------------------------
34 30 15 14  
tracing WX 9200 
 (W6) SR, trace wx 33 29 9200
---------------------------------------------------
33 29 14 14  
tracing WX 9200 
 (W6) SR, trace wx 32 28 9200
---------------------------------------------------
32 28 14 13  
tracing WX 9200 
 (W6) SR, trace wx 31 27 9200
---------------------------------------------------
31 27 13 13  
tracing WX 9200 
 (W8.4) dangle i, trace vx 21 16 4800
 (W8.4) dangle j, trace vx 30 8 -400
---------------------------------------------------
30 8 4 3  
tracing VX  -400   
 (v2) IS2 (1,1) 2900
 trace vx 29 6 -3300
---------------------------------------------------
29 6 3 2  
tracing VX  -3300   
 (v1) hairpin 6, -3300 
---------------------------------------------------
21 16 8 7  
tracing VX  4800   
 (v2) IS2 (1,1) 2000
 trace vx 20 14 2800
---------------------------------------------------
20 14 7 6  
tracing VX  2800   
 (v2) IS2 (1,1) 2100
 trace vx 19 12 700
---------------------------------------------------
19 12 6 5  
tracing VX  700   
 (v2) IS2 (1,1) 1100
 trace vx 18 10 -400
---------------------------------------------------
18 10 5 4  
tracing VX  -400   
 (v2) IS2 (1,1) 1400
 trace vx 17 8 -1800
---------------------------------------------------
17 8 4 3  
tracing VX  -1800   
 (v2) IS2 (1,2) -1000
 trace vx 15 5 -800
---------------------------------------------------
15 5 2 2  
tracing VX  -800   
 (v1) hairpin 5, -800 
NAM  HIVRT_II.3-60
SRC  HIVRT_II.3-60 - 0..34::35
SEQ  +SS
       1 U   C   C   A   G   C   G   U   U   C   C   G   U   A   A   G   U   G   G   A
         0   1   2   3   4   5   6   7   8   9   10  11  12  13  14  15  16  17  18  19  
         .   .   .   .   .   21  20  19  18  17  15  .   .   .   .   10  .   9   8   7   

      21 C   G   G   G   A   A   A   A   A   C   C   A   C   U   A
         20  21  22  23  24  25  26  27  28  29  30  31  32  33  34  
         6   5   30  29  .   .   .   .   .   23  22  .   .   .   .   

true pairs 10.0	 found pairs 8.0	 agree 0.0 (sen=0.00 spe=0.00 -- C_ap = 0.00)
----------------------------------------------------------------------
   Log odds score:        9200 
energy (kcal/mol):       -9.20 
number of pairs found:      8.00 
number of pairs annotated:  10.00 
----------------------------------------------------------------------
Allow pseudoknots? NO
----------------------------------------------------------------------
Parameters (energy  units, kcal/mol)
 P1   parameter:         -0.00 
 P2   parameter:         -0.00 
 P3   parameter:          3.00 
 P4   parameter:         -0.00 
 P5   parameter:          4.60 
 P6   parameter:          0.40 
 P10  parameter:          0.10 
----------------------------------------------------------------------


	             SS  .......>>>>>..AAAAA.<<<<<....aaaaa.
	  HIVRT_II.3-27  UCAAGAGUUCCGUAAGGCCACGGGAAAAAGGUCUA

---------------------------------------------------
---------------------------------------------------
34 34 17 16  
tracing WX 6600 
 (W5) SL, trace wx  34 33 6600
---------------------------------------------------
34 33 16 16  
tracing WX 6600 
 (W5) SL, trace wx  34 32 6600
---------------------------------------------------
34 32 16 15  
tracing WX 6600 
 (W5) SL, trace wx  34 31 6600
---------------------------------------------------
34 31 15 15  
tracing WX 6600 
 (W5) SL, trace wx  34 30 6600
---------------------------------------------------
34 30 15 14  
tracing WX 6600 
 (W5) SL, trace wx  34 29 6600
---------------------------------------------------
34 29 14 14  
tracing WX 6600 
 (W5) SL, trace wx  34 28 6600
---------------------------------------------------
34 28 14 13  
tracing WX 6600 
 (W5) SL, trace wx  34 27 6600
---------------------------------------------------
34 27 13 13  
tracing WX 6600 
 (W5) SL, trace wx  34 26 6600
---------------------------------------------------
34 26 13 12  
tracing WX 6600 
 (W6) SR, trace wx 33 25 6600
---------------------------------------------------
33 25 12 12  
tracing WX 6600 
 (W8.4) dangle i, trace vx 22 13 3100
 (W8.4) dangle j, trace vx 32 9 -700
---------------------------------------------------
32 9 4 4  
tracing VX  -700   
 (v2) IS2 (1,1) 2300
 trace vx 31 7 -3000
---------------------------------------------------
31 7 3 3  
tracing VX  -3000   
 (v1) hairpin 7, -3000 
---------------------------------------------------
22 13 6 6  
tracing VX  3100   
 (v2) IS2 (1,1) 2900
 trace vx 21 11 200
---------------------------------------------------
21 11 5 5  
tracing VX  200   
 (v2) IS2 (1,1) 2000
 trace vx 20 9 -1800
---------------------------------------------------
20 9 4 4  
tracing VX  -1800   
 (v2) IS2 (1,1) 2100
 trace vx 19 7 -3900
---------------------------------------------------
19 7 3 3  
tracing VX  -3900   
 (v1) hairpin 7, -3900 
NAM  HIVRT_II.3-27
SRC  HIVRT_II.3-27 - 0..34::35
SEQ  +SS
       1 U   C   A   A   G   A   G   U   U   C   C   G   U   A   A   G   G   C   C   A
         0   1   2   3   4   5   6   7   8   9   10  11  12  13  14  15  16  17  18  19  
         .   .   .   .   .   .   .   .   .   22  21  20  19  .   .   .   .   .   .   12  

      21 C   G   G   G   A   A   A   A   A   G   G   U   C   U   A
         20  21  22  23  24  25  26  27  28  29  30  31  32  33  34  
         11  10  9   32  31  .   .   .   .   .   .   24  23  .   .   

true pairs 10.0	 found pairs 6.0	 agree 3.0 (sen=30.00 spe=50.00 -- C_ap = 38.73)
----------------------------------------------------------------------
   Log odds score:        6600 
energy (kcal/mol):       -6.60 
number of pairs found:      6.00 
number of pairs annotated:  10.00 
----------------------------------------------------------------------
Allow pseudoknots? NO
----------------------------------------------------------------------
Parameters (energy  units, kcal/mol)
 P1   parameter:         -0.00 
 P2   parameter:         -0.00 
 P3   parameter:          3.00 
 P4   parameter:         -0.00 
 P5   parameter:          4.60 
 P6   parameter:          0.40 
 P10  parameter:          0.10 
----------------------------------------------------------------------


	             SS  .......>>>>>..AAAAA.<<<<<....aaaaa.
	  HIVRT_II.3-15  UCAAGGAUUCCGAAAGGUAACGGGAAAAAUGCCUA

---------------------------------------------------
---------------------------------------------------
34 34 17 16  
tracing WX 7000 
 (W5) SL, trace wx  34 33 7000
---------------------------------------------------
34 33 16 16  
tracing WX 7000 
 (W5) SL, trace wx  34 32 7000
---------------------------------------------------
34 32 16 15  
tracing WX 7000 
 (W5) SL, trace wx  34 31 7000
---------------------------------------------------
34 31 15 15  
tracing WX 7000 
 (W5) SL, trace wx  34 30 7000
---------------------------------------------------
34 30 15 14  
tracing WX 7000 
 (W5) SL, trace wx  34 29 7000
---------------------------------------------------
34 29 14 14  
tracing WX 7000 
 (W5) SL, trace wx  34 28 7000
---------------------------------------------------
34 28 14 13  
tracing WX 7000 
 (W5) SL, trace wx  34 27 7000
---------------------------------------------------
34 27 13 13  
tracing WX 7000 
 (W5) SL, trace wx  34 26 7000
---------------------------------------------------
34 26 13 12  
tracing WX 7000 
 (W7) trace wx  19 11 3800
 (W7) trace wx  34 14 3200
---------------------------------------------------
34 14 7 6  
tracing WX 3200 
 (W2) SR SL, trace vx 33 12 1800
---------------------------------------------------
33 12 6 5  
tracing VX  1800   
 (v2) IS2 (1,1) 1900
 trace vx 32 10 -100
---------------------------------------------------
32 10 5 4  
tracing VX  -100   
 (v2) IS2 (1,1) 2900
 trace vx 31 8 -3000
---------------------------------------------------
31 8 4 3  
tracing VX  -3000   
 (v1) hairpin 8, -3000 
---------------------------------------------------
19 11 5 5  
tracing WX 3800 
 (W6) SR, trace wx 18 10 3800
---------------------------------------------------
18 10 5 4  
tracing WX 3800 
 (W6) SR, trace wx 17 9 3800
---------------------------------------------------
17 9 4 4  
tracing WX 3800 
 (W2) SR SL, trace vx 16 7 3100
---------------------------------------------------
16 7 3 3  
tracing VX  3100   
 (v2) IS2 (1,1) 2900
 trace vx 15 5 200
---------------------------------------------------
15 5 2 2  
tracing VX  200   
 (v1) hairpin 5, 200 
NAM  HIVRT_II.3-15
SRC  HIVRT_II.3-15 - 0..34::35
SEQ  +SS
       1 U   C   A   A   G   G   A   U   U   C   C   G   A   A   A   G   G   U   A   A
         0   1   2   3   4   5   6   7   8   9   10  11  12  13  14  15  16  17  18  19  
         .   .   .   .   .   .   .   .   .   16  15  .   .   .   .   10  9   .   .   .   

      21 C   G   G   G   A   A   A   A   A   U   G   C   C   U   A
         20  21  22  23  24  25  26  27  28  29  30  31  32  33  34  
         .   33  32  31  .   .   .   .   .   .   .   23  22  21  .   

true pairs 10.0	 found pairs 5.0	 agree 0.0 (sen=0.00 spe=0.00 -- C_ap = 0.00)
----------------------------------------------------------------------
   Log odds score:        7000 
energy (kcal/mol):       -7.00 
number of pairs found:      5.00 
number of pairs annotated:  10.00 
----------------------------------------------------------------------
Allow pseudoknots? NO
----------------------------------------------------------------------
Parameters (energy  units, kcal/mol)
 P1   parameter:         -0.00 
 P2   parameter:         -0.00 
 P3   parameter:          3.00 
 P4   parameter:         -0.00 
 P5   parameter:          4.60 
 P6   parameter:          0.40 
 P10  parameter:          0.10 
----------------------------------------------------------------------


	             SS  .......>>>>.AAAAAA.<<<<.....aaaaaa
	  HIVRT_II.3-31  UCAAGAAUUCGUUAGUGUACGGGAAAAAACACUA

---------------------------------------------------
---------------------------------------------------
33 33 16 16  
tracing WX 4700 
 (W5) SL, trace wx  33 32 4700
---------------------------------------------------
33 32 16 15  
tracing WX 4700 
 (W5) SL, trace wx  33 31 4700
---------------------------------------------------
33 31 15 15  
tracing WX 4700 
 (W5) SL, trace wx  33 30 4700
---------------------------------------------------
33 30 15 14  
tracing WX 4700 
 (W5) SL, trace wx  33 29 4700
---------------------------------------------------
33 29 14 14  
tracing WX 4700 
 (W5) SL, trace wx  33 28 4700
---------------------------------------------------
33 28 14 13  
tracing WX 4700 
 (W5) SL, trace wx  33 27 4700
---------------------------------------------------
33 27 13 13  
tracing WX 4700 
 (W5) SL, trace wx  33 26 4700
---------------------------------------------------
33 26 13 12  
tracing WX 4700 
 (W5) SL, trace wx  33 25 4700
---------------------------------------------------
33 25 12 12  
tracing WX 4700 
 (W5) SL, trace wx  33 24 4700
---------------------------------------------------
33 24 12 11  
tracing WX 4700 
 (W5) SL, trace wx  33 23 4700
---------------------------------------------------
33 23 11 11  
tracing WX 4700 
 (W5) SL, trace wx  33 22 4700
---------------------------------------------------
33 22 11 10  
tracing WX 4700 
 (W3) SL, trace vx  33 21 4500
---------------------------------------------------
33 21 10 10  
tracing VX  4500   
 (v2) IS2 (1,1) 1100
 trace vx 32 19 3400
---------------------------------------------------
32 19 9 9  
tracing VX  3400   
 (v2) IS2 (1,1) 1700
 trace vx 31 17 1700
---------------------------------------------------
31 17 8 8  
tracing VX  1700   
 (v2) IS2 (1,1) 2100
 trace vx 30 15 -400
---------------------------------------------------
30 15 7 7  
tracing VX  -400   
 (v2) IS2 (1,1) 1800
 trace vx 29 13 -2200
---------------------------------------------------
29 13 6 6  
tracing VX  -2200   
 (v2) IS2 (1,1) 2100
 trace vx 28 11 -4300
---------------------------------------------------
28 11 5 5  
tracing VX  -4300   
 (v1) hairpin 11, -4300 
NAM  HIVRT_II.3-31
SRC  HIVRT_II.3-31 - 0..33::34
SEQ  +SS
       1 U   C   A   A   G   A   A   U   U   C   G   U   U   A   G   U   G   U   A   C
         0   1   2   3   4   5   6   7   8   9   10  11  12  13  14  15  16  17  18  19  
         .   .   .   .   .   .   .   .   .   .   .   .   33  32  31  30  29  28  .   .   

      21 G   G   G   A   A   A   A   A   A   C   A   C   U   A
         20  21  22  23  24  25  26  27  28  29  30  31  32  33  
         .   .   .   .   .   .   .   .   17  16  15  14  13  12  

true pairs 10.0	 found pairs 6.0	 agree 6.0 (sen=60.00 spe=100.00 -- C_ap = 77.46)
----------------------------------------------------------------------
   Log odds score:        4700 
energy (kcal/mol):       -4.70 
number of pairs found:      6.00 
number of pairs annotated:  10.00 
----------------------------------------------------------------------
Allow pseudoknots? NO
----------------------------------------------------------------------
Parameters (energy  units, kcal/mol)
 P1   parameter:         -0.00 
 P2   parameter:         -0.00 
 P3   parameter:          3.00 
 P4   parameter:         -0.00 
 P5   parameter:          4.60 
 P6   parameter:          0.40 
 P10  parameter:          0.10 
----------------------------------------------------------------------


	             SS  .......>>>>>.AAAAAA.<<<<<....aaaaaa
	  HIVRT_II.3-26  UCAAGCGUUCCGAUGGCUAACGGGAAAAAUAGCUA

---------------------------------------------------
---------------------------------------------------
34 34 17 16  
tracing WX 5500 
 (W5) SL, trace wx  34 33 5500
---------------------------------------------------
34 33 16 16  
tracing WX 5500 
 (W5) SL, trace wx  34 32 5500
---------------------------------------------------
34 32 16 15  
tracing WX 5500 
 (W2) SR SL, trace vx 33 30 4500
---------------------------------------------------
33 30 15 14  
tracing VX  4500   
 (v2) IS2 (1,1) 1700
 trace vx 32 28 2800
---------------------------------------------------
32 28 14 13  
tracing VX  2800   
 (v2) IS2 (1,1) 3400
 trace vx 31 26 -600
---------------------------------------------------
31 26 13 12  
tracing VX  -600   
 (v2) IS2 (2,7) -4000
 trace vx 24 17 3400
---------------------------------------------------
24 17 8 8  
tracing VX  3400   
 (v2) IS2 (1,1) 1100
 trace vx 23 15 2300
---------------------------------------------------
23 15 7 7  
tracing VX  2300   
 (v2) IS2 (1,1) 1400
 trace vx 22 13 900
---------------------------------------------------
22 13 6 6  
tracing VX  900   
 (v2) IS2 (1,1) 2900
 trace vx 21 11 -2000
---------------------------------------------------
21 11 5 5  
tracing VX  -2000   
 (v2) IS2 (1,1) 2000
 trace vx 20 9 -4000
---------------------------------------------------
20 9 4 4  
tracing VX  -4000   
 (v1) hairpin 9, -4000 
NAM  HIVRT_II.3-26
SRC  HIVRT_II.3-26 - 0..34::35
SEQ  +SS
       1 U   C   A   A   G   C   G   U   U   C   C   G   A   U   G   G   C   U   A   A
         0   1   2   3   4   5   6   7   8   9   10  11  12  13  14  15  16  17  18  19  
         .   .   .   33  32  31  .   24  23  22  21  20  .   .   .   .   .   .   .   .   

      21 C   G   G   G   A   A   A   A   A   U   A   G   C   U   A
         20  21  22  23  24  25  26  27  28  29  30  31  32  33  34  
         11  10  9   8   7   .   .   .   .   .   .   5   4   3   .   

true pairs 11.0	 found pairs 8.0	 agree 5.0 (sen=45.45 spe=62.50 -- C_ap = 53.30)
----------------------------------------------------------------------
   Log odds score:        5500 
energy (kcal/mol):       -5.50 
number of pairs found:      8.00 
number of pairs annotated:  11.00 
----------------------------------------------------------------------
Allow pseudoknots? NO
----------------------------------------------------------------------
Parameters (energy  units, kcal/mol)
 P1   parameter:         -0.00 
 P2   parameter:         -0.00 
 P3   parameter:          3.00 
 P4   parameter:         -0.00 
 P5   parameter:          4.60 
 P6   parameter:          0.40 
 P10  parameter:          0.10 
----------------------------------------------------------------------


	             SS  .......>>>>>...AAAA.<<<<<....aaaa..
	  HIVRT_II.3-32  UCAAGGAUUCCGUUUGUGCACGGGAAAAGGCACUA

---------------------------------------------------
---------------------------------------------------
34 34 17 16  
tracing WX 6500 
 (W5) SL, trace wx  34 33 6500
---------------------------------------------------
34 33 16 16  
tracing WX 6500 
 (W5) SL, trace wx  34 32 6500
---------------------------------------------------
34 32 16 15  
tracing WX 6500 
 (W5) SL, trace wx  34 31 6500
---------------------------------------------------
34 31 15 15  
tracing WX 6500 
 (W5) SL, trace wx  34 30 6500
---------------------------------------------------
34 30 15 14  
tracing WX 6500 
 (W5) SL, trace wx  34 29 6500
---------------------------------------------------
34 29 14 14  
tracing WX 6500 
 (W5) SL, trace wx  34 28 6500
---------------------------------------------------
34 28 14 13  
tracing WX 6500 
 (W6) SR, trace wx 33 27 6500
---------------------------------------------------
33 27 13 13  
tracing WX 6500 
 (W6) SR, trace wx 32 26 6500
---------------------------------------------------
32 26 13 12  
tracing WX 6500 
 (W6) SR, trace wx 31 25 6500
---------------------------------------------------
31 25 12 12  
tracing WX 6500 
 (W6) SR, trace wx 30 24 6500
---------------------------------------------------
30 24 12 11  
tracing WX 6500 
 (W6) SR, trace wx 29 23 6500
---------------------------------------------------
29 23 11 11  
tracing WX 6500 
 (W6) SR, trace wx 28 22 6500
---------------------------------------------------
28 22 11 10  
tracing WX 6500 
 (W6) SR, trace wx 27 21 6500
---------------------------------------------------
27 21 10 10  
tracing WX 6500 
 (W6) SR, trace wx 26 20 6500
---------------------------------------------------
26 20 10 9  
tracing WX 6500 
 (W6) SR, trace wx 25 19 6500
---------------------------------------------------
25 19 9 9  
tracing WX 6500 
 (W2) SR SL, trace vx 24 17 5400
---------------------------------------------------
24 17 8 8  
tracing VX  5400   
 (v2) IS2 (1,1) 1100
 trace vx 23 15 4300
---------------------------------------------------
23 15 7 7  
tracing VX  4300   
 (v2) IS2 (1,1) 1400
 trace vx 22 13 2900
---------------------------------------------------
22 13 6 6  
tracing VX  2900   
 (v2) IS2 (1,1) 2900
 trace vx 21 11 0
---------------------------------------------------
21 11 5 5  
tracing VX  0   
 (v2) IS2 (1,1) 2000
 trace vx 20 9 -2000
---------------------------------------------------
20 9 4 4  
tracing VX  -2000   
 (v2) IS2 (1,1) 2100
 trace vx 19 7 -4100
---------------------------------------------------
19 7 3 3  
tracing VX  -4100   
 (v1) hairpin 7, -4100 
NAM  HIVRT_II.3-32
SRC  HIVRT_II.3-32 - 0..34::35
SEQ  +SS
       1 U   C   A   A   G   G   A   U   U   C   C   G   U   U   U   G   U   G   C   A
         0   1   2   3   4   5   6   7   8   9   10  11  12  13  14  15  16  17  18  19  
         .   .   .   .   .   .   .   24  23  22  21  20  19  .   .   .   .   .   .   12  

      21 C   G   G   G   A   A   A   A   G   G   C   A   C   U   A
         20  21  22  23  24  25  26  27  28  29  30  31  32  33  34  
         11  10  9   8   7   .   .   .   .   .   .   .   .   .   .   

true pairs 9.0	 found pairs 6.0	 agree 5.0 (sen=55.56 spe=83.33 -- C_ap = 68.04)
----------------------------------------------------------------------
   Log odds score:        6500 
energy (kcal/mol):       -6.50 
number of pairs found:      6.00 
number of pairs annotated:  9.00 
----------------------------------------------------------------------
Allow pseudoknots? NO
----------------------------------------------------------------------
Parameters (energy  units, kcal/mol)
 P1   parameter:         -0.00 
 P2   parameter:         -0.00 
 P3   parameter:          3.00 
 P4   parameter:         -0.00 
 P5   parameter:          4.60 
 P6   parameter:          0.40 
 P10  parameter:          0.10 
----------------------------------------------------------------------


	             SS  .......>>>>...AAAA.<<<<.....aaaa..
	  HIVRT_II.3-54  UCAAGAAUCCGUUUGCACACGGGAAAACGUGCUA

---------------------------------------------------
---------------------------------------------------
33 33 16 16  
tracing WX 6200 
 (W5) SL, trace wx  33 32 6200
---------------------------------------------------
33 32 16 15  
tracing WX 6200 
 (W5) SL, trace wx  33 31 6200
---------------------------------------------------
33 31 15 15  
tracing WX 6200 
 (W6) SR, trace wx 32 30 6200
---------------------------------------------------
32 30 15 14  
tracing WX 6200 
 (W8.4) dangle i, trace vx 13 10 -1100
 (W8.4) dangle j, trace vx 31 17 4000
---------------------------------------------------
31 17 8 8  
tracing VX  4000   
 (v2) IS2 (1,1) 3400
 trace vx 30 15 600
---------------------------------------------------
30 15 7 7  
tracing VX  600   
 (v2) IS2 (1,1) 1800
 trace vx 29 13 -1200
---------------------------------------------------
29 13 6 6  
tracing VX  -1200   
 (v2) IS2 (1,1) 2100
 trace vx 28 11 -3300
---------------------------------------------------
28 11 5 5  
tracing VX  -3300   
 (v1) hairpin 11, -3300 
---------------------------------------------------
13 10 5 4  
tracing VX  -1100   
 (v2) IS2 (1,1) 500
 trace vx 12 8 -1600
---------------------------------------------------
12 8 4 3  
tracing VX  -1600   
 (v2) IS2 (1,1) 1100
 trace vx 11 6 -2700
---------------------------------------------------
11 6 3 2  
tracing VX  -2700   
 (v1) hairpin 6, -2700 
NAM  HIVRT_II.3-54
SRC  HIVRT_II.3-54 - 0..33::34
SEQ  +SS
       1 U   C   A   A   G   A   A   U   C   C   G   U   U   U   G   C   A   C   A   C
         0   1   2   3   4   5   6   7   8   9   10  11  12  13  14  15  16  17  18  19  
         .   .   .   13  12  11  .   .   .   .   .   5   4   3   31  30  29  28  .   .   

      21 G   G   G   A   A   A   A   C   G   U   G   C   U   A
         20  21  22  23  24  25  26  27  28  29  30  31  32  33  
         .   .   .   .   .   .   .   .   17  16  15  14  .   .   

true pairs 8.0	 found pairs 7.0	 agree 4.0 (sen=50.00 spe=57.14 -- C_ap = 53.45)
----------------------------------------------------------------------
   Log odds score:        6200 
energy (kcal/mol):       -6.20 
number of pairs found:      7.00 
number of pairs annotated:  8.00 
----------------------------------------------------------------------
Allow pseudoknots? NO
----------------------------------------------------------------------
Parameters (energy  units, kcal/mol)
 P1   parameter:         -0.00 
 P2   parameter:         -0.00 
 P3   parameter:          3.00 
 P4   parameter:         -0.00 
 P5   parameter:          4.60 
 P6   parameter:          0.40 
 P10  parameter:          0.10 
----------------------------------------------------------------------


	             SS  .......>>>>>...AAAAA<<<<<...aaaaa..
	  HIVRT_II.3-28  UCAAGAAUUCCGUAAGGGGUCGGGAAAAACCCUAU

---------------------------------------------------
---------------------------------------------------
34 34 17 16  
tracing WX 10700 
 (W5) SL, trace wx  34 33 10700
---------------------------------------------------
34 33 16 16  
tracing WX 10700 
 (W5) SL, trace wx  34 32 10700
---------------------------------------------------
34 32 16 15  
tracing WX 10700 
 (W5) SL, trace wx  34 31 10700
---------------------------------------------------
34 31 15 15  
tracing WX 10700 
 (W5) SL, trace wx  34 30 10700
---------------------------------------------------
34 30 15 14  
tracing WX 10700 
 (W5) SL, trace wx  34 29 10700
---------------------------------------------------
34 29 14 14  
tracing WX 10700 
 (W6) SR, trace wx 33 28 10700
---------------------------------------------------
33 28 14 13  
tracing WX 10700 
 (W6) SR, trace wx 32 27 10700
---------------------------------------------------
32 27 13 13  
tracing WX 10700 
 (W8.8) dangle i, trace vx 19 13 4900
 (W8.8) dangle j, trace vx 31 10 2500
---------------------------------------------------
31 10 5 4  
tracing VX  2500   
 (v2) IS2 (1,1) 2900
 trace vx 30 8 -400
---------------------------------------------------
30 8 4 3  
tracing VX  -400   
 (v2) IS2 (1,1) 2900
 trace vx 29 6 -3300
---------------------------------------------------
29 6 3 2  
tracing VX  -3300   
 (v1) hairpin 6, -3300 
---------------------------------------------------
19 13 6 6  
tracing VX  4900   
 (v2) IS2 (1,1) 1000
 trace vx 18 11 3900
---------------------------------------------------
18 11 5 5  
tracing VX  3900   
 (v2) IS2 (1,1) 400
 trace vx 17 9 3500
---------------------------------------------------
17 9 4 4  
tracing VX  3500   
 (v2) IS2 (1,1) 1400
 trace vx 16 7 2100
---------------------------------------------------
16 7 3 3  
tracing VX  2100   
 (v2) IS2 (1,1) 2900
 trace vx 15 5 -800
---------------------------------------------------
15 5 2 2  
tracing VX  -800   
 (v1) hairpin 5, -800 
NAM  HIVRT_II.3-28
SRC  HIVRT_II.3-28 - 0..34::35
SEQ  +SS
       1 U   C   A   A   G   A   A   U   U   C   C   G   U   A   A   G   G   G   G   U
         0   1   2   3   4   5   6   7   8   9   10  11  12  13  14  15  16  17  18  19  
         .   .   .   .   .   .   19  18  17  16  15  .   .   .   .   10  9   8   7   6   

      21 C   G   G   G   A   A   A   A   A   C   C   C   U   A   U
         20  21  22  23  24  25  26  27  28  29  30  31  32  33  34  
         .   31  30  29  .   .   .   .   .   23  22  21  .   .   .   

true pairs 10.0	 found pairs 8.0	 agree 0.0 (sen=0.00 spe=0.00 -- C_ap = 0.00)
----------------------------------------------------------------------
   Log odds score:       10700 
energy (kcal/mol):      -10.70 
number of pairs found:      8.00 
number of pairs annotated:  10.00 
----------------------------------------------------------------------
Allow pseudoknots? NO
----------------------------------------------------------------------
Parameters (energy  units, kcal/mol)
 P1   parameter:         -0.00 
 P2   parameter:         -0.00 
 P3   parameter:          3.00 
 P4   parameter:         -0.00 
 P5   parameter:          4.60 
 P6   parameter:          0.40 
 P10  parameter:          0.10 
----------------------------------------------------------------------


	             SS  .......>>>>>...AAAAA<<<<<...aaaaa..
	  HIVRT_II.3-48  UCAAGGAUUCCGUAUGUCCUCGGGAAAAAGGACUA

---------------------------------------------------
---------------------------------------------------
34 34 17 16  
tracing WX 5800 
 (W5) SL, trace wx  34 33 5800
---------------------------------------------------
34 33 16 16  
tracing WX 5800 
 (W5) SL, trace wx  34 32 5800
---------------------------------------------------
34 32 16 15  
tracing WX 5800 
 (W5) SL, trace wx  34 31 5800
---------------------------------------------------
34 31 15 15  
tracing WX 5800 
 (W5) SL, trace wx  34 30 5800
---------------------------------------------------
34 30 15 14  
tracing WX 5800 
 (W5) SL, trace wx  34 29 5800
---------------------------------------------------
34 29 14 14  
tracing WX 5800 
 (W5) SL, trace wx  34 28 5800
---------------------------------------------------
34 28 14 13  
tracing WX 5800 
 (W5) SL, trace wx  34 27 5800
---------------------------------------------------
34 27 13 13  
tracing WX 5800 
 (W5) SL, trace wx  34 26 5800
---------------------------------------------------
34 26 13 12  
tracing WX 5800 
 (W5) SL, trace wx  34 25 5800
---------------------------------------------------
34 25 12 12  
tracing WX 5800 
 (W5) SL, trace wx  34 24 5800
---------------------------------------------------
34 24 12 11  
tracing WX 5800 
 (W5) SL, trace wx  34 23 5800
---------------------------------------------------
34 23 11 11  
tracing WX 5800 
 (W5) SL, trace wx  34 22 5800
---------------------------------------------------
34 22 11 10  
tracing WX 5800 
 (W5) SL, trace wx  34 21 5800
---------------------------------------------------
34 21 10 10  
tracing WX 5800 
 (W5) SL, trace wx  34 20 5800
---------------------------------------------------
34 20 10 9  
tracing WX 5800 
 (W5) SL, trace wx  34 19 5800
---------------------------------------------------
34 19 9 9  
tracing WX 5800 
 (W6) SR, trace wx 33 18 5800
---------------------------------------------------
33 18 9 8  
tracing WX 5800 
 (W4) SR, trace vx 32 17 4600
---------------------------------------------------
32 17 8 8  
tracing VX  4600   
 (v2) IS2 (1,1) 2100
 trace vx 31 15 2500
---------------------------------------------------
31 15 7 7  
tracing VX  2500   
 (v2) IS2 (1,1) 2300
 trace vx 30 13 200
---------------------------------------------------
30 13 6 6  
tracing VX  200   
 (v2) IS2 (1,1) 2900
 trace vx 29 11 -2700
---------------------------------------------------
29 11 5 5  
tracing VX  -2700   
 (v2) IS2 (1,1) 1700
 trace vx 28 9 -4400
---------------------------------------------------
28 9 4 4  
tracing VX  -4400   
 (v1) hairpin 9, -4400 
NAM  HIVRT_II.3-48
SRC  HIVRT_II.3-48 - 0..34::35
SEQ  +SS
       1 U   C   A   A   G   G   A   U   U   C   C   G   U   A   U   G   U   C   C   U
         0   1   2   3   4   5   6   7   8   9   10  11  12  13  14  15  16  17  18  19  
         .   .   .   .   .   .   .   .   .   .   .   .   .   .   .   32  31  30  29  28  

      21 C   G   G   G   A   A   A   A   A   G   G   A   C   U   A
         20  21  22  23  24  25  26  27  28  29  30  31  32  33  34  
         .   .   .   .   .   .   .   .   19  18  17  16  15  .   .   

true pairs 10.0	 found pairs 5.0	 agree 5.0 (sen=50.00 spe=100.00 -- C_ap = 70.71)
----------------------------------------------------------------------
   Log odds score:        5800 
energy (kcal/mol):       -5.80 
number of pairs found:      5.00 
number of pairs annotated:  10.00 
----------------------------------------------------------------------
Allow pseudoknots? NO
----------------------------------------------------------------------
Parameters (energy  units, kcal/mol)
 P1   parameter:         -0.00 
 P2   parameter:         -0.00 
 P3   parameter:          3.00 
 P4   parameter:         -0.00 
 P5   parameter:          4.60 
 P6   parameter:          0.40 
 P10  parameter:          0.10 
----------------------------------------------------------------------


	             SS  .......>>>>>..AAAAAA<<<<<...aaaaaa.
	  HIVRT_II.3-59  UCAAGAGUUCCGAAAGGUAACGGGAAAAUUACCUA

---------------------------------------------------
---------------------------------------------------
34 34 17 16  
tracing WX 8000 
 (W5) SL, trace wx  34 33 8000
---------------------------------------------------
34 33 16 16  
tracing WX 8000 
 (W5) SL, trace wx  34 32 8000
---------------------------------------------------
34 32 16 15  
tracing WX 8000 
 (W5) SL, trace wx  34 31 8000
---------------------------------------------------
34 31 15 15  
tracing WX 8000 
 (W5) SL, trace wx  34 30 8000
---------------------------------------------------
34 30 15 14  
tracing WX 8000 
 (W5) SL, trace wx  34 29 8000
---------------------------------------------------
34 29 14 14  
tracing WX 8000 
 (W6) SR, trace wx 33 28 8000
---------------------------------------------------
33 28 14 13  
tracing WX 8000 
 (W8.4) dangle i, trace vx 20 14 4500
 (W8.4) dangle j, trace vx 32 11 100
---------------------------------------------------
32 11 5 5  
tracing VX  100   
 (v2) IS2 (1,1) 2900
 trace vx 31 9 -2800
---------------------------------------------------
31 9 4 4  
tracing VX  -2800   
 (v1) hairpin 9, -2800 
---------------------------------------------------
20 14 7 6  
tracing VX  4500   
 (v2) IS2 (1,1) 2100
 trace vx 19 12 2400
---------------------------------------------------
19 12 6 5  
tracing VX  2400   
 (v2) IS2 (1,1) 900
 trace vx 18 10 1500
---------------------------------------------------
18 10 5 4  
tracing VX  1500   
 (v2) IS2 (1,2) -1600
 trace vx 16 7 3100
---------------------------------------------------
16 7 3 3  
tracing VX  3100   
 (v2) IS2 (1,1) 2900
 trace vx 15 5 200
---------------------------------------------------
15 5 2 2  
tracing VX  200   
 (v1) hairpin 5, 200 
NAM  HIVRT_II.3-59
SRC  HIVRT_II.3-59 - 0..34::35
SEQ  +SS
       1 U   C   A   A   G   A   G   U   U   C   C   G   A   A   A   G   G   U   A   A
         0   1   2   3   4   5   6   7   8   9   10  11  12  13  14  15  16  17  18  19  
         .   .   .   .   .   .   20  19  18  16  15  .   .   .   .   10  9   .   8   7   

      21 C   G   G   G   A   A   A   A   U   U   A   C   C   U   A
         20  21  22  23  24  25  26  27  28  29  30  31  32  33  34  
         6   32  31  .   .   .   .   .   .   .   .   22  21  .   .   

true pairs 11.0	 found pairs 7.0	 agree 0.0 (sen=0.00 spe=0.00 -- C_ap = 0.00)
----------------------------------------------------------------------
   Log odds score:        8000 
energy (kcal/mol):       -8.00 
number of pairs found:      7.00 
number of pairs annotated:  11.00 
----------------------------------------------------------------------
Allow pseudoknots? NO
----------------------------------------------------------------------
Parameters (energy  units, kcal/mol)
 P1   parameter:         -0.00 
 P2   parameter:         -0.00 
 P3   parameter:          3.00 
 P4   parameter:         -0.00 
 P5   parameter:          4.60 
 P6   parameter:          0.40 
 P10  parameter:          0.10 
----------------------------------------------------------------------


	             SS  .......>>>>>.AAAAA..<<<<<.....aaaaa
	  HIVRT_II.3-12  UCAAGUAUUCCGAUAGUCAACGGGAAAAGCGACUA

---------------------------------------------------
---------------------------------------------------
34 34 17 16  
tracing WX 4700 
 (W8.1) trace vx 12 12 -900
 (W8.1) trace vx 34 21 3700
---------------------------------------------------
34 21 10 10  
tracing VX  3700   
 (v2) IS2 (1,1) 1100
 trace vx 33 19 2600
---------------------------------------------------
33 19 9 9  
tracing VX  2600   
 (v2) IS2 (1,1) 1700
 trace vx 32 17 900
---------------------------------------------------
32 17 8 8  
tracing VX  900   
 (v2) IS2 (1,1) 2100
 trace vx 31 15 -1200
---------------------------------------------------
31 15 7 7  
tracing VX  -1200   
 (v2) IS2 (1,1) 2300
 trace vx 30 13 -3500
---------------------------------------------------
30 13 6 6  
tracing VX  -3500   
 (v1) hairpin 13, -3500 
---------------------------------------------------
12 12 6 5  
tracing VX  -900   
 (v2) IS2 (1,1) 2300
 trace vx 11 10 -3200
---------------------------------------------------
11 10 5 4  
tracing VX  -3200   
 (v1) hairpin 10, -3200 
NAM  HIVRT_II.3-12
SRC  HIVRT_II.3-12 - 0..34::35
SEQ  +SS
       1 U   C   A   A   G   U   A   U   U   C   C   G   A   U   A   G   U   C   A   A
         0   1   2   3   4   5   6   7   8   9   10  11  12  13  14  15  16  17  18  19  
         12  11  .   .   .   .   .   .   .   .   .   1   0   34  33  32  31  30  .   .   

      21 C   G   G   G   A   A   A   A   G   C   G   A   C   U   A
         20  21  22  23  24  25  26  27  28  29  30  31  32  33  34  
         .   .   .   .   .   .   .   .   .   .   17  16  15  14  13  

true pairs 10.0	 found pairs 7.0	 agree 5.0 (sen=50.00 spe=71.43 -- C_ap = 59.76)
----------------------------------------------------------------------
   Log odds score:        4700 
energy (kcal/mol):       -4.70 
number of pairs found:      7.00 
number of pairs annotated:  10.00 
----------------------------------------------------------------------
Allow pseudoknots? NO
----------------------------------------------------------------------
Parameters (energy  units, kcal/mol)
 P1   parameter:         -0.00 
 P2   parameter:         -0.00 
 P3   parameter:          3.00 
 P4   parameter:         -0.00 
 P5   parameter:          4.60 
 P6   parameter:          0.40 
 P10  parameter:          0.10 
----------------------------------------------------------------------


	             SS  .......>>>>>...AAA..<<<<<.....aaa..
	  HIVRT_II.3-11  UCAAGAAUUCCGUAUGUGAUCGGGAAAAACCACUA

---------------------------------------------------
---------------------------------------------------
34 34 17 16  
tracing WX 4100 
 (W5) SL, trace wx  34 33 4100
---------------------------------------------------
34 33 16 16  
tracing WX 4100 
 (W5) SL, trace wx  34 32 4100
---------------------------------------------------
34 32 16 15  
tracing WX 4100 
 (W5) SL, trace wx  34 31 4100
---------------------------------------------------
34 31 15 15  
tracing WX 4100 
 (W5) SL, trace wx  34 30 4100
---------------------------------------------------
34 30 15 14  
tracing WX 4100 
 (W5) SL, trace wx  34 29 4100
---------------------------------------------------
34 29 14 14  
tracing WX 4100 
 (W5) SL, trace wx  34 28 4100
---------------------------------------------------
34 28 14 13  
tracing WX 4100 
 (W6) SR, trace wx 33 27 4100
---------------------------------------------------
33 27 13 13  
tracing WX 4100 
 (W6) SR, trace wx 32 26 4100
---------------------------------------------------
32 26 13 12  
tracing WX 4100 
 (W6) SR, trace wx 31 25 4100
---------------------------------------------------
31 25 12 12  
tracing WX 4100 
 (W6) SR, trace wx 30 24 4100
---------------------------------------------------
30 24 12 11  
tracing WX 4100 
 (W6) SR, trace wx 29 23 4100
---------------------------------------------------
29 23 11 11  
tracing WX 4100 
 (W6) SR, trace wx 28 22 4100
---------------------------------------------------
28 22 11 10  
tracing WX 4100 
 (W6) SR, trace wx 27 21 4100
---------------------------------------------------
27 21 10 10  
tracing WX 4100 
 (W6) SR, trace wx 26 20 4100
---------------------------------------------------
26 20 10 9  
tracing WX 4100 
 (W6) SR, trace wx 25 19 4100
---------------------------------------------------
25 19 9 9  
tracing WX 4100 
 (W2) SR SL, trace vx 24 17 3000
---------------------------------------------------
24 17 8 8  
tracing VX  3000   
 (v2) IS2 (1,1) 1100
 trace vx 23 15 1900
---------------------------------------------------
23 15 7 7  
tracing VX  1900   
 (v2) IS2 (1,1) 1400
 trace vx 22 13 500
---------------------------------------------------
22 13 6 6  
tracing VX  500   
 (v2) IS2 (1,1) 2900
 trace vx 21 11 -2400
---------------------------------------------------
21 11 5 5  
tracing VX  -2400   
 (v2) IS2 (1,1) 2000
 trace vx 20 9 -4400
---------------------------------------------------
20 9 4 4  
tracing VX  -4400   
 (v1) hairpin 9, -4400 
NAM  HIVRT_II.3-11
SRC  HIVRT_II.3-11 - 0..34::35
SEQ  +SS
       1 U   C   A   A   G   A   A   U   U   C   C   G   U   A   U   G   U   G   A   U
         0   1   2   3   4   5   6   7   8   9   10  11  12  13  14  15  16  17  18  19  
         .   .   .   .   .   .   .   24  23  22  21  20  .   .   .   .   .   .   .   .   

      21 C   G   G   G   A   A   A   A   A   C   C   A   C   U   A
         20  21  22  23  24  25  26  27  28  29  30  31  32  33  34  
         11  10  9   8   7   .   .   .   .   .   .   .   .   .   .   

true pairs 8.0	 found pairs 5.0	 agree 5.0 (sen=62.50 spe=100.00 -- C_ap = 79.06)
----------------------------------------------------------------------
   Log odds score:        4100 
energy (kcal/mol):       -4.10 
number of pairs found:      5.00 
number of pairs annotated:  8.00 
----------------------------------------------------------------------
Allow pseudoknots? NO
----------------------------------------------------------------------
Parameters (energy  units, kcal/mol)
 P1   parameter:         -0.00 
 P2   parameter:         -0.00 
 P3   parameter:          3.00 
 P4   parameter:         -0.00 
 P5   parameter:          4.60 
 P6   parameter:          0.40 
 P10  parameter:          0.10 
----------------------------------------------------------------------


	             SS  .......>>>>>....AAA.<<<<<....aaa...
	  HIVRT_II.3-17  UCAAGGAUUCCGAUGUACAACGGGAAAACUGUCUA

---------------------------------------------------
---------------------------------------------------
34 34 17 16  
tracing WX 4500 
 (W5) SL, trace wx  34 33 4500
---------------------------------------------------
34 33 16 16  
tracing WX 4500 
 (W5) SL, trace wx  34 32 4500
---------------------------------------------------
34 32 16 15  
tracing WX 4500 
 (W5) SL, trace wx  34 31 4500
---------------------------------------------------
34 31 15 15  
tracing WX 4500 
 (W5) SL, trace wx  34 30 4500
---------------------------------------------------
34 30 15 14  
tracing WX 4500 
 (W5) SL, trace wx  34 29 4500
---------------------------------------------------
34 29 14 14  
tracing WX 4500 
 (W5) SL, trace wx  34 28 4500
---------------------------------------------------
34 28 14 13  
tracing WX 4500 
 (W6) SR, trace wx 33 27 4500
---------------------------------------------------
33 27 13 13  
tracing WX 4500 
 (W6) SR, trace wx 32 26 4500
---------------------------------------------------
32 26 13 12  
tracing WX 4500 
 (W6) SR, trace wx 31 25 4500
---------------------------------------------------
31 25 12 12  
tracing WX 4500 
 (W6) SR, trace wx 30 24 4500
---------------------------------------------------
30 24 12 11  
tracing WX 4500 
 (W6) SR, trace wx 29 23 4500
---------------------------------------------------
29 23 11 11  
tracing WX 4500 
 (W6) SR, trace wx 28 22 4500
---------------------------------------------------
28 22 11 10  
tracing WX 4500 
 (W6) SR, trace wx 27 21 4500
---------------------------------------------------
27 21 10 10  
tracing WX 4500 
 (W6) SR, trace wx 26 20 4500
---------------------------------------------------
26 20 10 9  
tracing WX 4500 
 (W6) SR, trace wx 25 19 4500
---------------------------------------------------
25 19 9 9  
tracing WX 4500 
 (W2) SR SL, trace vx 24 17 3400
---------------------------------------------------
24 17 8 8  
tracing VX  3400   
 (v2) IS2 (1,1) 1100
 trace vx 23 15 2300
---------------------------------------------------
23 15 7 7  
tracing VX  2300   
 (v2) IS2 (1,1) 1400
 trace vx 22 13 900
---------------------------------------------------
22 13 6 6  
tracing VX  900   
 (v2) IS2 (1,1) 2900
 trace vx 21 11 -2000
---------------------------------------------------
21 11 5 5  
tracing VX  -2000   
 (v2) IS2 (1,1) 2000
 trace vx 20 9 -4000
---------------------------------------------------
20 9 4 4  
tracing VX  -4000   
 (v1) hairpin 9, -4000 
NAM  HIVRT_II.3-17
SRC  HIVRT_II.3-17 - 0..34::35
SEQ  +SS
       1 U   C   A   A   G   G   A   U   U   C   C   G   A   U   G   U   A   C   A   A
         0   1   2   3   4   5   6   7   8   9   10  11  12  13  14  15  16  17  18  19  
         .   .   .   .   .   .   .   24  23  22  21  20  .   .   .   .   .   .   .   .   

      21 C   G   G   G   A   A   A   A   C   U   G   U   C   U   A
         20  21  22  23  24  25  26  27  28  29  30  31  32  33  34  
         11  10  9   8   7   .   .   .   .   .   .   .   .   .   .   

true pairs 8.0	 found pairs 5.0	 agree 5.0 (sen=62.50 spe=100.00 -- C_ap = 79.06)
----------------------------------------------------------------------
   Log odds score:        4500 
energy (kcal/mol):       -4.50 
number of pairs found:      5.00 
number of pairs annotated:  8.00 
----------------------------------------------------------------------
Allow pseudoknots? NO
----------------------------------------------------------------------
Parameters (energy  units, kcal/mol)
 P1   parameter:         -0.00 
 P2   parameter:         -0.00 
 P3   parameter:          3.00 
 P4   parameter:         -0.00 
 P5   parameter:          4.60 
 P6   parameter:          0.40 
 P10  parameter:          0.10 
----------------------------------------------------------------------
