PKNOTS: optimal minimum-energy RNA folding with pseudoknots and coaxial energies
        PKNOTS 1.06 (MAY 2008) using squid 1.5m (Sept 1997)
---------------------------------------------------
Folding sequences from:  /groups/eddy/home/rivase/src/src/pknots/versions/pknots-1.06/Demos/HIVRT_I.sqd 
---------------------------------------------------



	             SS  .......>>>>>.AAAAAA.<<<<<...aaaaaa.
	    HIVRT_I.3-2  UCAAGUAUUCCGAAGCUCAACGGGAAAAUGAGCUA

---------------------------------------------------
---------------------------------------------------
34 34 17 16  
tracing WX 7500 
 (W5) SL, trace wx  34 33 7500
---------------------------------------------------
34 33 16 16  
tracing WX 7500 
 (W5) SL, trace wx  34 32 7500
---------------------------------------------------
34 32 16 15  
tracing WX 7500 
 (W5) SL, trace wx  34 31 7500
---------------------------------------------------
34 31 15 15  
tracing WX 7500 
 (W5) SL, trace wx  34 30 7500
---------------------------------------------------
34 30 15 14  
tracing WX 7500 
 (W5) SL, trace wx  34 29 7500
---------------------------------------------------
34 29 14 14  
tracing WX 7500 
 (W5) SL, trace wx  34 28 7500
---------------------------------------------------
34 28 14 13  
tracing WX 7500 
 (W5) SL, trace wx  34 27 7500
---------------------------------------------------
34 27 13 13  
tracing WX 7500 
 (W5) SL, trace wx  34 26 7500
---------------------------------------------------
34 26 13 12  
tracing WX 7500 
 (W5) SL, trace wx  34 25 7500
---------------------------------------------------
34 25 12 12  
tracing WX 7500 
 (W5) SL, trace wx  34 24 7500
---------------------------------------------------
34 24 12 11  
tracing WX 7500 
 (W5) SL, trace wx  34 23 7500
---------------------------------------------------
34 23 11 11  
tracing WX 7500 
 (W5) SL, trace wx  34 22 7500
---------------------------------------------------
34 22 11 10  
tracing WX 7500 
 (W2) SR SL, trace vx 33 20 6500
---------------------------------------------------
33 20 10 9  
tracing VX  6500   
 (v2) IS2 (1,1) 1700
 trace vx 32 18 4800
---------------------------------------------------
32 18 9 8  
tracing VX  4800   
 (v2) IS2 (1,1) 3400
 trace vx 31 16 1400
---------------------------------------------------
31 16 8 7  
tracing VX  1400   
 (v2) IS2 (1,1) 1700
 trace vx 30 14 -300
---------------------------------------------------
30 14 7 6  
tracing VX  -300   
 (v2) IS2 (1,1) 2300
 trace vx 29 12 -2600
---------------------------------------------------
29 12 6 5  
tracing VX  -2600   
 (v2) IS2 (1,1) 1800
 trace vx 28 10 -4400
---------------------------------------------------
28 10 5 4  
tracing VX  -4400   
 (v1) hairpin 10, -4400 
NAM  HIVRT_I.3-2
SRC  HIVRT_I.3-2 - 0..34::35
SEQ  +SS
       1 U   C   A   A   G   U   A   U   U   C   C   G   A   A   G   C   U   C   A   A
         0   1   2   3   4   5   6   7   8   9   10  11  12  13  14  15  16  17  18  19  
         .   .   .   .   .   .   .   .   .   .   .   .   .   33  32  31  30  29  28  .   

      21 C   G   G   G   A   A   A   A   U   G   A   G   C   U   A
         20  21  22  23  24  25  26  27  28  29  30  31  32  33  34  
         .   .   .   .   .   .   .   .   18  17  16  15  14  13  .   

true pairs 11.0	 found pairs 6.0	 agree 6.0 (sen=54.55 spe=100.00 -- C_ap = 73.85)
----------------------------------------------------------------------
   Log odds score:        7500 
energy (kcal/mol):       -7.50 
number of pairs found:      6.00 
number of pairs annotated:  11.00 
----------------------------------------------------------------------
Allow pseudoknots? NO
----------------------------------------------------------------------
Parameters (energy  units, kcal/mol)
 P1   parameter:         -0.00 
 P2   parameter:         -0.00 
 P3   parameter:          3.00 
 P4   parameter:         -0.00 
 P5   parameter:          4.60 
 P6   parameter:          0.40 
 P10  parameter:          0.10 
----------------------------------------------------------------------


	             SS  .......>>>>>.AAAAAA.<<<<<...aaaaaa.
	    HIVRT_I.3-3  UCAAGUAUUCCGAAGCUUGACGGGAAAAUAAGCUA

---------------------------------------------------
---------------------------------------------------
34 34 17 16  
tracing WX 5600 
 (W7) trace wx  20 20 5400
 (W7) trace wx  34 13 200
---------------------------------------------------
34 13 6 6  
tracing WX 200 
 (W2) SR SL, trace vx 33 11 -1200
---------------------------------------------------
33 11 5 5  
tracing VX  -1200   
 (v2) IS2 (1,1) 1900
 trace vx 32 9 -3100
---------------------------------------------------
32 9 4 4  
tracing VX  -3100   
 (v1) hairpin 9, -3100 
---------------------------------------------------
20 20 10 9  
tracing WX 5400 
 (W4) SR, trace vx 19 19 4900
---------------------------------------------------
19 19 9 9  
tracing VX  4900   
 (v2) IS2 (1,1) 2300
 trace vx 18 17 2600
---------------------------------------------------
18 17 8 8  
tracing VX  2600   
 (v2) IS2 (1,1) 1800
 trace vx 17 15 800
---------------------------------------------------
17 15 7 7  
tracing VX  800   
 (v2) IS2 (1,1) 900
 trace vx 16 13 -100
---------------------------------------------------
16 13 6 6  
tracing VX  -100   
 (v2) IS2 (1,1) 1700
 trace vx 15 11 -1800
---------------------------------------------------
15 11 5 5  
tracing VX  -1800   
 (v2) IS2 (1,1) 2100
 trace vx 14 9 -3900
---------------------------------------------------
14 9 4 4  
tracing VX  -3900   
 (v1) hairpin 9, -3900 
NAM  HIVRT_I.3-3
SRC  HIVRT_I.3-3 - 0..34::35
SEQ  +SS
       1 U   C   A   A   G   U   A   U   U   C   C   G   A   A   G   C   U   U   G   A
         0   1   2   3   4   5   6   7   8   9   10  11  12  13  14  15  16  17  18  19  
         19  18  17  16  15  14  .   .   .   .   .   .   .   .   5   4   3   2   1   0   

      21 C   G   G   G   A   A   A   A   U   A   A   G   C   U   A
         20  21  22  23  24  25  26  27  28  29  30  31  32  33  34  
         .   .   33  32  .   .   .   .   .   .   .   .   23  22  .   

true pairs 11.0	 found pairs 8.0	 agree 0.0 (sen=0.00 spe=0.00 -- C_ap = 0.00)
----------------------------------------------------------------------
   Log odds score:        5600 
energy (kcal/mol):       -5.60 
number of pairs found:      8.00 
number of pairs annotated:  11.00 
----------------------------------------------------------------------
Allow pseudoknots? NO
----------------------------------------------------------------------
Parameters (energy  units, kcal/mol)
 P1   parameter:         -0.00 
 P2   parameter:         -0.00 
 P3   parameter:          3.00 
 P4   parameter:         -0.00 
 P5   parameter:          4.60 
 P6   parameter:          0.40 
 P10  parameter:          0.10 
----------------------------------------------------------------------


	             SS  .......>>>>>.AAAAAA.<<<<<...aaaaaa.
	    HIVRT_I.3-6  UCAAGGAUUCCGAAGUUCAACGGGAAAAUGAACUA

---------------------------------------------------
---------------------------------------------------
34 34 17 16  
tracing WX 5400 
 (W5) SL, trace wx  34 33 5400
---------------------------------------------------
34 33 16 16  
tracing WX 5400 
 (W5) SL, trace wx  34 32 5400
---------------------------------------------------
34 32 16 15  
tracing WX 5400 
 (W5) SL, trace wx  34 31 5400
---------------------------------------------------
34 31 15 15  
tracing WX 5400 
 (W5) SL, trace wx  34 30 5400
---------------------------------------------------
34 30 15 14  
tracing WX 5400 
 (W5) SL, trace wx  34 29 5400
---------------------------------------------------
34 29 14 14  
tracing WX 5400 
 (W5) SL, trace wx  34 28 5400
---------------------------------------------------
34 28 14 13  
tracing WX 5400 
 (W5) SL, trace wx  34 27 5400
---------------------------------------------------
34 27 13 13  
tracing WX 5400 
 (W5) SL, trace wx  34 26 5400
---------------------------------------------------
34 26 13 12  
tracing WX 5400 
 (W5) SL, trace wx  34 25 5400
---------------------------------------------------
34 25 12 12  
tracing WX 5400 
 (W5) SL, trace wx  34 24 5400
---------------------------------------------------
34 24 12 11  
tracing WX 5400 
 (W5) SL, trace wx  34 23 5400
---------------------------------------------------
34 23 11 11  
tracing WX 5400 
 (W5) SL, trace wx  34 22 5400
---------------------------------------------------
34 22 11 10  
tracing WX 5400 
 (W2) SR SL, trace vx 33 20 4400
---------------------------------------------------
33 20 10 9  
tracing VX  4400   
 (v2) IS2 (1,1) 1700
 trace vx 32 18 2700
---------------------------------------------------
32 18 9 8  
tracing VX  2700   
 (v2) IS2 (1,1) 2100
 trace vx 31 16 600
---------------------------------------------------
31 16 8 7  
tracing VX  600   
 (v2) IS2 (1,1) 900
 trace vx 30 14 -300
---------------------------------------------------
30 14 7 6  
tracing VX  -300   
 (v2) IS2 (1,1) 2300
 trace vx 29 12 -2600
---------------------------------------------------
29 12 6 5  
tracing VX  -2600   
 (v2) IS2 (1,1) 1800
 trace vx 28 10 -4400
---------------------------------------------------
28 10 5 4  
tracing VX  -4400   
 (v1) hairpin 10, -4400 
NAM  HIVRT_I.3-6
SRC  HIVRT_I.3-6 - 0..34::35
SEQ  +SS
       1 U   C   A   A   G   G   A   U   U   C   C   G   A   A   G   U   U   C   A   A
         0   1   2   3   4   5   6   7   8   9   10  11  12  13  14  15  16  17  18  19  
         .   .   .   .   .   .   .   .   .   .   .   .   .   33  32  31  30  29  28  .   

      21 C   G   G   G   A   A   A   A   U   G   A   A   C   U   A
         20  21  22  23  24  25  26  27  28  29  30  31  32  33  34  
         .   .   .   .   .   .   .   .   18  17  16  15  14  13  .   

true pairs 11.0	 found pairs 6.0	 agree 6.0 (sen=54.55 spe=100.00 -- C_ap = 73.85)
----------------------------------------------------------------------
   Log odds score:        5400 
energy (kcal/mol):       -5.40 
number of pairs found:      6.00 
number of pairs annotated:  11.00 
----------------------------------------------------------------------
Allow pseudoknots? NO
----------------------------------------------------------------------
Parameters (energy  units, kcal/mol)
 P1   parameter:         -0.00 
 P2   parameter:         -0.00 
 P3   parameter:          3.00 
 P4   parameter:         -0.00 
 P5   parameter:          4.60 
 P6   parameter:          0.40 
 P10  parameter:          0.10 
----------------------------------------------------------------------


	             SS  .......>>>>>.AAAAAA.<<<<<...aaaaaa.
	    HIVRT_I.3-7  UCAAGAGUUCCGAAGGUUAACGGGAAAAUGACCUA

---------------------------------------------------
---------------------------------------------------
34 34 17 16  
tracing WX 5200 
 (W5) SL, trace wx  34 33 5200
---------------------------------------------------
34 33 16 16  
tracing WX 5200 
 (W5) SL, trace wx  34 32 5200
---------------------------------------------------
34 32 16 15  
tracing WX 5200 
 (W5) SL, trace wx  34 31 5200
---------------------------------------------------
34 31 15 15  
tracing WX 5200 
 (W5) SL, trace wx  34 30 5200
---------------------------------------------------
34 30 15 14  
tracing WX 5200 
 (W5) SL, trace wx  34 29 5200
---------------------------------------------------
34 29 14 14  
tracing WX 5200 
 (W5) SL, trace wx  34 28 5200
---------------------------------------------------
34 28 14 13  
tracing WX 5200 
 (W5) SL, trace wx  34 27 5200
---------------------------------------------------
34 27 13 13  
tracing WX 5200 
 (W5) SL, trace wx  34 26 5200
---------------------------------------------------
34 26 13 12  
tracing WX 5200 
 (W5) SL, trace wx  34 25 5200
---------------------------------------------------
34 25 12 12  
tracing WX 5200 
 (W5) SL, trace wx  34 24 5200
---------------------------------------------------
34 24 12 11  
tracing WX 5200 
 (W5) SL, trace wx  34 23 5200
---------------------------------------------------
34 23 11 11  
tracing WX 5200 
 (W5) SL, trace wx  34 22 5200
---------------------------------------------------
34 22 11 10  
tracing WX 5200 
 (W2) SR SL, trace vx 33 20 4200
---------------------------------------------------
33 20 10 9  
tracing VX  4200   
 (v2) IS2 (1,1) 1700
 trace vx 32 18 2500
---------------------------------------------------
32 18 9 8  
tracing VX  2500   
 (v2) IS2 (1,1) 2900
 trace vx 31 16 -400
---------------------------------------------------
31 16 8 7  
tracing VX  -400   
 (v2) IS2 (1,1) 2100
 trace vx 30 14 -2500
---------------------------------------------------
30 14 7 6  
tracing VX  -2500   
 (v2) IS2 (1,1) 1100
 trace vx 29 12 -3600
---------------------------------------------------
29 12 6 5  
tracing VX  -3600   
 (v2) IS2 (1,1) 800
 trace vx 28 10 -4400
---------------------------------------------------
28 10 5 4  
tracing VX  -4400   
 (v1) hairpin 10, -4400 
NAM  HIVRT_I.3-7
SRC  HIVRT_I.3-7 - 0..34::35
SEQ  +SS
       1 U   C   A   A   G   A   G   U   U   C   C   G   A   A   G   G   U   U   A   A
         0   1   2   3   4   5   6   7   8   9   10  11  12  13  14  15  16  17  18  19  
         .   .   .   .   .   .   .   .   .   .   .   .   .   33  32  31  30  29  28  .   

      21 C   G   G   G   A   A   A   A   U   G   A   C   C   U   A
         20  21  22  23  24  25  26  27  28  29  30  31  32  33  34  
         .   .   .   .   .   .   .   .   18  17  16  15  14  13  .   

true pairs 11.0	 found pairs 6.0	 agree 6.0 (sen=54.55 spe=100.00 -- C_ap = 73.85)
----------------------------------------------------------------------
   Log odds score:        5200 
energy (kcal/mol):       -5.20 
number of pairs found:      6.00 
number of pairs annotated:  11.00 
----------------------------------------------------------------------
Allow pseudoknots? NO
----------------------------------------------------------------------
Parameters (energy  units, kcal/mol)
 P1   parameter:         -0.00 
 P2   parameter:         -0.00 
 P3   parameter:          3.00 
 P4   parameter:         -0.00 
 P5   parameter:          4.60 
 P6   parameter:          0.40 
 P10  parameter:          0.10 
----------------------------------------------------------------------


	             SS  .......>>>>>.AAAAAA.<<<<<...aaaaaa.
	   HIVRT_I.3-25  UCAAGGAUUCCGAAGUGUAACGGGAAAAUGCACUA

---------------------------------------------------
---------------------------------------------------
34 34 17 16  
tracing WX 5100 
 (W5) SL, trace wx  34 33 5100
---------------------------------------------------
34 33 16 16  
tracing WX 5100 
 (W5) SL, trace wx  34 32 5100
---------------------------------------------------
34 32 16 15  
tracing WX 5100 
 (W5) SL, trace wx  34 31 5100
---------------------------------------------------
34 31 15 15  
tracing WX 5100 
 (W5) SL, trace wx  34 30 5100
---------------------------------------------------
34 30 15 14  
tracing WX 5100 
 (W5) SL, trace wx  34 29 5100
---------------------------------------------------
34 29 14 14  
tracing WX 5100 
 (W5) SL, trace wx  34 28 5100
---------------------------------------------------
34 28 14 13  
tracing WX 5100 
 (W5) SL, trace wx  34 27 5100
---------------------------------------------------
34 27 13 13  
tracing WX 5100 
 (W5) SL, trace wx  34 26 5100
---------------------------------------------------
34 26 13 12  
tracing WX 5100 
 (W5) SL, trace wx  34 25 5100
---------------------------------------------------
34 25 12 12  
tracing WX 5100 
 (W5) SL, trace wx  34 24 5100
---------------------------------------------------
34 24 12 11  
tracing WX 5100 
 (W5) SL, trace wx  34 23 5100
---------------------------------------------------
34 23 11 11  
tracing WX 5100 
 (W5) SL, trace wx  34 22 5100
---------------------------------------------------
34 22 11 10  
tracing WX 5100 
 (W2) SR SL, trace vx 33 20 4100
---------------------------------------------------
33 20 10 9  
tracing VX  4100   
 (v2) IS2 (1,1) 1700
 trace vx 32 18 2400
---------------------------------------------------
32 18 9 8  
tracing VX  2400   
 (v2) IS2 (1,1) 2100
 trace vx 31 16 300
---------------------------------------------------
31 16 8 7  
tracing VX  300   
 (v2) IS2 (1,1) 1800
 trace vx 30 14 -1500
---------------------------------------------------
30 14 7 6  
tracing VX  -1500   
 (v2) IS2 (1,1) 2100
 trace vx 29 12 -3600
---------------------------------------------------
29 12 6 5  
tracing VX  -3600   
 (v2) IS2 (1,1) 800
 trace vx 28 10 -4400
---------------------------------------------------
28 10 5 4  
tracing VX  -4400   
 (v1) hairpin 10, -4400 
NAM  HIVRT_I.3-25
SRC  HIVRT_I.3-25 - 0..34::35
SEQ  +SS
       1 U   C   A   A   G   G   A   U   U   C   C   G   A   A   G   U   G   U   A   A
         0   1   2   3   4   5   6   7   8   9   10  11  12  13  14  15  16  17  18  19  
         .   .   .   .   .   .   .   .   .   .   .   .   .   33  32  31  30  29  28  .   

      21 C   G   G   G   A   A   A   A   U   G   C   A   C   U   A
         20  21  22  23  24  25  26  27  28  29  30  31  32  33  34  
         .   .   .   .   .   .   .   .   18  17  16  15  14  13  .   

true pairs 11.0	 found pairs 6.0	 agree 6.0 (sen=54.55 spe=100.00 -- C_ap = 73.85)
----------------------------------------------------------------------
   Log odds score:        5100 
energy (kcal/mol):       -5.10 
number of pairs found:      6.00 
number of pairs annotated:  11.00 
----------------------------------------------------------------------
Allow pseudoknots? NO
----------------------------------------------------------------------
Parameters (energy  units, kcal/mol)
 P1   parameter:         -0.00 
 P2   parameter:         -0.00 
 P3   parameter:          3.00 
 P4   parameter:         -0.00 
 P5   parameter:          4.60 
 P6   parameter:          0.40 
 P10  parameter:          0.10 
----------------------------------------------------------------------


	             SS  .......>>>>>.AAAAAA.<<<<<...aaaaaa.
	   HIVRT_I.3-50  UCAAGUAUUCCGAGGUGCCACGGGAAAAGGCACUA

---------------------------------------------------
---------------------------------------------------
34 34 17 16  
tracing WX 9700 
 (W5) SL, trace wx  34 33 9700
---------------------------------------------------
34 33 16 16  
tracing WX 9700 
 (W5) SL, trace wx  34 32 9700
---------------------------------------------------
34 32 16 15  
tracing WX 9700 
 (W5) SL, trace wx  34 31 9700
---------------------------------------------------
34 31 15 15  
tracing WX 9700 
 (W5) SL, trace wx  34 30 9700
---------------------------------------------------
34 30 15 14  
tracing WX 9700 
 (W5) SL, trace wx  34 29 9700
---------------------------------------------------
34 29 14 14  
tracing WX 9700 
 (W5) SL, trace wx  34 28 9700
---------------------------------------------------
34 28 14 13  
tracing WX 9700 
 (W5) SL, trace wx  34 27 9700
---------------------------------------------------
34 27 13 13  
tracing WX 9700 
 (W5) SL, trace wx  34 26 9700
---------------------------------------------------
34 26 13 12  
tracing WX 9700 
 (W5) SL, trace wx  34 25 9700
---------------------------------------------------
34 25 12 12  
tracing WX 9700 
 (W5) SL, trace wx  34 24 9700
---------------------------------------------------
34 24 12 11  
tracing WX 9700 
 (W5) SL, trace wx  34 23 9700
---------------------------------------------------
34 23 11 11  
tracing WX 9700 
 (W5) SL, trace wx  34 22 9700
---------------------------------------------------
34 22 11 10  
tracing WX 9700 
 (W2) SR SL, trace vx 33 20 8300
---------------------------------------------------
33 20 10 9  
tracing VX  8300   
 (v2) IS2 (1,1) 1900
 trace vx 32 18 6400
---------------------------------------------------
32 18 9 8  
tracing VX  6400   
 (v2) IS2 (1,1) 2100
 trace vx 31 16 4300
---------------------------------------------------
31 16 8 7  
tracing VX  4300   
 (v2) IS2 (1,1) 1800
 trace vx 30 14 2500
---------------------------------------------------
30 14 7 6  
tracing VX  2500   
 (v2) IS2 (1,1) 3400
 trace vx 29 12 -900
---------------------------------------------------
29 12 6 5  
tracing VX  -900   
 (v2) IS2 (1,1) 2900
 trace vx 28 10 -3800
---------------------------------------------------
28 10 5 4  
tracing VX  -3800   
 (v1) hairpin 10, -3800 
NAM  HIVRT_I.3-50
SRC  HIVRT_I.3-50 - 0..34::35
SEQ  +SS
       1 U   C   A   A   G   U   A   U   U   C   C   G   A   G   G   U   G   C   C   A
         0   1   2   3   4   5   6   7   8   9   10  11  12  13  14  15  16  17  18  19  
         .   .   .   .   .   .   .   .   .   .   .   .   .   33  32  31  30  29  28  .   

      21 C   G   G   G   A   A   A   A   G   G   C   A   C   U   A
         20  21  22  23  24  25  26  27  28  29  30  31  32  33  34  
         .   .   .   .   .   .   .   .   18  17  16  15  14  13  .   

true pairs 11.0	 found pairs 6.0	 agree 6.0 (sen=54.55 spe=100.00 -- C_ap = 73.85)
----------------------------------------------------------------------
   Log odds score:        9700 
energy (kcal/mol):       -9.70 
number of pairs found:      6.00 
number of pairs annotated:  11.00 
----------------------------------------------------------------------
Allow pseudoknots? NO
----------------------------------------------------------------------
Parameters (energy  units, kcal/mol)
 P1   parameter:         -0.00 
 P2   parameter:         -0.00 
 P3   parameter:          3.00 
 P4   parameter:         -0.00 
 P5   parameter:          4.60 
 P6   parameter:          0.40 
 P10  parameter:          0.10 
----------------------------------------------------------------------


	             SS  .......>>>>>.AAAAAA.<<<<<...aaaaaa.
	   HIVRT_I.3-22  UCAAGUAUUCCGAAGGGUAACGGGAAAAUGCCCUA

---------------------------------------------------
---------------------------------------------------
34 34 17 16  
tracing WX 7500 
 (W5) SL, trace wx  34 33 7500
---------------------------------------------------
34 33 16 16  
tracing WX 7500 
 (W5) SL, trace wx  34 32 7500
---------------------------------------------------
34 32 16 15  
tracing WX 7500 
 (W5) SL, trace wx  34 31 7500
---------------------------------------------------
34 31 15 15  
tracing WX 7500 
 (W5) SL, trace wx  34 30 7500
---------------------------------------------------
34 30 15 14  
tracing WX 7500 
 (W5) SL, trace wx  34 29 7500
---------------------------------------------------
34 29 14 14  
tracing WX 7500 
 (W5) SL, trace wx  34 28 7500
---------------------------------------------------
34 28 14 13  
tracing WX 7500 
 (W6) SR, trace wx 33 27 7500
---------------------------------------------------
33 27 13 13  
tracing WX 7500 
 (W8.8) dangle i, trace vx 19 12 1200
 (W8.8) dangle j, trace vx 32 11 3100
---------------------------------------------------
32 11 5 5  
tracing VX  3100   
 (v2) IS2 (1,1) 2900
 trace vx 31 9 200
---------------------------------------------------
31 9 4 4  
tracing VX  200   
 (v2) IS2 (1,1) 2900
 trace vx 30 7 -2700
---------------------------------------------------
30 7 3 3  
tracing VX  -2700   
 (v1) hairpin 7, -2700 
---------------------------------------------------
19 12 6 5  
tracing VX  1200   
 (v2) IS2 (1,1) 900
 trace vx 18 10 300
---------------------------------------------------
18 10 5 4  
tracing VX  300   
 (v2) IS2 (1,2) -1600
 trace vx 16 7 1900
---------------------------------------------------
16 7 3 3  
tracing VX  1900   
 (v2) IS2 (1,1) 2900
 trace vx 15 5 -1000
---------------------------------------------------
15 5 2 2  
tracing VX  -1000   
 (v1) hairpin 5, -1000 
NAM  HIVRT_I.3-22
SRC  HIVRT_I.3-22 - 0..34::35
SEQ  +SS
       1 U   C   A   A   G   U   A   U   U   C   C   G   A   A   G   G   G   U   A   A
         0   1   2   3   4   5   6   7   8   9   10  11  12  13  14  15  16  17  18  19  
         .   .   .   .   .   .   .   19  18  16  15  .   .   .   .   10  9   .   8   7   

      21 C   G   G   G   A   A   A   A   U   G   C   C   C   U   A
         20  21  22  23  24  25  26  27  28  29  30  31  32  33  34  
         .   32  31  30  .   .   .   .   .   .   23  22  21  .   .   

true pairs 11.0	 found pairs 7.0	 agree 0.0 (sen=0.00 spe=0.00 -- C_ap = 0.00)
----------------------------------------------------------------------
   Log odds score:        7500 
energy (kcal/mol):       -7.50 
number of pairs found:      7.00 
number of pairs annotated:  11.00 
----------------------------------------------------------------------
Allow pseudoknots? NO
----------------------------------------------------------------------
Parameters (energy  units, kcal/mol)
 P1   parameter:         -0.00 
 P2   parameter:         -0.00 
 P3   parameter:          3.00 
 P4   parameter:         -0.00 
 P5   parameter:          4.60 
 P6   parameter:          0.40 
 P10  parameter:          0.10 
----------------------------------------------------------------------


	             SS  .......>>>>>.AAAAA..<<<<<....aaaaa.
	    HIVRT_I.3-8  UCAAGUAUUCCGAAGUACAACGGGAAAACGUACUA

---------------------------------------------------
---------------------------------------------------
34 34 17 16  
tracing WX 4900 
 (W5) SL, trace wx  34 33 4900
---------------------------------------------------
34 33 16 16  
tracing WX 4900 
 (W5) SL, trace wx  34 32 4900
---------------------------------------------------
34 32 16 15  
tracing WX 4900 
 (W5) SL, trace wx  34 31 4900
---------------------------------------------------
34 31 15 15  
tracing WX 4900 
 (W6) SR, trace wx 33 30 4900
---------------------------------------------------
33 30 15 14  
tracing WX 4900 
 (W6) SR, trace wx 32 29 4900
---------------------------------------------------
32 29 14 14  
tracing WX 4900 
 (W6) SR, trace wx 31 28 4900
---------------------------------------------------
31 28 14 13  
tracing WX 4900 
 (W8.8) dangle i, trace vx 17 13 500
 (W8.8) dangle j, trace vx 30 11 1700
---------------------------------------------------
30 11 5 5  
tracing VX  1700   
 (v2) IS2 (1,1) 2100
 trace vx 29 9 -400
---------------------------------------------------
29 9 4 4  
tracing VX  -400   
 (v2) IS2 (1,1) 2000
 trace vx 28 7 -2400
---------------------------------------------------
28 7 3 3  
tracing VX  -2400   
 (v1) hairpin 7, -2400 
---------------------------------------------------
17 13 6 6  
tracing VX  500   
 (v2) IS2 (1,1) 2100
 trace vx 16 11 -1600
---------------------------------------------------
16 11 5 5  
tracing VX  -1600   
 (v2) IS2 (1,1) 1100
 trace vx 15 9 -2700
---------------------------------------------------
15 9 4 4  
tracing VX  -2700   
 (v2) IS2 (1,1) 1000
 trace vx 14 7 -3700
---------------------------------------------------
14 7 3 3  
tracing VX  -3700   
 (v2) IS2 (1,1) 500
 trace vx 13 5 -4200
---------------------------------------------------
13 5 2 2  
tracing VX  -4200   
 (v1) hairpin 5, -4200 
NAM  HIVRT_I.3-8
SRC  HIVRT_I.3-8 - 0..34::35
SEQ  +SS
       1 U   C   A   A   G   U   A   U   U   C   C   G   A   A   G   U   A   C   A   A
         0   1   2   3   4   5   6   7   8   9   10  11  12  13  14  15  16  17  18  19  
         .   .   .   .   17  16  15  14  13  .   .   .   .   8   7   6   5   4   .   30  

      21 C   G   G   G   A   A   A   A   C   G   U   A   C   U   A
         20  21  22  23  24  25  26  27  28  29  30  31  32  33  34  
         29  28  .   .   .   .   .   .   21  20  19  .   .   .   .   

true pairs 10.0	 found pairs 8.0	 agree 0.0 (sen=0.00 spe=0.00 -- C_ap = 0.00)
----------------------------------------------------------------------
   Log odds score:        4900 
energy (kcal/mol):       -4.90 
number of pairs found:      8.00 
number of pairs annotated:  10.00 
----------------------------------------------------------------------
Allow pseudoknots? NO
----------------------------------------------------------------------
Parameters (energy  units, kcal/mol)
 P1   parameter:         -0.00 
 P2   parameter:         -0.00 
 P3   parameter:          3.00 
 P4   parameter:         -0.00 
 P5   parameter:          4.60 
 P6   parameter:          0.40 
 P10  parameter:          0.10 
----------------------------------------------------------------------


	             SS  .......>>>>>.AAAAA..<<<<<....aaaaa.
	   HIVRT_I.3-13  UCAAGGAUUCCGAAGUGUAACGGGAAAACGCACUA

---------------------------------------------------
---------------------------------------------------
34 34 17 16  
tracing WX 4700 
 (W5) SL, trace wx  34 33 4700
---------------------------------------------------
34 33 16 16  
tracing WX 4700 
 (W5) SL, trace wx  34 32 4700
---------------------------------------------------
34 32 16 15  
tracing WX 4700 
 (W5) SL, trace wx  34 31 4700
---------------------------------------------------
34 31 15 15  
tracing WX 4700 
 (W5) SL, trace wx  34 30 4700
---------------------------------------------------
34 30 15 14  
tracing WX 4700 
 (W5) SL, trace wx  34 29 4700
---------------------------------------------------
34 29 14 14  
tracing WX 4700 
 (W5) SL, trace wx  34 28 4700
---------------------------------------------------
34 28 14 13  
tracing WX 4700 
 (W5) SL, trace wx  34 27 4700
---------------------------------------------------
34 27 13 13  
tracing WX 4700 
 (W5) SL, trace wx  34 26 4700
---------------------------------------------------
34 26 13 12  
tracing WX 4700 
 (W5) SL, trace wx  34 25 4700
---------------------------------------------------
34 25 12 12  
tracing WX 4700 
 (W5) SL, trace wx  34 24 4700
---------------------------------------------------
34 24 12 11  
tracing WX 4700 
 (W5) SL, trace wx  34 23 4700
---------------------------------------------------
34 23 11 11  
tracing WX 4700 
 (W5) SL, trace wx  34 22 4700
---------------------------------------------------
34 22 11 10  
tracing WX 4700 
 (W2) SR SL, trace vx 33 20 3700
---------------------------------------------------
33 20 10 9  
tracing VX  3700   
 (v2) IS2 (1,1) 1700
 trace vx 32 18 2000
---------------------------------------------------
32 18 9 8  
tracing VX  2000   
 (v2) IS2 (1,1) 2100
 trace vx 31 16 -100
---------------------------------------------------
31 16 8 7  
tracing VX  -100   
 (v2) IS2 (1,1) 1800
 trace vx 30 14 -1900
---------------------------------------------------
30 14 7 6  
tracing VX  -1900   
 (v2) IS2 (1,1) 2100
 trace vx 29 12 -4000
---------------------------------------------------
29 12 6 5  
tracing VX  -4000   
 (v1) hairpin 12, -4000 
NAM  HIVRT_I.3-13
SRC  HIVRT_I.3-13 - 0..34::35
SEQ  +SS
       1 U   C   A   A   G   G   A   U   U   C   C   G   A   A   G   U   G   U   A   A
         0   1   2   3   4   5   6   7   8   9   10  11  12  13  14  15  16  17  18  19  
         .   .   .   .   .   .   .   .   .   .   .   .   .   33  32  31  30  29  .   .   

      21 C   G   G   G   A   A   A   A   C   G   C   A   C   U   A
         20  21  22  23  24  25  26  27  28  29  30  31  32  33  34  
         .   .   .   .   .   .   .   .   .   17  16  15  14  13  .   

true pairs 10.0	 found pairs 5.0	 agree 5.0 (sen=50.00 spe=100.00 -- C_ap = 70.71)
----------------------------------------------------------------------
   Log odds score:        4700 
energy (kcal/mol):       -4.70 
number of pairs found:      5.00 
number of pairs annotated:  10.00 
----------------------------------------------------------------------
Allow pseudoknots? NO
----------------------------------------------------------------------
Parameters (energy  units, kcal/mol)
 P1   parameter:         -0.00 
 P2   parameter:         -0.00 
 P3   parameter:          3.00 
 P4   parameter:         -0.00 
 P5   parameter:          4.60 
 P6   parameter:          0.40 
 P10  parameter:          0.10 
----------------------------------------------------------------------


	             SS  .......>>>>>.AAAAA..<<<<<....aaaaa.
	   HIVRT_I.3-23  UCAAGGAUUCCGAAGCAUAACGGGAAAACAUGCUA

---------------------------------------------------
---------------------------------------------------
34 34 17 16  
tracing WX 4500 
 (W5) SL, trace wx  34 33 4500
---------------------------------------------------
34 33 16 16  
tracing WX 4500 
 (W5) SL, trace wx  34 32 4500
---------------------------------------------------
34 32 16 15  
tracing WX 4500 
 (W5) SL, trace wx  34 31 4500
---------------------------------------------------
34 31 15 15  
tracing WX 4500 
 (W5) SL, trace wx  34 30 4500
---------------------------------------------------
34 30 15 14  
tracing WX 4500 
 (W5) SL, trace wx  34 29 4500
---------------------------------------------------
34 29 14 14  
tracing WX 4500 
 (W5) SL, trace wx  34 28 4500
---------------------------------------------------
34 28 14 13  
tracing WX 4500 
 (W6) SR, trace wx 33 27 4500
---------------------------------------------------
33 27 13 13  
tracing WX 4500 
 (W6) SR, trace wx 32 26 4500
---------------------------------------------------
32 26 13 12  
tracing WX 4500 
 (W6) SR, trace wx 31 25 4500
---------------------------------------------------
31 25 12 12  
tracing WX 4500 
 (W6) SR, trace wx 30 24 4500
---------------------------------------------------
30 24 12 11  
tracing WX 4500 
 (W6) SR, trace wx 29 23 4500
---------------------------------------------------
29 23 11 11  
tracing WX 4500 
 (W6) SR, trace wx 28 22 4500
---------------------------------------------------
28 22 11 10  
tracing WX 4500 
 (W6) SR, trace wx 27 21 4500
---------------------------------------------------
27 21 10 10  
tracing WX 4500 
 (W6) SR, trace wx 26 20 4500
---------------------------------------------------
26 20 10 9  
tracing WX 4500 
 (W6) SR, trace wx 25 19 4500
---------------------------------------------------
25 19 9 9  
tracing WX 4500 
 (W2) SR SL, trace vx 24 17 3400
---------------------------------------------------
24 17 8 8  
tracing VX  3400   
 (v2) IS2 (1,1) 1100
 trace vx 23 15 2300
---------------------------------------------------
23 15 7 7  
tracing VX  2300   
 (v2) IS2 (1,1) 1400
 trace vx 22 13 900
---------------------------------------------------
22 13 6 6  
tracing VX  900   
 (v2) IS2 (1,1) 2900
 trace vx 21 11 -2000
---------------------------------------------------
21 11 5 5  
tracing VX  -2000   
 (v2) IS2 (1,1) 2000
 trace vx 20 9 -4000
---------------------------------------------------
20 9 4 4  
tracing VX  -4000   
 (v1) hairpin 9, -4000 
NAM  HIVRT_I.3-23
SRC  HIVRT_I.3-23 - 0..34::35
SEQ  +SS
       1 U   C   A   A   G   G   A   U   U   C   C   G   A   A   G   C   A   U   A   A
         0   1   2   3   4   5   6   7   8   9   10  11  12  13  14  15  16  17  18  19  
         .   .   .   .   .   .   .   24  23  22  21  20  .   .   .   .   .   .   .   .   

      21 C   G   G   G   A   A   A   A   C   A   U   G   C   U   A
         20  21  22  23  24  25  26  27  28  29  30  31  32  33  34  
         11  10  9   8   7   .   .   .   .   .   .   .   .   .   .   

true pairs 10.0	 found pairs 5.0	 agree 5.0 (sen=50.00 spe=100.00 -- C_ap = 70.71)
----------------------------------------------------------------------
   Log odds score:        4500 
energy (kcal/mol):       -4.50 
number of pairs found:      5.00 
number of pairs annotated:  10.00 
----------------------------------------------------------------------
Allow pseudoknots? NO
----------------------------------------------------------------------
Parameters (energy  units, kcal/mol)
 P1   parameter:         -0.00 
 P2   parameter:         -0.00 
 P3   parameter:          3.00 
 P4   parameter:         -0.00 
 P5   parameter:          4.60 
 P6   parameter:          0.40 
 P10  parameter:          0.10 
----------------------------------------------------------------------


	             SS  .......>>>>>.AAAAA..<<<<<....aaaaa.
	   HIVRT_I.3-43  UCAGGGAUUCCGAAGUGUAACGGGAAAAAGCACUA

---------------------------------------------------
---------------------------------------------------
34 34 17 16  
tracing WX 5900 
 (W5) SL, trace wx  34 33 5900
---------------------------------------------------
34 33 16 16  
tracing WX 5900 
 (W5) SL, trace wx  34 32 5900
---------------------------------------------------
34 32 16 15  
tracing WX 5900 
 (W7) trace wx  11 9 1400
 (W7) trace wx  34 22 4500
---------------------------------------------------
34 22 11 10  
tracing WX 4500 
 (W2) SR SL, trace vx 33 20 3500
---------------------------------------------------
33 20 10 9  
tracing VX  3500   
 (v2) IS2 (1,1) 1700
 trace vx 32 18 1800
---------------------------------------------------
32 18 9 8  
tracing VX  1800   
 (v2) IS2 (1,1) 2100
 trace vx 31 16 -300
---------------------------------------------------
31 16 8 7  
tracing VX  -300   
 (v2) IS2 (1,1) 1800
 trace vx 30 14 -2100
---------------------------------------------------
30 14 7 6  
tracing VX  -2100   
 (v2) IS2 (1,1) 2100
 trace vx 29 12 -4200
---------------------------------------------------
29 12 6 5  
tracing VX  -4200   
 (v1) hairpin 12, -4200 
---------------------------------------------------
11 9 4 4  
tracing WX 1400 
 (W2) SR SL, trace vx 10 7 -500
---------------------------------------------------
10 7 3 3  
tracing VX  -500   
 (v2) IS2 (1,1) 2900
 trace vx 9 5 -3400
---------------------------------------------------
9 5 2 2  
tracing VX  -3400   
 (v1) hairpin 5, -3400 
NAM  HIVRT_I.3-43
SRC  HIVRT_I.3-43 - 0..34::35
SEQ  +SS
       1 U   C   A   G   G   G   A   U   U   C   C   G   A   A   G   U   G   U   A   A
         0   1   2   3   4   5   6   7   8   9   10  11  12  13  14  15  16  17  18  19  
         .   .   .   10  9   .   .   .   .   4   3   .   .   33  32  31  30  29  .   .   

      21 C   G   G   G   A   A   A   A   A   G   C   A   C   U   A
         20  21  22  23  24  25  26  27  28  29  30  31  32  33  34  
         .   .   .   .   .   .   .   .   .   17  16  15  14  13  .   

true pairs 10.0	 found pairs 7.0	 agree 5.0 (sen=50.00 spe=71.43 -- C_ap = 59.76)
----------------------------------------------------------------------
   Log odds score:        5900 
energy (kcal/mol):       -5.90 
number of pairs found:      7.00 
number of pairs annotated:  10.00 
----------------------------------------------------------------------
Allow pseudoknots? NO
----------------------------------------------------------------------
Parameters (energy  units, kcal/mol)
 P1   parameter:         -0.00 
 P2   parameter:         -0.00 
 P3   parameter:          3.00 
 P4   parameter:         -0.00 
 P5   parameter:          4.60 
 P6   parameter:          0.40 
 P10  parameter:          0.10 
----------------------------------------------------------------------


	             SS  .......>>>>>.AAAAA..<<<<<....aaaaa.
	   HIVRT_I.3-45  UCAAGUAUUCCGAGGUGUGACGGGAAAAGACACUA

---------------------------------------------------
---------------------------------------------------
34 34 17 16  
tracing WX 5100 
 (W5) SL, trace wx  34 33 5100
---------------------------------------------------
34 33 16 16  
tracing WX 5100 
 (W5) SL, trace wx  34 32 5100
---------------------------------------------------
34 32 16 15  
tracing WX 5100 
 (W5) SL, trace wx  34 31 5100
---------------------------------------------------
34 31 15 15  
tracing WX 5100 
 (W5) SL, trace wx  34 30 5100
---------------------------------------------------
34 30 15 14  
tracing WX 5100 
 (W5) SL, trace wx  34 29 5100
---------------------------------------------------
34 29 14 14  
tracing WX 5100 
 (W5) SL, trace wx  34 28 5100
---------------------------------------------------
34 28 14 13  
tracing WX 5100 
 (W5) SL, trace wx  34 27 5100
---------------------------------------------------
34 27 13 13  
tracing WX 5100 
 (W5) SL, trace wx  34 26 5100
---------------------------------------------------
34 26 13 12  
tracing WX 5100 
 (W5) SL, trace wx  34 25 5100
---------------------------------------------------
34 25 12 12  
tracing WX 5100 
 (W5) SL, trace wx  34 24 5100
---------------------------------------------------
34 24 12 11  
tracing WX 5100 
 (W5) SL, trace wx  34 23 5100
---------------------------------------------------
34 23 11 11  
tracing WX 5100 
 (W5) SL, trace wx  34 22 5100
---------------------------------------------------
34 22 11 10  
tracing WX 5100 
 (W2) SR SL, trace vx 33 20 3700
---------------------------------------------------
33 20 10 9  
tracing VX  3700   
 (v2) IS2 (1,1) 1900
 trace vx 32 18 1800
---------------------------------------------------
32 18 9 8  
tracing VX  1800   
 (v2) IS2 (1,1) 2100
 trace vx 31 16 -300
---------------------------------------------------
31 16 8 7  
tracing VX  -300   
 (v2) IS2 (1,1) 1800
 trace vx 30 14 -2100
---------------------------------------------------
30 14 7 6  
tracing VX  -2100   
 (v2) IS2 (1,1) 2100
 trace vx 29 12 -4200
---------------------------------------------------
29 12 6 5  
tracing VX  -4200   
 (v1) hairpin 12, -4200 
NAM  HIVRT_I.3-45
SRC  HIVRT_I.3-45 - 0..34::35
SEQ  +SS
       1 U   C   A   A   G   U   A   U   U   C   C   G   A   G   G   U   G   U   G   A
         0   1   2   3   4   5   6   7   8   9   10  11  12  13  14  15  16  17  18  19  
         .   .   .   .   .   .   .   .   .   .   .   .   .   33  32  31  30  29  .   .   

      21 C   G   G   G   A   A   A   A   G   A   C   A   C   U   A
         20  21  22  23  24  25  26  27  28  29  30  31  32  33  34  
         .   .   .   .   .   .   .   .   .   17  16  15  14  13  .   

true pairs 10.0	 found pairs 5.0	 agree 5.0 (sen=50.00 spe=100.00 -- C_ap = 70.71)
----------------------------------------------------------------------
   Log odds score:        5100 
energy (kcal/mol):       -5.10 
number of pairs found:      5.00 
number of pairs annotated:  10.00 
----------------------------------------------------------------------
Allow pseudoknots? NO
----------------------------------------------------------------------
Parameters (energy  units, kcal/mol)
 P1   parameter:         -0.00 
 P2   parameter:         -0.00 
 P3   parameter:          3.00 
 P4   parameter:         -0.00 
 P5   parameter:          4.60 
 P6   parameter:          0.40 
 P10  parameter:          0.10 
----------------------------------------------------------------------


	             SS  .......>>>>>..AAAAA.<<<<<...aaaaa..
	   HIVRT_I.3-39  UCAAGAUUUCCGAUGUGCAACGGGAAAAUGCACUA

---------------------------------------------------
---------------------------------------------------
34 34 17 16  
tracing WX 6700 
 (W6) SR, trace wx 33 33 6700
---------------------------------------------------
33 33 16 16  
tracing WX 6700 
 (W8.7) trace vx 12 12 -900
 (W8.7) dangle j, trace vx 32 18 4700
---------------------------------------------------
32 18 9 8  
tracing VX  4700   
 (v2) IS2 (1,1) 2100
 trace vx 31 16 2600
---------------------------------------------------
31 16 8 7  
tracing VX  2600   
 (v2) IS2 (1,1) 1800
 trace vx 30 14 800
---------------------------------------------------
30 14 7 6  
tracing VX  800   
 (v2) IS2 (1,1) 3400
 trace vx 29 12 -2600
---------------------------------------------------
29 12 6 5  
tracing VX  -2600   
 (v2) IS2 (1,1) 1800
 trace vx 28 10 -4400
---------------------------------------------------
28 10 5 4  
tracing VX  -4400   
 (v1) hairpin 10, -4400 
---------------------------------------------------
12 12 6 5  
tracing VX  -900   
 (v2) IS2 (1,1) 2300
 trace vx 11 10 -3200
---------------------------------------------------
11 10 5 4  
tracing VX  -3200   
 (v1) hairpin 10, -3200 
NAM  HIVRT_I.3-39
SRC  HIVRT_I.3-39 - 0..34::35
SEQ  +SS
       1 U   C   A   A   G   A   U   U   U   C   C   G   A   U   G   U   G   C   A   A
         0   1   2   3   4   5   6   7   8   9   10  11  12  13  14  15  16  17  18  19  
         12  11  .   .   .   .   .   .   .   .   .   1   0   .   32  31  30  29  28  .   

      21 C   G   G   G   A   A   A   A   U   G   C   A   C   U   A
         20  21  22  23  24  25  26  27  28  29  30  31  32  33  34  
         .   .   .   .   .   .   .   .   18  17  16  15  14  .   .   

true pairs 10.0	 found pairs 7.0	 agree 5.0 (sen=50.00 spe=71.43 -- C_ap = 59.76)
----------------------------------------------------------------------
   Log odds score:        6700 
energy (kcal/mol):       -6.70 
number of pairs found:      7.00 
number of pairs annotated:  10.00 
----------------------------------------------------------------------
Allow pseudoknots? NO
----------------------------------------------------------------------
Parameters (energy  units, kcal/mol)
 P1   parameter:         -0.00 
 P2   parameter:         -0.00 
 P3   parameter:          3.00 
 P4   parameter:         -0.00 
 P5   parameter:          4.60 
 P6   parameter:          0.40 
 P10  parameter:          0.10 
----------------------------------------------------------------------


	             SS  .......>>>>>..AAAAA.<<<<<...aaaaa..
	   HIVRT_I.3-33  UCAAGUAUUCCGACGUAACACGGGAAAAGUUACUA

---------------------------------------------------
---------------------------------------------------
34 34 17 16  
tracing WX 5000 
 (W5) SL, trace wx  34 33 5000
---------------------------------------------------
34 33 16 16  
tracing WX 5000 
 (W5) SL, trace wx  34 32 5000
---------------------------------------------------
34 32 16 15  
tracing WX 5000 
 (W5) SL, trace wx  34 31 5000
---------------------------------------------------
34 31 15 15  
tracing WX 5000 
 (W6) SR, trace wx 33 30 5000
---------------------------------------------------
33 30 15 14  
tracing WX 5000 
 (W8.4) dangle i, trace vx 13 9 -800
 (W8.4) dangle j, trace vx 32 18 2400
---------------------------------------------------
32 18 9 8  
tracing VX  2400   
 (v2) IS2 (1,1) 2100
 trace vx 31 16 300
---------------------------------------------------
31 16 8 7  
tracing VX  300   
 (v2) IS2 (1,1) 1100
 trace vx 30 14 -800
---------------------------------------------------
30 14 7 6  
tracing VX  -800   
 (v2) IS2 (1,1) 900
 trace vx 29 12 -1700
---------------------------------------------------
29 12 6 5  
tracing VX  -1700   
 (v2) IS2 (1,1) 2100
 trace vx 28 10 -3800
---------------------------------------------------
28 10 5 4  
tracing VX  -3800   
 (v1) hairpin 10, -3800 
---------------------------------------------------
13 9 4 4  
tracing VX  -800   
 (v2) IS2 (1,1) 2100
 trace vx 12 7 -2900
---------------------------------------------------
12 7 3 3  
tracing VX  -2900   
 (v1) hairpin 7, -2900 
NAM  HIVRT_I.3-33
SRC  HIVRT_I.3-33 - 0..34::35
SEQ  +SS
       1 U   C   A   A   G   U   A   U   U   C   C   G   A   C   G   U   A   A   C   A
         0   1   2   3   4   5   6   7   8   9   10  11  12  13  14  15  16  17  18  19  
         .   .   .   .   13  12  .   .   .   .   .   .   5   4   32  31  30  29  28  .   

      21 C   G   G   G   A   A   A   A   G   U   U   A   C   U   A
         20  21  22  23  24  25  26  27  28  29  30  31  32  33  34  
         .   .   .   .   .   .   .   .   18  17  16  15  14  .   .   

true pairs 10.0	 found pairs 7.0	 agree 5.0 (sen=50.00 spe=71.43 -- C_ap = 59.76)
----------------------------------------------------------------------
   Log odds score:        5000 
energy (kcal/mol):       -5.00 
number of pairs found:      7.00 
number of pairs annotated:  10.00 
----------------------------------------------------------------------
Allow pseudoknots? NO
----------------------------------------------------------------------
Parameters (energy  units, kcal/mol)
 P1   parameter:         -0.00 
 P2   parameter:         -0.00 
 P3   parameter:          3.00 
 P4   parameter:         -0.00 
 P5   parameter:          4.60 
 P6   parameter:          0.40 
 P10  parameter:          0.10 
----------------------------------------------------------------------


	             SS  .......>>>>>..AAAAA.<<<<<...aaaaa..
	   HIVRT_I.3-46  UCAAGAUUUCCGACGCACAACGGGAAAAUGUGCUA

---------------------------------------------------
---------------------------------------------------
34 34 17 16  
tracing WX 6700 
 (W6) SR, trace wx 33 33 6700
---------------------------------------------------
33 33 16 16  
tracing WX 6700 
 (W8.7) trace vx 12 12 -900
 (W8.7) dangle j, trace vx 32 18 4700
---------------------------------------------------
32 18 9 8  
tracing VX  4700   
 (v2) IS2 (1,1) 3400
 trace vx 31 16 1300
---------------------------------------------------
31 16 8 7  
tracing VX  1300   
 (v2) IS2 (1,1) 1800
 trace vx 30 14 -500
---------------------------------------------------
30 14 7 6  
tracing VX  -500   
 (v2) IS2 (1,1) 2100
 trace vx 29 12 -2600
---------------------------------------------------
29 12 6 5  
tracing VX  -2600   
 (v2) IS2 (1,1) 1800
 trace vx 28 10 -4400
---------------------------------------------------
28 10 5 4  
tracing VX  -4400   
 (v1) hairpin 10, -4400 
---------------------------------------------------
12 12 6 5  
tracing VX  -900   
 (v2) IS2 (1,1) 2300
 trace vx 11 10 -3200
---------------------------------------------------
11 10 5 4  
tracing VX  -3200   
 (v1) hairpin 10, -3200 
NAM  HIVRT_I.3-46
SRC  HIVRT_I.3-46 - 0..34::35
SEQ  +SS
       1 U   C   A   A   G   A   U   U   U   C   C   G   A   C   G   C   A   C   A   A
         0   1   2   3   4   5   6   7   8   9   10  11  12  13  14  15  16  17  18  19  
         12  11  .   .   .   .   .   .   .   .   .   1   0   .   32  31  30  29  28  .   

      21 C   G   G   G   A   A   A   A   U   G   U   G   C   U   A
         20  21  22  23  24  25  26  27  28  29  30  31  32  33  34  
         .   .   .   .   .   .   .   .   18  17  16  15  14  .   .   

true pairs 10.0	 found pairs 7.0	 agree 5.0 (sen=50.00 spe=71.43 -- C_ap = 59.76)
----------------------------------------------------------------------
   Log odds score:        6700 
energy (kcal/mol):       -6.70 
number of pairs found:      7.00 
number of pairs annotated:  10.00 
----------------------------------------------------------------------
Allow pseudoknots? NO
----------------------------------------------------------------------
Parameters (energy  units, kcal/mol)
 P1   parameter:         -0.00 
 P2   parameter:         -0.00 
 P3   parameter:          3.00 
 P4   parameter:         -0.00 
 P5   parameter:          4.60 
 P6   parameter:          0.40 
 P10  parameter:          0.10 
----------------------------------------------------------------------


	             SS  .......>>>>>..AAAAA.<<<<<...aaaaa..
	   HIVRT_I.3-52  UCAAGUAUUCCGAUGUCUAACGGGAAAAUAGGCUA

---------------------------------------------------
---------------------------------------------------
34 34 17 16  
tracing WX 4500 
 (W5) SL, trace wx  34 33 4500
---------------------------------------------------
34 33 16 16  
tracing WX 4500 
 (W5) SL, trace wx  34 32 4500
---------------------------------------------------
34 32 16 15  
tracing WX 4500 
 (W5) SL, trace wx  34 31 4500
---------------------------------------------------
34 31 15 15  
tracing WX 4500 
 (W5) SL, trace wx  34 30 4500
---------------------------------------------------
34 30 15 14  
tracing WX 4500 
 (W5) SL, trace wx  34 29 4500
---------------------------------------------------
34 29 14 14  
tracing WX 4500 
 (W5) SL, trace wx  34 28 4500
---------------------------------------------------
34 28 14 13  
tracing WX 4500 
 (W6) SR, trace wx 33 27 4500
---------------------------------------------------
33 27 13 13  
tracing WX 4500 
 (W6) SR, trace wx 32 26 4500
---------------------------------------------------
32 26 13 12  
tracing WX 4500 
 (W6) SR, trace wx 31 25 4500
---------------------------------------------------
31 25 12 12  
tracing WX 4500 
 (W6) SR, trace wx 30 24 4500
---------------------------------------------------
30 24 12 11  
tracing WX 4500 
 (W6) SR, trace wx 29 23 4500
---------------------------------------------------
29 23 11 11  
tracing WX 4500 
 (W6) SR, trace wx 28 22 4500
---------------------------------------------------
28 22 11 10  
tracing WX 4500 
 (W6) SR, trace wx 27 21 4500
---------------------------------------------------
27 21 10 10  
tracing WX 4500 
 (W6) SR, trace wx 26 20 4500
---------------------------------------------------
26 20 10 9  
tracing WX 4500 
 (W6) SR, trace wx 25 19 4500
---------------------------------------------------
25 19 9 9  
tracing WX 4500 
 (W2) SR SL, trace vx 24 17 3400
---------------------------------------------------
24 17 8 8  
tracing VX  3400   
 (v2) IS2 (1,1) 1100
 trace vx 23 15 2300
---------------------------------------------------
23 15 7 7  
tracing VX  2300   
 (v2) IS2 (1,1) 1400
 trace vx 22 13 900
---------------------------------------------------
22 13 6 6  
tracing VX  900   
 (v2) IS2 (1,1) 2900
 trace vx 21 11 -2000
---------------------------------------------------
21 11 5 5  
tracing VX  -2000   
 (v2) IS2 (1,1) 2000
 trace vx 20 9 -4000
---------------------------------------------------
20 9 4 4  
tracing VX  -4000   
 (v1) hairpin 9, -4000 
NAM  HIVRT_I.3-52
SRC  HIVRT_I.3-52 - 0..34::35
SEQ  +SS
       1 U   C   A   A   G   U   A   U   U   C   C   G   A   U   G   U   C   U   A   A
         0   1   2   3   4   5   6   7   8   9   10  11  12  13  14  15  16  17  18  19  
         .   .   .   .   .   .   .   24  23  22  21  20  .   .   .   .   .   .   .   .   

      21 C   G   G   G   A   A   A   A   U   A   G   G   C   U   A
         20  21  22  23  24  25  26  27  28  29  30  31  32  33  34  
         11  10  9   8   7   .   .   .   .   .   .   .   .   .   .   

true pairs 10.0	 found pairs 5.0	 agree 5.0 (sen=50.00 spe=100.00 -- C_ap = 70.71)
----------------------------------------------------------------------
   Log odds score:        4500 
energy (kcal/mol):       -4.50 
number of pairs found:      5.00 
number of pairs annotated:  10.00 
----------------------------------------------------------------------
Allow pseudoknots? NO
----------------------------------------------------------------------
Parameters (energy  units, kcal/mol)
 P1   parameter:         -0.00 
 P2   parameter:         -0.00 
 P3   parameter:          3.00 
 P4   parameter:         -0.00 
 P5   parameter:          4.60 
 P6   parameter:          0.40 
 P10  parameter:          0.10 
----------------------------------------------------------------------


	             SS  .......>>>>>..AAAA..<<<<<....aaaa..
	   HIVRT_I.3-16  UCAAGGGUUCCGAUGCCCAACGGGAAAAGGGGCUA

---------------------------------------------------
---------------------------------------------------
34 34 17 16  
tracing WX 7900 
 (W6) SR, trace wx 33 33 7900
---------------------------------------------------
33 33 16 16  
tracing WX 7900 
 (W8.7) trace vx 12 12 -900
 (W8.7) dangle j, trace vx 32 18 5900
---------------------------------------------------
32 18 9 8  
tracing VX  5900   
 (v2) IS2 (1,1) 3400
 trace vx 31 16 2500
---------------------------------------------------
31 16 8 7  
tracing VX  2500   
 (v2) IS2 (1,1) 2900
 trace vx 30 14 -400
---------------------------------------------------
30 14 7 6  
tracing VX  -400   
 (v2) IS2 (1,1) 2900
 trace vx 29 12 -3300
---------------------------------------------------
29 12 6 5  
tracing VX  -3300   
 (v1) hairpin 12, -3300 
---------------------------------------------------
12 12 6 5  
tracing VX  -900   
 (v2) IS2 (1,1) 2300
 trace vx 11 10 -3200
---------------------------------------------------
11 10 5 4  
tracing VX  -3200   
 (v1) hairpin 10, -3200 
NAM  HIVRT_I.3-16
SRC  HIVRT_I.3-16 - 0..34::35
SEQ  +SS
       1 U   C   A   A   G   G   G   U   U   C   C   G   A   U   G   C   C   C   A   A
         0   1   2   3   4   5   6   7   8   9   10  11  12  13  14  15  16  17  18  19  
         12  11  .   .   .   .   .   .   .   .   .   1   0   .   32  31  30  29  .   .   

      21 C   G   G   G   A   A   A   A   G   G   G   G   C   U   A
         20  21  22  23  24  25  26  27  28  29  30  31  32  33  34  
         .   .   .   .   .   .   .   .   .   17  16  15  14  .   .   

true pairs 9.0	 found pairs 6.0	 agree 4.0 (sen=44.44 spe=66.67 -- C_ap = 54.43)
----------------------------------------------------------------------
   Log odds score:        7900 
energy (kcal/mol):       -7.90 
number of pairs found:      6.00 
number of pairs annotated:  9.00 
----------------------------------------------------------------------
Allow pseudoknots? NO
----------------------------------------------------------------------
Parameters (energy  units, kcal/mol)
 P1   parameter:         -0.00 
 P2   parameter:         -0.00 
 P3   parameter:          3.00 
 P4   parameter:         -0.00 
 P5   parameter:          4.60 
 P6   parameter:          0.40 
 P10  parameter:          0.10 
----------------------------------------------------------------------


	             SS  .......>>>>>..AAAA..<<<<<....aaaa..
	   HIVRT_I.3-34  UCAAGAAUUCCGACGACGAACGGGAAAAACGUCUA

---------------------------------------------------
---------------------------------------------------
34 34 17 16  
tracing WX 4500 
 (W5) SL, trace wx  34 33 4500
---------------------------------------------------
34 33 16 16  
tracing WX 4500 
 (W5) SL, trace wx  34 32 4500
---------------------------------------------------
34 32 16 15  
tracing WX 4500 
 (W5) SL, trace wx  34 31 4500
---------------------------------------------------
34 31 15 15  
tracing WX 4500 
 (W5) SL, trace wx  34 30 4500
---------------------------------------------------
34 30 15 14  
tracing WX 4500 
 (W5) SL, trace wx  34 29 4500
---------------------------------------------------
34 29 14 14  
tracing WX 4500 
 (W5) SL, trace wx  34 28 4500
---------------------------------------------------
34 28 14 13  
tracing WX 4500 
 (W6) SR, trace wx 33 27 4500
---------------------------------------------------
33 27 13 13  
tracing WX 4500 
 (W6) SR, trace wx 32 26 4500
---------------------------------------------------
32 26 13 12  
tracing WX 4500 
 (W6) SR, trace wx 31 25 4500
---------------------------------------------------
31 25 12 12  
tracing WX 4500 
 (W6) SR, trace wx 30 24 4500
---------------------------------------------------
30 24 12 11  
tracing WX 4500 
 (W6) SR, trace wx 29 23 4500
---------------------------------------------------
29 23 11 11  
tracing WX 4500 
 (W6) SR, trace wx 28 22 4500
---------------------------------------------------
28 22 11 10  
tracing WX 4500 
 (W6) SR, trace wx 27 21 4500
---------------------------------------------------
27 21 10 10  
tracing WX 4500 
 (W6) SR, trace wx 26 20 4500
---------------------------------------------------
26 20 10 9  
tracing WX 4500 
 (W6) SR, trace wx 25 19 4500
---------------------------------------------------
25 19 9 9  
tracing WX 4500 
 (W2) SR SL, trace vx 24 17 3400
---------------------------------------------------
24 17 8 8  
tracing VX  3400   
 (v2) IS2 (1,1) 1100
 trace vx 23 15 2300
---------------------------------------------------
23 15 7 7  
tracing VX  2300   
 (v2) IS2 (1,1) 1400
 trace vx 22 13 900
---------------------------------------------------
22 13 6 6  
tracing VX  900   
 (v2) IS2 (1,1) 2900
 trace vx 21 11 -2000
---------------------------------------------------
21 11 5 5  
tracing VX  -2000   
 (v2) IS2 (1,1) 2000
 trace vx 20 9 -4000
---------------------------------------------------
20 9 4 4  
tracing VX  -4000   
 (v1) hairpin 9, -4000 
NAM  HIVRT_I.3-34
SRC  HIVRT_I.3-34 - 0..34::35
SEQ  +SS
       1 U   C   A   A   G   A   A   U   U   C   C   G   A   C   G   A   C   G   A   A
         0   1   2   3   4   5   6   7   8   9   10  11  12  13  14  15  16  17  18  19  
         .   .   .   .   .   .   .   24  23  22  21  20  .   .   .   .   .   .   .   .   

      21 C   G   G   G   A   A   A   A   A   C   G   U   C   U   A
         20  21  22  23  24  25  26  27  28  29  30  31  32  33  34  
         11  10  9   8   7   .   .   .   .   .   .   .   .   .   .   

true pairs 9.0	 found pairs 5.0	 agree 5.0 (sen=55.56 spe=100.00 -- C_ap = 74.54)
----------------------------------------------------------------------
   Log odds score:        4500 
energy (kcal/mol):       -4.50 
number of pairs found:      5.00 
number of pairs annotated:  9.00 
----------------------------------------------------------------------
Allow pseudoknots? NO
----------------------------------------------------------------------
Parameters (energy  units, kcal/mol)
 P1   parameter:         -0.00 
 P2   parameter:         -0.00 
 P3   parameter:          3.00 
 P4   parameter:         -0.00 
 P5   parameter:          4.60 
 P6   parameter:          0.40 
 P10  parameter:          0.10 
----------------------------------------------------------------------


	             SS  .......>>>>>..AAAA..<<<<<....aaaa..
	   HIVRT_I.3-35  UCAAGUAUUCCGAUGUACAACGGGAAAAAGUACUA

---------------------------------------------------
---------------------------------------------------
34 34 17 16  
tracing WX 4500 
 (W5) SL, trace wx  34 33 4500
---------------------------------------------------
34 33 16 16  
tracing WX 4500 
 (W5) SL, trace wx  34 32 4500
---------------------------------------------------
34 32 16 15  
tracing WX 4500 
 (W2) SR SL, trace vx 33 30 3500
---------------------------------------------------
33 30 15 14  
tracing VX  3500   
 (v2) IS2 (1,1) 1700
 trace vx 32 28 1800
---------------------------------------------------
32 28 14 13  
tracing VX  1800   
 (v2) IS2 (1,1) 2100
 trace vx 31 26 -300
---------------------------------------------------
31 26 13 12  
tracing VX  -300   
 (v2) IS2 (1,1) 1100
 trace vx 30 24 -1400
---------------------------------------------------
30 24 12 11  
tracing VX  -1400   
 (v2) IS2 (1,6) -4800
 trace vx 24 17 3400
---------------------------------------------------
24 17 8 8  
tracing VX  3400   
 (v2) IS2 (1,1) 1100
 trace vx 23 15 2300
---------------------------------------------------
23 15 7 7  
tracing VX  2300   
 (v2) IS2 (1,1) 1400
 trace vx 22 13 900
---------------------------------------------------
22 13 6 6  
tracing VX  900   
 (v2) IS2 (1,1) 2900
 trace vx 21 11 -2000
---------------------------------------------------
21 11 5 5  
tracing VX  -2000   
 (v2) IS2 (1,1) 2000
 trace vx 20 9 -4000
---------------------------------------------------
20 9 4 4  
tracing VX  -4000   
 (v1) hairpin 9, -4000 
NAM  HIVRT_I.3-35
SRC  HIVRT_I.3-35 - 0..34::35
SEQ  +SS
       1 U   C   A   A   G   U   A   U   U   C   C   G   A   U   G   U   A   C   A   A
         0   1   2   3   4   5   6   7   8   9   10  11  12  13  14  15  16  17  18  19  
         .   .   .   33  32  31  30  24  23  22  21  20  .   .   .   .   .   .   .   .   

      21 C   G   G   G   A   A   A   A   A   G   U   A   C   U   A
         20  21  22  23  24  25  26  27  28  29  30  31  32  33  34  
         11  10  9   8   7   .   .   .   .   .   6   5   4   3   .   

true pairs 9.0	 found pairs 9.0	 agree 5.0 (sen=55.56 spe=55.56 -- C_ap = 55.56)
----------------------------------------------------------------------
   Log odds score:        4500 
energy (kcal/mol):       -4.50 
number of pairs found:      9.00 
number of pairs annotated:  9.00 
----------------------------------------------------------------------
Allow pseudoknots? NO
----------------------------------------------------------------------
Parameters (energy  units, kcal/mol)
 P1   parameter:         -0.00 
 P2   parameter:         -0.00 
 P3   parameter:          3.00 
 P4   parameter:         -0.00 
 P5   parameter:          4.60 
 P6   parameter:          0.40 
 P10  parameter:          0.10 
----------------------------------------------------------------------


	             SS  .......>>>>>...AAAA.<<<<<...aaaa...
	   HIVRT_I.3-18  UCAAGAAUUCCGCUAGCCCACGGGAAAAGGGCCUA

---------------------------------------------------
---------------------------------------------------
34 34 17 16  
tracing WX 7000 
 (W5) SL, trace wx  34 33 7000
---------------------------------------------------
34 33 16 16  
tracing WX 7000 
 (W5) SL, trace wx  34 32 7000
---------------------------------------------------
34 32 16 15  
tracing WX 7000 
 (W6) SR, trace wx 33 31 7000
---------------------------------------------------
33 31 15 15  
tracing WX 7000 
 (W6) SR, trace wx 32 30 7000
---------------------------------------------------
32 30 15 14  
tracing WX 7000 
 (W8.8) dangle i, trace vx 13 10 -1300
 (W8.8) dangle j, trace vx 31 16 5400
---------------------------------------------------
31 16 8 7  
tracing VX  5400   
 (v2) IS2 (1,1) 3400
 trace vx 30 14 2000
---------------------------------------------------
30 14 7 6  
tracing VX  2000   
 (v2) IS2 (1,1) 2900
 trace vx 29 12 -900
---------------------------------------------------
29 12 6 5  
tracing VX  -900   
 (v2) IS2 (1,1) 2900
 trace vx 28 10 -3800
---------------------------------------------------
28 10 5 4  
tracing VX  -3800   
 (v1) hairpin 10, -3800 
---------------------------------------------------
13 10 5 4  
tracing VX  -1300   
 (v2) IS2 (1,1) 1700
 trace vx 12 8 -3000
---------------------------------------------------
12 8 4 3  
tracing VX  -3000   
 (v1) hairpin 8, -3000 
NAM  HIVRT_I.3-18
SRC  HIVRT_I.3-18 - 0..34::35
SEQ  +SS
       1 U   C   A   A   G   A   A   U   U   C   C   G   C   U   A   G   C   C   C   A
         0   1   2   3   4   5   6   7   8   9   10  11  12  13  14  15  16  17  18  19  
         .   .   .   13  12  .   .   .   .   .   .   .   4   3   .   31  30  29  28  .   

      21 C   G   G   G   A   A   A   A   G   G   G   C   C   U   A
         20  21  22  23  24  25  26  27  28  29  30  31  32  33  34  
         .   .   .   .   .   .   .   .   18  17  16  15  .   .   .   

true pairs 9.0	 found pairs 6.0	 agree 4.0 (sen=44.44 spe=66.67 -- C_ap = 54.43)
----------------------------------------------------------------------
   Log odds score:        7000 
energy (kcal/mol):       -7.00 
number of pairs found:      6.00 
number of pairs annotated:  9.00 
----------------------------------------------------------------------
Allow pseudoknots? NO
----------------------------------------------------------------------
Parameters (energy  units, kcal/mol)
 P1   parameter:         -0.00 
 P2   parameter:         -0.00 
 P3   parameter:          3.00 
 P4   parameter:         -0.00 
 P5   parameter:          4.60 
 P6   parameter:          0.40 
 P10  parameter:          0.10 
----------------------------------------------------------------------


	             SS  .......>>>>....AAA.<<<<....aaa.....
	   HIVRT_I.3-41  UCAGGAAUCCGAGAAGCUACGGGAAAAAGCGACUA

---------------------------------------------------
---------------------------------------------------
34 34 17 16  
tracing WX 3300 
 (W5) SL, trace wx  34 33 3300
---------------------------------------------------
34 33 16 16  
tracing WX 3300 
 (W5) SL, trace wx  34 32 3300
---------------------------------------------------
34 32 16 15  
tracing WX 3300 
 (W5) SL, trace wx  34 31 3300
---------------------------------------------------
34 31 15 15  
tracing WX 3300 
 (W5) SL, trace wx  34 30 3300
---------------------------------------------------
34 30 15 14  
tracing WX 3300 
 (W5) SL, trace wx  34 29 3300
---------------------------------------------------
34 29 14 14  
tracing WX 3300 
 (W5) SL, trace wx  34 28 3300
---------------------------------------------------
34 28 14 13  
tracing WX 3300 
 (W6) SR, trace wx 33 27 3300
---------------------------------------------------
33 27 13 13  
tracing WX 3300 
 (W6) SR, trace wx 32 26 3300
---------------------------------------------------
32 26 13 12  
tracing WX 3300 
 (W6) SR, trace wx 31 25 3300
---------------------------------------------------
31 25 12 12  
tracing WX 3300 
 (W6) SR, trace wx 30 24 3300
---------------------------------------------------
30 24 12 11  
tracing WX 3300 
 (W6) SR, trace wx 29 23 3300
---------------------------------------------------
29 23 11 11  
tracing WX 3300 
 (W6) SR, trace wx 28 22 3300
---------------------------------------------------
28 22 11 10  
tracing WX 3300 
 (W6) SR, trace wx 27 21 3300
---------------------------------------------------
27 21 10 10  
tracing WX 3300 
 (W6) SR, trace wx 26 20 3300
---------------------------------------------------
26 20 10 9  
tracing WX 3300 
 (W6) SR, trace wx 25 19 3300
---------------------------------------------------
25 19 9 9  
tracing WX 3300 
 (W6) SR, trace wx 24 18 3300
---------------------------------------------------
24 18 9 8  
tracing WX 3300 
 (W6) SR, trace wx 23 17 3300
---------------------------------------------------
23 17 8 8  
tracing WX 3300 
 (W2) SR SL, trace vx 22 15 2300
---------------------------------------------------
22 15 7 7  
tracing VX  2300   
 (v2) IS2 (1,1) 1400
 trace vx 21 13 900
---------------------------------------------------
21 13 6 6  
tracing VX  900   
 (v2) IS2 (1,1) 2900
 trace vx 20 11 -2000
---------------------------------------------------
20 11 5 5  
tracing VX  -2000   
 (v2) IS2 (1,1) 2000
 trace vx 19 9 -4000
---------------------------------------------------
19 9 4 4  
tracing VX  -4000   
 (v1) hairpin 9, -4000 
NAM  HIVRT_I.3-41
SRC  HIVRT_I.3-41 - 0..34::35
SEQ  +SS
       1 U   C   A   G   G   A   A   U   C   C   G   A   G   A   A   G   C   U   A   C
         0   1   2   3   4   5   6   7   8   9   10  11  12  13  14  15  16  17  18  19  
         .   .   .   .   .   .   .   22  21  20  19  .   .   .   .   .   .   .   .   10  

      21 G   G   G   A   A   A   A   A   G   C   G   A   C   U   A
         20  21  22  23  24  25  26  27  28  29  30  31  32  33  34  
         9   8   7   .   .   .   .   .   .   .   .   .   .   .   .   

true pairs 7.0	 found pairs 4.0	 agree 4.0 (sen=57.14 spe=100.00 -- C_ap = 75.59)
----------------------------------------------------------------------
   Log odds score:        3300 
energy (kcal/mol):       -3.30 
number of pairs found:      4.00 
number of pairs annotated:  7.00 
----------------------------------------------------------------------
Allow pseudoknots? NO
----------------------------------------------------------------------
Parameters (energy  units, kcal/mol)
 P1   parameter:         -0.00 
 P2   parameter:         -0.00 
 P3   parameter:          3.00 
 P4   parameter:         -0.00 
 P5   parameter:          4.60 
 P6   parameter:          0.40 
 P10  parameter:          0.10 
----------------------------------------------------------------------


	             SS  .......>>>>>....AAA.<<<<<...aaa....
	   HIVRT_I.3-29  UCAAGAUUUCCGAGGUCCGACGGGAAAAUGGUCUA

---------------------------------------------------
---------------------------------------------------
34 34 17 16  
tracing WX 5400 
 (W5) SL, trace wx  34 33 5400
---------------------------------------------------
34 33 16 16  
tracing WX 5400 
 (W5) SL, trace wx  34 32 5400
---------------------------------------------------
34 32 16 15  
tracing WX 5400 
 (W5) SL, trace wx  34 31 5400
---------------------------------------------------
34 31 15 15  
tracing WX 5400 
 (W5) SL, trace wx  34 30 5400
---------------------------------------------------
34 30 15 14  
tracing WX 5400 
 (W5) SL, trace wx  34 29 5400
---------------------------------------------------
34 29 14 14  
tracing WX 5400 
 (W6) SR, trace wx 33 28 5400
---------------------------------------------------
33 28 14 13  
tracing WX 5400 
 (W6) SR, trace wx 32 27 5400
---------------------------------------------------
32 27 13 13  
tracing WX 5400 
 (W6) SR, trace wx 31 26 5400
---------------------------------------------------
31 26 13 12  
tracing WX 5400 
 (W6) SR, trace wx 30 25 5400
---------------------------------------------------
30 25 12 12  
tracing WX 5400 
 (W6) SR, trace wx 29 24 5400
---------------------------------------------------
29 24 12 11  
tracing WX 5400 
 (W6) SR, trace wx 28 23 5400
---------------------------------------------------
28 23 11 11  
tracing WX 5400 
 (W6) SR, trace wx 27 22 5400
---------------------------------------------------
27 22 11 10  
tracing WX 5400 
 (W6) SR, trace wx 26 21 5400
---------------------------------------------------
26 21 10 10  
tracing WX 5400 
 (W2) SR SL, trace vx 25 19 4300
---------------------------------------------------
25 19 9 9  
tracing VX  4300   
 (v2) IS2 (1,1) 900
 trace vx 24 17 3400
---------------------------------------------------
24 17 8 8  
tracing VX  3400   
 (v2) IS2 (1,1) 1100
 trace vx 23 15 2300
---------------------------------------------------
23 15 7 7  
tracing VX  2300   
 (v2) IS2 (1,1) 1400
 trace vx 22 13 900
---------------------------------------------------
22 13 6 6  
tracing VX  900   
 (v2) IS2 (1,1) 2900
 trace vx 21 11 -2000
---------------------------------------------------
21 11 5 5  
tracing VX  -2000   
 (v2) IS2 (1,1) 2000
 trace vx 20 9 -4000
---------------------------------------------------
20 9 4 4  
tracing VX  -4000   
 (v1) hairpin 9, -4000 
NAM  HIVRT_I.3-29
SRC  HIVRT_I.3-29 - 0..34::35
SEQ  +SS
       1 U   C   A   A   G   A   U   U   U   C   C   G   A   G   G   U   C   C   G   A
         0   1   2   3   4   5   6   7   8   9   10  11  12  13  14  15  16  17  18  19  
         .   .   .   .   .   .   25  24  23  22  21  20  .   .   .   .   .   .   .   .   

      21 C   G   G   G   A   A   A   A   U   G   G   U   C   U   A
         20  21  22  23  24  25  26  27  28  29  30  31  32  33  34  
         11  10  9   8   7   6   .   .   .   .   .   .   .   .   .   

true pairs 8.0	 found pairs 6.0	 agree 5.0 (sen=62.50 spe=83.33 -- C_ap = 72.17)
----------------------------------------------------------------------
   Log odds score:        5400 
energy (kcal/mol):       -5.40 
number of pairs found:      6.00 
number of pairs annotated:  8.00 
----------------------------------------------------------------------
Allow pseudoknots? NO
----------------------------------------------------------------------
Parameters (energy  units, kcal/mol)
 P1   parameter:         -0.00 
 P2   parameter:         -0.00 
 P3   parameter:          3.00 
 P4   parameter:         -0.00 
 P5   parameter:          4.60 
 P6   parameter:          0.40 
 P10  parameter:          0.10 
----------------------------------------------------------------------


	             SS  .......>>>>>.AAAAA..<<<<<....aaaaa.
	   HIVRT_I.3-30  UCAAGUAUUCCGAGGUGUUACGGGAAAACACGCUA

---------------------------------------------------
---------------------------------------------------
34 34 17 16  
tracing WX 5400 
 (W6) SR, trace wx 33 33 5400
---------------------------------------------------
33 33 16 16  
tracing WX 5400 
 (W6) SR, trace wx 32 32 5400
---------------------------------------------------
32 32 16 15  
tracing WX 5400 
 (W6) SR, trace wx 31 31 5400
---------------------------------------------------
31 31 15 15  
tracing WX 5400 
 (W8.7) trace vx 12 12 -900
 (W8.7) dangle j, trace vx 30 16 2900
---------------------------------------------------
30 16 8 7  
tracing VX  2900   
 (v2) IS2 (1,1) 2100
 trace vx 29 14 800
---------------------------------------------------
29 14 7 6  
tracing VX  800   
 (v2) IS2 (1,1) 1800
 trace vx 28 12 -1000
---------------------------------------------------
28 12 6 5  
tracing VX  -1000   
 (v2) IS2 (1,1) 2100
 trace vx 27 10 -3100
---------------------------------------------------
27 10 5 4  
tracing VX  -3100   
 (v2) IS2 (1,1) 900
 trace vx 26 8 -4000
---------------------------------------------------
26 8 4 3  
tracing VX  -4000   
 (v1) hairpin 8, -4000 
---------------------------------------------------
12 12 6 5  
tracing VX  -900   
 (v2) IS2 (1,1) 2300
 trace vx 11 10 -3200
---------------------------------------------------
11 10 5 4  
tracing VX  -3200   
 (v1) hairpin 10, -3200 
NAM  HIVRT_I.3-30
SRC  HIVRT_I.3-30 - 0..34::35
SEQ  +SS
       1 U   C   A   A   G   U   A   U   U   C   C   G   A   G   G   U   G   U   U   A
         0   1   2   3   4   5   6   7   8   9   10  11  12  13  14  15  16  17  18  19  
         12  11  .   .   .   .   .   .   .   .   .   1   0   .   30  29  28  27  26  .   

      21 C   G   G   G   A   A   A   A   C   A   C   G   C   U   A
         20  21  22  23  24  25  26  27  28  29  30  31  32  33  34  
         .   .   .   .   .   .   18  17  16  15  14  .   .   .   .   

true pairs 10.0	 found pairs 7.0	 agree 0.0 (sen=0.00 spe=0.00 -- C_ap = 0.00)
----------------------------------------------------------------------
   Log odds score:        5400 
energy (kcal/mol):       -5.40 
number of pairs found:      7.00 
number of pairs annotated:  10.00 
----------------------------------------------------------------------
Allow pseudoknots? NO
----------------------------------------------------------------------
Parameters (energy  units, kcal/mol)
 P1   parameter:         -0.00 
 P2   parameter:         -0.00 
 P3   parameter:          3.00 
 P4   parameter:         -0.00 
 P5   parameter:          4.60 
 P6   parameter:          0.40 
 P10  parameter:          0.10 
----------------------------------------------------------------------
