PKNOTS: optimal minimum-energy RNA folding with pseudoknots and coaxial energies
        PKNOTS 1.06 (MAY 2008) using squid 1.5m (Sept 1997)
---------------------------------------------------
Folding sequences from:  /groups/eddy/home/rivase/src/src/pknots/versions/pknots-1.06/Demos/OYMV.sqd 
---------------------------------------------------



	             SS  ....>>>>>>....<<<<<<>>>>>>.......<<<<<<.....>>>...
	           OYMV  UAAAUAUGACCGGUGUCAUAGCCUCUAGCACACAGAGGUCGCGUGGGUUC

	             SS  ....<<<AAA...>>>>>>aaa...<<<<<<...
	           OYMV  AACUCCCCCCCUUUUCCGAGGGUAUCGGAAACCA

---------------------------------------------------
---------------------------------------------------
83 83 41 41  
tracing WX 23900 
 (W5) SL, trace wx  83 82 23900
---------------------------------------------------
83 82 41 40  
tracing WX 23900 
 (W5) SL, trace wx  83 81 23900
---------------------------------------------------
83 81 40 40  
tracing WX 23900 
 (W5) SL, trace wx  83 80 23900
---------------------------------------------------
83 80 40 39  
tracing WX 23900 
 (W5) SL, trace wx  83 79 23900
---------------------------------------------------
83 79 39 39  
tracing WX 23900 
 (W6) SR, trace wx 82 78 23900
---------------------------------------------------
82 78 39 38  
tracing WX 23900 
 (W6) SR, trace wx 81 77 23900
---------------------------------------------------
81 77 38 38  
tracing WX 23900 
 (W7) trace wx  43 39 12100
 (W7) trace wx  81 37 11800
---------------------------------------------------
81 37 18 18  
tracing WX 11800 
 (W8.7) trace vx 60 16 1200
 (W8.7) dangle j, trace vx 80 18 8400
---------------------------------------------------
80 18 9 8  
tracing VX  8400   
 (v2) IS2 (1,1) 900
 trace vx 79 16 7500
---------------------------------------------------
79 16 8 7  
tracing VX  7500   
 (v2) IS2 (1,1) 900
 trace vx 78 14 6600
---------------------------------------------------
78 14 7 6  
tracing VX  6600   
 (v2) IS2 (1,1) 2300
 trace vx 77 12 4300
---------------------------------------------------
77 12 6 5  
tracing VX  4300   
 (v2) IS2 (1,1) 2900
 trace vx 76 10 1400
---------------------------------------------------
76 10 5 4  
tracing VX  1400   
 (v2) IS2 (1,1) 2000
 trace vx 75 8 -600
---------------------------------------------------
75 8 4 3  
tracing VX  -600   
 (v2) IS2 (1,1) 2300
 trace vx 74 6 -2900
---------------------------------------------------
74 6 3 2  
tracing VX  -2900   
 (v1) hairpin 6, -2900 
---------------------------------------------------
60 16 8 7  
tracing VX  1200   
 (v2) IS2 (1,1) 2900
 trace vx 59 14 -1700
---------------------------------------------------
59 14 7 6  
tracing VX  -1700   
 (v2) IS2 (1,1) 2900
 trace vx 58 12 -4600
---------------------------------------------------
58 12 6 5  
tracing VX  -4600   
 (v1) hairpin 12, -4600 
---------------------------------------------------
43 39 19 19  
tracing WX 12100 
 (W6) SR, trace wx 42 38 12100
---------------------------------------------------
42 38 19 18  
tracing WX 12100 
 (W6) SR, trace wx 41 37 12100
---------------------------------------------------
41 37 18 18  
tracing WX 12100 
 (W6) SR, trace wx 40 36 12100
---------------------------------------------------
40 36 18 17  
tracing WX 12100 
 (W6) SR, trace wx 39 35 12100
---------------------------------------------------
39 35 17 17  
tracing WX 12100 
 (W6) SR, trace wx 38 34 12100
---------------------------------------------------
38 34 17 16  
tracing WX 12100 
 (W8.1) trace vx 19 15 4100
 (W8.1) trace vx 38 18 6500
---------------------------------------------------
38 18 9 8  
tracing VX  6500   
 (v2) IS2 (1,1) 2100
 trace vx 37 16 4400
---------------------------------------------------
37 16 8 7  
tracing VX  4400   
 (v2) IS2 (1,1) 2900
 trace vx 36 14 1500
---------------------------------------------------
36 14 7 6  
tracing VX  1500   
 (v2) IS2 (1,1) 1700
 trace vx 35 12 -200
---------------------------------------------------
35 12 6 5  
tracing VX  -200   
 (v2) IS2 (1,1) 2300
 trace vx 34 10 -2500
---------------------------------------------------
34 10 5 4  
tracing VX  -2500   
 (v2) IS2 (1,1) 1700
 trace vx 33 8 -4200
---------------------------------------------------
33 8 4 3  
tracing VX  -4200   
 (v1) hairpin 8, -4200 
---------------------------------------------------
19 15 7 7  
tracing VX  4100   
 (v2) IS2 (1,1) 1100
 trace vx 18 13 3000
---------------------------------------------------
18 13 6 6  
tracing VX  3000   
 (v2) IS2 (1,1) 900
 trace vx 17 11 2100
---------------------------------------------------
17 11 5 5  
tracing VX  2100   
 (v2) IS2 (1,1) 1800
 trace vx 16 9 300
---------------------------------------------------
16 9 4 4  
tracing VX  300   
 (v2) IS2 (1,1) 2300
 trace vx 15 7 -2000
---------------------------------------------------
15 7 3 3  
tracing VX  -2000   
 (v2) IS2 (1,1) 2100
 trace vx 14 5 -4100
---------------------------------------------------
14 5 2 2  
tracing VX  -4100   
 (v1) hairpin 5, -4100 
NAM  OYMV
SRC  OYMV - 0..83::84
SEQ  +SS
       1 U   A   A   A   U   A   U   G   A   C   C   G   G   U   G   U   C   A   U   A
         0   1   2   3   4   5   6   7   8   9   10  11  12  13  14  15  16  17  18  19  
         .   .   .   .   19  18  17  16  15  14  .   .   .   .   9   8   7   6   5   4   

      21 G   C   C   U   C   U   A   G   C   A   C   A   C   A   G   A   G   G   U   C
         20  21  22  23  24  25  26  27  28  29  30  31  32  33  34  35  36  37  38  39  
         38  37  36  35  34  33  .   .   .   .   .   .   .   25  24  23  22  21  20  .   

      41 G   C   G   U   G   G   G   U   U   C   A   A   C   U   C   C   C   C   C   C
         40  41  42  43  44  45  46  47  48  49  50  51  52  53  54  55  56  57  58  59  
         .   .   .   .   60  59  58  .   .   .   .   .   .   .   .   .   .   .   46  45  

      61 C   U   U   U   U   C   C   G   A   G   G   G   U   A   U   C   G   G   A   A
         60  61  62  63  64  65  66  67  68  69  70  71  72  73  74  75  76  77  78  79  
         44  .   80  79  78  77  76  75  74  .   .   .   .   .   68  67  66  65  64  63  

      81 A   C   C   A
         80  81  82  83  
         62  .   .   .   

true pairs 24.0	 found pairs 22.0	 agree 12.0 (sen=50.00 spe=54.55 -- C_ap = 52.22)
----------------------------------------------------------------------
   Log odds score:       23900 
energy (kcal/mol):      -23.90 
number of pairs found:      22.00 
number of pairs annotated:  24.00 
----------------------------------------------------------------------
Allow pseudoknots? NO
----------------------------------------------------------------------
Parameters (energy  units, kcal/mol)
 P1   parameter:         -0.00 
 P2   parameter:         -0.00 
 P3   parameter:          3.00 
 P4   parameter:         -0.00 
 P5   parameter:          4.60 
 P6   parameter:          0.40 
 P10  parameter:          0.10 
----------------------------------------------------------------------
