PKNOTS: optimal minimum-energy RNA folding with pseudoknots and coaxial energies
        PKNOTS 1.06 (MAY 2008) using squid 1.5m (Sept 1997)
---------------------------------------------------
Folding sequences from:  /groups/eddy/home/rivase/src/src/pknots/versions/pknots-1.06/Demos/TMV.sqd 
---------------------------------------------------



	             SS  ............>>>.AAAA<<<.....aaaaBBB.>>>>>>bbb...<<
	            TMV  AUAAUAAAUAACGGAUUGUGUCCGUAAUCACACGUGGUGCGUACGAUAAC

	             SS  <<<<CCCC.....>>>>>cccc......<.<<<<.>>>>>>....DDDD>
	            TMV  GCAUAGUGUUUUUCCCUCCACUUAAAUCGAAGGGUGUGUCUUGGAUCGCG

	             SS  >>>.....>>>>>>>>>...<<<<<<<<<<<<<<<<<<<........ddd
	            TMV  CGGGUCAAAUGUAUAUGGUUCAUAUACAUCCGCAGGCACGUAAUAAAGCG

	             SS  d>>>>.......<<<<>>>...EEEE<<<..eeee....
	            TMV  AGGGGUUCGAAUCCCCCCGUUACCCCCGGUAGGGGCCCA

---------------------------------------------------
---------------------------------------------------
188 188 94 93  
tracing WX 53900 
 (W5) SL, trace wx  188 187 53900
---------------------------------------------------
188 187 93 93  
tracing WX 53900 
 (W5) SL, trace wx  188 186 53900
---------------------------------------------------
188 186 93 92  
tracing WX 53900 
 (W5) SL, trace wx  188 185 53900
---------------------------------------------------
188 185 92 92  
tracing WX 53900 
 (W5) SL, trace wx  188 184 53900
---------------------------------------------------
188 184 92 91  
tracing WX 53900 
 (W5) SL, trace wx  188 183 53900
---------------------------------------------------
188 183 91 91  
tracing WX 53900 
 (W5) SL, trace wx  188 182 53900
---------------------------------------------------
188 182 91 90  
tracing WX 53900 
 (W5) SL, trace wx  188 181 53900
---------------------------------------------------
188 181 90 90  
tracing WX 53900 
 (W5) SL, trace wx  188 180 53900
---------------------------------------------------
188 180 90 89  
tracing WX 53900 
 (W5) SL, trace wx  188 179 53900
---------------------------------------------------
188 179 89 89  
tracing WX 53900 
 (W6) SR, trace wx 187 178 53900
---------------------------------------------------
187 178 89 88  
tracing WX 53900 
 (W6) SR, trace wx 186 177 53900
---------------------------------------------------
186 177 88 88  
tracing WX 53900 
 (W6) SR, trace wx 185 176 53900
---------------------------------------------------
185 176 88 87  
tracing WX 53900 
 (W7) trace wx  144 135 37600
 (W7) trace wx  185 40 16300
---------------------------------------------------
185 40 20 19  
tracing WX 16300 
 (W8.8) dangle i, trace vx 170 24 8000
 (W8.8) dangle j, trace vx 184 12 5300
---------------------------------------------------
184 12 6 5  
tracing VX  5300   
 (v2) IS2 (1,1) 2900
 trace vx 183 10 2400
---------------------------------------------------
183 10 5 4  
tracing VX  2400   
 (v2) IS2 (1,1) 2900
 trace vx 182 8 -500
---------------------------------------------------
182 8 4 3  
tracing VX  -500   
 (v2) IS2 (1,1) 2900
 trace vx 181 6 -3400
---------------------------------------------------
181 6 3 2  
tracing VX  -3400   
 (v1) hairpin 6, -3400 
---------------------------------------------------
170 24 12 11  
tracing VX  8000   
 (v2) IS2 (1,1) 500
 trace vx 169 22 7500
---------------------------------------------------
169 22 11 10  
tracing VX  7500   
 (v2) IS2 (1,1) 2100
 trace vx 168 20 5400
---------------------------------------------------
168 20 10 9  
tracing VX  5400   
 (v2) IS2 (1,1) 2000
 trace vx 167 18 3400
---------------------------------------------------
167 18 9 8  
tracing VX  3400   
 (v2) IS2 (2,1) -1000
 trace vx 166 15 4400
---------------------------------------------------
166 15 7 7  
tracing VX  4400   
 (v2) IS2 (1,1) 2900
 trace vx 165 13 1500
---------------------------------------------------
165 13 6 6  
tracing VX  1500   
 (v2) IS2 (1,1) 2900
 trace vx 164 11 -1400
---------------------------------------------------
164 11 5 5  
tracing VX  -1400   
 (v2) IS2 (1,1) 2900
 trace vx 163 9 -4300
---------------------------------------------------
163 9 4 4  
tracing VX  -4300   
 (v1) hairpin 9, -4300 
---------------------------------------------------
144 135 67 67  
tracing WX 37600 
 (W6) SR, trace wx 143 134 37600
---------------------------------------------------
143 134 67 66  
tracing WX 37600 
 (W6) SR, trace wx 142 133 37600
---------------------------------------------------
142 133 66 66  
tracing WX 37600 
 (W6) SR, trace wx 141 132 37600
---------------------------------------------------
141 132 66 65  
tracing WX 37600 
 (W6) SR, trace wx 140 131 37600
---------------------------------------------------
140 131 65 65  
tracing WX 37600 
 (W6) SR, trace wx 139 130 37600
---------------------------------------------------
139 130 65 64  
tracing WX 37600 
 (W7) trace wx  61 52 16700
 (W7) trace wx  139 77 20900
---------------------------------------------------
139 77 38 38  
tracing WX 20900 
 (W8.8) dangle i, trace vx 83 20 2600
 (W8.8) dangle j, trace vx 138 53 13600
---------------------------------------------------
138 53 26 26  
tracing VX  13600   
 (v2) IS2 (1,1) 2100
 trace vx 137 51 11500
---------------------------------------------------
137 51 25 25  
tracing VX  11500   
 (v2) IS2 (1,1) 1800
 trace vx 136 49 9700
---------------------------------------------------
136 49 24 24  
tracing VX  9700   
 (v2) IS2 (1,1) 2100
 trace vx 135 47 7600
---------------------------------------------------
135 47 23 23  
tracing VX  7600   
 (v2) IS2 (1,1) 1400
 trace vx 134 45 6200
---------------------------------------------------
134 45 22 22  
tracing VX  6200   
 (v2) IS2 (1,1) 1700
 trace vx 133 43 4500
---------------------------------------------------
133 43 21 21  
tracing VX  4500   
 (v2) IS2 (1,2) -2800
 trace vx 131 40 7300
---------------------------------------------------
131 40 20 19  
tracing VX  7300   
 (v2) IS2 (1,1) 1200
 trace vx 130 38 6100
---------------------------------------------------
130 38 19 18  
tracing VX  6100   
 (v4_4) multiloop, trace vx  105 12 1700
 (v4_4) multiloop, trace wbx 128 21 5100
---------------------------------------------------
128 21 10 10  
tracing WBX 5100 
 (WB3) SL, trace vx  128 20 5300
---------------------------------------------------
128 20 10 9  
tracing VX  5300   
 (v2) IS2 (1,1) 900
 trace vx 127 18 4400
---------------------------------------------------
127 18 9 8  
tracing VX  4400   
 (v2) IS2 (1,1) 1800
 trace vx 126 16 2600
---------------------------------------------------
126 16 8 7  
tracing VX  2600   
 (v2) IS2 (1,1) 2100
 trace vx 125 14 500
---------------------------------------------------
125 14 7 6  
tracing VX  500   
 (v2) IS2 (1,1) 1100
 trace vx 124 12 -600
---------------------------------------------------
124 12 6 5  
tracing VX  -600   
 (v2) IS2 (1,1) 900
 trace vx 123 10 -1500
---------------------------------------------------
123 10 5 4  
tracing VX  -1500   
 (v2) IS2 (1,1) 1100
 trace vx 122 8 -2600
---------------------------------------------------
122 8 4 3  
tracing VX  -2600   
 (v2) IS2 (1,1) 900
 trace vx 121 6 -3500
---------------------------------------------------
121 6 3 2  
tracing VX  -3500   
 (v1) hairpin 6, -3500 
---------------------------------------------------
105 12 6 5  
tracing VX  1700   
 (v2) IS2 (1,1) 2300
 trace vx 104 10 -600
---------------------------------------------------
104 10 5 4  
tracing VX  -600   
 (v2) IS2 (1,1) 1000
 trace vx 103 8 -1600
---------------------------------------------------
103 8 4 3  
tracing VX  -1600   
 (v2) IS2 (1,1) 1400
 trace vx 102 6 -3000
---------------------------------------------------
102 6 3 2  
tracing VX  -3000   
 (v1) hairpin 6, -3000 
---------------------------------------------------
83 20 10 9  
tracing VX  2600   
 (v2) IS2 (1,1) 2900
 trace vx 82 18 -300
---------------------------------------------------
82 18 9 8  
tracing VX  -300   
 (v2) IS2 (1,1) 2900
 trace vx 81 16 -3200
---------------------------------------------------
81 16 8 7  
tracing VX  -3200   
 (v2) IS2 (1,1) 1700
 trace vx 80 14 -4900
---------------------------------------------------
80 14 7 6  
tracing VX  -4900   
 (v1) hairpin 14, -4900 
---------------------------------------------------
61 52 26 25  
tracing WX 16700 
 (W6) SR, trace wx 60 51 16700
---------------------------------------------------
60 51 25 25  
tracing WX 16700 
 (W6) SR, trace wx 59 50 16700
---------------------------------------------------
59 50 25 24  
tracing WX 16700 
 (W7) trace wx  27 18 6700
 (W7) trace wx  59 31 10000
---------------------------------------------------
59 31 15 15  
tracing WX 10000 
 (W2) SR SL, trace vx 58 29 9600
---------------------------------------------------
58 29 14 14  
tracing VX  9600   
 (v2) IS2 (1,1) 2100
 trace vx 57 27 7500
---------------------------------------------------
57 27 13 13  
tracing VX  7500   
 (v2) IS2 (1,1) 1800
 trace vx 56 25 5700
---------------------------------------------------
56 25 12 12  
tracing VX  5700   
 (v2) IS2 (1,1) 2100
 trace vx 55 23 3600
---------------------------------------------------
55 23 11 11  
tracing VX  3600   
 (v2) IS2 (4,2) -3000
 trace vx 53 17 6600
---------------------------------------------------
53 17 8 8  
tracing VX  6600   
 (v2) IS2 (1,1) 1000
 trace vx 52 15 5600
---------------------------------------------------
52 15 7 7  
tracing VX  5600   
 (v2) IS2 (1,1) 1800
 trace vx 51 13 3800
---------------------------------------------------
51 13 6 6  
tracing VX  3800   
 (v2) IS2 (1,1) 3400
 trace vx 50 11 400
---------------------------------------------------
50 11 5 5  
tracing VX  400   
 (v2) IS2 (1,1) 2000
 trace vx 49 9 -1600
---------------------------------------------------
49 9 4 4  
tracing VX  -1600   
 (v2) IS2 (1,1) 2100
 trace vx 48 7 -3700
---------------------------------------------------
48 7 3 3  
tracing VX  -3700   
 (v1) hairpin 7, -3700 
---------------------------------------------------
27 18 9 8  
tracing WX 6700 
 (W6) SR, trace wx 26 17 6700
---------------------------------------------------
26 17 8 8  
tracing WX 6700 
 (W6) SR, trace wx 25 16 6700
---------------------------------------------------
25 16 8 7  
tracing WX 6700 
 (W2) SR SL, trace vx 24 14 5700
---------------------------------------------------
24 14 7 6  
tracing VX  5700   
 (v2) IS2 (1,1) 2100
 trace vx 23 12 3600
---------------------------------------------------
23 12 6 5  
tracing VX  3600   
 (v2) IS2 (1,1) 2000
 trace vx 22 10 1600
---------------------------------------------------
22 10 5 4  
tracing VX  1600   
 (v2) IS2 (1,1) 2900
 trace vx 21 8 -1300
---------------------------------------------------
21 8 4 3  
tracing VX  -1300   
 (v2) IS2 (1,1) 2300
 trace vx 20 6 -3600
---------------------------------------------------
20 6 3 2  
tracing VX  -3600   
 (v1) hairpin 6, -3600 
NAM  TMV
SRC  TMV - 0..188::189
SEQ  +SS
       1 A   U   A   A   U   A   A   A   U   A   A   C   G   G   A   U   U   G   U   G
         0   1   2   3   4   5   6   7   8   9   10  11  12  13  14  15  16  17  18  19  
         .   .   .   .   .   .   .   .   .   .   24  23  22  21  20  .   .   .   .   .   

      21 U   C   C   G   U   A   A   U   C   A   C   A   C   G   U   G   G   U   G   C
         20  21  22  23  24  25  26  27  28  29  30  31  32  33  34  35  36  37  38  39  
         14  13  12  11  10  .   .   .   .   58  57  56  55  .   .   .   53  52  51  50  

      41 G   U   A   C   G   A   U   A   A   C   G   C   A   U   A   G   U   G   U   U
         40  41  42  43  44  45  46  47  48  49  50  51  52  53  54  55  56  57  58  59  
         49  48  .   .   .   .   .   .   41  40  39  38  37  36  .   32  31  30  29  .   

      61 U   U   U   C   C   C   U   C   C   A   C   U   U   A   A   A   U   C   G   A
         60  61  62  63  64  65  66  67  68  69  70  71  72  73  74  75  76  77  78  79  
         .   .   .   83  82  81  80  .   .   .   .   .   .   .   .   .   .   .   .   .   

      81 A   G   G   G   U   G   U   G   U   C   U   U   G   G   A   U   C   G   C   G
         80  81  82  83  84  85  86  87  88  89  90  91  92  93  94  95  96  97  98  99  
         66  65  64  63  .   138 137 136 135 134 133 131 130 105 104 103 102 .   .   .   

     101 C   G   G   G   U   C   A   A   A   U   G   U   A   U   A   U   G   G   U   U
         100 101 102 103 104 105 106 107 108 109 110 111 112 113 114 115 116 117 118 119 
         .   .   96  95  94  93  .   .   128 127 126 125 124 123 122 121 .   .   .   .   

     121 C   A   U   A   U   A   C   A   U   C   C   G   C   A   G   G   C   A   C   G
         120 121 122 123 124 125 126 127 128 129 130 131 132 133 134 135 136 137 138 139 
         .   115 114 113 112 111 110 109 108 .   92  91  .   90  89  88  87  86  85  .   

     141 U   A   A   U   A   A   A   G   C   G   A   G   G   G   G   U   U   C   G   A
         140 141 142 143 144 145 146 147 148 149 150 151 152 153 154 155 156 157 158 159 
         .   .   .   .   .   .   170 169 168 167 .   166 165 164 163 .   .   .   .   .   

     161 A   U   C   C   C   C   C   C   G   U   U   A   C   C   C   C   C   G   G   U
         160 161 162 163 164 165 166 167 168 169 170 171 172 173 174 175 176 177 178 179 
         .   .   .   154 153 152 151 149 148 147 146 .   184 183 182 181 .   .   .   .   

     181 A   G   G   G   G   C   C   C   A
         180 181 182 183 184 185 186 187 188 
         .   175 174 173 172 .   .   .   .   

true pairs 59.0	 found pairs 51.0	 agree 31.0 (sen=52.54 spe=60.78 -- C_ap = 56.51)
----------------------------------------------------------------------
   Log odds score:       53900 
energy (kcal/mol):      -53.90 
number of pairs found:      51.00 
number of pairs annotated:  59.00 
----------------------------------------------------------------------
Allow pseudoknots? NO
----------------------------------------------------------------------
Parameters (energy  units, kcal/mol)
 P1   parameter:         -0.00 
 P2   parameter:         -0.00 
 P3   parameter:          3.00 
 P4   parameter:         -0.00 
 P5   parameter:          4.60 
 P6   parameter:          0.40 
 P10  parameter:          0.10 
----------------------------------------------------------------------
