PKNOTS: optimal minimum-energy RNA folding with pseudoknots and coaxial energies
        PKNOTS 1.06 (MAY 2008) using squid 1.5m (Sept 1997)
---------------------------------------------------
Folding sequences from:  /groups/eddy/home/rivase/src/src/pknots/versions/pknots-1.06/Demos/TYMV.sqd 
---------------------------------------------------



	             SS  ....>>>>>......<<<<<.>>>>>>.......<<<<<<....>>>>..
	           TYMV  UUAGCUCGCCAGUUAGCGAGGUCUGUCCCCACACGACAGAUAAUCGGGUG

	             SS  .....<<<<AAA....>>>>>aaa...<<<<<....
	           TYMV  CAACUCCCGCCCCUCUUCCGAGGGUCAUCGGAACCA

---------------------------------------------------
---------------------------------------------------
85 85 42 42  
tracing WX 30300 
 (W5) SL, trace wx  85 84 30300
---------------------------------------------------
85 84 42 41  
tracing WX 30300 
 (W5) SL, trace wx  85 83 30300
---------------------------------------------------
85 83 41 41  
tracing WX 30300 
 (W5) SL, trace wx  85 82 30300
---------------------------------------------------
85 82 41 40  
tracing WX 30300 
 (W6) SR, trace wx 84 81 30300
---------------------------------------------------
84 81 40 40  
tracing WX 30300 
 (W6) SR, trace wx 83 80 30300
---------------------------------------------------
83 80 40 39  
tracing WX 30300 
 (W7) trace wx  63 60 22500
 (W7) trace wx  83 19 7800
---------------------------------------------------
83 19 9 9  
tracing WX 7800 
 (W2) SR SL, trace vx 82 17 7200
---------------------------------------------------
82 17 8 8  
tracing VX  7200   
 (v2) IS2 (1,1) 900
 trace vx 81 15 6300
---------------------------------------------------
81 15 7 7  
tracing VX  6300   
 (v2) IS2 (1,1) 2300
 trace vx 80 13 4000
---------------------------------------------------
80 13 6 6  
tracing VX  4000   
 (v2) IS2 (1,1) 2900
 trace vx 79 11 1100
---------------------------------------------------
79 11 5 5  
tracing VX  1100   
 (v2) IS2 (1,1) 2000
 trace vx 78 9 -900
---------------------------------------------------
78 9 4 4  
tracing VX  -900   
 (v2) IS2 (1,1) 2300
 trace vx 77 7 -3200
---------------------------------------------------
77 7 3 3  
tracing VX  -3200   
 (v1) hairpin 7, -3200 
---------------------------------------------------
63 60 30 29  
tracing WX 22500 
 (W7) trace wx  43 40 15800
 (W7) trace wx  63 19 6700
---------------------------------------------------
63 19 9 9  
tracing WX 6700 
 (W2) SR SL, trace vx 62 17 5200
---------------------------------------------------
62 17 8 8  
tracing VX  5200   
 (v2) IS2 (1,1) 2900
 trace vx 61 15 2300
---------------------------------------------------
61 15 7 7  
tracing VX  2300   
 (v2) IS2 (1,1) 2900
 trace vx 60 13 -600
---------------------------------------------------
60 13 6 6  
tracing VX  -600   
 (v2) IS2 (2,1) -1000
 trace vx 59 10 400
---------------------------------------------------
59 10 5 4  
tracing VX  400   
 (v2) IS2 (1,1) 3400
 trace vx 58 8 -3000
---------------------------------------------------
58 8 4 3  
tracing VX  -3000   
 (v1) hairpin 8, -3000 
---------------------------------------------------
43 40 20 19  
tracing WX 15800 
 (W6) SR, trace wx 42 39 15800
---------------------------------------------------
42 39 19 19  
tracing WX 15800 
 (W6) SR, trace wx 41 38 15800
---------------------------------------------------
41 38 19 18  
tracing WX 15800 
 (W8.4) dangle i, trace vx 19 15 5700
 (W8.4) dangle j, trace vx 40 20 7300
---------------------------------------------------
40 20 10 9  
tracing VX  7300   
 (v2) IS2 (1,1) 1000
 trace vx 39 18 6300
---------------------------------------------------
39 18 9 8  
tracing VX  6300   
 (v2) IS2 (1,1) 2300
 trace vx 38 16 4000
---------------------------------------------------
38 16 8 7  
tracing VX  4000   
 (v2) IS2 (1,1) 1700
 trace vx 37 14 2300
---------------------------------------------------
37 14 7 6  
tracing VX  2300   
 (v2) IS2 (1,1) 1800
 trace vx 36 12 500
---------------------------------------------------
36 12 6 5  
tracing VX  500   
 (v2) IS2 (1,1) 2100
 trace vx 35 10 -1600
---------------------------------------------------
35 10 5 4  
tracing VX  -1600   
 (v2) IS2 (1,1) 2300
 trace vx 34 8 -3900
---------------------------------------------------
34 8 4 3  
tracing VX  -3900   
 (v1) hairpin 8, -3900 
---------------------------------------------------
19 15 7 7  
tracing VX  5700   
 (v2) IS2 (1,1) 1700
 trace vx 18 13 4000
---------------------------------------------------
18 13 6 6  
tracing VX  4000   
 (v2) IS2 (1,1) 2300
 trace vx 17 11 1700
---------------------------------------------------
17 11 5 5  
tracing VX  1700   
 (v2) IS2 (1,1) 2000
 trace vx 16 9 -300
---------------------------------------------------
16 9 4 4  
tracing VX  -300   
 (v2) IS2 (1,1) 3400
 trace vx 15 7 -3700
---------------------------------------------------
15 7 3 3  
tracing VX  -3700   
 (v1) hairpin 7, -3700 
NAM  TYMV
SRC  TYMV - 0..85::86
SEQ  +SS
       1 U   U   A   G   C   U   C   G   C   C   A   G   U   U   A   G   C   G   A   G
         0   1   2   3   4   5   6   7   8   9   10  11  12  13  14  15  16  17  18  19  
         .   .   .   .   19  18  17  16  15  .   .   .   .   .   .   8   7   6   5   4   

      21 G   U   C   U   G   U   C   C   C   C   A   C   A   C   G   A   C   A   G   A
         20  21  22  23  24  25  26  27  28  29  30  31  32  33  34  35  36  37  38  39  
         40  39  38  37  36  35  34  .   .   .   .   .   .   .   26  25  24  23  22  21  

      41 U   A   A   U   C   G   G   G   U   G   C   A   A   C   U   C   C   C   G   C
         40  41  42  43  44  45  46  47  48  49  50  51  52  53  54  55  56  57  58  59  
         20  .   .   .   .   62  61  60  .   59  58  .   .   .   .   .   .   .   50  49  

      61 C   C   C   U   C   U   U   C   C   G   A   G   G   G   U   C   A   U   C   G
         60  61  62  63  64  65  66  67  68  69  70  71  72  73  74  75  76  77  78  79  
         47  46  45  .   .   82  81  80  79  78  77  .   .   .   .   .   .   70  69  68  

      81 G   A   A   C   C   A
         80  81  82  83  84  85  
         67  66  65  .   .   .   

true pairs 23.0	 found pairs 23.0	 agree 16.0 (sen=69.57 spe=69.57 -- C_ap = 69.57)
----------------------------------------------------------------------
   Log odds score:       30300 
energy (kcal/mol):      -30.30 
number of pairs found:      23.00 
number of pairs annotated:  23.00 
----------------------------------------------------------------------
Allow pseudoknots? NO
----------------------------------------------------------------------
Parameters (energy  units, kcal/mol)
 P1   parameter:         -0.00 
 P2   parameter:         -0.00 
 P3   parameter:          3.00 
 P4   parameter:         -0.00 
 P5   parameter:          4.60 
 P6   parameter:          0.40 
 P10  parameter:          0.10 
----------------------------------------------------------------------
