PKNOTS: optimal minimum-energy RNA folding with pseudoknots and coaxial energies
        PKNOTS 1.06 (MAY 2008) using squid 1.5m (Sept 1997)
---------------------------------------------------
Folding sequences from:  /groups/eddy/home/rivase/src/src/pknots/versions/pknots-1.06/Demos/typeA.sqd 
---------------------------------------------------



	             SS  .......>>>>>..AAAAAA<<<<<...aaaaaa......
	      typeA_1.1  UCAAGAAUUCCGUUUUCAGUCGGGAAAAACUGAACAAUCU

---------------------------------------------------
---------------------------------------------------
39 39 19 19  
tracing WX 5100 
 (W5) SL, trace wx  39 38 5100
---------------------------------------------------
39 38 19 18  
tracing WX 5100 
 (W5) SL, trace wx  39 37 5100
---------------------------------------------------
39 37 18 18  
tracing WX 5100 
 (W5) SL, trace wx  39 36 5100
---------------------------------------------------
39 36 18 17  
tracing WX 5100 
 (W5) SL, trace wx  39 35 5100
---------------------------------------------------
39 35 17 17  
tracing WX 5100 
 (W5) SL, trace wx  39 34 5100
---------------------------------------------------
39 34 17 16  
tracing WX 5100 
 (W5) SL, trace wx  39 33 5100
---------------------------------------------------
39 33 16 16  
tracing WX 5100 
 (W5) SL, trace wx  39 32 5100
---------------------------------------------------
39 32 16 15  
tracing WX 5100 
 (W5) SL, trace wx  39 31 5100
---------------------------------------------------
39 31 15 15  
tracing WX 5100 
 (W5) SL, trace wx  39 30 5100
---------------------------------------------------
39 30 15 14  
tracing WX 5100 
 (W5) SL, trace wx  39 29 5100
---------------------------------------------------
39 29 14 14  
tracing WX 5100 
 (W5) SL, trace wx  39 28 5100
---------------------------------------------------
39 28 14 13  
tracing WX 5100 
 (W5) SL, trace wx  39 27 5100
---------------------------------------------------
39 27 13 13  
tracing WX 5100 
 (W5) SL, trace wx  39 26 5100
---------------------------------------------------
39 26 13 12  
tracing WX 5100 
 (W6) SR, trace wx 38 25 5100
---------------------------------------------------
38 25 12 12  
tracing WX 5100 
 (W6) SR, trace wx 37 24 5100
---------------------------------------------------
37 24 12 11  
tracing WX 5100 
 (W6) SR, trace wx 36 23 5100
---------------------------------------------------
36 23 11 11  
tracing WX 5100 
 (W6) SR, trace wx 35 22 5100
---------------------------------------------------
35 22 11 10  
tracing WX 5100 
 (W6) SR, trace wx 34 21 5100
---------------------------------------------------
34 21 10 10  
tracing WX 5100 
 (W2) SR SL, trace vx 33 19 4400
---------------------------------------------------
33 19 9 9  
tracing VX  4400   
 (v2) IS2 (1,1) 900
 trace vx 32 17 3500
---------------------------------------------------
32 17 8 8  
tracing VX  3500   
 (v2) IS2 (1,1) 2300
 trace vx 31 15 1200
---------------------------------------------------
31 15 7 7  
tracing VX  1200   
 (v2) IS2 (1,1) 1800
 trace vx 30 13 -600
---------------------------------------------------
30 13 6 6  
tracing VX  -600   
 (v2) IS2 (1,1) 1700
 trace vx 29 11 -2300
---------------------------------------------------
29 11 5 5  
tracing VX  -2300   
 (v2) IS2 (1,1) 2100
 trace vx 28 9 -4400
---------------------------------------------------
28 9 4 4  
tracing VX  -4400   
 (v1) hairpin 9, -4400 
NAM  typeA_1.1
SRC  typeA_1.1 - 0..39::40
SEQ  +SS
       1 U   C   A   A   G   A   A   U   U   C   C   G   U   U   U   U   C   A   G   U
         0   1   2   3   4   5   6   7   8   9   10  11  12  13  14  15  16  17  18  19  
         .   .   .   .   .   .   .   .   .   .   .   .   .   .   33  32  31  30  29  28  

      21 C   G   G   G   A   A   A   A   A   C   U   G   A   A   C   A   A   U   C   U
         20  21  22  23  24  25  26  27  28  29  30  31  32  33  34  35  36  37  38  39  
         .   .   .   .   .   .   .   .   19  18  17  16  15  14  .   .   .   .   .   .   

true pairs 11.0	 found pairs 6.0	 agree 6.0 (sen=54.55 spe=100.00 -- C_ap = 73.85)
----------------------------------------------------------------------
   Log odds score:        5100 
energy (kcal/mol):       -5.10 
number of pairs found:      6.00 
number of pairs annotated:  11.00 
----------------------------------------------------------------------
Allow pseudoknots? NO
----------------------------------------------------------------------
Parameters (energy  units, kcal/mol)
 P1   parameter:         -0.00 
 P2   parameter:         -0.00 
 P3   parameter:          3.00 
 P4   parameter:         -0.00 
 P5   parameter:          4.60 
 P6   parameter:          0.40 
 P10  parameter:          0.10 
----------------------------------------------------------------------


	             SS  ...........>>>>>..AAAA..<<<<<....aaaa....
	     typeA_1.3a  UCAAGAAUAUCUUCCGAAGCCGAACGGGAAAACCGGCAUCU

---------------------------------------------------
---------------------------------------------------
40 40 20 19  
tracing WX 6800 
 (W5) SL, trace wx  40 39 6800
---------------------------------------------------
40 39 19 19  
tracing WX 6800 
 (W5) SL, trace wx  40 38 6800
---------------------------------------------------
40 38 19 18  
tracing WX 6800 
 (W5) SL, trace wx  40 37 6800
---------------------------------------------------
40 37 18 18  
tracing WX 6800 
 (W5) SL, trace wx  40 36 6800
---------------------------------------------------
40 36 18 17  
tracing WX 6800 
 (W5) SL, trace wx  40 35 6800
---------------------------------------------------
40 35 17 17  
tracing WX 6800 
 (W5) SL, trace wx  40 34 6800
---------------------------------------------------
40 34 17 16  
tracing WX 6800 
 (W5) SL, trace wx  40 33 6800
---------------------------------------------------
40 33 16 16  
tracing WX 6800 
 (W5) SL, trace wx  40 32 6800
---------------------------------------------------
40 32 16 15  
tracing WX 6800 
 (W6) SR, trace wx 39 31 6800
---------------------------------------------------
39 31 15 15  
tracing WX 6800 
 (W6) SR, trace wx 38 30 6800
---------------------------------------------------
38 30 15 14  
tracing WX 6800 
 (W6) SR, trace wx 37 29 6800
---------------------------------------------------
37 29 14 14  
tracing WX 6800 
 (W8.8) dangle i, trace vx 16 7 -1100
 (W8.8) dangle j, trace vx 36 18 4200
---------------------------------------------------
36 18 9 8  
tracing VX  4200   
 (v2) IS2 (1,1) 3400
 trace vx 35 16 800
---------------------------------------------------
35 16 8 7  
tracing VX  800   
 (v2) IS2 (1,1) 2900
 trace vx 34 14 -2100
---------------------------------------------------
34 14 7 6  
tracing VX  -2100   
 (v2) IS2 (1,1) 2000
 trace vx 33 12 -4100
---------------------------------------------------
33 12 6 5  
tracing VX  -4100   
 (v1) hairpin 12, -4100 
---------------------------------------------------
16 7 3 3  
tracing VX  -1100   
 (v2) IS2 (1,1) 2300
 trace vx 15 5 -3400
---------------------------------------------------
15 5 2 2  
tracing VX  -3400   
 (v1) hairpin 5, -3400 
NAM  typeA_1.3a
SRC  typeA_1.3a - 0..40::41
SEQ  +SS
       1 U   C   A   A   G   A   A   U   A   U   C   U   U   C   C   G   A   A   G   C
         0   1   2   3   4   5   6   7   8   9   10  11  12  13  14  15  16  17  18  19  
         .   .   .   .   .   .   .   .   .   16  15  .   .   .   .   10  9   .   36  35  

      21 C   G   A   A   C   G   G   G   A   A   A   A   C   C   G   G   C   A   U   C
         20  21  22  23  24  25  26  27  28  29  30  31  32  33  34  35  36  37  38  39  
         34  33  .   .   .   .   .   .   .   .   .   .   .   21  20  19  18  .   .   .   

      41 U
         40  
         .   

true pairs 9.0	 found pairs 6.0	 agree 4.0 (sen=44.44 spe=66.67 -- C_ap = 54.43)
----------------------------------------------------------------------
   Log odds score:        6800 
energy (kcal/mol):       -6.80 
number of pairs found:      6.00 
number of pairs annotated:  9.00 
----------------------------------------------------------------------
Allow pseudoknots? NO
----------------------------------------------------------------------
Parameters (energy  units, kcal/mol)
 P1   parameter:         -0.00 
 P2   parameter:         -0.00 
 P3   parameter:          3.00 
 P4   parameter:         -0.00 
 P5   parameter:          4.60 
 P6   parameter:          0.40 
 P10  parameter:          0.10 
----------------------------------------------------------------------


	             SS  .......>>>>>..AAA...<<<<<......aaa
	      typeA_2.9  UCAAGGUUUCCGAAAGAAAUCGGGAAAACUGUCU

---------------------------------------------------
---------------------------------------------------
33 33 16 16  
tracing WX 8100 
 (W5) SL, trace wx  33 32 8100
---------------------------------------------------
33 32 16 15  
tracing WX 8100 
 (W5) SL, trace wx  33 31 8100
---------------------------------------------------
33 31 15 15  
tracing WX 8100 
 (W5) SL, trace wx  33 30 8100
---------------------------------------------------
33 30 15 14  
tracing WX 8100 
 (W6) SR, trace wx 32 29 8100
---------------------------------------------------
32 29 14 14  
tracing WX 8100 
 (W6) SR, trace wx 31 28 8100
---------------------------------------------------
31 28 14 13  
tracing WX 8100 
 (W6) SR, trace wx 30 27 8100
---------------------------------------------------
30 27 13 13  
tracing WX 8100 
 (W2) SR SL, trace vx 29 25 6700
---------------------------------------------------
29 25 12 12  
tracing VX  6700   
 (v2) IS2 (1,1) 1900
 trace vx 28 23 4800
---------------------------------------------------
28 23 11 11  
tracing VX  4800   
 (v2) IS2 (1,1) 2100
 trace vx 27 21 2700
---------------------------------------------------
27 21 10 10  
tracing VX  2700   
 (v2) IS2 (1,3) -3100
 trace vx 24 17 5800
---------------------------------------------------
24 17 8 8  
tracing VX  5800   
 (v2) IS2 (1,1) 1100
 trace vx 23 15 4700
---------------------------------------------------
23 15 7 7  
tracing VX  4700   
 (v2) IS2 (1,1) 1400
 trace vx 22 13 3300
---------------------------------------------------
22 13 6 6  
tracing VX  3300   
 (v2) IS2 (1,1) 2900
 trace vx 21 11 400
---------------------------------------------------
21 11 5 5  
tracing VX  400   
 (v2) IS2 (1,1) 2000
 trace vx 20 9 -1600
---------------------------------------------------
20 9 4 4  
tracing VX  -1600   
 (v2) IS2 (1,1) 2300
 trace vx 19 7 -3900
---------------------------------------------------
19 7 3 3  
tracing VX  -3900   
 (v1) hairpin 7, -3900 
NAM  typeA_2.9
SRC  typeA_2.9 - 0..33::34
SEQ  +SS
       1 U   C   A   A   G   G   U   U   U   C   C   G   A   A   A   G   A   A   A   U
         0   1   2   3   4   5   6   7   8   9   10  11  12  13  14  15  16  17  18  19  
         .   .   .   .   29  28  27  24  23  22  21  20  19  .   .   .   .   .   .   12  

      21 C   G   G   G   A   A   A   A   C   U   G   U   C   U
         20  21  22  23  24  25  26  27  28  29  30  31  32  33  
         11  10  9   8   7   .   .   6   5   4   .   .   .   .   

true pairs 8.0	 found pairs 9.0	 agree 5.0 (sen=62.50 spe=55.56 -- C_ap = 58.93)
----------------------------------------------------------------------
   Log odds score:        8100 
energy (kcal/mol):       -8.10 
number of pairs found:      9.00 
number of pairs annotated:  8.00 
----------------------------------------------------------------------
Allow pseudoknots? NO
----------------------------------------------------------------------
Parameters (energy  units, kcal/mol)
 P1   parameter:         -0.00 
 P2   parameter:         -0.00 
 P3   parameter:          3.00 
 P4   parameter:         -0.00 
 P5   parameter:          4.60 
 P6   parameter:          0.40 
 P10  parameter:          0.10 
----------------------------------------------------------------------


	             SS  ...........>>>>..AAAAA.<<<<....aaaaa....
	     typeA_2.4a  UCAAGUAGAUAUCCGAAGCUCAACGGGAUAAUGAGCAUCU

---------------------------------------------------
---------------------------------------------------
39 39 19 19  
tracing WX 7000 
 (W6) SR, trace wx 38 38 7000
---------------------------------------------------
38 38 19 18  
tracing WX 7000 
 (W6) SR, trace wx 37 37 7000
---------------------------------------------------
37 37 18 18  
tracing WX 7000 
 (W6) SR, trace wx 36 36 7000
---------------------------------------------------
36 36 18 17  
tracing WX 7000 
 (W8.7) trace vx 15 15 -1200
 (W8.7) dangle j, trace vx 35 18 4800
---------------------------------------------------
35 18 9 8  
tracing VX  4800   
 (v2) IS2 (1,1) 3400
 trace vx 34 16 1400
---------------------------------------------------
34 16 8 7  
tracing VX  1400   
 (v2) IS2 (1,1) 1700
 trace vx 33 14 -300
---------------------------------------------------
33 14 7 6  
tracing VX  -300   
 (v2) IS2 (1,1) 2300
 trace vx 32 12 -2600
---------------------------------------------------
32 12 6 5  
tracing VX  -2600   
 (v2) IS2 (1,1) 1800
 trace vx 31 10 -4400
---------------------------------------------------
31 10 5 4  
tracing VX  -4400   
 (v1) hairpin 10, -4400 
---------------------------------------------------
15 15 7 7  
tracing VX  -1200   
 (v2) IS2 (1,1) 2300
 trace vx 14 13 -3500
---------------------------------------------------
14 13 6 6  
tracing VX  -3500   
 (v1) hairpin 13, -3500 
NAM  typeA_2.4a
SRC  typeA_2.4a - 0..39::40
SEQ  +SS
       1 U   C   A   A   G   U   A   G   A   U   A   U   C   C   G   A   A   G   C   U
         0   1   2   3   4   5   6   7   8   9   10  11  12  13  14  15  16  17  18  19  
         15  14  .   .   .   .   .   .   .   .   .   .   .   .   1   0   .   35  34  33  

      21 C   A   A   C   G   G   G   A   U   A   A   U   G   A   G   C   A   U   C   U
         20  21  22  23  24  25  26  27  28  29  30  31  32  33  34  35  36  37  38  39  
         32  31  .   .   .   .   .   .   .   .   .   21  20  19  18  17  .   .   .   .   

true pairs 9.0	 found pairs 7.0	 agree 5.0 (sen=55.56 spe=71.43 -- C_ap = 62.99)
----------------------------------------------------------------------
   Log odds score:        7000 
energy (kcal/mol):       -7.00 
number of pairs found:      7.00 
number of pairs annotated:  9.00 
----------------------------------------------------------------------
Allow pseudoknots? NO
----------------------------------------------------------------------
Parameters (energy  units, kcal/mol)
 P1   parameter:         -0.00 
 P2   parameter:         -0.00 
 P3   parameter:          3.00 
 P4   parameter:         -0.00 
 P5   parameter:          4.60 
 P6   parameter:          0.40 
 P10  parameter:          0.10 
----------------------------------------------------------------------


	             SS  ...........>>>>...AAAA.<<<<.....aaaa....
	     typeA_2.7a  UCAAGAUAUGAUCCGUAAGAGGACGGGAUAAACCUCAACU

---------------------------------------------------
---------------------------------------------------
39 39 19 19  
tracing WX 8200 
 (W6) SR, trace wx 38 38 8200
---------------------------------------------------
38 38 19 18  
tracing WX 8200 
 (W6) SR, trace wx 37 37 8200
---------------------------------------------------
37 37 18 18  
tracing WX 8200 
 (W6) SR, trace wx 36 36 8200
---------------------------------------------------
36 36 18 17  
tracing WX 8200 
 (W7) trace wx  11 11 1100
 (W7) trace wx  36 24 7100
---------------------------------------------------
36 24 12 11  
tracing WX 7100 
 (W8.3) trace vx 25 13 4100
 (W8.3) dangle j, trace vx 35 9 -1600
---------------------------------------------------
35 9 4 4  
tracing VX  -1600   
 (v2) IS2 (1,1) 2300
 trace vx 34 7 -3900
---------------------------------------------------
34 7 3 3  
tracing VX  -3900   
 (v1) hairpin 7, -3900 
---------------------------------------------------
25 13 6 6  
tracing VX  4100   
 (v2) IS2 (1,1) 2900
 trace vx 24 11 1200
---------------------------------------------------
24 11 5 5  
tracing VX  1200   
 (v2) IS2 (1,1) 2000
 trace vx 23 9 -800
---------------------------------------------------
23 9 4 4  
tracing VX  -800   
 (v2) IS2 (1,1) 2100
 trace vx 22 7 -2900
---------------------------------------------------
22 7 3 3  
tracing VX  -2900   
 (v1) hairpin 7, -2900 
---------------------------------------------------
11 11 5 5  
tracing WX 1100 
 (W4) SR, trace vx 10 10 500
---------------------------------------------------
10 10 5 4  
tracing VX  500   
 (v2) IS2 (1,1) 2300
 trace vx 9 8 -1800
---------------------------------------------------
9 8 4 3  
tracing VX  -1800   
 (v2) IS2 (1,1) 1800
 trace vx 8 6 -3600
---------------------------------------------------
8 6 3 2  
tracing VX  -3600   
 (v1) hairpin 6, -3600 
NAM  typeA_2.7a
SRC  typeA_2.7a - 0..39::40
SEQ  +SS
       1 U   C   A   A   G   A   U   A   U   G   A   U   C   C   G   U   A   A   G   A
         0   1   2   3   4   5   6   7   8   9   10  11  12  13  14  15  16  17  18  19  
         10  9   8   .   .   .   .   .   2   1   0   .   25  24  23  22  .   .   .   .   

      21 G   G   A   C   G   G   G   A   U   A   A   A   C   C   U   C   A   A   C   U
         20  21  22  23  24  25  26  27  28  29  30  31  32  33  34  35  36  37  38  39  
         .   .   15  14  13  12  35  34  .   .   .   .   .   .   27  26  .   .   .   .   

true pairs 8.0	 found pairs 9.0	 agree 3.0 (sen=37.50 spe=33.33 -- C_ap = 35.36)
----------------------------------------------------------------------
   Log odds score:        8200 
energy (kcal/mol):       -8.20 
number of pairs found:      9.00 
number of pairs annotated:  8.00 
----------------------------------------------------------------------
Allow pseudoknots? NO
----------------------------------------------------------------------
Parameters (energy  units, kcal/mol)
 P1   parameter:         -0.00 
 P2   parameter:         -0.00 
 P3   parameter:          3.00 
 P4   parameter:         -0.00 
 P5   parameter:          4.60 
 P6   parameter:          0.40 
 P10  parameter:          0.10 
----------------------------------------------------------------------


	             SS  .............>>>...AAAAA<<<.....aaaaa....
	     typeA_2.11  UCAAGUCAUAUUACCGUUACUCCUCGGGAUAAAGGAGAUCU

---------------------------------------------------
---------------------------------------------------
40 40 20 19  
tracing WX 5800 
 (W5) SL, trace wx  40 39 5800
---------------------------------------------------
40 39 19 19  
tracing WX 5800 
 (W5) SL, trace wx  40 38 5800
---------------------------------------------------
40 38 19 18  
tracing WX 5800 
 (W5) SL, trace wx  40 37 5800
---------------------------------------------------
40 37 18 18  
tracing WX 5800 
 (W5) SL, trace wx  40 36 5800
---------------------------------------------------
40 36 18 17  
tracing WX 5800 
 (W5) SL, trace wx  40 35 5800
---------------------------------------------------
40 35 17 17  
tracing WX 5800 
 (W5) SL, trace wx  40 34 5800
---------------------------------------------------
40 34 17 16  
tracing WX 5800 
 (W5) SL, trace wx  40 33 5800
---------------------------------------------------
40 33 16 16  
tracing WX 5800 
 (W5) SL, trace wx  40 32 5800
---------------------------------------------------
40 32 16 15  
tracing WX 5800 
 (W5) SL, trace wx  40 31 5800
---------------------------------------------------
40 31 15 15  
tracing WX 5800 
 (W5) SL, trace wx  40 30 5800
---------------------------------------------------
40 30 15 14  
tracing WX 5800 
 (W5) SL, trace wx  40 29 5800
---------------------------------------------------
40 29 14 14  
tracing WX 5800 
 (W5) SL, trace wx  40 28 5800
---------------------------------------------------
40 28 14 13  
tracing WX 5800 
 (W5) SL, trace wx  40 27 5800
---------------------------------------------------
40 27 13 13  
tracing WX 5800 
 (W5) SL, trace wx  40 26 5800
---------------------------------------------------
40 26 13 12  
tracing WX 5800 
 (W5) SL, trace wx  40 25 5800
---------------------------------------------------
40 25 12 12  
tracing WX 5800 
 (W5) SL, trace wx  40 24 5800
---------------------------------------------------
40 24 12 11  
tracing WX 5800 
 (W5) SL, trace wx  40 23 5800
---------------------------------------------------
40 23 11 11  
tracing WX 5800 
 (W5) SL, trace wx  40 22 5800
---------------------------------------------------
40 22 11 10  
tracing WX 5800 
 (W6) SR, trace wx 39 21 5800
---------------------------------------------------
39 21 10 10  
tracing WX 5800 
 (W6) SR, trace wx 38 20 5800
---------------------------------------------------
38 20 10 9  
tracing WX 5800 
 (W6) SR, trace wx 37 19 5800
---------------------------------------------------
37 19 9 9  
tracing WX 5800 
 (W2) SR SL, trace vx 36 17 4200
---------------------------------------------------
36 17 8 8  
tracing VX  4200   
 (v2) IS2 (1,1) 1700
 trace vx 35 15 2500
---------------------------------------------------
35 15 7 7  
tracing VX  2500   
 (v2) IS2 (1,1) 2300
 trace vx 34 13 200
---------------------------------------------------
34 13 6 6  
tracing VX  200   
 (v2) IS2 (1,1) 2900
 trace vx 33 11 -2700
---------------------------------------------------
33 11 5 5  
tracing VX  -2700   
 (v2) IS2 (1,1) 1700
 trace vx 32 9 -4400
---------------------------------------------------
32 9 4 4  
tracing VX  -4400   
 (v1) hairpin 9, -4400 
NAM  typeA_2.11
SRC  typeA_2.11 - 0..39::40
SEQ  +SS
       1 U   C   A   A   G   U   C   A   U   A   U   U   A   C   C   G   U   U   A   C
         0   1   2   3   4   5   6   7   8   9   10  11  12  13  14  15  16  17  18  19  
         .   .   .   .   .   .   .   .   .   .   .   .   .   .   .   .   .   .   .   36  

      21 U   C   C   U   C   G   G   G   A   U   A   A   A   G   G   A   G   A   U   C
         20  21  22  23  24  25  26  27  28  29  30  31  32  33  34  35  36  37  38  39  
         35  34  33  32  .   .   .   .   .   .   .   .   23  22  21  20  19  .   .   .   

      41 U
         40  
         .   

true pairs 8.0	 found pairs 5.0	 agree 5.0 (sen=62.50 spe=100.00 -- C_ap = 79.06)
----------------------------------------------------------------------
   Log odds score:        5800 
energy (kcal/mol):       -5.80 
number of pairs found:      5.00 
number of pairs annotated:  8.00 
----------------------------------------------------------------------
Allow pseudoknots? NO
----------------------------------------------------------------------
Parameters (energy  units, kcal/mol)
 P1   parameter:         -0.00 
 P2   parameter:         -0.00 
 P3   parameter:          3.00 
 P4   parameter:         -0.00 
 P5   parameter:          4.60 
 P6   parameter:          0.40 
 P10  parameter:          0.10 
----------------------------------------------------------------------


	             SS  ............>>>..AAA...<<<........aaa....
	      typeA_1.7  UCAAGGAAUCGACCCAAGCCAAAGGGGAUAAUGCGGCAUCU

---------------------------------------------------
---------------------------------------------------
40 40 20 19  
tracing WX 5600 
 (W5) SL, trace wx  40 39 5600
---------------------------------------------------
40 39 19 19  
tracing WX 5600 
 (W5) SL, trace wx  40 38 5600
---------------------------------------------------
40 38 19 18  
tracing WX 5600 
 (W5) SL, trace wx  40 37 5600
---------------------------------------------------
40 37 18 18  
tracing WX 5600 
 (W5) SL, trace wx  40 36 5600
---------------------------------------------------
40 36 18 17  
tracing WX 5600 
 (W5) SL, trace wx  40 35 5600
---------------------------------------------------
40 35 17 17  
tracing WX 5600 
 (W5) SL, trace wx  40 34 5600
---------------------------------------------------
40 34 17 16  
tracing WX 5600 
 (W5) SL, trace wx  40 33 5600
---------------------------------------------------
40 33 16 16  
tracing WX 5600 
 (W5) SL, trace wx  40 32 5600
---------------------------------------------------
40 32 16 15  
tracing WX 5600 
 (W5) SL, trace wx  40 31 5600
---------------------------------------------------
40 31 15 15  
tracing WX 5600 
 (W5) SL, trace wx  40 30 5600
---------------------------------------------------
40 30 15 14  
tracing WX 5600 
 (W5) SL, trace wx  40 29 5600
---------------------------------------------------
40 29 14 14  
tracing WX 5600 
 (W8.4) dangle i, trace vx 25 13 2100
 (W8.4) dangle j, trace vx 39 13 -1100
---------------------------------------------------
39 13 6 6  
tracing VX  -1100   
 (v2) IS2 (1,1) 2300
 trace vx 38 11 -3400
---------------------------------------------------
38 11 5 5  
tracing VX  -3400   
 (v2) IS2 (1,1) 900
 trace vx 37 9 -4300
---------------------------------------------------
37 9 4 4  
tracing VX  -4300   
 (v1) hairpin 9, -4300 
---------------------------------------------------
25 13 6 6  
tracing VX  2100   
 (v2) IS2 (1,1) 2900
 trace vx 24 11 -800
---------------------------------------------------
24 11 5 5  
tracing VX  -800   
 (v2) IS2 (1,1) 2900
 trace vx 23 9 -3700
---------------------------------------------------
23 9 4 4  
tracing VX  -3700   
 (v1) hairpin 9, -3700 
NAM  typeA_1.7
SRC  typeA_1.7 - 0..39::40
SEQ  +SS
       1 U   C   A   A   G   G   A   A   U   C   G   A   C   C   C   A   A   G   C   C
         0   1   2   3   4   5   6   7   8   9   10  11  12  13  14  15  16  17  18  19  
         .   .   .   .   .   .   .   .   .   .   .   .   25  24  23  .   .   .   .   .   

      21 A   A   A   G   G   G   G   A   U   A   A   U   G   C   G   G   C   A   U   C
         20  21  22  23  24  25  26  27  28  29  30  31  32  33  34  35  36  37  38  39  
         .   .   .   14  13  12  39  38  37  .   .   .   .   .   .   .   .   28  27  26  

      41 U
         40  
         .   

true pairs 6.0	 found pairs 6.0	 agree 3.0 (sen=50.00 spe=50.00 -- C_ap = 50.00)
----------------------------------------------------------------------
   Log odds score:        5600 
energy (kcal/mol):       -5.60 
number of pairs found:      6.00 
number of pairs annotated:  6.00 
----------------------------------------------------------------------
Allow pseudoknots? NO
----------------------------------------------------------------------
Parameters (energy  units, kcal/mol)
 P1   parameter:         -0.00 
 P2   parameter:         -0.00 
 P3   parameter:          3.00 
 P4   parameter:         -0.00 
 P5   parameter:          4.60 
 P6   parameter:          0.40 
 P10  parameter:          0.10 
----------------------------------------------------------------------


	             SS  ..........>>>>>..AAAA..<<<<<....aaaa.....
	     typeA_1.17  UCAAGUAAUGACCAGAGGCCCAACUGGUAAACGGGCGGUCU

---------------------------------------------------
---------------------------------------------------
40 40 20 19  
tracing WX 10300 
 (W5) SL, trace wx  40 39 10300
---------------------------------------------------
40 39 19 19  
tracing WX 10300 
 (W5) SL, trace wx  40 38 10300
---------------------------------------------------
40 38 19 18  
tracing WX 10300 
 (W8.4) dangle i, trace vx 8 5 -1900
 (W8.4) dangle j, trace vx 39 30 8900
---------------------------------------------------
39 30 15 14  
tracing VX  8900   
 (v2) IS2 (1,1) 2300
 trace vx 38 28 6600
---------------------------------------------------
38 28 14 13  
tracing VX  6600   
 (v2) IS2 (1,1) 2100
 trace vx 37 26 4500
---------------------------------------------------
37 26 13 12  
tracing VX  4500   
 (v2) IS2 (1,1) 2900
 trace vx 36 24 1600
---------------------------------------------------
36 24 12 11  
tracing VX  1600   
 (v2) IS2 (5,1) -4200
 trace vx 35 18 5800
---------------------------------------------------
35 18 9 8  
tracing VX  5800   
 (v2) IS2 (1,1) 3400
 trace vx 34 16 2400
---------------------------------------------------
34 16 8 7  
tracing VX  2400   
 (v2) IS2 (1,1) 2900
 trace vx 33 14 -500
---------------------------------------------------
33 14 7 6  
tracing VX  -500   
 (v2) IS2 (1,1) 2900
 trace vx 32 12 -3400
---------------------------------------------------
32 12 6 5  
tracing VX  -3400   
 (v1) hairpin 12, -3400 
---------------------------------------------------
8 5 2 2  
tracing VX  -1900   
 (v1) hairpin 5, -1900 
NAM  typeA_1.17
SRC  typeA_1.17 - 0..39::40
SEQ  +SS
       1 U   C   A   A   G   U   A   A   U   G   A   C   C   A   G   A   G   G   C   C
         0   1   2   3   4   5   6   7   8   9   10  11  12  13  14  15  16  17  18  19  
         .   .   .   8   .   .   .   .   3   39  38  37  36  .   .   .   .   35  34  33  

      21 C   A   A   C   U   G   G   U   A   A   A   C   G   G   G   C   G   G   U   C
         20  21  22  23  24  25  26  27  28  29  30  31  32  33  34  35  36  37  38  39  
         32  .   .   .   .   .   .   .   .   .   .   .   20  19  18  17  12  11  10  9   

      41 U
         40  
         .   

true pairs 9.0	 found pairs 9.0	 agree 4.0 (sen=44.44 spe=44.44 -- C_ap = 44.44)
----------------------------------------------------------------------
   Log odds score:       10300 
energy (kcal/mol):      -10.30 
number of pairs found:      9.00 
number of pairs annotated:  9.00 
----------------------------------------------------------------------
Allow pseudoknots? NO
----------------------------------------------------------------------
Parameters (energy  units, kcal/mol)
 P1   parameter:         -0.00 
 P2   parameter:         -0.00 
 P3   parameter:          3.00 
 P4   parameter:         -0.00 
 P5   parameter:          4.60 
 P6   parameter:          0.40 
 P10  parameter:          0.10 
----------------------------------------------------------------------
