PKNOTS: optimal minimum-energy RNA folding with pseudoknots and coaxial energies
        PKNOTS 1.06 (MAY 2008) using squid 1.5m (Sept 1997)
---------------------------------------------------
Folding sequences from:  /groups/eddy/home/rivase/src/src/pknots/versions/pknots-1.06/Demos/typeC.sqd 
---------------------------------------------------



	             SS  ..............>>>>>>.AAAAAAA<<<<<<.......aaaaaaa
	     typeC_2.3a  CAAGUUAAACAUAAUCCGUGAUCUUUCACACGGGAGAUCUAUGAAAGA

---------------------------------------------------
---------------------------------------------------
47 47 23 23  
tracing WX 9700 
 (W5) SL, trace wx  47 46 9700
---------------------------------------------------
47 46 23 22  
tracing WX 9700 
 (W5) SL, trace wx  47 45 9700
---------------------------------------------------
47 45 22 22  
tracing WX 9700 
 (W5) SL, trace wx  47 44 9700
---------------------------------------------------
47 44 22 21  
tracing WX 9700 
 (W5) SL, trace wx  47 43 9700
---------------------------------------------------
47 43 21 21  
tracing WX 9700 
 (W5) SL, trace wx  47 42 9700
---------------------------------------------------
47 42 21 20  
tracing WX 9700 
 (W5) SL, trace wx  47 41 9700
---------------------------------------------------
47 41 20 20  
tracing WX 9700 
 (W5) SL, trace wx  47 40 9700
---------------------------------------------------
47 40 20 19  
tracing WX 9700 
 (W7) trace wx  39 32 9600
 (W7) trace wx  47 7 100
---------------------------------------------------
47 7 3 3  
tracing WX 100 
 (W2) SR SL, trace vx 46 5 -900
---------------------------------------------------
46 5 2 2  
tracing VX  -900   
 (v1) hairpin 5, -900 
---------------------------------------------------
39 32 16 15  
tracing WX 9600 
 (W8.4) dangle i, trace vx 18 10 -900
 (W8.4) dangle j, trace vx 38 19 7200
---------------------------------------------------
38 19 9 9  
tracing VX  7200   
 (v2) IS2 (1,1) 2300
 trace vx 37 17 4900
---------------------------------------------------
37 17 8 8  
tracing VX  4900   
 (v2) IS2 (1,1) 900
 trace vx 36 15 4000
---------------------------------------------------
36 15 7 7  
tracing VX  4000   
 (v2) IS2 (1,1) 2300
 trace vx 35 13 1700
---------------------------------------------------
35 13 6 6  
tracing VX  1700   
 (v2) IS2 (1,1) 1700
 trace vx 34 11 0
---------------------------------------------------
34 11 5 5  
tracing VX  0   
 (v2) IS2 (1,1) 1100
 trace vx 33 9 -1100
---------------------------------------------------
33 9 4 4  
tracing VX  -1100   
 (v2) IS2 (1,1) 400
 trace vx 32 7 -1500
---------------------------------------------------
32 7 3 3  
tracing VX  -1500   
 (v2) IS2 (1,1) 1400
 trace vx 31 5 -2900
---------------------------------------------------
31 5 2 2  
tracing VX  -2900   
 (v1) hairpin 5, -2900 
---------------------------------------------------
18 10 5 4  
tracing VX  -900   
 (v2) IS2 (1,1) 2100
 trace vx 17 8 -3000
---------------------------------------------------
17 8 4 3  
tracing VX  -3000   
 (v1) hairpin 8, -3000 
NAM  typeC_2.3a
SRC  typeC_2.3a - 0..47::48
SEQ  +SS
       1 C   A   A   G   U   U   A   A   A   C   A   U   A   A   U   C   C   G   U   G
         0   1   2   3   4   5   6   7   8   9   10  11  12  13  14  15  16  17  18  19  
         .   .   .   .   .   .   .   .   18  17  .   .   .   .   .   .   .   9   8   38  

      21 A   U   C   U   U   U   C   A   C   A   C   G   G   G   A   G   A   U   C   U
         20  21  22  23  24  25  26  27  28  29  30  31  32  33  34  35  36  37  38  39  
         37  36  35  34  33  32  31  .   .   .   .   26  25  24  23  22  21  20  19  .   

      41 A   U   G   A   A   A   G   A
         40  41  42  43  44  45  46  47  
         .   46  .   .   .   .   41  .   

true pairs 13.0	 found pairs 11.0	 agree 0.0 (sen=0.00 spe=0.00 -- C_ap = 0.00)
----------------------------------------------------------------------
   Log odds score:        9700 
energy (kcal/mol):       -9.70 
number of pairs found:      11.00 
number of pairs annotated:  13.00 
----------------------------------------------------------------------
Allow pseudoknots? NO
----------------------------------------------------------------------
Parameters (energy  units, kcal/mol)
 P1   parameter:         -0.00 
 P2   parameter:         -0.00 
 P3   parameter:          3.00 
 P4   parameter:         -0.00 
 P5   parameter:          4.60 
 P6   parameter:          0.40 
 P10  parameter:          0.10 
----------------------------------------------------------------------


	             SS  ...........>>>>.....AAAAAA<<<<....aaaaaaa
	     typeC_2.5a  UCAAGAUAGUAUCCGUUCUUGAUCAUCGGGACAAAUGAUCU

---------------------------------------------------
---------------------------------------------------
40 40 20 19  
tracing WX 7500 
 (W5) SL, trace wx  40 39 7500
---------------------------------------------------
40 39 19 19  
tracing WX 7500 
 (W8.4) dangle i, trace vx 19 17 400
 (W8.4) dangle j, trace vx 39 19 3800
---------------------------------------------------
39 19 9 9  
tracing VX  3800   
 (v2) IS2 (1,1) 2300
 trace vx 38 17 1500
---------------------------------------------------
38 17 8 8  
tracing VX  1500   
 (v2) IS2 (1,1) 900
 trace vx 37 15 600
---------------------------------------------------
37 15 7 7  
tracing VX  600   
 (v2) IS2 (1,1) 2300
 trace vx 36 13 -1700
---------------------------------------------------
36 13 6 6  
tracing VX  -1700   
 (v2) IS2 (1,1) 1800
 trace vx 35 11 -3500
---------------------------------------------------
35 11 5 5  
tracing VX  -3500   
 (v2) IS2 (1,1) 900
 trace vx 34 9 -4400
---------------------------------------------------
34 9 4 4  
tracing VX  -4400   
 (v1) hairpin 9, -4400 
---------------------------------------------------
19 17 8 8  
tracing VX  400   
 (v2) IS2 (1,1) 900
 trace vx 18 15 -500
---------------------------------------------------
18 15 7 7  
tracing VX  -500   
 (v2) IS2 (1,1) 1700
 trace vx 17 13 -2200
---------------------------------------------------
17 13 6 6  
tracing VX  -2200   
 (v2) IS2 (1,1) 2300
 trace vx 16 11 -4500
---------------------------------------------------
16 11 5 5  
tracing VX  -4500   
 (v1) hairpin 11, -4500 
NAM  typeC_2.5a
SRC  typeC_2.5a - 0..40::41
SEQ  +SS
       1 U   C   A   A   G   A   U   A   G   U   A   U   C   C   G   U   U   C   U   U
         0   1   2   3   4   5   6   7   8   9   10  11  12  13  14  15  16  17  18  19  
         .   .   19  18  17  16  .   .   .   .   .   .   .   .   .   .   5   4   3   2   

      21 G   A   U   C   A   U   C   G   G   G   A   C   A   A   A   U   G   A   U   C
         20  21  22  23  24  25  26  27  28  29  30  31  32  33  34  35  36  37  38  39  
         39  38  37  36  35  34  .   .   .   .   .   .   .   .   25  24  23  22  21  20  

      41 U
         40  
         .   

true pairs 10.0	 found pairs 10.0	 agree 6.0 (sen=60.00 spe=60.00 -- C_ap = 60.00)
----------------------------------------------------------------------
   Log odds score:        7500 
energy (kcal/mol):       -7.50 
number of pairs found:      10.00 
number of pairs annotated:  10.00 
----------------------------------------------------------------------
Allow pseudoknots? NO
----------------------------------------------------------------------
Parameters (energy  units, kcal/mol)
 P1   parameter:         -0.00 
 P2   parameter:         -0.00 
 P3   parameter:          3.00 
 P4   parameter:         -0.00 
 P5   parameter:          4.60 
 P6   parameter:          0.40 
 P10  parameter:          0.10 
----------------------------------------------------------------------


	             SS  ...............>>>...AAAAAAAA<<<.....aaaaaaaaa
	     typeC_2.6b  UCAAGUGAAACUUAACCGUUAUCAUAGAUCGGGACAAAUCUAUGAA

---------------------------------------------------
---------------------------------------------------
45 45 22 22  
tracing WX 8700 
 (W7) trace wx  19 19 1000
 (W7) trace wx  45 25 7700
---------------------------------------------------
45 25 12 12  
tracing WX 7700 
 (W2) SR SL, trace vx 44 23 6600
---------------------------------------------------
44 23 11 11  
tracing VX  6600   
 (v2) IS2 (1,1) 2300
 trace vx 43 21 4300
---------------------------------------------------
43 21 10 10  
tracing VX  4300   
 (v2) IS2 (1,1) 1800
 trace vx 42 19 2500
---------------------------------------------------
42 19 9 9  
tracing VX  2500   
 (v2) IS2 (1,1) 900
 trace vx 41 17 1600
---------------------------------------------------
41 17 8 8  
tracing VX  1600   
 (v2) IS2 (1,1) 1100
 trace vx 40 15 500
---------------------------------------------------
40 15 7 7  
tracing VX  500   
 (v2) IS2 (1,1) 1700
 trace vx 39 13 -1200
---------------------------------------------------
39 13 6 6  
tracing VX  -1200   
 (v2) IS2 (1,1) 2300
 trace vx 38 11 -3500
---------------------------------------------------
38 11 5 5  
tracing VX  -3500   
 (v2) IS2 (1,1) 900
 trace vx 37 9 -4400
---------------------------------------------------
37 9 4 4  
tracing VX  -4400   
 (v1) hairpin 9, -4400 
---------------------------------------------------
19 19 9 9  
tracing WX 1000 
 (W8.1) trace vx 7 7 -700
 (W8.1) trace vx 19 11 -200
---------------------------------------------------
19 11 5 5  
tracing VX  -200   
 (v2) IS2 (1,1) 900
 trace vx 18 9 -1100
---------------------------------------------------
18 9 4 4  
tracing VX  -1100   
 (v2) IS2 (1,1) 2100
 trace vx 17 7 -3200
---------------------------------------------------
17 7 3 3  
tracing VX  -3200   
 (v1) hairpin 7, -3200 
---------------------------------------------------
7 7 3 3  
tracing VX  -700   
 (v2) IS2 (1,1) 2300
 trace vx 6 5 -3000
---------------------------------------------------
6 5 2 2  
tracing VX  -3000   
 (v1) hairpin 5, -3000 
NAM  typeC_2.6b
SRC  typeC_2.6b - 0..45::46
SEQ  +SS
       1 U   C   A   A   G   U   G   A   A   A   C   U   U   A   A   C   C   G   U   U
         0   1   2   3   4   5   6   7   8   9   10  11  12  13  14  15  16  17  18  19  
         7   6   .   .   .   .   1   0   19  18  17  .   .   .   .   .   .   10  9   8   

      21 A   U   C   A   U   A   G   A   U   C   G   G   G   A   C   A   A   A   U   C
         20  21  22  23  24  25  26  27  28  29  30  31  32  33  34  35  36  37  38  39  
         .   44  43  42  41  40  39  38  37  .   .   .   .   .   .   .   .   28  27  26  

      41 U   A   U   G   A   A
         40  41  42  43  44  45  
         25  24  23  22  21  .   

true pairs 11.0	 found pairs 13.0	 agree 8.0 (sen=72.73 spe=61.54 -- C_ap = 66.90)
----------------------------------------------------------------------
   Log odds score:        8700 
energy (kcal/mol):       -8.70 
number of pairs found:      13.00 
number of pairs annotated:  11.00 
----------------------------------------------------------------------
Allow pseudoknots? NO
----------------------------------------------------------------------
Parameters (energy  units, kcal/mol)
 P1   parameter:         -0.00 
 P2   parameter:         -0.00 
 P3   parameter:          3.00 
 P4   parameter:         -0.00 
 P5   parameter:          4.60 
 P6   parameter:          0.40 
 P10  parameter:          0.10 
----------------------------------------------------------------------


	             SS  .........>>>..AAA.....<<<.....aaa........
	     typeC_2.2b  AAUCAAGUACCUAGGUGAUAAAAGGGAGAACACGUGUGACU

---------------------------------------------------
---------------------------------------------------
40 40 20 19  
tracing WX 2500 
 (W6) SR, trace wx 39 39 2500
---------------------------------------------------
39 39 19 19  
tracing WX 2500 
 (W6) SR, trace wx 38 38 2500
---------------------------------------------------
38 38 19 18  
tracing WX 2500 
 (W6) SR, trace wx 37 37 2500
---------------------------------------------------
37 37 18 18  
tracing WX 2500 
 (W7) trace wx  27 27 2400
 (W7) trace wx  37 9 100
---------------------------------------------------
37 9 4 4  
tracing WX 100 
 (W2) SR SL, trace vx 36 7 -900
---------------------------------------------------
36 7 3 3  
tracing VX  -900   
 (v2) IS2 (1,1) 2100
 trace vx 35 5 -3000
---------------------------------------------------
35 5 2 2  
tracing VX  -3000   
 (v1) hairpin 5, -3000 
---------------------------------------------------
27 27 13 13  
tracing WX 2400 
 (W6) SR, trace wx 26 26 2400
---------------------------------------------------
26 26 13 12  
tracing WX 2400 
 (W6) SR, trace wx 25 25 2400
---------------------------------------------------
25 25 12 12  
tracing WX 2400 
 (W6) SR, trace wx 24 24 2400
---------------------------------------------------
24 24 12 11  
tracing WX 2400 
 (W6) SR, trace wx 23 23 2400
---------------------------------------------------
23 23 11 11  
tracing WX 2400 
 (W6) SR, trace wx 22 22 2400
---------------------------------------------------
22 22 11 10  
tracing WX 2400 
 (W6) SR, trace wx 21 21 2400
---------------------------------------------------
21 21 10 10  
tracing WX 2400 
 (W6) SR, trace wx 20 20 2400
---------------------------------------------------
20 20 10 9  
tracing WX 2400 
 (W6) SR, trace wx 19 19 2400
---------------------------------------------------
19 19 9 9  
tracing WX 2400 
 (W2) SR SL, trace vx 18 17 1400
---------------------------------------------------
18 17 8 8  
tracing VX  1400   
 (v2) IS2 (1,1) 900
 trace vx 17 15 500
---------------------------------------------------
17 15 7 7  
tracing VX  500   
 (v2) IS2 (1,1) 2300
 trace vx 16 13 -1800
---------------------------------------------------
16 13 6 6  
tracing VX  -1800   
 (v2) IS2 (1,1) 1800
 trace vx 15 11 -3600
---------------------------------------------------
15 11 5 5  
tracing VX  -3600   
 (v1) hairpin 11, -3600 
NAM  typeC_2.2b
SRC  typeC_2.2b - 0..40::41
SEQ  +SS
       1 A   A   U   C   A   A   G   U   A   C   C   U   A   G   G   U   G   A   U   A
         0   1   2   3   4   5   6   7   8   9   10  11  12  13  14  15  16  17  18  19  
         .   18  17  16  15  .   .   .   .   .   .   .   .   .   .   4   3   2   1   .   

      21 A   A   A   G   G   G   A   G   A   A   C   A   C   G   U   G   U   G   A   C
         20  21  22  23  24  25  26  27  28  29  30  31  32  33  34  35  36  37  38  39  
         .   .   .   .   .   .   .   .   .   36  35  .   .   .   .   30  29  .   .   .   

      41 U
         40  
         .   

true pairs 6.0	 found pairs 6.0	 agree 0.0 (sen=0.00 spe=0.00 -- C_ap = 0.00)
----------------------------------------------------------------------
   Log odds score:        2500 
energy (kcal/mol):       -2.50 
number of pairs found:      6.00 
number of pairs annotated:  6.00 
----------------------------------------------------------------------
Allow pseudoknots? NO
----------------------------------------------------------------------
Parameters (energy  units, kcal/mol)
 P1   parameter:         -0.00 
 P2   parameter:         -0.00 
 P3   parameter:          3.00 
 P4   parameter:         -0.00 
 P5   parameter:          4.60 
 P6   parameter:          0.40 
 P10  parameter:          0.10 
----------------------------------------------------------------------
