PKNOTS: optimal minimum-energy RNA folding with pseudoknots and coaxial energies
        PKNOTS 1.06 (MAY 2008) using squid 1.5m (Sept 1997)
---------------------------------------------------
Folding sequences from:  /groups/eddy/home/rivase/src/src/pknots/versions/pknots-1.06/Demos/typeB.sqd 
---------------------------------------------------



	             SS  ...........>>>>..AAAA.<<<<....aaaa.......
	     typeB_2.1b  UCAAGAAUAUAUCCGAACUCGACGGGAUAACGAGAAGAGCU

---------------------------------------------------
---------------------------------------------------
40 40 20 19  
tracing WX 4500 
 (W5) SL, trace wx  40 39 4500
---------------------------------------------------
40 39 19 19  
tracing WX 4500 
 (W5) SL, trace wx  40 38 4500
---------------------------------------------------
40 38 19 18  
tracing WX 4500 
 (W5) SL, trace wx  40 37 4500
---------------------------------------------------
40 37 18 18  
tracing WX 4500 
 (W5) SL, trace wx  40 36 4500
---------------------------------------------------
40 36 18 17  
tracing WX 4500 
 (W5) SL, trace wx  40 35 4500
---------------------------------------------------
40 35 17 17  
tracing WX 4500 
 (W5) SL, trace wx  40 34 4500
---------------------------------------------------
40 34 17 16  
tracing WX 4500 
 (W5) SL, trace wx  40 33 4500
---------------------------------------------------
40 33 16 16  
tracing WX 4500 
 (W5) SL, trace wx  40 32 4500
---------------------------------------------------
40 32 16 15  
tracing WX 4500 
 (W6) SR, trace wx 39 31 4500
---------------------------------------------------
39 31 15 15  
tracing WX 4500 
 (W6) SR, trace wx 38 30 4500
---------------------------------------------------
38 30 15 14  
tracing WX 4500 
 (W6) SR, trace wx 37 29 4500
---------------------------------------------------
37 29 14 14  
tracing WX 4500 
 (W8.8) dangle i, trace vx 28 19 3300
 (W8.8) dangle j, trace vx 36 6 -2300
---------------------------------------------------
36 6 3 2  
tracing VX  -2300   
 (v1) hairpin 6, -2300 
---------------------------------------------------
28 19 9 9  
tracing VX  3300   
 (v2) IS2 (1,1) 1100
 trace vx 27 17 2200
---------------------------------------------------
27 17 8 8  
tracing VX  2200   
 (v2) IS2 (1,1) 900
 trace vx 26 15 1300
---------------------------------------------------
26 15 7 7  
tracing VX  1300   
 (v2) IS2 (1,1) 2300
 trace vx 25 13 -1000
---------------------------------------------------
25 13 6 6  
tracing VX  -1000   
 (v2) IS2 (1,1) 2900
 trace vx 24 11 -3900
---------------------------------------------------
24 11 5 5  
tracing VX  -3900   
 (v1) hairpin 11, -3900 
NAM  typeB_2.1b
SRC  typeB_2.1b - 0..40::41
SEQ  +SS
       1 U   C   A   A   G   A   A   U   A   U   A   U   C   C   G   A   A   C   U   C
         0   1   2   3   4   5   6   7   8   9   10  11  12  13  14  15  16  17  18  19  
         .   .   .   .   .   .   .   .   .   28  27  26  25  24  .   .   .   .   .   .   

      21 G   A   C   G   G   G   A   U   A   A   C   G   A   G   A   A   G   A   G   C
         20  21  22  23  24  25  26  27  28  29  30  31  32  33  34  35  36  37  38  39  
         .   .   .   .   13  12  11  10  9   .   36  .   .   .   .   .   30  .   .   .   

      41 U
         40  
         .   

true pairs 8.0	 found pairs 6.0	 agree 0.0 (sen=0.00 spe=0.00 -- C_ap = 0.00)
----------------------------------------------------------------------
   Log odds score:        4500 
energy (kcal/mol):       -4.50 
number of pairs found:      6.00 
number of pairs annotated:  8.00 
----------------------------------------------------------------------
Allow pseudoknots? NO
----------------------------------------------------------------------
Parameters (energy  units, kcal/mol)
 P1   parameter:         -0.00 
 P2   parameter:         -0.00 
 P3   parameter:          3.00 
 P4   parameter:         -0.00 
 P5   parameter:          4.60 
 P6   parameter:          0.40 
 P10  parameter:          0.10 
----------------------------------------------------------------------


	             SS  .............>>>>..AAAAA<<<<...aaaaa....
	     typeB_2.10  UCAAGUAAAUGAGUCCGUAGGAGGCGGGAUAUCUCCAACU

---------------------------------------------------
---------------------------------------------------
39 39 19 19  
tracing WX 8700 
 (W6) SR, trace wx 38 38 8700
---------------------------------------------------
38 38 19 18  
tracing WX 8700 
 (W6) SR, trace wx 37 37 8700
---------------------------------------------------
37 37 18 18  
tracing WX 8700 
 (W6) SR, trace wx 36 36 8700
---------------------------------------------------
36 36 18 17  
tracing WX 8700 
 (W7) trace wx  13 13 1000
 (W7) trace wx  36 22 7700
---------------------------------------------------
36 22 11 10  
tracing WX 7700 
 (W8.4) dangle i, trace vx 25 10 1700
 (W8.4) dangle j, trace vx 35 9 1100
---------------------------------------------------
35 9 4 4  
tracing VX  1100   
 (v2) IS2 (1,1) 2900
 trace vx 34 7 -1800
---------------------------------------------------
34 7 3 3  
tracing VX  -1800   
 (v2) IS2 (1,1) 2300
 trace vx 33 5 -4100
---------------------------------------------------
33 5 2 2  
tracing VX  -4100   
 (v1) hairpin 5, -4100 
---------------------------------------------------
25 10 5 4  
tracing VX  1700   
 (v2) IS2 (1,1) 2000
 trace vx 24 8 -300
---------------------------------------------------
24 8 4 3  
tracing VX  -300   
 (v2) IS2 (1,1) 2100
 trace vx 23 6 -2400
---------------------------------------------------
23 6 3 2  
tracing VX  -2400   
 (v1) hairpin 6, -2400 
---------------------------------------------------
13 13 6 6  
tracing WX 1000 
 (W6) SR, trace wx 12 12 1000
---------------------------------------------------
12 12 6 5  
tracing WX 1000 
 (W4) SR, trace vx 11 11 200
---------------------------------------------------
11 11 5 5  
tracing VX  200   
 (v2) IS2 (1,1) 2300
 trace vx 10 9 -2100
---------------------------------------------------
10 9 4 4  
tracing VX  -2100   
 (v2) IS2 (1,1) 1800
 trace vx 9 7 -3900
---------------------------------------------------
9 7 3 3  
tracing VX  -3900   
 (v1) hairpin 7, -3900 
NAM  typeB_2.10
SRC  typeB_2.10 - 0..39::40
SEQ  +SS
       1 U   C   A   A   G   U   A   A   A   U   G   A   G   U   C   C   G   U   A   G
         0   1   2   3   4   5   6   7   8   9   10  11  12  13  14  15  16  17  18  19  
         11  10  9   .   .   .   .   .   .   2   1   0   .   .   .   25  24  23  .   .   

      21 G   A   G   G   C   G   G   G   A   U   A   U   C   U   C   C   A   A   C   U
         20  21  22  23  24  25  26  27  28  29  30  31  32  33  34  35  36  37  38  39  
         .   .   .   17  16  15  35  34  33  .   .   .   .   28  27  26  .   .   .   .   

true pairs 9.0	 found pairs 9.0	 agree 2.0 (sen=22.22 spe=22.22 -- C_ap = 22.22)
----------------------------------------------------------------------
   Log odds score:        8700 
energy (kcal/mol):       -8.70 
number of pairs found:      9.00 
number of pairs annotated:  9.00 
----------------------------------------------------------------------
Allow pseudoknots? NO
----------------------------------------------------------------------
Parameters (energy  units, kcal/mol)
 P1   parameter:         -0.00 
 P2   parameter:         -0.00 
 P3   parameter:          3.00 
 P4   parameter:         -0.00 
 P5   parameter:          4.60 
 P6   parameter:          0.40 
 P10  parameter:          0.10 
----------------------------------------------------------------------


	             SS  ..............>>>>AAAAAA<<<<...aaaaaa....
	     typeB_1.9b  UCAAGAGAGUAUCAUCCGUGCCGGCGGGAUAUCGGCGAUCU

---------------------------------------------------
---------------------------------------------------
40 40 20 19  
tracing WX 8900 
 (W5) SL, trace wx  40 39 8900
---------------------------------------------------
40 39 19 19  
tracing WX 8900 
 (W5) SL, trace wx  40 38 8900
---------------------------------------------------
40 38 19 18  
tracing WX 8900 
 (W5) SL, trace wx  40 37 8900
---------------------------------------------------
40 37 18 18  
tracing WX 8900 
 (W6) SR, trace wx 39 36 8900
---------------------------------------------------
39 36 18 17  
tracing WX 8900 
 (W6) SR, trace wx 38 35 8900
---------------------------------------------------
38 35 17 17  
tracing WX 8900 
 (W6) SR, trace wx 37 34 8900
---------------------------------------------------
37 34 17 16  
tracing WX 8900 
 (W7) trace wx  16 13 1300
 (W7) trace wx  37 20 7600
---------------------------------------------------
37 20 10 9  
tracing WX 7600 
 (W2) SR SL, trace vx 36 18 6600
---------------------------------------------------
36 18 9 8  
tracing VX  6600   
 (v2) IS2 (1,1) 1200
 trace vx 35 16 5400
---------------------------------------------------
35 16 8 7  
tracing VX  5400   
 (v2) IS2 (1,1) 3400
 trace vx 34 14 2000
---------------------------------------------------
34 14 7 6  
tracing VX  2000   
 (v2) IS2 (1,1) 2900
 trace vx 33 12 -900
---------------------------------------------------
33 12 6 5  
tracing VX  -900   
 (v2) IS2 (1,1) 2000
 trace vx 32 10 -2900
---------------------------------------------------
32 10 5 4  
tracing VX  -2900   
 (v2) IS2 (1,1) 1400
 trace vx 31 8 -4300
---------------------------------------------------
31 8 4 3  
tracing VX  -4300   
 (v1) hairpin 8, -4300 
---------------------------------------------------
16 13 6 6  
tracing WX 1300 
 (W6) SR, trace wx 15 12 1300
---------------------------------------------------
15 12 6 5  
tracing WX 1300 
 (W6) SR, trace wx 14 11 1300
---------------------------------------------------
14 11 5 5  
tracing WX 1300 
 (W6) SR, trace wx 13 10 1300
---------------------------------------------------
13 10 5 4  
tracing WX 1300 
 (W2) SR SL, trace vx 12 8 -600
---------------------------------------------------
12 8 4 3  
tracing VX  -600   
 (v2) IS2 (1,1) 2300
 trace vx 11 6 -2900
---------------------------------------------------
11 6 3 2  
tracing VX  -2900   
 (v1) hairpin 6, -2900 
NAM  typeB_1.9b
SRC  typeB_1.9b - 0..40::41
SEQ  +SS
       1 U   C   A   A   G   A   G   A   G   U   A   U   C   A   U   C   C   G   U   G
         0   1   2   3   4   5   6   7   8   9   10  11  12  13  14  15  16  17  18  19  
         .   .   .   .   12  11  .   .   .   .   .   5   4   .   .   .   .   .   36  35  

      21 C   C   G   G   C   G   G   G   A   U   A   U   C   G   G   C   G   A   U   C
         20  21  22  23  24  25  26  27  28  29  30  31  32  33  34  35  36  37  38  39  
         34  33  32  31  .   .   .   .   .   .   .   23  22  21  20  19  18  .   .   .   

      41 U
         40  
         .   

true pairs 10.0	 found pairs 8.0	 agree 6.0 (sen=60.00 spe=75.00 -- C_ap = 67.08)
----------------------------------------------------------------------
   Log odds score:        8900 
energy (kcal/mol):       -8.90 
number of pairs found:      8.00 
number of pairs annotated:  10.00 
----------------------------------------------------------------------
Allow pseudoknots? NO
----------------------------------------------------------------------
Parameters (energy  units, kcal/mol)
 P1   parameter:         -0.00 
 P2   parameter:         -0.00 
 P3   parameter:          3.00 
 P4   parameter:         -0.00 
 P5   parameter:          4.60 
 P6   parameter:          0.40 
 P10  parameter:          0.10 
----------------------------------------------------------------------


	             SS  ..........>>>>.AAAA<<<<....aaaa.......
	     typeB_2.12  UCAAGAAUAAUCCGACUCGCGGGAUAACGAGAAGAGCU

---------------------------------------------------
---------------------------------------------------
37 37 18 18  
tracing WX 4900 
 (W5) SL, trace wx  37 36 4900
---------------------------------------------------
37 36 18 17  
tracing WX 4900 
 (W5) SL, trace wx  37 35 4900
---------------------------------------------------
37 35 17 17  
tracing WX 4900 
 (W5) SL, trace wx  37 34 4900
---------------------------------------------------
37 34 17 16  
tracing WX 4900 
 (W5) SL, trace wx  37 33 4900
---------------------------------------------------
37 33 16 16  
tracing WX 4900 
 (W5) SL, trace wx  37 32 4900
---------------------------------------------------
37 32 16 15  
tracing WX 4900 
 (W5) SL, trace wx  37 31 4900
---------------------------------------------------
37 31 15 15  
tracing WX 4900 
 (W5) SL, trace wx  37 30 4900
---------------------------------------------------
37 30 15 14  
tracing WX 4900 
 (W5) SL, trace wx  37 29 4900
---------------------------------------------------
37 29 14 14  
tracing WX 4900 
 (W5) SL, trace wx  37 28 4900
---------------------------------------------------
37 28 14 13  
tracing WX 4900 
 (W6) SR, trace wx 36 27 4900
---------------------------------------------------
36 27 13 13  
tracing WX 4900 
 (W6) SR, trace wx 35 26 4900
---------------------------------------------------
35 26 13 12  
tracing WX 4900 
 (W6) SR, trace wx 34 25 4900
---------------------------------------------------
34 25 12 12  
tracing WX 4900 
 (W6) SR, trace wx 33 24 4900
---------------------------------------------------
33 24 12 11  
tracing WX 4900 
 (W6) SR, trace wx 32 23 4900
---------------------------------------------------
32 23 11 11  
tracing WX 4900 
 (W6) SR, trace wx 31 22 4900
---------------------------------------------------
31 22 11 10  
tracing WX 4900 
 (W6) SR, trace wx 30 21 4900
---------------------------------------------------
30 21 10 10  
tracing WX 4900 
 (W6) SR, trace wx 29 20 4900
---------------------------------------------------
29 20 10 9  
tracing WX 4900 
 (W6) SR, trace wx 28 19 4900
---------------------------------------------------
28 19 9 9  
tracing WX 4900 
 (W6) SR, trace wx 27 18 4900
---------------------------------------------------
27 18 9 8  
tracing WX 4900 
 (W6) SR, trace wx 26 17 4900
---------------------------------------------------
26 17 8 8  
tracing WX 4900 
 (W6) SR, trace wx 25 16 4900
---------------------------------------------------
25 16 8 7  
tracing WX 4900 
 (W6) SR, trace wx 24 15 4900
---------------------------------------------------
24 15 7 7  
tracing WX 4900 
 (W6) SR, trace wx 23 14 4900
---------------------------------------------------
23 14 7 6  
tracing WX 4900 
 (W2) SR SL, trace vx 22 12 3900
---------------------------------------------------
22 12 6 5  
tracing VX  3900   
 (v2) IS2 (1,1) 1400
 trace vx 21 10 2500
---------------------------------------------------
21 10 5 4  
tracing VX  2500   
 (v2) IS2 (1,1) 2900
 trace vx 20 8 -400
---------------------------------------------------
20 8 4 3  
tracing VX  -400   
 (v2) IS2 (1,1) 2000
 trace vx 19 6 -2400
---------------------------------------------------
19 6 3 2  
tracing VX  -2400   
 (v1) hairpin 6, -2400 
NAM  typeB_2.12
SRC  typeB_2.12 - 0..37::38
SEQ  +SS
       1 U   C   A   A   G   A   A   U   A   A   U   C   C   G   A   C   U   C   G   C
         0   1   2   3   4   5   6   7   8   9   10  11  12  13  14  15  16  17  18  19  
         .   .   .   .   .   .   .   .   .   .   22  21  20  19  .   .   .   .   .   13  

      21 G   G   G   A   U   A   A   C   G   A   G   A   A   G   A   G   C   U
         20  21  22  23  24  25  26  27  28  29  30  31  32  33  34  35  36  37  
         12  11  10  .   .   .   .   .   .   .   .   .   .   .   .   .   .   .   

true pairs 8.0	 found pairs 4.0	 agree 4.0 (sen=50.00 spe=100.00 -- C_ap = 70.71)
----------------------------------------------------------------------
   Log odds score:        4900 
energy (kcal/mol):       -4.90 
number of pairs found:      4.00 
number of pairs annotated:  8.00 
----------------------------------------------------------------------
Allow pseudoknots? NO
----------------------------------------------------------------------
Parameters (energy  units, kcal/mol)
 P1   parameter:         -0.00 
 P2   parameter:         -0.00 
 P3   parameter:          3.00 
 P4   parameter:         -0.00 
 P5   parameter:          4.60 
 P6   parameter:          0.40 
 P10  parameter:          0.10 
----------------------------------------------------------------------


	             SS  ...........>>>..AAAA.<<<.....aaaaa.......
	      typeB_1.8  UCAAGGAUUAACCGACGCCAACGGGAGAAUGGCAGGGAUCU

---------------------------------------------------
---------------------------------------------------
40 40 20 19  
tracing WX 7200 
 (W5) SL, trace wx  40 39 7200
---------------------------------------------------
40 39 19 19  
tracing WX 7200 
 (W5) SL, trace wx  40 38 7200
---------------------------------------------------
40 38 19 18  
tracing WX 7200 
 (W5) SL, trace wx  40 37 7200
---------------------------------------------------
40 37 18 18  
tracing WX 7200 
 (W6) SR, trace wx 39 36 7200
---------------------------------------------------
39 36 18 17  
tracing WX 7200 
 (W6) SR, trace wx 38 35 7200
---------------------------------------------------
38 35 17 17  
tracing WX 7200 
 (W6) SR, trace wx 37 34 7200
---------------------------------------------------
37 34 17 16  
tracing WX 7200 
 (W6) SR, trace wx 36 33 7200
---------------------------------------------------
36 33 16 16  
tracing WX 7200 
 (W6) SR, trace wx 35 32 7200
---------------------------------------------------
35 32 16 15  
tracing WX 7200 
 (W6) SR, trace wx 34 31 7200
---------------------------------------------------
34 31 15 15  
tracing WX 7200 
 (W6) SR, trace wx 33 30 7200
---------------------------------------------------
33 30 15 14  
tracing WX 7200 
 (W7) trace wx  14 11 1500
 (W7) trace wx  33 18 5700
---------------------------------------------------
33 18 9 8  
tracing WX 5700 
 (W2) SR SL, trace vx 32 16 3700
---------------------------------------------------
32 16 8 7  
tracing VX  3700   
 (v2) IS2 (1,1) 3400
 trace vx 31 14 300
---------------------------------------------------
31 14 7 6  
tracing VX  300   
 (v2) IS2 (1,1) 2900
 trace vx 30 12 -2600
---------------------------------------------------
30 12 6 5  
tracing VX  -2600   
 (v2) IS2 (1,1) 1800
 trace vx 29 10 -4400
---------------------------------------------------
29 10 5 4  
tracing VX  -4400   
 (v1) hairpin 10, -4400 
---------------------------------------------------
14 11 5 5  
tracing WX 1500 
 (W6) SR, trace wx 13 10 1500
---------------------------------------------------
13 10 5 4  
tracing WX 1500 
 (W2) SR SL, trace vx 12 8 -400
---------------------------------------------------
12 8 4 3  
tracing VX  -400   
 (v2) IS2 (1,1) 2900
 trace vx 11 6 -3300
---------------------------------------------------
11 6 3 2  
tracing VX  -3300   
 (v1) hairpin 6, -3300 
NAM  typeB_1.8
SRC  typeB_1.8 - 0..40::41
SEQ  +SS
       1 U   C   A   A   G   G   A   U   U   A   A   C   C   G   A   C   G   C   C   A
         0   1   2   3   4   5   6   7   8   9   10  11  12  13  14  15  16  17  18  19  
         .   .   .   .   12  11  .   .   .   .   .   5   4   .   .   .   32  31  30  29  

      21 A   C   G   G   G   A   G   A   A   U   G   G   C   A   G   G   G   A   U   C
         20  21  22  23  24  25  26  27  28  29  30  31  32  33  34  35  36  37  38  39  
         .   .   .   .   .   .   .   .   .   19  18  17  16  .   .   .   .   .   .   .   

      41 U
         40  
         .   

true pairs 7.0	 found pairs 6.0	 agree 4.0 (sen=57.14 spe=66.67 -- C_ap = 61.72)
----------------------------------------------------------------------
   Log odds score:        7200 
energy (kcal/mol):       -7.20 
number of pairs found:      6.00 
number of pairs annotated:  7.00 
----------------------------------------------------------------------
Allow pseudoknots? NO
----------------------------------------------------------------------
Parameters (energy  units, kcal/mol)
 P1   parameter:         -0.00 
 P2   parameter:         -0.00 
 P3   parameter:          3.00 
 P4   parameter:         -0.00 
 P5   parameter:          4.60 
 P6   parameter:          0.40 
 P10  parameter:          0.10 
----------------------------------------------------------------------


	             SS  ...............>>>..AAAA.<<<.....aaaa....
	      typeB_1.6  UCAAGAAGAAGAUUACCCAAGCGCAGGGGAGAAGCGCAUCU

---------------------------------------------------
---------------------------------------------------
40 40 20 19  
tracing WX 7000 
 (W6) SR, trace wx 39 39 7000
---------------------------------------------------
39 39 19 19  
tracing WX 7000 
 (W6) SR, trace wx 38 38 7000
---------------------------------------------------
38 38 19 18  
tracing WX 7000 
 (W6) SR, trace wx 37 37 7000
---------------------------------------------------
37 37 18 18  
tracing WX 7000 
 (W7) trace wx  18 18 100
 (W7) trace wx  37 18 6900
---------------------------------------------------
37 18 9 8  
tracing WX 6900 
 (W2) SR SL, trace vx 36 16 5000
---------------------------------------------------
36 16 8 7  
tracing VX  5000   
 (v2) IS2 (1,1) 3400
 trace vx 35 14 1600
---------------------------------------------------
35 14 7 6  
tracing VX  1600   
 (v2) IS2 (1,1) 2000
 trace vx 34 12 -400
---------------------------------------------------
34 12 6 5  
tracing VX  -400   
 (v2) IS2 (1,1) 3400
 trace vx 33 10 -3800
---------------------------------------------------
33 10 5 4  
tracing VX  -3800   
 (v1) hairpin 10, -3800 
---------------------------------------------------
18 18 9 8  
tracing WX 100 
 (W6) SR, trace wx 17 17 100
---------------------------------------------------
17 17 8 8  
tracing WX 100 
 (W6) SR, trace wx 16 16 100
---------------------------------------------------
16 16 8 7  
tracing WX 100 
 (W6) SR, trace wx 15 15 100
---------------------------------------------------
15 15 7 7  
tracing WX 100 
 (W6) SR, trace wx 14 14 100
---------------------------------------------------
14 14 7 6  
tracing WX 100 
 (W6) SR, trace wx 13 13 100
---------------------------------------------------
13 13 6 6  
tracing WX 100 
 (W6) SR, trace wx 12 12 100
---------------------------------------------------
12 12 6 5  
tracing WX 100 
 (W6) SR, trace wx 11 11 100
---------------------------------------------------
11 11 5 5  
tracing WX 100 
 (W6) SR, trace wx 10 10 100
---------------------------------------------------
10 10 5 4  
tracing WX 100 
 (W6) SR, trace wx 9 9 100
---------------------------------------------------
9 9 4 4  
tracing WX 100 
 (W4) SR, trace vx 8 8 -700
---------------------------------------------------
8 8 4 3  
tracing VX  -700   
 (v2) IS2 (1,1) 2300
 trace vx 7 6 -3000
---------------------------------------------------
7 6 3 2  
tracing VX  -3000   
 (v1) hairpin 6, -3000 
NAM  typeB_1.6
SRC  typeB_1.6 - 0..40::41
SEQ  +SS
       1 U   C   A   A   G   A   A   G   A   A   G   A   U   U   A   C   C   C   A   A
         0   1   2   3   4   5   6   7   8   9   10  11  12  13  14  15  16  17  18  19  
         8   7   .   .   .   .   .   1   0   .   .   .   .   .   .   .   .   .   .   .   

      21 G   C   G   C   A   G   G   G   G   A   G   A   A   G   C   G   C   A   U   C
         20  21  22  23  24  25  26  27  28  29  30  31  32  33  34  35  36  37  38  39  
         36  35  34  33  .   .   .   .   .   .   .   .   .   23  22  21  20  .   .   .   

      41 U
         40  
         .   

true pairs 7.0	 found pairs 6.0	 agree 4.0 (sen=57.14 spe=66.67 -- C_ap = 61.72)
----------------------------------------------------------------------
   Log odds score:        7000 
energy (kcal/mol):       -7.00 
number of pairs found:      6.00 
number of pairs annotated:  7.00 
----------------------------------------------------------------------
Allow pseudoknots? NO
----------------------------------------------------------------------
Parameters (energy  units, kcal/mol)
 P1   parameter:         -0.00 
 P2   parameter:         -0.00 
 P3   parameter:          3.00 
 P4   parameter:         -0.00 
 P5   parameter:          4.60 
 P6   parameter:          0.40 
 P10  parameter:          0.10 
----------------------------------------------------------------------
