PKNOTS: optimal minimum-energy RNA folding with pseudoknots and coaxial energies
        PKNOTS 1.06 (MAY 2008) using squid 1.5m (Sept 1997)
---------------------------------------------------
Folding sequences from:  /groups/eddy/home/rivase/src/src/pknots/versions/pknots-1.06/Demos/wyatt.sqd 
---------------------------------------------------



	             SS  >>>....AAAAA<<<......aaaaa
	          wyatt  GCGAUUUCUGACCGCUUUUUUGUCAG

---------------------------------------------------
---------------------------------------------------
25 25 12 12  
tracing WX 3600 
 (W5) SL, trace wx  25 24 3600
---------------------------------------------------
25 24 12 11  
tracing WX 3600 
 (W5) SL, trace wx  25 23 3600
---------------------------------------------------
25 23 11 11  
tracing WX 3600 
 (W5) SL, trace wx  25 22 3600
---------------------------------------------------
25 22 11 10  
tracing WX 3600 
 (W5) SL, trace wx  25 21 3600
---------------------------------------------------
25 21 10 10  
tracing WX 3600 
 (W5) SL, trace wx  25 20 3600
---------------------------------------------------
25 20 10 9  
tracing WX 3600 
 (W5) SL, trace wx  25 19 3600
---------------------------------------------------
25 19 9 9  
tracing WX 3600 
 (W3) SL, trace vx  25 18 3500
---------------------------------------------------
25 18 9 8  
tracing VX  3500   
 (v2) IS2 (1,1) 1700
 trace vx 24 16 1800
---------------------------------------------------
24 16 8 7  
tracing VX  1800   
 (v2) IS2 (1,1) 1800
 trace vx 23 14 0
---------------------------------------------------
23 14 7 6  
tracing VX  0   
 (v2) IS2 (1,1) 2300
 trace vx 22 12 -2300
---------------------------------------------------
22 12 6 5  
tracing VX  -2300   
 (v2) IS2 (1,1) 2100
 trace vx 21 10 -4400
---------------------------------------------------
21 10 5 4  
tracing VX  -4400   
 (v1) hairpin 10, -4400 
NAM  wyatt
DES  PK5
SEQ  +SS
       1 G   C   G   A   U   U   U   C   U   G   A   C   C   G   C   U   U   U   U   U
         0   1   2   3   4   5   6   7   8   9   10  11  12  13  14  15  16  17  18  19  
         .   .   .   .   .   .   .   25  24  23  22  21  .   .   .   .   .   .   .   .   

      21 U   G   U   C   A   G
         20  21  22  23  24  25  
         .   11  10  9   8   7   

true pairs 8.0	 found pairs 5.0	 agree 5.0 (sen=62.50 spe=100.00 -- C_ap = 79.06)
----------------------------------------------------------------------
   Log odds score:        3600 
energy (kcal/mol):       -3.60 
number of pairs found:      5.00 
number of pairs annotated:  8.00 
----------------------------------------------------------------------
Allow pseudoknots? NO
----------------------------------------------------------------------
Parameters (energy  units, kcal/mol)
 P1   parameter:         -0.00 
 P2   parameter:         -0.00 
 P3   parameter:          3.00 
 P4   parameter:         -0.00 
 P5   parameter:          4.60 
 P6   parameter:          0.40 
 P10  parameter:          0.10 
----------------------------------------------------------------------


	             SS  >>>.........<<<.
	          wyatt  GCGAUUUCUGACCGCC

---------------------------------------------------
---------------------------------------------------
15 15 7 7  
tracing WX 2300 
 (W4) SR, trace vx 14 14 1500
---------------------------------------------------
14 14 7 6  
tracing VX  1500   
 (v2) IS2 (1,1) 3400
 trace vx 13 12 -1900
---------------------------------------------------
13 12 6 5  
tracing VX  -1900   
 (v2) IS2 (1,1) 2000
 trace vx 12 10 -3900
---------------------------------------------------
12 10 5 4  
tracing VX  -3900   
 (v1) hairpin 10, -3900 
NAM  wyatt
DES  PK5a
SEQ  +SS
       1 G   C   G   A   U   U   U   C   U   G   A   C   C   G   C   C
         0   1   2   3   4   5   6   7   8   9   10  11  12  13  14  15  
         14  13  12  .   .   .   .   .   .   .   .   .   2   1   0   .   

true pairs 3.0	 found pairs 3.0	 agree 3.0 (sen=100.00 spe=100.00 -- C_ap = 100.00)
----------------------------------------------------------------------
   Log odds score:        2300 
energy (kcal/mol):       -2.30 
number of pairs found:      3.00 
number of pairs annotated:  3.00 
----------------------------------------------------------------------
Allow pseudoknots? NO
----------------------------------------------------------------------
Parameters (energy  units, kcal/mol)
 P1   parameter:         -0.00 
 P2   parameter:         -0.00 
 P3   parameter:          3.00 
 P4   parameter:         -0.00 
 P5   parameter:          4.60 
 P6   parameter:          0.40 
 P10  parameter:          0.10 
----------------------------------------------------------------------


	             SS  .>>>>>.........<<<<<
	          wyatt  GCUGACCGCUUUUUUGUCAG

---------------------------------------------------
---------------------------------------------------
19 19 9 9  
tracing WX 3700 
 (W3) SL, trace vx  19 18 3500
---------------------------------------------------
19 18 9 8  
tracing VX  3500   
 (v2) IS2 (1,1) 1700
 trace vx 18 16 1800
---------------------------------------------------
18 16 8 7  
tracing VX  1800   
 (v2) IS2 (1,1) 1800
 trace vx 17 14 0
---------------------------------------------------
17 14 7 6  
tracing VX  0   
 (v2) IS2 (1,1) 2300
 trace vx 16 12 -2300
---------------------------------------------------
16 12 6 5  
tracing VX  -2300   
 (v2) IS2 (1,1) 2100
 trace vx 15 10 -4400
---------------------------------------------------
15 10 5 4  
tracing VX  -4400   
 (v1) hairpin 10, -4400 
NAM  wyatt
DES  PK5b
SEQ  +SS
       1 G   C   U   G   A   C   C   G   C   U   U   U   U   U   U   G   U   C   A   G
         0   1   2   3   4   5   6   7   8   9   10  11  12  13  14  15  16  17  18  19  
         .   19  18  17  16  15  .   .   .   .   .   .   .   .   .   5   4   3   2   1   

true pairs 5.0	 found pairs 5.0	 agree 5.0 (sen=100.00 spe=100.00 -- C_ap = 100.00)
----------------------------------------------------------------------
   Log odds score:        3700 
energy (kcal/mol):       -3.70 
number of pairs found:      5.00 
number of pairs annotated:  5.00 
----------------------------------------------------------------------
Allow pseudoknots? NO
----------------------------------------------------------------------
Parameters (energy  units, kcal/mol)
 P1   parameter:         -0.00 
 P2   parameter:         -0.00 
 P3   parameter:          3.00 
 P4   parameter:         -0.00 
 P5   parameter:          4.60 
 P6   parameter:          0.40 
 P10  parameter:          0.10 
----------------------------------------------------------------------


	             SS  >>>...AAAAA<<<....aaaaa
	          wyatt  GCGUUUCUGACCGCUUUUGUCAG

---------------------------------------------------
---------------------------------------------------
22 22 11 10  
tracing WX 3800 
 (W5) SL, trace wx  22 21 3800
---------------------------------------------------
22 21 10 10  
tracing WX 3800 
 (W5) SL, trace wx  22 20 3800
---------------------------------------------------
22 20 10 9  
tracing WX 3800 
 (W5) SL, trace wx  22 19 3800
---------------------------------------------------
22 19 9 9  
tracing WX 3800 
 (W5) SL, trace wx  22 18 3800
---------------------------------------------------
22 18 9 8  
tracing WX 3800 
 (W5) SL, trace wx  22 17 3800
---------------------------------------------------
22 17 8 8  
tracing WX 3800 
 (W3) SL, trace vx  22 16 3700
---------------------------------------------------
22 16 8 7  
tracing VX  3700   
 (v2) IS2 (1,1) 1700
 trace vx 21 14 2000
---------------------------------------------------
21 14 7 6  
tracing VX  2000   
 (v2) IS2 (1,1) 1800
 trace vx 20 12 200
---------------------------------------------------
20 12 6 5  
tracing VX  200   
 (v2) IS2 (1,1) 2300
 trace vx 19 10 -2100
---------------------------------------------------
19 10 5 4  
tracing VX  -2100   
 (v2) IS2 (1,1) 2100
 trace vx 18 8 -4200
---------------------------------------------------
18 8 4 3  
tracing VX  -4200   
 (v1) hairpin 8, -4200 
NAM  wyatt
DES  PK17
SEQ  +SS
       1 G   C   G   U   U   U   C   U   G   A   C   C   G   C   U   U   U   U   G   U
         0   1   2   3   4   5   6   7   8   9   10  11  12  13  14  15  16  17  18  19  
         .   .   .   .   .   .   22  21  20  19  18  .   .   .   .   .   .   .   10  9   

      21 C   A   G
         20  21  22  
         8   7   6   

true pairs 8.0	 found pairs 5.0	 agree 5.0 (sen=62.50 spe=100.00 -- C_ap = 79.06)
----------------------------------------------------------------------
   Log odds score:        3800 
energy (kcal/mol):       -3.80 
number of pairs found:      5.00 
number of pairs annotated:  8.00 
----------------------------------------------------------------------
Allow pseudoknots? NO
----------------------------------------------------------------------
Parameters (energy  units, kcal/mol)
 P1   parameter:         -0.00 
 P2   parameter:         -0.00 
 P3   parameter:          3.00 
 P4   parameter:         -0.00 
 P5   parameter:          4.60 
 P6   parameter:          0.40 
 P10  parameter:          0.10 
----------------------------------------------------------------------


	             SS  >>>........<<<.
	          wyatt  GCGUUUCUGACCGCC

---------------------------------------------------
---------------------------------------------------
14 14 7 6  
tracing WX 1900 
 (W4) SR, trace vx 13 13 1100
---------------------------------------------------
13 13 6 6  
tracing VX  1100   
 (v2) IS2 (1,1) 3400
 trace vx 12 11 -2300
---------------------------------------------------
12 11 5 5  
tracing VX  -2300   
 (v2) IS2 (1,1) 2000
 trace vx 11 9 -4300
---------------------------------------------------
11 9 4 4  
tracing VX  -4300   
 (v1) hairpin 9, -4300 
NAM  wyatt
DES  PK17a
SEQ  +SS
       1 G   C   G   U   U   U   C   U   G   A   C   C   G   C   C
         0   1   2   3   4   5   6   7   8   9   10  11  12  13  14  
         13  12  11  .   .   .   .   .   .   .   .   2   1   0   .   

true pairs 3.0	 found pairs 3.0	 agree 3.0 (sen=100.00 spe=100.00 -- C_ap = 100.00)
----------------------------------------------------------------------
   Log odds score:        1900 
energy (kcal/mol):       -1.90 
number of pairs found:      3.00 
number of pairs annotated:  3.00 
----------------------------------------------------------------------
Allow pseudoknots? NO
----------------------------------------------------------------------
Parameters (energy  units, kcal/mol)
 P1   parameter:         -0.00 
 P2   parameter:         -0.00 
 P3   parameter:          3.00 
 P4   parameter:         -0.00 
 P5   parameter:          4.60 
 P6   parameter:          0.40 
 P10  parameter:          0.10 
----------------------------------------------------------------------


	             SS  .>>>>>.......<<<<<
	          wyatt  GCUGACCGCUUUUGUCAG

---------------------------------------------------
---------------------------------------------------
17 17 8 8  
tracing WX 3900 
 (W3) SL, trace vx  17 16 3700
---------------------------------------------------
17 16 8 7  
tracing VX  3700   
 (v2) IS2 (1,1) 1700
 trace vx 16 14 2000
---------------------------------------------------
16 14 7 6  
tracing VX  2000   
 (v2) IS2 (1,1) 1800
 trace vx 15 12 200
---------------------------------------------------
15 12 6 5  
tracing VX  200   
 (v2) IS2 (1,1) 2300
 trace vx 14 10 -2100
---------------------------------------------------
14 10 5 4  
tracing VX  -2100   
 (v2) IS2 (1,1) 2100
 trace vx 13 8 -4200
---------------------------------------------------
13 8 4 3  
tracing VX  -4200   
 (v1) hairpin 8, -4200 
NAM  wyatt
DES  PK17b
SEQ  +SS
       1 G   C   U   G   A   C   C   G   C   U   U   U   U   G   U   C   A   G
         0   1   2   3   4   5   6   7   8   9   10  11  12  13  14  15  16  17  
         .   17  16  15  14  13  .   .   .   .   .   .   .   5   4   3   2   1   

true pairs 5.0	 found pairs 5.0	 agree 5.0 (sen=100.00 spe=100.00 -- C_ap = 100.00)
----------------------------------------------------------------------
   Log odds score:        3900 
energy (kcal/mol):       -3.90 
number of pairs found:      5.00 
number of pairs annotated:  5.00 
----------------------------------------------------------------------
Allow pseudoknots? NO
----------------------------------------------------------------------
Parameters (energy  units, kcal/mol)
 P1   parameter:         -0.00 
 P2   parameter:         -0.00 
 P3   parameter:          3.00 
 P4   parameter:         -0.00 
 P5   parameter:          4.60 
 P6   parameter:          0.40 
 P10  parameter:          0.10 
----------------------------------------------------------------------
