PKNOTS: optimal minimum-energy RNA folding with pseudoknots and coaxial energies
        PKNOTS 1.06 (MAY 2008) using squid 1.5m (Sept 1997)
---------------------------------------------------
Folding sequences from:  /groups/eddy/home/rivase/src/src/pknots/versions/pknots-1.06/Demos/wyatt.sqd 
---------------------------------------------------



	             SS  >>>....AAAAA<<<......aaaaa
	          wyatt  GCGAUUUCUGACCGCUUUUUUGUCAG

---------------------------------------------------
25 25 12 12  
tracing WX 6106 
 (W10.1) trace yhx 18 18 2 6 4595
 (W10.1) trace yhx 25 21 7 4 5957
---------------------------------------------------
25 21 7 4  
tracing YHX 5957 
 (YH5) SLE, trace yhx 25 20 6 4 6157 
---------------------------------------------------
25 20 6 4  
tracing YHX 6157 
 (YH5) SLE, trace yhx 25 19 5 4 6357 
---------------------------------------------------
25 19 5 4  
tracing YHX 6357 
 (YH3) SLE, trace vhx 25 18 4 4 6557 
---------------------------------------------------
25 18 4 4  
tracing VHX  6557 
 (vh2) trace vhx 25 18 1 1 1411 
 (vh2) trace vhx 24 16 3 3 5146 
---------------------------------------------------
24 16 3 3  
tracing VHX  5146 
 (vh2) trace vhx 24 16 1 1 1494 
 (vh2) trace vhx 23 14 2 2 3652 
---------------------------------------------------
23 14 2 2  
tracing VHX  3652 
 (vh2) trace vhx 23 14 1 1 1909 
 (vh2) trace vhx 22 12 1 1 1743 
---------------------------------------------------
22 12 1 1  
tracing VHX  1743 
 (vh1) IS2 (1,1) 22 12 1743 
---------------------------------------------------
23 14 1 1  
tracing VHX  1909 
 (vh1) IS2 (1,1) 23 14 1909 
---------------------------------------------------
24 16 1 1  
tracing VHX  1494 
 (vh1) IS2 (1,1) 24 16 1494 
---------------------------------------------------
25 18 1 1  
tracing VHX  1411 
 (vh1) IS2 (1,1) 25 18 1411 
---------------------------------------------------
18 18 2 6  
tracing YHX 4595 
 (YH6) SRE, trace yhx 17 17 2 5 4795 
---------------------------------------------------
17 17 2 5  
tracing YHX 4795 
 (YH6) SRE, trace yhx 16 16 2 4 4995 
---------------------------------------------------
16 16 2 4  
tracing YHX 4995 
 (YH6) SRE, trace yhx 15 15 2 3 5195 
---------------------------------------------------
15 15 2 3  
tracing YHX 5195 
 (YH4) SRE, trace vhx 14 14 2 2 4482 
---------------------------------------------------
14 14 2 2  
tracing VHX  4482 
 (vh2) trace vhx 14 14 1 1 2822 
 (vh2) trace vhx 13 12 1 1 1660 
---------------------------------------------------
13 12 1 1  
tracing VHX  1660 
 (vh1) IS2 (1,1) 13 12 1660 
---------------------------------------------------
14 14 1 1  
tracing VHX  2822 
 (vh1) IS2 (1,1) 14 14 2822 
NAM  wyatt
DES  PK5
SEQ  +SS
       1 G   C   G   A   U   U   U   C   U   G   A   C   C   G   C   U   U   U   U   U
         0   1   2   3   4   5   6   7   8   9   10  11  12  13  14  15  16  17  18  19  
         14  13  12  .   .   .   .   25  24  23  22  21  2   1   0   .   .   .   .   .   

      21 U   G   U   C   A   G
         20  21  22  23  24  25  
         .   11  10  9   8   7   

true pairs 8.0	 found pairs 8.0	 agree 8.0 (sen=100.00 spe=100.00 -- C_ap = 100.00)
----------------------------------------------------------------------
   Log odds score:        6106 
energy (kcal/mol):       -6.11 
number of pairs found:      8.00 
number of pairs annotated:  8.00 
----------------------------------------------------------------------
Allow pseudoknots? YES
----------------------------------------------------------------------
Parameters (energy units, kcal/mol)
 wkn  parameter:          0.83 (pseudoknots weight)
 P1   parameter:         -0.00 
 P2   parameter:         -0.00 
 P3   parameter:          3.00 
 P4   parameter:         -0.00 
 P5   parameter:          4.60 
 P5P  parameter:          8.43 
 P6   parameter:          0.40 
 P6P  parameter:          0.24 
 P10  parameter:          0.10 
 P10P parameter:          0.10 
 P11  parameter:          7.00 
 P12  parameter:          6.00 
 P13  parameter:         16.00 
 full pseudoknot model.
----------------------------------------------------------------------


	             SS  >>>.........<<<.
	          wyatt  GCGAUUUCUGACCGCC

---------------------------------------------------
15 15 7 7  
tracing WX 2300 
 (W4) SR, trace vx 14 14 1500
---------------------------------------------------
14 14 7 6  
tracing VX  1500   
 (v2) IS2 (1,1) 3400
 trace vx 13 12 -1900
---------------------------------------------------
13 12 6 5  
tracing VX  -1900   
 (v2) IS2 (1,1) 2000
 trace vx 12 10 -3900
---------------------------------------------------
12 10 5 4  
tracing VX  -3900   
 (v1) hairpin 10, -3900 
NAM  wyatt
DES  PK5a
SEQ  +SS
       1 G   C   G   A   U   U   U   C   U   G   A   C   C   G   C   C
         0   1   2   3   4   5   6   7   8   9   10  11  12  13  14  15  
         14  13  12  .   .   .   .   .   .   .   .   .   2   1   0   .   

true pairs 3.0	 found pairs 3.0	 agree 3.0 (sen=100.00 spe=100.00 -- C_ap = 100.00)
----------------------------------------------------------------------
   Log odds score:        2300 
energy (kcal/mol):       -2.30 
number of pairs found:      3.00 
number of pairs annotated:  3.00 
----------------------------------------------------------------------
Allow pseudoknots? YES
----------------------------------------------------------------------
Parameters (energy units, kcal/mol)
 wkn  parameter:          0.83 (pseudoknots weight)
 P1   parameter:         -0.00 
 P2   parameter:         -0.00 
 P3   parameter:          3.00 
 P4   parameter:         -0.00 
 P5   parameter:          4.60 
 P5P  parameter:          8.43 
 P6   parameter:          0.40 
 P6P  parameter:          0.24 
 P10  parameter:          0.10 
 P10P parameter:          0.10 
 P11  parameter:          7.00 
 P12  parameter:          6.00 
 P13  parameter:         16.00 
 full pseudoknot model.
----------------------------------------------------------------------


	             SS  .>>>>>.........<<<<<
	          wyatt  GCUGACCGCUUUUUUGUCAG

---------------------------------------------------
19 19 9 9  
tracing WX 3700 
 (W3) SL, trace vx  19 18 3500
---------------------------------------------------
19 18 9 8  
tracing VX  3500   
 (v2) IS2 (1,1) 1700
 trace vx 18 16 1800
---------------------------------------------------
18 16 8 7  
tracing VX  1800   
 (v2) IS2 (1,1) 1800
 trace vx 17 14 0
---------------------------------------------------
17 14 7 6  
tracing VX  0   
 (v2) IS2 (1,1) 2300
 trace vx 16 12 -2300
---------------------------------------------------
16 12 6 5  
tracing VX  -2300   
 (v2) IS2 (1,1) 2100
 trace vx 15 10 -4400
---------------------------------------------------
15 10 5 4  
tracing VX  -4400   
 (v1) hairpin 10, -4400 
NAM  wyatt
DES  PK5b
SEQ  +SS
       1 G   C   U   G   A   C   C   G   C   U   U   U   U   U   U   G   U   C   A   G
         0   1   2   3   4   5   6   7   8   9   10  11  12  13  14  15  16  17  18  19  
         .   19  18  17  16  15  .   .   .   .   .   .   .   .   .   5   4   3   2   1   

true pairs 5.0	 found pairs 5.0	 agree 5.0 (sen=100.00 spe=100.00 -- C_ap = 100.00)
----------------------------------------------------------------------
   Log odds score:        3700 
energy (kcal/mol):       -3.70 
number of pairs found:      5.00 
number of pairs annotated:  5.00 
----------------------------------------------------------------------
Allow pseudoknots? YES
----------------------------------------------------------------------
Parameters (energy units, kcal/mol)
 wkn  parameter:          0.83 (pseudoknots weight)
 P1   parameter:         -0.00 
 P2   parameter:         -0.00 
 P3   parameter:          3.00 
 P4   parameter:         -0.00 
 P5   parameter:          4.60 
 P5P  parameter:          8.43 
 P6   parameter:          0.40 
 P6P  parameter:          0.24 
 P10  parameter:          0.10 
 P10P parameter:          0.10 
 P11  parameter:          7.00 
 P12  parameter:          6.00 
 P13  parameter:         16.00 
 full pseudoknot model.
----------------------------------------------------------------------


	             SS  >>>...AAAAA<<<....aaaaa
	          wyatt  GCGUUUCUGACCGCUUUUGUCAG

---------------------------------------------------
22 22 11 10  
tracing WX 6291 
 (W10.1) trace yhx 15 15 2 4 4995
 (W10.1) trace yhx 22 18 6 4 6157
---------------------------------------------------
22 18 6 4  
tracing YHX 6157 
 (YH5) SLE, trace yhx 22 17 5 4 6357 
---------------------------------------------------
22 17 5 4  
tracing YHX 6357 
 (YH3) SLE, trace vhx 22 16 4 4 6557 
---------------------------------------------------
22 16 4 4  
tracing VHX  6557 
 (vh2) trace vhx 22 16 1 1 1411 
 (vh2) trace vhx 21 14 3 3 5146 
---------------------------------------------------
21 14 3 3  
tracing VHX  5146 
 (vh2) trace vhx 21 14 1 1 1494 
 (vh2) trace vhx 20 12 2 2 3652 
---------------------------------------------------
20 12 2 2  
tracing VHX  3652 
 (vh2) trace vhx 20 12 1 1 1909 
 (vh2) trace vhx 19 10 1 1 1743 
---------------------------------------------------
19 10 1 1  
tracing VHX  1743 
 (vh1) IS2 (1,1) 19 10 1743 
---------------------------------------------------
20 12 1 1  
tracing VHX  1909 
 (vh1) IS2 (1,1) 20 12 1909 
---------------------------------------------------
21 14 1 1  
tracing VHX  1494 
 (vh1) IS2 (1,1) 21 14 1494 
---------------------------------------------------
22 16 1 1  
tracing VHX  1411 
 (vh1) IS2 (1,1) 22 16 1411 
---------------------------------------------------
15 15 2 4  
tracing YHX 4995 
 (YH6) SRE, trace yhx 14 14 2 3 5195 
---------------------------------------------------
14 14 2 3  
tracing YHX 5195 
 (YH4) SRE, trace vhx 13 13 2 2 4482 
---------------------------------------------------
13 13 2 2  
tracing VHX  4482 
 (vh2) trace vhx 13 13 1 1 2822 
 (vh2) trace vhx 12 11 1 1 1660 
---------------------------------------------------
12 11 1 1  
tracing VHX  1660 
 (vh1) IS2 (1,1) 12 11 1660 
---------------------------------------------------
13 13 1 1  
tracing VHX  2822 
 (vh1) IS2 (1,1) 13 13 2822 
NAM  wyatt
DES  PK17
SEQ  +SS
       1 G   C   G   U   U   U   C   U   G   A   C   C   G   C   U   U   U   U   G   U
         0   1   2   3   4   5   6   7   8   9   10  11  12  13  14  15  16  17  18  19  
         13  12  11  .   .   .   22  21  20  19  18  2   1   0   .   .   .   .   10  9   

      21 C   A   G
         20  21  22  
         8   7   6   

true pairs 8.0	 found pairs 8.0	 agree 8.0 (sen=100.00 spe=100.00 -- C_ap = 100.00)
----------------------------------------------------------------------
   Log odds score:        6291 
energy (kcal/mol):       -6.29 
number of pairs found:      8.00 
number of pairs annotated:  8.00 
----------------------------------------------------------------------
Allow pseudoknots? YES
----------------------------------------------------------------------
Parameters (energy units, kcal/mol)
 wkn  parameter:          0.83 (pseudoknots weight)
 P1   parameter:         -0.00 
 P2   parameter:         -0.00 
 P3   parameter:          3.00 
 P4   parameter:         -0.00 
 P5   parameter:          4.60 
 P5P  parameter:          8.43 
 P6   parameter:          0.40 
 P6P  parameter:          0.24 
 P10  parameter:          0.10 
 P10P parameter:          0.10 
 P11  parameter:          7.00 
 P12  parameter:          6.00 
 P13  parameter:         16.00 
 full pseudoknot model.
----------------------------------------------------------------------


	             SS  >>>........<<<.
	          wyatt  GCGUUUCUGACCGCC

---------------------------------------------------
14 14 7 6  
tracing WX 1900 
 (W4) SR, trace vx 13 13 1100
---------------------------------------------------
13 13 6 6  
tracing VX  1100   
 (v2) IS2 (1,1) 3400
 trace vx 12 11 -2300
---------------------------------------------------
12 11 5 5  
tracing VX  -2300   
 (v2) IS2 (1,1) 2000
 trace vx 11 9 -4300
---------------------------------------------------
11 9 4 4  
tracing VX  -4300   
 (v1) hairpin 9, -4300 
NAM  wyatt
DES  PK17a
SEQ  +SS
       1 G   C   G   U   U   U   C   U   G   A   C   C   G   C   C
         0   1   2   3   4   5   6   7   8   9   10  11  12  13  14  
         13  12  11  .   .   .   .   .   .   .   .   2   1   0   .   

true pairs 3.0	 found pairs 3.0	 agree 3.0 (sen=100.00 spe=100.00 -- C_ap = 100.00)
----------------------------------------------------------------------
   Log odds score:        1900 
energy (kcal/mol):       -1.90 
number of pairs found:      3.00 
number of pairs annotated:  3.00 
----------------------------------------------------------------------
Allow pseudoknots? YES
----------------------------------------------------------------------
Parameters (energy units, kcal/mol)
 wkn  parameter:          0.83 (pseudoknots weight)
 P1   parameter:         -0.00 
 P2   parameter:         -0.00 
 P3   parameter:          3.00 
 P4   parameter:         -0.00 
 P5   parameter:          4.60 
 P5P  parameter:          8.43 
 P6   parameter:          0.40 
 P6P  parameter:          0.24 
 P10  parameter:          0.10 
 P10P parameter:          0.10 
 P11  parameter:          7.00 
 P12  parameter:          6.00 
 P13  parameter:         16.00 
 full pseudoknot model.
----------------------------------------------------------------------


	             SS  .>>>>>.......<<<<<
	          wyatt  GCUGACCGCUUUUGUCAG

---------------------------------------------------
17 17 8 8  
tracing WX 3900 
 (W3) SL, trace vx  17 16 3700
---------------------------------------------------
17 16 8 7  
tracing VX  3700   
 (v2) IS2 (1,1) 1700
 trace vx 16 14 2000
---------------------------------------------------
16 14 7 6  
tracing VX  2000   
 (v2) IS2 (1,1) 1800
 trace vx 15 12 200
---------------------------------------------------
15 12 6 5  
tracing VX  200   
 (v2) IS2 (1,1) 2300
 trace vx 14 10 -2100
---------------------------------------------------
14 10 5 4  
tracing VX  -2100   
 (v2) IS2 (1,1) 2100
 trace vx 13 8 -4200
---------------------------------------------------
13 8 4 3  
tracing VX  -4200   
 (v1) hairpin 8, -4200 
NAM  wyatt
DES  PK17b
SEQ  +SS
       1 G   C   U   G   A   C   C   G   C   U   U   U   U   G   U   C   A   G
         0   1   2   3   4   5   6   7   8   9   10  11  12  13  14  15  16  17  
         .   17  16  15  14  13  .   .   .   .   .   .   .   5   4   3   2   1   

true pairs 5.0	 found pairs 5.0	 agree 5.0 (sen=100.00 spe=100.00 -- C_ap = 100.00)
----------------------------------------------------------------------
   Log odds score:        3900 
energy (kcal/mol):       -3.90 
number of pairs found:      5.00 
number of pairs annotated:  5.00 
----------------------------------------------------------------------
Allow pseudoknots? YES
----------------------------------------------------------------------
Parameters (energy units, kcal/mol)
 wkn  parameter:          0.83 (pseudoknots weight)
 P1   parameter:         -0.00 
 P2   parameter:         -0.00 
 P3   parameter:          3.00 
 P4   parameter:         -0.00 
 P5   parameter:          4.60 
 P5P  parameter:          8.43 
 P6   parameter:          0.40 
 P6P  parameter:          0.24 
 P10  parameter:          0.10 
 P10P parameter:          0.10 
 P11  parameter:          7.00 
 P12  parameter:          6.00 
 P13  parameter:         16.00 
 full pseudoknot model.
----------------------------------------------------------------------
