---------------------------------------------------
111 111 55 55  
tracing WX 27100 
 (W5) SL, trace wx  111 110 27100
---------------------------------------------------
111 110 55 54  
tracing WX 27100 
 (W5) SL, trace wx  111 109 27100
---------------------------------------------------
111 109 54 54  
tracing WX 27100 
 (W6) SR, trace wx 110 108 27100
---------------------------------------------------
110 108 54 53  
tracing WX 27100 
 (W7) trace wx  65 63 16300
 (W7) trace wx  110 44 10800
---------------------------------------------------
110 44 22 21  
tracing WX 10800 
 (W2) SR SL, trace vx 109 42 9800
---------------------------------------------------
109 42 21 20  
tracing VX  9800   
 (v2) IS2 (1,1) 800
 trace vx 108 40 9000
---------------------------------------------------
108 40 20 19  
tracing VX  9000   
 (v2) IS2 (1,1) 1700
 trace vx 107 38 7300
---------------------------------------------------
107 38 19 18  
tracing VX  7300   
 (v2) IS2 (1,1) 2900
 trace vx 106 36 4400
---------------------------------------------------
106 36 18 17  
tracing VX  4400   
 (v2) IS2 (1,1) 2300
 trace vx 105 34 2100
---------------------------------------------------
105 34 17 16  
tracing VX  2100   
 (v2) IS2 (1,1) 500
 trace vx 104 32 1600
---------------------------------------------------
104 32 16 15  
tracing VX  1600   
 (v2) IS2 (1,1) 1000
 trace vx 103 30 600
---------------------------------------------------
103 30 15 14  
tracing VX  600   
 (v2) IS2 (1,1) 1800
 trace vx 102 28 -1200
---------------------------------------------------
102 28 14 13  
tracing VX  -1200   
 (v4_1) multiloop, trace vx  81 6 -2500
 (v4_1) multiloop, trace wbx 101 19 1700
---------------------------------------------------
101 19 9 9  
tracing WBX 1700 
 (WB6) SR, trace wbx 100 18 2100
---------------------------------------------------
100 18 9 8  
tracing WBX 2100 
 (WB6) SR, trace wbx 99 17 2500
---------------------------------------------------
99 17 8 8  
tracing WBX 2500 
 (WB6) SR, trace wbx 98 16 2900
---------------------------------------------------
98 16 8 7  
tracing WBX 2900 
 (WB6) SR, trace wbx 97 15 3300
---------------------------------------------------
97 15 7 7  
tracing WBX 3300 
 (WB4) SR, trace vx 96 14 2100
---------------------------------------------------
96 14 7 6  
tracing VX  2100   
 (v2) IS2 (1,1) 3400
 trace vx 95 12 -1300
---------------------------------------------------
95 12 6 5  
tracing VX  -1300   
 (v2) IS2 (1,1) 2900
 trace vx 94 10 -4200
---------------------------------------------------
94 10 5 4  
tracing VX  -4200   
 (v1) hairpin 10, -4200 
---------------------------------------------------
81 6 3 2  
tracing VX  -2500   
 (v1) hairpin 6, -2500 
---------------------------------------------------
65 63 31 31  
tracing WX 16300 
 (W6) SR, trace wx 64 62 16300
---------------------------------------------------
64 62 31 30  
tracing WX 16300 
 (W6) SR, trace wx 63 61 16300
---------------------------------------------------
63 61 30 30  
tracing WX 16300 
 (W6) SR, trace wx 62 60 16300
---------------------------------------------------
62 60 30 29  
tracing WX 16300 
 (W6) SR, trace wx 61 59 16300
---------------------------------------------------
61 59 29 29  
tracing WX 16300 
 (W6) SR, trace wx 60 58 16300
---------------------------------------------------
60 58 29 28  
tracing WX 16300 
 (W6) SR, trace wx 59 57 16300
---------------------------------------------------
59 57 28 28  
tracing WX 16300 
 (W6) SR, trace wx 58 56 16300
---------------------------------------------------
58 56 28 27  
tracing WX 16300 
 (W6) SR, trace wx 57 55 16300
---------------------------------------------------
57 55 27 27  
tracing WX 16300 
 (W2) SR SL, trace vx 56 53 15600
---------------------------------------------------
56 53 26 26  
tracing VX  15600   
 (v2) IS2 (1,1) 1800
 trace vx 55 51 13800
---------------------------------------------------
55 51 25 25  
tracing VX  13800   
 (v2) IS2 (1,1) 2100
 trace vx 54 49 11700
---------------------------------------------------
54 49 24 24  
tracing VX  11700   
 (v2) IS2 (1,1) 800
 trace vx 53 47 10900
---------------------------------------------------
53 47 23 23  
tracing VX  10900   
 (v2) IS2 (1,1) 2100
 trace vx 52 45 8800
---------------------------------------------------
52 45 22 22  
tracing VX  8800   
 (v2) IS2 (1,1) 2000
 trace vx 51 43 6800
---------------------------------------------------
51 43 21 21  
tracing VX  6800   
 (v2) IS2 (1,1) 2100
 trace vx 50 41 4700
---------------------------------------------------
50 41 20 20  
tracing VX  4700   
 (v2) IS2 (1,1) 900
 trace vx 49 39 3800
---------------------------------------------------
49 39 19 19  
tracing VX  3800   
 (v2) IS2 (2,1) -1600
 trace vx 48 36 5400
---------------------------------------------------
48 36 18 17  
tracing VX  5400   
 (v2) IS2 (1,1) 2900
 trace vx 47 34 2500
---------------------------------------------------
47 34 17 16  
tracing VX  2500   
 (v2) IS2 (1,1) 1800
 trace vx 46 32 700
---------------------------------------------------
46 32 16 15  
tracing VX  700   
 (v2) IS2 (1,1) 900
 trace vx 45 30 -200
---------------------------------------------------
45 30 15 14  
tracing VX  -200   
 (v2) IS2 (1,2) -2800
 trace vx 43 27 2600
---------------------------------------------------
43 27 13 13  
tracing VX  2600   
 (v2) IS2 (1,1) 500
 trace vx 42 25 2100
---------------------------------------------------
42 25 12 12  
tracing VX  2100   
 (v2) IS2 (1,1) 1800
 trace vx 41 23 300
---------------------------------------------------
41 23 11 11  
tracing VX  300   
 (v2) IS2 (1,1) 2300
 trace vx 40 21 -2000
---------------------------------------------------
40 21 10 10  
tracing VX  -2000   
 (v2) IS2 (1,1) 500
 trace vx 39 19 -2500
---------------------------------------------------
39 19 9 9  
tracing VX  -2500   
 (v2) IS2 (4,4) -4700
 trace vx 35 11 2200
---------------------------------------------------
35 11 5 5  
tracing VX  2200   
 (v2) IS2 (1,1) 2900
 trace vx 34 9 -700
---------------------------------------------------
34 9 4 4  
tracing VX  -700   
 (v2) IS2 (1,1) 1900
 trace vx 33 7 -2600
---------------------------------------------------
33 7 3 3  
tracing VX  -2600   
 (v2) IS2 (1,1) 1200
 trace vx 32 5 -3800
---------------------------------------------------
32 5 2 2  
tracing VX  -3800   
 (v1) hairpin 5, -3800 
NAM  alphamRNA
SEQ  +SS
       1 G   U   C   U   G   U   G   C   G   U   U   U   C   C   A   U   U   U   G   A
         0   1   2   3   4   5   6   7   8   9   10  11  12  13  14  15  16  17  18  19  
         .   .   .   56  55  54  53  52  51  50  49  .   48  47  46  45  43  42  41  40  

      21 G   U   A   U   C   C   U   G   A   A   A   A   C   G   G   G   C   U   U   U
         20  21  22  23  24  25  26  27  28  29  30  31  32  33  34  35  36  37  38  39  
         39  .   .   .   35  34  33  32  .   .   .   .   27  26  25  24  .   .   .   20  

      41 U   C   A   G   C   A   U   G   G   A   A   C   G   U   A   C   A   U   A   U
         40  41  42  43  44  45  46  47  48  49  50  51  52  53  54  55  56  57  58  59  
         19  18  17  16  .   15  14  13  12  10  9   8   7   6   5   4   3   .   .   .   

      61 U   A   A   A   U   A   G   U   A   G   G   A   G   U   G   C   A   U   A   G
         60  61  62  63  64  65  66  67  68  69  70  71  72  73  74  75  76  77  78  79  
         .   .   .   .   .   .   .   109 108 107 106 105 104 103 102 81  .   .   .   .   

      81 U   G   G   C   C   C   G   U   A   U   A   G   C   A   G   G   C   A   U   U
         80  81  82  83  84  85  86  87  88  89  90  91  92  93  94  95  96  97  98  99  
         .   75  96  95  94  .   .   .   .   .   .   .   .   .   84  83  82  .   .   .   

     101 A   A   C   A   U   U   C   C   U   G   A   U
         100 101 102 103 104 105 106 107 108 109 110 111 
         .   .   74  73  72  71  70  69  68  67  .   .   

----------------------------------------------------------------------
   Log odds score:       27100 
energy (kcal/mol):      -27.10 
  number of pairs:       33.00 
----------------------------------------------------------------------
Pseudoknots? YES
----------------------------------------------------------------------
Parameters (energy units, kcal/mol)
 wkn  parameter:          0.83 (pseudoknots weight)
 P1   parameter:          0.00 
 P2   parameter:          0.00 
 P3   parameter:          3.00 
 P4   parameter:          0.00 
 P5   parameter:          4.60 
 P5P  parameter:          8.43 
 P6   parameter:          0.40 
 P6P  parameter:          0.24 
 P10  parameter:          0.10 
 P10P parameter:          0.10 
 P11  parameter:          7.00 
 P12  parameter:          6.00 
 P13  parameter:         16.00 
 full pseudoknot model.
