---------------------------------------------------
111 111 55 55  
tracing WX 27800 
 (W5) SL, trace wx  111 110 27800
---------------------------------------------------
111 110 55 54  
tracing WX 27800 
 (W5) SL, trace wx  111 109 27800
---------------------------------------------------
111 109 54 54  
tracing WX 27800 
 (W6) SR, trace wx 110 108 27800
---------------------------------------------------
110 108 54 53  
tracing WX 27800 
 (W7) trace wx  65 63 16800
 (W7) trace wx  110 44 11000
---------------------------------------------------
110 44 22 21  
tracing WX 11000 
 (W2) SR SL, trace vx 109 42 10000
---------------------------------------------------
109 42 21 20  
tracing VX  10000   
 (v2) IS2 (1,1) 800
 trace vx 108 40 9200
---------------------------------------------------
108 40 20 19  
tracing VX  9200   
 (v2) IS2 (1,1) 1700
 trace vx 107 38 7500
---------------------------------------------------
107 38 19 18  
tracing VX  7500   
 (v2) IS2 (1,1) 2900
 trace vx 106 36 4600
---------------------------------------------------
106 36 18 17  
tracing VX  4600   
 (v2) IS2 (1,1) 2300
 trace vx 105 34 2300
---------------------------------------------------
105 34 17 16  
tracing VX  2300   
 (v2) IS2 (1,1) 500
 trace vx 104 32 1800
---------------------------------------------------
104 32 16 15  
tracing VX  1800   
 (v2) IS2 (1,1) 1000
 trace vx 103 30 800
---------------------------------------------------
103 30 15 14  
tracing VX  800   
 (v2) IS2 (1,1) 1800
 trace vx 102 28 -1000
---------------------------------------------------
102 28 14 13  
tracing VX  -1000   
 (v4_1) multiloop, trace vx  81 6 -2300
 (v4_1) multiloop, trace wbx 101 19 1700
---------------------------------------------------
101 19 9 9  
tracing WBX 1700 
 (WB6) SR, trace wbx 100 18 2100
---------------------------------------------------
100 18 9 8  
tracing WBX 2100 
 (WB6) SR, trace wbx 99 17 2500
---------------------------------------------------
99 17 8 8  
tracing WBX 2500 
 (WB6) SR, trace wbx 98 16 2900
---------------------------------------------------
98 16 8 7  
tracing WBX 2900 
 (WB6) SR, trace wbx 97 15 3300
---------------------------------------------------
97 15 7 7  
tracing WBX 3300 
 (WB4) SR, trace vx 96 14 2100
---------------------------------------------------
96 14 7 6  
tracing VX  2100   
 (v2) IS2 (1,1) 3400
 trace vx 95 12 -1300
---------------------------------------------------
95 12 6 5  
tracing VX  -1300   
 (v2) IS2 (1,1) 2900
 trace vx 94 10 -4200
---------------------------------------------------
94 10 5 4  
tracing VX  -4200   
 (v1) hairpin 10, -4200 
---------------------------------------------------
81 6 3 2  
tracing VX  -2300   
 (v2) IS2 (1,1) 1800
 trace vx 80 4 -4100
---------------------------------------------------
80 4 2 1  
tracing VX  -4100   
 (v1) hairpin 4, -4100 
---------------------------------------------------
65 63 31 31  
tracing WX 16800 
 (W6) SR, trace wx 64 62 16800
---------------------------------------------------
64 62 31 30  
tracing WX 16800 
 (W6) SR, trace wx 63 61 16800
---------------------------------------------------
63 61 30 30  
tracing WX 16800 
 (W6) SR, trace wx 62 60 16800
---------------------------------------------------
62 60 30 29  
tracing WX 16800 
 (W6) SR, trace wx 61 59 16800
---------------------------------------------------
61 59 29 29  
tracing WX 16800 
 (W6) SR, trace wx 60 58 16800
---------------------------------------------------
60 58 29 28  
tracing WX 16800 
 (W6) SR, trace wx 59 57 16800
---------------------------------------------------
59 57 28 28  
tracing WX 16800 
 (W6) SR, trace wx 58 56 16800
---------------------------------------------------
58 56 28 27  
tracing WX 16800 
 (W6) SR, trace wx 57 55 16800
---------------------------------------------------
57 55 27 27  
tracing WX 16800 
 (W2) SR SL, trace vx 56 53 16100
---------------------------------------------------
56 53 26 26  
tracing VX  16100   
 (v2) IS2 (1,1) 1800
 trace vx 55 51 14300
---------------------------------------------------
55 51 25 25  
tracing VX  14300   
 (v2) IS2 (1,1) 2100
 trace vx 54 49 12200
---------------------------------------------------
54 49 24 24  
tracing VX  12200   
 (v2) IS2 (1,1) 800
 trace vx 53 47 11400
---------------------------------------------------
53 47 23 23  
tracing VX  11400   
 (v2) IS2 (1,1) 2100
 trace vx 52 45 9300
---------------------------------------------------
52 45 22 22  
tracing VX  9300   
 (v2) IS2 (1,1) 2000
 trace vx 51 43 7300
---------------------------------------------------
51 43 21 21  
tracing VX  7300   
 (v2) IS2 (1,1) 2100
 trace vx 50 41 5200
---------------------------------------------------
50 41 20 20  
tracing VX  5200   
 (v2) IS2 (1,1) 900
 trace vx 49 39 4300
---------------------------------------------------
49 39 19 19  
tracing VX  4300   
 (v2) IS2 (2,1) -1600
 trace vx 48 36 5900
---------------------------------------------------
48 36 18 17  
tracing VX  5900   
 (v2) IS2 (1,1) 2900
 trace vx 47 34 3000
---------------------------------------------------
47 34 17 16  
tracing VX  3000   
 (v2) IS2 (1,1) 1800
 trace vx 46 32 1200
---------------------------------------------------
46 32 16 15  
tracing VX  1200   
 (v2) IS2 (1,1) 900
 trace vx 45 30 300
---------------------------------------------------
45 30 15 14  
tracing VX  300   
 (v6_CC) multiloop vx 24 6 -1800
 (v6_NCC) multiloop vx 43 18 4800
---------------------------------------------------
43 18 9 8  
tracing VX  4800   
 (v2) IS2 (1,1) 1700
 trace vx 42 16 3100
---------------------------------------------------
42 16 8 7  
tracing VX  3100   
 (v2) IS2 (1,1) 1800
 trace vx 41 14 1300
---------------------------------------------------
41 14 7 6  
tracing VX  1300   
 (v2) IS2 (1,1) 2300
 trace vx 40 12 -1000
---------------------------------------------------
40 12 6 5  
tracing VX  -1000   
 (v2) IS2 (1,1) 900
 trace vx 39 10 -1900
---------------------------------------------------
39 10 5 4  
tracing VX  -1900   
 (v2) IS2 (1,1) 900
 trace vx 38 8 -2800
---------------------------------------------------
38 8 4 3  
tracing VX  -2800   
 (v2) IS2 (1,1) 900
 trace vx 37 6 -3700
---------------------------------------------------
37 6 3 2  
tracing VX  -3700   
 (v1) hairpin 6, -3700 
---------------------------------------------------
24 6 3 2  
tracing VX  -1800   
 (v2) IS2 (1,1) 2300
 trace vx 23 4 -4100
---------------------------------------------------
23 4 2 1  
tracing VX  -4100   
 (v1) hairpin 4, -4100 
NAM  alphamRNA
SEQ  +SS
       1 G   U   C   U   G   U   G   C   G   U   U   U   C   C   A   U   U   U   G   A
         0   1   2   3   4   5   6   7   8   9   10  11  12  13  14  15  16  17  18  19  
         .   .   .   56  55  54  53  52  51  50  49  .   48  47  46  45  .   .   24  23  

      21 G   U   A   U   C   C   U   G   A   A   A   A   C   G   G   G   C   U   U   U
         20  21  22  23  24  25  26  27  28  29  30  31  32  33  34  35  36  37  38  39  
         .   .   .   19  18  43  42  41  40  39  38  37  .   .   .   .   .   31  30  29  

      41 U   C   A   G   C   A   U   G   G   A   A   C   G   U   A   C   A   U   A   U
         40  41  42  43  44  45  46  47  48  49  50  51  52  53  54  55  56  57  58  59  
         28  27  26  25  .   15  14  13  12  10  9   8   7   6   5   4   3   .   .   .   

      61 U   A   A   A   U   A   G   U   A   G   G   A   G   U   G   C   A   U   A   G
         60  61  62  63  64  65  66  67  68  69  70  71  72  73  74  75  76  77  78  79  
         .   .   .   .   .   .   .   109 108 107 106 105 104 103 102 81  80  .   .   .   

      81 U   G   G   C   C   C   G   U   A   U   A   G   C   A   G   G   C   A   U   U
         80  81  82  83  84  85  86  87  88  89  90  91  92  93  94  95  96  97  98  99  
         76  75  96  95  94  .   .   .   .   .   .   .   .   .   84  83  82  .   .   .   

     101 A   A   C   A   U   U   C   C   U   G   A   U
         100 101 102 103 104 105 106 107 108 109 110 111 
         .   .   74  73  72  71  70  69  68  67  .   .   

----------------------------------------------------------------------
   Log odds score:       27800 
energy (kcal/mol):      -27.80 
  number of pairs:       34.00 
----------------------------------------------------------------------
Pseudoknots? YES
----------------------------------------------------------------------
Parameters (energy units, kcal/mol)
 wkn  parameter:          0.83 (pseudoknots weight)
 P1   parameter:          0.00 
 P2   parameter:          0.00 
 P3   parameter:          3.00 
 P4   parameter:          0.00 
 P5   parameter:          4.60 
 P5P  parameter:          8.43 
 P6   parameter:          0.40 
 P6P  parameter:          0.24 
 P10  parameter:          0.10 
 P10P parameter:          0.10 
 P11  parameter:          7.00 
 P12  parameter:          5.00 
 P13  parameter:         16.00 
 full pseudoknot model.
