---------------------------------------------------
111 111 55 55  
tracing WX 28885 
 (W6) SR, trace wx 110 110 28885
---------------------------------------------------
110 110 55 54  
tracing WX 28885 
 (W10.2) trace yhx 99 99 59 23 25967
 (W10.2) trace yhx 110 49 13 8 8477
---------------------------------------------------
110 49 13 8  
tracing YHX 8477 
 (YH5) SLE, trace yhx 110 48 12 8 8677 
---------------------------------------------------
110 48 12 8  
tracing YHX 8677 
 (YH5) SLE, trace yhx 110 47 11 8 8877 
---------------------------------------------------
110 47 11 8  
tracing YHX 8877 
 (YH5) SLE, trace yhx 110 46 10 8 9077 
---------------------------------------------------
110 46 10 8  
tracing YHX 9077 
 (YH5) SLE, trace yhx 110 45 9 8 9277 
---------------------------------------------------
110 45 9 8  
tracing YHX 9277 
 (YH5) SLE, trace yhx 110 44 8 8 9477 
---------------------------------------------------
110 44 8 8  
tracing YHX 9477 
 (YH2) SLE, SRE, trace vhx 109 42 7 7 9130 
---------------------------------------------------
109 42 7 7  
tracing VHX  9130 
 (vh2) trace vhx 109 42 1 1 664 
 (vh2) trace vhx 108 40 6 6 8466 
---------------------------------------------------
108 40 6 6  
tracing VHX  8466 
 (vh2) trace vhx 108 40 1 1 1411 
 (vh2) trace vhx 107 38 5 5 7055 
---------------------------------------------------
107 38 5 5  
tracing VHX  7055 
 (vh2) trace vhx 107 38 1 1 2407 
 (vh2) trace vhx 106 36 4 4 4648 
---------------------------------------------------
106 36 4 4  
tracing VHX  4648 
 (vh2) trace vhx 106 36 1 1 1909 
 (vh2) trace vhx 105 34 3 3 2739 
---------------------------------------------------
105 34 3 3  
tracing VHX  2739 
 (vh2) trace vhx 105 34 1 1 415 
 (vh2) trace vhx 104 32 2 2 2324 
---------------------------------------------------
104 32 2 2  
tracing VHX  2324 
 (vh2) trace vhx 104 32 1 1 830 
 (vh2) trace vhx 103 30 1 1 1494 
---------------------------------------------------
103 30 1 1  
tracing VHX  1494 
 (vh1) IS2 (1,1) 103 30 1494 
---------------------------------------------------
104 32 1 1  
tracing VHX  830 
 (vh1) IS2 (1,1) 104 32 830 
---------------------------------------------------
105 34 1 1  
tracing VHX  415 
 (vh1) IS2 (1,1) 105 34 415 
---------------------------------------------------
106 36 1 1  
tracing VHX  1909 
 (vh1) IS2 (1,1) 106 36 1909 
---------------------------------------------------
107 38 1 1  
tracing VHX  2407 
 (vh1) IS2 (1,1) 107 38 2407 
---------------------------------------------------
108 40 1 1  
tracing VHX  1411 
 (vh1) IS2 (1,1) 108 40 1411 
---------------------------------------------------
109 42 1 1  
tracing VHX  664 
 (vh1) IS2 (1,1) 109 42 664 
---------------------------------------------------
99 99 59 23  
tracing YHX 25967 
 (YH6) SRE, trace yhx 98 98 59 22 26167 
---------------------------------------------------
98 98 59 22  
tracing YHX 26167 
 (YH6) SRE, trace yhx 97 97 59 21 26367 
---------------------------------------------------
97 97 59 21  
tracing YHX 26367 
 (YH4) SRE, trace vhx 96 96 59 20 25239 
---------------------------------------------------
96 96 59 20  
tracing VHX  25239 
 (vh2) trace vhx 96 96 1 1 1743 
 (vh2) trace vhx 95 94 58 19 23496 
---------------------------------------------------
95 94 58 19  
tracing VHX  23496 
 (vh2) trace vhx 95 94 1 1 1162 
 (vh2) trace vhx 94 92 57 18 22334 
---------------------------------------------------
94 92 57 18  
tracing VHX  22334 
 (vh2) trace vhx 94 92 1 1 1411 
 (vh2) trace vhx 93 90 56 17 20923 
---------------------------------------------------
93 90 56 17  
tracing VHX  20923 
 (vh2) trace vhx 93 90 1 1 1494 
 (vh2) trace vhx 92 88 55 16 19429 
---------------------------------------------------
92 88 55 16  
tracing VHX  19429 
 (vh2) trace vhx 92 88 1 1 1743 
 (vh2) trace vhx 91 86 54 15 17686 
---------------------------------------------------
91 86 54 15  
tracing VHX  17686 
 (vh2) trace vhx 91 86 52 13 16026 
 (vh2) trace vhx 78 21 2 2 1660 
---------------------------------------------------
78 21 2 2  
tracing VHX  1660 
 (vh2) trace vhx 78 21 1 1 913 
 (vh2) trace vhx 77 19 1 1 747 
---------------------------------------------------
77 19 1 1  
tracing VHX  747 
 (vh1) IS2 (1,1) 77 19 747 
---------------------------------------------------
78 21 1 1  
tracing VHX  913 
 (vh1) IS2 (1,1) 78 21 913 
---------------------------------------------------
91 86 52 13  
tracing VHX  16026 
 (vh3.15) multiloop, trace whx  89 83 49 9 22796 
---------------------------------------------------
89 83 49 9  
tracing whx 22796 
 (WH4.2) SRE, trace whx 88 82 49 8 22996 
---------------------------------------------------
88 82 49 8  
tracing whx 22996 
 (WH4.3) SLI, trace whx 88 82 49 7 23196 
---------------------------------------------------
88 82 49 7  
tracing whx 23196 
 (WH4.4) SRI, trace whx 88 82 48 7 23396 
---------------------------------------------------
88 82 48 7  
tracing whx 23396 
 (WH20) trace WHX 54 48 11 10 9824 
 (WH20) trace WHX 88 70 25 7 17572 
---------------------------------------------------
54 48 11 10  
tracing whx 9824 
 (WH2.4) SLE, trace zhx  53 47 11 9 9111 
---------------------------------------------------
53 47 11 9  
tracing ZHX  9111 
 (ZH5) ss dangle k, trace zhx 53 47 10 9 9311 
---------------------------------------------------
53 47 10 9  
tracing ZHX  9311 
 (ZH2) dangle k,l, trace vhx 53 47 9 8 9213 
---------------------------------------------------
53 47 9 8  
tracing VHX  9213 
 (vh2) trace vhx 53 47 1 1 1743 
 (vh2) trace vhx 52 45 8 7 7470 
---------------------------------------------------
52 45 8 7  
tracing VHX  7470 
 (vh2) trace vhx 52 45 1 1 1660 
 (vh2) trace vhx 51 43 7 6 5810 
---------------------------------------------------
51 43 7 6  
tracing VHX  5810 
 (vh2) trace vhx 51 43 1 1 1743 
 (vh2) trace vhx 50 41 6 5 4067 
---------------------------------------------------
50 41 6 5  
tracing VHX  4067 
 (vh2) trace vhx 50 41 1 1 747 
 (vh2) trace vhx 49 39 5 4 3320 
---------------------------------------------------
49 39 5 4  
tracing VHX  3320 
 (vh2) trace vhx 49 39 2 1 -1328 
 (vh2) trace vhx 48 36 3 3 4648 
---------------------------------------------------
48 36 3 3  
tracing VHX  4648 
 (vh2) trace vhx 48 36 1 1 2407 
 (vh2) trace vhx 47 34 2 2 2241 
---------------------------------------------------
47 34 2 2  
tracing VHX  2241 
 (vh2) trace vhx 47 34 1 1 1494 
 (vh2) trace vhx 46 32 1 1 747 
---------------------------------------------------
46 32 1 1  
tracing VHX  747 
 (vh1) IS2 (1,1) 46 32 747 
---------------------------------------------------
47 34 1 1  
tracing VHX  1494 
 (vh1) IS2 (1,1) 47 34 1494 
---------------------------------------------------
48 36 1 1  
tracing VHX  2407 
 (vh1) IS2 (1,1) 48 36 2407 
---------------------------------------------------
49 39 2 1  
tracing VHX  -1328 
 (vh1) IS2 (2,1) 49 39 -1328 
---------------------------------------------------
50 41 1 1  
tracing VHX  747 
 (vh1) IS2 (1,1) 50 41 747 
---------------------------------------------------
51 43 1 1  
tracing VHX  1743 
 (vh1) IS2 (1,1) 51 43 1743 
---------------------------------------------------
52 45 1 1  
tracing VHX  1660 
 (vh1) IS2 (1,1) 52 45 1660 
---------------------------------------------------
53 47 1 1  
tracing VHX  1743 
 (vh1) IS2 (1,1) 53 47 1743 
---------------------------------------------------
88 70 25 7  
tracing whx 17572 
 (WH22.1) trace YHX 43 25 12 5 7579 
 (WH22.1) trace YHX 88 57 6 7 12914 
---------------------------------------------------
88 57 6 7  
tracing YHX 12914 
 (YH4) SRE, trace vhx 87 56 6 6 12616 
---------------------------------------------------
87 56 6 6  
tracing VHX  12616 
 (vh2) trace vhx 87 56 1 1 1743 
 (vh2) trace vhx 86 54 5 5 10873 
---------------------------------------------------
86 54 5 5  
tracing VHX  10873 
 (vh2) trace vhx 86 54 1 1 1660 
 (vh2) trace vhx 85 52 4 4 9213 
---------------------------------------------------
85 52 4 4  
tracing VHX  9213 
 (vh2) trace vhx 85 52 1 1 2407 
 (vh2) trace vhx 84 50 3 3 6806 
---------------------------------------------------
84 50 3 3  
tracing VHX  6806 
 (vh2) trace vhx 84 50 1 1 2407 
 (vh2) trace vhx 83 48 2 2 4399 
---------------------------------------------------
83 48 2 2  
tracing VHX  4399 
 (vh2) trace vhx 83 48 1 1 2822 
 (vh2) trace vhx 82 46 1 1 1577 
---------------------------------------------------
82 46 1 1  
tracing VHX  1577 
 (vh1) IS2 (1,1) 82 46 1577 
---------------------------------------------------
83 48 1 1  
tracing VHX  2822 
 (vh1) IS2 (1,1) 83 48 2822 
---------------------------------------------------
84 50 1 1  
tracing VHX  2407 
 (vh1) IS2 (1,1) 84 50 2407 
---------------------------------------------------
85 52 1 1  
tracing VHX  2407 
 (vh1) IS2 (1,1) 85 52 2407 
---------------------------------------------------
86 54 1 1  
tracing VHX  1660 
 (vh1) IS2 (1,1) 86 54 1660 
---------------------------------------------------
87 56 1 1  
tracing VHX  1743 
 (vh1) IS2 (1,1) 87 56 1743 
---------------------------------------------------
43 25 12 5  
tracing YHX 7579 
 (YH8.1) EL, trace vx  24 6 -1800 
 (YH8.1) EL, trace vhx 43 18 5 5 6308 
---------------------------------------------------
24 6 3 2  
tracing VX  -1800   
 (v2) IS2 (1,1) 2300
 trace vx 23 4 -4100
---------------------------------------------------
23 4 2 1  
tracing VX  -4100   
 (v1) hairpin 4, -4100 
---------------------------------------------------
43 18 5 5  
tracing VHX  6308 
 (vh2) trace vhx 43 18 1 1 1411 
 (vh2) trace vhx 42 16 4 4 4897 
---------------------------------------------------
42 16 4 4  
tracing VHX  4897 
 (vh2) trace vhx 42 16 1 1 1494 
 (vh2) trace vhx 41 14 3 3 3403 
---------------------------------------------------
41 14 3 3  
tracing VHX  3403 
 (vh2) trace vhx 41 14 1 1 1909 
 (vh2) trace vhx 40 12 2 2 1494 
---------------------------------------------------
40 12 2 2  
tracing VHX  1494 
 (vh2) trace vhx 40 12 1 1 747 
 (vh2) trace vhx 39 10 1 1 747 
---------------------------------------------------
39 10 1 1  
tracing VHX  747 
 (vh1) IS2 (1,1) 39 10 747 
---------------------------------------------------
40 12 1 1  
tracing VHX  747 
 (vh1) IS2 (1,1) 40 12 747 
---------------------------------------------------
41 14 1 1  
tracing VHX  1909 
 (vh1) IS2 (1,1) 41 14 1909 
---------------------------------------------------
42 16 1 1  
tracing VHX  1494 
 (vh1) IS2 (1,1) 42 16 1494 
---------------------------------------------------
43 18 1 1  
tracing VHX  1411 
 (vh1) IS2 (1,1) 43 18 1411 
---------------------------------------------------
92 88 1 1  
tracing VHX  1743 
 (vh1) IS2 (1,1) 92 88 1743 
---------------------------------------------------
93 90 1 1  
tracing VHX  1494 
 (vh1) IS2 (1,1) 93 90 1494 
---------------------------------------------------
94 92 1 1  
tracing VHX  1411 
 (vh1) IS2 (1,1) 94 92 1411 
---------------------------------------------------
95 94 1 1  
tracing VHX  1162 
 (vh1) IS2 (1,1) 95 94 1162 
---------------------------------------------------
96 96 1 1  
tracing VHX  1743 
 (vh1) IS2 (1,1) 96 96 1743 
NAM  alphamRNA
SEQ  +SS
       1 G   U   C   U   G   U   G   C   G   U   U   U   C   C   A   U   U   U   G   A
         0   1   2   3   4   5   6   7   8   9   10  11  12  13  14  15  16  17  18  19  
         96  95  94  93  92  91  53  52  51  50  49  .   48  47  46  45  .   .   24  23  

      21 G   U   A   U   C   C   U   G   A   A   A   A   C   G   G   G   C   U   U   U
         20  21  22  23  24  25  26  27  28  29  30  31  32  33  34  35  36  37  38  39  
         .   .   .   19  18  43  42  41  40  39  38  87  86  85  84  83  82  81  30  29  

      41 U   C   A   G   C   A   U   G   G   A   A   C   G   U   A   C   A   U   A   U
         40  41  42  43  44  45  46  47  48  49  50  51  52  53  54  55  56  57  58  59  
         28  27  26  25  .   15  14  13  12  10  9   8   7   6   .   .   .   78  77  76  

      61 U   A   A   A   U   A   G   U   A   G   G   A   G   U   G   C   A   U   A   G
         60  61  62  63  64  65  66  67  68  69  70  71  72  73  74  75  76  77  78  79  
         .   .   .   .   .   .   .   109 108 107 106 105 104 103 102 .   59  58  57  .   

      81 U   G   G   C   C   C   G   U   A   U   A   G   C   A   G   G   C   A   U   U
         80  81  82  83  84  85  86  87  88  89  90  91  92  93  94  95  96  97  98  99  
         .   37  36  35  34  33  32  31  .   .   .   5   4   3   2   1   0   .   .   .   

     101 A   A   C   A   U   U   C   C   U   G   A   U
         100 101 102 103 104 105 106 107 108 109 110 111 
         .   .   74  73  72  71  70  69  68  67  .   .   

----------------------------------------------------------------------
   Log odds score:       28885 
energy (kcal/mol):      -28.89 
  number of pairs:       41.00 
----------------------------------------------------------------------
Pseudoknots? YES
----------------------------------------------------------------------
Parameters (energy units, kcal/mol)
 wkn  parameter:          0.83 (pseudoknots weight)
 P1   parameter:          0.00 
 P2   parameter:          0.00 
 P3   parameter:          3.00 
 P4   parameter:          0.00 
 P5   parameter:          4.60 
 P5P  parameter:          8.43 
 P6   parameter:          0.40 
 P6P  parameter:          0.24 
 P10  parameter:          0.10 
 P10P parameter:          0.10 
 P11  parameter:          7.00 
 P12  parameter:          4.00 
 P13  parameter:         16.00 
 full pseudoknot model.
