---------------------------------------------------
82 82 41 40  
tracing WX 21160 
 (w5) SL trace wx 82 81 21160
---------------------------------------------------
82 81 40 40  
tracing WX 21160 
 (w5) SL trace wx 82 80 21160
---------------------------------------------------
82 80 40 39  
tracing WX 21160 
 (w6) SR trace wx 81 79 21160
---------------------------------------------------
81 79 39 39  
tracing WX 21160 
 (w6) SR trace wx 80 78 21160
---------------------------------------------------
80 78 39 38  
tracing WX 21160 
 (w12.1) trace yhx 72 70 50 5 18240
 (w12.1) trace yhx 80 27 13 7 7920
---------------------------------------------------
80 27 13 7  
tracing YHX 7920 
 (YH4) SLE, trace yhx 80 26 12 7 8120 
---------------------------------------------------
80 26 12 7  
tracing YHX 8120 
 (YH4) SLE, trace yhx 80 25 11 7 8320 
---------------------------------------------------
80 25 11 7  
tracing YHX 8320 
 (YH4) SLE, trace yhx 80 24 10 7 8520 
---------------------------------------------------
80 24 10 7  
tracing YHX 8520 
 (YH4) SLE, trace yhx 80 23 9 7 8720 
---------------------------------------------------
80 23 9 7  
tracing YHX 8720 
 (YH4) SLE, trace yhx 80 22 8 7 8920 
---------------------------------------------------
80 22 8 7  
tracing YHX 8920 
 (YH4) SLE, trace yhx 80 21 7 7 9120 
---------------------------------------------------
80 21 7 7  
tracing YHX 9120 
 (YH2) SLE, SRE, trace vhx 79 19 6 6 9040 
---------------------------------------------------
79 19 6 6  
tracing VHX  9040 
 (vh2) trace vhx 79 19 1 1 720 
 (vh2) trace vhx 78 17 5 5 8320 
---------------------------------------------------
78 17 5 5  
tracing VHX  8320 
 (vh2) trace vhx 78 17 1 1 720 
 (vh2) trace vhx 77 15 4 4 7600 
---------------------------------------------------
77 15 4 4  
tracing VHX  7600 
 (vh2) trace vhx 77 15 1 1 1840 
 (vh2) trace vhx 76 13 3 3 5760 
---------------------------------------------------
76 13 3 3  
tracing VHX  5760 
 (vh2) trace vhx 76 13 1 1 2320 
 (vh2) trace vhx 75 11 2 2 3440 
---------------------------------------------------
75 11 2 2  
tracing VHX  3440 
 (vh2) trace vhx 75 11 1 1 1600 
 (vh2) trace vhx 74 9 1 1 1840 
---------------------------------------------------
74 9 1 1  
tracing VHX  1840 
 (vh1) IS2 (1,1) 74 9 1840 
---------------------------------------------------
75 11 1 1  
tracing VHX  1600 
 (vh1) IS2 (1,1) 75 11 1600 
---------------------------------------------------
76 13 1 1  
tracing VHX  2320 
 (vh1) IS2 (1,1) 76 13 2320 
---------------------------------------------------
77 15 1 1  
tracing VHX  1840 
 (vh1) IS2 (1,1) 77 15 1840 
---------------------------------------------------
78 17 1 1  
tracing VHX  720 
 (vh1) IS2 (1,1) 78 17 720 
---------------------------------------------------
79 19 1 1  
tracing VHX  720 
 (vh1) IS2 (1,1) 79 19 720 
---------------------------------------------------
72 70 50 5  
tracing YHX 18240 
 (YH7) EL wbx        47 45 11000 
 (YH7) EL yhx 72 24 4 5 7240 
---------------------------------------------------
47 45 22 22  
tracing WBX 11000 
 (WB8.1) trace vx 24 22 4600
 (WB8.1) trace vx 47 22 3900
---------------------------------------------------
47 22 11 10  
tracing VX  3900   
 (v2) IS2 (1, 1), j,d(47,22) 3400
 trace vx 46 20 500
---------------------------------------------------
46 20 10 9  
tracing VX  500   
 (v2) IS2 (1, 1), j,d(46,20) 1800
 trace vx 45 18 -1300
---------------------------------------------------
45 18 9 8  
tracing VX  -1300   
 (v2) IS2 (1, 1), j,d(45,18) 2100
 trace vx 44 16 -3400
---------------------------------------------------
44 16 8 7  
tracing VX  -3400   
 (v2) IS2 (2, 2), j,d(44,16) -800
 trace vx 42 12 -2600
---------------------------------------------------
42 12 6 5  
tracing VX  -2600   
 (v2) IS2 (1, 1), j,d(42,12) 1800
 trace vx 41 10 -4400
---------------------------------------------------
41 10 5 4  
tracing VX  -4400   
 (v1) hairpin 10, j(41) -4400 
---------------------------------------------------
24 22 11 10  
tracing VX  4600   
 (v2) IS2 (1, 1), j,d(24,22) 800
 trace vx 23 20 3800
---------------------------------------------------
23 20 10 9  
tracing VX  3800   
 (v2) IS2 (1, 1), j,d(23,20) 1100
 trace vx 22 18 2700
---------------------------------------------------
22 18 9 8  
tracing VX  2700   
 (v2) IS2 (1, 1), j,d(22,18) 900
 trace vx 21 16 1800
---------------------------------------------------
21 16 8 7  
tracing VX  1800   
 (v2) IS2 (1, 1), j,d(21,16) 1700
 trace vx 20 14 100
---------------------------------------------------
20 14 7 6  
tracing VX  100   
 (v2) IS2 (1, 1), j,d(20,14) 2900
 trace vx 19 12 -2800
---------------------------------------------------
19 12 6 5  
tracing VX  -2800   
 (v2) IS2 (2, 2), j,d(19,12) -800
 trace vx 17 8 -2000
---------------------------------------------------
17 8 4 3  
tracing VX  -2000   
 (v2) IS2 (1, 1), j,d(17,8) 1700
 trace vx 16 6 -3700
---------------------------------------------------
16 6 3 2  
tracing VX  -3700   
 (v1) hairpin 6, j(16) -3700 
---------------------------------------------------
72 24 4 5  
tracing YHX 7240 
 (YH5) SRE, trace vhx 71 23 4 4 6160 
---------------------------------------------------
71 23 4 4  
tracing VHX  6160 
 (vh2) trace vhx 71 23 1 1 1840 
 (vh2) trace vhx 70 21 3 3 4320 
---------------------------------------------------
70 21 3 3  
tracing VHX  4320 
 (vh2) trace vhx 70 21 1 1 1680 
 (vh2) trace vhx 69 19 2 2 2640 
---------------------------------------------------
69 19 2 2  
tracing VHX  2640 
 (vh2) trace vhx 69 19 1 1 1520 
 (vh2) trace vhx 68 17 1 1 1120 
---------------------------------------------------
68 17 1 1  
tracing VHX  1120 
 (vh1) IS2 (1,1) 68 17 1120 
---------------------------------------------------
69 19 1 1  
tracing VHX  1520 
 (vh1) IS2 (1,1) 69 19 1520 
---------------------------------------------------
70 21 1 1  
tracing VHX  1680 
 (vh1) IS2 (1,1) 70 21 1680 
---------------------------------------------------
71 23 1 1  
tracing VHX  1840 
 (vh1) IS2 (1,1) 71 23 1840 
NAM  APLVcolI
SEQ  +SS
       1 A   A   U   G   A   A   G   G   C   A   G   U   C   C   U   U   C   U   C   C
         0   1   2   3   4   5   6   7   8   9   10  11  12  13  14  15  16  17  18  19  
         .   .   24  23  22  21  20  19  .   17  16  .   .   .   .   .   10  9   .   7   

      21 C   U   U   U   A   G   C   A   C   A   C   A   A   A   G   G   U   C   A   A
         20  21  22  23  24  25  26  27  28  29  30  31  32  33  34  35  36  37  38  39  
         6   5   4   3   2   47  46  45  44  .   42  41  .   .   .   .   .   .   .   .   

      41 A   U   G   G   G   U   G   C   G   A   C   U   C   C   C   C   C   C   C   U
         40  41  42  43  44  45  46  47  48  49  50  51  52  53  54  55  56  57  58  59  
         .   31  30  .   28  27  26  25  71  70  69  68  67  .   .   .   .   .   .   .   

      61 U   U   U   C   C   G   A   G   G   G   U   C   A   U   C   G   G   A   A   A
         60  61  62  63  64  65  66  67  68  69  70  71  72  73  74  75  76  77  78  79  
         79  78  77  76  75  74  73  52  51  50  49  48  .   66  65  64  63  62  61  60  

      81 C   C   A
         80  81  82  
         .   .   .   

 Log odds score:       21160 
         energy:      -21.16 
number of pairs:       26.00 
  wkn parameter:          80 
  P11 parameter:       -7000 
  P12 parameter:       -6000 
  P13 parameter:      -16000 
external pseudoknots only 
