---------------------------------------------------
82 82 41 40  
tracing WX 21286 
 (W5) SL, trace wx  82 81 21286
---------------------------------------------------
82 81 40 40  
tracing WX 21286 
 (W5) SL, trace wx  82 80 21286
---------------------------------------------------
82 80 40 39  
tracing WX 21286 
 (W5) SL, trace wx  82 79 21286
---------------------------------------------------
82 79 39 39  
tracing WX 21286 
 (W6) SR, trace wx 81 78 21286
---------------------------------------------------
81 78 39 38  
tracing WX 21286 
 (W6) SR, trace wx 80 77 21286
---------------------------------------------------
80 77 38 38  
tracing WX 21286 
 (W7) trace wx  41 38 7700
 (W7) trace wx  13586
---------------------------------------------------
80 38 19 18  
tracing WX 13586 
 (W10.1) trace yhx 70 28 16 3 9185
 (W10.1) trace yhx 80 20 6 7 9511
---------------------------------------------------
80 20 6 7  
tracing YHX 9511 
 (YH5) SRE, trace vhx 79 19 6 6 9379 
---------------------------------------------------
79 19 6 6  
tracing VHX  9379 
 (vh2) trace vhx 79 19 1 1 747 
 (vh2) trace vhx 78 17 5 5 8632 
---------------------------------------------------
78 17 5 5  
tracing VHX  8632 
 (vh2) trace vhx 78 17 1 1 747 
 (vh2) trace vhx 77 15 4 4 7885 
---------------------------------------------------
77 15 4 4  
tracing VHX  7885 
 (vh2) trace vhx 77 15 1 1 1909 
 (vh2) trace vhx 76 13 3 3 5976 
---------------------------------------------------
76 13 3 3  
tracing VHX  5976 
 (vh2) trace vhx 76 13 1 1 2407 
 (vh2) trace vhx 75 11 2 2 3569 
---------------------------------------------------
75 11 2 2  
tracing VHX  3569 
 (vh2) trace vhx 75 11 1 1 1660 
 (vh2) trace vhx 74 9 1 1 1909 
---------------------------------------------------
74 9 1 1  
tracing VHX  1909 
 (vh1) IS2 (1,1) 74 9 1909 
---------------------------------------------------
75 11 1 1  
tracing VHX  1660 
 (vh1) IS2 (1,1) 75 11 1660 
---------------------------------------------------
76 13 1 1  
tracing VHX  2407 
 (vh1) IS2 (1,1) 76 13 2407 
---------------------------------------------------
77 15 1 1  
tracing VHX  1909 
 (vh1) IS2 (1,1) 77 15 1909 
---------------------------------------------------
78 17 1 1  
tracing VHX  747 
 (vh1) IS2 (1,1) 78 17 747 
---------------------------------------------------
79 19 1 1  
tracing VHX  747 
 (vh1) IS2 (1,1) 79 19 747 
---------------------------------------------------
70 28 16 3  
tracing YHX 9185 
 (YH6) SRE, trace yhx 69 27 16 2 9385 
---------------------------------------------------
69 27 16 2  
tracing YHX 9385 
 (YH8.1) EL, trace vx  55 13 1500 
 (YH8.1) EL, trace vhx 69 13 2 2 4814 
---------------------------------------------------
55 13 6 6  
tracing VX  1500   
 (v2) IS2 (1,1) 2900
 trace vx 54 11 -1400
---------------------------------------------------
54 11 5 5  
tracing VX  -1400   
 (v2) IS2 (1,1) 2900
 trace vx 53 9 -4300
---------------------------------------------------
53 9 4 4  
tracing VX  -4300   
 (v1) hairpin 9, -4300 
---------------------------------------------------
69 13 2 2  
tracing VHX  4814 
 (vh2) trace vhx 69 13 1 1 2407 
 (vh2) trace vhx 68 11 1 1 2407 
---------------------------------------------------
68 11 1 1  
tracing VHX  2407 
 (vh1) IS2 (1,1) 68 11 2407 
---------------------------------------------------
69 13 1 1  
tracing VHX  2407 
 (vh1) IS2 (1,1) 69 13 2407 
---------------------------------------------------
41 38 19 18  
tracing WX 7700 
 (W6) SR, trace wx 40 37 7700
---------------------------------------------------
40 37 18 18  
tracing WX 7700 
 (W6) SR, trace wx 39 36 7700
---------------------------------------------------
39 36 18 17  
tracing WX 7700 
 (W6) SR, trace wx 38 35 7700
---------------------------------------------------
38 35 17 17  
tracing WX 7700 
 (W6) SR, trace wx 37 34 7700
---------------------------------------------------
37 34 17 16  
tracing WX 7700 
 (W6) SR, trace wx 36 33 7700
---------------------------------------------------
36 33 16 16  
tracing WX 7700 
 (W7) trace wx  17 14 4600
 (W7) trace wx  3100
---------------------------------------------------
36 18 9 8  
tracing WX 3100 
 (W2) SR SL, trace vx 35 16 2200
---------------------------------------------------
35 16 8 7  
tracing VX  2200   
 (v2) IS2 (1,1) 2900
 trace vx 34 14 -700
---------------------------------------------------
34 14 7 6  
tracing VX  -700   
 (v2) IS2 (1,1) 1700
 trace vx 33 12 -2400
---------------------------------------------------
33 12 6 5  
tracing VX  -2400   
 (v2) IS2 (1,1) 900
 trace vx 32 10 -3300
---------------------------------------------------
32 10 5 4  
tracing VX  -3300   
 (v2) IS2 (1,1) 900
 trace vx 31 8 -4200
---------------------------------------------------
31 8 4 3  
tracing VX  -4200   
 (v1) hairpin 8, -4200 
---------------------------------------------------
17 14 7 6  
tracing WX 4600 
 (W4) SR, trace vx 16 13 3400
---------------------------------------------------
16 13 6 6  
tracing VX  3400   
 (v2) IS2 (1,1) 2300
 trace vx 15 11 1100
---------------------------------------------------
15 11 5 5  
tracing VX  1100   
 (v2) IS2 (1,1) 900
 trace vx 14 9 200
---------------------------------------------------
14 9 4 4  
tracing VX  200   
 (v2) IS2 (1,1) 1700
 trace vx 13 7 -1500
---------------------------------------------------
13 7 3 3  
tracing VX  -1500   
 (v2) IS2 (1,1) 2900
 trace vx 12 5 -4400
---------------------------------------------------
12 5 2 2  
tracing VX  -4400   
 (v1) hairpin 5, -4400 
NAM  APLVcolI
SEQ  +SS
       1 A   A   U   G   A   A   G   G   C   A   G   U   C   C   U   U   C   U   C   C
         0   1   2   3   4   5   6   7   8   9   10  11  12  13  14  15  16  17  18  19  
         .   .   .   16  15  14  13  12  .   .   .   .   7   6   5   4   3   .   .   35  

      21 C   U   U   U   A   G   C   A   C   A   C   A   A   A   G   G   U   C   A   A
         20  21  22  23  24  25  26  27  28  29  30  31  32  33  34  35  36  37  38  39  
         34  33  32  31  .   .   .   .   .   .   .   23  22  21  20  19  .   .   .   .   

      41 A   U   G   G   G   U   G   C   G   A   C   U   C   C   C   C   C   C   C   U
         40  41  42  43  44  45  46  47  48  49  50  51  52  53  54  55  56  57  58  59  
         .   .   55  54  53  .   .   .   .   .   .   .   .   44  43  42  69  68  67  .   

      61 U   U   U   C   C   G   A   G   G   G   U   C   A   U   C   G   G   A   A   A
         60  61  62  63  64  65  66  67  68  69  70  71  72  73  74  75  76  77  78  79  
         79  78  77  76  75  74  73  58  57  56  .   .   .   66  65  64  63  62  61  60  

      81 C   C   A
         80  81  82  
         .   .   .   

----------------------------------------------------------------------
   Log odds score:       21286 
energy (kcal/mol):      -21.29 
  number of pairs:       23.00 
----------------------------------------------------------------------
Pseudoknots? YES
----------------------------------------------------------------------
Parameters (energy units, kcal/mol)
 wkn  parameter:          0.83 (pseudoknots weight)
 P1   parameter:          0.00 
 P2   parameter:          0.00 
 P3   parameter:          3.00 
 P4   parameter:          0.00 
 P5   parameter:          4.60 
 P5P  parameter:          8.43 
 P6   parameter:          0.40 
 P6P  parameter:          0.24 
 P10  parameter:          0.10 
 P10P parameter:          0.10 
 P11  parameter:          7.00 
 P12  parameter:          6.00 
 P13  parameter:         16.00 
 full pseudoknot model.
