---------------------------------------------------
115 115 57 57  
tracing WX 39300 
 (W6) SR, trace wx 114 114 39300
---------------------------------------------------
114 114 57 56  
tracing WX 39300 
 (W7) trace wx  97 97 32200
 (W7) trace wx  114 16 7100
---------------------------------------------------
114 16 8 7  
tracing WX 7100 
 (W4) SR, trace vx 113 15 6300
---------------------------------------------------
113 15 7 7  
tracing VX  6300   
 (v2) IS2 (1,1) 2100
 trace vx 112 13 4200
---------------------------------------------------
112 13 6 6  
tracing VX  4200   
 (v2) IS2 (1,1) 2300
 trace vx 111 11 1900
---------------------------------------------------
111 11 5 5  
tracing VX  1900   
 (v2) IS2 (1,1) 1700
 trace vx 110 9 200
---------------------------------------------------
110 9 4 4  
tracing VX  200   
 (v2) IS2 (1,1) 2300
 trace vx 109 7 -2100
---------------------------------------------------
109 7 3 3  
tracing VX  -2100   
 (v2) IS2 (1,1) 1900
 trace vx 108 5 -4000
---------------------------------------------------
108 5 2 2  
tracing VX  -4000   
 (v1) hairpin 5, -4000 
---------------------------------------------------
97 97 48 48  
tracing WX 32200 
 (W8.3) trace vx 72 72 14400
 (W8.3) dangle j, trace vx 96 23 15400
---------------------------------------------------
96 23 11 11  
tracing VX  15400   
 (v2) IS2 (1,1) 1000
 trace vx 95 21 14400
---------------------------------------------------
95 21 10 10  
tracing VX  14400   
 (v2) IS2 (1,1) 1800
 trace vx 94 19 12600
---------------------------------------------------
94 19 9 9  
tracing VX  12600   
 (v2) IS2 (1,1) 2100
 trace vx 93 17 10500
---------------------------------------------------
93 17 8 8  
tracing VX  10500   
 (v2) IS2 (1,1) 1800
 trace vx 92 15 8700
---------------------------------------------------
92 15 7 7  
tracing VX  8700   
 (v2) IS2 (1,1) 2900
 trace vx 91 13 5800
---------------------------------------------------
91 13 6 6  
tracing VX  5800   
 (v2) IS2 (1,1) 2100
 trace vx 90 11 3700
---------------------------------------------------
90 11 5 5  
tracing VX  3700   
 (v2) IS2 (1,1) 1800
 trace vx 89 9 1900
---------------------------------------------------
89 9 4 4  
tracing VX  1900   
 (v2) IS2 (1,1) 2100
 trace vx 88 7 -200
---------------------------------------------------
88 7 3 3  
tracing VX  -200   
 (v2) IS2 (1,1) 900
 trace vx 87 5 -1100
---------------------------------------------------
87 5 2 2  
tracing VX  -1100   
 (v1) hairpin 5, -1100 
---------------------------------------------------
72 72 36 35  
tracing VX  14400   
 (v2) IS2 (1,1) 2300
 trace vx 71 70 12100
---------------------------------------------------
71 70 35 34  
tracing VX  12100   
 (v2) IS2 (1,1) 900
 trace vx 70 68 11200
---------------------------------------------------
70 68 34 33  
tracing VX  11200   
 (v2) IS2 (1,1) 1100
 trace vx 69 66 10100
---------------------------------------------------
69 66 33 32  
tracing VX  10100   
 (v2) IS2 (1,1) 900
 trace vx 68 64 9200
---------------------------------------------------
68 64 32 31  
tracing VX  9200   
 (v2) IS2 (1,1) 2300
 trace vx 67 62 6900
---------------------------------------------------
67 62 31 30  
tracing VX  6900   
 (v2) IS2 (1,1) 1700
 trace vx 66 60 5200
---------------------------------------------------
66 60 30 29  
tracing VX  5200   
 (v5_1) multiloop wbx 33 26 5000
 (v5_1) multiloop vx  65 31 3100
---------------------------------------------------
65 31 15 15  
tracing VX  3100   
 (v2) IS2 (1,1) 2300
 trace vx 64 29 800
---------------------------------------------------
64 29 14 14  
tracing VX  800   
 (v2) IS2 (1,1) 2900
 trace vx 63 27 -2100
---------------------------------------------------
63 27 13 13  
tracing VX  -2100   
 (v2) IS2 (1,1) 1800
 trace vx 62 25 -3900
---------------------------------------------------
62 25 12 12  
tracing VX  -3900   
 (v2) IS2 (1,1) 900
 trace vx 61 23 -4800
---------------------------------------------------
61 23 11 11  
tracing VX  -4800   
 (v4_4) multiloop, trace vx  46 7 -2400
 (v4_4) multiloop, trace wbx 59 11 -700
---------------------------------------------------
59 11 5 5  
tracing WBX -700 
 (WB4) SR, trace vx 58 10 -900
---------------------------------------------------
58 10 5 4  
tracing VX  -900   
 (v2) IS2 (1,1) 900
 trace vx 57 8 -1800
---------------------------------------------------
57 8 4 3  
tracing VX  -1800   
 (v2) IS2 (1,1) 1800
 trace vx 56 6 -3600
---------------------------------------------------
56 6 3 2  
tracing VX  -3600   
 (v1) hairpin 6, -3600 
---------------------------------------------------
46 7 3 3  
tracing VX  -2400   
 (v1) hairpin 7, -2400 
---------------------------------------------------
33 26 13 12  
tracing WBX 5000 
 (WB5) SL, trace wbx  33 25 5400
---------------------------------------------------
33 25 12 12  
tracing WBX 5400 
 (WB6) SR, trace wbx 32 24 5800
---------------------------------------------------
32 24 12 11  
tracing WBX 5800 
 (WB6) SR, trace wbx 31 23 6200
---------------------------------------------------
31 23 11 11  
tracing WBX 6200 
 (WB6) SR, trace wbx 30 22 6600
---------------------------------------------------
30 22 11 10  
tracing WBX 6600 
 (WB6) SR, trace wbx 29 21 7000
---------------------------------------------------
29 21 10 10  
tracing WBX 7000 
 (WB2) SR SL, trace vx 28 19 7600
---------------------------------------------------
28 19 9 9  
tracing VX  7600   
 (v2) IS2 (1,1) 2100
 trace vx 27 17 5500
---------------------------------------------------
27 17 8 8  
tracing VX  5500   
 (v2) IS2 (1,1) 2900
 trace vx 26 15 2600
---------------------------------------------------
26 15 7 7  
tracing VX  2600   
 (v2) IS2 (1,1) 1200
 trace vx 25 13 1400
---------------------------------------------------
25 13 6 6  
tracing VX  1400   
 (v2) IS2 (1,1) 2100
 trace vx 24 11 -700
---------------------------------------------------
24 11 5 5  
tracing VX  -700   
 (v2) IS2 (1,1) 2900
 trace vx 23 9 -3600
---------------------------------------------------
23 9 4 4  
tracing VX  -3600   
 (v1) hairpin 9, -3600 
NAM  BBMV1
SEQ  +SS
       1 G   A   U   A   U   C   U   G   U   A   C   C   G   C   C   U   G   C   U   C
         0   1   2   3   4   5   6   7   8   9   10  11  12  13  14  15  16  17  18  19  
         72  71  70  69  68  67  66  .   .   28  27  26  25  24  23  .   .   .   .   .   

      21 C   C   C   G   G   U   G   G   U   U   U   C   G   A   U   C   C   A   U   G
         20  21  22  23  24  25  26  27  28  29  30  31  32  33  34  35  36  37  38  39  
         .   .   .   14  13  12  11  10  9   .   .   .   .   .   65  64  63  62  61  46  

      41 G   C   U   U   C   A   C   G   A   U   G   U   G   U   U   G   C   A   U   A
         40  41  42  43  44  45  46  47  48  49  50  51  52  53  54  55  56  57  58  59  
         .   .   .   .   .   .   39  .   58  57  56  .   .   .   .   .   50  49  48  .   

      61 G   A   U   G   G   A   A   G   A   U   A   U   C   G   U   G   U   G   G   U
         60  61  62  63  64  65  66  67  68  69  70  71  72  73  74  75  76  77  78  79  
         .   38  37  36  35  34  6   5   4   3   2   1   0   96  95  94  93  92  91  90  

      81 G   U   U   G   A   A   A   A   A   C   A   C   C   A   C   A   U   A   G   U
         80  81  82  83  84  85  86  87  88  89  90  91  92  93  94  95  96  97  98  99  
         89  88  87  .   .   .   .   82  81  80  79  78  77  76  75  74  73  .   113 112 

     101 C   U   C   U   U   A   G   G   G   G   A   G   A   C   C   A
         100 101 102 103 104 105 106 107 108 109 110 111 112 113 114 115 
         111 110 109 108 .   .   .   .   103 102 101 100 99  98  .   .   

----------------------------------------------------------------------
   Log odds score:       39300 
energy (kcal/mol):      -39.30 
  number of pairs:       38.00 
----------------------------------------------------------------------
Pseudoknots? YES
----------------------------------------------------------------------
Parameters (energy units, kcal/mol)
 wkn  parameter:          0.83 (pseudoknots weight)
 P1   parameter:          0.00 
 P2   parameter:          0.00 
 P3   parameter:          3.00 
 P4   parameter:          0.00 
 P5   parameter:          4.60 
 P5P  parameter:          8.43 
 P6   parameter:          0.40 
 P6P  parameter:          0.24 
 P10  parameter:          0.10 
 P10P parameter:          0.10 
 P11  parameter:          7.00 
 P12  parameter:          6.00 
 P13  parameter:         16.00 
 full pseudoknot model.
