---------------------------------------------------
---------------------------------------------------
60 60 30 29  
tracing WX 15600 
 (W4) SR, trace vx 59 59 14400
---------------------------------------------------
59 59 29 29  
tracing VX  14400   
 (v2) IS2 (1,1) 1900
 trace vx 58 57 12500
---------------------------------------------------
58 57 28 28  
tracing VX  12500   
 (v2) IS2 (1,1) 3400
 trace vx 57 55 9100
---------------------------------------------------
57 55 27 27  
tracing VX  9100   
 (v5_2)multiloop wbx 9 5 0
 (v5_2)multiloop vx  56 46 10800
---------------------------------------------------
56 46 23 22  
tracing VX  10800   
 (v2) IS2 (1,1) 900
 trace vx 55 44 9900
---------------------------------------------------
55 44 22 21  
tracing VX  9900   
 (v2) IS2 (1,1) 1100
 trace vx 54 42 8800
---------------------------------------------------
54 42 21 20  
tracing VX  8800   
 (v2) IS2 (1,1) 1700
 trace vx 53 40 7100
---------------------------------------------------
53 40 20 19  
tracing VX  7100   
 (v2) IS2 (1,1) 2900
 trace vx 52 38 4200
---------------------------------------------------
52 38 19 18  
tracing VX  4200   
 (v2) IS2 (1,1) 3400
 trace vx 51 36 800
---------------------------------------------------
51 36 18 17  
tracing VX  800   
 (v2) IS2 (1,1) 1700
 trace vx 50 34 -900
---------------------------------------------------
50 34 17 16  
tracing VX  -900   
 (v4_7) multiloop, trace vx  25 7 -600
 (v4_7) multiloop, trace wbx 49 22 1800
---------------------------------------------------
49 22 11 10  
tracing WBX 1800 
 (WB7) trace wbx  42 15 1800
 (WB7) trace wbx  0
---------------------------------------------------
49 6 3 2  
tracing WBX 0 
---------------------------------------------------
42 15 7 7  
tracing WBX 1800 
 (WB4) SR, trace vx 41 14 1800
---------------------------------------------------
41 14 7 6  
tracing VX  1800   
 (v2) IS2 (1,1) 1100
 trace vx 40 12 700
---------------------------------------------------
40 12 6 5  
tracing VX  700   
 (v2) IS2 (1,1) 500
 trace vx 39 10 200
---------------------------------------------------
39 10 5 4  
tracing VX  200   
 (v2) IS2 (1,1) 1900
 trace vx 38 8 -1700
---------------------------------------------------
38 8 4 3  
tracing VX  -1700   
 (v2) IS2 (1,1) 2100
 trace vx 37 6 -3800
---------------------------------------------------
37 6 3 2  
tracing VX  -3800   
 (v1) hairpin 6, -3800 
---------------------------------------------------
25 7 3 3  
tracing VX  -600   
 (v2) IS2 (1,1) 2900
 trace vx 24 5 -3500
---------------------------------------------------
24 5 2 2  
tracing VX  -3500   
 (v1) hairpin 5, -3500 
---------------------------------------------------
9 5 2 2  
tracing WBX 0 
NAM  biotin
SEQ  +SS
       1 G   G   C   A   C   C   G   A   C   C   A   U   A   G   G   C   U   C   G   G
         0   1   2   3   4   5   6   7   8   9   10  11  12  13  14  15  16  17  18  19  
         59  58  57  .   .   .   .   .   .   .   56  55  54  53  52  51  50  .   25  24  

      21 G   U   U   G   C   C   A   G   A   G   G   U   U   C   C   A   C   A   C   U
         20  21  22  23  24  25  26  27  28  29  30  31  32  33  34  35  36  37  38  39  
         .   .   .   .   19  18  .   41  40  39  38  37  .   .   .   .   .   31  30  29  

      41 U   U   C   A   U   C   G   A   A   A   A   G   C   C   U   A   U   G   C   U
         40  41  42  43  44  45  46  47  48  49  50  51  52  53  54  55  56  57  58  59  
         28  27  .   .   .   .   .   .   .   .   16  15  14  13  12  11  10  2   1   0   

      61 A
         60  
         .   

----------------------------------------------------------------------
   Log odds score:       15600 
energy (kcal/mol):      -15.60 
  number of pairs:       17.00 
----------------------------------------------------------------------
Pseudoknots? NO
----------------------------------------------------------------------
Parameters (energy  units, kcal/mol)
 P1   parameter:          0.00 
 P2   parameter:          0.00 
 P3   parameter:          1.00 
 P4   parameter:          0.00 
 P5   parameter:          4.60 
 P6   parameter:          0.40 
 P10  parameter:          0.10 
