---------------------------------------------------
74 74 37 36  
tracing WX 25300 
 (w6) SR trace wx 73 73 25300
---------------------------------------------------
73 73 36 36  
tracing WX 25300 
 (w6) SR trace wx 72 72 25300
---------------------------------------------------
72 72 36 35  
tracing WX 25300 
 (w6) SR trace wx 71 71 25300
---------------------------------------------------
71 71 35 35  
tracing WX 25300 
 (w4) SR trace vx  70 70 23600
---------------------------------------------------
70 70 35 34  
tracing VX  23600   
 (v2) IS2 (1, 1), j,d(70,70) 2900
 trace vx 69 68 20700
---------------------------------------------------
69 68 34 33  
tracing VX  20700   
 (v2) IS2 (1, 1), j,d(69,68) 1400
 trace vx 68 66 19300
---------------------------------------------------
68 66 33 32  
tracing VX  19300   
 (v2) IS2 (1, 1), j,d(68,66) 2100
 trace vx 67 64 17200
---------------------------------------------------
67 64 32 31  
tracing VX  17200   
 (v5.2)multiloop wbx 43 38 9600
 (v5.2)multiloop vx  66 22 8300
---------------------------------------------------
66 22 11 10  
tracing VX  8300   
 (v2) IS2 (1, 1), j,d(66,22) 500
 trace vx 65 20 7800
---------------------------------------------------
65 20 10 9  
tracing VX  7800   
 (v2) IS2 (1, 1), j,d(65,20) 400
 trace vx 64 18 7400
---------------------------------------------------
64 18 9 8  
tracing VX  7400   
 (v2) IS2 (1, 1), j,d(64,18) 1900
 trace vx 63 16 5500
---------------------------------------------------
63 16 8 7  
tracing VX  5500   
 (v2) IS2 (1, 1), j,d(63,16) 2300
 trace vx 62 14 3200
---------------------------------------------------
62 14 7 6  
tracing VX  3200   
 (v2) IS2 (1, 1), j,d(62,14) 1700
 trace vx 61 12 1500
---------------------------------------------------
61 12 6 5  
tracing VX  1500   
 (v2) IS2 (1, 1), j,d(61,12) 2900
 trace vx 60 10 -1400
---------------------------------------------------
60 10 5 4  
tracing VX  -1400   
 (v2) IS2 (1, 1), j,d(60,10) 2900
 trace vx 59 8 -4300
---------------------------------------------------
59 8 4 3  
tracing VX  -4300   
 (v1) hairpin 8, j(59) -4300 
---------------------------------------------------
43 38 19 18  
tracing WBX 9600 
 (WB5) SL, trace wbx  43 37 10000
---------------------------------------------------
43 37 18 18  
tracing WBX 10000 
 (WB5) SL, trace wbx  43 36 10400
---------------------------------------------------
43 36 18 17  
tracing WBX 10400 
 (WB5) SL, trace wbx  43 35 10800
---------------------------------------------------
43 35 17 17  
tracing WBX 10800 
 (WB5) SL, trace wbx  43 34 11200
---------------------------------------------------
43 34 17 16  
tracing WBX 11200 
 (WB8.1) trace vx 24 15 2100
 (WB8.1) trace vx 43 18 6500
---------------------------------------------------
43 18 9 8  
tracing VX  6500   
 (v2) IS2 (1, 1), j,d(43,18) 2100
 trace vx 42 16 4400
---------------------------------------------------
42 16 8 7  
tracing VX  4400   
 (v2) IS2 (1, 1), j,d(42,16) 2900
 trace vx 41 14 1500
---------------------------------------------------
41 14 7 6  
tracing VX  1500   
 (v2) IS2 (1, 1), j,d(41,14) 1800
 trace vx 40 12 -300
---------------------------------------------------
40 12 6 5  
tracing VX  -300   
 (v2) IS2 (1, 1), j,d(40,12) 1700
 trace vx 39 10 -2000
---------------------------------------------------
39 10 5 4  
tracing VX  -2000   
 (v2) IS2 (1, 1), j,d(39,10) 2300
 trace vx 38 8 -4300
---------------------------------------------------
38 8 4 3  
tracing VX  -4300   
 (v1) hairpin 8, j(38) -4300 
---------------------------------------------------
24 15 7 7  
tracing VX  2100   
 (v2) IS2 (1, 1), j,d(24,15) 2100
 trace vx 23 13 0
---------------------------------------------------
23 13 6 6  
tracing VX  0   
 (v2) IS2 (1, 1), j,d(23,13) 1800
 trace vx 22 11 -1800
---------------------------------------------------
22 11 5 5  
tracing VX  -1800   
 (v2) IS2 (1, 2), j,d(22,11) -1800
 trace vx 20 8 0
---------------------------------------------------
20 8 4 3  
tracing VX  0   
 (v2) IS2 (1, 1), j,d(20,8) 2300
 trace vx 19 6 -2300
---------------------------------------------------
19 6 3 2  
tracing VX  -2300   
 (v1) hairpin 6, j(19) -2300 
NAM  trna
DES  DA0261
SEQ  +SS
       1 G   G   G   C   G   A   A   U   A   G   U   G   U   C   A   G   C   G   G   G
         0   1   2   3   4   5   6   7   8   9   10  11  12  13  14  15  16  17  18  19  
         70  69  68  67  .   .   .   .   .   24  23  22  20  19  .   .   .   .   .   13  

      21 A   G   C   A   C   A   C   C   A   G   A   C   U   U   G   C   A   A   U   C
         20  21  22  23  24  25  26  27  28  29  30  31  32  33  34  35  36  37  38  39  
         12  .   11  10  9   43  42  41  40  39  38  .   .   .   .   .   .   .   30  29  

      41 U   G   G   U   A   G   G   G   A   G   G   G   U   U   C   G   A   G   U   C
         40  41  42  43  44  45  46  47  48  49  50  51  52  53  54  55  56  57  58  59  
         28  27  26  25  66  65  64  63  62  61  60  59  .   .   .   .   .   .   .   51  

      61 C   C   U   C   U   U   U   G   U   C   C   A   C   C   A
         60  61  62  63  64  65  66  67  68  69  70  71  72  73  74  
         50  49  48  47  46  45  44  3   2   1   0   .   .   .   .   

 Log odds score:       25300 
         energy:      -25.30 
number of pairs:       23.00 
  wkn parameter:          83 
  P11 parameter:       -7000 
  P12 parameter:       -6000 
  P13 parameter:      -16000 
external pseudoknots only 
