---------------------------------------------------
73 73 36 36  
tracing WX 27900 
 (w6) SR trace wx 72 72 27900
---------------------------------------------------
72 72 36 35  
tracing WX 27900 
 (w6) SR trace wx 71 71 27900
---------------------------------------------------
71 71 35 35  
tracing WX 27900 
 (w6) SR trace wx 70 70 27900
---------------------------------------------------
70 70 35 34  
tracing WX 27900 
 (w4) SR trace vx  69 69 26700
---------------------------------------------------
69 69 34 34  
tracing VX  26700   
 (v2) IS2 (1, 1), j,d(69,69) 2900
 trace vx 68 67 23800
---------------------------------------------------
68 67 33 33  
tracing VX  23800   
 (v2) IS2 (1, 1), j,d(68,67) 3400
 trace vx 67 65 20400
---------------------------------------------------
67 65 32 32  
tracing VX  20400   
 (v2) IS2 (1, 1), j,d(67,65) 2000
 trace vx 66 63 18400
---------------------------------------------------
66 63 31 31  
tracing VX  18400   
 (v2) IS2 (1, 1), j,d(66,63) 3400
 trace vx 65 61 15000
---------------------------------------------------
65 61 30 30  
tracing VX  15000   
 (v2) IS2 (1, 1), j,d(65,61) 2000
 trace vx 64 59 13000
---------------------------------------------------
64 59 29 29  
tracing VX  13000   
 (v2) IS2 (1, 1), j,d(64,59) 2100
 trace vx 63 57 10900
---------------------------------------------------
63 57 28 28  
tracing VX  10900   
 (v4.3) multiloop, trace vx  20 13 1500
 (v4.3) multiloop, trace wbx 62 40 12100
---------------------------------------------------
62 40 20 19  
tracing WBX 12100 
 (WB7) trace wbx  45 23 7300
 (WB7) trace wbx  5800
---------------------------------------------------
62 16 8 7  
tracing WBX 5700 
 (WB1) trace vx  62 16 5800
---------------------------------------------------
62 16 8 7  
tracing VX  5800   
 (v2) IS2 (1, 1), j,d(62,16) 2300
 trace vx 61 14 3500
---------------------------------------------------
61 14 7 6  
tracing VX  3500   
 (v2) IS2 (1, 1), j,d(61,14) 2900
 trace vx 60 12 600
---------------------------------------------------
60 12 6 5  
tracing VX  600   
 (v2) IS2 (1, 1), j,d(60,12) 2000
 trace vx 59 10 -1400
---------------------------------------------------
59 10 5 4  
tracing VX  -1400   
 (v2) IS2 (1, 1), j,d(59,10) 2900
 trace vx 58 8 -4300
---------------------------------------------------
58 8 4 3  
tracing VX  -4300   
 (v1) hairpin 8, j(58) -4300 
---------------------------------------------------
45 23 11 11  
tracing WBX 6400 
 (WB2) SR SL, trace vx 44 21 6300
---------------------------------------------------
44 21 10 10  
tracing VX  6300   
 (v2) IS2 (1, 1), j,d(44,21) 1100
 trace vx 43 19 5200
---------------------------------------------------
43 19 9 9  
tracing VX  5200   
 (v2) IS2 (1, 1), j,d(43,19) 1700
 trace vx 42 17 3500
---------------------------------------------------
42 17 8 8  
tracing VX  3500   
 (v2) IS2 (1, 2), j,d(42,17) -500
 trace vx 40 14 4000
---------------------------------------------------
40 14 7 6  
tracing VX  4000   
 (v2) IS2 (1, 1), j,d(40,14) 2000
 trace vx 39 12 2000
---------------------------------------------------
39 12 6 5  
tracing VX  2000   
 (v2) IS2 (1, 1), j,d(39,12) 2900
 trace vx 38 10 -900
---------------------------------------------------
38 10 5 4  
tracing VX  -900   
 (v2) IS2 (1, 1), j,d(38,10) 2300
 trace vx 37 8 -3200
---------------------------------------------------
37 8 4 3  
tracing VX  -3200   
 (v2) IS2 (1, 1), j,d(37,8) 900
 trace vx 36 6 -4100
---------------------------------------------------
36 6 3 2  
tracing VX  -4100   
 (v1) hairpin 6, j(36) -4100 
---------------------------------------------------
20 13 6 6  
tracing VX  1500   
 (v2) IS2 (1, 1), j,d(20,13) 1100
 trace vx 19 11 400
---------------------------------------------------
19 11 5 5  
tracing VX  400   
 (v2) IS2 (1, 1), j,d(19,11) 900
 trace vx 18 9 -500
---------------------------------------------------
18 9 4 4  
tracing VX  -500   
 (v2) IS2 (1, 1), j,d(18,9) 2100
 trace vx 17 7 -2600
---------------------------------------------------
17 7 3 3  
tracing VX  -2600   
 (v1) hairpin 7, j(17) -2600 
NAM  trna
DES  DC1660
SEQ  +SS
       1 G   G   C   G   C   G   U   U   A   A   C   A   A   A   G   C   G   G   U   U
         0   1   2   3   4   5   6   7   8   9   10  11  12  13  14  15  16  17  18  19  
         69  68  67  66  65  64  63  20  19  18  17  .   .   .   .   .   .   10  9   8   

      21 A   U   G   U   A   G   C   G   G   A   U   U   G   C   A   A   A   U   C   C
         20  21  22  23  24  25  26  27  28  29  30  31  32  33  34  35  36  37  38  39  
         7   .   .   44  43  42  40  39  38  37  36  .   .   .   .   .   30  29  28  27  

      41 G   U   C   U   A   G   U   C   C   G   G   U   U   C   G   A   C   U   C   C
         40  41  42  43  44  45  46  47  48  49  50  51  52  53  54  55  56  57  58  59  
         26  .   25  24  23  .   62  61  60  59  58  .   .   .   .   .   .   .   50  49  

      61 G   G   A   A   C   G   C   G   C   C   U   C   C   A
         60  61  62  63  64  65  66  67  68  69  70  71  72  73  
         48  47  46  6   5   4   3   2   1   0   .   .   .   .   

 Log odds score:       27900 
         energy:      -27.90 
number of pairs:       24.00 
  wkn parameter:          83 
  P11 parameter:       -7000 
  P12 parameter:       -6000 
  P13 parameter:      -16000 
external pseudoknots only 
