---------------------------------------------------
70 70 35 34  
tracing WX 30600 
 (w4) SR trace vx  69 69 29400
---------------------------------------------------
69 69 34 34  
tracing VX  29400   
 (v2) IS2 (1, 1), j,d(69,69) 2900
 trace vx 68 67 26500
---------------------------------------------------
68 67 33 33  
tracing VX  26500   
 (v2) IS2 (1, 1), j,d(68,67) 3400
 trace vx 67 65 23100
---------------------------------------------------
67 65 32 32  
tracing VX  23100   
 (v2) IS2 (1, 1), j,d(67,65) 2000
 trace vx 66 63 21100
---------------------------------------------------
66 63 31 31  
tracing VX  21100   
 (v2) IS2 (1, 1), j,d(66,63) 2900
 trace vx 65 61 18200
---------------------------------------------------
65 61 30 30  
tracing VX  18200   
 (v2) IS2 (1, 1), j,d(65,61) 3400
 trace vx 64 59 14800
---------------------------------------------------
64 59 29 29  
tracing VX  14800   
 (v2) IS2 (1, 1), j,d(64,59) 1800
 trace vx 63 57 13000
---------------------------------------------------
63 57 28 28  
tracing VX  13000   
 (v4.1) multiloop, trace vx  20 13 1200
 (v4.1) multiloop, trace wbx 62 41 14700
---------------------------------------------------
62 41 20 20  
tracing WBX 14700 
 (WB8.1) trace vx 45 24 6000
 (WB8.1) trace vx 62 16 5000
---------------------------------------------------
62 16 8 7  
tracing VX  5000   
 (v2) IS2 (1, 1), j,d(62,16) 2900
 trace vx 61 14 2100
---------------------------------------------------
61 14 7 6  
tracing VX  2100   
 (v2) IS2 (1, 1), j,d(61,14) 2900
 trace vx 60 12 -800
---------------------------------------------------
60 12 6 5  
tracing VX  -800   
 (v2) IS2 (1, 1), j,d(60,12) 1800
 trace vx 59 10 -2600
---------------------------------------------------
59 10 5 4  
tracing VX  -2600   
 (v2) IS2 (1, 1), j,d(59,10) 1700
 trace vx 58 8 -4300
---------------------------------------------------
58 8 4 3  
tracing VX  -4300   
 (v1) hairpin 8, j(58) -4300 
---------------------------------------------------
45 24 12 11  
tracing VX  6000   
 (v2) IS2 (1, 1), j,d(45,24) 2900
 trace vx 44 22 3100
---------------------------------------------------
44 22 11 10  
tracing VX  3100   
 (v2) IS2 (2, 2), j,d(44,22) -800
 trace vx 42 18 3900
---------------------------------------------------
42 18 9 8  
tracing VX  3900   
 (v2) IS2 (1, 1), j,d(42,18) 500
 trace vx 41 16 3400
---------------------------------------------------
41 16 8 7  
tracing VX  3400   
 (v2) IS2 (1, 1), j,d(41,16) 400
 trace vx 40 14 3000
---------------------------------------------------
40 14 7 6  
tracing VX  3000   
 (v2) IS2 (1, 1), j,d(40,14) 1900
 trace vx 39 12 1100
---------------------------------------------------
39 12 6 5  
tracing VX  1100   
 (v2) IS2 (1, 1), j,d(39,12) 2900
 trace vx 38 10 -1800
---------------------------------------------------
38 10 5 4  
tracing VX  -1800   
 (v2) IS2 (1, 1), j,d(38,10) 2300
 trace vx 37 8 -4100
---------------------------------------------------
37 8 4 3  
tracing VX  -4100   
 (v2) IS2 (2, 1), j,d(37,8) -3000
 trace vx 36 5 -1100
---------------------------------------------------
36 5 2 2  
tracing VX  -1100   
 (v1) hairpin 5, j(36) -1100 
---------------------------------------------------
20 13 6 6  
tracing VX  1200   
 (v2) IS2 (2, 2), j,d(20,13) -800
 trace vx 18 9 2000
---------------------------------------------------
18 9 4 4  
tracing VX  2000   
 (v2) IS2 (1, 1), j,d(18,9) 2100
 trace vx 17 7 -100
---------------------------------------------------
17 7 3 3  
tracing VX  -100   
 (v2) IS2 (1, 1), j,d(17,7) 2900
 trace vx 16 5 -3000
---------------------------------------------------
16 5 2 2  
tracing VX  -3000   
 (v1) hairpin 5, j(16) -3000 
NAM  trna
DES  DC2720
SEQ  +SS
       1 G   G   C   G   G   C   A   U   G   G   C   C   A   A   G   U   G   G   U   A
         0   1   2   3   4   5   6   7   8   9   10  11  12  13  14  15  16  17  18  19  
         69  68  67  66  65  64  63  20  .   18  17  16  .   .   .   .   11  10  9   .   

      21 A   G   G   C   A   G   G   G   G   A   C   U   G   C   A   A   A   U   C   C
         20  21  22  23  24  25  26  27  28  29  30  31  32  33  34  35  36  37  38  39  
         7   45  44  .   42  41  40  39  38  37  .   36  .   .   .   .   31  29  28  27  

      41 U   U   U   A   C   C   C   C   C   A   G   U   U   C   A   A   A   U   C   U
         40  41  42  43  44  45  46  47  48  49  50  51  52  53  54  55  56  57  58  59  
         26  25  24  .   22  21  62  61  60  59  58  .   .   .   .   .   .   .   50  49  

      61 G   G   G   U   G   C   C   G   C   C   U
         60  61  62  63  64  65  66  67  68  69  70  
         48  47  46  6   5   4   3   2   1   0   .   

 Log odds score:       30600 
         energy:      -30.60 
number of pairs:       25.00 
  wkn parameter:          83 
  P11 parameter:       -7000 
  P12 parameter:       -6000 
  P13 parameter:      -16000 
external pseudoknots only 
