---------------------------------------------------
73 73 36 36  
tracing WX 25100 
 (w4) SR trace vx  72 72 23400
---------------------------------------------------
72 72 36 35  
tracing VX  23400   
 (v2) IS2 (1, 1), j,d(72,72) 2900
 trace vx 71 70 20500
---------------------------------------------------
71 70 35 34  
tracing VX  20500   
 (v2) IS2 (1, 1), j,d(71,70) 2900
 trace vx 70 68 17600
---------------------------------------------------
70 68 34 33  
tracing VX  17600   
 (v2) IS2 (1, 1), j,d(70,68) 2300
 trace vx 69 66 15300
---------------------------------------------------
69 66 33 32  
tracing VX  15300   
 (v2) IS2 (1, 1), j,d(69,66) 1000
 trace vx 68 64 14300
---------------------------------------------------
68 64 32 31  
tracing VX  14300   
 (v2) IS2 (1, 1), j,d(68,64) 500
 trace vx 67 62 13800
---------------------------------------------------
67 62 31 30  
tracing VX  13800   
 (v2) IS2 (1, 1), j,d(67,62) 1800
 trace vx 66 60 12000
---------------------------------------------------
66 60 30 29  
tracing VX  12000   
 (v5.4) multiloop wbx 47 39 8700
 (v5.4) multiloop vx  65 16 5700
---------------------------------------------------
65 16 8 7  
tracing VX  5700   
 (v2) IS2 (1, 1), j,d(65,16) 2100
 trace vx 64 14 3600
---------------------------------------------------
64 14 7 6  
tracing VX  3600   
 (v2) IS2 (1, 1), j,d(64,14) 2000
 trace vx 63 12 1600
---------------------------------------------------
63 12 6 5  
tracing VX  1600   
 (v2) IS2 (1, 1), j,d(63,12) 2900
 trace vx 62 10 -1300
---------------------------------------------------
62 10 5 4  
tracing VX  -1300   
 (v2) IS2 (1, 1), j,d(62,10) 2900
 trace vx 61 8 -4200
---------------------------------------------------
61 8 4 3  
tracing VX  -4200   
 (v1) hairpin 8, j(61) -4200 
---------------------------------------------------
47 39 19 19  
tracing WBX 8700 
 (WB6) SR, trace wbx 46 38 9100
---------------------------------------------------
46 38 19 18  
tracing WBX 9100 
 (WB6) SR, trace wbx 45 37 9500
---------------------------------------------------
45 37 18 18  
tracing WBX 9500 
 (WB6) SR, trace wbx 44 36 9900
---------------------------------------------------
44 36 18 17  
tracing WBX 9900 
 (WB7) trace wbx  26 18 3000
 (WB7) trace wbx  8300
---------------------------------------------------
44 17 8 8  
tracing WBX 7800 
 (WB4) SR, trace vx 43 16 7200
---------------------------------------------------
43 16 8 7  
tracing VX  7200   
 (v2) IS2 (1, 1), j,d(43,16) 2900
 trace vx 42 14 4300
---------------------------------------------------
42 14 7 6  
tracing VX  4300   
 (v2) IS2 (1, 1), j,d(42,14) 2000
 trace vx 41 12 2300
---------------------------------------------------
41 12 6 5  
tracing VX  2300   
 (v2) IS2 (1, 1), j,d(41,12) 3400
 trace vx 40 10 -1100
---------------------------------------------------
40 10 5 4  
tracing VX  -1100   
 (v2) IS2 (1, 1), j,d(40,10) 2900
 trace vx 39 8 -4000
---------------------------------------------------
39 8 4 3  
tracing VX  -4000   
 (v1) hairpin 8, j(39) -4000 
---------------------------------------------------
26 18 9 8  
tracing WBX 2100 
 (WB2) SR SL, trace vx 25 16 1100
---------------------------------------------------
25 16 8 7  
tracing VX  1100   
 (v2) IS2 (1, 1), j,d(25,16) 2100
 trace vx 24 14 -1000
---------------------------------------------------
24 14 7 6  
tracing VX  -1000   
 (v2) IS2 (1, 1), j,d(24,14) 500
 trace vx 23 12 -1500
---------------------------------------------------
23 12 6 5  
tracing VX  -1500   
 (v2) IS2 (1, 1), j,d(23,12) 2300
 trace vx 22 10 -3800
---------------------------------------------------
22 10 5 4  
tracing VX  -3800   
 (v1) hairpin 10, j(22) -3800 
NAM  trna
DES  DD3280
SEQ  +SS
       1 G   G   G   A   U   U   G   U   A   G   U   U   C   A   A   U   U   G   G   U
         0   1   2   3   4   5   6   7   8   9   10  11  12  13  14  15  16  17  18  19  
         72  71  70  69  68  67  66  .   .   25  24  23  22  .   .   .   .   .   .   .   

      21 U   A   G   A   G   C   A   C   C   G   C   C   C   U   G   U   C   A   A   G
         20  21  22  23  24  25  26  27  28  29  30  31  32  33  34  35  36  37  38  39  
         .   .   12  11  10  9   .   43  42  41  40  39  .   .   .   .   .   .   .   31  

      41 G   C   G   G   A   A   G   C   U   G   C   G   G   G   U   U   C   G   A   G
         40  41  42  43  44  45  46  47  48  49  50  51  52  53  54  55  56  57  58  59  
         30  29  28  27  .   .   .   .   .   65  64  63  62  61  .   .   .   .   .   .   

      61 C   C   C   C   G   U   C   A   G   U   C   C   C   G
         60  61  62  63  64  65  66  67  68  69  70  71  72  73  
         .   53  52  51  50  49  6   5   4   3   2   1   0   .   

 Log odds score:       25100 
         energy:      -25.10 
number of pairs:       21.00 
  wkn parameter:          83 
  P11 parameter:       -7000 
  P12 parameter:       -6000 
  P13 parameter:      -16000 
external pseudoknots only 
