---------------------------------------------------
72 72 36 35  
tracing WX 22100 
 (w4) SR trace vx  71 71 20400
---------------------------------------------------
71 71 35 35  
tracing VX  20400   
 (v2) IS2 (1, 1), j,d(71,71) 3400
 trace vx 70 69 17000
---------------------------------------------------
70 69 34 34  
tracing VX  17000   
 (v2) IS2 (1, 1), j,d(70,69) 2000
 trace vx 69 67 15000
---------------------------------------------------
69 67 33 33  
tracing VX  15000   
 (v2) IS2 (1, 1), j,d(69,67) 1400
 trace vx 68 65 13600
---------------------------------------------------
68 65 32 32  
tracing VX  13600   
 (v2) IS2 (1, 1), j,d(68,65) 1100
 trace vx 67 63 12500
---------------------------------------------------
67 63 31 31  
tracing VX  12500   
 (v2) IS2 (1, 1), j,d(67,63) 900
 trace vx 66 61 11600
---------------------------------------------------
66 61 30 30  
tracing VX  11600   
 (v2) IS2 (1, 1), j,d(66,61) 900
 trace vx 65 59 10700
---------------------------------------------------
65 59 29 29  
tracing VX  10700   
 (v3.2) multiloop wbx 35 27 7600
 (v3.2) multiloop wbx 64 28 8100
---------------------------------------------------
64 28 14 13  
tracing WBX 8100 
 (WB8.1) trace vx 47 11 1200
 (WB8.1) trace vx 64 16 3200
---------------------------------------------------
64 16 8 7  
tracing VX  3200   
 (v2) IS2 (1, 1), j,d(64,16) 1700
 trace vx 63 14 1500
---------------------------------------------------
63 14 7 6  
tracing VX  1500   
 (v2) IS2 (1, 1), j,d(63,14) 1800
 trace vx 62 12 -300
---------------------------------------------------
62 12 6 5  
tracing VX  -300   
 (v2) IS2 (1, 1), j,d(62,12) 2100
 trace vx 61 10 -2400
---------------------------------------------------
61 10 5 4  
tracing VX  -2400   
 (v2) IS2 (1, 1), j,d(61,10) 1800
 trace vx 60 8 -4200
---------------------------------------------------
60 8 4 3  
tracing VX  -4200   
 (v1) hairpin 8, j(60) -4200 
---------------------------------------------------
47 11 5 5  
tracing VX  1200   
 (v2) IS2 (1, 1), j,d(47,11) 2300
 trace vx 46 9 -1100
---------------------------------------------------
46 9 4 4  
tracing VX  -1100   
 (v2) IS2 (1, 1), j,d(46,9) 1000
 trace vx 45 7 -2100
---------------------------------------------------
45 7 3 3  
tracing VX  -2100   
 (v2) IS2 (1, 1), j,d(45,7) 1400
 trace vx 44 5 -3500
---------------------------------------------------
44 5 2 2  
tracing VX  -3500   
 (v1) hairpin 5, j(44) -3500 
---------------------------------------------------
35 27 13 13  
tracing WBX 7600 
 (WB5) SL, trace wbx  35 26 8000
---------------------------------------------------
35 26 13 12  
tracing WBX 8000 
 (WB5) SL, trace wbx  35 25 8400
---------------------------------------------------
35 25 12 12  
tracing WBX 8400 
 (WB2) SR SL, trace vx 34 23 8400
---------------------------------------------------
34 23 11 11  
tracing VX  8400   
 (v2) IS2 (1, 1), j,d(34,23) 2300
 trace vx 33 21 6100
---------------------------------------------------
33 21 10 10  
tracing VX  6100   
 (v2) IS2 (1, 1), j,d(33,21) 1800
 trace vx 32 19 4300
---------------------------------------------------
32 19 9 9  
tracing VX  4300   
 (v2) IS2 (1, 1), j,d(32,19) 1700
 trace vx 31 17 2600
---------------------------------------------------
31 17 8 8  
tracing VX  2600   
 (v2) IS2 (1, 1), j,d(31,17) 2100
 trace vx 30 15 500
---------------------------------------------------
30 15 7 7  
tracing VX  500   
 (v2) IS2 (1, 1), j,d(30,15) 1100
 trace vx 29 13 -600
---------------------------------------------------
29 13 6 6  
tracing VX  -600   
 (v2) IS2 (2, 2), j,d(29,13) -800
 trace vx 27 9 200
---------------------------------------------------
27 9 4 4  
tracing VX  200   
 (v2) IS2 (1, 1), j,d(27,9) 2900
 trace vx 26 7 -2700
---------------------------------------------------
26 7 3 3  
tracing VX  -2700   
 (v1) hairpin 7, j(26) -2700 
NAM  trna
DES  DF6280
SEQ  +SS
       1 G   C   G   G   A   U   U   U   A   G   C   U   C   A   G   U   U   G   G   G
         0   1   2   3   4   5   6   7   8   9   10  11  12  13  14  15  16  17  18  19  
         71  70  69  68  67  66  65  .   .   .   .   34  33  32  31  30  29  .   27  26  

      21 A   G   A   G   C   G   C   C   A   G   A   C   U   G   A   A   G   A   U   C
         20  21  22  23  24  25  26  27  28  29  30  31  32  33  34  35  36  37  38  39  
         .   .   .   .   .   .   19  18  .   16  15  14  13  12  11  .   47  46  45  44  

      41 U   G   G   A   G   G   U   C   C   U   G   U   G   U   U   C   G   A   U   C
         40  41  42  43  44  45  46  47  48  49  50  51  52  53  54  55  56  57  58  59  
         .   .   .   .   39  38  37  36  64  63  62  61  60  .   .   .   .   .   .   .   

      61 C   A   C   A   G   A   A   U   U   C   G   C   A
         60  61  62  63  64  65  66  67  68  69  70  71  72  
         52  51  50  49  48  6   5   4   3   2   1   0   .   

 Log odds score:       22100 
         energy:      -22.10 
number of pairs:       24.00 
  wkn parameter:          83 
  P11 parameter:       -7000 
  P12 parameter:       -6000 
  P13 parameter:      -16000 
external pseudoknots only 
