---------------------------------------------------
70 70 35 34  
tracing WX 33400 
 (w4) SR trace vx  69 69 31700
---------------------------------------------------
69 69 34 34  
tracing VX  31700   
 (v2) IS2 (1, 1), j,d(69,69) 3400
 trace vx 68 67 28300
---------------------------------------------------
68 67 33 33  
tracing VX  28300   
 (v2) IS2 (1, 1), j,d(68,67) 1800
 trace vx 67 65 26500
---------------------------------------------------
67 65 32 32  
tracing VX  26500   
 (v2) IS2 (1, 1), j,d(67,65) 900
 trace vx 66 63 25600
---------------------------------------------------
66 63 31 31  
tracing VX  25600   
 (v2) IS2 (1, 1), j,d(66,63) 2300
 trace vx 65 61 23300
---------------------------------------------------
65 61 30 30  
tracing VX  23300   
 (v2) IS2 (1, 1), j,d(65,61) 2000
 trace vx 64 59 21300
---------------------------------------------------
64 59 29 29  
tracing VX  21300   
 (v2) IS2 (1, 1), j,d(64,59) 2900
 trace vx 63 57 18400
---------------------------------------------------
63 57 28 28  
tracing VX  18400   
 (v5.2)multiloop wbx 45 37 12200
 (v5.2)multiloop vx  62 16 6400
---------------------------------------------------
62 16 8 7  
tracing VX  6400   
 (v2) IS2 (1, 1), j,d(62,16) 2900
 trace vx 61 14 3500
---------------------------------------------------
61 14 7 6  
tracing VX  3500   
 (v2) IS2 (1, 1), j,d(61,14) 2000
 trace vx 60 12 1500
---------------------------------------------------
60 12 6 5  
tracing VX  1500   
 (v2) IS2 (1, 1), j,d(60,12) 2900
 trace vx 59 10 -1400
---------------------------------------------------
59 10 5 4  
tracing VX  -1400   
 (v2) IS2 (1, 1), j,d(59,10) 2900
 trace vx 58 8 -4300
---------------------------------------------------
58 8 4 3  
tracing VX  -4300   
 (v1) hairpin 8, j(58) -4300 
---------------------------------------------------
45 37 18 18  
tracing WBX 12200 
 (WB5) SL, trace wbx  45 36 12600
---------------------------------------------------
45 36 18 17  
tracing WBX 12600 
 (WB8.1) trace vx 23 14 600
 (WB8.1) trace vx 45 21 10000
---------------------------------------------------
45 21 10 10  
tracing VX  10000   
 (v2) IS2 (1, 1), j,d(45,21) 3400
 trace vx 44 19 6600
---------------------------------------------------
44 19 9 9  
tracing VX  6600   
 (v2) IS2 (2, 1), j,d(44,19) -1000
 trace vx 43 16 7600
---------------------------------------------------
43 16 8 7  
tracing VX  7600   
 (v2) IS2 (1, 1), j,d(43,16) 2000
 trace vx 42 14 5600
---------------------------------------------------
42 14 7 6  
tracing VX  5600   
 (v2) IS2 (1, 1), j,d(42,14) 3400
 trace vx 41 12 2200
---------------------------------------------------
41 12 6 5  
tracing VX  2200   
 (v2) IS2 (1, 1), j,d(41,12) 2900
 trace vx 40 10 -700
---------------------------------------------------
40 10 5 4  
tracing VX  -700   
 (v2) IS2 (1, 1), j,d(40,10) 1900
 trace vx 39 8 -2600
---------------------------------------------------
39 8 4 3  
tracing VX  -2600   
 (v2) IS2 (1, 1), j,d(39,8) 1200
 trace vx 38 6 -3800
---------------------------------------------------
38 6 3 2  
tracing VX  -3800   
 (v1) hairpin 6, j(38) -3800 
---------------------------------------------------
23 14 7 6  
tracing VX  600   
 (v2) IS2 (1, 1), j,d(23,14) 1000
 trace vx 22 12 -400
---------------------------------------------------
22 12 6 5  
tracing VX  -400   
 (v2) IS2 (1, 1), j,d(22,12) 900
 trace vx 21 10 -1300
---------------------------------------------------
21 10 5 4  
tracing VX  -1300   
 (v2) IS2 (1, 1), j,d(21,10) 2300
 trace vx 20 8 -3600
---------------------------------------------------
20 8 4 3  
tracing VX  -3600   
 (v1) hairpin 8, j(20) -3600 
NAM  trna
DES  DG7740
SEQ  +SS
       1 G   C   A   U   C   G   G   U   G   G   U   U   C   A   G   U   G   G   U   A
         0   1   2   3   4   5   6   7   8   9   10  11  12  13  14  15  16  17  18  19  
         69  68  67  66  65  64  63  .   .   23  22  21  20  .   .   .   .   .   .   .   

      21 G   A   A   U   G   C   U   C   G   C   C   U   G   C   C   A   C   G   C   G
         20  21  22  23  24  25  26  27  28  29  30  31  32  33  34  35  36  37  38  39  
         12  11  10  9   45  44  .   43  42  41  40  39  38  .   .   .   .   .   32  31  

      41 G   G   C   G   G   C   C   C   G   G   G   U   U   C   G   A   U   U   C   C
         40  41  42  43  44  45  46  47  48  49  50  51  52  53  54  55  56  57  58  59  
         30  29  28  27  25  24  62  61  60  59  58  .   .   .   .   .   .   .   50  49  

      61 C   G   G   C   C   G   A   U   G   C   A
         60  61  62  63  64  65  66  67  68  69  70  
         48  47  46  6   5   4   3   2   1   0   .   

 Log odds score:       33400 
         energy:      -33.40 
number of pairs:       24.00 
  wkn parameter:          83 
  P11 parameter:       -7000 
  P12 parameter:       -6000 
  P13 parameter:      -16000 
external pseudoknots only 
