---------------------------------------------------
71 71 35 35  
tracing WX 32800 
 (w4) SR trace vx  70 70 31600
---------------------------------------------------
70 70 35 34  
tracing VX  31600   
 (v2) IS2 (1, 1), j,d(70,70) 2100
 trace vx 69 68 29500
---------------------------------------------------
69 68 34 33  
tracing VX  29500   
 (v2) IS2 (1, 1), j,d(69,68) 2900
 trace vx 68 66 26600
---------------------------------------------------
68 66 33 32  
tracing VX  26600   
 (v2) IS2 (1, 1), j,d(68,66) 2900
 trace vx 67 64 23700
---------------------------------------------------
67 64 32 31  
tracing VX  23700   
 (v2) IS2 (1, 1), j,d(67,64) 1900
 trace vx 66 62 21800
---------------------------------------------------
66 62 31 30  
tracing VX  21800   
 (v5.1) multiloop wbx 45 40 14000
 (v5.1)multiloop vx  65 19 11200
---------------------------------------------------
65 19 9 9  
tracing VX  11200   
 (v2) IS2 (1, 1), j,d(65,19) 1400
 trace vx 64 17 9800
---------------------------------------------------
64 17 8 8  
tracing VX  9800   
 (v2) IS2 (1, 1), j,d(64,17) 2000
 trace vx 63 15 7800
---------------------------------------------------
63 15 7 7  
tracing VX  7800   
 (v2) IS2 (1, 1), j,d(63,15) 2100
 trace vx 62 13 5700
---------------------------------------------------
62 13 6 6  
tracing VX  5700   
 (v2) IS2 (1, 1), j,d(62,13) 1800
 trace vx 61 11 3900
---------------------------------------------------
61 11 5 5  
tracing VX  3900   
 (v2) IS2 (1, 1), j,d(61,11) 2900
 trace vx 60 9 1000
---------------------------------------------------
60 9 4 4  
tracing VX  1000   
 (v2) IS2 (1, 1), j,d(60,9) 2900
 trace vx 59 7 -1900
---------------------------------------------------
59 7 3 3  
tracing VX  -1900   
 (v2) IS2 (1, 1), j,d(59,7) 2100
 trace vx 58 5 -4000
---------------------------------------------------
58 5 2 2  
tracing VX  -4000   
 (v1) hairpin 5, j(58) -4000 
---------------------------------------------------
45 40 20 19  
tracing WBX 14000 
 (WB8.3) trace vx 23 18 3000
 (WB8.3) dangle j, trace vx 44 20 8200
---------------------------------------------------
44 20 10 9  
tracing VX  8200   
 (v2) IS2 (1, 1), j,d(44,20) 1200
 trace vx 43 18 7000
---------------------------------------------------
43 18 9 8  
tracing VX  7000   
 (v2) IS2 (1, 1), j,d(43,18) 2100
 trace vx 42 16 4900
---------------------------------------------------
42 16 8 7  
tracing VX  4900   
 (v2) IS2 (1, 1), j,d(42,16) 1800
 trace vx 41 14 3100
---------------------------------------------------
41 14 7 6  
tracing VX  3100   
 (v2) IS2 (1, 1), j,d(41,14) 2100
 trace vx 40 12 1000
---------------------------------------------------
40 12 6 5  
tracing VX  1000   
 (v2) IS2 (1, 1), j,d(40,12) 2000
 trace vx 39 10 -1000
---------------------------------------------------
39 10 5 4  
tracing VX  -1000   
 (v2) IS2 (1, 1), j,d(39,10) 2900
 trace vx 38 8 -3900
---------------------------------------------------
38 8 4 3  
tracing VX  -3900   
 (v1) hairpin 8, j(38) -3900 
---------------------------------------------------
23 18 9 8  
tracing VX  3000   
 (v2) IS2 (1, 1), j,d(23,18) 1400
 trace vx 22 16 1600
---------------------------------------------------
22 16 8 7  
tracing VX  1600   
 (v2) IS2 (1, 1), j,d(22,16) 1900
 trace vx 21 14 -300
---------------------------------------------------
21 14 7 6  
tracing VX  -300   
 (v2) IS2 (2, 2), j,d(21,14) -800
 trace vx 19 10 500
---------------------------------------------------
19 10 5 4  
tracing VX  500   
 (v2) IS2 (1, 1), j,d(19,10) 2100
 trace vx 18 8 -1600
---------------------------------------------------
18 8 4 3  
tracing VX  -1600   
 (v2) IS2 (1, 1), j,d(18,8) 1900
 trace vx 17 6 -3500
---------------------------------------------------
17 6 3 2  
tracing VX  -3500   
 (v1) hairpin 6, j(17) -3500 
NAM  trna
DES  DK6050
SEQ  +SS
       1 G   C   C   C   U   U   C   U   A   G   C   U   C   A   G   U   C   G   G   U
         0   1   2   3   4   5   6   7   8   9   10  11  12  13  14  15  16  17  18  19  
         70  69  68  67  66  23  22  21  .   19  18  17  .   .   .   .   .   11  10  9   

      21 A   G   G   G   C   G   C   A   C   G   G   C   U   C   U   U   A   A   C   C
         20  21  22  23  24  25  26  27  28  29  30  31  32  33  34  35  36  37  38  39  
         .   7   6   5   44  43  42  41  40  39  38  .   .   .   .   .   .   .   30  29  

      41 G   U   G   U   G   G   U   C   G   U   G   G   G   U   U   C   G   A   G   C
         40  41  42  43  44  45  46  47  48  49  50  51  52  53  54  55  56  57  58  59  
         28  27  26  25  24  .   65  64  63  62  61  60  59  58  .   .   .   .   53  52  

      61 C   C   A   C   G   G   G   G   G   G   U   G
         60  61  62  63  64  65  66  67  68  69  70  71  
         51  50  49  48  47  46  4   3   2   1   0   .   

 Log odds score:       32800 
         energy:      -32.80 
number of pairs:       26.00 
  wkn parameter:          83 
  P11 parameter:       -7000 
  P12 parameter:       -6000 
  P13 parameter:      -16000 
external pseudoknots only 
