---------------------------------------------------
86 86 43 42  
tracing WX 27300 
 (w6) SR trace wx 85 85 27300
---------------------------------------------------
85 85 42 42  
tracing WX 27300 
 (w6) SR trace wx 84 84 27300
---------------------------------------------------
84 84 42 41  
tracing WX 27300 
 (w6) SR trace wx 83 83 27300
---------------------------------------------------
83 83 41 41  
tracing WX 27300 
 (w4) SR trace vx  82 82 25600
---------------------------------------------------
82 82 41 40  
tracing VX  25600   
 (v2) IS2 (1, 1), j,d(82,82) 3400
 trace vx 81 80 22200
---------------------------------------------------
81 80 40 39  
tracing VX  22200   
 (v2) IS2 (1, 1), j,d(81,80) 2000
 trace vx 80 78 20200
---------------------------------------------------
80 78 39 38  
tracing VX  20200   
 (v2) IS2 (1, 1), j,d(80,78) 2300
 trace vx 79 76 17900
---------------------------------------------------
79 76 38 37  
tracing VX  17900   
 (v2) IS2 (1, 1), j,d(79,76) 1700
 trace vx 78 74 16200
---------------------------------------------------
78 74 37 36  
tracing VX  16200   
 (v2) IS2 (1, 1), j,d(78,74) 2300
 trace vx 77 72 13900
---------------------------------------------------
77 72 36 35  
tracing VX  13900   
 (v2) IS2 (1, 1), j,d(77,72) 900
 trace vx 76 70 13000
---------------------------------------------------
76 70 35 34  
tracing VX  13000   
 (v5.2)multiloop wbx 58 50 9500
 (v5.2)multiloop vx  75 16 5400
---------------------------------------------------
75 16 8 7  
tracing VX  5400   
 (v2) IS2 (1, 1), j,d(75,16) 2100
 trace vx 74 14 3300
---------------------------------------------------
74 14 7 6  
tracing VX  3300   
 (v2) IS2 (1, 1), j,d(74,14) 1800
 trace vx 73 12 1500
---------------------------------------------------
73 12 6 5  
tracing VX  1500   
 (v2) IS2 (1, 1), j,d(73,12) 2900
 trace vx 72 10 -1400
---------------------------------------------------
72 10 5 4  
tracing VX  -1400   
 (v2) IS2 (1, 1), j,d(72,10) 2900
 trace vx 71 8 -4300
---------------------------------------------------
71 8 4 3  
tracing VX  -4300   
 (v1) hairpin 8, j(71) -4300 
---------------------------------------------------
58 50 25 24  
tracing WBX 9500 
 (WB6) SR, trace wbx 57 49 9900
---------------------------------------------------
57 49 24 24  
tracing WBX 9900 
 (WB8.3) trace vx 44 36 5300
 (WB8.3) dangle j, trace vx 56 11 2000
---------------------------------------------------
56 11 5 5  
tracing VX  2000   
 (v2) IS2 (1, 1), j,d(56,11) 2900
 trace vx 55 9 -900
---------------------------------------------------
55 9 4 4  
tracing VX  -900   
 (v2) IS2 (1, 1), j,d(55,9) 2300
 trace vx 54 7 -3200
---------------------------------------------------
54 7 3 3  
tracing VX  -3200   
 (v2) IS2 (1, 1), j,d(54,7) 900
 trace vx 53 5 -4100
---------------------------------------------------
53 5 2 2  
tracing VX  -4100   
 (v1) hairpin 5, j(53) -4100 
---------------------------------------------------
44 36 18 17  
tracing VX  5300   
 (v5.2)multiloop wbx 26 16 400
 (v5.2)multiloop vx  43 16 4400
---------------------------------------------------
43 16 8 7  
tracing VX  4400   
 (v2) IS2 (1, 1), j,d(43,16) 1800
 trace vx 42 14 2600
---------------------------------------------------
42 14 7 6  
tracing VX  2600   
 (v2) IS2 (1, 1), j,d(42,14) 1700
 trace vx 41 12 900
---------------------------------------------------
41 12 6 5  
tracing VX  900   
 (v2) IS2 (1, 1), j,d(41,12) 3400
 trace vx 40 10 -2500
---------------------------------------------------
40 10 5 4  
tracing VX  -2500   
 (v2) IS2 (1, 1), j,d(40,10) 1800
 trace vx 39 8 -4300
---------------------------------------------------
39 8 4 3  
tracing VX  -4300   
 (v1) hairpin 8, j(39) -4300 
---------------------------------------------------
26 16 8 7  
tracing WBX 400 
 (WB8.4) dangle i, trace vx 17 6 -2500
 (WB8.4) dangle j, trace vx 25 7 -800
---------------------------------------------------
25 7 3 3  
tracing VX  -800   
 (v2) IS2 (1, 1), j,d(25,7) 2100
 trace vx 24 5 -2900
---------------------------------------------------
24 5 2 2  
tracing VX  -2900   
 (v1) hairpin 5, j(24) -2900 
---------------------------------------------------
17 6 3 2  
tracing VX  -2500   
 (v1) hairpin 6, j(17) -2500 
NAM  trna
DES  DL0220
SEQ  +SS
       1 G   C   G   A   G   A   A   U   G   G   U   C   A   A   A   U   U   G   G   U
         0   1   2   3   4   5   6   7   8   9   10  11  12  13  14  15  16  17  18  19  
         82  81  80  79  78  77  76  .   44  .   .   17  .   .   .   .   .   11  25  24  

      21 A   A   A   G   G   C   A   C   A   G   C   A   C   U   U   A   A   A   A   U
         20  21  22  23  24  25  26  27  28  29  30  31  32  33  34  35  36  37  38  39  
         .   .   .   .   19  18  .   43  42  41  40  39  .   .   .   .   .   .   .   31  

      41 G   C   U   G   C   G   G   A   A   U   G   A   U   U   U   C   C   U   U   G
         40  41  42  43  44  45  46  47  48  49  50  51  52  53  54  55  56  57  58  59  
         30  29  28  27  8   56  55  54  53  .   .   .   .   48  47  46  45  .   .   75  

      61 U   G   G   G   U   U   C   G   A   G   U   C   C   C   A   C   U   U   C   U
         60  61  62  63  64  65  66  67  68  69  70  71  72  73  74  75  76  77  78  79  
         74  73  72  71  .   .   .   .   .   .   .   63  62  61  60  59  6   5   4   3   

      81 C   G   C   A   C   C   A
         80  81  82  83  84  85  86  
         2   1   0   .   .   .   .   

 Log odds score:       27300 
         energy:      -27.30 
number of pairs:       25.00 
  wkn parameter:          83 
  P11 parameter:       -7000 
  P12 parameter:       -6000 
  P13 parameter:      -16000 
external pseudoknots only 
