---------------------------------------------------
70 70 35 34  
tracing WX 17600 
 (w4) SR trace vx  69 69 17500
---------------------------------------------------
69 69 34 34  
tracing VX  17500   
 (v2) IS2 (1, 1), j,d(69,69) 2100
 trace vx 68 67 15400
---------------------------------------------------
68 67 33 33  
tracing VX  15400   
 (v2) IS2 (1, 1), j,d(68,67) 2900
 trace vx 67 65 12500
---------------------------------------------------
67 65 32 32  
tracing VX  12500   
 (v2) IS2 (1, 1), j,d(67,65) 1700
 trace vx 66 63 10800
---------------------------------------------------
66 63 31 31  
tracing VX  10800   
 (v2) IS2 (1, 1), j,d(66,63) 1800
 trace vx 65 61 9000
---------------------------------------------------
65 61 30 30  
tracing VX  9000   
 (v2) IS2 (1, 1), j,d(65,61) 2900
 trace vx 64 59 6100
---------------------------------------------------
64 59 29 29  
tracing VX  6100   
 (v2) IS2 (1, 1), j,d(64,59) 2900
 trace vx 63 57 3200
---------------------------------------------------
63 57 28 28  
tracing VX  3200   
 (v5.2)multiloop wbx 45 37 900
 (v5.2)multiloop vx  62 16 3000
---------------------------------------------------
62 16 8 7  
tracing VX  3000   
 (v2) IS2 (1, 1), j,d(62,16) 2300
 trace vx 61 14 700
---------------------------------------------------
61 14 7 6  
tracing VX  700   
 (v2) IS2 (1, 1), j,d(61,14) 1700
 trace vx 60 12 -1000
---------------------------------------------------
60 12 6 5  
tracing VX  -1000   
 (v2) IS2 (1, 1), j,d(60,12) 2300
 trace vx 59 10 -3300
---------------------------------------------------
59 10 5 4  
tracing VX  -3300   
 (v2) IS2 (1, 1), j,d(59,10) 900
 trace vx 58 8 -4200
---------------------------------------------------
58 8 4 3  
tracing VX  -4200   
 (v1) hairpin 8, j(58) -4200 
---------------------------------------------------
45 37 18 18  
tracing WBX 900 
 (WB6) SR, trace wbx 44 36 1300
---------------------------------------------------
44 36 18 17  
tracing WBX 1300 
 (WB8.1) trace vx 30 22 1200
 (WB8.1) trace vx 44 13 -1600
---------------------------------------------------
44 13 6 6  
tracing VX  -1600   
 (v2) IS2 (1, 1), j,d(44,13) 2300
 trace vx 43 11 -3900
---------------------------------------------------
43 11 5 5  
tracing VX  -3900   
 (v1) hairpin 11, j(43) -3900 
---------------------------------------------------
30 22 11 10  
tracing VX  1200   
 (v2) IS2 (1, 1), j,d(30,22) 500
 trace vx 29 20 700
---------------------------------------------------
29 20 10 9  
tracing VX  700   
 (v2) IS2 (1, 1), j,d(29,20) 1000
 trace vx 28 18 -300
---------------------------------------------------
28 18 9 8  
tracing VX  -300   
 (v2) IS2 (1, 1), j,d(28,18) 900
 trace vx 27 16 -1200
---------------------------------------------------
27 16 8 7  
tracing VX  -1200   
 (v2) IS2 (3, 1), j,d(27,16) -3100
 trace vx 26 12 1900
---------------------------------------------------
26 12 6 5  
tracing VX  1900   
 (v2) IS2 (1, 1), j,d(26,12) 900
 trace vx 25 10 1000
---------------------------------------------------
25 10 5 4  
tracing VX  1000   
 (v2) IS2 (1, 1), j,d(25,10) 1700
 trace vx 24 8 -700
---------------------------------------------------
24 8 4 3  
tracing VX  -700   
 (v2) IS2 (1, 1), j,d(24,8) 2900
 trace vx 23 6 -3600
---------------------------------------------------
23 6 3 2  
tracing VX  -3600   
 (v1) hairpin 6, j(23) -3600 
NAM  trna
DES  DM3920
SEQ  +SS
       1 A   C   C   U   G   G   G   U   A   G   U   U   U   A   A   A   G   G   U   A
         0   1   2   3   4   5   6   7   8   9   10  11  12  13  14  15  16  17  18  19  
         69  68  67  66  65  64  63  .   30  29  28  27  .   .   26  25  24  23  .   .   

      21 A   A   A   C   C   U   U   A   A   U   U   U   C   A   U   A   C   A   U   U
         20  21  22  23  24  25  26  27  28  29  30  31  32  33  34  35  36  37  38  39  
         .   .   .   17  16  15  14  11  10  9   8   44  43  .   .   .   .   .   .   .   

      41 A   A   A   G   A   U   G   A   G   A   A   U   U   C   G   A   U   U   U   U
         40  41  42  43  44  45  46  47  48  49  50  51  52  53  54  55  56  57  58  59  
         .   .   .   32  31  .   62  61  60  59  58  .   .   .   .   .   .   .   50  49  

      61 C   U   C   C   C   C   A   G   G   U   C
         60  61  62  63  64  65  66  67  68  69  70  
         48  47  46  6   5   4   3   2   1   0   .   

 Log odds score:       17600 
         energy:      -17.60 
number of pairs:       22.00 
  wkn parameter:          83 
  P11 parameter:       -7000 
  P12 parameter:       -6000 
  P13 parameter:      -16000 
external pseudoknots only 
