---------------------------------------------------
71 71 35 35  
tracing WX 18600 
 (w4) SR trace vx  70 70 16900
---------------------------------------------------
70 70 35 34  
tracing VX  16900   
 (v2) IS2 (1, 1), j,d(70,70) 2100
 trace vx 69 68 14800
---------------------------------------------------
69 68 34 33  
tracing VX  14800   
 (v2) IS2 (1, 1), j,d(69,68) 2300
 trace vx 68 66 12500
---------------------------------------------------
68 66 33 32  
tracing VX  12500   
 (v2) IS2 (1, 1), j,d(68,66) 2900
 trace vx 67 64 9600
---------------------------------------------------
67 64 32 31  
tracing VX  9600   
 (v2) IS2 (1, 1), j,d(67,64) 1700
 trace vx 66 62 7900
---------------------------------------------------
66 62 31 30  
tracing VX  7900   
 (v2) IS2 (1, 1), j,d(66,62) 900
 trace vx 65 60 7000
---------------------------------------------------
65 60 30 29  
tracing VX  7000   
 (v2) IS2 (1, 1), j,d(65,60) 1100
 trace vx 64 58 5900
---------------------------------------------------
64 58 29 28  
tracing VX  5900   
 (v4.3) multiloop, trace vx  45 38 6300
 (v4.3) multiloop, trace wbx 63 16 2100
---------------------------------------------------
63 16 8 7  
tracing WBX 2100 
 (WB1) trace vx  63 16 2200
---------------------------------------------------
63 16 8 7  
tracing VX  2200   
 (v2) IS2 (1, 1), j,d(63,16) 900
 trace vx 62 14 1300
---------------------------------------------------
62 14 7 6  
tracing VX  1300   
 (v2) IS2 (1, 1), j,d(62,14) 800
 trace vx 61 12 500
---------------------------------------------------
61 12 6 5  
tracing VX  500   
 (v2) IS2 (1, 1), j,d(61,12) 1900
 trace vx 60 10 -1400
---------------------------------------------------
60 10 5 4  
tracing VX  -1400   
 (v2) IS2 (1, 1), j,d(60,10) 2900
 trace vx 59 8 -4300
---------------------------------------------------
59 8 4 3  
tracing VX  -4300   
 (v1) hairpin 8, j(59) -4300 
---------------------------------------------------
45 38 19 18  
tracing VX  6300   
 (v2) IS2 (1, 1), j,d(45,38) 1100
 trace vx 44 36 5200
---------------------------------------------------
44 36 18 17  
tracing VX  5200   
 (v4.3) multiloop, trace vx  24 15 1900
 (v4.3) multiloop, trace wbx 43 17 4100
---------------------------------------------------
43 17 8 8  
tracing WBX 4100 
 (WB4) SR, trace vx 42 16 3800
---------------------------------------------------
42 16 8 7  
tracing VX  3800   
 (v2) IS2 (1, 1), j,d(42,16) 2300
 trace vx 41 14 1500
---------------------------------------------------
41 14 7 6  
tracing VX  1500   
 (v2) IS2 (1, 1), j,d(41,14) 1700
 trace vx 40 12 -200
---------------------------------------------------
40 12 6 5  
tracing VX  -200   
 (v2) IS2 (1, 1), j,d(40,12) 2300
 trace vx 39 10 -2500
---------------------------------------------------
39 10 5 4  
tracing VX  -2500   
 (v2) IS2 (1, 1), j,d(39,10) 1800
 trace vx 38 8 -4300
---------------------------------------------------
38 8 4 3  
tracing VX  -4300   
 (v1) hairpin 8, j(38) -4300 
---------------------------------------------------
24 15 7 7  
tracing VX  1900   
 (v2) IS2 (1, 1), j,d(24,15) 3400
 trace vx 23 13 -1500
---------------------------------------------------
23 13 6 6  
tracing VX  -1500   
 (v2) IS2 (1, 1), j,d(23,13) 1700
 trace vx 22 11 -3200
---------------------------------------------------
22 11 5 5  
tracing VX  -3200   
 (v2) IS2 (1, 1), j,d(22,11) 900
 trace vx 21 9 -4100
---------------------------------------------------
21 9 4 4  
tracing VX  -4100   
 (v1) hairpin 9, j(21) -4100 
NAM  trna
DES  DN4000
SEQ  +SS
       1 G   U   C   C   U   U   A   U   A   G   C   U   U   A   U   C   G   G   U   U
         0   1   2   3   4   5   6   7   8   9   10  11  12  13  14  15  16  17  18  19  
         70  69  68  67  66  65  64  45  44  24  23  22  21  .   .   .   .   .   .   .   

      21 A   A   A   G   C   A   U   C   U   C   A   C   U   G   U   U   A   A   U   G
         20  21  22  23  24  25  26  27  28  29  30  31  32  33  34  35  36  37  38  39  
         .   12  11  10  9   .   42  41  40  39  38  .   .   .   .   .   .   .   30  29  

      41 A   G   A   A   U   A   G   A   U   G   G   G   U   U   C   A   A   U   U   C
         40  41  42  43  44  45  46  47  48  49  50  51  52  53  54  55  56  57  58  59  
         28  27  26  .   8   7   .   63  62  61  60  59  .   .   .   .   .   .   .   51  

      61 C   U   A   U   U   A   A   G   G   A   C   G
         60  61  62  63  64  65  66  67  68  69  70  71  
         50  49  48  47  6   5   4   3   2   1   0   .   

 Log odds score:       18600 
         energy:      -18.60 
number of pairs:       23.00 
  wkn parameter:          83 
  P11 parameter:       -7000 
  P12 parameter:       -6000 
  P13 parameter:      -16000 
external pseudoknots only 
