---------------------------------------------------
72 72 36 35  
tracing WX 26700 
 (w4) SR trace vx  71 71 25000
---------------------------------------------------
71 71 35 35  
tracing VX  25000   
 (v2) IS2 (1, 1), j,d(71,71) 2300
 trace vx 70 69 22700
---------------------------------------------------
70 69 34 34  
tracing VX  22700   
 (v2) IS2 (1, 1), j,d(70,69) 2100
 trace vx 69 67 20600
---------------------------------------------------
69 67 33 33  
tracing VX  20600   
 (v2) IS2 (1, 1), j,d(69,67) 2900
 trace vx 68 65 17700
---------------------------------------------------
68 65 32 32  
tracing VX  17700   
 (v2) IS2 (1, 1), j,d(68,65) 2000
 trace vx 67 63 15700
---------------------------------------------------
67 63 31 31  
tracing VX  15700   
 (v2) IS2 (1, 1), j,d(67,63) 2100
 trace vx 66 61 13600
---------------------------------------------------
66 61 30 30  
tracing VX  13600   
 (v2) IS2 (1, 1), j,d(66,61) 1800
 trace vx 65 59 11800
---------------------------------------------------
65 59 29 29  
tracing VX  11800   
 (v5.4) multiloop wbx 46 38 10000
 (v5.4) multiloop vx  64 16 4200
---------------------------------------------------
64 16 8 7  
tracing VX  4200   
 (v2) IS2 (1, 1), j,d(64,16) 2100
 trace vx 63 14 2100
---------------------------------------------------
63 14 7 6  
tracing VX  2100   
 (v2) IS2 (1, 1), j,d(63,14) 1800
 trace vx 62 12 300
---------------------------------------------------
62 12 6 5  
tracing VX  300   
 (v2) IS2 (1, 1), j,d(62,12) 1700
 trace vx 61 10 -1400
---------------------------------------------------
61 10 5 4  
tracing VX  -1400   
 (v2) IS2 (1, 1), j,d(61,10) 2900
 trace vx 60 8 -4300
---------------------------------------------------
60 8 4 3  
tracing VX  -4300   
 (v1) hairpin 8, j(60) -4300 
---------------------------------------------------
46 38 19 18  
tracing WBX 10000 
 (WB5) SL, trace wbx  46 37 10400
---------------------------------------------------
46 37 18 18  
tracing WBX 10400 
 (WB6) SR, trace wbx 45 36 10800
---------------------------------------------------
45 36 18 17  
tracing WBX 10800 
 (WB6) SR, trace wbx 44 35 11200
---------------------------------------------------
44 35 17 17  
tracing WBX 11200 
 (WB6) SR, trace wbx 43 34 11600
---------------------------------------------------
43 34 17 16  
tracing WBX 11600 
 (WB7) trace wbx  25 16 5600
 (WB7) trace wbx  7000
---------------------------------------------------
43 17 8 8  
tracing WBX 6500 
 (WB4) SR, trace vx 42 16 6200
---------------------------------------------------
42 16 8 7  
tracing VX  6200   
 (v2) IS2 (1, 1), j,d(42,16) 2300
 trace vx 41 14 3900
---------------------------------------------------
41 14 7 6  
tracing VX  3900   
 (v2) IS2 (1, 1), j,d(41,14) 2000
 trace vx 40 12 1900
---------------------------------------------------
40 12 6 5  
tracing VX  1900   
 (v2) IS2 (1, 1), j,d(40,12) 2900
 trace vx 39 10 -1000
---------------------------------------------------
39 10 5 4  
tracing VX  -1000   
 (v2) IS2 (1, 1), j,d(39,10) 2300
 trace vx 38 8 -3300
---------------------------------------------------
38 8 4 3  
tracing VX  -3300   
 (v2) IS2 (1, 2), j,d(38,8) -1800
 trace vx 36 5 -1500
---------------------------------------------------
36 5 2 2  
tracing VX  -1500   
 (v1) hairpin 5, j(36) -1500 
---------------------------------------------------
25 16 8 7  
tracing WBX 5100 
 (WB4) SR, trace vx 24 15 3900
---------------------------------------------------
24 15 7 7  
tracing VX  3900   
 (v2) IS2 (1, 1), j,d(24,15) 3400
 trace vx 23 13 500
---------------------------------------------------
23 13 6 6  
tracing VX  500   
 (v2) IS2 (1, 1), j,d(23,13) 2900
 trace vx 22 11 -2400
---------------------------------------------------
22 11 5 5  
tracing VX  -2400   
 (v2) IS2 (1, 1), j,d(22,11) 1700
 trace vx 21 9 -4100
---------------------------------------------------
21 9 4 4  
tracing VX  -4100   
 (v1) hairpin 9, j(21) -4100 
NAM  trna
DES  DR7741
SEQ  +SS
       1 G   A   C   C   G   U   G   U   G   G   C   C   U   A   A   U   G   G   A   U
         0   1   2   3   4   5   6   7   8   9   10  11  12  13  14  15  16  17  18  19  
         71  70  69  68  67  66  65  .   .   24  23  22  21  .   .   .   .   .   .   .   

      21 A   A   G   G   C   G   U   C   G   G   A   C   U   U   C   G   G   A   U   C
         20  21  22  23  24  25  26  27  28  29  30  31  32  33  34  35  36  37  38  39  
         .   12  11  10  9   .   42  41  40  39  38  36  .   .   .   .   31  .   30  29  

      41 C   G   A   A   G   A   U   U   G   C   A   G   G   U   U   C   G   A   A   U
         40  41  42  43  44  45  46  47  48  49  50  51  52  53  54  55  56  57  58  59  
         28  27  26  .   .   .   .   .   64  63  62  61  60  .   .   .   .   .   .   .   

      61 C   C   U   G   U   C   A   C   G   G   U   C   G
         60  61  62  63  64  65  66  67  68  69  70  71  72  
         52  51  50  49  48  6   5   4   3   2   1   0   .   

 Log odds score:       26700 
         energy:      -26.70 
number of pairs:       22.00 
  wkn parameter:          83 
  P11 parameter:       -7000 
  P12 parameter:       -6000 
  P13 parameter:      -16000 
external pseudoknots only 
