---------------------------------------------------
86 86 43 42  
tracing WX 37400 
 (W4) SR, trace vx 85 85 35700
---------------------------------------------------
85 85 42 42  
tracing VX  35700   
 (v2) IS2 (1,1) 2900
 trace vx 84 83 32800
---------------------------------------------------
84 83 41 41  
tracing VX  32800   
 (v2) IS2 (1,1) 2300
 trace vx 83 81 30500
---------------------------------------------------
83 81 40 40  
tracing VX  30500   
 (v2) IS2 (1,1) 1700
 trace vx 82 79 28800
---------------------------------------------------
82 79 39 39  
tracing VX  28800   
 (v2) IS2 (1,1) 2900
 trace vx 81 77 25900
---------------------------------------------------
81 77 38 38  
tracing VX  25900   
 (v2) IS2 (1,1) 3400
 trace vx 80 75 22500
---------------------------------------------------
80 75 37 37  
tracing VX  22500   
 (v2) IS2 (1,1) 2000
 trace vx 79 73 20500
---------------------------------------------------
79 73 36 36  
tracing VX  20500   
 (v5_1) multiloop wbx 61 54 19700
 (v5_1) multiloop vx  78 16 2300
---------------------------------------------------
78 16 8 7  
tracing VX  2300   
 (v2) IS2 (1,1) 900
 trace vx 77 14 1400
---------------------------------------------------
77 14 7 6  
tracing VX  1400   
 (v2) IS2 (1,1) 1100
 trace vx 76 12 300
---------------------------------------------------
76 12 6 5  
tracing VX  300   
 (v2) IS2 (1,1) 1700
 trace vx 75 10 -1400
---------------------------------------------------
75 10 5 4  
tracing VX  -1400   
 (v2) IS2 (1,1) 2900
 trace vx 74 8 -4300
---------------------------------------------------
74 8 4 3  
tracing VX  -4300   
 (v1) hairpin 8, -4300 
---------------------------------------------------
61 54 27 26  
tracing WBX 19700 
 (WB6) SR, trace wbx 60 53 20100
---------------------------------------------------
60 53 26 26  
tracing WBX 20100 
 (WB8.3) trace vx 45 38 9500
 (WB8.3) dangle j, trace vx 59 13 8300
---------------------------------------------------
59 13 6 6  
tracing VX  8300   
 (v2) IS2 (1,1) 2100
 trace vx 58 11 6200
---------------------------------------------------
58 11 5 5  
tracing VX  6200   
 (v2) IS2 (1,1) 2300
 trace vx 57 9 3900
---------------------------------------------------
57 9 4 4  
tracing VX  3900   
 (v2) IS2 (1,1) 2000
 trace vx 56 7 1900
---------------------------------------------------
56 7 3 3  
tracing VX  1900   
 (v2) IS2 (1,1) 3400
 trace vx 55 5 -1500
---------------------------------------------------
55 5 2 2  
tracing VX  -1500   
 (v1) hairpin 5, -1500 
---------------------------------------------------
45 38 19 18  
tracing VX  9500   
 (v2) IS2 (1,1) 1800
 trace vx 44 36 7700
---------------------------------------------------
44 36 18 17  
tracing VX  7700   
 (v5_1) multiloop wbx 26 17 2500
 (v5_1) multiloop vx  43 16 5600
---------------------------------------------------
43 16 8 7  
tracing VX  5600   
 (v2) IS2 (1,1) 2900
 trace vx 42 14 2700
---------------------------------------------------
42 14 7 6  
tracing VX  2700   
 (v2) IS2 (1,1) 2000
 trace vx 41 12 700
---------------------------------------------------
41 12 6 5  
tracing VX  700   
 (v2) IS2 (1,1) 2900
 trace vx 40 10 -2200
---------------------------------------------------
40 10 5 4  
tracing VX  -2200   
 (v2) IS2 (1,1) 2100
 trace vx 39 8 -4300
---------------------------------------------------
39 8 4 3  
tracing VX  -4300   
 (v1) hairpin 8, -4300 
---------------------------------------------------
26 17 8 8  
tracing WBX 2500 
 (WB4) SR, trace vx 25 16 1300
---------------------------------------------------
25 16 8 7  
tracing VX  1300   
 (v2) IS2 (1,1) 3400
 trace vx 24 14 -2100
---------------------------------------------------
24 14 7 6  
tracing VX  -2100   
 (v2) IS2 (1,1) 1800
 trace vx 23 12 -3900
---------------------------------------------------
23 12 6 5  
tracing VX  -3900   
 (v1) hairpin 12, -3900 
NAM  trna
DES  DS0220
SEQ  +SS
       1 G   G   A   G   G   C   G   U   G   G   C   A   G   A   G   U   G   G   U   U
         0   1   2   3   4   5   6   7   8   9   10  11  12  13  14  15  16  17  18  19  
         85  84  83  82  81  80  79  45  44  25  24  23  .   .   .   .   .   .   .   .   

      21 U   A   A   U   G   C   A   C   C   G   G   U   C   U   U   G   A   A   A   A
         20  21  22  23  24  25  26  27  28  29  30  31  32  33  34  35  36  37  38  39  
         .   .   .   11  10  9   .   43  42  41  40  39  .   .   .   .   .   .   .   31  

      41 C   C   G   G   C   A   G   U   C   G   C   U   C   C   G   G   C   G   A   C
         40  41  42  43  44  45  46  47  48  49  50  51  52  53  54  55  56  57  58  59  
         30  29  28  27  8   7   59  58  57  56  55  .   .   .   .   50  49  48  47  46  

      61 U   C   A   U   A   G   G   U   U   C   A   A   A   U   C   C   U   A   U   C
         60  61  62  63  64  65  66  67  68  69  70  71  72  73  74  75  76  77  78  79  
         .   .   78  77  76  75  74  .   .   .   .   .   .   .   66  65  64  63  62  6   

      81 G   C   C   U   C   C   G
         80  81  82  83  84  85  86  
         5   4   3   2   1   0   .   

----------------------------------------------------------------------
   Log odds score:       37400 
energy (kcal/mol):      -37.40 
  number of pairs:       27.00 
----------------------------------------------------------------------
Pseudoknots? YES
----------------------------------------------------------------------
Parameters (energy units, kcal/mol)
 wkn  parameter:          0.83 (pseudoknots weight)
 P1   parameter:          0.00 
 P2   parameter:          0.00 
 P3   parameter:          3.00 
 P4   parameter:          0.00 
 P5   parameter:          4.60 
 P5P  parameter:          8.43 
 P6   parameter:          0.40 
 P6P  parameter:          0.24 
 P10  parameter:          0.10 
 P10P parameter:          0.10 
 P11  parameter:          7.00 
 P12  parameter:          6.00 
 P13  parameter:         16.00 
 full pseudoknot model.
