---------------------------------------------------
89 89 44 44  
tracing WX 26600 
 (W6) SR, trace wx 88 88 26600
---------------------------------------------------
88 88 44 43  
tracing WX 26600 
 (W6) SR, trace wx 87 87 26600
---------------------------------------------------
87 87 43 43  
tracing WX 26600 
 (W6) SR, trace wx 86 86 26600
---------------------------------------------------
86 86 43 42  
tracing WX 26600 
 (W4) SR, trace vx 85 85 24900
---------------------------------------------------
85 85 42 42  
tracing VX  24900   
 (v2) IS2 (1,1) 2900
 trace vx 84 83 22000
---------------------------------------------------
84 83 41 41  
tracing VX  22000   
 (v2) IS2 (1,1) 2900
 trace vx 83 81 19100
---------------------------------------------------
83 81 40 40  
tracing VX  19100   
 (v2) IS2 (1,1) 2100
 trace vx 82 79 17000
---------------------------------------------------
82 79 39 39  
tracing VX  17000   
 (v2) IS2 (1,1) 900
 trace vx 81 77 16100
---------------------------------------------------
81 77 38 38  
tracing VX  16100   
 (v2) IS2 (1,1) 1100
 trace vx 80 75 15000
---------------------------------------------------
80 75 37 37  
tracing VX  15000   
 (v2) IS2 (1,1) 900
 trace vx 79 73 14100
---------------------------------------------------
79 73 36 36  
tracing VX  14100   
 (v5_1) multiloop wbx 61 54 10700
 (v5_1) multiloop vx  78 16 5500
---------------------------------------------------
78 16 8 7  
tracing VX  5500   
 (v2) IS2 (1,1) 2300
 trace vx 77 14 3200
---------------------------------------------------
77 14 7 6  
tracing VX  3200   
 (v2) IS2 (1,1) 1700
 trace vx 76 12 1500
---------------------------------------------------
76 12 6 5  
tracing VX  1500   
 (v2) IS2 (1,1) 2900
 trace vx 75 10 -1400
---------------------------------------------------
75 10 5 4  
tracing VX  -1400   
 (v2) IS2 (1,1) 2900
 trace vx 74 8 -4300
---------------------------------------------------
74 8 4 3  
tracing VX  -4300   
 (v1) hairpin 8, -4300 
---------------------------------------------------
61 54 27 26  
tracing WBX 10700 
 (WB5) SL, trace wbx  61 53 11100
---------------------------------------------------
61 53 26 26  
tracing WBX 11100 
 (WB6) SR, trace wbx 60 52 11500
---------------------------------------------------
60 52 26 25  
tracing WBX 11500 
 (WB7) trace wbx  46 38 7700
 (WB7) trace wbx  3800
---------------------------------------------------
60 13 6 6  
tracing WBX 3800 
 (WB4) SR, trace vx 59 12 2600
---------------------------------------------------
59 12 6 5  
tracing VX  2600   
 (v2) IS2 (1,1) 2100
 trace vx 58 10 500
---------------------------------------------------
58 10 5 4  
tracing VX  500   
 (v2) IS2 (1,1) 1400
 trace vx 57 8 -900
---------------------------------------------------
57 8 4 3  
tracing VX  -900   
 (v2) IS2 (1,1) 2000
 trace vx 56 6 -2900
---------------------------------------------------
56 6 3 2  
tracing VX  -2900   
 (v1) hairpin 6, -2900 
---------------------------------------------------
46 38 19 18  
tracing WBX 7700 
 (WB6) SR, trace wbx 45 37 8100
---------------------------------------------------
45 37 18 18  
tracing WBX 8100 
 (WB8.4) dangle i, trace vx 25 16 0
 (WB8.4) dangle j, trace vx 44 18 6000
---------------------------------------------------
44 18 9 8  
tracing VX  6000   
 (v2) IS2 (1,1) 1100
 trace vx 43 16 4900
---------------------------------------------------
43 16 8 7  
tracing VX  4900   
 (v2) IS2 (1,1) 2100
 trace vx 42 14 2800
---------------------------------------------------
42 14 7 6  
tracing VX  2800   
 (v2) IS2 (1,1) 1800
 trace vx 41 12 1000
---------------------------------------------------
41 12 6 5  
tracing VX  1000   
 (v2) IS2 (1,1) 2100
 trace vx 40 10 -1100
---------------------------------------------------
40 10 5 4  
tracing VX  -1100   
 (v2) IS2 (1,1) 2900
 trace vx 39 8 -4000
---------------------------------------------------
39 8 4 3  
tracing VX  -4000   
 (v1) hairpin 8, -4000 
---------------------------------------------------
25 16 8 7  
tracing VX  0   
 (v2) IS2 (1,1) 1700
 trace vx 24 14 -1700
---------------------------------------------------
24 14 7 6  
tracing VX  -1700   
 (v2) IS2 (1,1) 2300
 trace vx 23 12 -4000
---------------------------------------------------
23 12 6 5  
tracing VX  -4000   
 (v1) hairpin 12, -4000 
NAM  trna
DES  DS1141
SEQ  +SS
       1 G   G   G   U   U   A   A   U   A   C   U   C   A   A   G   U   U   G   G   U
         0   1   2   3   4   5   6   7   8   9   10  11  12  13  14  15  16  17  18  19  
         85  84  83  82  81  80  79  .   .   25  24  23  .   .   .   .   .   .   .   .   

      21 G   A   A   G   A   G   G   A   C   A   C   C   C   U   G   C   U   A   A   G
         20  21  22  23  24  25  26  27  28  29  30  31  32  33  34  35  36  37  38  39  
         .   .   .   11  10  9   44  43  42  41  40  39  .   .   .   .   .   .   .   31  

      41 G   U   G   U   U   A   G   G   U   C   G   G   U   C   U   C   C   G   G   C
         40  41  42  43  44  45  46  47  48  49  50  51  52  53  54  55  56  57  58  59  
         30  29  28  27  26  .   .   59  58  57  56  .   .   .   .   .   50  49  48  47  

      61 G   C   G   A   G   G   G   U   U   C   G   A   G   U   C   C   C   U   C   U
         60  61  62  63  64  65  66  67  68  69  70  71  72  73  74  75  76  77  78  79  
         .   .   78  77  76  75  74  .   .   .   .   .   .   .   66  65  64  63  62  6   

      81 U   A   A   C   C   C   G   C   C   A
         80  81  82  83  84  85  86  87  88  89  
         5   4   3   2   1   0   .   .   .   .   

----------------------------------------------------------------------
   Log odds score:       26600 
energy (kcal/mol):      -26.60 
  number of pairs:       25.00 
----------------------------------------------------------------------
Pseudoknots? YES
----------------------------------------------------------------------
Parameters (energy units, kcal/mol)
 wkn  parameter:          0.83 (pseudoknots weight)
 P1   parameter:          0.00 
 P2   parameter:          0.00 
 P3   parameter:          3.00 
 P4   parameter:          0.00 
 P5   parameter:          4.60 
 P5P  parameter:          8.43 
 P6   parameter:          0.40 
 P6P  parameter:          0.24 
 P10  parameter:          0.10 
 P10P parameter:          0.10 
 P11  parameter:          7.00 
 P12  parameter:          6.00 
 P13  parameter:         16.00 
 full pseudoknot model.
