---------------------------------------------------
72 72 36 35  
tracing WX 13800 
 (W5) SL, trace wx  72 71 13800
---------------------------------------------------
72 71 35 35  
tracing WX 13800 
 (W5) SL, trace wx  72 70 13800
---------------------------------------------------
72 70 35 34  
tracing WX 13800 
 (W5) SL, trace wx  72 69 13800
---------------------------------------------------
72 69 34 34  
tracing WX 13800 
 (W5) SL, trace wx  72 68 13800
---------------------------------------------------
72 68 34 33  
tracing WX 13800 
 (W5) SL, trace wx  72 67 13800
---------------------------------------------------
72 67 33 33  
tracing WX 13800 
 (W5) SL, trace wx  72 66 13800
---------------------------------------------------
72 66 33 32  
tracing WX 13800 
 (W5) SL, trace wx  72 65 13800
---------------------------------------------------
72 65 32 32  
tracing WX 13800 
 (W5) SL, trace wx  72 64 13800
---------------------------------------------------
72 64 32 31  
tracing WX 13800 
 (W6) SR, trace wx 71 63 13800
---------------------------------------------------
71 63 31 31  
tracing WX 13800 
 (W6) SR, trace wx 70 62 13800
---------------------------------------------------
70 62 31 30  
tracing WX 13800 
 (W6) SR, trace wx 69 61 13800
---------------------------------------------------
69 61 30 30  
tracing WX 13800 
 (W6) SR, trace wx 68 60 13800
---------------------------------------------------
68 60 30 29  
tracing WX 13800 
 (W6) SR, trace wx 67 59 13800
---------------------------------------------------
67 59 29 29  
tracing WX 13800 
 (W6) SR, trace wx 66 58 13800
---------------------------------------------------
66 58 29 28  
tracing WX 13800 
 (W6) SR, trace wx 65 57 13800
---------------------------------------------------
65 57 28 28  
tracing WX 13800 
 (W7) trace wx  26 18 3800
 (W7) trace wx  65 38 10000
---------------------------------------------------
65 38 19 18  
tracing WX 10000 
 (W8.4) dangle i, trace vx 47 19 3400
 (W8.4) dangle j, trace vx 64 16 3500
---------------------------------------------------
64 16 8 7  
tracing VX  3500   
 (v2) IS2 (1,1) 2300
 trace vx 63 14 1200
---------------------------------------------------
63 14 7 6  
tracing VX  1200   
 (v2) IS2 (1,1) 900
 trace vx 62 12 300
---------------------------------------------------
62 12 6 5  
tracing VX  300   
 (v2) IS2 (1,1) 1700
 trace vx 61 10 -1400
---------------------------------------------------
61 10 5 4  
tracing VX  -1400   
 (v2) IS2 (1,1) 2900
 trace vx 60 8 -4300
---------------------------------------------------
60 8 4 3  
tracing VX  -4300   
 (v1) hairpin 8, -4300 
---------------------------------------------------
47 19 9 9  
tracing VX  3400   
 (v2) IS2 (1,1) 1400
 trace vx 46 17 2000
---------------------------------------------------
46 17 8 8  
tracing VX  2000   
 (v2) IS2 (1,1) 1000
 trace vx 45 15 1000
---------------------------------------------------
45 15 7 7  
tracing VX  1000   
 (v2) IS2 (1,1) 2300
 trace vx 44 13 -1300
---------------------------------------------------
44 13 6 6  
tracing VX  -1300   
 (v2) IS2 (1,1) 1700
 trace vx 43 11 -3000
---------------------------------------------------
43 11 5 5  
tracing VX  -3000   
 (v2) IS2 (1,1) 900
 trace vx 42 9 -3900
---------------------------------------------------
42 9 4 4  
tracing VX  -3900   
 (v1) hairpin 9, -3900 
---------------------------------------------------
26 18 9 8  
tracing WX 3800 
 (W6) SR, trace wx 25 17 3800
---------------------------------------------------
25 17 8 8  
tracing WX 3800 
 (W2) SR SL, trace vx 24 15 1900
---------------------------------------------------
24 15 7 7  
tracing VX  1900   
 (v2) IS2 (1,1) 3400
 trace vx 23 13 -1500
---------------------------------------------------
23 13 6 6  
tracing VX  -1500   
 (v2) IS2 (1,1) 1700
 trace vx 22 11 -3200
---------------------------------------------------
22 11 5 5  
tracing VX  -3200   
 (v2) IS2 (1,1) 900
 trace vx 21 9 -4100
---------------------------------------------------
21 9 4 4  
tracing VX  -4100   
 (v1) hairpin 9, -4100 
NAM  trna
DES  DT5090
SEQ  +SS
       1 G   C   C   C   U   A   G   U   A   G   C   U   U   A   G   A   C   A   U   C
         0   1   2   3   4   5   6   7   8   9   10  11  12  13  14  15  16  17  18  19  
         .   .   .   .   .   .   .   .   .   24  23  22  21  .   .   .   .   .   .   .   

      21 A   A   A   G   C   A   C   C   G   G   U   C   U   U   G   U   A   A   A   C
         20  21  22  23  24  25  26  27  28  29  30  31  32  33  34  35  36  37  38  39  
         .   12  11  10  9   .   .   .   47  46  45  44  43  42  .   .   .   .   .   .   

      41 C   G   A   A   G   A   U   C   G   A   A   G   G   U   U   A   A   A   A   U
         40  41  42  43  44  45  46  47  48  49  50  51  52  53  54  55  56  57  58  59  
         .   .   33  32  31  30  29  28  64  63  62  61  60  .   .   .   .   .   .   .   

      61 C   C   U   U   C   C   U   A   G   C   G   C   C
         60  61  62  63  64  65  66  67  68  69  70  71  72  
         52  51  50  49  48  .   .   .   .   .   .   .   .   

----------------------------------------------------------------------
   Log odds score:       13800 
energy (kcal/mol):      -13.80 
  number of pairs:       15.00 
----------------------------------------------------------------------
Pseudoknots? YES
----------------------------------------------------------------------
Parameters (energy units, kcal/mol)
 wkn  parameter:          0.83 (pseudoknots weight)
 P1   parameter:          0.00 
 P2   parameter:          0.00 
 P3   parameter:          3.00 
 P4   parameter:          0.00 
 P5   parameter:          4.60 
 P5P  parameter:          8.43 
 P6   parameter:          0.40 
 P6P  parameter:          0.24 
 P10  parameter:          0.10 
 P10P parameter:          0.10 
 P11  parameter:          7.00 
 P12  parameter:          6.00 
 P13  parameter:         16.00 
 full pseudoknot model.
