---------------------------------------------------
82 82 41 40  
tracing WX 13600 
 (W4) SR, trace vx 81 81 11900
---------------------------------------------------
81 81 40 40  
tracing VX  11900   
 (v2) IS2 (1,1) 2900
 trace vx 80 79 9000
---------------------------------------------------
80 79 39 39  
tracing VX  9000   
 (v2) IS2 (1,1) 2300
 trace vx 79 77 6700
---------------------------------------------------
79 77 38 38  
tracing VX  6700   
 (v2) IS2 (1,1) 900
 trace vx 78 75 5800
---------------------------------------------------
78 75 37 37  
tracing VX  5800   
 (v2) IS2 (1,1) 900
 trace vx 77 73 4900
---------------------------------------------------
77 73 36 36  
tracing VX  4900   
 (v2) IS2 (1,1) 900
 trace vx 76 71 4000
---------------------------------------------------
76 71 35 35  
tracing VX  4000   
 (v2) IS2 (1,1) 900
 trace vx 75 69 3100
---------------------------------------------------
75 69 34 34  
tracing VX  3100   
 (v5_1) multiloop wbx 57 50 1500
 (v5_1) multiloop vx  74 16 3600
---------------------------------------------------
74 16 8 7  
tracing VX  3600   
 (v2) IS2 (1,1) 2100
 trace vx 73 14 1500
---------------------------------------------------
73 14 7 6  
tracing VX  1500   
 (v2) IS2 (1,1) 1800
 trace vx 72 12 -300
---------------------------------------------------
72 12 6 5  
tracing VX  -300   
 (v2) IS2 (1,1) 2300
 trace vx 71 10 -2600
---------------------------------------------------
71 10 5 4  
tracing VX  -2600   
 (v2) IS2 (1,1) 1700
 trace vx 70 8 -4300
---------------------------------------------------
70 8 4 3  
tracing VX  -4300   
 (v1) hairpin 8, -4300 
---------------------------------------------------
57 50 25 24  
tracing WBX 1500 
 (WB5) SL, trace wbx  57 49 1900
---------------------------------------------------
57 49 24 24  
tracing WBX 1900 
 (WB8.1) trace vx 47 39 3600
 (WB8.1) trace vx 57 9 -2900
---------------------------------------------------
57 9 4 4  
tracing VX  -2900   
 (v2) IS2 (1,1) 800
 trace vx 56 7 -3700
---------------------------------------------------
56 7 3 3  
tracing VX  -3700   
 (v1) hairpin 7, -3700 
---------------------------------------------------
47 39 19 19  
tracing VX  3600   
 (v2) IS2 (1,1) 1100
 trace vx 46 37 2500
---------------------------------------------------
46 37 18 18  
tracing VX  2500   
 (v2) IS2 (1,1) 900
 trace vx 45 35 1600
---------------------------------------------------
45 35 17 17  
tracing VX  1600   
 (v2) IS2 (1,1) 2300
 trace vx 44 33 -700
---------------------------------------------------
44 33 16 16  
tracing VX  -700   
 (v4_1) multiloop, trace vx  22 10 900
 (v4_1) multiloop, trace wbx 43 20 400
---------------------------------------------------
43 20 10 9  
tracing WBX 400 
 (WB5) SL, trace wbx  43 19 800
---------------------------------------------------
43 19 9 9  
tracing WBX 800 
 (WB6) SR, trace wbx 42 18 1200
---------------------------------------------------
42 18 9 8  
tracing WBX 1200 
 (WB2) SR SL, trace vx 41 16 700
---------------------------------------------------
41 16 8 7  
tracing VX  700   
 (v2) IS2 (1,1) 1000
 trace vx 40 14 -300
---------------------------------------------------
40 14 7 6  
tracing VX  -300   
 (v2) IS2 (1,1) 900
 trace vx 39 12 -1200
---------------------------------------------------
39 12 6 5  
tracing VX  -1200   
 (v2) IS2 (1,1) 1100
 trace vx 38 10 -2300
---------------------------------------------------
38 10 5 4  
tracing VX  -2300   
 (v2) IS2 (1,1) 900
 trace vx 37 8 -3200
---------------------------------------------------
37 8 4 3  
tracing VX  -3200   
 (v2) IS2 (1,1) 900
 trace vx 36 6 -4100
---------------------------------------------------
36 6 3 2  
tracing VX  -4100   
 (v1) hairpin 6, -4100 
---------------------------------------------------
22 10 5 4  
tracing VX  900   
 (v2) IS2 (1,1) 900
 trace vx 21 8 0
---------------------------------------------------
21 8 4 3  
tracing VX  0   
 (v2) IS2 (1,1) 2300
 trace vx 20 6 -2300
---------------------------------------------------
20 6 3 2  
tracing VX  -2300   
 (v1) hairpin 6, -2300 
NAM  trna
DES  DV4070
SEQ  +SS
       1 G   G   A   A   A   A   U   U   G   A   U   C   A   U   C   G   G   C   A   A
         0   1   2   3   4   5   6   7   8   9   10  11  12  13  14  15  16  17  18  19  
         81  80  79  78  77  76  75  .   47  46  45  44  22  21  20  .   .   .   .   .   

      21 G   A   U   A   A   G   U   U   A   U   U   U   A   C   U   A   A   A   U   A
         20  21  22  23  24  25  26  27  28  29  30  31  32  33  34  35  36  37  38  39  
         14  13  12  .   .   41  40  39  38  37  36  .   .   .   .   .   30  29  28  27  

      41 A   U   A   G   G   A   U   U   U   A   A   U   A   A   C   C   U   G   G   U
         40  41  42  43  44  45  46  47  48  49  50  51  52  53  54  55  56  57  58  59  
         26  25  .   .   11  10  9   8   57  56  .   .   .   .   .   .   49  48  74  73  

      61 G   A   G   U   U   C   G   A   A   U   C   U   C   A   C   A   U   U   U   U
         60  61  62  63  64  65  66  67  68  69  70  71  72  73  74  75  76  77  78  79  
         72  71  70  .   .   .   .   .   .   .   62  61  60  59  58  6   5   4   3   2   

      81 C   C   G
         80  81  82  
         1   0   .   

----------------------------------------------------------------------
   Log odds score:       13600 
energy (kcal/mol):      -13.60 
  number of pairs:       27.00 
----------------------------------------------------------------------
Pseudoknots? YES
----------------------------------------------------------------------
Parameters (energy units, kcal/mol)
 wkn  parameter:          0.83 (pseudoknots weight)
 P1   parameter:          0.00 
 P2   parameter:          0.00 
 P3   parameter:          3.00 
 P4   parameter:          0.00 
 P5   parameter:          4.60 
 P5P  parameter:          8.43 
 P6   parameter:          0.40 
 P6P  parameter:          0.24 
 P10  parameter:          0.10 
 P10P parameter:          0.10 
 P11  parameter:          7.00 
 P12  parameter:          6.00 
 P13  parameter:         16.00 
 full pseudoknot model.
