---------------------------------------------------
76 76 38 37  
tracing WX 28200 
 (W6) SR, trace wx 75 75 28200
---------------------------------------------------
75 75 37 37  
tracing WX 28200 
 (W6) SR, trace wx 74 74 28200
---------------------------------------------------
74 74 37 36  
tracing WX 28200 
 (W6) SR, trace wx 73 73 28200
---------------------------------------------------
73 73 36 36  
tracing WX 28200 
 (W6) SR, trace wx 72 72 28200
---------------------------------------------------
72 72 36 35  
tracing WX 28200 
 (W2) SR SL, trace vx 71 70 26200
---------------------------------------------------
71 70 35 34  
tracing VX  26200   
 (v2) IS2 (1,1) 3400
 trace vx 70 68 22800
---------------------------------------------------
70 68 34 33  
tracing VX  22800   
 (v2) IS2 (1,1) 2000
 trace vx 69 66 20800
---------------------------------------------------
69 66 33 32  
tracing VX  20800   
 (v2) IS2 (1,1) 2900
 trace vx 68 64 17900
---------------------------------------------------
68 64 32 31  
tracing VX  17900   
 (v2) IS2 (1,1) 2900
 trace vx 67 62 15000
---------------------------------------------------
67 62 31 30  
tracing VX  15000   
 (v2) IS2 (1,1) 2900
 trace vx 66 60 12100
---------------------------------------------------
66 60 30 29  
tracing VX  12100   
 (v5_1) multiloop wbx 48 41 8900
 (v5_1) multiloop vx  65 16 4100
---------------------------------------------------
65 16 8 7  
tracing VX  4100   
 (v2) IS2 (1,1) 2100
 trace vx 64 14 2000
---------------------------------------------------
64 14 7 6  
tracing VX  2000   
 (v2) IS2 (1,1) 1400
 trace vx 63 12 600
---------------------------------------------------
63 12 6 5  
tracing VX  600   
 (v2) IS2 (1,1) 2000
 trace vx 62 10 -1400
---------------------------------------------------
62 10 5 4  
tracing VX  -1400   
 (v2) IS2 (1,1) 2900
 trace vx 61 8 -4300
---------------------------------------------------
61 8 4 3  
tracing VX  -4300   
 (v1) hairpin 8, -4300 
---------------------------------------------------
48 41 20 20  
tracing WBX 8900 
 (WB5) SL, trace wbx  48 40 9300
---------------------------------------------------
48 40 20 19  
tracing WBX 9300 
 (WB5) SL, trace wbx  48 39 9700
---------------------------------------------------
48 39 19 19  
tracing WBX 9700 
 (WB6) SR, trace wbx 47 38 10100
---------------------------------------------------
47 38 19 18  
tracing WBX 10100 
 (WB6) SR, trace wbx 46 37 10500
---------------------------------------------------
46 37 18 18  
tracing WBX 10500 
 (WB6) SR, trace wbx 45 36 10900
---------------------------------------------------
45 36 18 17  
tracing WBX 10900 
 (WB6) SR, trace wbx 44 35 11300
---------------------------------------------------
44 35 17 17  
tracing WBX 11300 
 (WB7) trace wbx  26 17 4800
 (WB7) trace wbx  6500
---------------------------------------------------
44 17 8 8  
tracing WBX 6500 
 (WB4) SR, trace vx 43 16 6200
---------------------------------------------------
43 16 8 7  
tracing VX  6200   
 (v2) IS2 (1,1) 2300
 trace vx 42 14 3900
---------------------------------------------------
42 14 7 6  
tracing VX  3900   
 (v2) IS2 (1,1) 2000
 trace vx 41 12 1900
---------------------------------------------------
41 12 6 5  
tracing VX  1900   
 (v2) IS2 (1,1) 2900
 trace vx 40 10 -1000
---------------------------------------------------
40 10 5 4  
tracing VX  -1000   
 (v2) IS2 (1,1) 2900
 trace vx 39 8 -3900
---------------------------------------------------
39 8 4 3  
tracing VX  -3900   
 (v1) hairpin 8, -3900 
---------------------------------------------------
26 17 8 8  
tracing WBX 4800 
 (WB4) SR, trace vx 25 16 3600
---------------------------------------------------
25 16 8 7  
tracing VX  3600   
 (v2) IS2 (1,1) 2300
 trace vx 24 14 1300
---------------------------------------------------
24 14 7 6  
tracing VX  1300   
 (v2) IS2 (1,1) 1700
 trace vx 23 12 -400
---------------------------------------------------
23 12 6 5  
tracing VX  -400   
 (v2) IS2 (1,1) 3400
 trace vx 22 10 -3800
---------------------------------------------------
22 10 5 4  
tracing VX  -3800   
 (v1) hairpin 10, -3800 
NAM  trna
DES  DX1660
SEQ  +SS
       1 C   G   C   G   G   G   G   U   G   G   A   G   C   A   G   C   C   U   G   G
         0   1   2   3   4   5   6   7   8   9   10  11  12  13  14  15  16  17  18  19  
         .   71  70  69  68  67  66  .   .   25  24  23  22  .   .   .   .   .   .   .   

      21 U   A   G   C   U   C   G   U   C   G   G   G   C   U   C   A   U   A   A   C
         20  21  22  23  24  25  26  27  28  29  30  31  32  33  34  35  36  37  38  39  
         .   .   12  11  10  9   .   43  42  41  40  39  .   .   .   .   .   .   .   31  

      41 C   C   G   A   A   G   A   U   C   G   U   C   G   G   U   U   C   A   A   A
         40  41  42  43  44  45  46  47  48  49  50  51  52  53  54  55  56  57  58  59  
         30  29  28  27  .   .   .   .   .   65  64  63  62  61  .   .   .   .   .   .   

      61 U   C   C   G   G   C   C   C   C   C   G   C   A   A   C   C   A
         60  61  62  63  64  65  66  67  68  69  70  71  72  73  74  75  76  
         .   53  52  51  50  49  6   5   4   3   2   1   .   .   .   .   .   

----------------------------------------------------------------------
   Log odds score:       28200 
energy (kcal/mol):      -28.20 
  number of pairs:       20.00 
----------------------------------------------------------------------
Pseudoknots? YES
----------------------------------------------------------------------
Parameters (energy units, kcal/mol)
 wkn  parameter:          0.83 (pseudoknots weight)
 P1   parameter:          0.00 
 P2   parameter:          0.00 
 P3   parameter:          3.00 
 P4   parameter:          0.00 
 P5   parameter:          4.60 
 P5P  parameter:          8.43 
 P6   parameter:          0.40 
 P6P  parameter:          0.24 
 P10  parameter:          0.10 
 P10P parameter:          0.10 
 P11  parameter:          7.00 
 P12  parameter:          6.00 
 P13  parameter:         16.00 
 full pseudoknot model.
