---------------------------------------------------
79 79 39 39  
tracing WX 26818 
 (W6) SR, trace wx 78 78 26818
---------------------------------------------------
78 78 39 38  
tracing WX 26818 
 (W6) SR, trace wx 77 77 26818
---------------------------------------------------
77 77 38 38  
tracing WX 26818 
 (W6) SR, trace wx 76 76 26818
---------------------------------------------------
76 76 38 37  
tracing WX 26818 
 (W7) trace wx  39 39 12153
 (W7) trace wx  76 36 14665
---------------------------------------------------
76 36 18 17  
tracing WX 14665 
 (W9) trace whx 55 15 3 4 5957
 (W9) trace whx 76 31 5 18 16308
---------------------------------------------------
76 31 5 18  
tracing whx 16308 
 (WH19.1) trace YHX 69 24 5 5 9643 
 (WH19.1) trace YHX 76 18 5 6 10507 
---------------------------------------------------
76 18 5 6  
tracing YHX 10507 
 (YH4) SRE, trace vhx 75 17 5 5 10126 
---------------------------------------------------
75 17 5 5  
tracing VHX  10126 
 (vh2) trace vhx 75 17 1 1 1909 
 (vh2) trace vhx 74 15 4 4 8217 
---------------------------------------------------
74 15 4 4  
tracing VHX  8217 
 (vh2) trace vhx 74 15 1 1 2407 
 (vh2) trace vhx 73 13 3 3 5810 
---------------------------------------------------
73 13 3 3  
tracing VHX  5810 
 (vh2) trace vhx 73 13 1 1 2407 
 (vh2) trace vhx 72 11 2 2 3403 
---------------------------------------------------
72 11 2 2  
tracing VHX  3403 
 (vh2) trace vhx 72 11 1 1 1660 
 (vh2) trace vhx 71 9 1 1 1743 
---------------------------------------------------
71 9 1 1  
tracing VHX  1743 
 (vh1) IS2 (1,1) 71 9 1743 
---------------------------------------------------
72 11 1 1  
tracing VHX  1660 
 (vh1) IS2 (1,1) 72 11 1660 
---------------------------------------------------
73 13 1 1  
tracing VHX  2407 
 (vh1) IS2 (1,1) 73 13 2407 
---------------------------------------------------
74 15 1 1  
tracing VHX  2407 
 (vh1) IS2 (1,1) 74 15 2407 
---------------------------------------------------
75 17 1 1  
tracing VHX  1909 
 (vh1) IS2 (1,1) 75 17 1909 
---------------------------------------------------
69 24 5 5  
tracing YHX 9643 
 (YH2) SLE, SRE, trace vhx 68 22 4 4 8466 
---------------------------------------------------
68 22 4 4  
tracing VHX  8466 
 (vh2) trace vhx 68 22 1 1 1909 
 (vh2) trace vhx 67 20 3 3 6557 
---------------------------------------------------
67 20 3 3  
tracing VHX  6557 
 (vh2) trace vhx 67 20 1 1 1743 
 (vh2) trace vhx 66 18 2 2 4814 
---------------------------------------------------
66 18 2 2  
tracing VHX  4814 
 (vh2) trace vhx 66 18 1 1 2407 
 (vh2) trace vhx 65 16 1 1 2407 
---------------------------------------------------
65 16 1 1  
tracing VHX  2407 
 (vh1) IS2 (1,1) 65 16 2407 
---------------------------------------------------
66 18 1 1  
tracing VHX  2407 
 (vh1) IS2 (1,1) 66 18 2407 
---------------------------------------------------
67 20 1 1  
tracing VHX  1743 
 (vh1) IS2 (1,1) 67 20 1743 
---------------------------------------------------
68 22 1 1  
tracing VHX  1909 
 (vh1) IS2 (1,1) 68 22 1909 
---------------------------------------------------
55 15 3 4  
tracing whx 5957 
 (WH1.9) SRI, SLI, SRE, trace vhx 54 14 2 2 4814 
---------------------------------------------------
54 14 2 2  
tracing VHX  4814 
 (vh2) trace vhx 54 14 1 1 2407 
 (vh2) trace vhx 53 12 1 1 2407 
---------------------------------------------------
53 12 1 1  
tracing VHX  2407 
 (vh1) IS2 (1,1) 53 12 2407 
---------------------------------------------------
54 14 1 1  
tracing VHX  2407 
 (vh1) IS2 (1,1) 54 14 2407 
---------------------------------------------------
39 39 19 19  
tracing WX 12153 
 (W6) SR, trace wx 38 38 12153
---------------------------------------------------
38 38 19 18  
tracing WX 12153 
 (W6) SR, trace wx 37 37 12153
---------------------------------------------------
37 37 18 18  
tracing WX 12153 
 (W6) SR, trace wx 36 36 12153
---------------------------------------------------
36 36 18 17  
tracing WX 12153 
 (W6) SR, trace wx 35 35 12153
---------------------------------------------------
35 35 17 17  
tracing WX 12153 
 (W6) SR, trace wx 34 34 12153
---------------------------------------------------
34 34 17 16  
tracing WX 12153 
 (W10.2) trace yhx 26 26 15 3 10027
 (W10.2) trace yhx 34 17 4 5 7353
---------------------------------------------------
34 17 4 5  
tracing YHX 7353 
 (YH4) SRE, trace vhx 33 16 4 4 7138 
---------------------------------------------------
33 16 4 4  
tracing VHX  7138 
 (vh2) trace vhx 33 16 1 1 2407 
 (vh2) trace vhx 32 14 3 3 4731 
---------------------------------------------------
32 14 3 3  
tracing VHX  4731 
 (vh2) trace vhx 32 14 1 1 1411 
 (vh2) trace vhx 31 12 2 2 3320 
---------------------------------------------------
31 12 2 2  
tracing VHX  3320 
 (vh2) trace vhx 31 12 1 1 1909 
 (vh2) trace vhx 30 10 1 1 1411 
---------------------------------------------------
30 10 1 1  
tracing VHX  1411 
 (vh1) IS2 (1,1) 30 10 1411 
---------------------------------------------------
31 12 1 1  
tracing VHX  1909 
 (vh1) IS2 (1,1) 31 12 1909 
---------------------------------------------------
32 14 1 1  
tracing VHX  1411 
 (vh1) IS2 (1,1) 32 14 1411 
---------------------------------------------------
33 16 1 1  
tracing VHX  2407 
 (vh1) IS2 (1,1) 33 16 2407 
---------------------------------------------------
26 26 15 3  
tracing YHX 10027 
 (YH6) SRE, trace yhx 25 25 15 2 10227 
---------------------------------------------------
25 25 15 2  
tracing YHX 10227 
 (YH8.3) EL, trace vx  13 13 4700 
 (YH8.3) EL, dangle j, trace vhx 24 10 1 1 2822 
---------------------------------------------------
13 13 6 6  
tracing VX  4700   
 (v2) IS2 (1,1) 2900
 trace vx 12 11 1800
---------------------------------------------------
12 11 5 5  
tracing VX  1800   
 (v2) IS2 (1,1) 2300
 trace vx 11 9 -500
---------------------------------------------------
11 9 4 4  
tracing VX  -500   
 (v2) IS2 (1,1) 900
 trace vx 10 7 -1400
---------------------------------------------------
10 7 3 3  
tracing VX  -1400   
 (v2) IS2 (1,1) 2100
 trace vx 9 5 -3500
---------------------------------------------------
9 5 2 2  
tracing VX  -3500   
 (v1) hairpin 5, -3500 
---------------------------------------------------
24 10 1 1  
tracing VHX  2822 
 (vh1) IS2 (1,1) 24 10 2822 
NAM  EMV
SEQ  +SS
       1 G   G   A   A   C   U   A   C   A   G   U   U   C   C   G   C   U   C   C   U
         0   1   2   3   4   5   6   7   8   9   10  11  12  13  14  15  16  17  18  19  
         13  12  11  10  9   .   .   .   .   4   3   2   1   0   24  23  .   33  32  31  

      21 C   U   A   G   C   A   C   A   C   A   G   A   G   G   U   C   A   A   U   U
         20  21  22  23  24  25  26  27  28  29  30  31  32  33  34  35  36  37  38  39  
         30  29  .   15  14  .   .   .   .   21  20  19  18  17  .   .   .   .   .   .   

      41 G   G   G   U   G   C   G   A   C   C   C   C   C   C   C   C   U   C   U   C
         40  41  42  43  44  45  46  47  48  49  50  51  52  53  54  55  56  57  58  59  
         54  53  52  .   .   .   68  67  66  65  64  .   42  41  40  .   .   .   75  74  

      61 C   C   G   U   G   G   G   U   C   A   A   C   G   G   G   A   A   C   C   A
         60  61  62  63  64  65  66  67  68  69  70  71  72  73  74  75  76  77  78  79  
         73  72  71  70  50  49  48  47  46  .   63  62  61  60  59  58  .   .   .   .   

----------------------------------------------------------------------
   Log odds score:       26818 
energy (kcal/mol):      -26.82 
  number of pairs:       26.00 
----------------------------------------------------------------------
Pseudoknots? YES
----------------------------------------------------------------------
Parameters (energy units, kcal/mol)
 wkn  parameter:          0.83 (pseudoknots weight)
 P1   parameter:          0.00 
 P2   parameter:          0.00 
 P3   parameter:          3.00 
 P4   parameter:          0.00 
 P5   parameter:          4.60 
 P5P  parameter:          8.43 
 P6   parameter:          0.40 
 P6P  parameter:          0.24 
 P10  parameter:          0.10 
 P10P parameter:          0.10 
 P11  parameter:          7.00 
 P12  parameter:          6.00 
 P13  parameter:         16.00 
 full pseudoknot model.
