---------------------------------------------------
34 34 17 16  
tracing WX 8962 
 (W5) SL, trace wx  34 33 8962
---------------------------------------------------
34 33 16 16  
tracing WX 8962 
 (W5) SL, trace wx  34 32 8962
---------------------------------------------------
34 32 16 15  
tracing WX 8962 
 (W5) SL, trace wx  34 31 8962
---------------------------------------------------
34 31 15 15  
tracing WX 8962 
 (W5) SL, trace wx  34 30 8962
---------------------------------------------------
34 30 15 14  
tracing WX 8962 
 (W5) SL, trace wx  34 29 8962
---------------------------------------------------
34 29 14 14  
tracing WX 8962 
 (W5) SL, trace wx  34 28 8962
---------------------------------------------------
34 28 14 13  
tracing WX 8962 
 (W5) SL, trace wx  34 27 8962
---------------------------------------------------
34 27 13 13  
tracing WX 8962 
 (W6) SR, trace wx 33 26 8962
---------------------------------------------------
33 26 13 12  
tracing WX 8962 
 (W9) trace whx 25 18 5 6 7617
 (W9) trace whx 33 19 4 5 8945
---------------------------------------------------
33 19 4 5  
tracing whx 8945 
 (WH1.15) SRI, SLI, SRE, trace vhx 32 18 3 3 7636 
---------------------------------------------------
32 18 3 3  
tracing VHX  7636 
 (vh2) trace vhx 32 18 1 1 2822 
 (vh2) trace vhx 31 16 2 2 4814 
---------------------------------------------------
31 16 2 2  
tracing VHX  4814 
 (vh2) trace vhx 31 16 1 1 2407 
 (vh2) trace vhx 30 14 1 1 2407 
---------------------------------------------------
30 14 1 1  
tracing VHX  2407 
 (vh1) IS2 (1,1) 30 14 2407 
---------------------------------------------------
31 16 1 1  
tracing VHX  2407 
 (vh1) IS2 (1,1) 31 16 2407 
---------------------------------------------------
32 18 1 1  
tracing VHX  2822 
 (vh1) IS2 (1,1) 32 18 2822 
---------------------------------------------------
25 18 5 6  
tracing whx 7617 
 (WH1.15) SRI, SLI, SRE, trace vhx 24 17 4 4 6142 
---------------------------------------------------
24 17 4 4  
tracing VHX  6142 
 (vh2) trace vhx 24 17 1 1 913 
 (vh2) trace vhx 23 15 3 3 5229 
---------------------------------------------------
23 15 3 3  
tracing VHX  5229 
 (vh2) trace vhx 23 15 1 1 1162 
 (vh2) trace vhx 22 13 2 2 4067 
---------------------------------------------------
22 13 2 2  
tracing VHX  4067 
 (vh2) trace vhx 22 13 1 1 2407 
 (vh2) trace vhx 21 11 1 1 1660 
---------------------------------------------------
21 11 1 1  
tracing VHX  1660 
 (vh1) IS2 (1,1) 21 11 1660 
---------------------------------------------------
22 13 1 1  
tracing VHX  2407 
 (vh1) IS2 (1,1) 22 13 2407 
---------------------------------------------------
23 15 1 1  
tracing VHX  1162 
 (vh1) IS2 (1,1) 23 15 1162 
---------------------------------------------------
24 17 1 1  
tracing VHX  913 
 (vh1) IS2 (1,1) 24 17 913 
NAM  HIVRT_I.3-16
SEQ  +SS
       1 U   C   A   A   G   G   G   U   U   C   C   G   A   U   G   C   C   C   A   A
         0   1   2   3   4   5   6   7   8   9   10  11  12  13  14  15  16  17  18  19  
         .   .   .   .   .   .   .   24  23  22  21  20  .   .   32  31  30  29  .   .   

      21 C   G   G   G   A   A   A   A   G   G   G   G   C   U   A
         20  21  22  23  24  25  26  27  28  29  30  31  32  33  34  
         11  10  9   8   7   .   .   .   .   17  16  15  14  .   .   

----------------------------------------------------------------------
   Log odds score:        8962 
energy (kcal/mol):       -8.96 
  number of pairs:        9.00 
----------------------------------------------------------------------
Pseudoknots? YES
----------------------------------------------------------------------
Parameters (energy units, kcal/mol)
 wkn  parameter:          0.83 (pseudoknots weight)
 P1   parameter:          0.00 
 P2   parameter:          0.00 
 P3   parameter:          1.00 
 P4   parameter:          0.00 
 P5   parameter:          4.60 
 P5P  parameter:          8.43 
 P6   parameter:          0.40 
 P6P  parameter:          0.24 
 P10  parameter:          0.10 
 P10P parameter:          0.10 
 P11  parameter:          7.00 
 P12  parameter:          6.00 
 P13  parameter:         16.00 
 full pseudoknot model.
---------------------------------------------------
34 34 17 16  
tracing WX 7185 
 (W5) SL, trace wx  34 33 7185
---------------------------------------------------
34 33 16 16  
tracing WX 7185 
 (W5) SL, trace wx  34 32 7185
---------------------------------------------------
34 32 16 15  
tracing WX 7185 
 (W5) SL, trace wx  34 31 7185
---------------------------------------------------
34 31 15 15  
tracing WX 7185 
 (W5) SL, trace wx  34 30 7185
---------------------------------------------------
34 30 15 14  
tracing WX 7185 
 (W5) SL, trace wx  34 29 7185
---------------------------------------------------
34 29 14 14  
tracing WX 7185 
 (W5) SL, trace wx  34 28 7185
---------------------------------------------------
34 28 14 13  
tracing WX 7185 
 (W6) SR, trace wx 33 27 7185
---------------------------------------------------
33 27 13 13  
tracing WX 7185 
 (W9) trace whx 25 19 6 6 7666
 (W9) trace whx 33 19 4 5 7119
---------------------------------------------------
33 19 4 5  
tracing whx 7119 
 (WH1.15) SRI, SLI, SRE, trace vhx 32 18 3 3 5312 
---------------------------------------------------
32 18 3 3  
tracing VHX  5312 
 (vh2) trace vhx 32 18 1 1 1909 
 (vh2) trace vhx 31 16 2 2 3403 
---------------------------------------------------
31 16 2 2  
tracing VHX  3403 
 (vh2) trace vhx 31 16 1 1 1743 
 (vh2) trace vhx 30 14 1 1 1660 
---------------------------------------------------
30 14 1 1  
tracing VHX  1660 
 (vh1) IS2 (1,1) 30 14 1660 
---------------------------------------------------
31 16 1 1  
tracing VHX  1743 
 (vh1) IS2 (1,1) 31 16 1743 
---------------------------------------------------
32 18 1 1  
tracing VHX  1909 
 (vh1) IS2 (1,1) 32 18 1909 
---------------------------------------------------
25 19 6 6  
tracing whx 7666 
 (WH1.16) SLE, SRI, SLI, SRE,  24 17 4 4 6142 
---------------------------------------------------
24 17 4 4  
tracing VHX  6142 
 (vh2) trace vhx 24 17 1 1 913 
 (vh2) trace vhx 23 15 3 3 5229 
---------------------------------------------------
23 15 3 3  
tracing VHX  5229 
 (vh2) trace vhx 23 15 1 1 1162 
 (vh2) trace vhx 22 13 2 2 4067 
---------------------------------------------------
22 13 2 2  
tracing VHX  4067 
 (vh2) trace vhx 22 13 1 1 2407 
 (vh2) trace vhx 21 11 1 1 1660 
---------------------------------------------------
21 11 1 1  
tracing VHX  1660 
 (vh1) IS2 (1,1) 21 11 1660 
---------------------------------------------------
22 13 1 1  
tracing VHX  2407 
 (vh1) IS2 (1,1) 22 13 2407 
---------------------------------------------------
23 15 1 1  
tracing VHX  1162 
 (vh1) IS2 (1,1) 23 15 1162 
---------------------------------------------------
24 17 1 1  
tracing VHX  913 
 (vh1) IS2 (1,1) 24 17 913 
NAM  HIVRT_I.3-34
SEQ  +SS
       1 U   C   A   A   G   A   A   U   U   C   C   G   A   C   G   A   C   G   A   A
         0   1   2   3   4   5   6   7   8   9   10  11  12  13  14  15  16  17  18  19  
         .   .   .   .   .   .   .   24  23  22  21  20  .   .   32  31  30  29  .   .   

      21 C   G   G   G   A   A   A   A   A   C   G   U   C   U   A
         20  21  22  23  24  25  26  27  28  29  30  31  32  33  34  
         11  10  9   8   7   .   .   .   .   17  16  15  14  .   .   

----------------------------------------------------------------------
   Log odds score:        7185 
energy (kcal/mol):       -7.18 
  number of pairs:        9.00 
----------------------------------------------------------------------
Pseudoknots? YES
----------------------------------------------------------------------
Parameters (energy units, kcal/mol)
 wkn  parameter:          0.83 (pseudoknots weight)
 P1   parameter:          0.00 
 P2   parameter:          0.00 
 P3   parameter:          1.00 
 P4   parameter:          0.00 
 P5   parameter:          4.60 
 P5P  parameter:          8.43 
 P6   parameter:          0.40 
 P6P  parameter:          0.24 
 P10  parameter:          0.10 
 P10P parameter:          0.10 
 P11  parameter:          7.00 
 P12  parameter:          6.00 
 P13  parameter:         16.00 
 full pseudoknot model.
---------------------------------------------------
34 34 17 16  
tracing WX 6023 
 (W5) SL, trace wx  34 33 6023
---------------------------------------------------
34 33 16 16  
tracing WX 6023 
 (W5) SL, trace wx  34 32 6023
---------------------------------------------------
34 32 16 15  
tracing WX 6023 
 (W5) SL, trace wx  34 31 6023
---------------------------------------------------
34 31 15 15  
tracing WX 6023 
 (W5) SL, trace wx  34 30 6023
---------------------------------------------------
34 30 15 14  
tracing WX 6023 
 (W5) SL, trace wx  34 29 6023
---------------------------------------------------
34 29 14 14  
tracing WX 6023 
 (W5) SL, trace wx  34 28 6023
---------------------------------------------------
34 28 14 13  
tracing WX 6023 
 (W6) SR, trace wx 33 27 6023
---------------------------------------------------
33 27 13 13  
tracing WX 6023 
 (W9) trace whx 25 19 6 6 7666
 (W9) trace whx 33 19 4 5 5957
---------------------------------------------------
33 19 4 5  
tracing whx 5957 
 (WH1.15) SRI, SLI, SRE, trace vhx 32 18 3 3 4399 
---------------------------------------------------
32 18 3 3  
tracing VHX  4399 
 (vh2) trace vhx 32 18 1 1 1743 
 (vh2) trace vhx 31 16 2 2 2656 
---------------------------------------------------
31 16 2 2  
tracing VHX  2656 
 (vh2) trace vhx 31 16 1 1 913 
 (vh2) trace vhx 30 14 1 1 1743 
---------------------------------------------------
30 14 1 1  
tracing VHX  1743 
 (vh1) IS2 (1,1) 30 14 1743 
---------------------------------------------------
31 16 1 1  
tracing VHX  913 
 (vh1) IS2 (1,1) 31 16 913 
---------------------------------------------------
32 18 1 1  
tracing VHX  1743 
 (vh1) IS2 (1,1) 32 18 1743 
---------------------------------------------------
25 19 6 6  
tracing whx 7666 
 (WH1.16) SLE, SRI, SLI, SRE,  24 17 4 4 6142 
---------------------------------------------------
24 17 4 4  
tracing VHX  6142 
 (vh2) trace vhx 24 17 1 1 913 
 (vh2) trace vhx 23 15 3 3 5229 
---------------------------------------------------
23 15 3 3  
tracing VHX  5229 
 (vh2) trace vhx 23 15 1 1 1162 
 (vh2) trace vhx 22 13 2 2 4067 
---------------------------------------------------
22 13 2 2  
tracing VHX  4067 
 (vh2) trace vhx 22 13 1 1 2407 
 (vh2) trace vhx 21 11 1 1 1660 
---------------------------------------------------
21 11 1 1  
tracing VHX  1660 
 (vh1) IS2 (1,1) 21 11 1660 
---------------------------------------------------
22 13 1 1  
tracing VHX  2407 
 (vh1) IS2 (1,1) 22 13 2407 
---------------------------------------------------
23 15 1 1  
tracing VHX  1162 
 (vh1) IS2 (1,1) 23 15 1162 
---------------------------------------------------
24 17 1 1  
tracing VHX  913 
 (vh1) IS2 (1,1) 24 17 913 
NAM  HIVRT_I.3-35
SEQ  +SS
       1 U   C   A   A   G   U   A   U   U   C   C   G   A   U   G   U   A   C   A   A
         0   1   2   3   4   5   6   7   8   9   10  11  12  13  14  15  16  17  18  19  
         .   .   .   .   .   .   .   24  23  22  21  20  .   .   32  31  30  29  .   .   

      21 C   G   G   G   A   A   A   A   A   G   U   A   C   U   A
         20  21  22  23  24  25  26  27  28  29  30  31  32  33  34  
         11  10  9   8   7   .   .   .   .   17  16  15  14  .   .   

----------------------------------------------------------------------
   Log odds score:        6023 
energy (kcal/mol):       -6.02 
  number of pairs:        9.00 
----------------------------------------------------------------------
Pseudoknots? YES
----------------------------------------------------------------------
Parameters (energy units, kcal/mol)
 wkn  parameter:          0.83 (pseudoknots weight)
 P1   parameter:          0.00 
 P2   parameter:          0.00 
 P3   parameter:          1.00 
 P4   parameter:          0.00 
 P5   parameter:          4.60 
 P5P  parameter:          8.43 
 P6   parameter:          0.40 
 P6P  parameter:          0.24 
 P10  parameter:          0.10 
 P10P parameter:          0.10 
 P11  parameter:          7.00 
 P12  parameter:          6.00 
 P13  parameter:         16.00 
 full pseudoknot model.
---------------------------------------------------
34 34 17 16  
tracing WX 9294 
 (W5) SL, trace wx  34 33 9294
---------------------------------------------------
34 33 16 16  
tracing WX 9294 
 (W5) SL, trace wx  34 32 9294
---------------------------------------------------
34 32 16 15  
tracing WX 9294 
 (W5) SL, trace wx  34 31 9294
---------------------------------------------------
34 31 15 15  
tracing WX 9294 
 (W5) SL, trace wx  34 30 9294
---------------------------------------------------
34 30 15 14  
tracing WX 9294 
 (W5) SL, trace wx  34 29 9294
---------------------------------------------------
34 29 14 14  
tracing WX 9294 
 (W5) SL, trace wx  34 28 9294
---------------------------------------------------
34 28 14 13  
tracing WX 9294 
 (W6) SR, trace wx 33 27 9294
---------------------------------------------------
33 27 13 13  
tracing WX 9294 
 (W6) SR, trace wx 32 26 9294
---------------------------------------------------
32 26 13 12  
tracing WX 9294 
 (W10.2) trace yhx 25 19 5 5 6572
 (W10.2) trace yhx 32 19 5 4 7783
---------------------------------------------------
32 19 5 4  
tracing YHX 7783 
 (YH4) SLE, trace yhx 32 18 4 4 7983 
---------------------------------------------------
32 18 4 4  
tracing YHX 7983 
 (YH2) SLE, SRE, trace vhx 31 16 3 3 7636 
---------------------------------------------------
31 16 3 3  
tracing VHX  7636 
 (vh2) trace vhx 31 16 1 1 2822 
 (vh2) trace vhx 30 14 2 2 4814 
---------------------------------------------------
30 14 2 2  
tracing VHX  4814 
 (vh2) trace vhx 30 14 1 1 2407 
 (vh2) trace vhx 29 12 1 1 2407 
---------------------------------------------------
29 12 1 1  
tracing VHX  2407 
 (vh1) IS2 (1,1) 29 12 2407 
---------------------------------------------------
30 14 1 1  
tracing VHX  2407 
 (vh1) IS2 (1,1) 30 14 2407 
---------------------------------------------------
31 16 1 1  
tracing VHX  2822 
 (vh1) IS2 (1,1) 31 16 2822 
---------------------------------------------------
25 19 5 5  
tracing YHX 6572 
 (YH2) SLE, SRE, trace vhx 24 17 4 4 6142 
---------------------------------------------------
24 17 4 4  
tracing VHX  6142 
 (vh2) trace vhx 24 17 1 1 913 
 (vh2) trace vhx 23 15 3 3 5229 
---------------------------------------------------
23 15 3 3  
tracing VHX  5229 
 (vh2) trace vhx 23 15 1 1 1162 
 (vh2) trace vhx 22 13 2 2 4067 
---------------------------------------------------
22 13 2 2  
tracing VHX  4067 
 (vh2) trace vhx 22 13 1 1 2407 
 (vh2) trace vhx 21 11 1 1 1660 
---------------------------------------------------
21 11 1 1  
tracing VHX  1660 
 (vh1) IS2 (1,1) 21 11 1660 
---------------------------------------------------
22 13 1 1  
tracing VHX  2407 
 (vh1) IS2 (1,1) 22 13 2407 
---------------------------------------------------
23 15 1 1  
tracing VHX  1162 
 (vh1) IS2 (1,1) 23 15 1162 
---------------------------------------------------
24 17 1 1  
tracing VHX  913 
 (vh1) IS2 (1,1) 24 17 913 
NAM  HIVRT_I.3-18
SEQ  +SS
       1 U   C   A   A   G   A   A   U   U   C   C   G   C   U   A   G   C   C   C   A
         0   1   2   3   4   5   6   7   8   9   10  11  12  13  14  15  16  17  18  19  
         .   .   .   .   .   .   .   24  23  22  21  20  .   .   .   31  30  29  28  .   

      21 C   G   G   G   A   A   A   A   G   G   G   C   C   U   A
         20  21  22  23  24  25  26  27  28  29  30  31  32  33  34  
         11  10  9   8   7   .   .   .   18  17  16  15  .   .   .   

----------------------------------------------------------------------
   Log odds score:        9294 
energy (kcal/mol):       -9.29 
  number of pairs:        9.00 
----------------------------------------------------------------------
Pseudoknots? YES
----------------------------------------------------------------------
Parameters (energy units, kcal/mol)
 wkn  parameter:          0.83 (pseudoknots weight)
 P1   parameter:          0.00 
 P2   parameter:          0.00 
 P3   parameter:          1.00 
 P4   parameter:          0.00 
 P5   parameter:          4.60 
 P5P  parameter:          8.43 
 P6   parameter:          0.40 
 P6P  parameter:          0.24 
 P10  parameter:          0.10 
 P10P parameter:          0.10 
 P11  parameter:          7.00 
 P12  parameter:          6.00 
 P13  parameter:         16.00 
 full pseudoknot model.
---------------------------------------------------
34 34 17 16  
tracing WX 5442 
 (W5) SL, trace wx  34 33 5442
---------------------------------------------------
34 33 16 16  
tracing WX 5442 
 (W5) SL, trace wx  34 32 5442
---------------------------------------------------
34 32 16 15  
tracing WX 5442 
 (W5) SL, trace wx  34 31 5442
---------------------------------------------------
34 31 15 15  
tracing WX 5442 
 (W5) SL, trace wx  34 30 5442
---------------------------------------------------
34 30 15 14  
tracing WX 5442 
 (W5) SL, trace wx  34 29 5442
---------------------------------------------------
34 29 14 14  
tracing WX 5442 
 (W5) SL, trace wx  34 28 5442
---------------------------------------------------
34 28 14 13  
tracing WX 5442 
 (W5) SL, trace wx  34 27 5442
---------------------------------------------------
34 27 13 13  
tracing WX 5442 
 (W6) SR, trace wx 33 26 5442
---------------------------------------------------
33 26 13 12  
tracing WX 5442 
 (W6) SR, trace wx 32 25 5442
---------------------------------------------------
32 25 12 12  
tracing WX 5442 
 (W6) SR, trace wx 31 24 5442
---------------------------------------------------
31 24 12 11  
tracing WX 5442 
 (W6) SR, trace wx 30 23 5442
---------------------------------------------------
30 23 11 11  
tracing WX 5442 
 (W10.2) trace yhx 24 17 3 5 5410
 (W10.2) trace yhx 30 18 5 3 4927
---------------------------------------------------
30 18 5 3  
tracing YHX 4927 
 (YH4) SLE, trace yhx 30 17 4 3 5127 
---------------------------------------------------
30 17 4 3  
tracing YHX 5127 
 (YH4) SLE, trace yhx 30 16 3 3 5327 
---------------------------------------------------
30 16 3 3  
tracing YHX 5327 
 (YH2) SLE, SRE, trace vhx 29 14 2 2 4233 
---------------------------------------------------
29 14 2 2  
tracing VHX  4233 
 (vh2) trace vhx 29 14 1 1 2822 
 (vh2) trace vhx 28 12 1 1 1411 
---------------------------------------------------
28 12 1 1  
tracing VHX  1411 
 (vh1) IS2 (1,1) 28 12 1411 
---------------------------------------------------
29 14 1 1  
tracing VHX  2822 
 (vh1) IS2 (1,1) 29 14 2822 
---------------------------------------------------
24 17 3 5  
tracing YHX 5410 
 (YH6) SRE, trace yhx 23 16 3 4 5610 
---------------------------------------------------
23 16 3 4  
tracing YHX 5610 
 (YH5) SRE, trace vhx 22 15 3 3 5229 
---------------------------------------------------
22 15 3 3  
tracing VHX  5229 
 (vh2) trace vhx 22 15 1 1 1162 
 (vh2) trace vhx 21 13 2 2 4067 
---------------------------------------------------
21 13 2 2  
tracing VHX  4067 
 (vh2) trace vhx 21 13 1 1 2407 
 (vh2) trace vhx 20 11 1 1 1660 
---------------------------------------------------
20 11 1 1  
tracing VHX  1660 
 (vh1) IS2 (1,1) 20 11 1660 
---------------------------------------------------
21 13 1 1  
tracing VHX  2407 
 (vh1) IS2 (1,1) 21 13 2407 
---------------------------------------------------
22 15 1 1  
tracing VHX  1162 
 (vh1) IS2 (1,1) 22 15 1162 
NAM  HIVRT_I.3-41
SEQ  +SS
       1 U   C   A   G   G   A   A   U   C   C   G   A   G   A   A   G   C   U   A   C
         0   1   2   3   4   5   6   7   8   9   10  11  12  13  14  15  16  17  18  19  
         .   .   .   .   .   .   .   22  21  20  19  .   .   .   .   29  28  27  .   10  

      21 G   G   G   A   A   A   A   A   G   C   G   A   C   U   A
         20  21  22  23  24  25  26  27  28  29  30  31  32  33  34  
         9   8   7   .   .   .   .   17  16  15  .   .   .   .   .   

----------------------------------------------------------------------
   Log odds score:        5442 
energy (kcal/mol):       -5.44 
  number of pairs:        7.00 
----------------------------------------------------------------------
Pseudoknots? YES
----------------------------------------------------------------------
Parameters (energy units, kcal/mol)
 wkn  parameter:          0.83 (pseudoknots weight)
 P1   parameter:          0.00 
 P2   parameter:          0.00 
 P3   parameter:          1.00 
 P4   parameter:          0.00 
 P5   parameter:          4.60 
 P5P  parameter:          8.43 
 P6   parameter:          0.40 
 P6P  parameter:          0.24 
 P10  parameter:          0.10 
 P10P parameter:          0.10 
 P11  parameter:          7.00 
 P12  parameter:          6.00 
 P13  parameter:         16.00 
 full pseudoknot model.
---------------------------------------------------
34 34 17 16  
tracing WX 5910 
 (W5) SL, trace wx  34 33 5910
---------------------------------------------------
34 33 16 16  
tracing WX 5910 
 (W5) SL, trace wx  34 32 5910
---------------------------------------------------
34 32 16 15  
tracing WX 5910 
 (W5) SL, trace wx  34 31 5910
---------------------------------------------------
34 31 15 15  
tracing WX 5910 
 (W5) SL, trace wx  34 30 5910
---------------------------------------------------
34 30 15 14  
tracing WX 5910 
 (W5) SL, trace wx  34 29 5910
---------------------------------------------------
34 29 14 14  
tracing WX 5910 
 (W10.2) trace yhx 25 20 6 5 6855
 (W10.2) trace yhx 34 21 5 6 4199
---------------------------------------------------
34 21 5 6  
tracing YHX 4199 
 (YH5) SRE, trace vhx 33 20 5 5 3486 
---------------------------------------------------
33 20 5 5  
tracing VHX  3486 
 (vh2) trace vhx 33 20 1 1 1577 
 (vh2) trace vhx 32 18 4 4 1909 
---------------------------------------------------
32 18 4 4  
tracing VHX  1909 
 (vh2) trace vhx 32 18 2 2 -1494 
 (vh2) trace vhx 30 14 2 2 3403 
---------------------------------------------------
30 14 2 2  
tracing VHX  3403 
 (vh2) trace vhx 30 14 1 1 2407 
 (vh2) trace vhx 29 12 1 1 996 
---------------------------------------------------
29 12 1 1  
tracing VHX  996 
 (vh1) IS2 (1,1) 29 12 996 
---------------------------------------------------
30 14 1 1  
tracing VHX  2407 
 (vh1) IS2 (1,1) 30 14 2407 
---------------------------------------------------
32 18 2 2  
tracing VHX  -1494 
 (vh1) IS2 (2,2) 32 18 -1494 
---------------------------------------------------
33 20 1 1  
tracing VHX  1577 
 (vh1) IS2 (1,1) 33 20 1577 
---------------------------------------------------
25 20 6 5  
tracing YHX 6855 
 (YH3) SLE, trace vhx 25 19 5 5 6889 
---------------------------------------------------
25 19 5 5  
tracing VHX  6889 
 (vh2) trace vhx 25 19 1 1 747 
 (vh2) trace vhx 24 17 4 4 6142 
---------------------------------------------------
24 17 4 4  
tracing VHX  6142 
 (vh2) trace vhx 24 17 1 1 913 
 (vh2) trace vhx 23 15 3 3 5229 
---------------------------------------------------
23 15 3 3  
tracing VHX  5229 
 (vh2) trace vhx 23 15 1 1 1162 
 (vh2) trace vhx 22 13 2 2 4067 
---------------------------------------------------
22 13 2 2  
tracing VHX  4067 
 (vh2) trace vhx 22 13 1 1 2407 
 (vh2) trace vhx 21 11 1 1 1660 
---------------------------------------------------
21 11 1 1  
tracing VHX  1660 
 (vh1) IS2 (1,1) 21 11 1660 
---------------------------------------------------
22 13 1 1  
tracing VHX  2407 
 (vh1) IS2 (1,1) 22 13 2407 
---------------------------------------------------
23 15 1 1  
tracing VHX  1162 
 (vh1) IS2 (1,1) 23 15 1162 
---------------------------------------------------
24 17 1 1  
tracing VHX  913 
 (vh1) IS2 (1,1) 24 17 913 
---------------------------------------------------
25 19 1 1  
tracing VHX  747 
 (vh1) IS2 (1,1) 25 19 747 
NAM  HIVRT_I.3-29
SEQ  +SS
       1 U   C   A   A   G   A   U   U   U   C   C   G   A   G   G   U   C   C   G   A
         0   1   2   3   4   5   6   7   8   9   10  11  12  13  14  15  16  17  18  19  
         .   .   .   .   .   .   25  24  23  22  21  20  .   33  32  .   30  29  28  .   

      21 C   G   G   G   A   A   A   A   U   G   G   U   C   U   A
         20  21  22  23  24  25  26  27  28  29  30  31  32  33  34  
         11  10  9   8   7   6   .   .   18  17  16  .   14  13  .   

----------------------------------------------------------------------
   Log odds score:        5910 
energy (kcal/mol):       -5.91 
  number of pairs:       11.00 
----------------------------------------------------------------------
Pseudoknots? YES
----------------------------------------------------------------------
Parameters (energy units, kcal/mol)
 wkn  parameter:          0.83 (pseudoknots weight)
 P1   parameter:          0.00 
 P2   parameter:          0.00 
 P3   parameter:          1.00 
 P4   parameter:          0.00 
 P5   parameter:          4.60 
 P5P  parameter:          8.43 
 P6   parameter:          0.40 
 P6P  parameter:          0.24 
 P10  parameter:          0.10 
 P10P parameter:          0.10 
 P11  parameter:          7.00 
 P12  parameter:          6.00 
 P13  parameter:         16.00 
 full pseudoknot model.
---------------------------------------------------
34 34 17 16  
tracing WX 6906 
 (W5) SL, trace wx  34 33 6906
---------------------------------------------------
34 33 16 16  
tracing WX 6906 
 (W5) SL, trace wx  34 32 6906
---------------------------------------------------
34 32 16 15  
tracing WX 6906 
 (W5) SL, trace wx  34 31 6906
---------------------------------------------------
34 31 15 15  
tracing WX 6906 
 (W5) SL, trace wx  34 30 6906
---------------------------------------------------
34 30 15 14  
tracing WX 6906 
 (W5) SL, trace wx  34 29 6906
---------------------------------------------------
34 29 14 14  
tracing WX 6906 
 (W5) SL, trace wx  34 28 6906
---------------------------------------------------
34 28 14 13  
tracing WX 6906 
 (W5) SL, trace wx  34 27 6906
---------------------------------------------------
34 27 13 13  
tracing WX 6906 
 (W5) SL, trace wx  34 26 6906
---------------------------------------------------
34 26 13 12  
tracing WX 6906 
 (W6) SR, trace wx 33 25 6906
---------------------------------------------------
33 25 12 12  
tracing WX 6906 
 (W6) SR, trace wx 32 24 6906
---------------------------------------------------
32 24 12 11  
tracing WX 6906 
 (W6) SR, trace wx 31 23 6906
---------------------------------------------------
31 23 11 11  
tracing WX 6906 
 (W10.2) trace yhx 23 15 3 3 5146
 (W10.2) trace yhx 31 18 5 5 6655
---------------------------------------------------
31 18 5 5  
tracing YHX 6655 
 (YH2) SLE, SRE, trace vhx 30 16 4 4 5727 
---------------------------------------------------
30 16 4 4  
tracing VHX  5727 
 (vh2) trace vhx 30 16 1 1 1743 
 (vh2) trace vhx 29 14 3 3 3984 
---------------------------------------------------
29 14 3 3  
tracing VHX  3984 
 (vh2) trace vhx 29 14 1 1 1494 
 (vh2) trace vhx 28 12 2 2 2490 
---------------------------------------------------
28 12 2 2  
tracing VHX  2490 
 (vh2) trace vhx 28 12 1 1 1743 
 (vh2) trace vhx 27 10 1 1 747 
---------------------------------------------------
27 10 1 1  
tracing VHX  747 
 (vh1) IS2 (1,1) 27 10 747 
---------------------------------------------------
28 12 1 1  
tracing VHX  1743 
 (vh1) IS2 (1,1) 28 12 1743 
---------------------------------------------------
29 14 1 1  
tracing VHX  1494 
 (vh1) IS2 (1,1) 29 14 1494 
---------------------------------------------------
30 16 1 1  
tracing VHX  1743 
 (vh1) IS2 (1,1) 30 16 1743 
---------------------------------------------------
23 15 3 3  
tracing YHX 5146 
 (YH1) trace vhx 23 15 3 3 5229 
---------------------------------------------------
23 15 3 3  
tracing VHX  5229 
 (vh2) trace vhx 23 15 1 1 1162 
 (vh2) trace vhx 22 13 2 2 4067 
---------------------------------------------------
22 13 2 2  
tracing VHX  4067 
 (vh2) trace vhx 22 13 1 1 2407 
 (vh2) trace vhx 21 11 1 1 1660 
---------------------------------------------------
21 11 1 1  
tracing VHX  1660 
 (vh1) IS2 (1,1) 21 11 1660 
---------------------------------------------------
22 13 1 1  
tracing VHX  2407 
 (vh1) IS2 (1,1) 22 13 2407 
---------------------------------------------------
23 15 1 1  
tracing VHX  1162 
 (vh1) IS2 (1,1) 23 15 1162 
NAM  HIVRT_I.3-30
SEQ  +SS
       1 U   C   A   A   G   U   A   U   U   C   C   G   A   G   G   U   G   U   U   A
         0   1   2   3   4   5   6   7   8   9   10  11  12  13  14  15  16  17  18  19  
         .   .   .   .   .   .   .   .   23  22  21  20  .   .   30  29  28  27  26  .   

      21 C   G   G   G   A   A   A   A   C   A   C   G   C   U   A
         20  21  22  23  24  25  26  27  28  29  30  31  32  33  34  
         11  10  9   8   .   .   18  17  16  15  14  .   .   .   .   

----------------------------------------------------------------------
   Log odds score:        6906 
energy (kcal/mol):       -6.91 
  number of pairs:        9.00 
----------------------------------------------------------------------
Pseudoknots? YES
----------------------------------------------------------------------
Parameters (energy units, kcal/mol)
 wkn  parameter:          0.83 (pseudoknots weight)
 P1   parameter:          0.00 
 P2   parameter:          0.00 
 P3   parameter:          1.00 
 P4   parameter:          0.00 
 P5   parameter:          4.60 
 P5P  parameter:          8.43 
 P6   parameter:          0.40 
 P6P  parameter:          0.24 
 P10  parameter:          0.10 
 P10P parameter:          0.10 
 P11  parameter:          7.00 
 P12  parameter:          6.00 
 P13  parameter:         16.00 
 full pseudoknot model.
