---------------------------------------------------
34 34 17 16  
tracing WX 5857 
 (W5) SL, trace wx  34 33 5857
---------------------------------------------------
34 33 16 16  
tracing WX 5857 
 (W5) SL, trace wx  34 32 5857
---------------------------------------------------
34 32 16 15  
tracing WX 5857 
 (W5) SL, trace wx  34 31 5857
---------------------------------------------------
34 31 15 15  
tracing WX 5857 
 (W5) SL, trace wx  34 30 5857
---------------------------------------------------
34 30 15 14  
tracing WX 5857 
 (W5) SL, trace wx  34 29 5857
---------------------------------------------------
34 29 14 14  
tracing WX 5857 
 (W5) SL, trace wx  34 28 5857
---------------------------------------------------
34 28 14 13  
tracing WX 5857 
 (W6) SR, trace wx 33 27 5857
---------------------------------------------------
33 27 13 13  
tracing WX 5857 
 (W9) trace whx 25 19 6 6 7666
 (W9) trace whx 33 19 4 5 5791
---------------------------------------------------
33 19 4 5  
tracing whx 5791 
 (WH1.15) SRI, SLI, SRE, trace vhx 32 18 3 3 4399 
---------------------------------------------------
32 18 3 3  
tracing VHX  4399 
 (vh2) trace vhx 32 18 1 1 1743 
 (vh2) trace vhx 31 16 2 2 2656 
---------------------------------------------------
31 16 2 2  
tracing VHX  2656 
 (vh2) trace vhx 31 16 1 1 913 
 (vh2) trace vhx 30 14 1 1 1743 
---------------------------------------------------
30 14 1 1  
tracing VHX  1743 
 (vh1) IS2 (1,1) 30 14 1743 
---------------------------------------------------
31 16 1 1  
tracing VHX  913 
 (vh1) IS2 (1,1) 31 16 913 
---------------------------------------------------
32 18 1 1  
tracing VHX  1743 
 (vh1) IS2 (1,1) 32 18 1743 
---------------------------------------------------
25 19 6 6  
tracing whx 7666 
 (WH1.16) SLE, SRI, SLI, SRE,  24 17 4 4 6142 
---------------------------------------------------
24 17 4 4  
tracing VHX  6142 
 (vh2) trace vhx 24 17 1 1 913 
 (vh2) trace vhx 23 15 3 3 5229 
---------------------------------------------------
23 15 3 3  
tracing VHX  5229 
 (vh2) trace vhx 23 15 1 1 1162 
 (vh2) trace vhx 22 13 2 2 4067 
---------------------------------------------------
22 13 2 2  
tracing VHX  4067 
 (vh2) trace vhx 22 13 1 1 2407 
 (vh2) trace vhx 21 11 1 1 1660 
---------------------------------------------------
21 11 1 1  
tracing VHX  1660 
 (vh1) IS2 (1,1) 21 11 1660 
---------------------------------------------------
22 13 1 1  
tracing VHX  2407 
 (vh1) IS2 (1,1) 22 13 2407 
---------------------------------------------------
23 15 1 1  
tracing VHX  1162 
 (vh1) IS2 (1,1) 23 15 1162 
---------------------------------------------------
24 17 1 1  
tracing VHX  913 
 (vh1) IS2 (1,1) 24 17 913 
NAM  HIVRT_I.3-8
SEQ  +SS
       1 U   C   A   A   G   U   A   U   U   C   C   G   A   A   G   U   A   C   A   A
         0   1   2   3   4   5   6   7   8   9   10  11  12  13  14  15  16  17  18  19  
         .   .   .   .   .   .   .   24  23  22  21  20  .   .   32  31  30  29  .   .   

      21 C   G   G   G   A   A   A   A   C   G   U   A   C   U   A
         20  21  22  23  24  25  26  27  28  29  30  31  32  33  34  
         11  10  9   8   7   .   .   .   .   17  16  15  14  .   .   

----------------------------------------------------------------------
   Log odds score:        5857 
energy (kcal/mol):       -5.86 
  number of pairs:        9.00 
----------------------------------------------------------------------
Pseudoknots? YES
----------------------------------------------------------------------
Parameters (energy units, kcal/mol)
 wkn  parameter:          0.83 (pseudoknots weight)
 P1   parameter:          0.00 
 P2   parameter:          0.00 
 P3   parameter:          1.00 
 P4   parameter:          0.00 
 P5   parameter:          4.60 
 P5P  parameter:          8.43 
 P6   parameter:          0.40 
 P6P  parameter:          0.24 
 P10  parameter:          0.10 
 P10P parameter:          0.10 
 P11  parameter:          7.00 
 P12  parameter:          6.00 
 P13  parameter:         16.00 
 full pseudoknot model.
---------------------------------------------------
34 34 17 16  
tracing WX 6106 
 (W5) SL, trace wx  34 33 6106
---------------------------------------------------
34 33 16 16  
tracing WX 6106 
 (W5) SL, trace wx  34 32 6106
---------------------------------------------------
34 32 16 15  
tracing WX 6106 
 (W5) SL, trace wx  34 31 6106
---------------------------------------------------
34 31 15 15  
tracing WX 6106 
 (W5) SL, trace wx  34 30 6106
---------------------------------------------------
34 30 15 14  
tracing WX 6106 
 (W5) SL, trace wx  34 29 6106
---------------------------------------------------
34 29 14 14  
tracing WX 6106 
 (W5) SL, trace wx  34 28 6106
---------------------------------------------------
34 28 14 13  
tracing WX 6106 
 (W6) SR, trace wx 33 27 6106
---------------------------------------------------
33 27 13 13  
tracing WX 6106 
 (W9) trace whx 25 19 6 6 7666
 (W9) trace whx 33 19 4 5 6040
---------------------------------------------------
33 19 4 5  
tracing whx 6040 
 (WH1.15) SRI, SLI, SRE, trace vhx 32 18 3 3 4980 
---------------------------------------------------
32 18 3 3  
tracing VHX  4980 
 (vh2) trace vhx 32 18 1 1 1743 
 (vh2) trace vhx 31 16 2 2 3237 
---------------------------------------------------
31 16 2 2  
tracing VHX  3237 
 (vh2) trace vhx 31 16 1 1 1494 
 (vh2) trace vhx 30 14 1 1 1743 
---------------------------------------------------
30 14 1 1  
tracing VHX  1743 
 (vh1) IS2 (1,1) 30 14 1743 
---------------------------------------------------
31 16 1 1  
tracing VHX  1494 
 (vh1) IS2 (1,1) 31 16 1494 
---------------------------------------------------
32 18 1 1  
tracing VHX  1743 
 (vh1) IS2 (1,1) 32 18 1743 
---------------------------------------------------
25 19 6 6  
tracing whx 7666 
 (WH1.16) SLE, SRI, SLI, SRE,  24 17 4 4 6142 
---------------------------------------------------
24 17 4 4  
tracing VHX  6142 
 (vh2) trace vhx 24 17 1 1 913 
 (vh2) trace vhx 23 15 3 3 5229 
---------------------------------------------------
23 15 3 3  
tracing VHX  5229 
 (vh2) trace vhx 23 15 1 1 1162 
 (vh2) trace vhx 22 13 2 2 4067 
---------------------------------------------------
22 13 2 2  
tracing VHX  4067 
 (vh2) trace vhx 22 13 1 1 2407 
 (vh2) trace vhx 21 11 1 1 1660 
---------------------------------------------------
21 11 1 1  
tracing VHX  1660 
 (vh1) IS2 (1,1) 21 11 1660 
---------------------------------------------------
22 13 1 1  
tracing VHX  2407 
 (vh1) IS2 (1,1) 22 13 2407 
---------------------------------------------------
23 15 1 1  
tracing VHX  1162 
 (vh1) IS2 (1,1) 23 15 1162 
---------------------------------------------------
24 17 1 1  
tracing VHX  913 
 (vh1) IS2 (1,1) 24 17 913 
NAM  HIVRT_I.3-13
SEQ  +SS
       1 U   C   A   A   G   G   A   U   U   C   C   G   A   A   G   U   G   U   A   A
         0   1   2   3   4   5   6   7   8   9   10  11  12  13  14  15  16  17  18  19  
         .   .   .   .   .   .   .   24  23  22  21  20  .   .   32  31  30  29  .   .   

      21 C   G   G   G   A   A   A   A   C   G   C   A   C   U   A
         20  21  22  23  24  25  26  27  28  29  30  31  32  33  34  
         11  10  9   8   7   .   .   .   .   17  16  15  14  .   .   

----------------------------------------------------------------------
   Log odds score:        6106 
energy (kcal/mol):       -6.11 
  number of pairs:        9.00 
----------------------------------------------------------------------
Pseudoknots? YES
----------------------------------------------------------------------
Parameters (energy units, kcal/mol)
 wkn  parameter:          0.83 (pseudoknots weight)
 P1   parameter:          0.00 
 P2   parameter:          0.00 
 P3   parameter:          1.00 
 P4   parameter:          0.00 
 P5   parameter:          4.60 
 P5P  parameter:          8.43 
 P6   parameter:          0.40 
 P6P  parameter:          0.24 
 P10  parameter:          0.10 
 P10P parameter:          0.10 
 P11  parameter:          7.00 
 P12  parameter:          6.00 
 P13  parameter:         16.00 
 full pseudoknot model.
---------------------------------------------------
34 34 17 16  
tracing WX 6106 
 (W5) SL, trace wx  34 33 6106
---------------------------------------------------
34 33 16 16  
tracing WX 6106 
 (W5) SL, trace wx  34 32 6106
---------------------------------------------------
34 32 16 15  
tracing WX 6106 
 (W5) SL, trace wx  34 31 6106
---------------------------------------------------
34 31 15 15  
tracing WX 6106 
 (W5) SL, trace wx  34 30 6106
---------------------------------------------------
34 30 15 14  
tracing WX 6106 
 (W5) SL, trace wx  34 29 6106
---------------------------------------------------
34 29 14 14  
tracing WX 6106 
 (W5) SL, trace wx  34 28 6106
---------------------------------------------------
34 28 14 13  
tracing WX 6106 
 (W6) SR, trace wx 33 27 6106
---------------------------------------------------
33 27 13 13  
tracing WX 6106 
 (W9) trace whx 25 19 6 6 7666
 (W9) trace whx 33 19 4 5 6040
---------------------------------------------------
33 19 4 5  
tracing whx 6040 
 (WH1.15) SRI, SLI, SRE, trace vhx 32 18 3 3 5063 
---------------------------------------------------
32 18 3 3  
tracing VHX  5063 
 (vh2) trace vhx 32 18 1 1 2822 
 (vh2) trace vhx 31 16 2 2 2241 
---------------------------------------------------
31 16 2 2  
tracing VHX  2241 
 (vh2) trace vhx 31 16 1 1 1494 
 (vh2) trace vhx 30 14 1 1 747 
---------------------------------------------------
30 14 1 1  
tracing VHX  747 
 (vh1) IS2 (1,1) 30 14 747 
---------------------------------------------------
31 16 1 1  
tracing VHX  1494 
 (vh1) IS2 (1,1) 31 16 1494 
---------------------------------------------------
32 18 1 1  
tracing VHX  2822 
 (vh1) IS2 (1,1) 32 18 2822 
---------------------------------------------------
25 19 6 6  
tracing whx 7666 
 (WH1.16) SLE, SRI, SLI, SRE,  24 17 4 4 6142 
---------------------------------------------------
24 17 4 4  
tracing VHX  6142 
 (vh2) trace vhx 24 17 1 1 913 
 (vh2) trace vhx 23 15 3 3 5229 
---------------------------------------------------
23 15 3 3  
tracing VHX  5229 
 (vh2) trace vhx 23 15 1 1 1162 
 (vh2) trace vhx 22 13 2 2 4067 
---------------------------------------------------
22 13 2 2  
tracing VHX  4067 
 (vh2) trace vhx 22 13 1 1 2407 
 (vh2) trace vhx 21 11 1 1 1660 
---------------------------------------------------
21 11 1 1  
tracing VHX  1660 
 (vh1) IS2 (1,1) 21 11 1660 
---------------------------------------------------
22 13 1 1  
tracing VHX  2407 
 (vh1) IS2 (1,1) 22 13 2407 
---------------------------------------------------
23 15 1 1  
tracing VHX  1162 
 (vh1) IS2 (1,1) 23 15 1162 
---------------------------------------------------
24 17 1 1  
tracing VHX  913 
 (vh1) IS2 (1,1) 24 17 913 
NAM  HIVRT_I.3-23
SEQ  +SS
       1 U   C   A   A   G   G   A   U   U   C   C   G   A   A   G   C   A   U   A   A
         0   1   2   3   4   5   6   7   8   9   10  11  12  13  14  15  16  17  18  19  
         .   .   .   .   .   .   .   24  23  22  21  20  .   .   32  31  30  29  .   .   

      21 C   G   G   G   A   A   A   A   C   A   U   G   C   U   A
         20  21  22  23  24  25  26  27  28  29  30  31  32  33  34  
         11  10  9   8   7   .   .   .   .   17  16  15  14  .   .   

----------------------------------------------------------------------
   Log odds score:        6106 
energy (kcal/mol):       -6.11 
  number of pairs:        9.00 
----------------------------------------------------------------------
Pseudoknots? YES
----------------------------------------------------------------------
Parameters (energy units, kcal/mol)
 wkn  parameter:          0.83 (pseudoknots weight)
 P1   parameter:          0.00 
 P2   parameter:          0.00 
 P3   parameter:          1.00 
 P4   parameter:          0.00 
 P5   parameter:          4.60 
 P5P  parameter:          8.43 
 P6   parameter:          0.40 
 P6P  parameter:          0.24 
 P10  parameter:          0.10 
 P10P parameter:          0.10 
 P11  parameter:          7.00 
 P12  parameter:          6.00 
 P13  parameter:         16.00 
 full pseudoknot model.
---------------------------------------------------
34 34 17 16  
tracing WX 6106 
 (W5) SL, trace wx  34 33 6106
---------------------------------------------------
34 33 16 16  
tracing WX 6106 
 (W5) SL, trace wx  34 32 6106
---------------------------------------------------
34 32 16 15  
tracing WX 6106 
 (W5) SL, trace wx  34 31 6106
---------------------------------------------------
34 31 15 15  
tracing WX 6106 
 (W5) SL, trace wx  34 30 6106
---------------------------------------------------
34 30 15 14  
tracing WX 6106 
 (W5) SL, trace wx  34 29 6106
---------------------------------------------------
34 29 14 14  
tracing WX 6106 
 (W5) SL, trace wx  34 28 6106
---------------------------------------------------
34 28 14 13  
tracing WX 6106 
 (W6) SR, trace wx 33 27 6106
---------------------------------------------------
33 27 13 13  
tracing WX 6106 
 (W9) trace whx 25 19 6 6 7666
 (W9) trace whx 33 19 4 5 6040
---------------------------------------------------
33 19 4 5  
tracing whx 6040 
 (WH1.15) SRI, SLI, SRE, trace vhx 32 18 3 3 4980 
---------------------------------------------------
32 18 3 3  
tracing VHX  4980 
 (vh2) trace vhx 32 18 1 1 1743 
 (vh2) trace vhx 31 16 2 2 3237 
---------------------------------------------------
31 16 2 2  
tracing VHX  3237 
 (vh2) trace vhx 31 16 1 1 1494 
 (vh2) trace vhx 30 14 1 1 1743 
---------------------------------------------------
30 14 1 1  
tracing VHX  1743 
 (vh1) IS2 (1,1) 30 14 1743 
---------------------------------------------------
31 16 1 1  
tracing VHX  1494 
 (vh1) IS2 (1,1) 31 16 1494 
---------------------------------------------------
32 18 1 1  
tracing VHX  1743 
 (vh1) IS2 (1,1) 32 18 1743 
---------------------------------------------------
25 19 6 6  
tracing whx 7666 
 (WH1.16) SLE, SRI, SLI, SRE,  24 17 4 4 6142 
---------------------------------------------------
24 17 4 4  
tracing VHX  6142 
 (vh2) trace vhx 24 17 1 1 913 
 (vh2) trace vhx 23 15 3 3 5229 
---------------------------------------------------
23 15 3 3  
tracing VHX  5229 
 (vh2) trace vhx 23 15 1 1 1162 
 (vh2) trace vhx 22 13 2 2 4067 
---------------------------------------------------
22 13 2 2  
tracing VHX  4067 
 (vh2) trace vhx 22 13 1 1 2407 
 (vh2) trace vhx 21 11 1 1 1660 
---------------------------------------------------
21 11 1 1  
tracing VHX  1660 
 (vh1) IS2 (1,1) 21 11 1660 
---------------------------------------------------
22 13 1 1  
tracing VHX  2407 
 (vh1) IS2 (1,1) 22 13 2407 
---------------------------------------------------
23 15 1 1  
tracing VHX  1162 
 (vh1) IS2 (1,1) 23 15 1162 
---------------------------------------------------
24 17 1 1  
tracing VHX  913 
 (vh1) IS2 (1,1) 24 17 913 
NAM  HIVRT_I.3-43
SEQ  +SS
       1 U   C   A   G   G   G   A   U   U   C   C   G   A   A   G   U   G   U   A   A
         0   1   2   3   4   5   6   7   8   9   10  11  12  13  14  15  16  17  18  19  
         .   .   .   .   .   .   .   24  23  22  21  20  .   .   32  31  30  29  .   .   

      21 C   G   G   G   A   A   A   A   A   G   C   A   C   U   A
         20  21  22  23  24  25  26  27  28  29  30  31  32  33  34  
         11  10  9   8   7   .   .   .   .   17  16  15  14  .   .   

----------------------------------------------------------------------
   Log odds score:        6106 
energy (kcal/mol):       -6.11 
  number of pairs:        9.00 
----------------------------------------------------------------------
Pseudoknots? YES
----------------------------------------------------------------------
Parameters (energy units, kcal/mol)
 wkn  parameter:          0.83 (pseudoknots weight)
 P1   parameter:          0.00 
 P2   parameter:          0.00 
 P3   parameter:          1.00 
 P4   parameter:          0.00 
 P5   parameter:          4.60 
 P5P  parameter:          8.43 
 P6   parameter:          0.40 
 P6P  parameter:          0.24 
 P10  parameter:          0.10 
 P10P parameter:          0.10 
 P11  parameter:          7.00 
 P12  parameter:          6.00 
 P13  parameter:         16.00 
 full pseudoknot model.
---------------------------------------------------
34 34 17 16  
tracing WX 6472 
 (W5) SL, trace wx  34 33 6472
---------------------------------------------------
34 33 16 16  
tracing WX 6472 
 (W5) SL, trace wx  34 32 6472
---------------------------------------------------
34 32 16 15  
tracing WX 6472 
 (W5) SL, trace wx  34 31 6472
---------------------------------------------------
34 31 15 15  
tracing WX 6472 
 (W5) SL, trace wx  34 30 6472
---------------------------------------------------
34 30 15 14  
tracing WX 6472 
 (W5) SL, trace wx  34 29 6472
---------------------------------------------------
34 29 14 14  
tracing WX 6472 
 (W5) SL, trace wx  34 28 6472
---------------------------------------------------
34 28 14 13  
tracing WX 6472 
 (W9) trace whx 25 19 5 6 6455
 (W9) trace whx 34 21 5 6 7617
---------------------------------------------------
34 21 5 6  
tracing whx 7617 
 (WH1.15) SRI, SLI, SRE, trace vhx 33 20 4 4 6557 
---------------------------------------------------
33 20 4 4  
tracing VHX  6557 
 (vh2) trace vhx 33 20 1 1 1577 
 (vh2) trace vhx 32 18 3 3 4980 
---------------------------------------------------
32 18 3 3  
tracing VHX  4980 
 (vh2) trace vhx 32 18 1 1 1743 
 (vh2) trace vhx 31 16 2 2 3237 
---------------------------------------------------
31 16 2 2  
tracing VHX  3237 
 (vh2) trace vhx 31 16 1 1 1494 
 (vh2) trace vhx 30 14 1 1 1743 
---------------------------------------------------
30 14 1 1  
tracing VHX  1743 
 (vh1) IS2 (1,1) 30 14 1743 
---------------------------------------------------
31 16 1 1  
tracing VHX  1494 
 (vh1) IS2 (1,1) 31 16 1494 
---------------------------------------------------
32 18 1 1  
tracing VHX  1743 
 (vh1) IS2 (1,1) 32 18 1743 
---------------------------------------------------
33 20 1 1  
tracing VHX  1577 
 (vh1) IS2 (1,1) 33 20 1577 
---------------------------------------------------
25 19 5 6  
tracing whx 6455 
 (WH1.14) SLE, SLI, SRE, trace vhx 24 17 4 4 6142 
---------------------------------------------------
24 17 4 4  
tracing VHX  6142 
 (vh2) trace vhx 24 17 1 1 913 
 (vh2) trace vhx 23 15 3 3 5229 
---------------------------------------------------
23 15 3 3  
tracing VHX  5229 
 (vh2) trace vhx 23 15 1 1 1162 
 (vh2) trace vhx 22 13 2 2 4067 
---------------------------------------------------
22 13 2 2  
tracing VHX  4067 
 (vh2) trace vhx 22 13 1 1 2407 
 (vh2) trace vhx 21 11 1 1 1660 
---------------------------------------------------
21 11 1 1  
tracing VHX  1660 
 (vh1) IS2 (1,1) 21 11 1660 
---------------------------------------------------
22 13 1 1  
tracing VHX  2407 
 (vh1) IS2 (1,1) 22 13 2407 
---------------------------------------------------
23 15 1 1  
tracing VHX  1162 
 (vh1) IS2 (1,1) 23 15 1162 
---------------------------------------------------
24 17 1 1  
tracing VHX  913 
 (vh1) IS2 (1,1) 24 17 913 
NAM  HIVRT_I.3-45
SEQ  +SS
       1 U   C   A   A   G   U   A   U   U   C   C   G   A   G   G   U   G   U   G   A
         0   1   2   3   4   5   6   7   8   9   10  11  12  13  14  15  16  17  18  19  
         .   .   .   .   .   .   .   24  23  22  21  20  .   33  32  31  30  29  .   .   

      21 C   G   G   G   A   A   A   A   G   A   C   A   C   U   A
         20  21  22  23  24  25  26  27  28  29  30  31  32  33  34  
         11  10  9   8   7   .   .   .   .   17  16  15  14  13  .   

----------------------------------------------------------------------
   Log odds score:        6472 
energy (kcal/mol):       -6.47 
  number of pairs:       10.00 
----------------------------------------------------------------------
Pseudoknots? YES
----------------------------------------------------------------------
Parameters (energy units, kcal/mol)
 wkn  parameter:          0.83 (pseudoknots weight)
 P1   parameter:          0.00 
 P2   parameter:          0.00 
 P3   parameter:          1.00 
 P4   parameter:          0.00 
 P5   parameter:          4.60 
 P5P  parameter:          8.43 
 P6   parameter:          0.40 
 P6P  parameter:          0.24 
 P10  parameter:          0.10 
 P10P parameter:          0.10 
 P11  parameter:          7.00 
 P12  parameter:          6.00 
 P13  parameter:         16.00 
 full pseudoknot model.
