---------------------------------------------------
34 34 17 16  
tracing WX 9860 
 (W5) SL, trace wx  34 33 9860
---------------------------------------------------
34 33 16 16  
tracing WX 9860 
 (W5) SL, trace wx  34 32 9860
---------------------------------------------------
34 32 16 15  
tracing WX 9860 
 (W5) SL, trace wx  34 31 9860
---------------------------------------------------
34 31 15 15  
tracing WX 9860 
 (W5) SL, trace wx  34 30 9860
---------------------------------------------------
34 30 15 14  
tracing WX 9860 
 (W5) SL, trace wx  34 29 9860
---------------------------------------------------
34 29 14 14  
tracing WX 9860 
 (W6) SR, trace wx 33 28 9860
---------------------------------------------------
33 28 14 13  
tracing WX 9860 
 (W10.2) trace yhx 25 20 6 5 6855
 (W10.2) trace yhx 33 20 5 5 8066
---------------------------------------------------
33 20 5 5  
tracing YHX 8066 
 (YH2) SLE, SRE, trace vhx 32 18 4 4 7553 
---------------------------------------------------
32 18 4 4  
tracing VHX  7553 
 (vh2) trace vhx 32 18 1 1 1743 
 (vh2) trace vhx 31 16 3 3 5810 
---------------------------------------------------
31 16 3 3  
tracing VHX  5810 
 (vh2) trace vhx 31 16 1 1 1494 
 (vh2) trace vhx 30 14 2 2 4316 
---------------------------------------------------
30 14 2 2  
tracing VHX  4316 
 (vh2) trace vhx 30 14 1 1 2822 
 (vh2) trace vhx 29 12 1 1 1494 
---------------------------------------------------
29 12 1 1  
tracing VHX  1494 
 (vh1) IS2 (1,1) 29 12 1494 
---------------------------------------------------
30 14 1 1  
tracing VHX  2822 
 (vh1) IS2 (1,1) 30 14 2822 
---------------------------------------------------
31 16 1 1  
tracing VHX  1494 
 (vh1) IS2 (1,1) 31 16 1494 
---------------------------------------------------
32 18 1 1  
tracing VHX  1743 
 (vh1) IS2 (1,1) 32 18 1743 
---------------------------------------------------
25 20 6 5  
tracing YHX 6855 
 (YH3) SLE, trace vhx 25 19 5 5 6889 
---------------------------------------------------
25 19 5 5  
tracing VHX  6889 
 (vh2) trace vhx 25 19 1 1 747 
 (vh2) trace vhx 24 17 4 4 6142 
---------------------------------------------------
24 17 4 4  
tracing VHX  6142 
 (vh2) trace vhx 24 17 1 1 913 
 (vh2) trace vhx 23 15 3 3 5229 
---------------------------------------------------
23 15 3 3  
tracing VHX  5229 
 (vh2) trace vhx 23 15 1 1 1162 
 (vh2) trace vhx 22 13 2 2 4067 
---------------------------------------------------
22 13 2 2  
tracing VHX  4067 
 (vh2) trace vhx 22 13 1 1 2407 
 (vh2) trace vhx 21 11 1 1 1660 
---------------------------------------------------
21 11 1 1  
tracing VHX  1660 
 (vh1) IS2 (1,1) 21 11 1660 
---------------------------------------------------
22 13 1 1  
tracing VHX  2407 
 (vh1) IS2 (1,1) 22 13 2407 
---------------------------------------------------
23 15 1 1  
tracing VHX  1162 
 (vh1) IS2 (1,1) 23 15 1162 
---------------------------------------------------
24 17 1 1  
tracing VHX  913 
 (vh1) IS2 (1,1) 24 17 913 
---------------------------------------------------
25 19 1 1  
tracing VHX  747 
 (vh1) IS2 (1,1) 25 19 747 
NAM  HIVRT_I.3-39
SEQ  +SS
       1 U   C   A   A   G   A   U   U   U   C   C   G   A   U   G   U   G   C   A   A
         0   1   2   3   4   5   6   7   8   9   10  11  12  13  14  15  16  17  18  19  
         .   .   .   .   .   .   25  24  23  22  21  20  .   .   32  31  30  29  28  .   

      21 C   G   G   G   A   A   A   A   U   G   C   A   C   U   A
         20  21  22  23  24  25  26  27  28  29  30  31  32  33  34  
         11  10  9   8   7   6   .   .   18  17  16  15  14  .   .   

----------------------------------------------------------------------
   Log odds score:        9860 
energy (kcal/mol):       -9.86 
  number of pairs:       11.00 
----------------------------------------------------------------------
Pseudoknots? YES
----------------------------------------------------------------------
Parameters (energy units, kcal/mol)
 wkn  parameter:          0.83 (pseudoknots weight)
 P1   parameter:          0.00 
 P2   parameter:          0.00 
 P3   parameter:          1.00 
 P4   parameter:          0.00 
 P5   parameter:          4.60 
 P5P  parameter:          8.43 
 P6   parameter:          0.40 
 P6P  parameter:          0.24 
 P10  parameter:          0.10 
 P10P parameter:          0.10 
 P11  parameter:          7.00 
 P12  parameter:          6.00 
 P13  parameter:         16.00 
 full pseudoknot model.
---------------------------------------------------
34 34 17 16  
tracing WX 8000 
 (W5) SL, trace wx  34 33 8000
---------------------------------------------------
34 33 16 16  
tracing WX 8000 
 (W5) SL, trace wx  34 32 8000
---------------------------------------------------
34 32 16 15  
tracing WX 8000 
 (W5) SL, trace wx  34 31 8000
---------------------------------------------------
34 31 15 15  
tracing WX 8000 
 (W5) SL, trace wx  34 30 8000
---------------------------------------------------
34 30 15 14  
tracing WX 8000 
 (W5) SL, trace wx  34 29 8000
---------------------------------------------------
34 29 14 14  
tracing WX 8000 
 (W5) SL, trace wx  34 28 8000
---------------------------------------------------
34 28 14 13  
tracing WX 8000 
 (W6) SR, trace wx 33 27 8000
---------------------------------------------------
33 27 13 13  
tracing WX 8000 
 (W10.2) trace yhx 25 19 5 5 6572
 (W10.2) trace yhx 33 20 5 5 5908
---------------------------------------------------
33 20 5 5  
tracing YHX 5908 
 (YH2) SLE, SRE, trace vhx 32 18 4 4 5146 
---------------------------------------------------
32 18 4 4  
tracing VHX  5146 
 (vh2) trace vhx 32 18 1 1 1743 
 (vh2) trace vhx 31 16 3 3 3403 
---------------------------------------------------
31 16 3 3  
tracing VHX  3403 
 (vh2) trace vhx 31 16 1 1 913 
 (vh2) trace vhx 30 14 2 2 2490 
---------------------------------------------------
30 14 2 2  
tracing VHX  2490 
 (vh2) trace vhx 30 14 1 1 747 
 (vh2) trace vhx 29 12 1 1 1743 
---------------------------------------------------
29 12 1 1  
tracing VHX  1743 
 (vh1) IS2 (1,1) 29 12 1743 
---------------------------------------------------
30 14 1 1  
tracing VHX  747 
 (vh1) IS2 (1,1) 30 14 747 
---------------------------------------------------
31 16 1 1  
tracing VHX  913 
 (vh1) IS2 (1,1) 31 16 913 
---------------------------------------------------
32 18 1 1  
tracing VHX  1743 
 (vh1) IS2 (1,1) 32 18 1743 
---------------------------------------------------
25 19 5 5  
tracing YHX 6572 
 (YH2) SLE, SRE, trace vhx 24 17 4 4 6142 
---------------------------------------------------
24 17 4 4  
tracing VHX  6142 
 (vh2) trace vhx 24 17 1 1 913 
 (vh2) trace vhx 23 15 3 3 5229 
---------------------------------------------------
23 15 3 3  
tracing VHX  5229 
 (vh2) trace vhx 23 15 1 1 1162 
 (vh2) trace vhx 22 13 2 2 4067 
---------------------------------------------------
22 13 2 2  
tracing VHX  4067 
 (vh2) trace vhx 22 13 1 1 2407 
 (vh2) trace vhx 21 11 1 1 1660 
---------------------------------------------------
21 11 1 1  
tracing VHX  1660 
 (vh1) IS2 (1,1) 21 11 1660 
---------------------------------------------------
22 13 1 1  
tracing VHX  2407 
 (vh1) IS2 (1,1) 22 13 2407 
---------------------------------------------------
23 15 1 1  
tracing VHX  1162 
 (vh1) IS2 (1,1) 23 15 1162 
---------------------------------------------------
24 17 1 1  
tracing VHX  913 
 (vh1) IS2 (1,1) 24 17 913 
NAM  HIVRT_I.3-33
SEQ  +SS
       1 U   C   A   A   G   U   A   U   U   C   C   G   A   C   G   U   A   A   C   A
         0   1   2   3   4   5   6   7   8   9   10  11  12  13  14  15  16  17  18  19  
         .   .   .   .   .   .   .   24  23  22  21  20  .   .   32  31  30  29  28  .   

      21 C   G   G   G   A   A   A   A   G   U   U   A   C   U   A
         20  21  22  23  24  25  26  27  28  29  30  31  32  33  34  
         11  10  9   8   7   .   .   .   18  17  16  15  14  .   .   

----------------------------------------------------------------------
   Log odds score:        8000 
energy (kcal/mol):       -8.00 
  number of pairs:       10.00 
----------------------------------------------------------------------
Pseudoknots? YES
----------------------------------------------------------------------
Parameters (energy units, kcal/mol)
 wkn  parameter:          0.83 (pseudoknots weight)
 P1   parameter:          0.00 
 P2   parameter:          0.00 
 P3   parameter:          1.00 
 P4   parameter:          0.00 
 P5   parameter:          4.60 
 P5P  parameter:          8.43 
 P6   parameter:          0.40 
 P6P  parameter:          0.24 
 P10  parameter:          0.10 
 P10P parameter:          0.10 
 P11  parameter:          7.00 
 P12  parameter:          6.00 
 P13  parameter:         16.00 
 full pseudoknot model.
---------------------------------------------------
34 34 17 16  
tracing WX 10109 
 (W5) SL, trace wx  34 33 10109
---------------------------------------------------
34 33 16 16  
tracing WX 10109 
 (W5) SL, trace wx  34 32 10109
---------------------------------------------------
34 32 16 15  
tracing WX 10109 
 (W5) SL, trace wx  34 31 10109
---------------------------------------------------
34 31 15 15  
tracing WX 10109 
 (W5) SL, trace wx  34 30 10109
---------------------------------------------------
34 30 15 14  
tracing WX 10109 
 (W5) SL, trace wx  34 29 10109
---------------------------------------------------
34 29 14 14  
tracing WX 10109 
 (W6) SR, trace wx 33 28 10109
---------------------------------------------------
33 28 14 13  
tracing WX 10109 
 (W10.2) trace yhx 25 20 6 5 6855
 (W10.2) trace yhx 33 20 5 5 8315
---------------------------------------------------
33 20 5 5  
tracing YHX 8315 
 (YH2) SLE, SRE, trace vhx 32 18 4 4 7553 
---------------------------------------------------
32 18 4 4  
tracing VHX  7553 
 (vh2) trace vhx 32 18 1 1 2822 
 (vh2) trace vhx 31 16 3 3 4731 
---------------------------------------------------
31 16 3 3  
tracing VHX  4731 
 (vh2) trace vhx 31 16 1 1 1494 
 (vh2) trace vhx 30 14 2 2 3237 
---------------------------------------------------
30 14 2 2  
tracing VHX  3237 
 (vh2) trace vhx 30 14 1 1 1743 
 (vh2) trace vhx 29 12 1 1 1494 
---------------------------------------------------
29 12 1 1  
tracing VHX  1494 
 (vh1) IS2 (1,1) 29 12 1494 
---------------------------------------------------
30 14 1 1  
tracing VHX  1743 
 (vh1) IS2 (1,1) 30 14 1743 
---------------------------------------------------
31 16 1 1  
tracing VHX  1494 
 (vh1) IS2 (1,1) 31 16 1494 
---------------------------------------------------
32 18 1 1  
tracing VHX  2822 
 (vh1) IS2 (1,1) 32 18 2822 
---------------------------------------------------
25 20 6 5  
tracing YHX 6855 
 (YH3) SLE, trace vhx 25 19 5 5 6889 
---------------------------------------------------
25 19 5 5  
tracing VHX  6889 
 (vh2) trace vhx 25 19 1 1 747 
 (vh2) trace vhx 24 17 4 4 6142 
---------------------------------------------------
24 17 4 4  
tracing VHX  6142 
 (vh2) trace vhx 24 17 1 1 913 
 (vh2) trace vhx 23 15 3 3 5229 
---------------------------------------------------
23 15 3 3  
tracing VHX  5229 
 (vh2) trace vhx 23 15 1 1 1162 
 (vh2) trace vhx 22 13 2 2 4067 
---------------------------------------------------
22 13 2 2  
tracing VHX  4067 
 (vh2) trace vhx 22 13 1 1 2407 
 (vh2) trace vhx 21 11 1 1 1660 
---------------------------------------------------
21 11 1 1  
tracing VHX  1660 
 (vh1) IS2 (1,1) 21 11 1660 
---------------------------------------------------
22 13 1 1  
tracing VHX  2407 
 (vh1) IS2 (1,1) 22 13 2407 
---------------------------------------------------
23 15 1 1  
tracing VHX  1162 
 (vh1) IS2 (1,1) 23 15 1162 
---------------------------------------------------
24 17 1 1  
tracing VHX  913 
 (vh1) IS2 (1,1) 24 17 913 
---------------------------------------------------
25 19 1 1  
tracing VHX  747 
 (vh1) IS2 (1,1) 25 19 747 
NAM  HIVRT_I.3-46
SEQ  +SS
       1 U   C   A   A   G   A   U   U   U   C   C   G   A   C   G   C   A   C   A   A
         0   1   2   3   4   5   6   7   8   9   10  11  12  13  14  15  16  17  18  19  
         .   .   .   .   .   .   25  24  23  22  21  20  .   .   32  31  30  29  28  .   

      21 C   G   G   G   A   A   A   A   U   G   U   G   C   U   A
         20  21  22  23  24  25  26  27  28  29  30  31  32  33  34  
         11  10  9   8   7   6   .   .   18  17  16  15  14  .   .   

----------------------------------------------------------------------
   Log odds score:       10109 
energy (kcal/mol):      -10.11 
  number of pairs:       11.00 
----------------------------------------------------------------------
Pseudoknots? YES
----------------------------------------------------------------------
Parameters (energy units, kcal/mol)
 wkn  parameter:          0.83 (pseudoknots weight)
 P1   parameter:          0.00 
 P2   parameter:          0.00 
 P3   parameter:          1.00 
 P4   parameter:          0.00 
 P5   parameter:          4.60 
 P5P  parameter:          8.43 
 P6   parameter:          0.40 
 P6P  parameter:          0.24 
 P10  parameter:          0.10 
 P10P parameter:          0.10 
 P11  parameter:          7.00 
 P12  parameter:          6.00 
 P13  parameter:         16.00 
 full pseudoknot model.
---------------------------------------------------
34 34 17 16  
tracing WX 7253 
 (W5) SL, trace wx  34 33 7253
---------------------------------------------------
34 33 16 16  
tracing WX 7253 
 (W5) SL, trace wx  34 32 7253
---------------------------------------------------
34 32 16 15  
tracing WX 7253 
 (W5) SL, trace wx  34 31 7253
---------------------------------------------------
34 31 15 15  
tracing WX 7253 
 (W5) SL, trace wx  34 30 7253
---------------------------------------------------
34 30 15 14  
tracing WX 7253 
 (W5) SL, trace wx  34 29 7253
---------------------------------------------------
34 29 14 14  
tracing WX 7253 
 (W5) SL, trace wx  34 28 7253
---------------------------------------------------
34 28 14 13  
tracing WX 7253 
 (W6) SR, trace wx 33 27 7253
---------------------------------------------------
33 27 13 13  
tracing WX 7253 
 (W10.2) trace yhx 25 19 5 5 6572
 (W10.2) trace yhx 33 20 5 5 5742
---------------------------------------------------
33 20 5 5  
tracing YHX 5742 
 (YH2) SLE, SRE, trace vhx 32 18 4 4 5229 
---------------------------------------------------
32 18 4 4  
tracing VHX  5229 
 (vh2) trace vhx 32 18 1 1 1743 
 (vh2) trace vhx 31 16 3 3 3486 
---------------------------------------------------
31 16 3 3  
tracing VHX  3486 
 (vh2) trace vhx 31 16 1 1 1162 
 (vh2) trace vhx 30 14 2 2 2324 
---------------------------------------------------
30 14 2 2  
tracing VHX  2324 
 (vh2) trace vhx 30 14 1 1 1411 
 (vh2) trace vhx 29 12 1 1 913 
---------------------------------------------------
29 12 1 1  
tracing VHX  913 
 (vh1) IS2 (1,1) 29 12 913 
---------------------------------------------------
30 14 1 1  
tracing VHX  1411 
 (vh1) IS2 (1,1) 30 14 1411 
---------------------------------------------------
31 16 1 1  
tracing VHX  1162 
 (vh1) IS2 (1,1) 31 16 1162 
---------------------------------------------------
32 18 1 1  
tracing VHX  1743 
 (vh1) IS2 (1,1) 32 18 1743 
---------------------------------------------------
25 19 5 5  
tracing YHX 6572 
 (YH2) SLE, SRE, trace vhx 24 17 4 4 6142 
---------------------------------------------------
24 17 4 4  
tracing VHX  6142 
 (vh2) trace vhx 24 17 1 1 913 
 (vh2) trace vhx 23 15 3 3 5229 
---------------------------------------------------
23 15 3 3  
tracing VHX  5229 
 (vh2) trace vhx 23 15 1 1 1162 
 (vh2) trace vhx 22 13 2 2 4067 
---------------------------------------------------
22 13 2 2  
tracing VHX  4067 
 (vh2) trace vhx 22 13 1 1 2407 
 (vh2) trace vhx 21 11 1 1 1660 
---------------------------------------------------
21 11 1 1  
tracing VHX  1660 
 (vh1) IS2 (1,1) 21 11 1660 
---------------------------------------------------
22 13 1 1  
tracing VHX  2407 
 (vh1) IS2 (1,1) 22 13 2407 
---------------------------------------------------
23 15 1 1  
tracing VHX  1162 
 (vh1) IS2 (1,1) 23 15 1162 
---------------------------------------------------
24 17 1 1  
tracing VHX  913 
 (vh1) IS2 (1,1) 24 17 913 
NAM  HIVRT_I.3-52
SEQ  +SS
       1 U   C   A   A   G   U   A   U   U   C   C   G   A   U   G   U   C   U   A   A
         0   1   2   3   4   5   6   7   8   9   10  11  12  13  14  15  16  17  18  19  
         .   .   .   .   .   .   .   24  23  22  21  20  .   .   32  31  30  29  28  .   

      21 C   G   G   G   A   A   A   A   U   A   G   G   C   U   A
         20  21  22  23  24  25  26  27  28  29  30  31  32  33  34  
         11  10  9   8   7   .   .   .   18  17  16  15  14  .   .   

----------------------------------------------------------------------
   Log odds score:        7253 
energy (kcal/mol):       -7.25 
  number of pairs:       10.00 
----------------------------------------------------------------------
Pseudoknots? YES
----------------------------------------------------------------------
Parameters (energy units, kcal/mol)
 wkn  parameter:          0.83 (pseudoknots weight)
 P1   parameter:          0.00 
 P2   parameter:          0.00 
 P3   parameter:          1.00 
 P4   parameter:          0.00 
 P5   parameter:          4.60 
 P5P  parameter:          8.43 
 P6   parameter:          0.40 
 P6P  parameter:          0.24 
 P10  parameter:          0.10 
 P10P parameter:          0.10 
 P11  parameter:          7.00 
 P12  parameter:          6.00 
 P13  parameter:         16.00 
 full pseudoknot model.
