---------------------------------------------------
34 34 17 16  
tracing WX 10856 
 (W5) SL, trace wx  34 33 10856
---------------------------------------------------
34 33 16 16  
tracing WX 10856 
 (W5) SL, trace wx  34 32 10856
---------------------------------------------------
34 32 16 15  
tracing WX 10856 
 (W5) SL, trace wx  34 31 10856
---------------------------------------------------
34 31 15 15  
tracing WX 10856 
 (W5) SL, trace wx  34 30 10856
---------------------------------------------------
34 30 15 14  
tracing WX 10856 
 (W5) SL, trace wx  34 29 10856
---------------------------------------------------
34 29 14 14  
tracing WX 10856 
 (W5) SL, trace wx  34 28 10856
---------------------------------------------------
34 28 14 13  
tracing WX 10856 
 (W10.2) trace yhx 25 19 5 5 6572
 (W10.2) trace yhx 34 21 5 6 9345
---------------------------------------------------
34 21 5 6  
tracing YHX 9345 
 (YH5) SRE, trace vhx 33 20 5 5 9047 
---------------------------------------------------
33 20 5 5  
tracing VHX  9047 
 (vh2) trace vhx 33 20 1 1 1411 
 (vh2) trace vhx 32 18 4 4 7636 
---------------------------------------------------
32 18 4 4  
tracing VHX  7636 
 (vh2) trace vhx 32 18 1 1 2822 
 (vh2) trace vhx 31 16 3 3 4814 
---------------------------------------------------
31 16 3 3  
tracing VHX  4814 
 (vh2) trace vhx 31 16 1 1 1411 
 (vh2) trace vhx 30 14 2 2 3403 
---------------------------------------------------
30 14 2 2  
tracing VHX  3403 
 (vh2) trace vhx 30 14 1 1 1909 
 (vh2) trace vhx 29 12 1 1 1494 
---------------------------------------------------
29 12 1 1  
tracing VHX  1494 
 (vh1) IS2 (1,1) 29 12 1494 
---------------------------------------------------
30 14 1 1  
tracing VHX  1909 
 (vh1) IS2 (1,1) 30 14 1909 
---------------------------------------------------
31 16 1 1  
tracing VHX  1411 
 (vh1) IS2 (1,1) 31 16 1411 
---------------------------------------------------
32 18 1 1  
tracing VHX  2822 
 (vh1) IS2 (1,1) 32 18 2822 
---------------------------------------------------
33 20 1 1  
tracing VHX  1411 
 (vh1) IS2 (1,1) 33 20 1411 
---------------------------------------------------
25 19 5 5  
tracing YHX 6572 
 (YH2) SLE, SRE, trace vhx 24 17 4 4 6142 
---------------------------------------------------
24 17 4 4  
tracing VHX  6142 
 (vh2) trace vhx 24 17 1 1 913 
 (vh2) trace vhx 23 15 3 3 5229 
---------------------------------------------------
23 15 3 3  
tracing VHX  5229 
 (vh2) trace vhx 23 15 1 1 1162 
 (vh2) trace vhx 22 13 2 2 4067 
---------------------------------------------------
22 13 2 2  
tracing VHX  4067 
 (vh2) trace vhx 22 13 1 1 2407 
 (vh2) trace vhx 21 11 1 1 1660 
---------------------------------------------------
21 11 1 1  
tracing VHX  1660 
 (vh1) IS2 (1,1) 21 11 1660 
---------------------------------------------------
22 13 1 1  
tracing VHX  2407 
 (vh1) IS2 (1,1) 22 13 2407 
---------------------------------------------------
23 15 1 1  
tracing VHX  1162 
 (vh1) IS2 (1,1) 23 15 1162 
---------------------------------------------------
24 17 1 1  
tracing VHX  913 
 (vh1) IS2 (1,1) 24 17 913 
NAM  HIVRT_I.3-2
SEQ  +SS
       1 U   C   A   A   G   U   A   U   U   C   C   G   A   A   G   C   U   C   A   A
         0   1   2   3   4   5   6   7   8   9   10  11  12  13  14  15  16  17  18  19  
         .   .   .   .   .   .   .   24  23  22  21  20  .   33  32  31  30  29  28  .   

      21 C   G   G   G   A   A   A   A   U   G   A   G   C   U   A
         20  21  22  23  24  25  26  27  28  29  30  31  32  33  34  
         11  10  9   8   7   .   .   .   18  17  16  15  14  13  .   

----------------------------------------------------------------------
   Log odds score:       10856 
energy (kcal/mol):      -10.86 
  number of pairs:       11.00 
----------------------------------------------------------------------
Pseudoknots? YES
----------------------------------------------------------------------
Parameters (energy units, kcal/mol)
 wkn  parameter:          0.83 (pseudoknots weight)
 P1   parameter:          0.00 
 P2   parameter:          0.00 
 P3   parameter:          1.00 
 P4   parameter:          0.00 
 P5   parameter:          4.60 
 P5P  parameter:          8.43 
 P6   parameter:          0.40 
 P6P  parameter:          0.24 
 P10  parameter:          0.10 
 P10P parameter:          0.10 
 P11  parameter:          7.00 
 P12  parameter:          6.00 
 P13  parameter:         16.00 
 full pseudoknot model.
---------------------------------------------------
34 34 17 16  
tracing WX 8781 
 (W5) SL, trace wx  34 33 8781
---------------------------------------------------
34 33 16 16  
tracing WX 8781 
 (W5) SL, trace wx  34 32 8781
---------------------------------------------------
34 32 16 15  
tracing WX 8781 
 (W5) SL, trace wx  34 31 8781
---------------------------------------------------
34 31 15 15  
tracing WX 8781 
 (W5) SL, trace wx  34 30 8781
---------------------------------------------------
34 30 15 14  
tracing WX 8781 
 (W5) SL, trace wx  34 29 8781
---------------------------------------------------
34 29 14 14  
tracing WX 8781 
 (W5) SL, trace wx  34 28 8781
---------------------------------------------------
34 28 14 13  
tracing WX 8781 
 (W10.2) trace yhx 25 19 5 5 6572
 (W10.2) trace yhx 34 21 5 6 7353
---------------------------------------------------
34 21 5 6  
tracing YHX 7353 
 (YH5) SRE, trace vhx 33 20 5 5 7055 
---------------------------------------------------
33 20 5 5  
tracing VHX  7055 
 (vh2) trace vhx 33 20 1 1 1411 
 (vh2) trace vhx 32 18 4 4 5644 
---------------------------------------------------
32 18 4 4  
tracing VHX  5644 
 (vh2) trace vhx 32 18 1 1 2822 
 (vh2) trace vhx 31 16 3 3 2822 
---------------------------------------------------
31 16 3 3  
tracing VHX  2822 
 (vh2) trace vhx 31 16 1 1 1411 
 (vh2) trace vhx 30 14 2 2 1411 
---------------------------------------------------
30 14 2 2  
tracing VHX  1411 
 (vh2) trace vhx 30 14 1 1 747 
 (vh2) trace vhx 29 12 1 1 664 
---------------------------------------------------
29 12 1 1  
tracing VHX  664 
 (vh1) IS2 (1,1) 29 12 664 
---------------------------------------------------
30 14 1 1  
tracing VHX  747 
 (vh1) IS2 (1,1) 30 14 747 
---------------------------------------------------
31 16 1 1  
tracing VHX  1411 
 (vh1) IS2 (1,1) 31 16 1411 
---------------------------------------------------
32 18 1 1  
tracing VHX  2822 
 (vh1) IS2 (1,1) 32 18 2822 
---------------------------------------------------
33 20 1 1  
tracing VHX  1411 
 (vh1) IS2 (1,1) 33 20 1411 
---------------------------------------------------
25 19 5 5  
tracing YHX 6572 
 (YH2) SLE, SRE, trace vhx 24 17 4 4 6142 
---------------------------------------------------
24 17 4 4  
tracing VHX  6142 
 (vh2) trace vhx 24 17 1 1 913 
 (vh2) trace vhx 23 15 3 3 5229 
---------------------------------------------------
23 15 3 3  
tracing VHX  5229 
 (vh2) trace vhx 23 15 1 1 1162 
 (vh2) trace vhx 22 13 2 2 4067 
---------------------------------------------------
22 13 2 2  
tracing VHX  4067 
 (vh2) trace vhx 22 13 1 1 2407 
 (vh2) trace vhx 21 11 1 1 1660 
---------------------------------------------------
21 11 1 1  
tracing VHX  1660 
 (vh1) IS2 (1,1) 21 11 1660 
---------------------------------------------------
22 13 1 1  
tracing VHX  2407 
 (vh1) IS2 (1,1) 22 13 2407 
---------------------------------------------------
23 15 1 1  
tracing VHX  1162 
 (vh1) IS2 (1,1) 23 15 1162 
---------------------------------------------------
24 17 1 1  
tracing VHX  913 
 (vh1) IS2 (1,1) 24 17 913 
NAM  HIVRT_I.3-3
SEQ  +SS
       1 U   C   A   A   G   U   A   U   U   C   C   G   A   A   G   C   U   U   G   A
         0   1   2   3   4   5   6   7   8   9   10  11  12  13  14  15  16  17  18  19  
         .   .   .   .   .   .   .   24  23  22  21  20  .   33  32  31  30  29  28  .   

      21 C   G   G   G   A   A   A   A   U   A   A   G   C   U   A
         20  21  22  23  24  25  26  27  28  29  30  31  32  33  34  
         11  10  9   8   7   .   .   .   18  17  16  15  14  13  .   

----------------------------------------------------------------------
   Log odds score:        8781 
energy (kcal/mol):       -8.78 
  number of pairs:       11.00 
----------------------------------------------------------------------
Pseudoknots? YES
----------------------------------------------------------------------
Parameters (energy units, kcal/mol)
 wkn  parameter:          0.83 (pseudoknots weight)
 P1   parameter:          0.00 
 P2   parameter:          0.00 
 P3   parameter:          1.00 
 P4   parameter:          0.00 
 P5   parameter:          4.60 
 P5P  parameter:          8.43 
 P6   parameter:          0.40 
 P6P  parameter:          0.24 
 P10  parameter:          0.10 
 P10P parameter:          0.10 
 P11  parameter:          7.00 
 P12  parameter:          6.00 
 P13  parameter:         16.00 
 full pseudoknot model.
---------------------------------------------------
34 34 17 16  
tracing WX 9113 
 (W5) SL, trace wx  34 33 9113
---------------------------------------------------
34 33 16 16  
tracing WX 9113 
 (W5) SL, trace wx  34 32 9113
---------------------------------------------------
34 32 16 15  
tracing WX 9113 
 (W5) SL, trace wx  34 31 9113
---------------------------------------------------
34 31 15 15  
tracing WX 9113 
 (W5) SL, trace wx  34 30 9113
---------------------------------------------------
34 30 15 14  
tracing WX 9113 
 (W5) SL, trace wx  34 29 9113
---------------------------------------------------
34 29 14 14  
tracing WX 9113 
 (W5) SL, trace wx  34 28 9113
---------------------------------------------------
34 28 14 13  
tracing WX 9113 
 (W10.2) trace yhx 25 19 5 5 6572
 (W10.2) trace yhx 34 21 5 6 7602
---------------------------------------------------
34 21 5 6  
tracing YHX 7602 
 (YH5) SRE, trace vhx 33 20 5 5 7304 
---------------------------------------------------
33 20 5 5  
tracing VHX  7304 
 (vh2) trace vhx 33 20 1 1 1411 
 (vh2) trace vhx 32 18 4 4 5893 
---------------------------------------------------
32 18 4 4  
tracing VHX  5893 
 (vh2) trace vhx 32 18 1 1 1743 
 (vh2) trace vhx 31 16 3 3 4150 
---------------------------------------------------
31 16 3 3  
tracing VHX  4150 
 (vh2) trace vhx 31 16 1 1 747 
 (vh2) trace vhx 30 14 2 2 3403 
---------------------------------------------------
30 14 2 2  
tracing VHX  3403 
 (vh2) trace vhx 30 14 1 1 1909 
 (vh2) trace vhx 29 12 1 1 1494 
---------------------------------------------------
29 12 1 1  
tracing VHX  1494 
 (vh1) IS2 (1,1) 29 12 1494 
---------------------------------------------------
30 14 1 1  
tracing VHX  1909 
 (vh1) IS2 (1,1) 30 14 1909 
---------------------------------------------------
31 16 1 1  
tracing VHX  747 
 (vh1) IS2 (1,1) 31 16 747 
---------------------------------------------------
32 18 1 1  
tracing VHX  1743 
 (vh1) IS2 (1,1) 32 18 1743 
---------------------------------------------------
33 20 1 1  
tracing VHX  1411 
 (vh1) IS2 (1,1) 33 20 1411 
---------------------------------------------------
25 19 5 5  
tracing YHX 6572 
 (YH2) SLE, SRE, trace vhx 24 17 4 4 6142 
---------------------------------------------------
24 17 4 4  
tracing VHX  6142 
 (vh2) trace vhx 24 17 1 1 913 
 (vh2) trace vhx 23 15 3 3 5229 
---------------------------------------------------
23 15 3 3  
tracing VHX  5229 
 (vh2) trace vhx 23 15 1 1 1162 
 (vh2) trace vhx 22 13 2 2 4067 
---------------------------------------------------
22 13 2 2  
tracing VHX  4067 
 (vh2) trace vhx 22 13 1 1 2407 
 (vh2) trace vhx 21 11 1 1 1660 
---------------------------------------------------
21 11 1 1  
tracing VHX  1660 
 (vh1) IS2 (1,1) 21 11 1660 
---------------------------------------------------
22 13 1 1  
tracing VHX  2407 
 (vh1) IS2 (1,1) 22 13 2407 
---------------------------------------------------
23 15 1 1  
tracing VHX  1162 
 (vh1) IS2 (1,1) 23 15 1162 
---------------------------------------------------
24 17 1 1  
tracing VHX  913 
 (vh1) IS2 (1,1) 24 17 913 
NAM  HIVRT_I.3-6
SEQ  +SS
       1 U   C   A   A   G   G   A   U   U   C   C   G   A   A   G   U   U   C   A   A
         0   1   2   3   4   5   6   7   8   9   10  11  12  13  14  15  16  17  18  19  
         .   .   .   .   .   .   .   24  23  22  21  20  .   33  32  31  30  29  28  .   

      21 C   G   G   G   A   A   A   A   U   G   A   A   C   U   A
         20  21  22  23  24  25  26  27  28  29  30  31  32  33  34  
         11  10  9   8   7   .   .   .   18  17  16  15  14  13  .   

----------------------------------------------------------------------
   Log odds score:        9113 
energy (kcal/mol):       -9.11 
  number of pairs:       11.00 
----------------------------------------------------------------------
Pseudoknots? YES
----------------------------------------------------------------------
Parameters (energy units, kcal/mol)
 wkn  parameter:          0.83 (pseudoknots weight)
 P1   parameter:          0.00 
 P2   parameter:          0.00 
 P3   parameter:          1.00 
 P4   parameter:          0.00 
 P5   parameter:          4.60 
 P5P  parameter:          8.43 
 P6   parameter:          0.40 
 P6P  parameter:          0.24 
 P10  parameter:          0.10 
 P10P parameter:          0.10 
 P11  parameter:          7.00 
 P12  parameter:          6.00 
 P13  parameter:         16.00 
 full pseudoknot model.
---------------------------------------------------
34 34 17 16  
tracing WX 8898 
 (W5) SL, trace wx  34 33 8898
---------------------------------------------------
34 33 16 16  
tracing WX 8898 
 (W5) SL, trace wx  34 32 8898
---------------------------------------------------
34 32 16 15  
tracing WX 8898 
 (W5) SL, trace wx  34 31 8898
---------------------------------------------------
34 31 15 15  
tracing WX 8898 
 (W5) SL, trace wx  34 30 8898
---------------------------------------------------
34 30 15 14  
tracing WX 8898 
 (W5) SL, trace wx  34 29 8898
---------------------------------------------------
34 29 14 14  
tracing WX 8898 
 (W5) SL, trace wx  34 28 8898
---------------------------------------------------
34 28 14 13  
tracing WX 8898 
 (W5) SL, trace wx  34 27 8898
---------------------------------------------------
34 27 13 13  
tracing WX 8898 
 (W10.2) trace yhx 25 18 4 5 6523
 (W10.2) trace yhx 34 21 5 6 7436
---------------------------------------------------
34 21 5 6  
tracing YHX 7436 
 (YH5) SRE, trace vhx 33 20 5 5 7138 
---------------------------------------------------
33 20 5 5  
tracing VHX  7138 
 (vh2) trace vhx 33 20 1 1 1411 
 (vh2) trace vhx 32 18 4 4 5727 
---------------------------------------------------
32 18 4 4  
tracing VHX  5727 
 (vh2) trace vhx 32 18 1 1 2407 
 (vh2) trace vhx 31 16 3 3 3320 
---------------------------------------------------
31 16 3 3  
tracing VHX  3320 
 (vh2) trace vhx 31 16 1 1 1743 
 (vh2) trace vhx 30 14 2 2 1577 
---------------------------------------------------
30 14 2 2  
tracing VHX  1577 
 (vh2) trace vhx 30 14 1 1 913 
 (vh2) trace vhx 29 12 1 1 664 
---------------------------------------------------
29 12 1 1  
tracing VHX  664 
 (vh1) IS2 (1,1) 29 12 664 
---------------------------------------------------
30 14 1 1  
tracing VHX  913 
 (vh1) IS2 (1,1) 30 14 913 
---------------------------------------------------
31 16 1 1  
tracing VHX  1743 
 (vh1) IS2 (1,1) 31 16 1743 
---------------------------------------------------
32 18 1 1  
tracing VHX  2407 
 (vh1) IS2 (1,1) 32 18 2407 
---------------------------------------------------
33 20 1 1  
tracing VHX  1411 
 (vh1) IS2 (1,1) 33 20 1411 
---------------------------------------------------
25 18 4 5  
tracing YHX 6523 
 (YH5) SRE, trace vhx 24 17 4 4 6142 
---------------------------------------------------
24 17 4 4  
tracing VHX  6142 
 (vh2) trace vhx 24 17 1 1 913 
 (vh2) trace vhx 23 15 3 3 5229 
---------------------------------------------------
23 15 3 3  
tracing VHX  5229 
 (vh2) trace vhx 23 15 1 1 1162 
 (vh2) trace vhx 22 13 2 2 4067 
---------------------------------------------------
22 13 2 2  
tracing VHX  4067 
 (vh2) trace vhx 22 13 1 1 2407 
 (vh2) trace vhx 21 11 1 1 1660 
---------------------------------------------------
21 11 1 1  
tracing VHX  1660 
 (vh1) IS2 (1,1) 21 11 1660 
---------------------------------------------------
22 13 1 1  
tracing VHX  2407 
 (vh1) IS2 (1,1) 22 13 2407 
---------------------------------------------------
23 15 1 1  
tracing VHX  1162 
 (vh1) IS2 (1,1) 23 15 1162 
---------------------------------------------------
24 17 1 1  
tracing VHX  913 
 (vh1) IS2 (1,1) 24 17 913 
NAM  HIVRT_I.3-7
SEQ  +SS
       1 U   C   A   A   G   A   G   U   U   C   C   G   A   A   G   G   U   U   A   A
         0   1   2   3   4   5   6   7   8   9   10  11  12  13  14  15  16  17  18  19  
         .   .   .   .   .   .   .   24  23  22  21  20  .   33  32  31  30  29  28  .   

      21 C   G   G   G   A   A   A   A   U   G   A   C   C   U   A
         20  21  22  23  24  25  26  27  28  29  30  31  32  33  34  
         11  10  9   8   7   .   .   .   18  17  16  15  14  13  .   

----------------------------------------------------------------------
   Log odds score:        8898 
energy (kcal/mol):       -8.90 
  number of pairs:       11.00 
----------------------------------------------------------------------
Pseudoknots? YES
----------------------------------------------------------------------
Parameters (energy units, kcal/mol)
 wkn  parameter:          0.83 (pseudoknots weight)
 P1   parameter:          0.00 
 P2   parameter:          0.00 
 P3   parameter:          1.00 
 P4   parameter:          0.00 
 P5   parameter:          4.60 
 P5P  parameter:          8.43 
 P6   parameter:          0.40 
 P6P  parameter:          0.24 
 P10  parameter:          0.10 
 P10P parameter:          0.10 
 P11  parameter:          7.00 
 P12  parameter:          6.00 
 P13  parameter:         16.00 
 full pseudoknot model.
---------------------------------------------------
34 34 17 16  
tracing WX 8864 
 (W5) SL, trace wx  34 33 8864
---------------------------------------------------
34 33 16 16  
tracing WX 8864 
 (W5) SL, trace wx  34 32 8864
---------------------------------------------------
34 32 16 15  
tracing WX 8864 
 (W5) SL, trace wx  34 31 8864
---------------------------------------------------
34 31 15 15  
tracing WX 8864 
 (W5) SL, trace wx  34 30 8864
---------------------------------------------------
34 30 15 14  
tracing WX 8864 
 (W5) SL, trace wx  34 29 8864
---------------------------------------------------
34 29 14 14  
tracing WX 8864 
 (W5) SL, trace wx  34 28 8864
---------------------------------------------------
34 28 14 13  
tracing WX 8864 
 (W10.2) trace yhx 25 19 5 5 6572
 (W10.2) trace yhx 34 21 5 6 7353
---------------------------------------------------
34 21 5 6  
tracing YHX 7353 
 (YH5) SRE, trace vhx 33 20 5 5 7055 
---------------------------------------------------
33 20 5 5  
tracing VHX  7055 
 (vh2) trace vhx 33 20 1 1 1411 
 (vh2) trace vhx 32 18 4 4 5644 
---------------------------------------------------
32 18 4 4  
tracing VHX  5644 
 (vh2) trace vhx 32 18 1 1 1743 
 (vh2) trace vhx 31 16 3 3 3901 
---------------------------------------------------
31 16 3 3  
tracing VHX  3901 
 (vh2) trace vhx 31 16 1 1 1494 
 (vh2) trace vhx 30 14 2 2 2407 
---------------------------------------------------
30 14 2 2  
tracing VHX  2407 
 (vh2) trace vhx 30 14 1 1 1743 
 (vh2) trace vhx 29 12 1 1 664 
---------------------------------------------------
29 12 1 1  
tracing VHX  664 
 (vh1) IS2 (1,1) 29 12 664 
---------------------------------------------------
30 14 1 1  
tracing VHX  1743 
 (vh1) IS2 (1,1) 30 14 1743 
---------------------------------------------------
31 16 1 1  
tracing VHX  1494 
 (vh1) IS2 (1,1) 31 16 1494 
---------------------------------------------------
32 18 1 1  
tracing VHX  1743 
 (vh1) IS2 (1,1) 32 18 1743 
---------------------------------------------------
33 20 1 1  
tracing VHX  1411 
 (vh1) IS2 (1,1) 33 20 1411 
---------------------------------------------------
25 19 5 5  
tracing YHX 6572 
 (YH2) SLE, SRE, trace vhx 24 17 4 4 6142 
---------------------------------------------------
24 17 4 4  
tracing VHX  6142 
 (vh2) trace vhx 24 17 1 1 913 
 (vh2) trace vhx 23 15 3 3 5229 
---------------------------------------------------
23 15 3 3  
tracing VHX  5229 
 (vh2) trace vhx 23 15 1 1 1162 
 (vh2) trace vhx 22 13 2 2 4067 
---------------------------------------------------
22 13 2 2  
tracing VHX  4067 
 (vh2) trace vhx 22 13 1 1 2407 
 (vh2) trace vhx 21 11 1 1 1660 
---------------------------------------------------
21 11 1 1  
tracing VHX  1660 
 (vh1) IS2 (1,1) 21 11 1660 
---------------------------------------------------
22 13 1 1  
tracing VHX  2407 
 (vh1) IS2 (1,1) 22 13 2407 
---------------------------------------------------
23 15 1 1  
tracing VHX  1162 
 (vh1) IS2 (1,1) 23 15 1162 
---------------------------------------------------
24 17 1 1  
tracing VHX  913 
 (vh1) IS2 (1,1) 24 17 913 
NAM  HIVRT_I.3-25
SEQ  +SS
       1 U   C   A   A   G   G   A   U   U   C   C   G   A   A   G   U   G   U   A   A
         0   1   2   3   4   5   6   7   8   9   10  11  12  13  14  15  16  17  18  19  
         .   .   .   .   .   .   .   24  23  22  21  20  .   33  32  31  30  29  28  .   

      21 C   G   G   G   A   A   A   A   U   G   C   A   C   U   A
         20  21  22  23  24  25  26  27  28  29  30  31  32  33  34  
         11  10  9   8   7   .   .   .   18  17  16  15  14  13  .   

----------------------------------------------------------------------
   Log odds score:        8864 
energy (kcal/mol):       -8.86 
  number of pairs:       11.00 
----------------------------------------------------------------------
Pseudoknots? YES
----------------------------------------------------------------------
Parameters (energy units, kcal/mol)
 wkn  parameter:          0.83 (pseudoknots weight)
 P1   parameter:          0.00 
 P2   parameter:          0.00 
 P3   parameter:          1.00 
 P4   parameter:          0.00 
 P5   parameter:          4.60 
 P5P  parameter:          8.43 
 P6   parameter:          0.40 
 P6P  parameter:          0.24 
 P10  parameter:          0.10 
 P10P parameter:          0.10 
 P11  parameter:          7.00 
 P12  parameter:          6.00 
 P13  parameter:         16.00 
 full pseudoknot model.
---------------------------------------------------
34 34 17 16  
tracing WX 12848 
 (W5) SL, trace wx  34 33 12848
---------------------------------------------------
34 33 16 16  
tracing WX 12848 
 (W5) SL, trace wx  34 32 12848
---------------------------------------------------
34 32 16 15  
tracing WX 12848 
 (W5) SL, trace wx  34 31 12848
---------------------------------------------------
34 31 15 15  
tracing WX 12848 
 (W5) SL, trace wx  34 30 12848
---------------------------------------------------
34 30 15 14  
tracing WX 12848 
 (W5) SL, trace wx  34 29 12848
---------------------------------------------------
34 29 14 14  
tracing WX 12848 
 (W5) SL, trace wx  34 28 12848
---------------------------------------------------
34 28 14 13  
tracing WX 12848 
 (W10.2) trace yhx 25 19 5 5 6572
 (W10.2) trace yhx 34 21 5 6 10756
---------------------------------------------------
34 21 5 6  
tracing YHX 10756 
 (YH5) SRE, trace vhx 33 20 5 5 10043 
---------------------------------------------------
33 20 5 5  
tracing VHX  10043 
 (vh2) trace vhx 33 20 1 1 1577 
 (vh2) trace vhx 32 18 4 4 8466 
---------------------------------------------------
32 18 4 4  
tracing VHX  8466 
 (vh2) trace vhx 32 18 1 1 1743 
 (vh2) trace vhx 31 16 3 3 6723 
---------------------------------------------------
31 16 3 3  
tracing VHX  6723 
 (vh2) trace vhx 31 16 1 1 1494 
 (vh2) trace vhx 30 14 2 2 5229 
---------------------------------------------------
30 14 2 2  
tracing VHX  5229 
 (vh2) trace vhx 30 14 1 1 2822 
 (vh2) trace vhx 29 12 1 1 2407 
---------------------------------------------------
29 12 1 1  
tracing VHX  2407 
 (vh1) IS2 (1,1) 29 12 2407 
---------------------------------------------------
30 14 1 1  
tracing VHX  2822 
 (vh1) IS2 (1,1) 30 14 2822 
---------------------------------------------------
31 16 1 1  
tracing VHX  1494 
 (vh1) IS2 (1,1) 31 16 1494 
---------------------------------------------------
32 18 1 1  
tracing VHX  1743 
 (vh1) IS2 (1,1) 32 18 1743 
---------------------------------------------------
33 20 1 1  
tracing VHX  1577 
 (vh1) IS2 (1,1) 33 20 1577 
---------------------------------------------------
25 19 5 5  
tracing YHX 6572 
 (YH2) SLE, SRE, trace vhx 24 17 4 4 6142 
---------------------------------------------------
24 17 4 4  
tracing VHX  6142 
 (vh2) trace vhx 24 17 1 1 913 
 (vh2) trace vhx 23 15 3 3 5229 
---------------------------------------------------
23 15 3 3  
tracing VHX  5229 
 (vh2) trace vhx 23 15 1 1 1162 
 (vh2) trace vhx 22 13 2 2 4067 
---------------------------------------------------
22 13 2 2  
tracing VHX  4067 
 (vh2) trace vhx 22 13 1 1 2407 
 (vh2) trace vhx 21 11 1 1 1660 
---------------------------------------------------
21 11 1 1  
tracing VHX  1660 
 (vh1) IS2 (1,1) 21 11 1660 
---------------------------------------------------
22 13 1 1  
tracing VHX  2407 
 (vh1) IS2 (1,1) 22 13 2407 
---------------------------------------------------
23 15 1 1  
tracing VHX  1162 
 (vh1) IS2 (1,1) 23 15 1162 
---------------------------------------------------
24 17 1 1  
tracing VHX  913 
 (vh1) IS2 (1,1) 24 17 913 
NAM  HIVRT_I.3-50
SEQ  +SS
       1 U   C   A   A   G   U   A   U   U   C   C   G   A   G   G   U   G   C   C   A
         0   1   2   3   4   5   6   7   8   9   10  11  12  13  14  15  16  17  18  19  
         .   .   .   .   .   .   .   24  23  22  21  20  .   33  32  31  30  29  28  .   

      21 C   G   G   G   A   A   A   A   G   G   C   A   C   U   A
         20  21  22  23  24  25  26  27  28  29  30  31  32  33  34  
         11  10  9   8   7   .   .   .   18  17  16  15  14  13  .   

----------------------------------------------------------------------
   Log odds score:       12848 
energy (kcal/mol):      -12.85 
  number of pairs:       11.00 
----------------------------------------------------------------------
Pseudoknots? YES
----------------------------------------------------------------------
Parameters (energy units, kcal/mol)
 wkn  parameter:          0.83 (pseudoknots weight)
 P1   parameter:          0.00 
 P2   parameter:          0.00 
 P3   parameter:          1.00 
 P4   parameter:          0.00 
 P5   parameter:          4.60 
 P5P  parameter:          8.43 
 P6   parameter:          0.40 
 P6P  parameter:          0.24 
 P10  parameter:          0.10 
 P10P parameter:          0.10 
 P11  parameter:          7.00 
 P12  parameter:          6.00 
 P13  parameter:         16.00 
 full pseudoknot model.
---------------------------------------------------
34 34 17 16  
tracing WX 10441 
 (W5) SL, trace wx  34 33 10441
---------------------------------------------------
34 33 16 16  
tracing WX 10441 
 (W5) SL, trace wx  34 32 10441
---------------------------------------------------
34 32 16 15  
tracing WX 10441 
 (W5) SL, trace wx  34 31 10441
---------------------------------------------------
34 31 15 15  
tracing WX 10441 
 (W5) SL, trace wx  34 30 10441
---------------------------------------------------
34 30 15 14  
tracing WX 10441 
 (W5) SL, trace wx  34 29 10441
---------------------------------------------------
34 29 14 14  
tracing WX 10441 
 (W5) SL, trace wx  34 28 10441
---------------------------------------------------
34 28 14 13  
tracing WX 10441 
 (W10.2) trace yhx 25 19 5 5 6572
 (W10.2) trace yhx 34 21 5 6 8930
---------------------------------------------------
34 21 5 6  
tracing YHX 8930 
 (YH5) SRE, trace vhx 33 20 5 5 8632 
---------------------------------------------------
33 20 5 5  
tracing VHX  8632 
 (vh2) trace vhx 33 20 1 1 1411 
 (vh2) trace vhx 32 18 4 4 7221 
---------------------------------------------------
32 18 4 4  
tracing VHX  7221 
 (vh2) trace vhx 32 18 1 1 2407 
 (vh2) trace vhx 31 16 3 3 4814 
---------------------------------------------------
31 16 3 3  
tracing VHX  4814 
 (vh2) trace vhx 31 16 1 1 2407 
 (vh2) trace vhx 30 14 2 2 2407 
---------------------------------------------------
30 14 2 2  
tracing VHX  2407 
 (vh2) trace vhx 30 14 1 1 1743 
 (vh2) trace vhx 29 12 1 1 664 
---------------------------------------------------
29 12 1 1  
tracing VHX  664 
 (vh1) IS2 (1,1) 29 12 664 
---------------------------------------------------
30 14 1 1  
tracing VHX  1743 
 (vh1) IS2 (1,1) 30 14 1743 
---------------------------------------------------
31 16 1 1  
tracing VHX  2407 
 (vh1) IS2 (1,1) 31 16 2407 
---------------------------------------------------
32 18 1 1  
tracing VHX  2407 
 (vh1) IS2 (1,1) 32 18 2407 
---------------------------------------------------
33 20 1 1  
tracing VHX  1411 
 (vh1) IS2 (1,1) 33 20 1411 
---------------------------------------------------
25 19 5 5  
tracing YHX 6572 
 (YH2) SLE, SRE, trace vhx 24 17 4 4 6142 
---------------------------------------------------
24 17 4 4  
tracing VHX  6142 
 (vh2) trace vhx 24 17 1 1 913 
 (vh2) trace vhx 23 15 3 3 5229 
---------------------------------------------------
23 15 3 3  
tracing VHX  5229 
 (vh2) trace vhx 23 15 1 1 1162 
 (vh2) trace vhx 22 13 2 2 4067 
---------------------------------------------------
22 13 2 2  
tracing VHX  4067 
 (vh2) trace vhx 22 13 1 1 2407 
 (vh2) trace vhx 21 11 1 1 1660 
---------------------------------------------------
21 11 1 1  
tracing VHX  1660 
 (vh1) IS2 (1,1) 21 11 1660 
---------------------------------------------------
22 13 1 1  
tracing VHX  2407 
 (vh1) IS2 (1,1) 22 13 2407 
---------------------------------------------------
23 15 1 1  
tracing VHX  1162 
 (vh1) IS2 (1,1) 23 15 1162 
---------------------------------------------------
24 17 1 1  
tracing VHX  913 
 (vh1) IS2 (1,1) 24 17 913 
NAM  HIVRT_I.3-22
SEQ  +SS
       1 U   C   A   A   G   U   A   U   U   C   C   G   A   A   G   G   G   U   A   A
         0   1   2   3   4   5   6   7   8   9   10  11  12  13  14  15  16  17  18  19  
         .   .   .   .   .   .   .   24  23  22  21  20  .   33  32  31  30  29  28  .   

      21 C   G   G   G   A   A   A   A   U   G   C   C   C   U   A
         20  21  22  23  24  25  26  27  28  29  30  31  32  33  34  
         11  10  9   8   7   .   .   .   18  17  16  15  14  13  .   

----------------------------------------------------------------------
   Log odds score:       10441 
energy (kcal/mol):      -10.44 
  number of pairs:       11.00 
----------------------------------------------------------------------
Pseudoknots? YES
----------------------------------------------------------------------
Parameters (energy units, kcal/mol)
 wkn  parameter:          0.83 (pseudoknots weight)
 P1   parameter:          0.00 
 P2   parameter:          0.00 
 P3   parameter:          1.00 
 P4   parameter:          0.00 
 P5   parameter:          4.60 
 P5P  parameter:          8.43 
 P6   parameter:          0.40 
 P6P  parameter:          0.24 
 P10  parameter:          0.10 
 P10P parameter:          0.10 
 P11  parameter:          7.00 
 P12  parameter:          6.00 
 P13  parameter:         16.00 
 full pseudoknot model.
