knotf2: second-order one-hole RNA folding with knots. 
Thermodynamic parameters
         KNOT  () using squid 1.5l (Dec 1996)
---------------------------------------------------
Folding sequences from:  /nfs/wol2/people/elena/RNAs/K11H3_2 
---------------------------------------------------

---------------------------------------------------
---------------------------------------------------
81 81 40 40  
tracing WX 23900 
 (W4) SR, trace vx 80 80 22200
---------------------------------------------------
80 80 40 39  
tracing VX  22200   
 (v2) IS2 (1,1) 3400
 trace vx 79 78 18800
---------------------------------------------------
79 78 39 38  
tracing VX  18800   
 (v2) IS2 (1,1) 1800
 trace vx 78 76 17000
---------------------------------------------------
78 76 38 37  
tracing VX  17000   
 (v2) IS2 (1,1) 1700
 trace vx 77 74 15300
---------------------------------------------------
77 74 37 36  
tracing VX  15300   
 (v2) IS2 (1,1) 2100
 trace vx 76 72 13200
---------------------------------------------------
76 72 36 35  
tracing VX  13200   
 (v2) IS2 (1,1) 2300
 trace vx 75 70 10900
---------------------------------------------------
75 70 35 34  
tracing VX  10900   
 (v2) IS2 (1,1) 1800
 trace vx 74 68 9100
---------------------------------------------------
74 68 34 33  
tracing VX  9100   
 (v5_1) multiloop wbx 56 49 8000
 (v5_1) multiloop vx  73 16 3200
---------------------------------------------------
73 16 8 7  
tracing VX  3200   
 (v2) IS2 (1,1) 2100
 trace vx 72 14 1100
---------------------------------------------------
72 14 7 6  
tracing VX  1100   
 (v2) IS2 (1,1) 800
 trace vx 71 12 300
---------------------------------------------------
71 12 6 5  
tracing VX  300   
 (v2) IS2 (1,1) 1700
 trace vx 70 10 -1400
---------------------------------------------------
70 10 5 4  
tracing VX  -1400   
 (v2) IS2 (1,1) 2900
 trace vx 69 8 -4300
---------------------------------------------------
69 8 4 3  
tracing VX  -4300   
 (v1) hairpin 8, -4300 
---------------------------------------------------
56 49 24 24  
tracing WBX 8000 
 (WB5) SL, trace wbx  56 48 8400
---------------------------------------------------
56 48 24 23  
tracing WBX 8400 
 (WB5) SL, trace wbx  56 47 8800
---------------------------------------------------
56 47 23 23  
tracing WBX 8800 
 (WB6) SR, trace wbx 55 46 9200
---------------------------------------------------
55 46 23 22  
tracing WBX 9200 
 (WB7) trace wbx  43 34 6000
 (WB7) trace wbx  3200
---------------------------------------------------
55 11 5 5  
tracing WBX 3200 
 (WB4) SR, trace vx 54 10 2000
---------------------------------------------------
54 10 5 4  
tracing VX  2000   
 (v2) IS2 (1,1) 2900
 trace vx 53 8 -900
---------------------------------------------------
53 8 4 3  
tracing VX  -900   
 (v2) IS2 (1,1) 2900
 trace vx 52 6 -3800
---------------------------------------------------
52 6 3 2  
tracing VX  -3800   
 (v1) hairpin 6, -3800 
---------------------------------------------------
43 34 17 16  
tracing WBX 6000 
 (WB8.1) trace vx 24 15 2000
 (WB8.1) trace vx 43 18 2700
---------------------------------------------------
43 18 9 8  
tracing VX  2700   
 (v2) IS2 (1,1) 1100
 trace vx 42 16 1600
---------------------------------------------------
42 16 8 7  
tracing VX  1600   
 (v2) IS2 (1,1) 900
 trace vx 41 14 700
---------------------------------------------------
41 14 7 6  
tracing VX  700   
 (v2) IS2 (1,1) 900
 trace vx 40 12 -200
---------------------------------------------------
40 12 6 5  
tracing VX  -200   
 (v2) IS2 (1,1) 1800
 trace vx 39 10 -2000
---------------------------------------------------
39 10 5 4  
tracing VX  -2000   
 (v2) IS2 (1,1) 2300
 trace vx 38 8 -4300
---------------------------------------------------
38 8 4 3  
tracing VX  -4300   
 (v1) hairpin 8, -4300 
---------------------------------------------------
24 15 7 7  
tracing VX  2000   
 (v2) IS2 (1,1) 2300
 trace vx 23 13 -300
---------------------------------------------------
23 13 6 6  
tracing VX  -300   
 (v2) IS2 (1,1) 2900
 trace vx 22 11 -3200
---------------------------------------------------
22 11 5 5  
tracing VX  -3200   
 (v1) hairpin 11, -3200 
NAM  K11H3/2-83
DES  (d=81)
SEQ  +SS
       1 G   C   A   G   U   C   A   U   G   U   C   C   G   A   G   U   G   G   U   U
         0   1   2   3   4   5   6   7   8   9   10  11  12  13  14  15  16  17  18  19  
         80  79  78  77  76  75  74  .   .   24  23  22  .   .   .   .   .   .   .   .   

      21 A   A   G   G   A   G   A   U   U   G   A   C   U   A   G   A   A   A   U   C
         20  21  22  23  24  25  26  27  28  29  30  31  32  33  34  35  36  37  38  39  
         .   .   11  10  9   43  42  41  40  39  38  .   .   .   .   .   .   .   30  29  

      41 A   A   U   U   G   G   G   C   U   U   U   G   C   C   C   G   C   G   U   A
         40  41  42  43  44  45  46  47  48  49  50  51  52  53  54  55  56  57  58  59  
         28  27  26  25  54  53  52  .   .   .   .   .   46  45  44  .   .   73  72  71  

      61 G   G   U   U   C   G   A   A   U   C   C   U   G   C   U   G   A   C   U   G
         60  61  62  63  64  65  66  67  68  69  70  71  72  73  74  75  76  77  78  79  
         70  69  .   .   .   .   .   .   .   61  60  59  58  57  6   5   4   3   2   1   

      81 C   G
         80  81  
         0   .   

----------------------------------------------------------------------
   Log odds score:       23900 
energy (kcal/mol):      -23.90 
  number of pairs:       24.00 
----------------------------------------------------------------------
Pseudoknots? NO
----------------------------------------------------------------------
Parameters (energy  units, kcal/mol)
 P1   parameter:          0.00 
 P2   parameter:          0.00 
 P3   parameter:          3.00 
 P4   parameter:          0.00 
 P5   parameter:          4.60 
 P6   parameter:          0.40 
 P10  parameter:          0.10 
