knotf2: second-order one-hole RNA folding with knots. 
Thermodynamic parameters
         KNOT  () using squid 1.5l (Dec 1996)
---------------------------------------------------
Folding sequences from:  /nfs/wol2/people/elena/RNAs/K11H3_235 
---------------------------------------------------

---------------------------------------------------
---------------------------------------------------
86 86 43 42  
tracing WX 5500 
 (W5) SL, trace wx  86 85 5500
---------------------------------------------------
86 85 42 42  
tracing WX 5500 
 (W5) SL, trace wx  86 84 5500
---------------------------------------------------
86 84 42 41  
tracing WX 5500 
 (W5) SL, trace wx  86 83 5500
---------------------------------------------------
86 83 41 41  
tracing WX 5500 
 (W5) SL, trace wx  86 82 5500
---------------------------------------------------
86 82 41 40  
tracing WX 5500 
 (W5) SL, trace wx  86 81 5500
---------------------------------------------------
86 81 40 40  
tracing WX 5500 
 (W5) SL, trace wx  86 80 5500
---------------------------------------------------
86 80 40 39  
tracing WX 5500 
 (W5) SL, trace wx  86 79 5500
---------------------------------------------------
86 79 39 39  
tracing WX 5500 
 (W5) SL, trace wx  86 78 5500
---------------------------------------------------
86 78 39 38  
tracing WX 5500 
 (W5) SL, trace wx  86 77 5500
---------------------------------------------------
86 77 38 38  
tracing WX 5500 
 (W5) SL, trace wx  86 76 5500
---------------------------------------------------
86 76 38 37  
tracing WX 5500 
 (W5) SL, trace wx  86 75 5500
---------------------------------------------------
86 75 37 37  
tracing WX 5500 
 (W5) SL, trace wx  86 74 5500
---------------------------------------------------
86 74 37 36  
tracing WX 5500 
 (W5) SL, trace wx  86 73 5500
---------------------------------------------------
86 73 36 36  
tracing WX 5500 
 (W5) SL, trace wx  86 72 5500
---------------------------------------------------
86 72 36 35  
tracing WX 5500 
 (W5) SL, trace wx  86 71 5500
---------------------------------------------------
86 71 35 35  
tracing WX 5500 
 (W5) SL, trace wx  86 70 5500
---------------------------------------------------
86 70 35 34  
tracing WX 5500 
 (W5) SL, trace wx  86 69 5500
---------------------------------------------------
86 69 34 34  
tracing WX 5500 
 (W5) SL, trace wx  86 68 5500
---------------------------------------------------
86 68 34 33  
tracing WX 5500 
 (W5) SL, trace wx  86 67 5500
---------------------------------------------------
86 67 33 33  
tracing WX 5500 
 (W5) SL, trace wx  86 66 5500
---------------------------------------------------
86 66 33 32  
tracing WX 5500 
 (W5) SL, trace wx  86 65 5500
---------------------------------------------------
86 65 32 32  
tracing WX 5500 
 (W5) SL, trace wx  86 64 5500
---------------------------------------------------
86 64 32 31  
tracing WX 5500 
 (W5) SL, trace wx  86 63 5500
---------------------------------------------------
86 63 31 31  
tracing WX 5500 
 (W5) SL, trace wx  86 62 5500
---------------------------------------------------
86 62 31 30  
tracing WX 5500 
 (W5) SL, trace wx  86 61 5500
---------------------------------------------------
86 61 30 30  
tracing WX 5500 
 (W5) SL, trace wx  86 60 5500
---------------------------------------------------
86 60 30 29  
tracing WX 5500 
 (W5) SL, trace wx  86 59 5500
---------------------------------------------------
86 59 29 29  
tracing WX 5500 
 (W5) SL, trace wx  86 58 5500
---------------------------------------------------
86 58 29 28  
tracing WX 5500 
 (W5) SL, trace wx  86 57 5500
---------------------------------------------------
86 57 28 28  
tracing WX 5500 
 (W6) SR, trace wx 85 56 5500
---------------------------------------------------
85 56 28 27  
tracing WX 5500 
 (W6) SR, trace wx 84 55 5500
---------------------------------------------------
84 55 27 27  
tracing WX 5500 
 (W6) SR, trace wx 83 54 5500
---------------------------------------------------
83 54 27 26  
tracing WX 5500 
 (W6) SR, trace wx 82 53 5500
---------------------------------------------------
82 53 26 26  
tracing WX 5500 
 (W6) SR, trace wx 81 52 5500
---------------------------------------------------
81 52 26 25  
tracing WX 5500 
 (W6) SR, trace wx 80 51 5500
---------------------------------------------------
80 51 25 25  
tracing WX 5500 
 (W6) SR, trace wx 79 50 5500
---------------------------------------------------
79 50 25 24  
tracing WX 5500 
 (W6) SR, trace wx 78 49 5500
---------------------------------------------------
78 49 24 24  
tracing WX 5500 
 (W6) SR, trace wx 77 48 5500
---------------------------------------------------
77 48 24 23  
tracing WX 5500 
 (W6) SR, trace wx 76 47 5500
---------------------------------------------------
76 47 23 23  
tracing WX 5500 
 (W6) SR, trace wx 75 46 5500
---------------------------------------------------
75 46 23 22  
tracing WX 5500 
 (W6) SR, trace wx 74 45 5500
---------------------------------------------------
74 45 22 22  
tracing WX 5500 
 (W6) SR, trace wx 73 44 5500
---------------------------------------------------
73 44 22 21  
tracing WX 5500 
 (W6) SR, trace wx 72 43 5500
---------------------------------------------------
72 43 21 21  
tracing WX 5500 
 (W6) SR, trace wx 71 42 5500
---------------------------------------------------
71 42 21 20  
tracing WX 5500 
 (W6) SR, trace wx 70 41 5500
---------------------------------------------------
70 41 20 20  
tracing WX 5500 
 (W6) SR, trace wx 69 40 5500
---------------------------------------------------
69 40 20 19  
tracing WX 5500 
 (W7) trace wx  57 28 4000
 (W7) trace wx  69 11 1500
---------------------------------------------------
69 11 5 5  
tracing WX 1500 
 (W4) SR, trace vx 68 10 700
---------------------------------------------------
68 10 5 4  
tracing VX  700   
 (v2) IS2 (1,1) 2300
 trace vx 67 8 -1600
---------------------------------------------------
67 8 4 3  
tracing VX  -1600   
 (v2) IS2 (1,1) 1800
 trace vx 66 6 -3400
---------------------------------------------------
66 6 3 2  
tracing VX  -3400   
 (v1) hairpin 6, -3400 
---------------------------------------------------
57 28 14 13  
tracing WX 4000 
 (W8.8) dangle i, trace vx 42 12 -200
 (W8.8) dangle j, trace vx 56 12 400
---------------------------------------------------
56 12 6 5  
tracing VX  400   
 (v2) IS2 (1,1) 2300
 trace vx 55 10 -1900
---------------------------------------------------
55 10 5 4  
tracing VX  -1900   
 (v2) IS2 (1,1) 900
 trace vx 54 8 -2800
---------------------------------------------------
54 8 4 3  
tracing VX  -2800   
 (v2) IS2 (1,1) 800
 trace vx 53 6 -3600
---------------------------------------------------
53 6 3 2  
tracing VX  -3600   
 (v1) hairpin 6, -3600 
---------------------------------------------------
42 12 6 5  
tracing VX  -200   
 (v2) IS2 (1,1) 1700
 trace vx 41 10 -1900
---------------------------------------------------
41 10 5 4  
tracing VX  -1900   
 (v2) IS2 (1,1) 2100
 trace vx 40 8 -4000
---------------------------------------------------
40 8 4 3  
tracing VX  -4000   
 (v1) hairpin 8, -4000 
NAM  K11H3/235-321
DES  (d=86)
SEQ  +SS
       1 U   U   U   U   G   U   U   U   U   C   U   A   U   U   U   C   U   C   U   U
         0   1   2   3   4   5   6   7   8   9   10  11  12  13  14  15  16  17  18  19  
         .   .   .   .   .   .   .   .   .   .   .   .   .   .   .   .   .   .   .   .   

      21 C   U   A   C   C   C   A   U   A   C   A   G   U   A   C   U   U   U   G   A
         20  21  22  23  24  25  26  27  28  29  30  31  32  33  34  35  36  37  38  39  
         .   .   .   .   .   .   .   .   .   .   42  41  40  .   .   .   .   .   .   .   

      41 A   C   U   A   G   A   U   G   U   A   G   A   U   U   A   U   C   G   U   C
         40  41  42  43  44  45  46  47  48  49  50  51  52  53  54  55  56  57  58  59  
         32  31  30  .   56  55  54  53  .   .   .   .   .   47  46  45  44  .   68  67  

      61 A   A   U   C   A   C   U   G   A   G   U   C   U   C   U   A   A   U   A   U
         60  61  62  63  64  65  66  67  68  69  70  71  72  73  74  75  76  77  78  79  
         66  .   .   .   .   .   60  59  58  .   .   .   .   .   .   .   .   .   .   .   

      81 A   C   U   U   C   C   A
         80  81  82  83  84  85  86  
         .   .   .   .   .   .   .   

----------------------------------------------------------------------
   Log odds score:        5500 
energy (kcal/mol):       -5.50 
  number of pairs:       10.00 
----------------------------------------------------------------------
Pseudoknots? NO
----------------------------------------------------------------------
Parameters (energy  units, kcal/mol)
 P1   parameter:          0.00 
 P2   parameter:          0.00 
 P3   parameter:          3.00 
 P4   parameter:          0.00 
 P5   parameter:          4.60 
 P6   parameter:          0.40 
 P10  parameter:          0.10 
