knotf2: second-order one-hole RNA folding with knots. 
Thermodynamic parameters
         KNOT  () using squid 1.5l (Dec 1996)
---------------------------------------------------
Folding sequences from:  /nfs/wol2/people/elena/RNAs/K11H3_185 
---------------------------------------------------

---------------------------------------------------
---------------------------------------------------
76 76 38 37  
tracing WX 6100 
 (W5) SL, trace wx  76 75 6100
---------------------------------------------------
76 75 37 37  
tracing WX 6100 
 (W5) SL, trace wx  76 74 6100
---------------------------------------------------
76 74 37 36  
tracing WX 6100 
 (W5) SL, trace wx  76 73 6100
---------------------------------------------------
76 73 36 36  
tracing WX 6100 
 (W5) SL, trace wx  76 72 6100
---------------------------------------------------
76 72 36 35  
tracing WX 6100 
 (W5) SL, trace wx  76 71 6100
---------------------------------------------------
76 71 35 35  
tracing WX 6100 
 (W5) SL, trace wx  76 70 6100
---------------------------------------------------
76 70 35 34  
tracing WX 6100 
 (W6) SR, trace wx 75 69 6100
---------------------------------------------------
75 69 34 34  
tracing WX 6100 
 (W6) SR, trace wx 74 68 6100
---------------------------------------------------
74 68 34 33  
tracing WX 6100 
 (W6) SR, trace wx 73 67 6100
---------------------------------------------------
73 67 33 33  
tracing WX 6100 
 (W6) SR, trace wx 72 66 6100
---------------------------------------------------
72 66 33 32  
tracing WX 6100 
 (W6) SR, trace wx 71 65 6100
---------------------------------------------------
71 65 32 32  
tracing WX 6100 
 (W6) SR, trace wx 70 64 6100
---------------------------------------------------
70 64 32 31  
tracing WX 6100 
 (W6) SR, trace wx 69 63 6100
---------------------------------------------------
69 63 31 31  
tracing WX 6100 
 (W6) SR, trace wx 68 62 6100
---------------------------------------------------
68 62 31 30  
tracing WX 6100 
 (W6) SR, trace wx 67 61 6100
---------------------------------------------------
67 61 30 30  
tracing WX 6100 
 (W6) SR, trace wx 66 60 6100
---------------------------------------------------
66 60 30 29  
tracing WX 6100 
 (W6) SR, trace wx 65 59 6100
---------------------------------------------------
65 59 29 29  
tracing WX 6100 
 (W6) SR, trace wx 64 58 6100
---------------------------------------------------
64 58 29 28  
tracing WX 6100 
 (W6) SR, trace wx 63 57 6100
---------------------------------------------------
63 57 28 28  
tracing WX 6100 
 (W6) SR, trace wx 62 56 6100
---------------------------------------------------
62 56 28 27  
tracing WX 6100 
 (W6) SR, trace wx 61 55 6100
---------------------------------------------------
61 55 27 27  
tracing WX 6100 
 (W7) trace wx  45 39 4800
 (W7) trace wx  61 15 1300
---------------------------------------------------
61 15 7 7  
tracing WX 1300 
 (W2) SR SL, trace vx 60 13 -100
---------------------------------------------------
60 13 6 6  
tracing VX  -100   
 (v2) IS2 (1,1) 1900
 trace vx 59 11 -2000
---------------------------------------------------
59 11 5 5  
tracing VX  -2000   
 (v2) IS2 (1,1) 2300
 trace vx 58 9 -4300
---------------------------------------------------
58 9 4 4  
tracing VX  -4300   
 (v1) hairpin 9, -4300 
---------------------------------------------------
45 39 19 19  
tracing WX 4800 
 (W6) SR, trace wx 44 38 4800
---------------------------------------------------
44 38 19 18  
tracing WX 4800 
 (W6) SR, trace wx 43 37 4800
---------------------------------------------------
43 37 18 18  
tracing WX 4800 
 (W6) SR, trace wx 42 36 4800
---------------------------------------------------
42 36 18 17  
tracing WX 4800 
 (W6) SR, trace wx 41 35 4800
---------------------------------------------------
41 35 17 17  
tracing WX 4800 
 (W6) SR, trace wx 40 34 4800
---------------------------------------------------
40 34 17 16  
tracing WX 4800 
 (W2) SR SL, trace vx 39 32 3700
---------------------------------------------------
39 32 16 15  
tracing VX  3700   
 (v2) IS2 (1,1) 900
 trace vx 38 30 2800
---------------------------------------------------
38 30 15 14  
tracing VX  2800   
 (v2) IS2 (1,1) 900
 trace vx 37 28 1900
---------------------------------------------------
37 28 14 13  
tracing VX  1900   
 (v2) IS2 (1,1) 900
 trace vx 36 26 1000
---------------------------------------------------
36 26 13 12  
tracing VX  1000   
 (v2) IS2 (1,1) 900
 trace vx 35 24 100
---------------------------------------------------
35 24 12 11  
tracing VX  100   
 (v2) IS2 (1,1) 2300
 trace vx 34 22 -2200
---------------------------------------------------
34 22 11 10  
tracing VX  -2200   
 (v2) IS2 (1,1) 1700
 trace vx 33 20 -3900
---------------------------------------------------
33 20 10 9  
tracing VX  -3900   
 (v2) IS2 (1,3) -3100
 trace vx 30 16 -800
---------------------------------------------------
30 16 8 7  
tracing VX  -800   
 (v2) IS2 (1,1) 500
 trace vx 29 14 -1300
---------------------------------------------------
29 14 7 6  
tracing VX  -1300   
 (v2) IS2 (1,1) 900
 trace vx 28 12 -2200
---------------------------------------------------
28 12 6 5  
tracing VX  -2200   
 (v2) IS2 (1,1) 1100
 trace vx 27 10 -3300
---------------------------------------------------
27 10 5 4  
tracing VX  -3300   
 (v2) IS2 (1,1) 900
 trace vx 26 8 -4200
---------------------------------------------------
26 8 4 3  
tracing VX  -4200   
 (v1) hairpin 8, -4200 
NAM  K11H3/185-261
DES  (d=76)
SEQ  +SS
       1 G   G   C   A   C   A   A   U   U   U   U   U   C   U   U   U   U   A   A   U
         0   1   2   3   4   5   6   7   8   9   10  11  12  13  14  15  16  17  18  19  
         .   .   .   .   .   .   .   39  38  37  36  35  34  33  30  29  28  27  26  .   

      21 G   G   U   U   U   U   U   U   A   A   G   U   U   A   G   A   A   A   A   A
         20  21  22  23  24  25  26  27  28  29  30  31  32  33  34  35  36  37  38  39  
         .   .   .   .   .   .   18  17  16  15  14  .   .   13  12  11  10  9   8   7   

      41 G   U   A   U   U   U   C   G   G   A   U   U   U   U   G   U   U   U   U   C
         40  41  42  43  44  45  46  47  48  49  50  51  52  53  54  55  56  57  58  59  
         .   .   .   .   .   .   .   60  59  58  .   .   .   .   .   .   .   .   49  48  

      61 U   A   U   U   U   C   U   C   U   U   C   U   A   C   C   C   A
         60  61  62  63  64  65  66  67  68  69  70  71  72  73  74  75  76  
         47  .   .   .   .   .   .   .   .   .   .   .   .   .   .   .   .   

----------------------------------------------------------------------
   Log odds score:        6100 
energy (kcal/mol):       -6.10 
  number of pairs:       15.00 
----------------------------------------------------------------------
Pseudoknots? NO
----------------------------------------------------------------------
Parameters (energy  units, kcal/mol)
 P1   parameter:          0.00 
 P2   parameter:          0.00 
 P3   parameter:          3.00 
 P4   parameter:          0.00 
 P5   parameter:          4.60 
 P6   parameter:          0.40 
 P10  parameter:          0.10 
