knotf2: second-order one-hole RNA folding with knots. 
Thermodynamic parameters
         KNOT  () using squid 1.5l (Dec 1996)
---------------------------------------------------
Folding sequences from:  /nfs/wol2/people/elena/RNAs/K11H3_88 
---------------------------------------------------

---------------------------------------------------
---------------------------------------------------
82 82 41 40  
tracing WX 9800 
 (W5) SL, trace wx  82 81 9800
---------------------------------------------------
82 81 40 40  
tracing WX 9800 
 (W5) SL, trace wx  82 80 9800
---------------------------------------------------
82 80 40 39  
tracing WX 9800 
 (W5) SL, trace wx  82 79 9800
---------------------------------------------------
82 79 39 39  
tracing WX 9800 
 (W5) SL, trace wx  82 78 9800
---------------------------------------------------
82 78 39 38  
tracing WX 9800 
 (W5) SL, trace wx  82 77 9800
---------------------------------------------------
82 77 38 38  
tracing WX 9800 
 (W5) SL, trace wx  82 76 9800
---------------------------------------------------
82 76 38 37  
tracing WX 9800 
 (W5) SL, trace wx  82 75 9800
---------------------------------------------------
82 75 37 37  
tracing WX 9800 
 (W5) SL, trace wx  82 74 9800
---------------------------------------------------
82 74 37 36  
tracing WX 9800 
 (W5) SL, trace wx  82 73 9800
---------------------------------------------------
82 73 36 36  
tracing WX 9800 
 (W5) SL, trace wx  82 72 9800
---------------------------------------------------
82 72 36 35  
tracing WX 9800 
 (W5) SL, trace wx  82 71 9800
---------------------------------------------------
82 71 35 35  
tracing WX 9800 
 (W5) SL, trace wx  82 70 9800
---------------------------------------------------
82 70 35 34  
tracing WX 9800 
 (W5) SL, trace wx  82 69 9800
---------------------------------------------------
82 69 34 34  
tracing WX 9800 
 (W5) SL, trace wx  82 68 9800
---------------------------------------------------
82 68 34 33  
tracing WX 9800 
 (W5) SL, trace wx  82 67 9800
---------------------------------------------------
82 67 33 33  
tracing WX 9800 
 (W5) SL, trace wx  82 66 9800
---------------------------------------------------
82 66 33 32  
tracing WX 9800 
 (W5) SL, trace wx  82 65 9800
---------------------------------------------------
82 65 32 32  
tracing WX 9800 
 (W5) SL, trace wx  82 64 9800
---------------------------------------------------
82 64 32 31  
tracing WX 9800 
 (W5) SL, trace wx  82 63 9800
---------------------------------------------------
82 63 31 31  
tracing WX 9800 
 (W5) SL, trace wx  82 62 9800
---------------------------------------------------
82 62 31 30  
tracing WX 9800 
 (W5) SL, trace wx  82 61 9800
---------------------------------------------------
82 61 30 30  
tracing WX 9800 
 (W5) SL, trace wx  82 60 9800
---------------------------------------------------
82 60 30 29  
tracing WX 9800 
 (W5) SL, trace wx  82 59 9800
---------------------------------------------------
82 59 29 29  
tracing WX 9800 
 (W6) SR, trace wx 81 58 9800
---------------------------------------------------
81 58 29 28  
tracing WX 9800 
 (W6) SR, trace wx 80 57 9800
---------------------------------------------------
80 57 28 28  
tracing WX 9800 
 (W6) SR, trace wx 79 56 9800
---------------------------------------------------
79 56 28 27  
tracing WX 9800 
 (W6) SR, trace wx 78 55 9800
---------------------------------------------------
78 55 27 27  
tracing WX 9800 
 (W6) SR, trace wx 77 54 9800
---------------------------------------------------
77 54 27 26  
tracing WX 9800 
 (W7) trace wx  56 33 6900
 (W7) trace wx  77 20 2900
---------------------------------------------------
77 20 10 9  
tracing WX 2900 
 (W2) SR SL, trace vx 76 18 2100
---------------------------------------------------
76 18 9 8  
tracing VX  2100   
 (v2) IS2 (1,1) 800
 trace vx 75 16 1300
---------------------------------------------------
75 16 8 7  
tracing VX  1300   
 (v2) IS2 (1,1) 1100
 trace vx 74 14 200
---------------------------------------------------
74 14 7 6  
tracing VX  200   
 (v2) IS2 (1,1) 900
 trace vx 73 12 -700
---------------------------------------------------
73 12 6 5  
tracing VX  -700   
 (v2) IS2 (1,1) 1100
 trace vx 72 10 -1800
---------------------------------------------------
72 10 5 4  
tracing VX  -1800   
 (v2) IS2 (1,1) 1000
 trace vx 71 8 -2800
---------------------------------------------------
71 8 4 3  
tracing VX  -2800   
 (v2) IS2 (1,1) 800
 trace vx 70 6 -3600
---------------------------------------------------
70 6 3 2  
tracing VX  -3600   
 (v1) hairpin 6, -3600 
---------------------------------------------------
56 33 16 16  
tracing WX 6900 
 (W6) SR, trace wx 55 32 6900
---------------------------------------------------
55 32 16 15  
tracing WX 6900 
 (W6) SR, trace wx 54 31 6900
---------------------------------------------------
54 31 15 15  
tracing WX 6900 
 (W6) SR, trace wx 53 30 6900
---------------------------------------------------
53 30 15 14  
tracing WX 6900 
 (W6) SR, trace wx 52 29 6900
---------------------------------------------------
52 29 14 14  
tracing WX 6900 
 (W6) SR, trace wx 51 28 6900
---------------------------------------------------
51 28 14 13  
tracing WX 6900 
 (W2) SR SL, trace vx 50 26 5800
---------------------------------------------------
50 26 13 12  
tracing VX  5800   
 (v2) IS2 (1,1) 2300
 trace vx 49 24 3500
---------------------------------------------------
49 24 12 11  
tracing VX  3500   
 (v2) IS2 (1,1) 2000
 trace vx 48 22 1500
---------------------------------------------------
48 22 11 10  
tracing VX  1500   
 (v2) IS2 (1,1) 2300
 trace vx 47 20 -800
---------------------------------------------------
47 20 10 9  
tracing VX  -800   
 (v2) IS2 (1,1) 900
 trace vx 46 18 -1700
---------------------------------------------------
46 18 9 8  
tracing VX  -1700   
 (v2) IS2 (1,1) 900
 trace vx 45 16 -2600
---------------------------------------------------
45 16 8 7  
tracing VX  -2600   
 (v2) IS2 (1,1) 1100
 trace vx 44 14 -3700
---------------------------------------------------
44 14 7 6  
tracing VX  -3700   
 (v2) IS2 (1,1) 900
 trace vx 43 12 -4600
---------------------------------------------------
43 12 6 5  
tracing VX  -4600   
 (v2) IS2 (1,2) -3000
 trace vx 41 9 -1600
---------------------------------------------------
41 9 4 4  
tracing VX  -1600   
 (v2) IS2 (1,1) 1100
 trace vx 40 7 -2700
---------------------------------------------------
40 7 3 3  
tracing VX  -2700   
 (v1) hairpin 7, -2700 
NAM  K11H3/88-170
DES  (d=82)
SEQ  +SS
       1 U   U   U   U   U   G   U   U   C   U   U   U   U   U   C   U   A   U   U   U
         0   1   2   3   4   5   6   7   8   9   10  11  12  13  14  15  16  17  18  19  
         .   .   .   .   .   .   .   .   .   .   .   .   .   .   .   .   .   .   .   .   

      21 U   C   U   A   U   C   G   A   U   U   A   U   U   U   G   U   U   C   A   A
         20  21  22  23  24  25  26  27  28  29  30  31  32  33  34  35  36  37  38  39  
         .   .   .   .   50  49  48  47  46  45  44  43  41  40  .   .   .   .   .   .   

      41 G   A   U   A   U   A   A   U   C   G   A   A   U   U   U   U   U   U   U   G
         40  41  42  43  44  45  46  47  48  49  50  51  52  53  54  55  56  57  58  59  
         33  32  .   31  30  29  28  27  26  25  24  .   .   .   .   .   .   .   76  75  

      61 A   U   A   U   A   U   A   G   G   C   U   G   U   A   U   U   A   U   C   U
         60  61  62  63  64  65  66  67  68  69  70  71  72  73  74  75  76  77  78  79  
         74  73  72  71  70  .   .   .   .   .   64  63  62  61  60  59  58  .   .   .   

      81 U   A   G
         80  81  82  
         .   .   .   

----------------------------------------------------------------------
   Log odds score:        9800 
energy (kcal/mol):       -9.80 
  number of pairs:       17.00 
----------------------------------------------------------------------
Pseudoknots? NO
----------------------------------------------------------------------
Parameters (energy  units, kcal/mol)
 P1   parameter:          0.00 
 P2   parameter:          0.00 
 P3   parameter:          3.00 
 P4   parameter:          0.00 
 P5   parameter:          4.60 
 P6   parameter:          0.40 
 P10  parameter:          0.10 
