knotf2: second-order one-hole RNA folding with knots. 
Thermodynamic parameters
         KNOT  () using squid 1.5l (Dec 1996)
---------------------------------------------------
Folding sequences from:  /nfs/wol2/people/elena/RNAs/K11H3_416 
---------------------------------------------------

---------------------------------------------------
---------------------------------------------------
83 83 41 41  
tracing WX 25200 
 (W4) SR, trace vx 82 82 24100
---------------------------------------------------
82 82 41 40  
tracing VX  24100   
 (v2) IS2 (1,1) 2000
 trace vx 81 80 22100
---------------------------------------------------
81 80 40 39  
tracing VX  22100   
 (v2) IS2 (1,1) 3400
 trace vx 80 78 18700
---------------------------------------------------
80 78 39 38  
tracing VX  18700   
 (v2) IS2 (1,1) 1800
 trace vx 79 76 16900
---------------------------------------------------
79 76 38 37  
tracing VX  16900   
 (v2) IS2 (1,1) 1700
 trace vx 78 74 15200
---------------------------------------------------
78 74 37 36  
tracing VX  15200   
 (v2) IS2 (1,1) 2100
 trace vx 77 72 13100
---------------------------------------------------
77 72 36 35  
tracing VX  13100   
 (v2) IS2 (1,1) 2300
 trace vx 76 70 10800
---------------------------------------------------
76 70 35 34  
tracing VX  10800   
 (v2) IS2 (1,1) 1800
 trace vx 75 68 9000
---------------------------------------------------
75 68 34 33  
tracing VX  9000   
 (v5_1) multiloop wbx 57 49 7900
 (v5_1) multiloop vx  74 16 3200
---------------------------------------------------
74 16 8 7  
tracing VX  3200   
 (v2) IS2 (1,1) 2100
 trace vx 73 14 1100
---------------------------------------------------
73 14 7 6  
tracing VX  1100   
 (v2) IS2 (1,1) 800
 trace vx 72 12 300
---------------------------------------------------
72 12 6 5  
tracing VX  300   
 (v2) IS2 (1,1) 1700
 trace vx 71 10 -1400
---------------------------------------------------
71 10 5 4  
tracing VX  -1400   
 (v2) IS2 (1,1) 2900
 trace vx 70 8 -4300
---------------------------------------------------
70 8 4 3  
tracing VX  -4300   
 (v1) hairpin 8, -4300 
---------------------------------------------------
57 49 24 24  
tracing WBX 7900 
 (WB5) SL, trace wbx  57 48 8300
---------------------------------------------------
57 48 24 23  
tracing WBX 8300 
 (WB5) SL, trace wbx  57 47 8700
---------------------------------------------------
57 47 23 23  
tracing WBX 8700 
 (WB6) SR, trace wbx 56 46 9100
---------------------------------------------------
56 46 23 22  
tracing WBX 9100 
 (WB7) trace wbx  44 34 5900
 (WB7) trace wbx  3200
---------------------------------------------------
56 11 5 5  
tracing WBX 3200 
 (WB4) SR, trace vx 55 10 2000
---------------------------------------------------
55 10 5 4  
tracing VX  2000   
 (v2) IS2 (1,1) 2900
 trace vx 54 8 -900
---------------------------------------------------
54 8 4 3  
tracing VX  -900   
 (v2) IS2 (1,1) 2900
 trace vx 53 6 -3800
---------------------------------------------------
53 6 3 2  
tracing VX  -3800   
 (v1) hairpin 6, -3800 
---------------------------------------------------
44 34 17 16  
tracing WBX 5900 
 (WB8.1) trace vx 25 15 2000
 (WB8.1) trace vx 44 18 2600
---------------------------------------------------
44 18 9 8  
tracing VX  2600   
 (v2) IS2 (1,1) 1000
 trace vx 43 16 1600
---------------------------------------------------
43 16 8 7  
tracing VX  1600   
 (v2) IS2 (1,1) 900
 trace vx 42 14 700
---------------------------------------------------
42 14 7 6  
tracing VX  700   
 (v2) IS2 (1,1) 900
 trace vx 41 12 -200
---------------------------------------------------
41 12 6 5  
tracing VX  -200   
 (v2) IS2 (1,1) 1800
 trace vx 40 10 -2000
---------------------------------------------------
40 10 5 4  
tracing VX  -2000   
 (v2) IS2 (1,1) 2300
 trace vx 39 8 -4300
---------------------------------------------------
39 8 4 3  
tracing VX  -4300   
 (v1) hairpin 8, -4300 
---------------------------------------------------
25 15 7 7  
tracing VX  2000   
 (v2) IS2 (1,1) 2300
 trace vx 24 13 -300
---------------------------------------------------
24 13 6 6  
tracing VX  -300   
 (v2) IS2 (1,1) 2900
 trace vx 23 11 -3200
---------------------------------------------------
23 11 5 5  
tracing VX  -3200   
 (v1) hairpin 11, -3200 
NAM  K11H3/416-499
DES  (d=83)
SEQ  +SS
       1 C   G   C   A   G   U   C   A   U   G   U   C   C   G   A   G   U   G   G   U
         0   1   2   3   4   5   6   7   8   9   10  11  12  13  14  15  16  17  18  19  
         82  81  80  79  78  77  76  75  .   .   25  24  23  .   .   .   .   .   .   .   

      21 U   A   A   G   G   A   G   U   U   U   G   A   C   U   C   G   A   A   A   U
         20  21  22  23  24  25  26  27  28  29  30  31  32  33  34  35  36  37  38  39  
         .   .   .   12  11  10  44  43  42  41  40  39  .   .   .   .   .   .   .   31  

      41 C   A   A   A   U   G   G   G   C   U   C   U   G   C   C   C   G   C   G   U
         40  41  42  43  44  45  46  47  48  49  50  51  52  53  54  55  56  57  58  59  
         30  29  28  27  26  55  54  53  .   .   .   .   .   47  46  45  .   .   74  73  

      61 A   G   G   U   U   C   G   A   A   U   C   C   U   G   C   U   G   A   C   U
         60  61  62  63  64  65  66  67  68  69  70  71  72  73  74  75  76  77  78  79  
         72  71  70  .   .   .   .   .   .   .   62  61  60  59  58  7   6   5   4   3   

      81 G   C   G   A
         80  81  82  83  
         2   1   0   .   

----------------------------------------------------------------------
   Log odds score:       25200 
energy (kcal/mol):      -25.20 
  number of pairs:       25.00 
----------------------------------------------------------------------
Pseudoknots? NO
----------------------------------------------------------------------
Parameters (energy  units, kcal/mol)
 P1   parameter:          0.00 
 P2   parameter:          0.00 
 P3   parameter:          3.00 
 P4   parameter:          0.00 
 P5   parameter:          4.60 
 P6   parameter:          0.40 
 P10  parameter:          0.10 
