---------------------------------------------------
83 83 41 41  
tracing WX 28870 
 (W5) SL, trace wx  83 82 28870
---------------------------------------------------
83 82 41 40  
tracing WX 28870 
 (W5) SL, trace wx  83 81 28870
---------------------------------------------------
83 81 40 40  
tracing WX 28870 
 (W5) SL, trace wx  83 80 28870
---------------------------------------------------
83 80 40 39  
tracing WX 28870 
 (W7) trace wx  54 51 16470
 (W7) trace wx  12400
---------------------------------------------------
83 28 14 13  
tracing WX 12400 
 (W8.4) dangle i, trace vx 69 13 3400
 (W8.4) dangle j, trace vx 82 12 5000
---------------------------------------------------
82 12 6 5  
tracing VX  5000   
 (v2) IS2 (1,1) 2900
 trace vx 81 10 2100
---------------------------------------------------
81 10 5 4  
tracing VX  2100   
 (v2) IS2 (1,1) 2100
 trace vx 80 8 0
---------------------------------------------------
80 8 4 3  
tracing VX  0   
 (v2) IS2 (1,1) 2300
 trace vx 79 6 -2300
---------------------------------------------------
79 6 3 2  
tracing VX  -2300   
 (v1) hairpin 6, -2300 
---------------------------------------------------
69 13 6 6  
tracing VX  3400   
 (v2) IS2 (1,1) 2100
 trace vx 68 11 1300
---------------------------------------------------
68 11 5 5  
tracing VX  1300   
 (v2) IS2 (1,1) 2300
 trace vx 67 9 -1000
---------------------------------------------------
67 9 4 4  
tracing VX  -1000   
 (v2) IS2 (1,1) 2900
 trace vx 66 7 -3900
---------------------------------------------------
66 7 3 3  
tracing VX  -3900   
 (v1) hairpin 7, -3900 
---------------------------------------------------
54 51 25 25  
tracing WX 16470 
 (W7) trace wx  18 15 5600
 (W7) trace wx  10870
---------------------------------------------------
54 35 17 17  
tracing WX 10870 
 (W10.1) trace yhx 48 29 20 4 11117
 (W10.1) trace yhx 54 13 2 3 5195
---------------------------------------------------
54 13 2 3  
tracing YHX 5195 
 (YH5) SRE, trace vhx 53 12 2 2 4814 
---------------------------------------------------
53 12 2 2  
tracing VHX  4814 
 (vh2) trace vhx 53 12 1 1 2407 
 (vh2) trace vhx 52 10 1 1 2407 
---------------------------------------------------
52 10 1 1  
tracing VHX  2407 
 (vh1) IS2 (1,1) 52 10 2407 
---------------------------------------------------
53 12 1 1  
tracing VHX  2407 
 (vh1) IS2 (1,1) 53 12 2407 
---------------------------------------------------
48 29 20 4  
tracing YHX 11117 
 (YH6) SRE, trace yhx 47 28 20 3 11317 
---------------------------------------------------
47 28 20 3  
tracing YHX 11317 
 (YH8.4) EL, dangle i, trace vx  36 16 3500 
 (YH8.4) EL, dangle j, trace vhx 46 9 2 2 -9999999 
---------------------------------------------------
36 16 8 7  
tracing VX  3500   
 (v2) IS2 (1,1) 2900
 trace vx 35 14 600
---------------------------------------------------
35 14 7 6  
tracing VX  600   
 (v2) IS2 (1,1) 2000
 trace vx 34 12 -1400
---------------------------------------------------
34 12 6 5  
tracing VX  -1400   
 (v2) IS2 (1,1) 2100
 trace vx 33 10 -3500
---------------------------------------------------
33 10 5 4  
tracing VX  -3500   
 (v2) IS2 (1,1) 900
 trace vx 32 8 -4400
---------------------------------------------------
32 8 4 3  
tracing VX  -4400   
 (v1) hairpin 8, -4400 
---------------------------------------------------
46 9 2 2  
tracing VHX  4316 
 (vh2) trace vhx 46 9 1 1 2822 
 (vh2) trace vhx 45 7 1 1 1494 
---------------------------------------------------
45 7 1 1  
tracing VHX  1494 
 (vh1) IS2 (1,1) 45 7 1494 
---------------------------------------------------
46 9 1 1  
tracing VHX  2822 
 (vh1) IS2 (1,1) 46 9 2822 
---------------------------------------------------
18 15 7 7  
tracing WX 5600 
 (W2) SR SL, trace vx 17 13 3700
---------------------------------------------------
17 13 6 6  
tracing VX  3700   
 (v2) IS2 (1,1) 2100
 trace vx 16 11 1600
---------------------------------------------------
16 11 5 5  
tracing VX  1600   
 (v2) IS2 (1,1) 1100
 trace vx 15 9 500
---------------------------------------------------
15 9 4 4  
tracing VX  500   
 (v2) IS2 (1,1) 1200
 trace vx 14 7 -700
---------------------------------------------------
14 7 3 3  
tracing VX  -700   
 (v2) IS2 (1,1) 3400
 trace vx 13 5 -4100
---------------------------------------------------
13 5 2 2  
tracing VX  -4100   
 (v1) hairpin 5, -4100 
NAM  KYMV
SEQ  +SS
       1 U   U   U   A   G   U   U   G   C   C   A   G   U   G   C   G   A   C   A   C
         0   1   2   3   4   5   6   7   8   9   10  11  12  13  14  15  16  17  18  19  
         .   .   .   .   17  16  15  14  13  .   .   .   .   8   7   6   5   4   .   .   

      21 C   C   G   U   U   C   C   C   A   C   A   C   A   A   C   G   G   G   C   A
         20  21  22  23  24  25  26  27  28  29  30  31  32  33  34  35  36  37  38  39  
         36  35  34  33  32  .   .   .   .   .   .   .   24  23  22  21  20  46  45  44  

      41 U   G   G   G   U   G   C   A   A   C   U   C   C   C   C   C   G   U   C   C
         40  41  42  43  44  45  46  47  48  49  50  51  52  53  54  55  56  57  58  59  
         .   53  52  51  39  38  37  .   .   .   .   43  42  41  .   .   69  68  67  66  

      61 C   A   C   U   C   U   G   G   A   C   G   G   U   C   A   C   C   A   G   G
         60  61  62  63  64  65  66  67  68  69  70  71  72  73  74  75  76  77  78  79  
         .   .   .   .   .   .   59  58  57  56  82  81  80  79  .   .   .   .   .   73  

      81 A   C   C   A
         80  81  82  83  
         72  71  70  .   

----------------------------------------------------------------------
   Log odds score:       28870 
energy (kcal/mol):      -28.87 
  number of pairs:       24.00 
----------------------------------------------------------------------
Pseudoknots? YES
----------------------------------------------------------------------
Parameters (energy units, kcal/mol)
 wkn  parameter:          0.83 (pseudoknots weight)
 P1   parameter:          0.00 
 P2   parameter:          0.00 
 P3   parameter:          3.00 
 P4   parameter:          0.00 
 P5   parameter:          4.60 
 P5P  parameter:          8.43 
 P6   parameter:          0.40 
 P6P  parameter:          0.24 
 P10  parameter:          0.10 
 P10P parameter:          0.10 
 P11  parameter:          7.00 
 P12  parameter:          6.00 
 P13  parameter:         16.00 
 full pseudoknot model.
