knotf2: optimal minimum-energy RNA folding with pseudoknots and coaxial energies
        RNAfold_knots 1.0 (May 1998) using squid 1.5m (Sept 1997)
---------------------------------------------------
Folding sequences from:  /nfs/wol2/people/lowe/snoRNA/ACAs/Sc-snR10.fa 
---------------------------------------------------

---------------------------------------------------
---------------------------------------------------
244 244 122 121  
tracing WX 65700 
 (W5) SL, trace wx  244 243 65700
---------------------------------------------------
244 243 121 121  
tracing WX 65700 
 (W5) SL, trace wx  244 242 65700
---------------------------------------------------
244 242 121 120  
tracing WX 65700 
 (W6) SR, trace wx 243 241 65700
---------------------------------------------------
243 241 120 120  
tracing WX 65700 
 (W6) SR, trace wx 242 240 65700
---------------------------------------------------
242 240 120 119  
tracing WX 65700 
 (W6) SR, trace wx 241 239 65700
---------------------------------------------------
241 239 119 119  
tracing WX 65700 
 (W6) SR, trace wx 240 238 65700
---------------------------------------------------
240 238 119 118  
tracing WX 65700 
 (W6) SR, trace wx 239 237 65700
---------------------------------------------------
239 237 118 118  
tracing WX 65700 
 (W6) SR, trace wx 238 236 65700
---------------------------------------------------
238 236 118 117  
tracing WX 65700 
 (W7) trace wx  134 132 29500
 (W7) trace wx  238 103 36200
---------------------------------------------------
238 103 51 51  
tracing WX 36200 
 (W2) SR SL, trace vx 237 101 35400
---------------------------------------------------
237 101 50 50  
tracing VX  35400   
 (v2) IS2 (1,1) 900
 trace vx 236 99 34500
---------------------------------------------------
236 99 49 49  
tracing VX  34500   
 (v2) IS2 (1,1) 1100
 trace vx 235 97 33400
---------------------------------------------------
235 97 48 48  
tracing VX  33400   
 (v2) IS2 (1,1) 900
 trace vx 234 95 32500
---------------------------------------------------
234 95 47 47  
tracing VX  32500   
 (v2) IS2 (1,1) 2300
 trace vx 233 93 30200
---------------------------------------------------
233 93 46 46  
tracing VX  30200   
 (v2) IS2 (1,1) 1200
 trace vx 232 91 29000
---------------------------------------------------
232 91 45 45  
tracing VX  29000   
 (v2) IS2 (1,1) 1100
 trace vx 231 89 27900
---------------------------------------------------
231 89 44 44  
tracing VX  27900   
 (v2) IS2 (1,1) 900
 trace vx 230 87 27000
---------------------------------------------------
230 87 43 43  
tracing VX  27000   
 (v2) IS2 (1,1) 2300
 trace vx 229 85 24700
---------------------------------------------------
229 85 42 42  
tracing VX  24700   
 (v2) IS2 (1,1) 1900
 trace vx 228 83 22800
---------------------------------------------------
228 83 41 41  
tracing VX  22800   
 (v2) IS2 (1,1) 500
 trace vx 227 81 22300
---------------------------------------------------
227 81 40 40  
tracing VX  22300   
 (v2) IS2 (4,1) -3500
 trace vx 226 76 25800
---------------------------------------------------
226 76 38 37  
tracing VX  25800   
 (v2) IS2 (1,1) 1800
 trace vx 225 74 24000
---------------------------------------------------
225 74 37 36  
tracing VX  24000   
 (v2) IS2 (1,1) 3400
 trace vx 224 72 20600
---------------------------------------------------
224 72 36 35  
tracing VX  20600   
 (v2) IS2 (1,1) 1800
 trace vx 223 70 18800
---------------------------------------------------
223 70 35 34  
tracing VX  18800   
 (v2) IS2 (1,1) 900
 trace vx 222 68 17900
---------------------------------------------------
222 68 34 33  
tracing VX  17900   
 (v2) IS2 (1,1) 2100
 trace vx 221 66 15800
---------------------------------------------------
221 66 33 32  
tracing VX  15800   
 (v2) IS2 (2,2) -800
 trace vx 219 62 16600
---------------------------------------------------
219 62 31 30  
tracing VX  16600   
 (v2) IS2 (1,1) 2100
 trace vx 218 60 14500
---------------------------------------------------
218 60 30 29  
tracing VX  14500   
 (v2) IS2 (1,1) 2300
 trace vx 217 58 12200
---------------------------------------------------
217 58 29 28  
tracing VX  12200   
 (v2) IS2 (1,1) 1900
 trace vx 216 56 10300
---------------------------------------------------
216 56 28 27  
tracing VX  10300   
 (v2) IS2 (1,1) 500
 trace vx 215 54 9800
---------------------------------------------------
215 54 27 26  
tracing VX  9800   
 (v2) IS2 (1,1) 1100
 trace vx 214 52 8700
---------------------------------------------------
214 52 26 25  
tracing VX  8700   
 (v2) IS2 (3,1) -3100
 trace vx 213 48 11800
---------------------------------------------------
213 48 24 23  
tracing VX  11800   
 (v2) IS2 (1,1) 1000
 trace vx 212 46 10800
---------------------------------------------------
212 46 23 22  
tracing VX  10800   
 (v2) IS2 (1,1) 2300
 trace vx 211 44 8500
---------------------------------------------------
211 44 22 21  
tracing VX  8500   
 (v4_1) multiloop, trace vx  185 17 5100
 (v4_1) multiloop, trace wbx 210 24 6000
---------------------------------------------------
210 24 12 11  
tracing WBX 6000 
 (WB5) SL, trace wbx  210 23 6400
---------------------------------------------------
210 23 11 11  
tracing WBX 6400 
 (WB5) SL, trace wbx  210 22 6800
---------------------------------------------------
210 22 11 10  
tracing WBX 6800 
 (WB5) SL, trace wbx  210 21 7200
---------------------------------------------------
210 21 10 10  
tracing WBX 7200 
 (WB2) SR SL, trace vx 209 19 6200
---------------------------------------------------
209 19 9 9  
tracing VX  6200   
 (v2) IS2 (1,1) 2900
 trace vx 208 17 3300
---------------------------------------------------
208 17 8 8  
tracing VX  3300   
 (v2) IS2 (1,1) 2900
 trace vx 207 15 400
---------------------------------------------------
207 15 7 7  
tracing VX  400   
 (v2) IS2 (1,1) 2100
 trace vx 206 13 -1700
---------------------------------------------------
206 13 6 6  
tracing VX  -1700   
 (v2) IS2 (2,2) -800
 trace vx 204 9 -900
---------------------------------------------------
204 9 4 4  
tracing VX  -900   
 (v2) IS2 (1,1) 800
 trace vx 203 7 -1700
---------------------------------------------------
203 7 3 3  
tracing VX  -1700   
 (v2) IS2 (1,1) 2100
 trace vx 202 5 -3800
---------------------------------------------------
202 5 2 2  
tracing VX  -3800   
 (v1) hairpin 5, -3800 
---------------------------------------------------
185 17 8 8  
tracing VX  5100   
 (v2) IS2 (1,1) 1000
 trace vx 184 15 4100
---------------------------------------------------
184 15 7 7  
tracing VX  4100   
 (v2) IS2 (1,1) 2300
 trace vx 183 13 1800
---------------------------------------------------
183 13 6 6  
tracing VX  1800   
 (v2) IS2 (1,1) 1700
 trace vx 182 11 100
---------------------------------------------------
182 11 5 5  
tracing VX  100   
 (v2) IS2 (1,1) 1800
 trace vx 181 9 -1700
---------------------------------------------------
181 9 4 4  
tracing VX  -1700   
 (v2) IS2 (1,1) 2100
 trace vx 180 7 -3800
---------------------------------------------------
180 7 3 3  
tracing VX  -3800   
 (v1) hairpin 7, -3800 
---------------------------------------------------
134 132 66 65  
tracing WX 29500 
 (W6) SR, trace wx 133 131 29500
---------------------------------------------------
133 131 65 65  
tracing WX 29500 
 (W6) SR, trace wx 132 130 29500
---------------------------------------------------
132 130 65 64  
tracing WX 29500 
 (W6) SR, trace wx 131 129 29500
---------------------------------------------------
131 129 64 64  
tracing WX 29500 
 (W6) SR, trace wx 130 128 29500
---------------------------------------------------
130 128 64 63  
tracing WX 29500 
 (W7) trace wx  35 33 3100
 (W7) trace wx  130 94 26400
---------------------------------------------------
130 94 47 46  
tracing WX 26400 
 (W2) SR SL, trace vx 129 92 25300
---------------------------------------------------
129 92 46 45  
tracing VX  25300   
 (v2) IS2 (1,1) 2300
 trace vx 128 90 23000
---------------------------------------------------
128 90 45 44  
tracing VX  23000   
 (v2) IS2 (1,1) 1700
 trace vx 127 88 21300
---------------------------------------------------
127 88 44 43  
tracing VX  21300   
 (v2) IS2 (1,1) 2300
 trace vx 126 86 19000
---------------------------------------------------
126 86 43 42  
tracing VX  19000   
 (v5_1) multiloop wbx 90 49 17500
 (v5_1) multiloop vx  125 34 3400
---------------------------------------------------
125 34 17 16  
tracing VX  3400   
 (v2) IS2 (1,1) 200
 trace vx 124 32 3200
---------------------------------------------------
124 32 16 15  
tracing VX  3200   
 (v2) IS2 (1,1) 1900
 trace vx 123 30 1300
---------------------------------------------------
123 30 15 14  
tracing VX  1300   
 (v2) IS2 (1,1) 2100
 trace vx 122 28 -800
---------------------------------------------------
122 28 14 13  
tracing VX  -800   
 (v2) IS2 (2,2) -800
 trace vx 120 24 0
---------------------------------------------------
120 24 12 11  
tracing VX  0   
 (v2) IS2 (2,3) -900
 trace vx 117 19 900
---------------------------------------------------
117 19 9 9  
tracing VX  900   
 (v2) IS2 (1,1) 3400
 trace vx 116 17 -2500
---------------------------------------------------
116 17 8 8  
tracing VX  -2500   
 (v2) IS2 (4,3) -900
 trace vx 113 10 -1600
---------------------------------------------------
113 10 5 4  
tracing VX  -1600   
 (v2) IS2 (1,1) 900
 trace vx 112 8 -2500
---------------------------------------------------
112 8 4 3  
tracing VX  -2500   
 (v2) IS2 (1,1) 1100
 trace vx 111 6 -3600
---------------------------------------------------
111 6 3 2  
tracing VX  -3600   
 (v1) hairpin 6, -3600 
---------------------------------------------------
90 49 24 24  
tracing WBX 17500 
 (WB6) SR, trace wbx 89 48 17900
---------------------------------------------------
89 48 24 23  
tracing WBX 17900 
 (WB8.3) trace vx 73 32 12200
 (WB8.3) dangle j, trace vx 88 14 2300
---------------------------------------------------
88 14 7 6  
tracing VX  2300   
 (v2) IS2 (1,1) 2900
 trace vx 87 12 -600
---------------------------------------------------
87 12 6 5  
tracing VX  -600   
 (v2) IS2 (1,1) 1800
 trace vx 86 10 -2400
---------------------------------------------------
86 10 5 4  
tracing VX  -2400   
 (v2) IS2 (1,1) 1000
 trace vx 85 8 -3400
---------------------------------------------------
85 8 4 3  
tracing VX  -3400   
 (v2) IS2 (1,1) 200
 trace vx 84 6 -3600
---------------------------------------------------
84 6 3 2  
tracing VX  -3600   
 (v1) hairpin 6, -3600 
---------------------------------------------------
73 32 16 15  
tracing VX  12200   
 (v2) IS2 (1,1) 2100
 trace vx 72 30 10100
---------------------------------------------------
72 30 15 14  
tracing VX  10100   
 (v2) IS2 (1,1) 2300
 trace vx 71 28 7800
---------------------------------------------------
71 28 14 13  
tracing VX  7800   
 (v2) IS2 (1,1) 1200
 trace vx 70 26 6600
---------------------------------------------------
70 26 13 12  
tracing VX  6600   
 (v2) IS2 (1,1) 1100
 trace vx 69 24 5500
---------------------------------------------------
69 24 12 11  
tracing VX  5500   
 (v2) IS2 (1,1) 1700
 trace vx 68 22 3800
---------------------------------------------------
68 22 11 10  
tracing VX  3800   
 (v2) IS2 (1,1) 1400
 trace vx 67 20 2400
---------------------------------------------------
67 20 10 9  
tracing VX  2400   
 (v2) IS2 (2,2) -800
 trace vx 65 16 3200
---------------------------------------------------
65 16 8 7  
tracing VX  3200   
 (v2) IS2 (1,1) 1200
 trace vx 64 14 2000
---------------------------------------------------
64 14 7 6  
tracing VX  2000   
 (v2) IS2 (3,2) 0
 trace vx 62 9 2000
---------------------------------------------------
62 9 4 4  
tracing VX  2000   
 (v2) IS2 (1,1) 2900
 trace vx 61 7 -900
---------------------------------------------------
61 7 3 3  
tracing VX  -900   
 (v2) IS2 (1,1) 2900
 trace vx 60 5 -3800
---------------------------------------------------
60 5 2 2  
tracing VX  -3800   
 (v1) hairpin 5, -3800 
---------------------------------------------------
35 33 16 16  
tracing WX 3100 
 (W6) SR, trace wx 34 32 3100
---------------------------------------------------
34 32 16 15  
tracing WX 3100 
 (W6) SR, trace wx 33 31 3100
---------------------------------------------------
33 31 15 15  
tracing WX 3100 
 (W7) trace wx  20 18 600
 (W7) trace wx  33 12 2500
---------------------------------------------------
33 12 6 5  
tracing WX 2500 
 (W2) SR SL, trace vx 32 10 500
---------------------------------------------------
32 10 5 4  
tracing VX  500   
 (v2) IS2 (1,1) 2100
 trace vx 31 8 -1600
---------------------------------------------------
31 8 4 3  
tracing VX  -1600   
 (v2) IS2 (1,1) 1100
 trace vx 30 6 -2700
---------------------------------------------------
30 6 3 2  
tracing VX  -2700   
 (v1) hairpin 6, -2700 
---------------------------------------------------
20 18 9 8  
tracing WX 600 
 (W6) SR, trace wx 19 17 600
---------------------------------------------------
19 17 8 8  
tracing WX 600 
 (W6) SR, trace wx 18 16 600
---------------------------------------------------
18 16 8 7  
tracing WX 600 
 (W6) SR, trace wx 17 15 600
---------------------------------------------------
17 15 7 7  
tracing WX 600 
 (W2) SR SL, trace vx 16 13 -500
---------------------------------------------------
16 13 6 6  
tracing VX  -500   
 (v2) IS2 (1,1) 3400
 trace vx 15 11 -3900
---------------------------------------------------
15 11 5 5  
tracing VX  -3900   
 (v1) hairpin 11, -3900 
NAM  Sc-snR10
DES  SCSNR10 Yeast gene for small nuclear RNA snR10
SEQ  +SS
       1 A   A   C   G   C   A   A   A   U   U   U   A   A   C   A   G   C   C   A   U
         0   1   2   3   4   5   6   7   8   9   10  11  12  13  14  15  16  17  18  19  
         .   .   .   16  15  .   .   .   .   .   .   .   .   .   .   4   3   .   .   .   

      21 U   C   G   U   A   A   C   A   C   G   U   A   C   A   G   U   A   U   C   U
         20  21  22  23  24  25  26  27  28  29  30  31  32  33  34  35  36  37  38  39  
         .   .   32  31  30  .   .   .   .   .   24  23  22  .   .   .   .   129 128 127 

      41 C   G   U   C   G   A   G   G   U   U   G   A   A   C   C   C   C   U   C   C
         40  41  42  43  44  45  46  47  48  49  50  51  52  53  54  55  56  57  58  59  
         126 73  72  71  70  69  68  67  .   65  64  .   .   62  61  60  .   .   .   .   

      61 G   G   G   G   C   G   U   U   C   U   U   G   A   C   C   C   A   U   G   A
         60  61  62  63  64  65  66  67  68  69  70  71  72  73  74  75  76  77  78  79  
         55  54  53  .   50  49  .   47  46  45  44  43  42  41  88  87  86  85  84  .   

      81 A   G   A   A   U   G   U   G   G   A   U   U   G   G   U   G   U   U   G   C
         80  81  82  83  84  85  86  87  88  89  90  91  92  93  94  95  96  97  98  99  
         .   .   .   .   78  77  76  75  74  .   .   125 124 123 122 .   120 .   117 116 

     101 A   A   U   A   U   A   U   U   U   A   U   U   A   U   U   G   G   C   U   U
         100 101 102 103 104 105 106 107 108 109 110 111 112 113 114 115 116 117 118 119 
         .   .   .   113 112 111 .   .   .   .   .   105 104 103 .   .   99  98  .   .   

     121 G   G   A   C   U   G   G   A   G   A   A   C   A   A   A   U   U   U   A   U
         120 121 122 123 124 125 126 127 128 129 130 131 132 133 134 135 136 137 138 139 
         96  .   94  93  92  91  40  39  38  37  .   .   .   .   .   .   237 236 235 234 

     141 C   G   A   U   C   U   U   G   G   G   U   G   C   A   A   C   A   G   U   C
         140 141 142 143 144 145 146 147 148 149 150 151 152 153 154 155 156 157 158 159 
         233 232 231 230 229 228 227 .   .   .   226 225 224 223 222 221 .   219 218 217 

     161 U   U   U   C   U   G   U   C   G   U   C   U   G   U   U   U   U   U   U   A
         160 161 162 163 164 165 166 167 168 169 170 171 172 173 174 175 176 177 178 179 
         216 215 214 .   .   213 212 211 185 184 183 182 181 180 .   .   .   .   .   .   

     181 G   C   A   G   A   U   C   U   A   A   G   G   G   U   U   U   A   C   C   U
         180 181 182 183 184 185 186 187 188 189 190 191 192 193 194 195 196 197 198 199 
         173 172 171 170 169 168 .   .   .   .   209 208 207 206 .   204 203 202 .   .   

     201 U   C   G   U   G   U   G   C   C   C   G   G   A   U   G   A   G   G   A   C
         200 201 202 203 204 205 206 207 208 209 210 211 212 213 214 215 216 217 218 219 
         .   .   197 196 195 .   193 192 191 190 .   167 166 165 162 161 160 159 158 157 

     221 C   G   U   U   G   C   A   A   G   G   A   U   U   G   A   U   A   A   U   A
         220 221 222 223 224 225 226 227 228 229 230 231 232 233 234 235 236 237 238 239 
         .   155 154 153 152 151 150 146 145 144 143 142 141 140 139 138 137 136 .   .   

     241 C   A   A   C   U
         240 241 242 243 244 
         .   .   .   .   .   

----------------------------------------------------------------------
   Log odds score:       65700 
energy (kcal/mol):      -65.70 
  number of pairs:       75.00 
----------------------------------------------------------------------
Pseudoknots? NO
----------------------------------------------------------------------
Parameters (energy  units, kcal/mol)
 P1   parameter:          0.00 
 P2   parameter:          0.00 
 P3   parameter:          0.00 
 P4   parameter:          0.00 
 P5   parameter:          4.60 
 P6   parameter:          0.40 
 P10  parameter:          0.10 
