---------------------------------------------------
56 56 28 27  
tracing WX 17170 
 (W5) SL, trace wx  56 55 17170
---------------------------------------------------
56 55 27 27  
tracing WX 17170 
 (W5) SL, trace wx  56 54 17170
---------------------------------------------------
56 54 27 26  
tracing WX 17170 
 (W5) SL, trace wx  56 53 17170
---------------------------------------------------
56 53 26 26  
tracing WX 17170 
 (W5) SL, trace wx  56 52 17170
---------------------------------------------------
56 52 26 25  
tracing WX 17170 
 (W6) SR, trace wx 55 51 17170
---------------------------------------------------
55 51 25 25  
tracing WX 17170 
 (W6) SR, trace wx 54 50 17170
---------------------------------------------------
54 50 25 24  
tracing WX 17170 
 (W6) SR, trace wx 53 49 17170
---------------------------------------------------
53 49 24 24  
tracing WX 17170 
 (W6) SR, trace wx 52 48 17170
---------------------------------------------------
52 48 24 23  
tracing WX 17170 
 (W6) SR, trace wx 51 47 17170
---------------------------------------------------
51 47 23 23  
tracing WX 17170 
 (W9) trace whx 40 36 14 12 11758
 (W9) trace whx 51 31 7 8 13012
---------------------------------------------------
51 31 7 8  
tracing whx 13012 
 (WH1.9) SRI, SLI, SRE, trace vhx 50 30 6 6 12284 
---------------------------------------------------
50 30 6 6  
tracing VHX  12284 
 (vh2) trace vhx 50 30 1 1 2822 
 (vh2) trace vhx 49 28 5 5 9462 
---------------------------------------------------
49 28 5 5  
tracing VHX  9462 
 (vh2) trace vhx 49 28 1 1 2407 
 (vh2) trace vhx 48 26 4 4 7055 
---------------------------------------------------
48 26 4 4  
tracing VHX  7055 
 (vh2) trace vhx 48 26 1 1 2407 
 (vh2) trace vhx 47 24 3 3 4648 
---------------------------------------------------
47 24 3 3  
tracing VHX  4648 
 (vh2) trace vhx 47 24 1 1 1411 
 (vh2) trace vhx 46 22 2 2 3237 
---------------------------------------------------
46 22 2 2  
tracing VHX  3237 
 (vh2) trace vhx 46 22 1 1 1494 
 (vh2) trace vhx 45 20 1 1 1743 
---------------------------------------------------
45 20 1 1  
tracing VHX  1743 
 (vh1) IS2 (1,1) 45 20 1743 
---------------------------------------------------
46 22 1 1  
tracing VHX  1494 
 (vh1) IS2 (1,1) 46 22 1494 
---------------------------------------------------
47 24 1 1  
tracing VHX  1411 
 (vh1) IS2 (1,1) 47 24 1411 
---------------------------------------------------
48 26 1 1  
tracing VHX  2407 
 (vh1) IS2 (1,1) 48 26 2407 
---------------------------------------------------
49 28 1 1  
tracing VHX  2407 
 (vh1) IS2 (1,1) 49 28 2407 
---------------------------------------------------
50 30 1 1  
tracing VHX  2822 
 (vh1) IS2 (1,1) 50 30 2822 
---------------------------------------------------
40 36 14 12  
tracing whx 11758 
 (WH16) trace WHX 33 29 7 5 9658
 (WH16) trace WHX 40 27 5 4 8100
---------------------------------------------------
33 29 7 5  
tracing whx 9658 
 (WH2.4) SLE, trace zhx  32 28 7 4 8530 
---------------------------------------------------
32 28 7 4  
tracing ZHX  8530 
 (ZH5) ss dangle k, trace zhx 32 28 6 4 8730 
---------------------------------------------------
32 28 6 4  
tracing ZHX  8730 
 (ZH5) ss dangle k, trace zhx 32 28 5 4 8930 
---------------------------------------------------
32 28 5 4  
tracing ZHX  8930 
 (ZH3) dangle k, trace vhx 32 28 4 4 7802 
---------------------------------------------------
32 28 4 4  
tracing VHX  7802 
 (vh2) trace vhx 32 28 1 1 2822 
 (vh2) trace vhx 31 26 3 3 4980 
---------------------------------------------------
31 26 3 3  
tracing VHX  4980 
 (vh2) trace vhx 31 26 1 1 996 
 (vh2) trace vhx 30 24 2 2 3984 
---------------------------------------------------
30 24 2 2  
tracing VHX  3984 
 (vh2) trace vhx 30 24 1 1 1577 
 (vh2) trace vhx 29 22 1 1 2407 
---------------------------------------------------
29 22 1 1  
tracing VHX  2407 
 (vh1) IS2 (1,1) 29 22 2407 
---------------------------------------------------
30 24 1 1  
tracing VHX  1577 
 (vh1) IS2 (1,1) 30 24 1577 
---------------------------------------------------
31 26 1 1  
tracing VHX  996 
 (vh1) IS2 (1,1) 31 26 996 
---------------------------------------------------
32 28 1 1  
tracing VHX  2822 
 (vh1) IS2 (1,1) 32 28 2822 
---------------------------------------------------
40 27 5 4  
tracing whx 8100 
 (WH2.3) SLE, trace zhx  40 26 4 4 8217 
---------------------------------------------------
40 26 4 4  
tracing ZHX  8217 
 (ZH1) trace vhx 40 26 4 4 8300 
---------------------------------------------------
40 26 4 4  
tracing VHX  8300 
 (vh2) trace vhx 40 26 1 1 1411 
 (vh2) trace vhx 39 24 3 3 6889 
---------------------------------------------------
39 24 3 3  
tracing VHX  6889 
 (vh2) trace vhx 39 24 1 1 2822 
 (vh2) trace vhx 38 22 2 2 4067 
---------------------------------------------------
38 22 2 2  
tracing VHX  4067 
 (vh2) trace vhx 38 22 1 1 1660 
 (vh2) trace vhx 37 20 1 1 2407 
---------------------------------------------------
37 20 1 1  
tracing VHX  2407 
 (vh1) IS2 (1,1) 37 20 2407 
---------------------------------------------------
38 22 1 1  
tracing VHX  1660 
 (vh1) IS2 (1,1) 38 22 1660 
---------------------------------------------------
39 24 1 1  
tracing VHX  2822 
 (vh1) IS2 (1,1) 39 24 2822 
---------------------------------------------------
40 26 1 1  
tracing VHX  1411 
 (vh1) IS2 (1,1) 40 26 1411 
NAM  SRP
SEQ  +SS
       1 C   U   A   A   G   C   G   G   G   G   A   G   G   U   A   G   C   G   G   U
         0   1   2   3   4   5   6   7   8   9   10  11  12  13  14  15  16  17  18  19  
         .   .   .   .   32  31  30  29  28  .   .   .   .   .   40  39  38  37  36  .   

      21 G   C   C   C   U   G   U   A   C   C   U   G   C   A   A   U   C   C   G   C
         20  21  22  23  24  25  26  27  28  29  30  31  32  33  34  35  36  37  38  39  
         50  49  48  47  46  45  44  .   8   7   6   5   4   .   .   .   18  17  16  15  

      41 U   C   U   A   G   C   A   G   G   G   C   C   G   A   A   A   U
         40  41  42  43  44  45  46  47  48  49  50  51  52  53  54  55  56  
         14  .   .   .   26  25  24  23  22  21  20  .   .   .   .   .   .   

----------------------------------------------------------------------
   Log odds score:       17170 
energy (kcal/mol):      -17.17 
  number of pairs:       17.00 
----------------------------------------------------------------------
Pseudoknots? YES
----------------------------------------------------------------------
Parameters (energy units, kcal/mol)
 wkn  parameter:          0.83 (pseudoknots weight)
 P1   parameter:          0.00 
 P2   parameter:          0.00 
 P3   parameter:          3.00 
 P4   parameter:          0.00 
 P5   parameter:          4.60 
 P5P  parameter:          8.43 
 P6   parameter:          0.40 
 P6P  parameter:          0.24 
 P10  parameter:          0.10 
 P10P parameter:          0.10 
 P11  parameter:          7.00 
 P12  parameter:          6.00 
 P13  parameter:         16.00 
 full pseudoknot model.
