---------------------------------------------------
83 83 41 41  
tracing WX 19427 
 (W5) SL, trace wx  83 82 19427
---------------------------------------------------
83 82 41 40  
tracing WX 19427 
 (W5) SL, trace wx  83 81 19427
---------------------------------------------------
83 81 40 40  
tracing WX 19427 
 (W5) SL, trace wx  83 80 19427
---------------------------------------------------
83 80 40 39  
tracing WX 19427 
 (W5) SL, trace wx  83 79 19427
---------------------------------------------------
83 79 39 39  
tracing WX 19427 
 (W5) SL, trace wx  83 78 19427
---------------------------------------------------
83 78 39 38  
tracing WX 19427 
 (W5) SL, trace wx  83 77 19427
---------------------------------------------------
83 77 38 38  
tracing WX 19427 
 (W5) SL, trace wx  83 76 19427
---------------------------------------------------
83 76 38 37  
tracing WX 19427 
 (W5) SL, trace wx  83 75 19427
---------------------------------------------------
83 75 37 37  
tracing WX 19427 
 (W5) SL, trace wx  83 74 19427
---------------------------------------------------
83 74 37 36  
tracing WX 19427 
 (W7) trace wx  27 18 6700
 (W7) trace wx  83 55 12727
---------------------------------------------------
83 55 27 27  
tracing WX 12727 
 (W9) trace whx 76 48 32 9 14336
 (W9) trace whx 83 21 4 4 5991
---------------------------------------------------
83 21 4 4  
tracing whx 5991 
 (WH1.4) SLE, SLI, trace vhx 83 20 3 3 6225  
---------------------------------------------------
83 20 3 3  
tracing VHX  6225 
 (vh2) trace vhx 83 20 1 1 2407 
 (vh2) trace vhx 82 18 2 2 3818 
---------------------------------------------------
82 18 2 2  
tracing VHX  3818 
 (vh2) trace vhx 82 18 1 1 2407 
 (vh2) trace vhx 81 16 1 1 1411 
---------------------------------------------------
81 16 1 1  
tracing VHX  1411 
 (vh1) IS2 (1,1) 81 16 1411 
---------------------------------------------------
82 18 1 1  
tracing VHX  2407 
 (vh1) IS2 (1,1) 82 18 2407 
---------------------------------------------------
83 20 1 1  
tracing VHX  2407 
 (vh1) IS2 (1,1) 83 20 2407 
---------------------------------------------------
76 48 32 9  
tracing whx 14336 
 (WH4.2) SRE, trace whx 75 47 32 8 14536 
---------------------------------------------------
75 47 32 8  
tracing whx 14536 
 (WH4.2) SRE, trace whx 74 46 32 7 14736 
---------------------------------------------------
74 46 32 7  
tracing whx 14736 
 (WH4.2) SRE, trace whx 73 45 32 6 14936 
---------------------------------------------------
73 45 32 6  
tracing whx 14936 
 (WH4.2) SRE, trace whx 72 44 32 5 15136 
---------------------------------------------------
72 44 32 5  
tracing whx 15136 
 (WH4.2) SRE, trace whx 71 43 32 4 15336 
---------------------------------------------------
71 43 32 4  
tracing whx 15336 
 (WH4.4) SRI, trace whx 71 43 31 4 15536 
---------------------------------------------------
71 43 31 4  
tracing whx 15536 
 (WH21.4) trace YHX 59 31 4 4 4829 
 (WH21.4) trace ZHX 70 37 20 3 13451 
---------------------------------------------------
70 37 20 3  
tracing ZHX  13451 
 (ZH5) ss dangle k, trace zhx 70 37 19 3 13651 
---------------------------------------------------
70 37 19 3  
tracing ZHX  13651 
 (ZH8.1) IR, trace vx  52  15 5600 
 (ZH8.1) IR, trace vhx 70  37  3  3 5644 
---------------------------------------------------
52 15 7 7  
tracing VX  5600   
 (v2) IS2 (1,1) 1800
 trace vx 51 13 3800
---------------------------------------------------
51 13 6 6  
tracing VX  3800   
 (v2) IS2 (1,1) 3400
 trace vx 50 11 400
---------------------------------------------------
50 11 5 5  
tracing VX  400   
 (v2) IS2 (1,1) 2000
 trace vx 49 9 -1600
---------------------------------------------------
49 9 4 4  
tracing VX  -1600   
 (v2) IS2 (1,1) 2100
 trace vx 48 7 -3700
---------------------------------------------------
48 7 3 3  
tracing VX  -3700   
 (v1) hairpin 7, -3700 
---------------------------------------------------
70 37 3 3  
tracing VHX  5644 
 (vh2) trace vhx 70 37 1 1 1743 
 (vh2) trace vhx 69 35 2 2 3901 
---------------------------------------------------
69 35 2 2  
tracing VHX  3901 
 (vh2) trace vhx 69 35 1 1 1494 
 (vh2) trace vhx 68 33 1 1 2407 
---------------------------------------------------
68 33 1 1  
tracing VHX  2407 
 (vh1) IS2 (1,1) 68 33 2407 
---------------------------------------------------
69 35 1 1  
tracing VHX  1494 
 (vh1) IS2 (1,1) 69 35 1494 
---------------------------------------------------
70 37 1 1  
tracing VHX  1743 
 (vh1) IS2 (1,1) 70 37 1743 
---------------------------------------------------
59 31 4 4  
tracing YHX 4829 
 (YH2) SLE, SRE, trace vhx 58 29 3 3 4980 
---------------------------------------------------
58 29 3 3  
tracing VHX  4980 
 (vh2) trace vhx 58 29 1 1 1743 
 (vh2) trace vhx 57 27 2 2 3237 
---------------------------------------------------
57 27 2 2  
tracing VHX  3237 
 (vh2) trace vhx 57 27 1 1 1494 
 (vh2) trace vhx 56 25 1 1 1743 
---------------------------------------------------
56 25 1 1  
tracing VHX  1743 
 (vh1) IS2 (1,1) 56 25 1743 
---------------------------------------------------
57 27 1 1  
tracing VHX  1494 
 (vh1) IS2 (1,1) 57 27 1494 
---------------------------------------------------
58 29 1 1  
tracing VHX  1743 
 (vh1) IS2 (1,1) 58 29 1743 
---------------------------------------------------
27 18 9 8  
tracing WX 6700 
 (W6) SR, trace wx 26 17 6700
---------------------------------------------------
26 17 8 8  
tracing WX 6700 
 (W6) SR, trace wx 25 16 6700
---------------------------------------------------
25 16 8 7  
tracing WX 6700 
 (W2) SR SL, trace vx 24 14 5700
---------------------------------------------------
24 14 7 6  
tracing VX  5700   
 (v2) IS2 (1,1) 2100
 trace vx 23 12 3600
---------------------------------------------------
23 12 6 5  
tracing VX  3600   
 (v2) IS2 (1,1) 2000
 trace vx 22 10 1600
---------------------------------------------------
22 10 5 4  
tracing VX  1600   
 (v2) IS2 (1,1) 2900
 trace vx 21 8 -1300
---------------------------------------------------
21 8 4 3  
tracing VX  -1300   
 (v2) IS2 (1,1) 2300
 trace vx 20 6 -3600
---------------------------------------------------
20 6 3 2  
tracing VX  -3600   
 (v1) hairpin 6, -3600 
NAM  TMVup
SEQ  +SS
       1 A   U   A   A   U   A   A   A   U   A   A   C   G   G   A   U   U   G   U   G
         0   1   2   3   4   5   6   7   8   9   10  11  12  13  14  15  16  17  18  19  
         .   .   .   .   .   .   .   .   .   .   24  23  22  21  20  .   .   .   .   .   

      21 U   C   C   G   U   A   A   U   C   A   C   A   C   G   U   G   G   U   G   C
         20  21  22  23  24  25  26  27  28  29  30  31  32  33  34  35  36  37  38  39  
         14  13  12  11  10  .   .   .   .   58  57  56  55  70  69  68  67  52  51  50  

      41 G   U   A   C   G   A   U   A   A   C   G   C   A   U   A   G   U   G   U   U
         40  41  42  43  44  45  46  47  48  49  50  51  52  53  54  55  56  57  58  59  
         49  48  .   .   .   .   .   .   41  40  39  38  37  .   .   32  31  30  29  .   

      61 U   U   U   C   C   C   U   C   C   A   C   U   U   A   A   A   U   C   G   A
         60  61  62  63  64  65  66  67  68  69  70  71  72  73  74  75  76  77  78  79  
         .   .   .   83  82  81  80  36  35  34  33  .   .   .   .   .   .   .   .   .   

      81 A   G   G   G
         80  81  82  83  
         66  65  64  63  

----------------------------------------------------------------------
   Log odds score:       19427 
energy (kcal/mol):      -19.43 
  number of pairs:       22.00 
----------------------------------------------------------------------
Pseudoknots? YES
----------------------------------------------------------------------
Parameters (energy units, kcal/mol)
 wkn  parameter:          0.83 (pseudoknots weight)
 P1   parameter:          0.00 
 P2   parameter:          0.00 
 P3   parameter:          3.00 
 P4   parameter:          0.00 
 P5   parameter:          4.60 
 P5P  parameter:          8.43 
 P6   parameter:          0.40 
 P6P  parameter:          0.24 
 P10  parameter:          0.10 
 P10P parameter:          0.10 
 P11  parameter:          7.00 
 P12  parameter:          5.00 
 P13  parameter:         16.00 
 full pseudoknot model.
