---------------------------------------------------
85 85 42 42  
tracing WX 30405 
 (W5) SL, trace wx  85 84 30405
---------------------------------------------------
85 84 42 41  
tracing WX 30405 
 (W5) SL, trace wx  85 83 30405
---------------------------------------------------
85 83 41 41  
tracing WX 30405 
 (W5) SL, trace wx  85 82 30405
---------------------------------------------------
85 82 41 40  
tracing WX 30405 
 (W6) SR, trace wx 84 81 30405
---------------------------------------------------
84 81 40 40  
tracing WX 30405 
 (W6) SR, trace wx 83 80 30405
---------------------------------------------------
83 80 40 39  
tracing WX 30405 
 (W7) trace wx  43 40 15800
 (W7) trace wx  83 39 14605
---------------------------------------------------
83 39 19 19  
tracing WX 14605 
 (W10.1) trace yhx 74 30 17 3 11600
 (W10.1) trace yhx 83 20 7 6 8447
---------------------------------------------------
83 20 7 6  
tracing YHX 8447 
 (YH5) SLE, trace yhx 83 19 6 6 8647 
---------------------------------------------------
83 19 6 6  
tracing YHX 8647 
 (YH2) SLE, SRE, trace vhx 82 17 5 5 8632 
---------------------------------------------------
82 17 5 5  
tracing VHX  8632 
 (vh2) trace vhx 82 17 1 1 747 
 (vh2) trace vhx 81 15 4 4 7885 
---------------------------------------------------
81 15 4 4  
tracing VHX  7885 
 (vh2) trace vhx 81 15 1 1 1909 
 (vh2) trace vhx 80 13 3 3 5976 
---------------------------------------------------
80 13 3 3  
tracing VHX  5976 
 (vh2) trace vhx 80 13 1 1 2407 
 (vh2) trace vhx 79 11 2 2 3569 
---------------------------------------------------
79 11 2 2  
tracing VHX  3569 
 (vh2) trace vhx 79 11 1 1 1660 
 (vh2) trace vhx 78 9 1 1 1909 
---------------------------------------------------
78 9 1 1  
tracing VHX  1909 
 (vh1) IS2 (1,1) 78 9 1909 
---------------------------------------------------
79 11 1 1  
tracing VHX  1660 
 (vh1) IS2 (1,1) 79 11 1660 
---------------------------------------------------
80 13 1 1  
tracing VHX  2407 
 (vh1) IS2 (1,1) 80 13 2407 
---------------------------------------------------
81 15 1 1  
tracing VHX  1909 
 (vh1) IS2 (1,1) 81 15 1909 
---------------------------------------------------
82 17 1 1  
tracing VHX  747 
 (vh1) IS2 (1,1) 82 17 747 
---------------------------------------------------
74 30 17 3  
tracing YHX 11600 
 (YH6) SRE, trace yhx 73 29 17 2 11800 
---------------------------------------------------
73 29 17 2  
tracing YHX 11800 
 (YH8.1) EL, trace vx  58 14 3500 
 (YH8.1) EL, trace vhx 73 14 2 2 4814 
---------------------------------------------------
58 14 7 6  
tracing VX  3500   
 (v2) IS2 (1,1) 2000
 trace vx 57 12 1500
---------------------------------------------------
57 12 6 5  
tracing VX  1500   
 (v2) IS2 (1,1) 2900
 trace vx 56 10 -1400
---------------------------------------------------
56 10 5 4  
tracing VX  -1400   
 (v2) IS2 (1,1) 2900
 trace vx 55 8 -4300
---------------------------------------------------
55 8 4 3  
tracing VX  -4300   
 (v1) hairpin 8, -4300 
---------------------------------------------------
73 14 2 2  
tracing VHX  4814 
 (vh2) trace vhx 73 14 1 1 2407 
 (vh2) trace vhx 72 12 1 1 2407 
---------------------------------------------------
72 12 1 1  
tracing VHX  2407 
 (vh1) IS2 (1,1) 72 12 2407 
---------------------------------------------------
73 14 1 1  
tracing VHX  2407 
 (vh1) IS2 (1,1) 73 14 2407 
---------------------------------------------------
43 40 20 19  
tracing WX 15800 
 (W6) SR, trace wx 42 39 15800
---------------------------------------------------
42 39 19 19  
tracing WX 15800 
 (W6) SR, trace wx 41 38 15800
---------------------------------------------------
41 38 19 18  
tracing WX 15800 
 (W8.4) dangle i, trace vx 19 15 5700
 (W8.4) dangle j, trace vx 40 20 7300
---------------------------------------------------
40 20 10 9  
tracing VX  7300   
 (v2) IS2 (1,1) 1000
 trace vx 39 18 6300
---------------------------------------------------
39 18 9 8  
tracing VX  6300   
 (v2) IS2 (1,1) 2300
 trace vx 38 16 4000
---------------------------------------------------
38 16 8 7  
tracing VX  4000   
 (v2) IS2 (1,1) 1700
 trace vx 37 14 2300
---------------------------------------------------
37 14 7 6  
tracing VX  2300   
 (v2) IS2 (1,1) 1800
 trace vx 36 12 500
---------------------------------------------------
36 12 6 5  
tracing VX  500   
 (v2) IS2 (1,1) 2100
 trace vx 35 10 -1600
---------------------------------------------------
35 10 5 4  
tracing VX  -1600   
 (v2) IS2 (1,1) 2300
 trace vx 34 8 -3900
---------------------------------------------------
34 8 4 3  
tracing VX  -3900   
 (v1) hairpin 8, -3900 
---------------------------------------------------
19 15 7 7  
tracing VX  5700   
 (v2) IS2 (1,1) 1700
 trace vx 18 13 4000
---------------------------------------------------
18 13 6 6  
tracing VX  4000   
 (v2) IS2 (1,1) 2300
 trace vx 17 11 1700
---------------------------------------------------
17 11 5 5  
tracing VX  1700   
 (v2) IS2 (1,1) 2000
 trace vx 16 9 -300
---------------------------------------------------
16 9 4 4  
tracing VX  -300   
 (v2) IS2 (1,1) 3400
 trace vx 15 7 -3700
---------------------------------------------------
15 7 3 3  
tracing VX  -3700   
 (v1) hairpin 7, -3700 
NAM  TYMV
SEQ  +SS
       1 U   U   A   G   C   U   C   G   C   C   A   G   U   U   A   G   C   G   A   G
         0   1   2   3   4   5   6   7   8   9   10  11  12  13  14  15  16  17  18  19  
         .   .   .   .   19  18  17  16  15  .   .   .   .   .   .   8   7   6   5   4   

      21 G   U   C   U   G   U   C   C   C   C   A   C   A   C   G   A   C   A   G   A
         20  21  22  23  24  25  26  27  28  29  30  31  32  33  34  35  36  37  38  39  
         40  39  38  37  36  35  34  .   .   .   .   .   .   .   26  25  24  23  22  21  

      41 U   A   A   U   C   G   G   G   U   G   C   A   A   C   U   C   C   C   G   C
         40  41  42  43  44  45  46  47  48  49  50  51  52  53  54  55  56  57  58  59  
         20  .   .   .   58  57  56  55  .   .   .   .   .   .   .   47  46  45  44  73  

      61 C   C   C   U   C   U   U   C   C   G   A   G   G   G   U   C   A   U   C   G
         60  61  62  63  64  65  66  67  68  69  70  71  72  73  74  75  76  77  78  79  
         72  71  .   .   .   82  81  80  79  78  77  61  60  59  .   .   .   70  69  68  

      81 G   A   A   C   C   A
         80  81  82  83  84  85  
         67  66  65  .   .   .   

----------------------------------------------------------------------
   Log odds score:       30405 
energy (kcal/mol):      -30.41 
  number of pairs:       25.00 
----------------------------------------------------------------------
Pseudoknots? YES
----------------------------------------------------------------------
Parameters (energy units, kcal/mol)
 wkn  parameter:          0.83 (pseudoknots weight)
 P1   parameter:          0.00 
 P2   parameter:          0.00 
 P3   parameter:          3.00 
 P4   parameter:          0.00 
 P5   parameter:          4.60 
 P5P  parameter:          8.43 
 P6   parameter:          0.40 
 P6P  parameter:          0.24 
 P10  parameter:          0.10 
 P10P parameter:          0.10 
 P11  parameter:          7.00 
 P12  parameter:          6.00 
 P13  parameter:         16.00 
 full pseudoknot model.
