PKNOTS: optimal minimum-energy RNA folding with pseudoknots and coaxial energies
        PKNOTS 1.04 (Fri Jul  9 14:23:04 CDT 2004) using squid 1.5m (Sept 1997)
---------------------------------------------------
Folding sequences from:  /home/elena/pknots/pknots-1.04/Demos/biotin.sqd 
---------------------------------------------------



	             SS  ...>>>>>.AAAAAAA<<<<<.............................
	         biotin  GGCACCGACCAUAGGCUCGGGUUGCCAGAGGUUCCACACUUUCAUCGAAA

	             SS  .aaaaaaa...
	         biotin  AGCCUAUGCUA

---------------------------------------------------
60 60 30 29  
tracing WX 17055 
 (W6) SR, trace wx 59 59 17055
---------------------------------------------------
59 59 29 29  
tracing WX 17055 
 (W6) SR, trace wx 58 58 17055
---------------------------------------------------
58 58 29 28  
tracing WX 17055 
 (W10.1) trace yhx 42 42 5 23 10564
 (W10.1) trace yhx 58 51 11 13 10356
---------------------------------------------------
58 51 11 13  
tracing YHX 10356 
 (YH5) SLE, trace yhx 58 50 10 13 10556 
---------------------------------------------------
58 50 10 13  
tracing YHX 10556 
 (YH2) SLE, SRE, trace vhx 57 48 9 12 10458 
---------------------------------------------------
57 48 9 12  
tracing VHX  10458 
 (vh2) trace vhx 57 48 1 1 1494 
 (vh2) trace vhx 56 46 8 11 8964 
---------------------------------------------------
56 46 8 11  
tracing VHX  8964 
 (vh2) trace vhx 56 46 1 1 747 
 (vh2) trace vhx 55 44 7 10 8217 
---------------------------------------------------
55 44 7 10  
tracing VHX  8217 
 (vh2) trace vhx 55 44 1 1 913 
 (vh2) trace vhx 54 42 6 9 7304 
---------------------------------------------------
54 42 6 9  
tracing VHX  7304 
 (vh2) trace vhx 54 42 1 1 1411 
 (vh2) trace vhx 53 40 5 8 5893 
---------------------------------------------------
53 40 5 8  
tracing VHX  5893 
 (vh2) trace vhx 53 40 1 1 2407 
 (vh2) trace vhx 52 38 4 7 3486 
---------------------------------------------------
52 38 4 7  
tracing VHX  3486 
 (vh2) trace vhx 52 38 1 1 2822 
 (vh2) trace vhx 51 36 3 6 664 
---------------------------------------------------
51 36 3 6  
tracing VHX  664 
 (vh2) trace vhx 51 36 1 4 -2905 
 (vh2) trace vhx 47 31 2 2 3569 
---------------------------------------------------
47 31 2 2  
tracing VHX  3569 
 (vh2) trace vhx 47 31 1 1 1909 
 (vh2) trace vhx 46 29 1 1 1660 
---------------------------------------------------
46 29 1 1  
tracing VHX  1660 
 (vh1) IS2 (1,1) 46 29 1660 
---------------------------------------------------
47 31 1 1  
tracing VHX  1909 
 (vh1) IS2 (1,1) 47 31 1909 
---------------------------------------------------
51 36 1 4  
tracing VHX  -2905 
 (vh1) IS2 (1,4) 51 36 -2905 
---------------------------------------------------
52 38 1 1  
tracing VHX  2822 
 (vh1) IS2 (1,1) 52 38 2822 
---------------------------------------------------
53 40 1 1  
tracing VHX  2407 
 (vh1) IS2 (1,1) 53 40 2407 
---------------------------------------------------
54 42 1 1  
tracing VHX  1411 
 (vh1) IS2 (1,1) 54 42 1411 
---------------------------------------------------
55 44 1 1  
tracing VHX  913 
 (vh1) IS2 (1,1) 55 44 913 
---------------------------------------------------
56 46 1 1  
tracing VHX  747 
 (vh1) IS2 (1,1) 56 46 747 
---------------------------------------------------
57 48 1 1  
tracing VHX  1494 
 (vh1) IS2 (1,1) 57 48 1494 
---------------------------------------------------
42 42 5 23  
tracing YHX 10564 
 (YH9) ER, trace wbx 42 15 1800 
 (YH9) ER, trace yhx 26 26 5 7 8764 
---------------------------------------------------
26 26 5 7  
tracing YHX 8764 
 (YH4) SRE, trace vhx 25 25 5 6 7636 
---------------------------------------------------
25 25 5 6  
tracing VHX  7636 
 (vh2) trace vhx 25 25 1 1 2407 
 (vh2) trace vhx 24 23 4 5 5229 
---------------------------------------------------
24 23 4 5  
tracing VHX  5229 
 (vh2) trace vhx 24 23 1 1 2822 
 (vh2) trace vhx 23 21 3 4 2407 
---------------------------------------------------
23 21 3 4  
tracing VHX  2407 
 (vh2) trace vhx 23 21 1 1 1494 
 (vh2) trace vhx 22 19 2 3 913 
---------------------------------------------------
22 19 2 3  
tracing VHX  913 
 (vh2) trace vhx 22 19 1 2 -1494 
 (vh2) trace vhx 20 16 1 1 2407 
---------------------------------------------------
20 16 1 1  
tracing VHX  2407 
 (vh1) IS2 (1,1) 20 16 2407 
---------------------------------------------------
22 19 1 2  
tracing VHX  -1494 
 (vh1) IS2 (1,2) 22 19 -1494 
---------------------------------------------------
23 21 1 1  
tracing VHX  1494 
 (vh1) IS2 (1,1) 23 21 1494 
---------------------------------------------------
24 23 1 1  
tracing VHX  2822 
 (vh1) IS2 (1,1) 24 23 2822 
---------------------------------------------------
25 25 1 1  
tracing VHX  2407 
 (vh1) IS2 (1,1) 25 25 2407 
---------------------------------------------------
42 15 7 7  
tracing WBX 1800 
 (WB4) SR, trace vx 41 14 1800
---------------------------------------------------
41 14 7 6  
tracing VX  1800   
 (v2) IS2 (1,1) 1100
 trace vx 40 12 700
---------------------------------------------------
40 12 6 5  
tracing VX  700   
 (v2) IS2 (1,1) 500
 trace vx 39 10 200
---------------------------------------------------
39 10 5 4  
tracing VX  200   
 (v2) IS2 (1,1) 1900
 trace vx 38 8 -1700
---------------------------------------------------
38 8 4 3  
tracing VX  -1700   
 (v2) IS2 (1,1) 2100
 trace vx 37 6 -3800
---------------------------------------------------
37 6 3 2  
tracing VX  -3800   
 (v1) hairpin 6, -3800 
NAM  biotin
SRC  biotin - 0..60::61
SEQ  +SS
       1 G   G   C   A   C   C   G   A   C   C   A   U   A   G   G   C   U   C   G   G
         0   1   2   3   4   5   6   7   8   9   10  11  12  13  14  15  16  17  18  19  
         25  24  23  22  20  19  .   .   .   57  56  55  54  53  52  51  47  46  45  5   

      21 G   U   U   G   C   C   A   G   A   G   G   U   U   C   C   A   C   A   C   U
         20  21  22  23  24  25  26  27  28  29  30  31  32  33  34  35  36  37  38  39  
         4   .   3   2   1   0   .   41  40  39  38  37  .   .   .   .   .   31  30  29  

      41 U   U   C   A   U   C   G   A   A   A   A   G   C   C   U   A   U   G   C   U
         40  41  42  43  44  45  46  47  48  49  50  51  52  53  54  55  56  57  58  59  
         28  27  .   .   .   18  17  16  .   .   .   15  14  13  12  11  10  9   .   .   

      61 A
         60  
         .   

true pairs 12.0	 found pairs 21.0	 agree 7.0 (sen=58.33 spe=33.33 -- C_ap = 44.10)
----------------------------------------------------------------------
   Log odds score:       17055 
energy (kcal/mol):      -17.05 
number of pairs found:      21.00 
number of pairs annotated:  12.00 
----------------------------------------------------------------------
Allow pseudoknots? YES
----------------------------------------------------------------------
Parameters (energy units, kcal/mol)
 wkn  parameter:          0.83 (pseudoknots weight)
 P1   parameter:         -0.00 
 P2   parameter:         -0.00 
 P3   parameter:          3.00 
 P4   parameter:         -0.00 
 P5   parameter:          4.60 
 P5P  parameter:          8.43 
 P6   parameter:          0.40 
 P6P  parameter:          0.24 
 P10  parameter:          0.10 
 P10P parameter:          0.10 
 P11  parameter:          7.00 
 P12  parameter:          6.00 
 P13  parameter:         16.00 
 full pseudoknot model.
----------------------------------------------------------------------
