PKNOTS: optimal minimum-energy RNA folding with pseudoknots and coaxial energies
        PKNOTS 1.04 (Fri Jul  9 14:23:04 CDT 2004) using squid 1.5m (Sept 1997)
---------------------------------------------------
Folding sequences from:  /home/elena/pknots/pknots-1.04/Demos/DI1140.sqd 
---------------------------------------------------



	             SS  >>>>>>>..>>>>.........<<<<.>>>>>.......<<<<<.....>
	         DI1140  GGACCUUUAGCUCAGUUGGUUAGAGCAUCCGGCUCAUAACCGGACGGUCA

	             SS  >>>>.......<<<<<<<<<<<<....
	         DI1140  UUGGUUCAAGUCCAAUAAGGUCCACCA

---------------------------------------------------
76 76 38 37  
tracing WX 24900 
 (W6) SR, trace wx 75 75 24900
---------------------------------------------------
75 75 37 37  
tracing WX 24900 
 (W6) SR, trace wx 74 74 24900
---------------------------------------------------
74 74 37 36  
tracing WX 24900 
 (W6) SR, trace wx 73 73 24900
---------------------------------------------------
73 73 36 36  
tracing WX 24900 
 (W4) SR, trace vx 72 72 23200
---------------------------------------------------
72 72 36 35  
tracing VX  23200   
 (v2) IS2 (1,1) 2900
 trace vx 71 70 20300
---------------------------------------------------
71 70 35 34  
tracing VX  20300   
 (v2) IS2 (1,1) 2300
 trace vx 70 68 18000
---------------------------------------------------
70 68 34 33  
tracing VX  18000   
 (v2) IS2 (1,1) 2100
 trace vx 69 66 15900
---------------------------------------------------
69 66 33 32  
tracing VX  15900   
 (v2) IS2 (1,1) 2900
 trace vx 68 64 13000
---------------------------------------------------
68 64 32 31  
tracing VX  13000   
 (v2) IS2 (1,1) 1700
 trace vx 67 62 11300
---------------------------------------------------
67 62 31 30  
tracing VX  11300   
 (v2) IS2 (1,1) 900
 trace vx 66 60 10400
---------------------------------------------------
66 60 30 29  
tracing VX  10400   
 (v5_1) multiloop wbx 48 41 10900
 (v5_1) multiloop vx  65 16 2200
---------------------------------------------------
65 16 8 7  
tracing VX  2200   
 (v2) IS2 (1,1) 900
 trace vx 64 14 1300
---------------------------------------------------
64 14 7 6  
tracing VX  1300   
 (v2) IS2 (1,1) 900
 trace vx 63 12 400
---------------------------------------------------
63 12 6 5  
tracing VX  400   
 (v2) IS2 (1,1) 1800
 trace vx 62 10 -1400
---------------------------------------------------
62 10 5 4  
tracing VX  -1400   
 (v2) IS2 (1,1) 2900
 trace vx 61 8 -4300
---------------------------------------------------
61 8 4 3  
tracing VX  -4300   
 (v1) hairpin 8, -4300 
---------------------------------------------------
48 41 20 20  
tracing WBX 10900 
 (WB7) trace wbx  36 29 9400
 (WB7) trace wbx  1500
---------------------------------------------------
48 11 5 5  
tracing WBX 1500 
 (WB2) SR SL, trace vx 47 9 2000
---------------------------------------------------
47 9 4 4  
tracing VX  2000   
 (v2) IS2 (1,1) 2100
 trace vx 46 7 -100
---------------------------------------------------
46 7 3 3  
tracing VX  -100   
 (v2) IS2 (1,1) 2900
 trace vx 45 5 -3000
---------------------------------------------------
45 5 2 2  
tracing VX  -3000   
 (v1) hairpin 5, -3000 
---------------------------------------------------
36 29 14 14  
tracing WBX 9400 
 (WB6) SR, trace wbx 35 28 9800
---------------------------------------------------
35 28 14 13  
tracing WBX 9800 
 (WB8.3) trace vx 21 14 1900
 (WB8.3) dangle j, trace vx 34 12 5100
---------------------------------------------------
34 12 6 5  
tracing VX  5100   
 (v2) IS2 (1,1) 2300
 trace vx 33 10 2800
---------------------------------------------------
33 10 5 4  
tracing VX  2800   
 (v2) IS2 (1,1) 1700
 trace vx 32 8 1100
---------------------------------------------------
32 8 4 3  
tracing VX  1100   
 (v2) IS2 (1,1) 3400
 trace vx 31 6 -2300
---------------------------------------------------
31 6 3 2  
tracing VX  -2300   
 (v1) hairpin 6, -2300 
---------------------------------------------------
21 14 7 6  
tracing VX  1900   
 (v2) IS2 (1,1) 1100
 trace vx 20 12 800
---------------------------------------------------
20 12 6 5  
tracing VX  800   
 (v2) IS2 (1,1) 500
 trace vx 19 10 300
---------------------------------------------------
19 10 5 4  
tracing VX  300   
 (v2) IS2 (1,1) 2100
 trace vx 18 8 -1800
---------------------------------------------------
18 8 4 3  
tracing VX  -1800   
 (v2) IS2 (1,1) 1900
 trace vx 17 6 -3700
---------------------------------------------------
17 6 3 2  
tracing VX  -3700   
 (v1) hairpin 6, -3700 
NAM  DI1140
SRC  DI1140 - 0..74::75
SEQ  +SS
       1 G   G   A   C   C   U   U   U   A   G   C   U   C   A   G   U   U   G   G   U
         0   1   2   3   4   5   6   7   8   9   10  11  12  13  14  15  16  17  18  19  
         72  71  70  69  68  67  66  21  20  19  18  17  .   .   .   .   .   11  10  9   

      21 U   A   G   A   G   C   A   U   C   C   G   G   C   U   C   A   U   A   A   C
         20  21  22  23  24  25  26  27  28  29  30  31  32  33  34  35  36  37  38  39  
         8   7   34  33  32  31  .   .   .   .   .   25  24  23  22  .   .   .   47  46  

      41 C   G   G   A   C   G   G   U   C   A   U   U   G   G   U   U   C   A   A   G
         40  41  42  43  44  45  46  47  48  49  50  51  52  53  54  55  56  57  58  59  
         45  .   .   .   .   40  39  38  .   65  64  63  62  61  .   .   .   .   .   .   

      61 U   C   C   A   A   U   A   A   G   G   U   C   C   A   C   C   A
         60  61  62  63  64  65  66  67  68  69  70  71  72  73  74  75  76  
         .   53  52  51  50  49  6   5   4   3   2   1   0   .   .   .   .   

true pairs 21.0	 found pairs 24.0	 agree 12.0 (sen=57.14 spe=50.00 -- C_ap = 53.45)
----------------------------------------------------------------------
   Log odds score:       24900 
energy (kcal/mol):      -24.90 
number of pairs found:      24.00 
number of pairs annotated:  21.00 
----------------------------------------------------------------------
Allow pseudoknots? YES
----------------------------------------------------------------------
Parameters (energy units, kcal/mol)
 wkn  parameter:          0.83 (pseudoknots weight)
 P1   parameter:         -0.00 
 P2   parameter:         -0.00 
 P3   parameter:          3.00 
 P4   parameter:         -0.00 
 P5   parameter:          4.60 
 P5P  parameter:          8.43 
 P6   parameter:          0.40 
 P6P  parameter:          0.24 
 P10  parameter:          0.10 
 P10P parameter:          0.10 
 P11  parameter:          7.00 
 P12  parameter:          6.00 
 P13  parameter:         16.00 
 full pseudoknot model.
----------------------------------------------------------------------
