PKNOTS: optimal minimum-energy RNA folding with pseudoknots and coaxial energies
        PKNOTS 1.04 (Fri Jul  9 14:23:04 CDT 2004) using squid 1.5m (Sept 1997)
---------------------------------------------------
Folding sequences from:  /home/elena/pknots/pknots-1.04/Demos/DP1780.sqd 
---------------------------------------------------



	             SS  >>>>>>>..>>>>.........<<<<.>>>>>.......<<<<<.....>
	         DP1780  CGGUGAUUAGCGCAGCCCGGUAGCGCAUCUGGUUUGGGACCAGAGGGUCA

	             SS  >>>>.......<<<<<<<<<<<<....
	         DP1780  AAGGUUCGAAUCCUUUAUCACCGACCA

---------------------------------------------------
76 76 38 37  
tracing WX 24800 
 (W6) SR, trace wx 75 75 24800
---------------------------------------------------
75 75 37 37  
tracing WX 24800 
 (W6) SR, trace wx 74 74 24800
---------------------------------------------------
74 74 37 36  
tracing WX 24800 
 (W6) SR, trace wx 73 73 24800
---------------------------------------------------
73 73 36 36  
tracing WX 24800 
 (W4) SR, trace vx 72 72 23700
---------------------------------------------------
72 72 36 35  
tracing VX  23700   
 (v2) IS2 (1,1) 2000
 trace vx 71 70 21700
---------------------------------------------------
71 70 35 34  
tracing VX  21700   
 (v2) IS2 (1,1) 2900
 trace vx 70 68 18800
---------------------------------------------------
70 68 34 33  
tracing VX  18800   
 (v2) IS2 (1,1) 2100
 trace vx 69 66 16700
---------------------------------------------------
69 66 33 32  
tracing VX  16700   
 (v2) IS2 (1,1) 1800
 trace vx 68 64 14900
---------------------------------------------------
68 64 32 31  
tracing VX  14900   
 (v2) IS2 (1,1) 2300
 trace vx 67 62 12600
---------------------------------------------------
67 62 31 30  
tracing VX  12600   
 (v2) IS2 (1,1) 900
 trace vx 66 60 11700
---------------------------------------------------
66 60 30 29  
tracing VX  11700   
 (v5_1) multiloop wbx 48 41 12300
 (v5_1) multiloop vx  65 16 2100
---------------------------------------------------
65 16 8 7  
tracing VX  2100   
 (v2) IS2 (1,1) 900
 trace vx 64 14 1200
---------------------------------------------------
64 14 7 6  
tracing VX  1200   
 (v2) IS2 (1,1) 900
 trace vx 63 12 300
---------------------------------------------------
63 12 6 5  
tracing VX  300   
 (v2) IS2 (1,1) 1700
 trace vx 62 10 -1400
---------------------------------------------------
62 10 5 4  
tracing VX  -1400   
 (v2) IS2 (1,1) 2900
 trace vx 61 8 -4300
---------------------------------------------------
61 8 4 3  
tracing VX  -4300   
 (v1) hairpin 8, -4300 
---------------------------------------------------
48 41 20 20  
tracing WBX 12300 
 (WB5) SL, trace wbx  48 40 12700
---------------------------------------------------
48 40 20 19  
tracing WBX 12700 
 (WB7) trace wbx  27 19 5600
 (WB7) trace wbx  7100
---------------------------------------------------
48 20 10 9  
tracing WBX 7100 
 (WB8.1) trace vx 36 8 -1100
 (WB8.1) trace vx 48 11 4500
---------------------------------------------------
48 11 5 5  
tracing VX  4500   
 (v2) IS2 (1,1) 2300
 trace vx 47 9 2200
---------------------------------------------------
47 9 4 4  
tracing VX  2200   
 (v2) IS2 (1,1) 2100
 trace vx 46 7 100
---------------------------------------------------
46 7 3 3  
tracing VX  100   
 (v2) IS2 (1,1) 2900
 trace vx 45 5 -2800
---------------------------------------------------
45 5 2 2  
tracing VX  -2800   
 (v1) hairpin 5, -2800 
---------------------------------------------------
36 8 4 3  
tracing VX  -1100   
 (v2) IS2 (1,1) 1900
 trace vx 35 6 -3000
---------------------------------------------------
35 6 3 2  
tracing VX  -3000   
 (v1) hairpin 6, -3000 
---------------------------------------------------
27 19 9 9  
tracing WBX 5600 
 (WB6) SR, trace wbx 26 18 6000
---------------------------------------------------
26 18 9 8  
tracing WBX 6000 
 (WB2) SR SL, trace vx 25 16 5000
---------------------------------------------------
25 16 8 7  
tracing VX  5000   
 (v2) IS2 (1,1) 3400
 trace vx 24 14 1600
---------------------------------------------------
24 14 7 6  
tracing VX  1600   
 (v2) IS2 (1,1) 2000
 trace vx 23 12 -400
---------------------------------------------------
23 12 6 5  
tracing VX  -400   
 (v2) IS2 (1,1) 3400
 trace vx 22 10 -3800
---------------------------------------------------
22 10 5 4  
tracing VX  -3800   
 (v1) hairpin 10, -3800 
NAM  DP1780
SRC  DP1780 - 0..74::75
SEQ  +SS
       1 C   G   G   U   G   A   U   U   A   G   C   G   C   A   G   C   C   C   G   G
         0   1   2   3   4   5   6   7   8   9   10  11  12  13  14  15  16  17  18  19  
         72  71  70  69  68  67  66  .   .   25  24  23  22  .   .   .   .   .   .   .   

      21 U   A   G   C   G   C   A   U   C   U   G   G   U   U   U   G   G   G   A   C
         20  21  22  23  24  25  26  27  28  29  30  31  32  33  34  35  36  37  38  39  
         .   .   12  11  10  9   .   .   36  35  .   .   .   .   .   29  28  48  47  46  

      41 C   A   G   A   G   G   G   U   C   A   A   A   G   G   U   U   C   G   A   A
         40  41  42  43  44  45  46  47  48  49  50  51  52  53  54  55  56  57  58  59  
         45  .   .   .   .   40  39  38  37  65  64  63  62  61  .   .   .   .   .   .   

      61 U   C   C   U   U   U   A   U   C   A   C   C   G   A   C   C   A
         60  61  62  63  64  65  66  67  68  69  70  71  72  73  74  75  76  
         .   53  52  51  50  49  6   5   4   3   2   1   0   .   .   .   .   

true pairs 21.0	 found pairs 22.0	 agree 16.0 (sen=76.19 spe=72.73 -- C_ap = 74.44)
----------------------------------------------------------------------
   Log odds score:       24800 
energy (kcal/mol):      -24.80 
number of pairs found:      22.00 
number of pairs annotated:  21.00 
----------------------------------------------------------------------
Allow pseudoknots? YES
----------------------------------------------------------------------
Parameters (energy units, kcal/mol)
 wkn  parameter:          0.83 (pseudoknots weight)
 P1   parameter:         -0.00 
 P2   parameter:         -0.00 
 P3   parameter:          3.00 
 P4   parameter:         -0.00 
 P5   parameter:          4.60 
 P5P  parameter:          8.43 
 P6   parameter:          0.40 
 P6P  parameter:          0.24 
 P10  parameter:          0.10 
 P10P parameter:          0.10 
 P11  parameter:          7.00 
 P12  parameter:          6.00 
 P13  parameter:         16.00 
 full pseudoknot model.
----------------------------------------------------------------------
