PKNOTS: optimal minimum-energy RNA folding with pseudoknots and coaxial energies
        PKNOTS 1.04 (Fri Jul  9 14:23:04 CDT 2004) using squid 1.5m (Sept 1997)
---------------------------------------------------
Folding sequences from:  /home/elena/pknots/pknots-1.04/Demos/DX1660.sqd 
---------------------------------------------------



	             SS  #=SS.>>>>>>..>>>>.........<<<<.>>>>>.......<<<<<..
	         DX1660  GGCGCGGGGUGGAGCAGCCUGGUAGCUCGUCGGGCUCAUAACCCGAAGAU

	             SS  #=SS...>>>>>.......<<<<<<<<<<<.
	         DX1660  AUCGUCGGUUCAAAUCCGGCCCCCGCAACCA

---------------------------------------------------
80 80 40 39  
tracing WX 27700 
 (W5) SL, trace wx  80 79 27700
---------------------------------------------------
80 79 39 39  
tracing WX 27700 
 (W5) SL, trace wx  80 78 27700
---------------------------------------------------
80 78 39 38  
tracing WX 27700 
 (W6) SR, trace wx 79 77 27700
---------------------------------------------------
79 77 38 38  
tracing WX 27700 
 (W6) SR, trace wx 78 76 27700
---------------------------------------------------
78 76 38 37  
tracing WX 27700 
 (W6) SR, trace wx 77 75 27700
---------------------------------------------------
77 75 37 37  
tracing WX 27700 
 (W6) SR, trace wx 76 74 27700
---------------------------------------------------
76 74 37 36  
tracing WX 27700 
 (W2) SR SL, trace vx 75 72 25700
---------------------------------------------------
75 72 36 35  
tracing VX  25700   
 (v2) IS2 (1,1) 3400
 trace vx 74 70 22300
---------------------------------------------------
74 70 35 34  
tracing VX  22300   
 (v2) IS2 (1,1) 2000
 trace vx 73 68 20300
---------------------------------------------------
73 68 34 33  
tracing VX  20300   
 (v2) IS2 (1,1) 2900
 trace vx 72 66 17400
---------------------------------------------------
72 66 33 32  
tracing VX  17400   
 (v2) IS2 (1,1) 2900
 trace vx 71 64 14500
---------------------------------------------------
71 64 32 31  
tracing VX  14500   
 (v2) IS2 (1,1) 2900
 trace vx 70 62 11600
---------------------------------------------------
70 62 31 30  
tracing VX  11600   
 (v5_1) multiloop wbx 52 43 8400
 (v5_1) multiloop vx  69 16 4100
---------------------------------------------------
69 16 8 7  
tracing VX  4100   
 (v2) IS2 (1,1) 2100
 trace vx 68 14 2000
---------------------------------------------------
68 14 7 6  
tracing VX  2000   
 (v2) IS2 (1,1) 1400
 trace vx 67 12 600
---------------------------------------------------
67 12 6 5  
tracing VX  600   
 (v2) IS2 (1,1) 2000
 trace vx 66 10 -1400
---------------------------------------------------
66 10 5 4  
tracing VX  -1400   
 (v2) IS2 (1,1) 2900
 trace vx 65 8 -4300
---------------------------------------------------
65 8 4 3  
tracing VX  -4300   
 (v1) hairpin 8, -4300 
---------------------------------------------------
52 43 21 21  
tracing WBX 8400 
 (WB6) SR, trace wbx 51 42 8800
---------------------------------------------------
51 42 21 20  
tracing WBX 8800 
 (WB4) SR, trace vx 50 41 8700
---------------------------------------------------
50 41 20 20  
tracing VX  8700   
 (v2) IS2 (1,1) 800
 trace vx 49 39 7900
---------------------------------------------------
49 39 19 19  
tracing VX  7900   
 (v4_4) multiloop, trace vx  27 16 3600
 (v4_4) multiloop, trace wbx 47 18 6100
---------------------------------------------------
47 18 9 8  
tracing WBX 6100 
 (WB6) SR, trace wbx 46 17 6500
---------------------------------------------------
46 17 8 8  
tracing WBX 6500 
 (WB4) SR, trace vx 45 16 6200
---------------------------------------------------
45 16 8 7  
tracing VX  6200   
 (v2) IS2 (1,1) 2300
 trace vx 44 14 3900
---------------------------------------------------
44 14 7 6  
tracing VX  3900   
 (v2) IS2 (1,1) 2000
 trace vx 43 12 1900
---------------------------------------------------
43 12 6 5  
tracing VX  1900   
 (v2) IS2 (1,1) 2900
 trace vx 42 10 -1000
---------------------------------------------------
42 10 5 4  
tracing VX  -1000   
 (v2) IS2 (1,1) 2900
 trace vx 41 8 -3900
---------------------------------------------------
41 8 4 3  
tracing VX  -3900   
 (v1) hairpin 8, -3900 
---------------------------------------------------
27 16 8 7  
tracing VX  3600   
 (v2) IS2 (1,1) 2300
 trace vx 26 14 1300
---------------------------------------------------
26 14 7 6  
tracing VX  1300   
 (v2) IS2 (1,1) 1700
 trace vx 25 12 -400
---------------------------------------------------
25 12 6 5  
tracing VX  -400   
 (v2) IS2 (1,1) 3400
 trace vx 24 10 -3800
---------------------------------------------------
24 10 5 4  
tracing VX  -3800   
 (v1) hairpin 10, -3800 
NAM  DX1660
SRC  DX1660- 0..74::75 0..0::0
SEQ  +SS
       1 G   G   C   G   C   G   G   G   G   U   G   G   A   G   C   A   G   C   C   U
         0   1   2   3   4   5   6   7   8   9   10  11  12  13  14  15  16  17  18  19  
         .   .   .   75  74  73  72  71  70  50  49  27  26  25  24  .   .   .   .   .   

      21 G   G   U   A   G   C   U   C   G   U   C   G   G   G   C   U   C   A   U   A
         20  21  22  23  24  25  26  27  28  29  30  31  32  33  34  35  36  37  38  39  
         .   .   .   .   14  13  12  11  .   45  44  43  42  41  .   .   .   .   .   .   

      41 A   C   C   C   G   A   A   G   A   U   A   U   C   G   U   C   G   G   U   U
         40  41  42  43  44  45  46  47  48  49  50  51  52  53  54  55  56  57  58  59  
         .   33  32  31  30  29  .   .   .   10  9   .   .   69  68  67  66  65  .   .   

      61 C   A   A   A   U   C   C   G   G   C   C   C   C   C   G   C   A   A   C   C
         60  61  62  63  64  65  66  67  68  69  70  71  72  73  74  75  76  77  78  79  
         .   .   .   .   .   57  56  55  54  53  8   7   6   5   4   3   .   .   .   .   

      81 A
         80  
         .   

true pairs 20.0	 found pairs 22.0	 agree 0.0 (sen=0.00 spe=0.00 -- C_ap = 0.00)
----------------------------------------------------------------------
   Log odds score:       27700 
energy (kcal/mol):      -27.70 
number of pairs found:      22.00 
number of pairs annotated:  24.00 
----------------------------------------------------------------------
Allow pseudoknots? YES
----------------------------------------------------------------------
Parameters (energy units, kcal/mol)
 wkn  parameter:          0.83 (pseudoknots weight)
 P1   parameter:         -0.00 
 P2   parameter:         -0.00 
 P3   parameter:          3.00 
 P4   parameter:         -0.00 
 P5   parameter:          4.60 
 P5P  parameter:          8.43 
 P6   parameter:          0.40 
 P6P  parameter:          0.24 
 P10  parameter:          0.10 
 P10P parameter:          0.10 
 P11  parameter:          7.00 
 P12  parameter:          6.00 
 P13  parameter:         16.00 
 full pseudoknot model.
----------------------------------------------------------------------
