PKNOTS: optimal minimum-energy RNA folding with pseudoknots and coaxial energies
        PKNOTS 1.04 (Fri Jul  9 14:23:04 CDT 2004) using squid 1.5m (Sept 1997)
---------------------------------------------------
Folding sequences from:  /home/elena/pknots/pknots-1.04/Demos/DZ7560.sqd 
---------------------------------------------------



	             SS  >>>>>>>....>>>>........<<<<.>>>>>.......<<<<<.>>>>
	         DZ7560  GCCCGGAUGAACCAUGGCGGUCUGUGGUGCAGACUUCAAAUCUGUAGGCG

	             SS  .....<<<<..>>>>>.......<<<<.<<<<<<<<.
	         DZ7560  GUUAGCGCCGCAGUGGUUCGACUCCACCUUUCGGGUG

---------------------------------------------------
86 86 43 42  
tracing WX 31300 
 (W4) SR, trace vx 85 85 30100
---------------------------------------------------
85 85 42 42  
tracing VX  30100   
 (v2) IS2 (1,1) 2100
 trace vx 84 83 28000
---------------------------------------------------
84 83 41 41  
tracing VX  28000   
 (v2) IS2 (1,1) 2900
 trace vx 83 81 25100
---------------------------------------------------
83 81 40 40  
tracing VX  25100   
 (v2) IS2 (1,1) 2900
 trace vx 82 79 22200
---------------------------------------------------
82 79 39 39  
tracing VX  22200   
 (v2) IS2 (1,1) 2000
 trace vx 81 77 20200
---------------------------------------------------
81 77 38 38  
tracing VX  20200   
 (v2) IS2 (1,1) 1400
 trace vx 80 75 18800
---------------------------------------------------
80 75 37 37  
tracing VX  18800   
 (v2) IS2 (1,1) 1100
 trace vx 79 73 17700
---------------------------------------------------
79 73 36 36  
tracing VX  17700   
 (v2) IS2 (1,10) -5400
 trace vx 69 62 23100
---------------------------------------------------
69 62 31 30  
tracing VX  23100   
 (v2) IS2 (1,1) 1200
 trace vx 68 60 21900
---------------------------------------------------
68 60 30 29  
tracing VX  21900   
 (v2) IS2 (1,1) 2300
 trace vx 67 58 19600
---------------------------------------------------
67 58 29 28  
tracing VX  19600   
 (v2) IS2 (1,1) 900
 trace vx 66 56 18700
---------------------------------------------------
66 56 28 27  
tracing VX  18700   
 (v2) IS2 (1,1) 2100
 trace vx 65 54 16600
---------------------------------------------------
65 54 27 26  
tracing VX  16600   
 (v2) IS2 (1,1) 2900
 trace vx 64 52 13700
---------------------------------------------------
64 52 26 25  
tracing VX  13700   
 (v2) IS2 (1,1) 1800
 trace vx 63 50 11900
---------------------------------------------------
63 50 25 24  
tracing VX  11900   
 (v5_1) multiloop wbx 40 26 5400
 (v5_1) multiloop vx  62 21 8200
---------------------------------------------------
62 21 10 10  
tracing VX  8200   
 (v2) IS2 (1,1) 1700
 trace vx 61 19 6500
---------------------------------------------------
61 19 9 9  
tracing VX  6500   
 (v2) IS2 (1,1) 1800
 trace vx 60 17 4700
---------------------------------------------------
60 17 8 8  
tracing VX  4700   
 (v2) IS2 (1,1) 2100
 trace vx 59 15 2600
---------------------------------------------------
59 15 7 7  
tracing VX  2600   
 (v2) IS2 (2,1) -2700
 trace vx 58 12 5300
---------------------------------------------------
58 12 6 5  
tracing VX  5300   
 (v2) IS2 (1,1) 2900
 trace vx 57 10 2400
---------------------------------------------------
57 10 5 4  
tracing VX  2400   
 (v2) IS2 (1,1) 3400
 trace vx 56 8 -1000
---------------------------------------------------
56 8 4 3  
tracing VX  -1000   
 (v2) IS2 (1,1) 2000
 trace vx 55 6 -3000
---------------------------------------------------
55 6 3 2  
tracing VX  -3000   
 (v1) hairpin 6, -3000 
---------------------------------------------------
40 26 13 12  
tracing WBX 5400 
 (WB6) SR, trace wbx 39 25 5800
---------------------------------------------------
39 25 12 12  
tracing WBX 5800 
 (WB6) SR, trace wbx 38 24 6200
---------------------------------------------------
38 24 12 11  
tracing WBX 6200 
 (WB4) SR, trace vx 37 23 5900
---------------------------------------------------
37 23 11 11  
tracing VX  5900   
 (v2) IS2 (1,1) 1800
 trace vx 36 21 4100
---------------------------------------------------
36 21 10 10  
tracing VX  4100   
 (v2) IS2 (1,1) 1400
 trace vx 35 19 2700
---------------------------------------------------
35 19 9 9  
tracing VX  2700   
 (v2) IS2 (2,1) -3500
 trace vx 34 16 6200
---------------------------------------------------
34 16 8 7  
tracing VX  6200   
 (v2) IS2 (1,1) 1900
 trace vx 33 14 4300
---------------------------------------------------
33 14 7 6  
tracing VX  4300   
 (v2) IS2 (1,1) 2100
 trace vx 32 12 2200
---------------------------------------------------
32 12 6 5  
tracing VX  2200   
 (v2) IS2 (1,1) 2300
 trace vx 31 10 -100
---------------------------------------------------
31 10 5 4  
tracing VX  -100   
 (v2) IS2 (1,1) 1700
 trace vx 30 8 -1800
---------------------------------------------------
30 8 4 3  
tracing VX  -1800   
 (v2) IS2 (1,1) 1800
 trace vx 29 6 -3600
---------------------------------------------------
29 6 3 2  
tracing VX  -3600   
 (v1) hairpin 6, -3600 
NAM  DZ7560
SRC  DZ7560 0..74::75 0..0::0
SEQ  +SS
       1 G   C   C   C   G   G   A   U   G   A   A   C   C   A   U   G   G   C   G   G
         0   1   2   3   4   5   6   7   8   9   10  11  12  13  14  15  16  17  18  19  
         85  84  83  82  81  80  79  69  68  67  66  65  64  63  37  36  35  .   34  33  

      21 U   C   U   G   U   G   G   U   G   C   A   G   A   C   U   U   C   A   A   A
         20  21  22  23  24  25  26  27  28  29  30  31  32  33  34  35  36  37  38  39  
         32  31  30  29  .   .   .   .   .   23  22  21  20  19  18  16  15  14  .   .   

      41 U   C   U   G   U   A   G   G   C   G   G   U   U   A   G   C   G   C   C   G
         40  41  42  43  44  45  46  47  48  49  50  51  52  53  54  55  56  57  58  59  
         .   62  61  60  59  .   58  57  56  55  .   .   .   .   .   49  48  47  46  44  

      61 C   A   G   U   G   G   U   U   C   G   A   C   U   C   C   A   C   C   U   U
         60  61  62  63  64  65  66  67  68  69  70  71  72  73  74  75  76  77  78  79  
         43  42  41  13  12  11  10  9   8   7   .   .   .   .   .   .   .   .   .   6   

      81 U   C   G   G   G   U   G
         80  81  82  83  84  85  86  
         5   4   3   2   1   0   .   

true pairs 25.0	 found pairs 31.0	 agree 11.0 (sen=44.00 spe=35.48 -- C_ap = 39.51)
----------------------------------------------------------------------
   Log odds score:       31300 
energy (kcal/mol):      -31.30 
number of pairs found:      31.00 
number of pairs annotated:  25.00 
----------------------------------------------------------------------
Allow pseudoknots? YES
----------------------------------------------------------------------
Parameters (energy units, kcal/mol)
 wkn  parameter:          0.83 (pseudoknots weight)
 P1   parameter:         -0.00 
 P2   parameter:         -0.00 
 P3   parameter:          3.00 
 P4   parameter:         -0.00 
 P5   parameter:          4.60 
 P5P  parameter:          8.43 
 P6   parameter:          0.40 
 P6P  parameter:          0.24 
 P10  parameter:          0.10 
 P10P parameter:          0.10 
 P11  parameter:          7.00 
 P12  parameter:          6.00 
 P13  parameter:         16.00 
 full pseudoknot model.
----------------------------------------------------------------------
