PKNOTS: optimal minimum-energy RNA folding with pseudoknots and coaxial energies
        PKNOTS 1.04 (Fri Jul  9 14:23:04 CDT 2004) using squid 1.5m (Sept 1997)
---------------------------------------------------
Folding sequences from:  /home/elena/pknots/pknots-1.04/Demos/HDV.sqd 
---------------------------------------------------



	             SS  .>>>>>>...AAAAAA>>>........<<<<<<<<<.......>>>>>>>
	            HDV  GGCCGGCAUGGUCCCAGCCUCCUCGCUGGCGCCGGCUGGGCAACAUUCCG

	             SS  >>>>>>...<<<<<<<<<.<<<<.....aaaaaa...
	            HDV  AGGGGACCGUCCCCUCGGUAAUGGCGAAUGGGACCCA

---------------------------------------------------
86 86 43 42  
tracing WX 43871 
 (W6) SR, trace wx 85 85 43871
---------------------------------------------------
85 85 42 42  
tracing WX 43871 
 (W10.1) trace yhx 36 36 6 6 13612
 (W10.1) trace yhx 85 77 21 46 34954
---------------------------------------------------
85 77 21 46  
tracing YHX 34954 
 (YH2) SLE, SRE, trace vhx 84 75 20 45 34773 
---------------------------------------------------
84 75 20 45  
tracing VHX  34773 
 (vh2) trace vhx 84 75 1 1 2407 
 (vh2) trace vhx 83 73 19 44 32366 
---------------------------------------------------
83 73 19 44  
tracing VHX  32366 
 (vh2) trace vhx 83 73 1 1 1743 
 (vh2) trace vhx 82 71 18 43 30623 
---------------------------------------------------
82 71 18 43  
tracing VHX  30623 
 (vh2) trace vhx 82 71 1 1 1909 
 (vh2) trace vhx 81 69 17 42 28714 
---------------------------------------------------
81 69 17 42  
tracing VHX  28714 
 (vh2) trace vhx 81 69 1 1 2407 
 (vh2) trace vhx 80 67 16 41 26307 
---------------------------------------------------
80 67 16 41  
tracing VHX  26307 
 (vh2) trace vhx 80 67 1 1 2407 
 (vh2) trace vhx 79 65 15 40 23900 
---------------------------------------------------
79 65 15 40  
tracing VHX  23900 
 (vh2) trace vhx 79 65 1 1 1494 
 (vh2) trace vhx 78 63 14 39 22406 
---------------------------------------------------
78 63 14 39  
tracing VHX  22406 
 (vh2) trace vhx 78 63 13 38 19584 
 (vh2) trace vhx 40 12 1 1 2822 
---------------------------------------------------
40 12 1 1  
tracing VHX  2822 
 (vh1) IS2 (1,1) 40 12 2822 
---------------------------------------------------
78 63 13 38  
tracing VHX  19584 
 (vh3.13) multiloop, trace whx  77 60 9 35 25607 
---------------------------------------------------
77 60 9 35  
tracing whx 25607 
 (WH4.1) SLE, trace whx 77 59 8 35 25807 
---------------------------------------------------
77 59 8 35  
tracing whx 25807 
 (WH4.1) SLE, trace whx 77 58 7 35 26007 
---------------------------------------------------
77 58 7 35  
tracing whx 26007 
 (WH4.1) SLE, trace whx 77 57 6 35 26207 
---------------------------------------------------
77 57 6 35  
tracing whx 26207 
 (WH4.1) SLE, trace whx 77 56 5 35 26407 
---------------------------------------------------
77 56 5 35  
tracing whx 26407 
 (WH2.2) SLE, SRE, trace zhx 76 54 4 34 26143 
---------------------------------------------------
76 54 4 34  
tracing ZHX  26143 
 (ZH10.4) IL, dangle l, trace vx 72 29 16500 
 (ZH10.4) IL, dangle k, trace vhx 76 54 3 3 6391 
---------------------------------------------------
72 29 14 14  
tracing VX  16500   
 (v2) IS2 (1,1) 1800
 trace vx 71 27 14700
---------------------------------------------------
71 27 13 13  
tracing VX  14700   
 (v2) IS2 (1,1) 900
 trace vx 70 25 13800
---------------------------------------------------
70 25 12 12  
tracing VX  13800   
 (v2) IS2 (1,1) 900
 trace vx 69 23 12900
---------------------------------------------------
69 23 11 11  
tracing VX  12900   
 (v2) IS2 (1,2) -1600
 trace vx 67 20 14500
---------------------------------------------------
67 20 10 9  
tracing VX  14500   
 (v2) IS2 (1,1) 2900
 trace vx 66 18 11600
---------------------------------------------------
66 18 9 8  
tracing VX  11600   
 (v2) IS2 (1,1) 2000
 trace vx 65 16 9600
---------------------------------------------------
65 16 8 7  
tracing VX  9600   
 (v2) IS2 (1,1) 2300
 trace vx 64 14 7300
---------------------------------------------------
64 14 7 6  
tracing VX  7300   
 (v2) IS2 (1,1) 1700
 trace vx 63 12 5600
---------------------------------------------------
63 12 6 5  
tracing VX  5600   
 (v2) IS2 (1,1) 2900
 trace vx 62 10 2700
---------------------------------------------------
62 10 5 4  
tracing VX  2700   
 (v2) IS2 (1,1) 2900
 trace vx 61 8 -200
---------------------------------------------------
61 8 4 3  
tracing VX  -200   
 (v2) IS2 (1,1) 2900
 trace vx 60 6 -3100
---------------------------------------------------
60 6 3 2  
tracing VX  -3100   
 (v1) hairpin 6, -3100 
---------------------------------------------------
76 54 3 3  
tracing VHX  6391 
 (vh2) trace vhx 76 54 1 1 1909 
 (vh2) trace vhx 75 52 2 2 4482 
---------------------------------------------------
75 52 2 2  
tracing VHX  4482 
 (vh2) trace vhx 75 52 1 1 1660 
 (vh2) trace vhx 74 50 1 1 2822 
---------------------------------------------------
74 50 1 1  
tracing VHX  2822 
 (vh1) IS2 (1,1) 74 50 2822 
---------------------------------------------------
75 52 1 1  
tracing VHX  1660 
 (vh1) IS2 (1,1) 75 52 1660 
---------------------------------------------------
76 54 1 1  
tracing VHX  1909 
 (vh1) IS2 (1,1) 76 54 1909 
---------------------------------------------------
79 65 1 1  
tracing VHX  1494 
 (vh1) IS2 (1,1) 79 65 1494 
---------------------------------------------------
80 67 1 1  
tracing VHX  2407 
 (vh1) IS2 (1,1) 80 67 2407 
---------------------------------------------------
81 69 1 1  
tracing VHX  2407 
 (vh1) IS2 (1,1) 81 69 2407 
---------------------------------------------------
82 71 1 1  
tracing VHX  1909 
 (vh1) IS2 (1,1) 82 71 1909 
---------------------------------------------------
83 73 1 1  
tracing VHX  1743 
 (vh1) IS2 (1,1) 83 73 1743 
---------------------------------------------------
84 75 1 1  
tracing VHX  2407 
 (vh1) IS2 (1,1) 84 75 2407 
---------------------------------------------------
36 36 6 6  
tracing YHX 13612 
 (YH1) trace vhx 36 36 6 6 13695 
---------------------------------------------------
36 36 6 6  
tracing VHX  13695 
 (vh2) trace vhx 36 36 1 1 1577 
 (vh2) trace vhx 35 34 5 5 12118 
---------------------------------------------------
35 34 5 5  
tracing VHX  12118 
 (vh2) trace vhx 35 34 1 1 2822 
 (vh2) trace vhx 34 32 4 4 9296 
---------------------------------------------------
34 32 4 4  
tracing VHX  9296 
 (vh2) trace vhx 34 32 1 1 2407 
 (vh2) trace vhx 33 30 3 3 6889 
---------------------------------------------------
33 30 3 3  
tracing VHX  6889 
 (vh2) trace vhx 33 30 1 1 1660 
 (vh2) trace vhx 32 28 2 2 5229 
---------------------------------------------------
32 28 2 2  
tracing VHX  5229 
 (vh2) trace vhx 32 28 1 1 2407 
 (vh2) trace vhx 31 26 1 1 2822 
---------------------------------------------------
31 26 1 1  
tracing VHX  2822 
 (vh1) IS2 (1,1) 31 26 2822 
---------------------------------------------------
32 28 1 1  
tracing VHX  2407 
 (vh1) IS2 (1,1) 32 28 2407 
---------------------------------------------------
33 30 1 1  
tracing VHX  1660 
 (vh1) IS2 (1,1) 33 30 1660 
---------------------------------------------------
34 32 1 1  
tracing VHX  2407 
 (vh1) IS2 (1,1) 34 32 2407 
---------------------------------------------------
35 34 1 1  
tracing VHX  2822 
 (vh1) IS2 (1,1) 35 34 2822 
---------------------------------------------------
36 36 1 1  
tracing VHX  1577 
 (vh1) IS2 (1,1) 36 36 1577 
NAM  HDV
SRC  HDV - 0..86::87
SEQ  +SS
       1 G   G   C   C   G   G   C   A   U   G   G   U   C   C   C   A   G   C   C   U
         0   1   2   3   4   5   6   7   8   9   10  11  12  13  14  15  16  17  18  19  
         36  35  34  33  32  31  30  .   .   84  83  82  81  80  79  78  .   .   .   .   

      21 C   C   U   C   G   C   U   G   G   C   G   C   C   G   G   C   U   G   G   G
         20  21  22  23  24  25  26  27  28  29  30  31  32  33  34  35  36  37  38  39  
         .   .   76  75  74  73  .   .   40  39  6   5   4   3   2   1   0   .   .   29  

      41 C   A   A   C   A   U   U   C   C   G   A   G   G   G   G   A   C   C   G   U
         40  41  42  43  44  45  46  47  48  49  50  51  52  53  54  55  56  57  58  59  
         28  .   .   72  71  70  69  67  66  65  64  63  62  61  60  .   .   .   .   .   

      61 C   C   C   C   U   C   G   G   U   A   A   U   G   G   C   G   A   A   U   G
         60  61  62  63  64  65  66  67  68  69  70  71  72  73  74  75  76  77  78  79  
         54  53  52  51  50  49  48  47  .   46  45  44  43  25  24  23  22  .   15  14  

      81 G   G   A   C   C   C   A
         80  81  82  83  84  85  86  
         13  12  11  10  9   .   .   

true pairs 28.0	 found pairs 32.0	 agree 24.0 (sen=85.71 spe=75.00 -- C_ap = 80.18)
----------------------------------------------------------------------
   Log odds score:       43871 
energy (kcal/mol):      -43.87 
number of pairs found:      32.00 
number of pairs annotated:  28.00 
----------------------------------------------------------------------
Allow pseudoknots? YES
----------------------------------------------------------------------
Parameters (energy units, kcal/mol)
 wkn  parameter:          0.83 (pseudoknots weight)
 P1   parameter:         -0.00 
 P2   parameter:         -0.00 
 P3   parameter:          3.00 
 P4   parameter:         -0.00 
 P5   parameter:          4.60 
 P5P  parameter:          8.43 
 P6   parameter:          0.40 
 P6P  parameter:          0.24 
 P10  parameter:          0.10 
 P10P parameter:          0.10 
 P11  parameter:          7.00 
 P12  parameter:          6.00 
 P13  parameter:         16.00 
 full pseudoknot model.
----------------------------------------------------------------------
