PKNOTS: optimal minimum-energy RNA folding with pseudoknots and coaxial energies
        PKNOTS 1.04 (Fri Jul  9 14:23:04 CDT 2004) using squid 1.5m (Sept 1997)
---------------------------------------------------
Folding sequences from:  /home/elena/pknots/pknots-1.04/Demos/HIVRT_I_3_2.sqd 
---------------------------------------------------



	             SS  .......>>>>>.AAAAAA.<<<<<...aaaaaa.
	    HIVRT_I.3-2  UCAAGUAUUCCGAAGCUCAACGGGAAAAUGAGCUA

---------------------------------------------------
34 34 17 16  
tracing WX 10856 
 (W5) SL, trace wx  34 33 10856
---------------------------------------------------
34 33 16 16  
tracing WX 10856 
 (W5) SL, trace wx  34 32 10856
---------------------------------------------------
34 32 16 15  
tracing WX 10856 
 (W5) SL, trace wx  34 31 10856
---------------------------------------------------
34 31 15 15  
tracing WX 10856 
 (W5) SL, trace wx  34 30 10856
---------------------------------------------------
34 30 15 14  
tracing WX 10856 
 (W5) SL, trace wx  34 29 10856
---------------------------------------------------
34 29 14 14  
tracing WX 10856 
 (W5) SL, trace wx  34 28 10856
---------------------------------------------------
34 28 14 13  
tracing WX 10856 
 (W10.2) trace yhx 25 19 5 5 6572
 (W10.2) trace yhx 34 21 5 6 9345
---------------------------------------------------
34 21 5 6  
tracing YHX 9345 
 (YH4) SRE, trace vhx 33 20 5 5 9047 
---------------------------------------------------
33 20 5 5  
tracing VHX  9047 
 (vh2) trace vhx 33 20 1 1 1411 
 (vh2) trace vhx 32 18 4 4 7636 
---------------------------------------------------
32 18 4 4  
tracing VHX  7636 
 (vh2) trace vhx 32 18 1 1 2822 
 (vh2) trace vhx 31 16 3 3 4814 
---------------------------------------------------
31 16 3 3  
tracing VHX  4814 
 (vh2) trace vhx 31 16 1 1 1411 
 (vh2) trace vhx 30 14 2 2 3403 
---------------------------------------------------
30 14 2 2  
tracing VHX  3403 
 (vh2) trace vhx 30 14 1 1 1909 
 (vh2) trace vhx 29 12 1 1 1494 
---------------------------------------------------
29 12 1 1  
tracing VHX  1494 
 (vh1) IS2 (1,1) 29 12 1494 
---------------------------------------------------
30 14 1 1  
tracing VHX  1909 
 (vh1) IS2 (1,1) 30 14 1909 
---------------------------------------------------
31 16 1 1  
tracing VHX  1411 
 (vh1) IS2 (1,1) 31 16 1411 
---------------------------------------------------
32 18 1 1  
tracing VHX  2822 
 (vh1) IS2 (1,1) 32 18 2822 
---------------------------------------------------
33 20 1 1  
tracing VHX  1411 
 (vh1) IS2 (1,1) 33 20 1411 
---------------------------------------------------
25 19 5 5  
tracing YHX 6572 
 (YH2) SLE, SRE, trace vhx 24 17 4 4 6142 
---------------------------------------------------
24 17 4 4  
tracing VHX  6142 
 (vh2) trace vhx 24 17 1 1 913 
 (vh2) trace vhx 23 15 3 3 5229 
---------------------------------------------------
23 15 3 3  
tracing VHX  5229 
 (vh2) trace vhx 23 15 1 1 1162 
 (vh2) trace vhx 22 13 2 2 4067 
---------------------------------------------------
22 13 2 2  
tracing VHX  4067 
 (vh2) trace vhx 22 13 1 1 2407 
 (vh2) trace vhx 21 11 1 1 1660 
---------------------------------------------------
21 11 1 1  
tracing VHX  1660 
 (vh1) IS2 (1,1) 21 11 1660 
---------------------------------------------------
22 13 1 1  
tracing VHX  2407 
 (vh1) IS2 (1,1) 22 13 2407 
---------------------------------------------------
23 15 1 1  
tracing VHX  1162 
 (vh1) IS2 (1,1) 23 15 1162 
---------------------------------------------------
24 17 1 1  
tracing VHX  913 
 (vh1) IS2 (1,1) 24 17 913 
NAM  HIVRT_I.3-2
SRC  HIVRT_I.3-2 - 0..34::35
SEQ  +SS
       1 U   C   A   A   G   U   A   U   U   C   C   G   A   A   G   C   U   C   A   A
         0   1   2   3   4   5   6   7   8   9   10  11  12  13  14  15  16  17  18  19  
         .   .   .   .   .   .   .   24  23  22  21  20  .   33  32  31  30  29  28  .   

      21 C   G   G   G   A   A   A   A   U   G   A   G   C   U   A
         20  21  22  23  24  25  26  27  28  29  30  31  32  33  34  
         11  10  9   8   7   .   .   .   18  17  16  15  14  13  .   

true pairs 11.0	 found pairs 11.0	 agree 11.0 (sen=100.00 spe=100.00 -- C_ap = 100.00)
----------------------------------------------------------------------
   Log odds score:       10856 
energy (kcal/mol):      -10.86 
number of pairs found:      11.00 
number of pairs annotated:  11.00 
----------------------------------------------------------------------
Allow pseudoknots? YES
----------------------------------------------------------------------
Parameters (energy units, kcal/mol)
 wkn  parameter:          0.83 (pseudoknots weight)
 P1   parameter:         -0.00 
 P2   parameter:         -0.00 
 P3   parameter:          3.00 
 P4   parameter:         -0.00 
 P5   parameter:          4.60 
 P5P  parameter:          8.43 
 P6   parameter:          0.40 
 P6P  parameter:          0.24 
 P10  parameter:          0.10 
 P10P parameter:          0.10 
 P11  parameter:          7.00 
 P12  parameter:          6.00 
 P13  parameter:         16.00 
 full pseudoknot model.
----------------------------------------------------------------------


	             SS  .......>>>>>........<<<<<..........
	   HIVRT_I.3-2a  UCAAGUAUUCCGAAGCUCAACGGGAAAAUGAGCUA

---------------------------------------------------
34 34 17 16  
tracing WX 10856 
 (W5) SL, trace wx  34 33 10856
---------------------------------------------------
34 33 16 16  
tracing WX 10856 
 (W5) SL, trace wx  34 32 10856
---------------------------------------------------
34 32 16 15  
tracing WX 10856 
 (W5) SL, trace wx  34 31 10856
---------------------------------------------------
34 31 15 15  
tracing WX 10856 
 (W5) SL, trace wx  34 30 10856
---------------------------------------------------
34 30 15 14  
tracing WX 10856 
 (W5) SL, trace wx  34 29 10856
---------------------------------------------------
34 29 14 14  
tracing WX 10856 
 (W5) SL, trace wx  34 28 10856
---------------------------------------------------
34 28 14 13  
tracing WX 10856 
 (W10.2) trace yhx 25 19 5 5 6572
 (W10.2) trace yhx 34 21 5 6 9345
---------------------------------------------------
34 21 5 6  
tracing YHX 9345 
 (YH4) SRE, trace vhx 33 20 5 5 9047 
---------------------------------------------------
33 20 5 5  
tracing VHX  9047 
 (vh2) trace vhx 33 20 1 1 1411 
 (vh2) trace vhx 32 18 4 4 7636 
---------------------------------------------------
32 18 4 4  
tracing VHX  7636 
 (vh2) trace vhx 32 18 1 1 2822 
 (vh2) trace vhx 31 16 3 3 4814 
---------------------------------------------------
31 16 3 3  
tracing VHX  4814 
 (vh2) trace vhx 31 16 1 1 1411 
 (vh2) trace vhx 30 14 2 2 3403 
---------------------------------------------------
30 14 2 2  
tracing VHX  3403 
 (vh2) trace vhx 30 14 1 1 1909 
 (vh2) trace vhx 29 12 1 1 1494 
---------------------------------------------------
29 12 1 1  
tracing VHX  1494 
 (vh1) IS2 (1,1) 29 12 1494 
---------------------------------------------------
30 14 1 1  
tracing VHX  1909 
 (vh1) IS2 (1,1) 30 14 1909 
---------------------------------------------------
31 16 1 1  
tracing VHX  1411 
 (vh1) IS2 (1,1) 31 16 1411 
---------------------------------------------------
32 18 1 1  
tracing VHX  2822 
 (vh1) IS2 (1,1) 32 18 2822 
---------------------------------------------------
33 20 1 1  
tracing VHX  1411 
 (vh1) IS2 (1,1) 33 20 1411 
---------------------------------------------------
25 19 5 5  
tracing YHX 6572 
 (YH2) SLE, SRE, trace vhx 24 17 4 4 6142 
---------------------------------------------------
24 17 4 4  
tracing VHX  6142 
 (vh2) trace vhx 24 17 1 1 913 
 (vh2) trace vhx 23 15 3 3 5229 
---------------------------------------------------
23 15 3 3  
tracing VHX  5229 
 (vh2) trace vhx 23 15 1 1 1162 
 (vh2) trace vhx 22 13 2 2 4067 
---------------------------------------------------
22 13 2 2  
tracing VHX  4067 
 (vh2) trace vhx 22 13 1 1 2407 
 (vh2) trace vhx 21 11 1 1 1660 
---------------------------------------------------
21 11 1 1  
tracing VHX  1660 
 (vh1) IS2 (1,1) 21 11 1660 
---------------------------------------------------
22 13 1 1  
tracing VHX  2407 
 (vh1) IS2 (1,1) 22 13 2407 
---------------------------------------------------
23 15 1 1  
tracing VHX  1162 
 (vh1) IS2 (1,1) 23 15 1162 
---------------------------------------------------
24 17 1 1  
tracing VHX  913 
 (vh1) IS2 (1,1) 24 17 913 
NAM  HIVRT_I.3-2a
SRC  HIVRT_I.3-2 - 0..34::35
SEQ  +SS
       1 U   C   A   A   G   U   A   U   U   C   C   G   A   A   G   C   U   C   A   A
         0   1   2   3   4   5   6   7   8   9   10  11  12  13  14  15  16  17  18  19  
         .   .   .   .   .   .   .   24  23  22  21  20  .   33  32  31  30  29  28  .   

      21 C   G   G   G   A   A   A   A   U   G   A   G   C   U   A
         20  21  22  23  24  25  26  27  28  29  30  31  32  33  34  
         11  10  9   8   7   .   .   .   18  17  16  15  14  13  .   

true pairs 5.0	 found pairs 11.0	 agree 5.0 (sen=100.00 spe=45.45 -- C_ap = 67.42)
----------------------------------------------------------------------
   Log odds score:       10856 
energy (kcal/mol):      -10.86 
number of pairs found:      11.00 
number of pairs annotated:  5.00 
----------------------------------------------------------------------
Allow pseudoknots? YES
----------------------------------------------------------------------
Parameters (energy units, kcal/mol)
 wkn  parameter:          0.83 (pseudoknots weight)
 P1   parameter:         -0.00 
 P2   parameter:         -0.00 
 P3   parameter:          3.00 
 P4   parameter:         -0.00 
 P5   parameter:          4.60 
 P5P  parameter:          8.43 
 P6   parameter:          0.40 
 P6P  parameter:          0.24 
 P10  parameter:          0.10 
 P10P parameter:          0.10 
 P11  parameter:          7.00 
 P12  parameter:          6.00 
 P13  parameter:         16.00 
 full pseudoknot model.
----------------------------------------------------------------------


	             SS  .............>>>>>>.........<<<<<<.
	   HIVRT_I.3-2b  UCAAGUAUUCCGAAGCUCAACGGGAAAAUGAGCUA

---------------------------------------------------
34 34 17 16  
tracing WX 10856 
 (W5) SL, trace wx  34 33 10856
---------------------------------------------------
34 33 16 16  
tracing WX 10856 
 (W5) SL, trace wx  34 32 10856
---------------------------------------------------
34 32 16 15  
tracing WX 10856 
 (W5) SL, trace wx  34 31 10856
---------------------------------------------------
34 31 15 15  
tracing WX 10856 
 (W5) SL, trace wx  34 30 10856
---------------------------------------------------
34 30 15 14  
tracing WX 10856 
 (W5) SL, trace wx  34 29 10856
---------------------------------------------------
34 29 14 14  
tracing WX 10856 
 (W5) SL, trace wx  34 28 10856
---------------------------------------------------
34 28 14 13  
tracing WX 10856 
 (W10.2) trace yhx 25 19 5 5 6572
 (W10.2) trace yhx 34 21 5 6 9345
---------------------------------------------------
34 21 5 6  
tracing YHX 9345 
 (YH4) SRE, trace vhx 33 20 5 5 9047 
---------------------------------------------------
33 20 5 5  
tracing VHX  9047 
 (vh2) trace vhx 33 20 1 1 1411 
 (vh2) trace vhx 32 18 4 4 7636 
---------------------------------------------------
32 18 4 4  
tracing VHX  7636 
 (vh2) trace vhx 32 18 1 1 2822 
 (vh2) trace vhx 31 16 3 3 4814 
---------------------------------------------------
31 16 3 3  
tracing VHX  4814 
 (vh2) trace vhx 31 16 1 1 1411 
 (vh2) trace vhx 30 14 2 2 3403 
---------------------------------------------------
30 14 2 2  
tracing VHX  3403 
 (vh2) trace vhx 30 14 1 1 1909 
 (vh2) trace vhx 29 12 1 1 1494 
---------------------------------------------------
29 12 1 1  
tracing VHX  1494 
 (vh1) IS2 (1,1) 29 12 1494 
---------------------------------------------------
30 14 1 1  
tracing VHX  1909 
 (vh1) IS2 (1,1) 30 14 1909 
---------------------------------------------------
31 16 1 1  
tracing VHX  1411 
 (vh1) IS2 (1,1) 31 16 1411 
---------------------------------------------------
32 18 1 1  
tracing VHX  2822 
 (vh1) IS2 (1,1) 32 18 2822 
---------------------------------------------------
33 20 1 1  
tracing VHX  1411 
 (vh1) IS2 (1,1) 33 20 1411 
---------------------------------------------------
25 19 5 5  
tracing YHX 6572 
 (YH2) SLE, SRE, trace vhx 24 17 4 4 6142 
---------------------------------------------------
24 17 4 4  
tracing VHX  6142 
 (vh2) trace vhx 24 17 1 1 913 
 (vh2) trace vhx 23 15 3 3 5229 
---------------------------------------------------
23 15 3 3  
tracing VHX  5229 
 (vh2) trace vhx 23 15 1 1 1162 
 (vh2) trace vhx 22 13 2 2 4067 
---------------------------------------------------
22 13 2 2  
tracing VHX  4067 
 (vh2) trace vhx 22 13 1 1 2407 
 (vh2) trace vhx 21 11 1 1 1660 
---------------------------------------------------
21 11 1 1  
tracing VHX  1660 
 (vh1) IS2 (1,1) 21 11 1660 
---------------------------------------------------
22 13 1 1  
tracing VHX  2407 
 (vh1) IS2 (1,1) 22 13 2407 
---------------------------------------------------
23 15 1 1  
tracing VHX  1162 
 (vh1) IS2 (1,1) 23 15 1162 
---------------------------------------------------
24 17 1 1  
tracing VHX  913 
 (vh1) IS2 (1,1) 24 17 913 
NAM  HIVRT_I.3-2b
SRC  HIVRT_I.3-2 - 0..34::35
SEQ  +SS
       1 U   C   A   A   G   U   A   U   U   C   C   G   A   A   G   C   U   C   A   A
         0   1   2   3   4   5   6   7   8   9   10  11  12  13  14  15  16  17  18  19  
         .   .   .   .   .   .   .   24  23  22  21  20  .   33  32  31  30  29  28  .   

      21 C   G   G   G   A   A   A   A   U   G   A   G   C   U   A
         20  21  22  23  24  25  26  27  28  29  30  31  32  33  34  
         11  10  9   8   7   .   .   .   18  17  16  15  14  13  .   

true pairs 6.0	 found pairs 11.0	 agree 6.0 (sen=100.00 spe=54.55 -- C_ap = 73.85)
----------------------------------------------------------------------
   Log odds score:       10856 
energy (kcal/mol):      -10.86 
number of pairs found:      11.00 
number of pairs annotated:  6.00 
----------------------------------------------------------------------
Allow pseudoknots? YES
----------------------------------------------------------------------
Parameters (energy units, kcal/mol)
 wkn  parameter:          0.83 (pseudoknots weight)
 P1   parameter:         -0.00 
 P2   parameter:         -0.00 
 P3   parameter:          3.00 
 P4   parameter:         -0.00 
 P5   parameter:          4.60 
 P5P  parameter:          8.43 
 P6   parameter:          0.40 
 P6P  parameter:          0.24 
 P10  parameter:          0.10 
 P10P parameter:          0.10 
 P11  parameter:          7.00 
 P12  parameter:          6.00 
 P13  parameter:         16.00 
 full pseudoknot model.
----------------------------------------------------------------------


	             SS  ...................................
	   HIVRT_I.3-2b  UCAAGUAUUCCGAAGCUCAACGGGAAAAUGAGCUA

---------------------------------------------------
34 34 17 16  
tracing WX 10856 
 (W5) SL, trace wx  34 33 10856
---------------------------------------------------
34 33 16 16  
tracing WX 10856 
 (W5) SL, trace wx  34 32 10856
---------------------------------------------------
34 32 16 15  
tracing WX 10856 
 (W5) SL, trace wx  34 31 10856
---------------------------------------------------
34 31 15 15  
tracing WX 10856 
 (W5) SL, trace wx  34 30 10856
---------------------------------------------------
34 30 15 14  
tracing WX 10856 
 (W5) SL, trace wx  34 29 10856
---------------------------------------------------
34 29 14 14  
tracing WX 10856 
 (W5) SL, trace wx  34 28 10856
---------------------------------------------------
34 28 14 13  
tracing WX 10856 
 (W10.2) trace yhx 25 19 5 5 6572
 (W10.2) trace yhx 34 21 5 6 9345
---------------------------------------------------
34 21 5 6  
tracing YHX 9345 
 (YH4) SRE, trace vhx 33 20 5 5 9047 
---------------------------------------------------
33 20 5 5  
tracing VHX  9047 
 (vh2) trace vhx 33 20 1 1 1411 
 (vh2) trace vhx 32 18 4 4 7636 
---------------------------------------------------
32 18 4 4  
tracing VHX  7636 
 (vh2) trace vhx 32 18 1 1 2822 
 (vh2) trace vhx 31 16 3 3 4814 
---------------------------------------------------
31 16 3 3  
tracing VHX  4814 
 (vh2) trace vhx 31 16 1 1 1411 
 (vh2) trace vhx 30 14 2 2 3403 
---------------------------------------------------
30 14 2 2  
tracing VHX  3403 
 (vh2) trace vhx 30 14 1 1 1909 
 (vh2) trace vhx 29 12 1 1 1494 
---------------------------------------------------
29 12 1 1  
tracing VHX  1494 
 (vh1) IS2 (1,1) 29 12 1494 
---------------------------------------------------
30 14 1 1  
tracing VHX  1909 
 (vh1) IS2 (1,1) 30 14 1909 
---------------------------------------------------
31 16 1 1  
tracing VHX  1411 
 (vh1) IS2 (1,1) 31 16 1411 
---------------------------------------------------
32 18 1 1  
tracing VHX  2822 
 (vh1) IS2 (1,1) 32 18 2822 
---------------------------------------------------
33 20 1 1  
tracing VHX  1411 
 (vh1) IS2 (1,1) 33 20 1411 
---------------------------------------------------
25 19 5 5  
tracing YHX 6572 
 (YH2) SLE, SRE, trace vhx 24 17 4 4 6142 
---------------------------------------------------
24 17 4 4  
tracing VHX  6142 
 (vh2) trace vhx 24 17 1 1 913 
 (vh2) trace vhx 23 15 3 3 5229 
---------------------------------------------------
23 15 3 3  
tracing VHX  5229 
 (vh2) trace vhx 23 15 1 1 1162 
 (vh2) trace vhx 22 13 2 2 4067 
---------------------------------------------------
22 13 2 2  
tracing VHX  4067 
 (vh2) trace vhx 22 13 1 1 2407 
 (vh2) trace vhx 21 11 1 1 1660 
---------------------------------------------------
21 11 1 1  
tracing VHX  1660 
 (vh1) IS2 (1,1) 21 11 1660 
---------------------------------------------------
22 13 1 1  
tracing VHX  2407 
 (vh1) IS2 (1,1) 22 13 2407 
---------------------------------------------------
23 15 1 1  
tracing VHX  1162 
 (vh1) IS2 (1,1) 23 15 1162 
---------------------------------------------------
24 17 1 1  
tracing VHX  913 
 (vh1) IS2 (1,1) 24 17 913 
NAM  HIVRT_I.3-2b
SRC  HIVRT_I.3-2 - 0..34::35
SEQ  +SS
       1 U   C   A   A   G   U   A   U   U   C   C   G   A   A   G   C   U   C   A   A
         0   1   2   3   4   5   6   7   8   9   10  11  12  13  14  15  16  17  18  19  
         .   .   .   .   .   .   .   24  23  22  21  20  .   33  32  31  30  29  28  .   

      21 C   G   G   G   A   A   A   A   U   G   A   G   C   U   A
         20  21  22  23  24  25  26  27  28  29  30  31  32  33  34  
         11  10  9   8   7   .   .   .   18  17  16  15  14  13  .   

true pairs 0.0	 found pairs 11.0	 agree 0.0 (sen=nan spe=0.00 -- C_ap = nan)
----------------------------------------------------------------------
   Log odds score:       10856 
energy (kcal/mol):      -10.86 
number of pairs found:      11.00 
number of pairs annotated:  0.00 
----------------------------------------------------------------------
Allow pseudoknots? YES
----------------------------------------------------------------------
Parameters (energy units, kcal/mol)
 wkn  parameter:          0.83 (pseudoknots weight)
 P1   parameter:         -0.00 
 P2   parameter:         -0.00 
 P3   parameter:          3.00 
 P4   parameter:         -0.00 
 P5   parameter:          4.60 
 P5P  parameter:          8.43 
 P6   parameter:          0.40 
 P6P  parameter:          0.24 
 P10  parameter:          0.10 
 P10P parameter:          0.10 
 P11  parameter:          7.00 
 P12  parameter:          6.00 
 P13  parameter:         16.00 
 full pseudoknot model.
----------------------------------------------------------------------
