PKNOTS: optimal minimum-energy RNA folding with pseudoknots and coaxial energies
        PKNOTS 1.04 (Fri Jul  9 14:23:04 CDT 2004) using squid 1.5m (Sept 1997)
---------------------------------------------------
Folding sequences from:  /home/elena/pknots/pknots-1.04/Demos/TMVdown.sqd 
---------------------------------------------------



	             SS  .>>>>>>....DDDD>>>>.....>>>>>>>>>...<<<<<<<<<<<<<<
	        TMVdown  UGUGUCUUGGAUCGCGCGGGUCAAAUGUAUAUGGUUCAUAUACAUCCGCA

	             SS  <<<<<........dddd>>>>.......<<<<>>>...EEEE<<<..eee
	        TMVdown  GGCACGUAAUAAAGCGAGGGGUUCGAAUCCCCCCGUUACCCCCGGUAGGG

	             SS  e....
	        TMVdown  GCCCA

---------------------------------------------------
104 104 52 51  
tracing WX 32488 
 (W6) SR, trace wx 103 103 32488
---------------------------------------------------
103 103 51 51  
tracing WX 32488 
 (W6) SR, trace wx 102 102 32488
---------------------------------------------------
102 102 51 50  
tracing WX 32488 
 (W6) SR, trace wx 101 101 32488
---------------------------------------------------
101 101 50 50  
tracing WX 32488 
 (W7) trace wx  66 66 18360
 (W7) trace wx  101 34 14128
---------------------------------------------------
101 34 17 16  
tracing WX 14128 
 (W10.1) trace yhx 94 27 17 2 11538
 (W10.1) trace yhx 101 15 5 4 7285
---------------------------------------------------
101 15 5 4  
tracing YHX 7285 
 (YH5) SLE, trace yhx 101 14 4 4 7485 
---------------------------------------------------
101 14 4 4  
tracing YHX 7485 
 (YH2) SLE, SRE, trace vhx 100 12 3 3 7221 
---------------------------------------------------
100 12 3 3  
tracing VHX  7221 
 (vh2) trace vhx 100 12 1 1 2407 
 (vh2) trace vhx 99 10 2 2 4814 
---------------------------------------------------
99 10 2 2  
tracing VHX  4814 
 (vh2) trace vhx 99 10 1 1 2407 
 (vh2) trace vhx 98 8 1 1 2407 
---------------------------------------------------
98 8 1 1  
tracing VHX  2407 
 (vh1) IS2 (1,1) 98 8 2407 
---------------------------------------------------
99 10 1 1  
tracing VHX  2407 
 (vh1) IS2 (1,1) 99 10 2407 
---------------------------------------------------
100 12 1 1  
tracing VHX  2407 
 (vh1) IS2 (1,1) 100 12 2407 
---------------------------------------------------
94 27 17 2  
tracing YHX 11538 
 (YH8.1) EL, trace vx  81 14 4400 
 (YH8.1) EL, trace vhx 94 12 2 2 4067 
---------------------------------------------------
81 14 7 6  
tracing VX  4400   
 (v2) IS2 (1,1) 2900
 trace vx 80 12 1500
---------------------------------------------------
80 12 6 5  
tracing VX  1500   
 (v2) IS2 (1,1) 2900
 trace vx 79 10 -1400
---------------------------------------------------
79 10 5 4  
tracing VX  -1400   
 (v2) IS2 (1,1) 2900
 trace vx 78 8 -4300
---------------------------------------------------
78 8 4 3  
tracing VX  -4300   
 (v1) hairpin 8, -4300 
---------------------------------------------------
94 12 2 2  
tracing VHX  4067 
 (vh2) trace vhx 94 12 1 1 2407 
 (vh2) trace vhx 93 10 1 1 1660 
---------------------------------------------------
93 10 1 1  
tracing VHX  1660 
 (vh1) IS2 (1,1) 93 10 1660 
---------------------------------------------------
94 12 1 1  
tracing VHX  2407 
 (vh1) IS2 (1,1) 94 12 2407 
---------------------------------------------------
66 66 33 32  
tracing WX 18360 
 (W9) trace whx 60 60 8 11 7979
 (W9) trace whx 66 56 38 3 17981
---------------------------------------------------
66 56 38 3  
tracing whx 17981 
 (WH2.3) SLE, trace zhx  66 55 37 3 18015 
---------------------------------------------------
66 55 37 3  
tracing ZHX  18015 
 (ZH8.1) IR, trace vx  48  33 9300 
 (ZH8.1) IR, trace vhx 66  55  3  3 6391 
---------------------------------------------------
48 33 16 16  
tracing VX  9300   
 (v2) IS2 (1,1) 3400
 trace vx 47 31 5900
---------------------------------------------------
47 31 15 15  
tracing VX  5900   
 (v2) IS2 (1,1) 2000
 trace vx 46 29 3900
---------------------------------------------------
46 29 14 14  
tracing VX  3900   
 (v2) IS2 (1,1) 2900
 trace vx 45 27 1000
---------------------------------------------------
45 27 13 13  
tracing VX  1000   
 (v2) IS2 (1,1) 1400
 trace vx 44 25 -400
---------------------------------------------------
44 25 12 12  
tracing VX  -400   
 (v2) IS2 (6,1) -4800
 trace vx 43 18 4400
---------------------------------------------------
43 18 9 8  
tracing VX  4400   
 (v2) IS2 (1,1) 1800
 trace vx 42 16 2600
---------------------------------------------------
42 16 8 7  
tracing VX  2600   
 (v2) IS2 (1,1) 2100
 trace vx 41 14 500
---------------------------------------------------
41 14 7 6  
tracing VX  500   
 (v2) IS2 (1,1) 1100
 trace vx 40 12 -600
---------------------------------------------------
40 12 6 5  
tracing VX  -600   
 (v2) IS2 (1,1) 900
 trace vx 39 10 -1500
---------------------------------------------------
39 10 5 4  
tracing VX  -1500   
 (v2) IS2 (1,1) 1100
 trace vx 38 8 -2600
---------------------------------------------------
38 8 4 3  
tracing VX  -2600   
 (v2) IS2 (1,1) 900
 trace vx 37 6 -3500
---------------------------------------------------
37 6 3 2  
tracing VX  -3500   
 (v1) hairpin 6, -3500 
---------------------------------------------------
66 55 3 3  
tracing VHX  6391 
 (vh2) trace vhx 66 55 1 1 1909 
 (vh2) trace vhx 65 53 2 2 4482 
---------------------------------------------------
65 53 2 2  
tracing VHX  4482 
 (vh2) trace vhx 65 53 1 1 1660 
 (vh2) trace vhx 64 51 1 1 2822 
---------------------------------------------------
64 51 1 1  
tracing VHX  2822 
 (vh1) IS2 (1,1) 64 51 2822 
---------------------------------------------------
65 53 1 1  
tracing VHX  1660 
 (vh1) IS2 (1,1) 65 53 1660 
---------------------------------------------------
66 55 1 1  
tracing VHX  1909 
 (vh1) IS2 (1,1) 66 55 1909 
---------------------------------------------------
60 60 8 11  
tracing whx 7979 
 (WH4.2) SRE, trace whx 59 59 8 10 8179 
---------------------------------------------------
59 59 8 10  
tracing whx 8179 
 (WH4.2) SRE, trace whx 58 58 8 9 8379 
---------------------------------------------------
58 58 8 9  
tracing whx 8379 
 (WH4.2) SRE, trace whx 57 57 8 8 8579 
---------------------------------------------------
57 57 8 8  
tracing whx 8579 
 (WH4.2) SRE, trace whx 56 56 8 7 8779 
---------------------------------------------------
56 56 8 7  
tracing whx 8779 
 (WH2.4) SLE, trace zhx  55 55 8 6 8564 
---------------------------------------------------
55 55 8 6  
tracing ZHX  8564 
 (ZH5) ss dangle k, trace zhx 55 55 7 6 8764 
---------------------------------------------------
55 55 7 6  
tracing ZHX  8764 
 (ZH3) dangle k, trace vhx 55 55 6 6 8549 
---------------------------------------------------
55 55 6 6  
tracing VHX  8549 
 (vh2) trace vhx 55 55 1 1 996 
 (vh2) trace vhx 54 53 5 5 7553 
---------------------------------------------------
54 53 5 5  
tracing VHX  7553 
 (vh2) trace vhx 54 53 1 1 1743 
 (vh2) trace vhx 53 51 4 4 5810 
---------------------------------------------------
53 51 4 4  
tracing VHX  5810 
 (vh2) trace vhx 53 51 1 1 1494 
 (vh2) trace vhx 52 49 3 3 4316 
---------------------------------------------------
52 49 3 3  
tracing VHX  4316 
 (vh2) trace vhx 52 49 1 1 1743 
 (vh2) trace vhx 51 47 2 2 2573 
---------------------------------------------------
51 47 2 2  
tracing VHX  2573 
 (vh2) trace vhx 51 47 1 1 1162 
 (vh2) trace vhx 50 45 1 1 1411 
---------------------------------------------------
50 45 1 1  
tracing VHX  1411 
 (vh1) IS2 (1,1) 50 45 1411 
---------------------------------------------------
51 47 1 1  
tracing VHX  1162 
 (vh1) IS2 (1,1) 51 47 1162 
---------------------------------------------------
52 49 1 1  
tracing VHX  1743 
 (vh1) IS2 (1,1) 52 49 1743 
---------------------------------------------------
53 51 1 1  
tracing VHX  1494 
 (vh1) IS2 (1,1) 53 51 1494 
---------------------------------------------------
54 53 1 1  
tracing VHX  1743 
 (vh1) IS2 (1,1) 54 53 1743 
---------------------------------------------------
55 55 1 1  
tracing VHX  996 
 (vh1) IS2 (1,1) 55 55 996 
NAM  TMVdown
SRC  TMV - 0..104::105
SEQ  +SS
       1 U   G   U   G   U   C   U   U   G   G   A   U   C   G   C   G   C   G   G   G
         0   1   2   3   4   5   6   7   8   9   10  11  12  13  14  15  16  17  18  19  
         55  54  53  52  51  50  49  .   .   .   .   66  65  64  63  48  47  46  45  44  

      21 U   C   A   A   A   U   G   U   A   U   A   U   G   G   U   U   C   A   U   A
         20  21  22  23  24  25  26  27  28  29  30  31  32  33  34  35  36  37  38  39  
         .   .   .   .   .   43  42  41  40  39  38  37  .   .   .   .   .   31  30  29  

      41 U   A   C   A   U   C   C   G   C   A   G   G   C   A   C   G   U   A   A   U
         40  41  42  43  44  45  46  47  48  49  50  51  52  53  54  55  56  57  58  59  
         28  27  26  25  19  18  17  16  15  6   5   4   3   2   1   0   .   .   .   .   

      61 A   A   A   G   C   G   A   G   G   G   G   U   U   C   G   A   A   U   C   C
         60  61  62  63  64  65  66  67  68  69  70  71  72  73  74  75  76  77  78  79  
         .   .   .   14  13  12  11  81  80  79  78  .   .   .   .   .   .   .   70  69  

      81 C   C   C   C   G   U   U   A   C   C   C   C   C   G   G   U   A   G   G   G
         80  81  82  83  84  85  86  87  88  89  90  91  92  93  94  95  96  97  98  99  
         68  67  94  93  92  .   .   .   100 99  98  97  84  83  82  .   .   91  90  89  

     101 G   C   C   C   A
         100 101 102 103 104 
         88  .   .   .   .   

true pairs 34.0	 found pairs 34.0	 agree 32.0 (sen=94.12 spe=94.12 -- C_ap = 94.12)
----------------------------------------------------------------------
   Log odds score:       32488 
energy (kcal/mol):      -32.49 
number of pairs found:      34.00 
number of pairs annotated:  34.00 
----------------------------------------------------------------------
Allow pseudoknots? YES
----------------------------------------------------------------------
Parameters (energy units, kcal/mol)
 wkn  parameter:          0.83 (pseudoknots weight)
 P1   parameter:         -0.00 
 P2   parameter:         -0.00 
 P3   parameter:          3.00 
 P4   parameter:         -0.00 
 P5   parameter:          4.60 
 P5P  parameter:          8.43 
 P6   parameter:          0.40 
 P6P  parameter:          0.24 
 P10  parameter:          0.10 
 P10P parameter:          0.10 
 P11  parameter:          7.00 
 P12  parameter:          6.00 
 P13  parameter:         16.00 
 full pseudoknot model.
----------------------------------------------------------------------
