PKNOTS: optimal minimum-energy RNA folding with pseudoknots and coaxial energies
        PKNOTS 1.04 (Fri Jul  9 14:23:04 CDT 2004) using squid 1.5m (Sept 1997)
---------------------------------------------------
Folding sequences from:  /home/elena/pknots/pknots-1.04/Demos/TMVup.sqd 
---------------------------------------------------



	             SS  ............>>>.AAAA<<<.....aaaaBBB.>>>>>>bbb...<<
	          TMVup  AUAAUAAAUAACGGAUUGUGUCCGUAAUCACACGUGGUGCGUACGAUAAC

	             SS  <<<<CCCC.....>>>>>cccc......<.<<<<
	          TMVup  GCAUAGUGUUUUUCCCUCCACUUAAAUCGAAGGG

---------------------------------------------------
83 83 41 41  
tracing WX 19400 
 (W5) SL, trace wx  83 82 19400
---------------------------------------------------
83 82 41 40  
tracing WX 19400 
 (W5) SL, trace wx  83 81 19400
---------------------------------------------------
83 81 40 40  
tracing WX 19400 
 (W5) SL, trace wx  83 80 19400
---------------------------------------------------
83 80 40 39  
tracing WX 19400 
 (W5) SL, trace wx  83 79 19400
---------------------------------------------------
83 79 39 39  
tracing WX 19400 
 (W5) SL, trace wx  83 78 19400
---------------------------------------------------
83 78 39 38  
tracing WX 19400 
 (W5) SL, trace wx  83 77 19400
---------------------------------------------------
83 77 38 38  
tracing WX 19400 
 (W5) SL, trace wx  83 76 19400
---------------------------------------------------
83 76 38 37  
tracing WX 19400 
 (W5) SL, trace wx  83 75 19400
---------------------------------------------------
83 75 37 37  
tracing WX 19400 
 (W5) SL, trace wx  83 74 19400
---------------------------------------------------
83 74 37 36  
tracing WX 19400 
 (W7) trace wx  61 52 16700
 (W7) trace wx  83 21 2700
---------------------------------------------------
83 21 10 10  
tracing WX 2700 
 (W3) SL, trace vx  83 20 2600
---------------------------------------------------
83 20 10 9  
tracing VX  2600   
 (v2) IS2 (1,1) 2900
 trace vx 82 18 -300
---------------------------------------------------
82 18 9 8  
tracing VX  -300   
 (v2) IS2 (1,1) 2900
 trace vx 81 16 -3200
---------------------------------------------------
81 16 8 7  
tracing VX  -3200   
 (v2) IS2 (1,1) 1700
 trace vx 80 14 -4900
---------------------------------------------------
80 14 7 6  
tracing VX  -4900   
 (v1) hairpin 14, -4900 
---------------------------------------------------
61 52 26 25  
tracing WX 16700 
 (W6) SR, trace wx 60 51 16700
---------------------------------------------------
60 51 25 25  
tracing WX 16700 
 (W6) SR, trace wx 59 50 16700
---------------------------------------------------
59 50 25 24  
tracing WX 16700 
 (W7) trace wx  27 18 6700
 (W7) trace wx  59 31 10000
---------------------------------------------------
59 31 15 15  
tracing WX 10000 
 (W2) SR SL, trace vx 58 29 9600
---------------------------------------------------
58 29 14 14  
tracing VX  9600   
 (v2) IS2 (1,1) 2100
 trace vx 57 27 7500
---------------------------------------------------
57 27 13 13  
tracing VX  7500   
 (v2) IS2 (1,1) 1800
 trace vx 56 25 5700
---------------------------------------------------
56 25 12 12  
tracing VX  5700   
 (v2) IS2 (1,1) 2100
 trace vx 55 23 3600
---------------------------------------------------
55 23 11 11  
tracing VX  3600   
 (v2) IS2 (4,2) -3000
 trace vx 53 17 6600
---------------------------------------------------
53 17 8 8  
tracing VX  6600   
 (v2) IS2 (1,1) 1000
 trace vx 52 15 5600
---------------------------------------------------
52 15 7 7  
tracing VX  5600   
 (v2) IS2 (1,1) 1800
 trace vx 51 13 3800
---------------------------------------------------
51 13 6 6  
tracing VX  3800   
 (v2) IS2 (1,1) 3400
 trace vx 50 11 400
---------------------------------------------------
50 11 5 5  
tracing VX  400   
 (v2) IS2 (1,1) 2000
 trace vx 49 9 -1600
---------------------------------------------------
49 9 4 4  
tracing VX  -1600   
 (v2) IS2 (1,1) 2100
 trace vx 48 7 -3700
---------------------------------------------------
48 7 3 3  
tracing VX  -3700   
 (v1) hairpin 7, -3700 
---------------------------------------------------
27 18 9 8  
tracing WX 6700 
 (W6) SR, trace wx 26 17 6700
---------------------------------------------------
26 17 8 8  
tracing WX 6700 
 (W6) SR, trace wx 25 16 6700
---------------------------------------------------
25 16 8 7  
tracing WX 6700 
 (W2) SR SL, trace vx 24 14 5700
---------------------------------------------------
24 14 7 6  
tracing VX  5700   
 (v2) IS2 (1,1) 2100
 trace vx 23 12 3600
---------------------------------------------------
23 12 6 5  
tracing VX  3600   
 (v2) IS2 (1,1) 2000
 trace vx 22 10 1600
---------------------------------------------------
22 10 5 4  
tracing VX  1600   
 (v2) IS2 (1,1) 2900
 trace vx 21 8 -1300
---------------------------------------------------
21 8 4 3  
tracing VX  -1300   
 (v2) IS2 (1,1) 2300
 trace vx 20 6 -3600
---------------------------------------------------
20 6 3 2  
tracing VX  -3600   
 (v1) hairpin 6, -3600 
NAM  TMVup
SRC  TMVup - 0..83::84
SEQ  +SS
       1 A   U   A   A   U   A   A   A   U   A   A   C   G   G   A   U   U   G   U   G
         0   1   2   3   4   5   6   7   8   9   10  11  12  13  14  15  16  17  18  19  
         .   .   .   .   .   .   .   .   .   .   24  23  22  21  20  .   .   .   .   .   

      21 U   C   C   G   U   A   A   U   C   A   C   A   C   G   U   G   G   U   G   C
         20  21  22  23  24  25  26  27  28  29  30  31  32  33  34  35  36  37  38  39  
         14  13  12  11  10  .   .   .   .   58  57  56  55  .   .   .   53  52  51  50  

      41 G   U   A   C   G   A   U   A   A   C   G   C   A   U   A   G   U   G   U   U
         40  41  42  43  44  45  46  47  48  49  50  51  52  53  54  55  56  57  58  59  
         49  48  .   .   .   .   .   .   41  40  39  38  37  36  .   32  31  30  29  .   

      61 U   U   U   C   C   C   U   C   C   A   C   U   U   A   A   A   U   C   G   A
         60  61  62  63  64  65  66  67  68  69  70  71  72  73  74  75  76  77  78  79  
         .   .   .   83  82  81  80  .   .   .   .   .   .   .   .   .   .   .   .   .   

      81 A   G   G   G
         80  81  82  83  
         66  65  64  63  

true pairs 25.0	 found pairs 19.0	 agree 13.0 (sen=52.00 spe=68.42 -- C_ap = 59.65)
----------------------------------------------------------------------
   Log odds score:       19400 
energy (kcal/mol):      -19.40 
number of pairs found:      19.00 
number of pairs annotated:  25.00 
----------------------------------------------------------------------
Allow pseudoknots? YES
----------------------------------------------------------------------
Parameters (energy units, kcal/mol)
 wkn  parameter:          0.83 (pseudoknots weight)
 P1   parameter:         -0.00 
 P2   parameter:         -0.00 
 P3   parameter:          3.00 
 P4   parameter:         -0.00 
 P5   parameter:          4.60 
 P5P  parameter:          8.43 
 P6   parameter:          0.40 
 P6P  parameter:          0.24 
 P10  parameter:          0.10 
 P10P parameter:          0.10 
 P11  parameter:          7.00 
 P12  parameter:          6.00 
 P13  parameter:         16.00 
 full pseudoknot model.
----------------------------------------------------------------------
