PKNOTS: optimal minimum-energy RNA folding with pseudoknots and coaxial energies
        PKNOTS 1.04 (Fri Jul  9 14:23:04 CDT 2004) using squid 1.5m (Sept 1997)
---------------------------------------------------
Folding sequences from:  /home/elena/pknots/pknots-1.04/Demos/typeC.sqd 
---------------------------------------------------



	             SS  ..............>>>>>>.AAAAAAA<<<<<<.......aaaaaaa
	     typeC_2.3a  CAAGUUAAACAUAAUCCGUGAUCUUUCACACGGGAGAUCUAUGAAAGA

---------------------------------------------------
47 47 23 23  
tracing WX 11320 
 (W5) SL, trace wx  47 46 11320
---------------------------------------------------
47 46 23 22  
tracing WX 11320 
 (W5) SL, trace wx  47 45 11320
---------------------------------------------------
47 45 22 22  
tracing WX 11320 
 (W5) SL, trace wx  47 44 11320
---------------------------------------------------
47 44 22 21  
tracing WX 11320 
 (W5) SL, trace wx  47 43 11320
---------------------------------------------------
47 43 21 21  
tracing WX 11320 
 (W5) SL, trace wx  47 42 11320
---------------------------------------------------
47 42 21 20  
tracing WX 11320 
 (W5) SL, trace wx  47 41 11320
---------------------------------------------------
47 41 20 20  
tracing WX 11320 
 (W5) SL, trace wx  47 40 11320
---------------------------------------------------
47 40 20 19  
tracing WX 11320 
 (W5) SL, trace wx  47 39 11320
---------------------------------------------------
47 39 19 19  
tracing WX 11320 
 (W5) SL, trace wx  47 38 11320
---------------------------------------------------
47 38 19 18  
tracing WX 11320 
 (W5) SL, trace wx  47 37 11320
---------------------------------------------------
47 37 18 18  
tracing WX 11320 
 (W5) SL, trace wx  47 36 11320
---------------------------------------------------
47 36 18 17  
tracing WX 11320 
 (W5) SL, trace wx  47 35 11320
---------------------------------------------------
47 35 17 17  
tracing WX 11320 
 (W5) SL, trace wx  47 34 11320
---------------------------------------------------
47 34 17 16  
tracing WX 11320 
 (W5) SL, trace wx  47 33 11320
---------------------------------------------------
47 33 16 16  
tracing WX 11320 
 (W10.1) trace yhx 38 24 5 10 8047
 (W10.1) trace yhx 47 26 6 6 8134
---------------------------------------------------
47 26 6 6  
tracing YHX 8134 
 (YH1) trace vhx 47 26 6 6 8217 
---------------------------------------------------
47 26 6 6  
tracing VHX  8217 
 (vh2) trace vhx 47 26 1 1 1909 
 (vh2) trace vhx 46 24 5 5 6308 
---------------------------------------------------
46 24 5 5  
tracing VHX  6308 
 (vh2) trace vhx 46 24 1 1 1411 
 (vh2) trace vhx 45 22 4 4 4897 
---------------------------------------------------
45 22 4 4  
tracing VHX  4897 
 (vh2) trace vhx 45 22 1 1 747 
 (vh2) trace vhx 44 20 3 3 4150 
---------------------------------------------------
44 20 3 3  
tracing VHX  4150 
 (vh2) trace vhx 44 20 1 1 747 
 (vh2) trace vhx 43 18 2 2 3403 
---------------------------------------------------
43 18 2 2  
tracing VHX  3403 
 (vh2) trace vhx 43 18 1 1 1909 
 (vh2) trace vhx 42 16 1 1 1494 
---------------------------------------------------
42 16 1 1  
tracing VHX  1494 
 (vh1) IS2 (1,1) 42 16 1494 
---------------------------------------------------
43 18 1 1  
tracing VHX  1909 
 (vh1) IS2 (1,1) 43 18 1909 
---------------------------------------------------
44 20 1 1  
tracing VHX  747 
 (vh1) IS2 (1,1) 44 20 747 
---------------------------------------------------
45 22 1 1  
tracing VHX  747 
 (vh1) IS2 (1,1) 45 22 747 
---------------------------------------------------
46 24 1 1  
tracing VHX  1411 
 (vh1) IS2 (1,1) 46 24 1411 
---------------------------------------------------
47 26 1 1  
tracing VHX  1909 
 (vh1) IS2 (1,1) 47 26 1909 
---------------------------------------------------
38 24 5 10  
tracing YHX 8047 
 (YH6) SRE, trace yhx 37 23 5 9 8247 
---------------------------------------------------
37 23 5 9  
tracing YHX 8247 
 (YH6) SRE, trace yhx 36 22 5 8 8447 
---------------------------------------------------
36 22 5 8  
tracing YHX 8447 
 (YH6) SRE, trace yhx 35 21 5 7 8647 
---------------------------------------------------
35 21 5 7  
tracing YHX 8647 
 (YH6) SRE, trace yhx 34 20 5 6 8847 
---------------------------------------------------
34 20 5 6  
tracing YHX 8847 
 (YH4) SRE, trace vhx 33 19 5 5 8466 
---------------------------------------------------
33 19 5 5  
tracing VHX  8466 
 (vh2) trace vhx 33 19 1 1 1162 
 (vh2) trace vhx 32 17 4 4 7304 
---------------------------------------------------
32 17 4 4  
tracing VHX  7304 
 (vh2) trace vhx 32 17 1 1 2407 
 (vh2) trace vhx 31 15 3 3 4897 
---------------------------------------------------
31 15 3 3  
tracing VHX  4897 
 (vh2) trace vhx 31 15 1 1 1660 
 (vh2) trace vhx 30 13 2 2 3237 
---------------------------------------------------
30 13 2 2  
tracing VHX  3237 
 (vh2) trace vhx 30 13 1 1 1743 
 (vh2) trace vhx 29 11 1 1 1494 
---------------------------------------------------
29 11 1 1  
tracing VHX  1494 
 (vh1) IS2 (1,1) 29 11 1494 
---------------------------------------------------
30 13 1 1  
tracing VHX  1743 
 (vh1) IS2 (1,1) 30 13 1743 
---------------------------------------------------
31 15 1 1  
tracing VHX  1660 
 (vh1) IS2 (1,1) 31 15 1660 
---------------------------------------------------
32 17 1 1  
tracing VHX  2407 
 (vh1) IS2 (1,1) 32 17 2407 
---------------------------------------------------
33 19 1 1  
tracing VHX  1162 
 (vh1) IS2 (1,1) 33 19 1162 
NAM  typeC_2.3a
SRC  typeC_2.3a - 0..47::48
SEQ  +SS
       1 C   A   A   G   U   U   A   A   A   C   A   U   A   A   U   C   C   G   U   G
         0   1   2   3   4   5   6   7   8   9   10  11  12  13  14  15  16  17  18  19  
         .   .   .   .   .   .   .   .   .   .   .   .   .   .   33  32  31  30  29  28  

      21 A   U   C   U   U   U   C   A   C   A   C   G   G   G   A   G   A   U   C   U
         20  21  22  23  24  25  26  27  28  29  30  31  32  33  34  35  36  37  38  39  
         .   47  46  45  44  43  42  41  19  18  17  16  15  14  .   .   .   .   .   .   

      41 A   U   G   A   A   A   G   A
         40  41  42  43  44  45  46  47  
         .   27  26  25  24  23  22  21  

true pairs 13.0	 found pairs 13.0	 agree 13.0 (sen=100.00 spe=100.00 -- C_ap = 100.00)
----------------------------------------------------------------------
   Log odds score:       11320 
energy (kcal/mol):      -11.32 
number of pairs found:      13.00 
number of pairs annotated:  13.00 
----------------------------------------------------------------------
Allow pseudoknots? YES
----------------------------------------------------------------------
Parameters (energy units, kcal/mol)
 wkn  parameter:          0.83 (pseudoknots weight)
 P1   parameter:         -0.00 
 P2   parameter:         -0.00 
 P3   parameter:          3.00 
 P4   parameter:         -0.00 
 P5   parameter:          4.60 
 P5P  parameter:          8.43 
 P6   parameter:          0.40 
 P6P  parameter:          0.24 
 P10  parameter:          0.10 
 P10P parameter:          0.10 
 P11  parameter:          7.00 
 P12  parameter:          6.00 
 P13  parameter:         16.00 
 full pseudoknot model.
----------------------------------------------------------------------


	             SS  ...........>>>>.....AAAAAA<<<<....aaaaaaa
	     typeC_2.5a  UCAAGAUAGUAUCCGUUCUUGAUCAUCGGGACAAAUGAUCU

---------------------------------------------------
40 40 20 19  
tracing WX 7585 
 (W6) SR, trace wx 39 39 7585
---------------------------------------------------
39 39 19 19  
tracing WX 7585 
 (W6) SR, trace wx 38 38 7585
---------------------------------------------------
38 38 19 18  
tracing WX 7585 
 (W6) SR, trace wx 37 37 7585
---------------------------------------------------
37 37 18 18  
tracing WX 7585 
 (W6) SR, trace wx 36 36 7585
---------------------------------------------------
36 36 18 17  
tracing WX 7585 
 (W6) SR, trace wx 35 35 7585
---------------------------------------------------
35 35 17 17  
tracing WX 7585 
 (W6) SR, trace wx 34 34 7585
---------------------------------------------------
34 34 17 16  
tracing WX 7585 
 (W6) SR, trace wx 33 33 7585
---------------------------------------------------
33 33 16 16  
tracing WX 7585 
 (W6) SR, trace wx 32 32 7585
---------------------------------------------------
32 32 16 15  
tracing WX 7585 
 (W10.2) trace yhx 23 23 5 7 7485
 (W10.2) trace yhx 32 25 7 6 5742
---------------------------------------------------
32 25 7 6  
tracing YHX 5742 
 (YH2) SLE, SRE, trace vhx 31 23 6 5 4648 
---------------------------------------------------
31 23 6 5  
tracing VHX  4648 
 (vh2) trace vhx 31 23 1 1 1743 
 (vh2) trace vhx 30 21 5 4 2905 
---------------------------------------------------
30 21 5 4  
tracing VHX  2905 
 (vh2) trace vhx 30 21 2 1 -2324 
 (vh2) trace vhx 29 18 3 3 5229 
---------------------------------------------------
29 18 3 3  
tracing VHX  5229 
 (vh2) trace vhx 29 18 1 1 1162 
 (vh2) trace vhx 28 16 2 2 4067 
---------------------------------------------------
28 16 2 2  
tracing VHX  4067 
 (vh2) trace vhx 28 16 1 1 2407 
 (vh2) trace vhx 27 14 1 1 1660 
---------------------------------------------------
27 14 1 1  
tracing VHX  1660 
 (vh1) IS2 (1,1) 27 14 1660 
---------------------------------------------------
28 16 1 1  
tracing VHX  2407 
 (vh1) IS2 (1,1) 28 16 2407 
---------------------------------------------------
29 18 1 1  
tracing VHX  1162 
 (vh1) IS2 (1,1) 29 18 1162 
---------------------------------------------------
30 21 2 1  
tracing VHX  -2324 
 (vh1) IS2 (2,1) 30 21 -2324 
---------------------------------------------------
31 23 1 1  
tracing VHX  1743 
 (vh1) IS2 (1,1) 31 23 1743 
---------------------------------------------------
23 23 5 7  
tracing YHX 7485 
 (YH6) SRE, trace yhx 22 22 5 6 7685 
---------------------------------------------------
22 22 5 6  
tracing YHX 7685 
 (YH4) SRE, trace vhx 21 21 5 5 7470 
---------------------------------------------------
21 21 5 5  
tracing VHX  7470 
 (vh2) trace vhx 21 21 1 1 1909 
 (vh2) trace vhx 20 19 4 4 5561 
---------------------------------------------------
20 19 4 4  
tracing VHX  5561 
 (vh2) trace vhx 20 19 1 1 1494 
 (vh2) trace vhx 19 17 3 3 4067 
---------------------------------------------------
19 17 3 3  
tracing VHX  4067 
 (vh2) trace vhx 19 17 1 1 747 
 (vh2) trace vhx 18 15 2 2 3320 
---------------------------------------------------
18 15 2 2  
tracing VHX  3320 
 (vh2) trace vhx 18 15 1 1 1411 
 (vh2) trace vhx 17 13 1 1 1909 
---------------------------------------------------
17 13 1 1  
tracing VHX  1909 
 (vh1) IS2 (1,1) 17 13 1909 
---------------------------------------------------
18 15 1 1  
tracing VHX  1411 
 (vh1) IS2 (1,1) 18 15 1411 
---------------------------------------------------
19 17 1 1  
tracing VHX  747 
 (vh1) IS2 (1,1) 19 17 747 
---------------------------------------------------
20 19 1 1  
tracing VHX  1494 
 (vh1) IS2 (1,1) 20 19 1494 
---------------------------------------------------
21 21 1 1  
tracing VHX  1909 
 (vh1) IS2 (1,1) 21 21 1909 
NAM  typeC_2.5a
SRC  typeC_2.5a - 0..40::41
SEQ  +SS
       1 U   C   A   A   G   A   U   A   G   U   A   U   C   C   G   U   U   C   U   U
         0   1   2   3   4   5   6   7   8   9   10  11  12  13  14  15  16  17  18  19  
         21  20  19  18  17  16  .   .   31  30  .   29  28  27  26  .   5   4   3   2   

      21 G   A   U   C   A   U   C   G   G   G   A   C   A   A   A   U   G   A   U   C
         20  21  22  23  24  25  26  27  28  29  30  31  32  33  34  35  36  37  38  39  
         1   0   .   .   .   .   14  13  12  11  9   8   .   .   .   .   .   .   .   .   

      41 U
         40  
         .   

true pairs 10.0	 found pairs 12.0	 agree 4.0 (sen=40.00 spe=33.33 -- C_ap = 36.51)
----------------------------------------------------------------------
   Log odds score:        7585 
energy (kcal/mol):       -7.58 
number of pairs found:      12.00 
number of pairs annotated:  10.00 
----------------------------------------------------------------------
Allow pseudoknots? YES
----------------------------------------------------------------------
Parameters (energy units, kcal/mol)
 wkn  parameter:          0.83 (pseudoknots weight)
 P1   parameter:         -0.00 
 P2   parameter:         -0.00 
 P3   parameter:          3.00 
 P4   parameter:         -0.00 
 P5   parameter:          4.60 
 P5P  parameter:          8.43 
 P6   parameter:          0.40 
 P6P  parameter:          0.24 
 P10  parameter:          0.10 
 P10P parameter:          0.10 
 P11  parameter:          7.00 
 P12  parameter:          6.00 
 P13  parameter:         16.00 
 full pseudoknot model.
----------------------------------------------------------------------


	             SS  ...............>>>...AAAAAAAA<<<.....aaaaaaaaa
	     typeC_2.6b  UCAAGUGAAACUUAACCGUUAUCAUAGAUCGGGACAAAUCUAUGAA

---------------------------------------------------
45 45 22 22  
tracing WX 9028 
 (W7) trace wx  13 13 100
 (W7) trace wx  45 31 8928
---------------------------------------------------
45 31 15 15  
tracing WX 8928 
 (W10.1) trace yhx 34 20 3 5 4678
 (W10.1) trace yhx 45 26 9 8 9360
---------------------------------------------------
45 26 9 8  
tracing YHX 9360 
 (YH5) SLE, trace yhx 45 25 8 8 9560 
---------------------------------------------------
45 25 8 8  
tracing YHX 9560 
 (YH2) SLE, SRE, trace vhx 44 23 7 7 9130 
---------------------------------------------------
44 23 7 7  
tracing VHX  9130 
 (vh2) trace vhx 44 23 1 1 1909 
 (vh2) trace vhx 43 21 6 6 7221 
---------------------------------------------------
43 21 6 6  
tracing VHX  7221 
 (vh2) trace vhx 43 21 1 1 1494 
 (vh2) trace vhx 42 19 5 5 5727 
---------------------------------------------------
42 19 5 5  
tracing VHX  5727 
 (vh2) trace vhx 42 19 1 1 747 
 (vh2) trace vhx 41 17 4 4 4980 
---------------------------------------------------
41 17 4 4  
tracing VHX  4980 
 (vh2) trace vhx 41 17 1 1 913 
 (vh2) trace vhx 40 15 3 3 4067 
---------------------------------------------------
40 15 3 3  
tracing VHX  4067 
 (vh2) trace vhx 40 15 1 1 1411 
 (vh2) trace vhx 39 13 2 2 2656 
---------------------------------------------------
39 13 2 2  
tracing VHX  2656 
 (vh2) trace vhx 39 13 1 1 1909 
 (vh2) trace vhx 38 11 1 1 747 
---------------------------------------------------
38 11 1 1  
tracing VHX  747 
 (vh1) IS2 (1,1) 38 11 747 
---------------------------------------------------
39 13 1 1  
tracing VHX  1909 
 (vh1) IS2 (1,1) 39 13 1909 
---------------------------------------------------
40 15 1 1  
tracing VHX  1411 
 (vh1) IS2 (1,1) 40 15 1411 
---------------------------------------------------
41 17 1 1  
tracing VHX  913 
 (vh1) IS2 (1,1) 41 17 913 
---------------------------------------------------
42 19 1 1  
tracing VHX  747 
 (vh1) IS2 (1,1) 42 19 747 
---------------------------------------------------
43 21 1 1  
tracing VHX  1494 
 (vh1) IS2 (1,1) 43 21 1494 
---------------------------------------------------
44 23 1 1  
tracing VHX  1909 
 (vh1) IS2 (1,1) 44 23 1909 
---------------------------------------------------
34 20 3 5  
tracing YHX 4678 
 (YH6) SRE, trace yhx 33 19 3 4 4878 
---------------------------------------------------
33 19 3 4  
tracing YHX 4878 
 (YH6) SRE, trace yhx 32 18 3 3 5078 
---------------------------------------------------
32 18 3 3  
tracing YHX 5078 
 (YH2) SLE, SRE, trace vhx 31 16 2 2 4067 
---------------------------------------------------
31 16 2 2  
tracing VHX  4067 
 (vh2) trace vhx 31 16 1 1 2407 
 (vh2) trace vhx 30 14 1 1 1660 
---------------------------------------------------
30 14 1 1  
tracing VHX  1660 
 (vh1) IS2 (1,1) 30 14 1660 
---------------------------------------------------
31 16 1 1  
tracing VHX  2407 
 (vh1) IS2 (1,1) 31 16 2407 
---------------------------------------------------
13 13 6 6  
tracing WX 100 
 (W6) SR, trace wx 12 12 100
---------------------------------------------------
12 12 6 5  
tracing WX 100 
 (W6) SR, trace wx 11 11 100
---------------------------------------------------
11 11 5 5  
tracing WX 100 
 (W6) SR, trace wx 10 10 100
---------------------------------------------------
10 10 5 4  
tracing WX 100 
 (W6) SR, trace wx 9 9 100
---------------------------------------------------
9 9 4 4  
tracing WX 100 
 (W6) SR, trace wx 8 8 100
---------------------------------------------------
8 8 4 3  
tracing WX 100 
 (W4) SR, trace vx 7 7 -700
---------------------------------------------------
7 7 3 3  
tracing VX  -700   
 (v2) IS2 (1,1) 2300
 trace vx 6 5 -3000
---------------------------------------------------
6 5 2 2  
tracing VX  -3000   
 (v1) hairpin 5, -3000 
NAM  typeC_2.6b
SRC  typeC_2.6b - 0..45::46
SEQ  +SS
       1 U   C   A   A   G   U   G   A   A   A   C   U   U   A   A   C   C   G   U   U
         0   1   2   3   4   5   6   7   8   9   10  11  12  13  14  15  16  17  18  19  
         7   6   .   .   .   .   1   0   .   .   .   .   .   .   .   31  30  29  .   .   

      21 A   U   C   A   U   A   G   A   U   C   G   G   G   A   C   A   A   A   U   C
         20  21  22  23  24  25  26  27  28  29  30  31  32  33  34  35  36  37  38  39  
         .   44  43  42  41  40  39  38  37  17  16  15  .   .   .   .   .   28  27  26  

      41 U   A   U   G   A   A
         40  41  42  43  44  45  
         25  24  23  22  21  .   

true pairs 11.0	 found pairs 13.0	 agree 11.0 (sen=100.00 spe=84.62 -- C_ap = 91.99)
----------------------------------------------------------------------
   Log odds score:        9028 
energy (kcal/mol):       -9.03 
number of pairs found:      13.00 
number of pairs annotated:  11.00 
----------------------------------------------------------------------
Allow pseudoknots? YES
----------------------------------------------------------------------
Parameters (energy units, kcal/mol)
 wkn  parameter:          0.83 (pseudoknots weight)
 P1   parameter:         -0.00 
 P2   parameter:         -0.00 
 P3   parameter:          3.00 
 P4   parameter:         -0.00 
 P5   parameter:          4.60 
 P5P  parameter:          8.43 
 P6   parameter:          0.40 
 P6P  parameter:          0.24 
 P10  parameter:          0.10 
 P10P parameter:          0.10 
 P11  parameter:          7.00 
 P12  parameter:          6.00 
 P13  parameter:         16.00 
 full pseudoknot model.
----------------------------------------------------------------------


	             SS  .........>>>..AAA.....<<<.....aaa........
	     typeC_2.2b  AAUCAAGUACCUAGGUGAUAAAAGGGAGAACACGUGUGACU

---------------------------------------------------
40 40 20 19  
tracing WX 2500 
 (W6) SR, trace wx 39 39 2500
---------------------------------------------------
39 39 19 19  
tracing WX 2500 
 (W6) SR, trace wx 38 38 2500
---------------------------------------------------
38 38 19 18  
tracing WX 2500 
 (W6) SR, trace wx 37 37 2500
---------------------------------------------------
37 37 18 18  
tracing WX 2500 
 (W7) trace wx  27 27 2400
 (W7) trace wx  37 9 100
---------------------------------------------------
37 9 4 4  
tracing WX 100 
 (W2) SR SL, trace vx 36 7 -900
---------------------------------------------------
36 7 3 3  
tracing VX  -900   
 (v2) IS2 (1,1) 2100
 trace vx 35 5 -3000
---------------------------------------------------
35 5 2 2  
tracing VX  -3000   
 (v1) hairpin 5, -3000 
---------------------------------------------------
27 27 13 13  
tracing WX 2400 
 (W6) SR, trace wx 26 26 2400
---------------------------------------------------
26 26 13 12  
tracing WX 2400 
 (W6) SR, trace wx 25 25 2400
---------------------------------------------------
25 25 12 12  
tracing WX 2400 
 (W6) SR, trace wx 24 24 2400
---------------------------------------------------
24 24 12 11  
tracing WX 2400 
 (W6) SR, trace wx 23 23 2400
---------------------------------------------------
23 23 11 11  
tracing WX 2400 
 (W6) SR, trace wx 22 22 2400
---------------------------------------------------
22 22 11 10  
tracing WX 2400 
 (W6) SR, trace wx 21 21 2400
---------------------------------------------------
21 21 10 10  
tracing WX 2400 
 (W6) SR, trace wx 20 20 2400
---------------------------------------------------
20 20 10 9  
tracing WX 2400 
 (W6) SR, trace wx 19 19 2400
---------------------------------------------------
19 19 9 9  
tracing WX 2400 
 (W2) SR SL, trace vx 18 17 1400
---------------------------------------------------
18 17 8 8  
tracing VX  1400   
 (v2) IS2 (1,1) 900
 trace vx 17 15 500
---------------------------------------------------
17 15 7 7  
tracing VX  500   
 (v2) IS2 (1,1) 2300
 trace vx 16 13 -1800
---------------------------------------------------
16 13 6 6  
tracing VX  -1800   
 (v2) IS2 (1,1) 1800
 trace vx 15 11 -3600
---------------------------------------------------
15 11 5 5  
tracing VX  -3600   
 (v1) hairpin 11, -3600 
NAM  typeC_2.2b
SRC  typeC_2.2b - 0..40::41
SEQ  +SS
       1 A   A   U   C   A   A   G   U   A   C   C   U   A   G   G   U   G   A   U   A
         0   1   2   3   4   5   6   7   8   9   10  11  12  13  14  15  16  17  18  19  
         .   18  17  16  15  .   .   .   .   .   .   .   .   .   .   4   3   2   1   .   

      21 A   A   A   G   G   G   A   G   A   A   C   A   C   G   U   G   U   G   A   C
         20  21  22  23  24  25  26  27  28  29  30  31  32  33  34  35  36  37  38  39  
         .   .   .   .   .   .   .   .   .   36  35  .   .   .   .   30  29  .   .   .   

      41 U
         40  
         .   

true pairs 6.0	 found pairs 6.0	 agree 0.0 (sen=0.00 spe=0.00 -- C_ap = 0.00)
----------------------------------------------------------------------
   Log odds score:        2500 
energy (kcal/mol):       -2.50 
number of pairs found:      6.00 
number of pairs annotated:  6.00 
----------------------------------------------------------------------
Allow pseudoknots? YES
----------------------------------------------------------------------
Parameters (energy units, kcal/mol)
 wkn  parameter:          0.83 (pseudoknots weight)
 P1   parameter:         -0.00 
 P2   parameter:         -0.00 
 P3   parameter:          3.00 
 P4   parameter:         -0.00 
 P5   parameter:          4.60 
 P5P  parameter:          8.43 
 P6   parameter:          0.40 
 P6P  parameter:          0.24 
 P10  parameter:          0.10 
 P10P parameter:          0.10 
 P11  parameter:          7.00 
 P12  parameter:          6.00 
 P13  parameter:         16.00 
 full pseudoknot model.
----------------------------------------------------------------------
