PKNOTS: optimal minimum-energy RNA folding with pseudoknots and coaxial energies
        PKNOTS 1.04 (Fri Jul  9 14:23:04 CDT 2004) using squid 1.5m (Sept 1997)
---------------------------------------------------
Folding sequences from:  /home/elena/pknots/pknots-1.04/Demos/alphamRNA.sqd 
---------------------------------------------------



	             SS  ...>>>>>>>.>>>>>........AAAA....AAAA....BBBB.<<<<<
	      alphamRNA  GUCUGUGCGUUUCCAUUUGAGUAUCCUGAAAACGGGCUUUUCAGCAUGGA

	             SS  <<<<<<<..........................aaaa.....aaaa....
	      alphamRNA  ACGUACAUAUUAAAUAGUAGGAGUGCAUAGUGGCCCGUAUAGCAGGCAUU

	             SS  .......bbbb.
	      alphamRNA  AACAUUCCUGAU

---------------------------------------------------
111 111 55 55  
tracing WX 31600 
 (W6) SR, trace wx 110 110 31600
---------------------------------------------------
110 110 55 54  
tracing WX 31600 
 (W7) trace wx  65 65 19600
 (W7) trace wx  110 44 12000
---------------------------------------------------
110 44 22 21  
tracing WX 12000 
 (W2) SR SL, trace vx 109 42 11000
---------------------------------------------------
109 42 21 20  
tracing VX  11000   
 (v2) IS2 (1,1) 800
 trace vx 108 40 10200
---------------------------------------------------
108 40 20 19  
tracing VX  10200   
 (v2) IS2 (1,1) 1700
 trace vx 107 38 8500
---------------------------------------------------
107 38 19 18  
tracing VX  8500   
 (v2) IS2 (1,1) 2900
 trace vx 106 36 5600
---------------------------------------------------
106 36 18 17  
tracing VX  5600   
 (v2) IS2 (1,1) 2300
 trace vx 105 34 3300
---------------------------------------------------
105 34 17 16  
tracing VX  3300   
 (v2) IS2 (1,1) 500
 trace vx 104 32 2800
---------------------------------------------------
104 32 16 15  
tracing VX  2800   
 (v2) IS2 (1,1) 1000
 trace vx 103 30 1800
---------------------------------------------------
103 30 15 14  
tracing VX  1800   
 (v2) IS2 (1,1) 1800
 trace vx 102 28 0
---------------------------------------------------
102 28 14 13  
tracing VX  0   
 (v2) IS2 (3,2) -2600
 trace vx 100 23 2600
---------------------------------------------------
100 23 11 11  
tracing VX  2600   
 (v2) IS2 (1,1) 1100
 trace vx 99 21 1500
---------------------------------------------------
99 21 10 10  
tracing VX  1500   
 (v2) IS2 (1,1) 500
 trace vx 98 19 1000
---------------------------------------------------
98 19 9 9  
tracing VX  1000   
 (v2) IS2 (1,1) 1000
 trace vx 97 17 0
---------------------------------------------------
97 17 8 8  
tracing VX  0   
 (v2) IS2 (1,1) 1800
 trace vx 96 15 -1800
---------------------------------------------------
96 15 7 7  
tracing VX  -1800   
 (v2) IS2 (2,1) -500
 trace vx 95 12 -1300
---------------------------------------------------
95 12 6 5  
tracing VX  -1300   
 (v2) IS2 (1,1) 2900
 trace vx 94 10 -4200
---------------------------------------------------
94 10 5 4  
tracing VX  -4200   
 (v1) hairpin 10, -4200 
---------------------------------------------------
65 65 32 32  
tracing WX 19600 
 (W6) SR, trace wx 64 64 19600
---------------------------------------------------
64 64 32 31  
tracing WX 19600 
 (W6) SR, trace wx 63 63 19600
---------------------------------------------------
63 63 31 31  
tracing WX 19600 
 (W6) SR, trace wx 62 62 19600
---------------------------------------------------
62 62 31 30  
tracing WX 19600 
 (W6) SR, trace wx 61 61 19600
---------------------------------------------------
61 61 30 30  
tracing WX 19600 
 (W6) SR, trace wx 60 60 19600
---------------------------------------------------
60 60 30 29  
tracing WX 19600 
 (W4) SR, trace vx 59 59 18900
---------------------------------------------------
59 59 29 29  
tracing VX  18900   
 (v2) IS2 (1,1) 1000
 trace vx 58 57 17900
---------------------------------------------------
58 57 28 28  
tracing VX  17900   
 (v2) IS2 (2,2) -800
 trace vx 56 53 18700
---------------------------------------------------
56 53 26 26  
tracing VX  18700   
 (v2) IS2 (1,1) 1800
 trace vx 55 51 16900
---------------------------------------------------
55 51 25 25  
tracing VX  16900   
 (v2) IS2 (1,1) 2100
 trace vx 54 49 14800
---------------------------------------------------
54 49 24 24  
tracing VX  14800   
 (v2) IS2 (1,1) 800
 trace vx 53 47 14000
---------------------------------------------------
53 47 23 23  
tracing VX  14000   
 (v2) IS2 (1,1) 2100
 trace vx 52 45 11900
---------------------------------------------------
52 45 22 22  
tracing VX  11900   
 (v2) IS2 (1,1) 2000
 trace vx 51 43 9900
---------------------------------------------------
51 43 21 21  
tracing VX  9900   
 (v2) IS2 (1,1) 2100
 trace vx 50 41 7800
---------------------------------------------------
50 41 20 20  
tracing VX  7800   
 (v2) IS2 (1,1) 900
 trace vx 49 39 6900
---------------------------------------------------
49 39 19 19  
tracing VX  6900   
 (v2) IS2 (2,1) -1600
 trace vx 48 36 8500
---------------------------------------------------
48 36 18 17  
tracing VX  8500   
 (v2) IS2 (1,1) 2900
 trace vx 47 34 5600
---------------------------------------------------
47 34 17 16  
tracing VX  5600   
 (v2) IS2 (1,1) 1800
 trace vx 46 32 3800
---------------------------------------------------
46 32 16 15  
tracing VX  3800   
 (v2) IS2 (1,1) 900
 trace vx 45 30 2900
---------------------------------------------------
45 30 15 14  
tracing VX  2900   
 (v2) IS2 (1,2) -2800
 trace vx 43 27 5700
---------------------------------------------------
43 27 13 13  
tracing VX  5700   
 (v2) IS2 (1,1) 500
 trace vx 42 25 5200
---------------------------------------------------
42 25 12 12  
tracing VX  5200   
 (v2) IS2 (1,1) 1800
 trace vx 41 23 3400
---------------------------------------------------
41 23 11 11  
tracing VX  3400   
 (v2) IS2 (1,1) 2300
 trace vx 40 21 1100
---------------------------------------------------
40 21 10 10  
tracing VX  1100   
 (v2) IS2 (1,1) 500
 trace vx 39 19 600
---------------------------------------------------
39 19 9 9  
tracing VX  600   
 (v2) IS2 (2,2) -800
 trace vx 37 15 1400
---------------------------------------------------
37 15 7 7  
tracing VX  1400   
 (v2) IS2 (2,2) -800
 trace vx 35 11 2200
---------------------------------------------------
35 11 5 5  
tracing VX  2200   
 (v2) IS2 (1,1) 2900
 trace vx 34 9 -700
---------------------------------------------------
34 9 4 4  
tracing VX  -700   
 (v2) IS2 (1,1) 1900
 trace vx 33 7 -2600
---------------------------------------------------
33 7 3 3  
tracing VX  -2600   
 (v2) IS2 (1,1) 1200
 trace vx 32 5 -3800
---------------------------------------------------
32 5 2 2  
tracing VX  -3800   
 (v1) hairpin 5, -3800 
NAM  alphamRNA
SRC  alphamRNA - 0..85::86
SEQ  +SS
       1 G   U   C   U   G   U   G   C   G   U   U   U   C   C   A   U   U   U   G   A
         0   1   2   3   4   5   6   7   8   9   10  11  12  13  14  15  16  17  18  19  
         59  58  .   56  55  54  53  52  51  50  49  .   48  47  46  45  43  42  41  40  

      21 G   U   A   U   C   C   U   G   A   A   A   A   C   G   G   G   C   U   U   U
         20  21  22  23  24  25  26  27  28  29  30  31  32  33  34  35  36  37  38  39  
         39  .   37  .   35  34  33  32  .   .   .   .   27  26  25  24  .   22  .   20  

      41 U   C   A   G   C   A   U   G   G   A   A   C   G   U   A   C   A   U   A   U
         40  41  42  43  44  45  46  47  48  49  50  51  52  53  54  55  56  57  58  59  
         19  18  17  16  .   15  14  13  12  10  9   8   7   6   5   4   3   .   1   0   

      61 U   A   A   A   U   A   G   U   A   G   G   A   G   U   G   C   A   U   A   G
         60  61  62  63  64  65  66  67  68  69  70  71  72  73  74  75  76  77  78  79  
         .   .   .   .   .   .   .   109 108 107 106 105 104 103 102 .   .   100 99  98  

      81 U   G   G   C   C   C   G   U   A   U   A   G   C   A   G   G   C   A   U   U
         80  81  82  83  84  85  86  87  88  89  90  91  92  93  94  95  96  97  98  99  
         97  96  .   95  94  .   .   .   .   .   .   .   .   .   84  83  81  80  79  78  

     101 A   A   C   A   U   U   C   C   U   G   A   U
         100 101 102 103 104 105 106 107 108 109 110 111 
         77  .   74  73  72  71  70  69  68  67  .   .   

true pairs 24.0	 found pairs 39.0	 agree 11.0 (sen=45.83 spe=28.21 -- C_ap = 35.95)
----------------------------------------------------------------------
   Log odds score:       31600 
energy (kcal/mol):      -31.60 
number of pairs found:      39.00 
number of pairs annotated:  24.00 
----------------------------------------------------------------------
Allow pseudoknots? YES
----------------------------------------------------------------------
Parameters (energy units, kcal/mol)
 wkn  parameter:          0.83 (pseudoknots weight)
 P1   parameter:         -0.00 
 P2   parameter:         -0.00 
 P3   parameter:         -0.00 
 P4   parameter:         -0.00 
 P5   parameter:          4.60 
 P5P  parameter:          8.43 
 P6   parameter:          0.40 
 P6P  parameter:          0.24 
 P10  parameter:          0.10 
 P10P parameter:          0.10 
 P11  parameter:          7.00 
 P12  parameter:          6.00 
 P13  parameter:         16.00 
 full pseudoknot model.
----------------------------------------------------------------------
