PKNOTS: optimal minimum-energy RNA folding with pseudoknots and coaxial energies
        PKNOTS 1.04 (Fri Jul  9 14:23:04 CDT 2004) using squid 1.5m (Sept 1997)
---------------------------------------------------
Folding sequences from:  /home/elena/pknots/pknots-1.04/Demos/APLV.sqd 
---------------------------------------------------



	             SS  ...>>>>>....<<<<<..>>>>>.......<<<<<......>>>.....
	       APLVcolI  AAUGAAGGCAGUCCUUCUCCCUUUAGCACACAAAGGUCAAAUGGGUGCGA

	             SS  ..<<<AAA...>>>>>>aaa...<<<<<<....
	       APLVcolI  CUCCCCCCCUUUUCCGAGGGUCAUCGGAAACCA

---------------------------------------------------
82 82 41 40  
tracing WX 22420 
 (W5) SL, trace wx  82 81 22420
---------------------------------------------------
82 81 40 40  
tracing WX 22420 
 (W5) SL, trace wx  82 80 22420
---------------------------------------------------
82 80 40 39  
tracing WX 22420 
 (W5) SL, trace wx  82 79 22420
---------------------------------------------------
82 79 39 39  
tracing WX 22420 
 (W5) SL, trace wx  82 78 22420
---------------------------------------------------
82 78 39 38  
tracing WX 22420 
 (W5) SL, trace wx  82 77 22420
---------------------------------------------------
82 77 38 38  
tracing WX 22420 
 (W5) SL, trace wx  82 76 22420
---------------------------------------------------
82 76 38 37  
tracing WX 22420 
 (W6) SR, trace wx 81 75 22420
---------------------------------------------------
81 75 37 37  
tracing WX 22420 
 (W6) SR, trace wx 80 74 22420
---------------------------------------------------
80 74 37 36  
tracing WX 22420 
 (W10.1) trace yhx 70 64 51 3 18385
 (W10.1) trace yhx 80 21 7 7 9477
---------------------------------------------------
80 21 7 7  
tracing YHX 9477 
 (YH2) SLE, SRE, trace vhx 79 19 6 6 9379 
---------------------------------------------------
79 19 6 6  
tracing VHX  9379 
 (vh2) trace vhx 79 19 1 1 747 
 (vh2) trace vhx 78 17 5 5 8632 
---------------------------------------------------
78 17 5 5  
tracing VHX  8632 
 (vh2) trace vhx 78 17 1 1 747 
 (vh2) trace vhx 77 15 4 4 7885 
---------------------------------------------------
77 15 4 4  
tracing VHX  7885 
 (vh2) trace vhx 77 15 1 1 1909 
 (vh2) trace vhx 76 13 3 3 5976 
---------------------------------------------------
76 13 3 3  
tracing VHX  5976 
 (vh2) trace vhx 76 13 1 1 2407 
 (vh2) trace vhx 75 11 2 2 3569 
---------------------------------------------------
75 11 2 2  
tracing VHX  3569 
 (vh2) trace vhx 75 11 1 1 1660 
 (vh2) trace vhx 74 9 1 1 1909 
---------------------------------------------------
74 9 1 1  
tracing VHX  1909 
 (vh1) IS2 (1,1) 74 9 1909 
---------------------------------------------------
75 11 1 1  
tracing VHX  1660 
 (vh1) IS2 (1,1) 75 11 1660 
---------------------------------------------------
76 13 1 1  
tracing VHX  2407 
 (vh1) IS2 (1,1) 76 13 2407 
---------------------------------------------------
77 15 1 1  
tracing VHX  1909 
 (vh1) IS2 (1,1) 77 15 1909 
---------------------------------------------------
78 17 1 1  
tracing VHX  747 
 (vh1) IS2 (1,1) 78 17 747 
---------------------------------------------------
79 19 1 1  
tracing VHX  747 
 (vh1) IS2 (1,1) 79 19 747 
---------------------------------------------------
70 64 51 3  
tracing YHX 18385 
 (YH6) SRE, trace yhx 69 63 51 2 18585 
---------------------------------------------------
69 63 51 2  
tracing YHX 18585 
 (YH8.1) EL, trace vx  54 48 10700 
 (YH8.1) EL, trace vhx 69 14 2 2 4814 
---------------------------------------------------
54 48 24 23  
tracing VX  10700   
 (v2) IS2 (1,1) 2900
 trace vx 53 46 7800
---------------------------------------------------
53 46 23 22  
tracing VX  7800   
 (v2) IS2 (2,2) -800
 trace vx 51 42 8600
---------------------------------------------------
51 42 21 20  
tracing VX  8600   
 (v2) IS2 (1,1) 1700
 trace vx 50 40 6900
---------------------------------------------------
50 40 20 19  
tracing VX  6900   
 (v2) IS2 (1,1) 2100
 trace vx 49 38 4800
---------------------------------------------------
49 38 19 18  
tracing VX  4800   
 (v2) IS2 (1,1) 2300
 trace vx 48 36 2500
---------------------------------------------------
48 36 18 17  
tracing VX  2500   
 (v2) IS2 (2,2) -800
 trace vx 46 32 3300
---------------------------------------------------
46 32 16 15  
tracing VX  3300   
 (v2) IS2 (4,2) -400
 trace vx 44 26 3700
---------------------------------------------------
44 26 13 12  
tracing VX  3700   
 (v2) IS2 (1,1) 2900
 trace vx 43 24 800
---------------------------------------------------
43 24 12 11  
tracing VX  800   
 (v2) IS2 (1,1) 2900
 trace vx 42 22 -2100
---------------------------------------------------
42 22 11 10  
tracing VX  -2100   
 (v2) IS2 (1,2) -2200
 trace vx 40 19 100
---------------------------------------------------
40 19 9 9  
tracing VX  100   
 (v2) IS2 (1,1) 900
 trace vx 39 17 -800
---------------------------------------------------
39 17 8 8  
tracing VX  -800   
 (v2) IS2 (1,1) 900
 trace vx 38 15 -1700
---------------------------------------------------
38 15 7 7  
tracing VX  -1700   
 (v2) IS2 (2,2) -800
 trace vx 36 11 -900
---------------------------------------------------
36 11 5 5  
tracing VX  -900   
 (v2) IS2 (1,1) 2100
 trace vx 35 9 -3000
---------------------------------------------------
35 9 4 4  
tracing VX  -3000   
 (v1) hairpin 9, -3000 
---------------------------------------------------
69 14 2 2  
tracing VHX  4814 
 (vh2) trace vhx 69 14 1 1 2407 
 (vh2) trace vhx 68 12 1 1 2407 
---------------------------------------------------
68 12 1 1  
tracing VHX  2407 
 (vh1) IS2 (1,1) 68 12 2407 
---------------------------------------------------
69 14 1 1  
tracing VHX  2407 
 (vh1) IS2 (1,1) 69 14 2407 
NAM  APLVcolI
SRC  APLVcolI - 0..82::83
SEQ  +SS
       1 A   A   U   G   A   A   G   G   C   A   G   U   C   C   U   U   C   U   C   C
         0   1   2   3   4   5   6   7   8   9   10  11  12  13  14  15  16  17  18  19  
         .   .   .   .   .   .   54  53  .   51  50  49  48  .   46  .   .   .   44  43  

      21 C   U   U   U   A   G   C   A   C   A   C   A   A   A   G   G   U   C   A   A
         20  21  22  23  24  25  26  27  28  29  30  31  32  33  34  35  36  37  38  39  
         42  40  39  38  .   36  35  .   .   .   .   .   .   .   .   26  25  .   23  22  

      41 A   U   G   G   G   U   G   C   G   A   C   U   C   C   C   C   C   C   C   U
         40  41  42  43  44  45  46  47  48  49  50  51  52  53  54  55  56  57  58  59  
         21  .   20  19  18  .   14  .   12  11  10  9   .   7   6   69  68  67  .   .   

      61 U   U   U   C   C   G   A   G   G   G   U   C   A   U   C   G   G   A   A   A
         60  61  62  63  64  65  66  67  68  69  70  71  72  73  74  75  76  77  78  79  
         79  78  77  76  75  74  73  57  56  55  .   .   .   66  65  64  63  62  61  60  

      81 C   C   A
         80  81  82  
         .   .   .   

true pairs 22.0	 found pairs 25.0	 agree 9.0 (sen=40.91 spe=36.00 -- C_ap = 38.38)
----------------------------------------------------------------------
   Log odds score:       22420 
energy (kcal/mol):      -22.42 
number of pairs found:      25.00 
number of pairs annotated:  22.00 
----------------------------------------------------------------------
Allow pseudoknots? YES
----------------------------------------------------------------------
Parameters (energy units, kcal/mol)
 wkn  parameter:          0.83 (pseudoknots weight)
 P1   parameter:         -0.00 
 P2   parameter:         -0.00 
 P3   parameter:         -0.00 
 P4   parameter:         -0.00 
 P5   parameter:          4.60 
 P5P  parameter:          8.43 
 P6   parameter:          0.40 
 P6P  parameter:          0.24 
 P10  parameter:          0.10 
 P10P parameter:          0.10 
 P11  parameter:          7.00 
 P12  parameter:          6.00 
 P13  parameter:         16.00 
 full pseudoknot model.
----------------------------------------------------------------------
