PKNOTS: optimal minimum-energy RNA folding with pseudoknots and coaxial energies
        PKNOTS 1.04 (Fri Jul  9 14:23:04 CDT 2004) using squid 1.5m (Sept 1997)
---------------------------------------------------
Folding sequences from:  /home/elena/pknots/pknots-1.04/Demos/BBMV1.sqd 
---------------------------------------------------



	             SS  >>>>>>>..>>>>>>..AAAAAA<<<<<<.....>>>>>.>>..>>....
	          BBMV1  GAUAUCUGUACCGCCUGCUCCCCGGUGGUUUCGAUCCAUGGCUUCACGAU

	             SS  .<<..<<....<<<<<<<<<<<<>>>>>>>>>>....<<<<<<<<<<...
	          BBMV1  GUGUUGCAUAGAUGGAAGAUAUCGUGUGGUGUUGAAAAACACCACAUAGU

	             SS  ......aaaaaa....
	          BBMV1  CUCUUAGGGGAGACCA

---------------------------------------------------
115 115 57 57  
tracing WX 46600 
 (W6) SR, trace wx 114 114 46600
---------------------------------------------------
114 114 57 56  
tracing WX 46600 
 (W7) trace wx  97 97 39500
 (W7) trace wx  114 16 7100
---------------------------------------------------
114 16 8 7  
tracing WX 7100 
 (W4) SR, trace vx 113 15 6300
---------------------------------------------------
113 15 7 7  
tracing VX  6300   
 (v2) IS2 (1,1) 2100
 trace vx 112 13 4200
---------------------------------------------------
112 13 6 6  
tracing VX  4200   
 (v2) IS2 (1,1) 2300
 trace vx 111 11 1900
---------------------------------------------------
111 11 5 5  
tracing VX  1900   
 (v2) IS2 (1,1) 1700
 trace vx 110 9 200
---------------------------------------------------
110 9 4 4  
tracing VX  200   
 (v2) IS2 (1,1) 2300
 trace vx 109 7 -2100
---------------------------------------------------
109 7 3 3  
tracing VX  -2100   
 (v2) IS2 (1,1) 1900
 trace vx 108 5 -4000
---------------------------------------------------
108 5 2 2  
tracing VX  -4000   
 (v1) hairpin 5, -4000 
---------------------------------------------------
97 97 48 48  
tracing WX 39500 
 (W8.3) trace vx 72 72 22200
 (W8.3) dangle j, trace vx 96 23 14900
---------------------------------------------------
96 23 11 11  
tracing VX  14900   
 (v2) IS2 (1,1) 1000
 trace vx 95 21 13900
---------------------------------------------------
95 21 10 10  
tracing VX  13900   
 (v2) IS2 (1,1) 1800
 trace vx 94 19 12100
---------------------------------------------------
94 19 9 9  
tracing VX  12100   
 (v2) IS2 (1,1) 2100
 trace vx 93 17 10000
---------------------------------------------------
93 17 8 8  
tracing VX  10000   
 (v2) IS2 (1,1) 1800
 trace vx 92 15 8200
---------------------------------------------------
92 15 7 7  
tracing VX  8200   
 (v2) IS2 (1,1) 2900
 trace vx 91 13 5300
---------------------------------------------------
91 13 6 6  
tracing VX  5300   
 (v2) IS2 (1,1) 2100
 trace vx 90 11 3200
---------------------------------------------------
90 11 5 5  
tracing VX  3200   
 (v2) IS2 (1,1) 1800
 trace vx 89 9 1400
---------------------------------------------------
89 9 4 4  
tracing VX  1400   
 (v2) IS2 (1,1) 2100
 trace vx 88 7 -700
---------------------------------------------------
88 7 3 3  
tracing VX  -700   
 (v2) IS2 (1,1) 900
 trace vx 87 5 -1600
---------------------------------------------------
87 5 2 2  
tracing VX  -1600   
 (v1) hairpin 5, -1600 
---------------------------------------------------
72 72 36 35  
tracing VX  22200   
 (v2) IS2 (1,1) 2300
 trace vx 71 70 19900
---------------------------------------------------
71 70 35 34  
tracing VX  19900   
 (v2) IS2 (1,1) 900
 trace vx 70 68 19000
---------------------------------------------------
70 68 34 33  
tracing VX  19000   
 (v2) IS2 (1,1) 1100
 trace vx 69 66 17900
---------------------------------------------------
69 66 33 32  
tracing VX  17900   
 (v2) IS2 (1,1) 900
 trace vx 68 64 17000
---------------------------------------------------
68 64 32 31  
tracing VX  17000   
 (v2) IS2 (1,1) 2300
 trace vx 67 62 14700
---------------------------------------------------
67 62 31 30  
tracing VX  14700   
 (v2) IS2 (1,1) 1700
 trace vx 66 60 13000
---------------------------------------------------
66 60 30 29  
tracing VX  13000   
 (v4_3) multiloop, trace vx  31 24 7000
 (v4_3) multiloop, trace wbx 65 32 7700
---------------------------------------------------
65 32 16 15  
tracing WBX 7700 
 (WB3) SL, trace vx  65 31 7900
---------------------------------------------------
65 31 15 15  
tracing VX  7900   
 (v2) IS2 (1,1) 2300
 trace vx 64 29 5600
---------------------------------------------------
64 29 14 14  
tracing VX  5600   
 (v2) IS2 (1,1) 2900
 trace vx 63 27 2700
---------------------------------------------------
63 27 13 13  
tracing VX  2700   
 (v2) IS2 (1,1) 1800
 trace vx 62 25 900
---------------------------------------------------
62 25 12 12  
tracing VX  900   
 (v2) IS2 (1,1) 900
 trace vx 61 23 0
---------------------------------------------------
61 23 11 11  
tracing VX  0   
 (v2) IS2 (2,5) -1600
 trace vx 56 16 1600
---------------------------------------------------
56 16 8 7  
tracing VX  1600   
 (v2) IS2 (1,1) 3400
 trace vx 55 14 -1800
---------------------------------------------------
55 14 7 6  
tracing VX  -1800   
 (v2) IS2 (3,3) 100
 trace vx 52 8 -1900
---------------------------------------------------
52 8 4 3  
tracing VX  -1900   
 (v2) IS2 (1,1) 1800
 trace vx 51 6 -3700
---------------------------------------------------
51 6 3 2  
tracing VX  -3700   
 (v1) hairpin 6, -3700 
---------------------------------------------------
31 24 12 11  
tracing VX  7000   
 (v2) IS2 (2,3) -600
 trace vx 28 19 7600
---------------------------------------------------
28 19 9 9  
tracing VX  7600   
 (v2) IS2 (1,1) 2100
 trace vx 27 17 5500
---------------------------------------------------
27 17 8 8  
tracing VX  5500   
 (v2) IS2 (1,1) 2900
 trace vx 26 15 2600
---------------------------------------------------
26 15 7 7  
tracing VX  2600   
 (v2) IS2 (1,1) 1200
 trace vx 25 13 1400
---------------------------------------------------
25 13 6 6  
tracing VX  1400   
 (v2) IS2 (1,1) 2100
 trace vx 24 11 -700
---------------------------------------------------
24 11 5 5  
tracing VX  -700   
 (v2) IS2 (1,1) 2900
 trace vx 23 9 -3600
---------------------------------------------------
23 9 4 4  
tracing VX  -3600   
 (v1) hairpin 9, -3600 
NAM  BBMV1
SRC  BBMV1 - 0..115::116
SEQ  +SS
       1 G   A   U   A   U   C   U   G   U   A   C   C   G   C   C   U   G   C   U   C
         0   1   2   3   4   5   6   7   8   9   10  11  12  13  14  15  16  17  18  19  
         72  71  70  69  68  67  66  31  .   28  27  26  25  24  23  .   .   .   .   .   

      21 C   C   C   G   G   U   G   G   U   U   U   C   G   A   U   C   C   A   U   G
         20  21  22  23  24  25  26  27  28  29  30  31  32  33  34  35  36  37  38  39  
         .   .   .   14  13  12  11  10  9   .   .   7   .   .   65  64  63  62  61  .   

      41 G   C   U   U   C   A   C   G   A   U   G   U   G   U   U   G   C   A   U   A
         40  41  42  43  44  45  46  47  48  49  50  51  52  53  54  55  56  57  58  59  
         56  55  .   .   52  51  .   .   .   .   .   45  44  .   .   41  40  .   .   .   

      61 G   A   U   G   G   A   A   G   A   U   A   U   C   G   U   G   U   G   G   U
         60  61  62  63  64  65  66  67  68  69  70  71  72  73  74  75  76  77  78  79  
         .   38  37  36  35  34  6   5   4   3   2   1   0   96  95  94  93  92  91  90  

      81 G   U   U   G   A   A   A   A   A   C   A   C   C   A   C   A   U   A   G   U
         80  81  82  83  84  85  86  87  88  89  90  91  92  93  94  95  96  97  98  99  
         89  88  87  .   .   .   .   82  81  80  79  78  77  76  75  74  73  .   113 112 

     101 C   U   C   U   U   A   G   G   G   G   A   G   A   C   C   A
         100 101 102 103 104 105 106 107 108 109 110 111 112 113 114 115 
         111 110 109 108 .   .   .   .   103 102 101 100 99  98  .   .   

true pairs 38.0	 found pairs 39.0	 agree 32.0 (sen=84.21 spe=82.05 -- C_ap = 83.12)
----------------------------------------------------------------------
   Log odds score:       46600 
energy (kcal/mol):      -46.60 
number of pairs found:      39.00 
number of pairs annotated:  38.00 
----------------------------------------------------------------------
Allow pseudoknots? YES
----------------------------------------------------------------------
Parameters (energy units, kcal/mol)
 wkn  parameter:          0.83 (pseudoknots weight)
 P1   parameter:         -0.00 
 P2   parameter:         -0.00 
 P3   parameter:         -0.00 
 P4   parameter:         -0.00 
 P5   parameter:          4.60 
 P5P  parameter:          8.43 
 P6   parameter:          0.40 
 P6P  parameter:          0.24 
 P10  parameter:          0.10 
 P10P parameter:          0.10 
 P11  parameter:          7.00 
 P12  parameter:          6.00 
 P13  parameter:         16.00 
 full pseudoknot model.
----------------------------------------------------------------------
