PKNOTS: optimal minimum-energy RNA folding with pseudoknots and coaxial energies
        PKNOTS 1.04 (Fri Jul  9 14:23:04 CDT 2004) using squid 1.5m (Sept 1997)
---------------------------------------------------
Folding sequences from:  /home/elena/pknots/pknots-1.04/Demos/BBMV2.sqd 
---------------------------------------------------



	             SS  >>>>>>>..>>>>>>..AAAAAA<<<<<<.....>>>>>.>>>>>>....
	          BBMV2  GAUAUCUGUACCGUCUUCUCCCCGACGGUUUCGAUCCACAGCUUCACGAU

	             SS  .<<<<<<....<<<<<<<<<<<<>>>>>>>>>....<<<<<<<<<.....
	          BBMV2  GUGUAGCGUAGGUGGAAGGUAUCGUGUGGUGUUUAAACACCACAUAGUCU

	             SS  ....aaaaaa....
	          BBMV2  CUUAGGGGAGACCA

---------------------------------------------------
113 113 56 56  
tracing WX 45800 
 (W6) SR, trace wx 112 112 45800
---------------------------------------------------
112 112 56 55  
tracing WX 45800 
 (W7) trace wx  95 95 38700
 (W7) trace wx  112 16 7100
---------------------------------------------------
112 16 8 7  
tracing WX 7100 
 (W4) SR, trace vx 111 15 6300
---------------------------------------------------
111 15 7 7  
tracing VX  6300   
 (v2) IS2 (1,1) 2100
 trace vx 110 13 4200
---------------------------------------------------
110 13 6 6  
tracing VX  4200   
 (v2) IS2 (1,1) 2300
 trace vx 109 11 1900
---------------------------------------------------
109 11 5 5  
tracing VX  1900   
 (v2) IS2 (1,1) 1700
 trace vx 108 9 200
---------------------------------------------------
108 9 4 4  
tracing VX  200   
 (v2) IS2 (1,1) 2300
 trace vx 107 7 -2100
---------------------------------------------------
107 7 3 3  
tracing VX  -2100   
 (v2) IS2 (1,1) 1900
 trace vx 106 5 -4000
---------------------------------------------------
106 5 2 2  
tracing VX  -4000   
 (v1) hairpin 5, -4000 
---------------------------------------------------
95 95 47 47  
tracing WX 38700 
 (W8.3) trace vx 72 72 25300
 (W8.3) dangle j, trace vx 94 21 11000
---------------------------------------------------
94 21 10 10  
tracing VX  11000   
 (v2) IS2 (1,1) 1000
 trace vx 93 19 10000
---------------------------------------------------
93 19 9 9  
tracing VX  10000   
 (v2) IS2 (1,1) 1800
 trace vx 92 17 8200
---------------------------------------------------
92 17 8 8  
tracing VX  8200   
 (v2) IS2 (1,1) 2100
 trace vx 91 15 6100
---------------------------------------------------
91 15 7 7  
tracing VX  6100   
 (v2) IS2 (1,1) 1800
 trace vx 90 13 4300
---------------------------------------------------
90 13 6 6  
tracing VX  4300   
 (v2) IS2 (1,1) 2900
 trace vx 89 11 1400
---------------------------------------------------
89 11 5 5  
tracing VX  1400   
 (v2) IS2 (1,1) 2100
 trace vx 88 9 -700
---------------------------------------------------
88 9 4 4  
tracing VX  -700   
 (v2) IS2 (1,1) 1800
 trace vx 87 7 -2500
---------------------------------------------------
87 7 3 3  
tracing VX  -2500   
 (v2) IS2 (1,1) 2100
 trace vx 86 5 -4600
---------------------------------------------------
86 5 2 2  
tracing VX  -4600   
 (v1) hairpin 5, -4600 
---------------------------------------------------
72 72 36 35  
tracing VX  25300   
 (v2) IS2 (1,1) 2300
 trace vx 71 70 23000
---------------------------------------------------
71 70 35 34  
tracing VX  23000   
 (v2) IS2 (1,1) 900
 trace vx 70 68 22100
---------------------------------------------------
70 68 34 33  
tracing VX  22100   
 (v2) IS2 (1,1) 1100
 trace vx 69 66 21000
---------------------------------------------------
69 66 33 32  
tracing VX  21000   
 (v2) IS2 (1,1) 1000
 trace vx 68 64 20000
---------------------------------------------------
68 64 32 31  
tracing VX  20000   
 (v2) IS2 (1,1) 1400
 trace vx 67 62 18600
---------------------------------------------------
67 62 31 30  
tracing VX  18600   
 (v2) IS2 (1,1) 1700
 trace vx 66 60 16900
---------------------------------------------------
66 60 30 29  
tracing VX  16900   
 (v4_3) multiloop, trace vx  31 24 7200
 (v4_3) multiloop, trace wbx 65 32 11400
---------------------------------------------------
65 32 16 15  
tracing WBX 11400 
 (WB3) SL, trace vx  65 31 11600
---------------------------------------------------
65 31 15 15  
tracing VX  11600   
 (v2) IS2 (1,1) 2300
 trace vx 64 29 9300
---------------------------------------------------
64 29 14 14  
tracing VX  9300   
 (v2) IS2 (1,1) 2900
 trace vx 63 27 6400
---------------------------------------------------
63 27 13 13  
tracing VX  6400   
 (v2) IS2 (1,1) 1800
 trace vx 62 25 4600
---------------------------------------------------
62 25 12 12  
tracing VX  4600   
 (v2) IS2 (1,1) 2100
 trace vx 61 23 2500
---------------------------------------------------
61 23 11 11  
tracing VX  2500   
 (v2) IS2 (2,5) 100
 trace vx 56 16 2400
---------------------------------------------------
56 16 8 7  
tracing VX  2400   
 (v2) IS2 (1,1) 3400
 trace vx 55 14 -1000
---------------------------------------------------
55 14 7 6  
tracing VX  -1000   
 (v2) IS2 (1,1) 1700
 trace vx 54 12 -2700
---------------------------------------------------
54 12 6 5  
tracing VX  -2700   
 (v2) IS2 (2,2) -800
 trace vx 52 8 -1900
---------------------------------------------------
52 8 4 3  
tracing VX  -1900   
 (v2) IS2 (1,1) 1800
 trace vx 51 6 -3700
---------------------------------------------------
51 6 3 2  
tracing VX  -3700   
 (v1) hairpin 6, -3700 
---------------------------------------------------
31 24 12 11  
tracing VX  7200   
 (v2) IS2 (2,3) -600
 trace vx 28 19 7800
---------------------------------------------------
28 19 9 9  
tracing VX  7800   
 (v2) IS2 (1,1) 2100
 trace vx 27 17 5700
---------------------------------------------------
27 17 8 8  
tracing VX  5700   
 (v2) IS2 (1,1) 2900
 trace vx 26 15 2800
---------------------------------------------------
26 15 7 7  
tracing VX  2800   
 (v2) IS2 (1,1) 2000
 trace vx 25 13 800
---------------------------------------------------
25 13 6 6  
tracing VX  800   
 (v2) IS2 (1,1) 2100
 trace vx 24 11 -1300
---------------------------------------------------
24 11 5 5  
tracing VX  -1300   
 (v2) IS2 (1,1) 2300
 trace vx 23 9 -3600
---------------------------------------------------
23 9 4 4  
tracing VX  -3600   
 (v1) hairpin 9, -3600 
NAM  BBMV2
SRC  BBMV2 - 0..115::116
SEQ  +SS
       1 G   A   U   A   U   C   U   G   U   A   C   C   G   U   C   U   U   C   U   C
         0   1   2   3   4   5   6   7   8   9   10  11  12  13  14  15  16  17  18  19  
         72  71  70  69  68  67  66  31  .   28  27  26  25  24  23  .   .   .   .   .   

      21 C   C   C   G   A   C   G   G   U   U   U   C   G   A   U   C   C   A   C   A
         20  21  22  23  24  25  26  27  28  29  30  31  32  33  34  35  36  37  38  39  
         .   .   .   14  13  12  11  10  9   .   .   7   .   .   65  64  63  62  61  .   

      41 G   C   U   U   C   A   C   G   A   U   G   U   G   U   A   G   C   G   U   A
         40  41  42  43  44  45  46  47  48  49  50  51  52  53  54  55  56  57  58  59  
         56  55  54  .   52  51  .   .   .   .   .   45  44  .   42  41  40  .   .   .   

      61 G   G   U   G   G   A   A   G   G   U   A   U   C   G   U   G   U   G   G   U
         60  61  62  63  64  65  66  67  68  69  70  71  72  73  74  75  76  77  78  79  
         .   38  37  36  35  34  6   5   4   3   2   1   0   94  93  92  91  90  89  88  

      81 G   U   U   U   A   A   A   C   A   C   C   A   C   A   U   A   G   U   C   U
         80  81  82  83  84  85  86  87  88  89  90  91  92  93  94  95  96  97  98  99  
         87  86  .   .   .   .   81  80  79  78  77  76  75  74  73  .   111 110 109 108 

     101 C   U   U   A   G   G   G   G   A   G   A   C   C   A
         100 101 102 103 104 105 106 107 108 109 110 111 112 113 
         107 106 .   .   .   .   101 100 99  98  97  96  .   .   

true pairs 39.0	 found pairs 39.0	 agree 32.0 (sen=82.05 spe=82.05 -- C_ap = 82.05)
----------------------------------------------------------------------
   Log odds score:       45800 
energy (kcal/mol):      -45.80 
number of pairs found:      39.00 
number of pairs annotated:  39.00 
----------------------------------------------------------------------
Allow pseudoknots? YES
----------------------------------------------------------------------
Parameters (energy units, kcal/mol)
 wkn  parameter:          0.83 (pseudoknots weight)
 P1   parameter:         -0.00 
 P2   parameter:         -0.00 
 P3   parameter:         -0.00 
 P4   parameter:         -0.00 
 P5   parameter:          4.60 
 P5P  parameter:          8.43 
 P6   parameter:          0.40 
 P6P  parameter:          0.24 
 P10  parameter:          0.10 
 P10P parameter:          0.10 
 P11  parameter:          7.00 
 P12  parameter:          6.00 
 P13  parameter:         16.00 
 full pseudoknot model.
----------------------------------------------------------------------
