PKNOTS: optimal minimum-energy RNA folding with pseudoknots and coaxial energies
        PKNOTS 1.04 (Fri Jul  9 14:23:04 CDT 2004) using squid 1.5m (Sept 1997)
---------------------------------------------------
Folding sequences from:  /home/elena/pknots/pknots-1.04/Demos/biotin.sqd 
---------------------------------------------------



	             SS  ...>>>>>.AAAAAAA<<<<<.............................
	         biotin  GGCACCGACCAUAGGCUCGGGUUGCCAGAGGUUCCACACUUUCAUCGAAA

	             SS  .aaaaaaa...
	         biotin  AGCCUAUGCUA

---------------------------------------------------
60 60 30 29  
tracing WX 17583 
 (W6) SR, trace wx 59 59 17583
---------------------------------------------------
59 59 29 29  
tracing WX 17583 
 (W6) SR, trace wx 58 58 17583
---------------------------------------------------
58 58 29 28  
tracing WX 17583 
 (W10.1) trace yhx 47 47 6 30 10975
 (W10.1) trace yhx 58 50 8 8 11303
---------------------------------------------------
58 50 8 8  
tracing YHX 11303 
 (YH2) SLE, SRE, trace vhx 57 48 7 7 11205 
---------------------------------------------------
57 48 7 7  
tracing VHX  11205 
 (vh2) trace vhx 57 48 1 1 1494 
 (vh2) trace vhx 56 46 6 6 9711 
---------------------------------------------------
56 46 6 6  
tracing VHX  9711 
 (vh2) trace vhx 56 46 1 1 747 
 (vh2) trace vhx 55 44 5 5 8964 
---------------------------------------------------
55 44 5 5  
tracing VHX  8964 
 (vh2) trace vhx 55 44 1 1 913 
 (vh2) trace vhx 54 42 4 4 8051 
---------------------------------------------------
54 42 4 4  
tracing VHX  8051 
 (vh2) trace vhx 54 42 1 1 1411 
 (vh2) trace vhx 53 40 3 3 6640 
---------------------------------------------------
53 40 3 3  
tracing VHX  6640 
 (vh2) trace vhx 53 40 1 1 2407 
 (vh2) trace vhx 52 38 2 2 4233 
---------------------------------------------------
52 38 2 2  
tracing VHX  4233 
 (vh2) trace vhx 52 38 1 1 2822 
 (vh2) trace vhx 51 36 1 1 1411 
---------------------------------------------------
51 36 1 1  
tracing VHX  1411 
 (vh1) IS2 (1,1) 51 36 1411 
---------------------------------------------------
52 38 1 1  
tracing VHX  2822 
 (vh1) IS2 (1,1) 52 38 2822 
---------------------------------------------------
53 40 1 1  
tracing VHX  2407 
 (vh1) IS2 (1,1) 53 40 2407 
---------------------------------------------------
54 42 1 1  
tracing VHX  1411 
 (vh1) IS2 (1,1) 54 42 1411 
---------------------------------------------------
55 44 1 1  
tracing VHX  913 
 (vh1) IS2 (1,1) 55 44 913 
---------------------------------------------------
56 46 1 1  
tracing VHX  747 
 (vh1) IS2 (1,1) 56 46 747 
---------------------------------------------------
57 48 1 1  
tracing VHX  1494 
 (vh1) IS2 (1,1) 57 48 1494 
---------------------------------------------------
47 47 6 30  
tracing YHX 10975 
 (YH6) SRE, trace yhx 46 46 6 29 11175 
---------------------------------------------------
46 46 6 29  
tracing YHX 11175 
 (YH6) SRE, trace yhx 45 45 6 28 11375 
---------------------------------------------------
45 45 6 28  
tracing YHX 11375 
 (YH6) SRE, trace yhx 44 44 6 27 11575 
---------------------------------------------------
44 44 6 27  
tracing YHX 11575 
 (YH6) SRE, trace yhx 43 43 6 26 11775 
---------------------------------------------------
43 43 6 26  
tracing YHX 11775 
 (YH6) SRE, trace yhx 42 42 6 25 11975 
---------------------------------------------------
42 42 6 25  
tracing YHX 11975 
 (YH9) ER, trace wbx 42 15 1800 
 (YH9) ER, trace yhx 26 26 6 9 10175 
---------------------------------------------------
26 26 6 9  
tracing YHX 10175 
 (YH4) SRE, trace vhx 25 25 6 8 9047 
---------------------------------------------------
25 25 6 8  
tracing VHX  9047 
 (vh2) trace vhx 25 25 1 1 2407 
 (vh2) trace vhx 24 23 5 7 6640 
---------------------------------------------------
24 23 5 7  
tracing VHX  6640 
 (vh2) trace vhx 24 23 1 1 2822 
 (vh2) trace vhx 23 21 4 6 3818 
---------------------------------------------------
23 21 4 6  
tracing VHX  3818 
 (vh2) trace vhx 23 21 2 4 -249 
 (vh2) trace vhx 19 15 2 2 4067 
---------------------------------------------------
19 15 2 2  
tracing VHX  4067 
 (vh2) trace vhx 19 15 1 1 2407 
 (vh2) trace vhx 18 13 1 1 1660 
---------------------------------------------------
18 13 1 1  
tracing VHX  1660 
 (vh1) IS2 (1,1) 18 13 1660 
---------------------------------------------------
19 15 1 1  
tracing VHX  2407 
 (vh1) IS2 (1,1) 19 15 2407 
---------------------------------------------------
23 21 2 4  
tracing VHX  -249 
 (vh1) IS2 (2,4) 23 21 -249 
---------------------------------------------------
24 23 1 1  
tracing VHX  2822 
 (vh1) IS2 (1,1) 24 23 2822 
---------------------------------------------------
25 25 1 1  
tracing VHX  2407 
 (vh1) IS2 (1,1) 25 25 2407 
---------------------------------------------------
42 15 7 7  
tracing WBX 1800 
 (WB4) SR, trace vx 41 14 1800
---------------------------------------------------
41 14 7 6  
tracing VX  1800   
 (v2) IS2 (1,1) 1100
 trace vx 40 12 700
---------------------------------------------------
40 12 6 5  
tracing VX  700   
 (v2) IS2 (1,1) 500
 trace vx 39 10 200
---------------------------------------------------
39 10 5 4  
tracing VX  200   
 (v2) IS2 (1,1) 1900
 trace vx 38 8 -1700
---------------------------------------------------
38 8 4 3  
tracing VX  -1700   
 (v2) IS2 (1,1) 2100
 trace vx 37 6 -3800
---------------------------------------------------
37 6 3 2  
tracing VX  -3800   
 (v1) hairpin 6, -3800 
NAM  biotin
SRC  biotin - 0..60::61
SEQ  +SS
       1 G   G   C   A   C   C   G   A   C   C   A   U   A   G   G   C   U   C   G   G
         0   1   2   3   4   5   6   7   8   9   10  11  12  13  14  15  16  17  18  19  
         25  24  23  .   19  18  17  .   .   57  56  55  54  53  52  51  50  6   5   4   

      21 G   U   U   G   C   C   A   G   A   G   G   U   U   C   C   A   C   A   C   U
         20  21  22  23  24  25  26  27  28  29  30  31  32  33  34  35  36  37  38  39  
         .   .   .   2   1   0   .   41  40  39  38  37  .   .   .   .   .   31  30  29  

      41 U   U   C   A   U   C   G   A   A   A   A   G   C   C   U   A   U   G   C   U
         40  41  42  43  44  45  46  47  48  49  50  51  52  53  54  55  56  57  58  59  
         28  27  .   .   .   .   .   .   .   .   16  15  14  13  12  11  10  9   .   .   

      61 A
         60  
         .   

true pairs 12.0	 found pairs 19.0	 agree 10.0 (sen=83.33 spe=52.63 -- C_ap = 66.23)
----------------------------------------------------------------------
   Log odds score:       17583 
energy (kcal/mol):      -17.58 
number of pairs found:      19.00 
number of pairs annotated:  12.00 
----------------------------------------------------------------------
Allow pseudoknots? YES
----------------------------------------------------------------------
Parameters (energy units, kcal/mol)
 wkn  parameter:          0.83 (pseudoknots weight)
 P1   parameter:         -0.00 
 P2   parameter:         -0.00 
 P3   parameter:         -0.00 
 P4   parameter:         -0.00 
 P5   parameter:          4.60 
 P5P  parameter:          8.43 
 P6   parameter:          0.40 
 P6P  parameter:          0.24 
 P10  parameter:          0.10 
 P10P parameter:          0.10 
 P11  parameter:          7.00 
 P12  parameter:          6.00 
 P13  parameter:         16.00 
 full pseudoknot model.
----------------------------------------------------------------------
