PKNOTS: optimal minimum-energy RNA folding with pseudoknots and coaxial energies
        PKNOTS 1.04 (Fri Jul  9 14:23:04 CDT 2004) using squid 1.5m (Sept 1997)
---------------------------------------------------
Folding sequences from:  /home/elena/pknots/pknots-1.04/Demos/BMV1.sqd 
---------------------------------------------------



	             SS  .>>>>>>>..>>>>>>..AAAAAA<<<<<<.......>>>>>>....<<<
	           BMV1  AGGCGCCUUUGAGAGUUACUCUUUGCUCUCUUCGGAAGAACCCUUAGGGG

	             SS  <<<..>>>>>>>>>>>.....<<<<<<<....<<<<<<<<<<<.>>>>>>
	           BMV1  UUCGUGCAUGGGCUUGCAUAGCAAGUCUUAGAAUGCGGGUGUCGUACAGU

	             SS  >>......<<<<<<<<........aaaaaa....
	           BMV1  GUUGAAAAACACUGUAAAUCUCUAAAAGAGACCA

---------------------------------------------------
133 133 66 66  
tracing WX 50000 
 (W6) SR, trace wx 132 132 50000
---------------------------------------------------
132 132 66 65  
tracing WX 50000 
 (W6) SR, trace wx 131 131 50000
---------------------------------------------------
131 131 65 65  
tracing WX 50000 
 (W7) trace wx  116 116 45900
 (W7) trace wx  131 14 4100
---------------------------------------------------
131 14 7 6  
tracing WX 4100 
 (W2) SR SL, trace vx 130 12 3300
---------------------------------------------------
130 12 6 5  
tracing VX  3300   
 (v2) IS2 (1,1) 2300
 trace vx 129 10 1000
---------------------------------------------------
129 10 5 4  
tracing VX  1000   
 (v2) IS2 (1,1) 1700
 trace vx 128 8 -700
---------------------------------------------------
128 8 4 3  
tracing VX  -700   
 (v2) IS2 (1,1) 2300
 trace vx 127 6 -3000
---------------------------------------------------
127 6 3 2  
tracing VX  -3000   
 (v1) hairpin 6, -3000 
---------------------------------------------------
116 116 58 57  
tracing WX 45900 
 (W7) trace wx  93 93 33100
 (W7) trace wx  116 22 12800
---------------------------------------------------
116 22 11 10  
tracing WX 12800 
 (W4) SR, trace vx 115 21 12000
---------------------------------------------------
115 21 10 10  
tracing VX  12000   
 (v2) IS2 (1,1) 1100
 trace vx 114 19 10900
---------------------------------------------------
114 19 9 9  
tracing VX  10900   
 (v2) IS2 (1,1) 2100
 trace vx 113 17 8800
---------------------------------------------------
113 17 8 8  
tracing VX  8800   
 (v2) IS2 (1,1) 1800
 trace vx 112 15 7000
---------------------------------------------------
112 15 7 7  
tracing VX  7000   
 (v2) IS2 (1,1) 1700
 trace vx 111 13 5300
---------------------------------------------------
111 13 6 6  
tracing VX  5300   
 (v2) IS2 (1,1) 2100
 trace vx 110 11 3200
---------------------------------------------------
110 11 5 5  
tracing VX  3200   
 (v2) IS2 (1,1) 1800
 trace vx 109 9 1400
---------------------------------------------------
109 9 4 4  
tracing VX  1400   
 (v2) IS2 (1,1) 2100
 trace vx 108 7 -700
---------------------------------------------------
108 7 3 3  
tracing VX  -700   
 (v2) IS2 (1,1) 900
 trace vx 107 5 -1600
---------------------------------------------------
107 5 2 2  
tracing VX  -1600   
 (v1) hairpin 5, -1600 
---------------------------------------------------
93 93 46 46  
tracing WX 33100 
 (W2) SR SL, trace vx 92 91 31200
---------------------------------------------------
92 91 45 45  
tracing VX  31200   
 (v2) IS2 (1,1) 1400
 trace vx 91 89 29800
---------------------------------------------------
91 89 44 44  
tracing VX  29800   
 (v2) IS2 (1,1) 2100
 trace vx 90 87 27700
---------------------------------------------------
90 87 43 43  
tracing VX  27700   
 (v2) IS2 (1,1) 1200
 trace vx 89 85 26500
---------------------------------------------------
89 85 42 42  
tracing VX  26500   
 (v2) IS2 (1,1) 2100
 trace vx 88 83 24400
---------------------------------------------------
88 83 41 41  
tracing VX  24400   
 (v2) IS2 (1,1) 2900
 trace vx 87 81 21500
---------------------------------------------------
87 81 40 40  
tracing VX  21500   
 (v5_1) multiloop wbx 53 46 14100
 (v5_1) multiloop vx  86 32 9300
---------------------------------------------------
86 32 16 15  
tracing VX  9300   
 (v2) IS2 (1,1) 1200
 trace vx 85 30 8100
---------------------------------------------------
85 30 15 14  
tracing VX  8100   
 (v2) IS2 (1,1) 3400
 trace vx 84 28 4700
---------------------------------------------------
84 28 14 13  
tracing VX  4700   
 (v2) IS2 (1,1) 1800
 trace vx 83 26 2900
---------------------------------------------------
83 26 13 12  
tracing VX  2900   
 (v2) IS2 (1,1) 900
 trace vx 82 24 2000
---------------------------------------------------
82 24 12 11  
tracing VX  2000   
 (v2) IS2 (2,6) -2100
 trace vx 76 16 4100
---------------------------------------------------
76 16 8 7  
tracing VX  4100   
 (v2) IS2 (1,1) 1400
 trace vx 75 14 2700
---------------------------------------------------
75 14 7 6  
tracing VX  2700   
 (v2) IS2 (1,1) 2100
 trace vx 74 12 600
---------------------------------------------------
74 12 6 5  
tracing VX  600   
 (v2) IS2 (1,1) 1700
 trace vx 73 10 -1100
---------------------------------------------------
73 10 5 4  
tracing VX  -1100   
 (v2) IS2 (1,1) 900
 trace vx 72 8 -2000
---------------------------------------------------
72 8 4 3  
tracing VX  -2000   
 (v2) IS2 (1,1) 1800
 trace vx 71 6 -3800
---------------------------------------------------
71 6 3 2  
tracing VX  -3800   
 (v1) hairpin 6, -3800 
---------------------------------------------------
53 46 23 22  
tracing WBX 14100 
 (WB8.3) trace vx 36 29 3700
 (WB8.3) dangle j, trace vx 52 15 7600
---------------------------------------------------
52 15 7 7  
tracing VX  7600   
 (v2) IS2 (1,1) 2300
 trace vx 51 13 5300
---------------------------------------------------
51 13 6 6  
tracing VX  5300   
 (v2) IS2 (1,1) 900
 trace vx 50 11 4400
---------------------------------------------------
50 11 5 5  
tracing VX  4400   
 (v2) IS2 (1,1) 2100
 trace vx 49 9 2300
---------------------------------------------------
49 9 4 4  
tracing VX  2300   
 (v2) IS2 (1,1) 2900
 trace vx 48 7 -600
---------------------------------------------------
48 7 3 3  
tracing VX  -600   
 (v2) IS2 (1,1) 2900
 trace vx 47 5 -3500
---------------------------------------------------
47 5 2 2  
tracing VX  -3500   
 (v1) hairpin 5, -3500 
---------------------------------------------------
36 29 14 14  
tracing VX  3700   
 (v2) IS2 (1,1) 900
 trace vx 35 27 2800
---------------------------------------------------
35 27 13 13  
tracing VX  2800   
 (v2) IS2 (1,1) 1100
 trace vx 34 25 1700
---------------------------------------------------
34 25 12 12  
tracing VX  1700   
 (v2) IS2 (1,5) -4200
 trace vx 29 19 5900
---------------------------------------------------
29 19 9 9  
tracing VX  5900   
 (v2) IS2 (1,1) 2300
 trace vx 28 17 3600
---------------------------------------------------
28 17 8 8  
tracing VX  3600   
 (v2) IS2 (1,1) 1700
 trace vx 27 15 1900
---------------------------------------------------
27 15 7 7  
tracing VX  1900   
 (v2) IS2 (1,1) 2300
 trace vx 26 13 -400
---------------------------------------------------
26 13 6 6  
tracing VX  -400   
 (v2) IS2 (1,1) 1700
 trace vx 25 11 -2100
---------------------------------------------------
25 11 5 5  
tracing VX  -2100   
 (v2) IS2 (1,1) 2100
 trace vx 24 9 -4200
---------------------------------------------------
24 9 4 4  
tracing VX  -4200   
 (v1) hairpin 9, -4200 
NAM  BMV1
SRC  BMV1 - 0..133::134
SEQ  +SS
       1 A   G   G   C   G   C   C   U   U   U   G   A   G   A   G   U   U   A   C   U
         0   1   2   3   4   5   6   7   8   9   10  11  12  13  14  15  16  17  18  19  
         .   92  91  90  89  88  87  36  35  34  29  28  27  26  25  24  .   .   .   .   

      21 C   U   U   U   G   C   U   C   U   C   U   U   C   G   G   A   A   G   A   A
         20  21  22  23  24  25  26  27  28  29  30  31  32  33  34  35  36  37  38  39  
         .   .   .   .   15  14  13  12  11  10  .   .   .   .   9   8   7   52  51  50  

      41 C   C   C   U   U   A   G   G   G   G   U   U   C   G   U   G   C   A   U   G
         40  41  42  43  44  45  46  47  48  49  50  51  52  53  54  55  56  57  58  59  
         49  48  47  .   .   .   .   42  41  40  39  38  37  .   86  85  84  83  82  .   

      61 G   G   C   U   U   G   C   A   U   A   G   C   A   A   G   U   C   U   U   A
         60  61  62  63  64  65  66  67  68  69  70  71  72  73  74  75  76  77  78  79  
         76  75  74  73  72  71  .   .   .   .   .   65  64  63  62  61  60  .   .   .   

      81 G   A   A   U   G   C   G   G   G   U   G   U   C   G   U   A   C   A   G   U
         80  81  82  83  84  85  86  87  88  89  90  91  92  93  94  95  96  97  98  99  
         .   .   58  57  56  55  54  6   5   4   3   2   1   .   115 114 113 112 111 110 

     101 G   U   U   G   A   A   A   A   A   C   A   C   U   G   U   A   A   A   U   C
         100 101 102 103 104 105 106 107 108 109 110 111 112 113 114 115 116 117 118 119 
         109 108 107 .   .   .   .   102 101 100 99  98  97  96  95  94  .   .   130 129 

     121 U   C   U   A   A   A   A   G   A   G   A   C   C   A
         120 121 122 123 124 125 126 127 128 129 130 131 132 133 
         128 127 .   .   .   .   .   121 120 119 118 .   .   .   

true pairs 44.0	 found pairs 45.0	 agree 36.0 (sen=81.82 spe=80.00 -- C_ap = 80.90)
----------------------------------------------------------------------
   Log odds score:       50000 
energy (kcal/mol):      -50.00 
number of pairs found:      45.00 
number of pairs annotated:  44.00 
----------------------------------------------------------------------
Allow pseudoknots? YES
----------------------------------------------------------------------
Parameters (energy units, kcal/mol)
 wkn  parameter:          0.83 (pseudoknots weight)
 P1   parameter:         -0.00 
 P2   parameter:         -0.00 
 P3   parameter:         -0.00 
 P4   parameter:         -0.00 
 P5   parameter:          4.60 
 P5P  parameter:          8.43 
 P6   parameter:          0.40 
 P6P  parameter:          0.24 
 P10  parameter:          0.10 
 P10P parameter:          0.10 
 P11  parameter:          7.00 
 P12  parameter:          6.00 
 P13  parameter:         16.00 
 full pseudoknot model.
----------------------------------------------------------------------
