PKNOTS: optimal minimum-energy RNA folding with pseudoknots and coaxial energies
        PKNOTS 1.04 (Fri Jul  9 14:23:04 CDT 2004) using squid 1.5m (Sept 1997)
---------------------------------------------------
Folding sequences from:  /home/elena/pknots/pknots-1.04/Demos/CCMV1.sqd 
---------------------------------------------------



	             SS  .>>>>>>>..>>>>>>..AAAAAA<<<<<<.......>>>>>>....<<<
	          CCMV1  AGCUGCCUUUGGGUUUUACUCCUUGAACCCUUCAGAAGAAUUCUUCGGAG

	             SS  <<<..>>>>>>>>>>>>.....<<<<<<<......<<<<<<<<<<<<>>>
	          CCMV1  UUCGUACCAGUAUCUCACAUAGUGAGGUGAUAAGACUGGUGGGCAGUGCC

	             SS  >>>>>....<<<<<<<<......aaaaaaaa...
	          CCMV1  UAGUCGAAAGACUAGGUGAUCUCUAAGGAGACCA

---------------------------------------------------
133 133 66 66  
tracing WX 55000 
 (W7) trace wx  97 97 36100
 (W7) trace wx  133 35 18900
---------------------------------------------------
133 35 17 17  
tracing WX 18900 
 (W8.1) trace vx 115 17 12000
 (W8.1) trace vx 133 17 3800
---------------------------------------------------
133 17 8 8  
tracing VX  3800   
 (v2) IS2 (1,1) 1800
 trace vx 132 15 2000
---------------------------------------------------
132 15 7 7  
tracing VX  2000   
 (v2) IS2 (2,2) -800
 trace vx 130 11 2800
---------------------------------------------------
130 11 5 5  
tracing VX  2800   
 (v2) IS2 (1,1) 2300
 trace vx 129 9 500
---------------------------------------------------
129 9 4 4  
tracing VX  500   
 (v2) IS2 (1,1) 1700
 trace vx 128 7 -1200
---------------------------------------------------
128 7 3 3  
tracing VX  -1200   
 (v2) IS2 (1,1) 2300
 trace vx 127 5 -3500
---------------------------------------------------
127 5 2 2  
tracing VX  -3500   
 (v1) hairpin 5, -3500 
---------------------------------------------------
115 17 8 8  
tracing VX  12000   
 (v2) IS2 (1,1) 2900
 trace vx 114 15 9100
---------------------------------------------------
114 15 7 7  
tracing VX  9100   
 (v2) IS2 (1,1) 1700
 trace vx 113 13 7400
---------------------------------------------------
113 13 6 6  
tracing VX  7400   
 (v2) IS2 (1,1) 1100
 trace vx 112 11 6300
---------------------------------------------------
112 11 5 5  
tracing VX  6300   
 (v2) IS2 (1,1) 1700
 trace vx 111 9 4600
---------------------------------------------------
111 9 4 4  
tracing VX  4600   
 (v2) IS2 (1,1) 2100
 trace vx 110 7 2500
---------------------------------------------------
110 7 3 3  
tracing VX  2500   
 (v2) IS2 (1,1) 2300
 trace vx 109 5 200
---------------------------------------------------
109 5 2 2  
tracing VX  200   
 (v1) hairpin 5, 200 
---------------------------------------------------
97 97 48 48  
tracing WX 36100 
 (W2) SR SL, trace vx 96 95 34700
---------------------------------------------------
96 95 47 47  
tracing VX  34700   
 (v2) IS2 (1,1) 2100
 trace vx 95 93 32600
---------------------------------------------------
95 93 46 46  
tracing VX  32600   
 (v2) IS2 (1,1) 1700
 trace vx 94 91 30900
---------------------------------------------------
94 91 45 45  
tracing VX  30900   
 (v2) IS2 (1,1) 1800
 trace vx 93 89 29100
---------------------------------------------------
93 89 44 44  
tracing VX  29100   
 (v2) IS2 (1,1) 3400
 trace vx 92 87 25700
---------------------------------------------------
92 87 43 43  
tracing VX  25700   
 (v2) IS2 (1,1) 2900
 trace vx 91 85 22800
---------------------------------------------------
91 85 42 42  
tracing VX  22800   
 (v5_1) multiloop wbx 53 46 12800
 (v5_1) multiloop vx  90 36 11900
---------------------------------------------------
90 36 18 17  
tracing VX  11900   
 (v2) IS2 (1,1) 800
 trace vx 89 34 11100
---------------------------------------------------
89 34 17 16  
tracing VX  11100   
 (v2) IS2 (1,1) 2100
 trace vx 88 32 9000
---------------------------------------------------
88 32 16 15  
tracing VX  9000   
 (v2) IS2 (1,1) 2900
 trace vx 87 30 6100
---------------------------------------------------
87 30 15 14  
tracing VX  6100   
 (v2) IS2 (1,1) 1800
 trace vx 86 28 4300
---------------------------------------------------
86 28 14 13  
tracing VX  4300   
 (v2) IS2 (1,1) 1700
 trace vx 85 26 2600
---------------------------------------------------
85 26 13 12  
tracing VX  2600   
 (v2) IS2 (1,1) 2100
 trace vx 84 24 500
---------------------------------------------------
84 24 12 11  
tracing VX  500   
 (v2) IS2 (2,3) -1900
 trace vx 81 19 2400
---------------------------------------------------
81 19 9 9  
tracing VX  2400   
 (v2) IS2 (2,2) -800
 trace vx 79 15 3200
---------------------------------------------------
79 15 7 7  
tracing VX  3200   
 (v2) IS2 (1,1) 2300
 trace vx 78 13 900
---------------------------------------------------
78 13 6 6  
tracing VX  900   
 (v2) IS2 (1,1) 1800
 trace vx 77 11 -900
---------------------------------------------------
77 11 5 5  
tracing VX  -900   
 (v2) IS2 (1,1) 2100
 trace vx 76 9 -3000
---------------------------------------------------
76 9 4 4  
tracing VX  -3000   
 (v1) hairpin 9, -3000 
---------------------------------------------------
53 46 23 22  
tracing WBX 12800 
 (WB8.3) trace vx 36 29 3500
 (WB8.3) dangle j, trace vx 52 15 6500
---------------------------------------------------
52 15 7 7  
tracing VX  6500   
 (v2) IS2 (1,1) 2300
 trace vx 51 13 4200
---------------------------------------------------
51 13 6 6  
tracing VX  4200   
 (v2) IS2 (1,1) 900
 trace vx 50 11 3300
---------------------------------------------------
50 11 5 5  
tracing VX  3300   
 (v2) IS2 (1,1) 1000
 trace vx 49 9 2300
---------------------------------------------------
49 9 4 4  
tracing VX  2300   
 (v2) IS2 (1,1) 500
 trace vx 48 7 1800
---------------------------------------------------
48 7 3 3  
tracing VX  1800   
 (v2) IS2 (1,1) 2300
 trace vx 47 5 -500
---------------------------------------------------
47 5 2 2  
tracing VX  -500   
 (v1) hairpin 5, -500 
---------------------------------------------------
36 29 14 14  
tracing VX  3500   
 (v2) IS2 (1,1) 900
 trace vx 35 27 2600
---------------------------------------------------
35 27 13 13  
tracing VX  2600   
 (v2) IS2 (1,1) 1100
 trace vx 34 25 1500
---------------------------------------------------
34 25 12 12  
tracing VX  1500   
 (v2) IS2 (1,5) -4200
 trace vx 29 19 5700
---------------------------------------------------
29 19 9 9  
tracing VX  5700   
 (v2) IS2 (1,1) 2900
 trace vx 28 17 2800
---------------------------------------------------
28 17 8 8  
tracing VX  2800   
 (v2) IS2 (1,1) 2900
 trace vx 27 15 -100
---------------------------------------------------
27 15 7 7  
tracing VX  -100   
 (v2) IS2 (1,1) 2100
 trace vx 26 13 -2200
---------------------------------------------------
26 13 6 6  
tracing VX  -2200   
 (v2) IS2 (1,1) 900
 trace vx 25 11 -3100
---------------------------------------------------
25 11 5 5  
tracing VX  -3100   
 (v2) IS2 (1,1) 1100
 trace vx 24 9 -4200
---------------------------------------------------
24 9 4 4  
tracing VX  -4200   
 (v1) hairpin 9, -4200 
NAM  CCMV1
SRC  CCMV1 - 0..133::134
SEQ  +SS
       1 A   G   C   U   G   C   C   U   U   U   G   G   G   U   U   U   U   A   C   U
         0   1   2   3   4   5   6   7   8   9   10  11  12  13  14  15  16  17  18  19  
         .   96  95  94  93  92  91  36  35  34  29  28  27  26  25  24  .   .   .   .   

      21 C   C   U   U   G   A   A   C   C   C   U   U   C   A   G   A   A   G   A   A
         20  21  22  23  24  25  26  27  28  29  30  31  32  33  34  35  36  37  38  39  
         .   .   .   .   15  14  13  12  11  10  .   .   .   .   9   8   7   52  51  50  

      41 U   U   C   U   U   C   G   G   A   G   U   U   C   G   U   A   C   C   A   G
         40  41  42  43  44  45  46  47  48  49  50  51  52  53  54  55  56  57  58  59  
         49  48  47  .   .   .   .   42  41  40  39  38  37  .   90  89  88  87  86  85  

      61 U   A   U   C   U   C   A   C   A   U   A   G   U   G   A   G   G   U   G   A
         60  61  62  63  64  65  66  67  68  69  70  71  72  73  74  75  76  77  78  79  
         84  .   81  .   79  78  77  76  .   .   .   .   .   .   .   .   67  66  65  64  

      81 U   A   A   G   A   C   U   G   G   U   G   G   G   C   A   G   U   G   C   C
         80  81  82  83  84  85  86  87  88  89  90  91  92  93  94  95  96  97  98  99  
         .   62  .   .   60  59  58  57  56  55  54  6   5   4   3   2   1   .   115 114 

     101 U   A   G   U   C   G   A   A   A   G   A   C   U   A   G   G   U   G   A   U
         100 101 102 103 104 105 106 107 108 109 110 111 112 113 114 115 116 117 118 119 
         113 112 111 110 109 .   .   .   .   104 103 102 101 100 99  98  133 132 .   130 

     121 C   U   C   U   A   A   G   G   A   G   A   C   C   A
         120 121 122 123 124 125 126 127 128 129 130 131 132 133 
         129 128 127 .   .   .   .   122 121 120 119 .   117 116 

true pairs 45.0	 found pairs 46.0	 agree 30.0 (sen=66.67 spe=65.22 -- C_ap = 65.94)
----------------------------------------------------------------------
   Log odds score:       55000 
energy (kcal/mol):      -55.00 
number of pairs found:      46.00 
number of pairs annotated:  46.00 
----------------------------------------------------------------------
Allow pseudoknots? YES
----------------------------------------------------------------------
Parameters (energy units, kcal/mol)
 wkn  parameter:          0.83 (pseudoknots weight)
 P1   parameter:         -0.00 
 P2   parameter:         -0.00 
 P3   parameter:         -0.00 
 P4   parameter:         -0.00 
 P5   parameter:          4.60 
 P5P  parameter:          8.43 
 P6   parameter:          0.40 
 P6P  parameter:          0.24 
 P10  parameter:          0.10 
 P10P parameter:          0.10 
 P11  parameter:          7.00 
 P12  parameter:          6.00 
 P13  parameter:         16.00 
 full pseudoknot model.
----------------------------------------------------------------------
