PKNOTS: optimal minimum-energy RNA folding with pseudoknots and coaxial energies
        PKNOTS 1.04 (Fri Jul  9 14:23:04 CDT 2004) using squid 1.5m (Sept 1997)
---------------------------------------------------
Folding sequences from:  /home/elena/pknots/pknots-1.04/Demos/CCMV2.sqd 
---------------------------------------------------



	             SS  .>>>>>>>..>>>>>>..AAAAAA<<<<<<.......>>>>>>....<<<
	          CCMV2  AGCUGCCUUUGAGUUUUACUCCUUGAACUCUUCAGAAGAAUUCUUCGGAA

	             SS  <<<..>>>>>>>>>>>>.....<<<<<<<......<<<<<<<<<<<<>>>
	          CCMV2  UUCGUACCAGUAUCUCACAUAGUGAGGUAAUAAGACUGGUGGGCAGCGCC

	             SS  >>>>>....<<<<<<<<......aaaaaaaa...
	          CCMV2  UAGUCGAAAGACUAGGUGAUCUCUAAGGAGACCA

---------------------------------------------------
133 133 66 66  
tracing WX 56100 
 (W7) trace wx  97 97 37200
 (W7) trace wx  133 35 18900
---------------------------------------------------
133 35 17 17  
tracing WX 18900 
 (W8.1) trace vx 115 17 12000
 (W8.1) trace vx 133 17 3800
---------------------------------------------------
133 17 8 8  
tracing VX  3800   
 (v2) IS2 (1,1) 1800
 trace vx 132 15 2000
---------------------------------------------------
132 15 7 7  
tracing VX  2000   
 (v2) IS2 (2,2) -800
 trace vx 130 11 2800
---------------------------------------------------
130 11 5 5  
tracing VX  2800   
 (v2) IS2 (1,1) 2300
 trace vx 129 9 500
---------------------------------------------------
129 9 4 4  
tracing VX  500   
 (v2) IS2 (1,1) 1700
 trace vx 128 7 -1200
---------------------------------------------------
128 7 3 3  
tracing VX  -1200   
 (v2) IS2 (1,1) 2300
 trace vx 127 5 -3500
---------------------------------------------------
127 5 2 2  
tracing VX  -3500   
 (v1) hairpin 5, -3500 
---------------------------------------------------
115 17 8 8  
tracing VX  12000   
 (v2) IS2 (1,1) 2900
 trace vx 114 15 9100
---------------------------------------------------
114 15 7 7  
tracing VX  9100   
 (v2) IS2 (1,1) 1700
 trace vx 113 13 7400
---------------------------------------------------
113 13 6 6  
tracing VX  7400   
 (v2) IS2 (1,1) 1100
 trace vx 112 11 6300
---------------------------------------------------
112 11 5 5  
tracing VX  6300   
 (v2) IS2 (1,1) 1700
 trace vx 111 9 4600
---------------------------------------------------
111 9 4 4  
tracing VX  4600   
 (v2) IS2 (1,1) 2100
 trace vx 110 7 2500
---------------------------------------------------
110 7 3 3  
tracing VX  2500   
 (v2) IS2 (1,1) 2300
 trace vx 109 5 200
---------------------------------------------------
109 5 2 2  
tracing VX  200   
 (v1) hairpin 5, 200 
---------------------------------------------------
97 97 48 48  
tracing WX 37200 
 (W2) SR SL, trace vx 96 95 35300
---------------------------------------------------
96 95 47 47  
tracing VX  35300   
 (v2) IS2 (1,1) 3400
 trace vx 95 93 31900
---------------------------------------------------
95 93 46 46  
tracing VX  31900   
 (v2) IS2 (1,1) 1700
 trace vx 94 91 30200
---------------------------------------------------
94 91 45 45  
tracing VX  30200   
 (v2) IS2 (1,1) 1800
 trace vx 93 89 28400
---------------------------------------------------
93 89 44 44  
tracing VX  28400   
 (v2) IS2 (1,1) 3400
 trace vx 92 87 25000
---------------------------------------------------
92 87 43 43  
tracing VX  25000   
 (v2) IS2 (1,1) 2900
 trace vx 91 85 22100
---------------------------------------------------
91 85 42 42  
tracing VX  22100   
 (v5_1) multiloop wbx 53 46 12100
 (v5_1) multiloop vx  90 36 11900
---------------------------------------------------
90 36 18 17  
tracing VX  11900   
 (v2) IS2 (1,1) 800
 trace vx 89 34 11100
---------------------------------------------------
89 34 17 16  
tracing VX  11100   
 (v2) IS2 (1,1) 2100
 trace vx 88 32 9000
---------------------------------------------------
88 32 16 15  
tracing VX  9000   
 (v2) IS2 (1,1) 2900
 trace vx 87 30 6100
---------------------------------------------------
87 30 15 14  
tracing VX  6100   
 (v2) IS2 (1,1) 1800
 trace vx 86 28 4300
---------------------------------------------------
86 28 14 13  
tracing VX  4300   
 (v2) IS2 (1,1) 1700
 trace vx 85 26 2600
---------------------------------------------------
85 26 13 12  
tracing VX  2600   
 (v2) IS2 (1,1) 2100
 trace vx 84 24 500
---------------------------------------------------
84 24 12 11  
tracing VX  500   
 (v2) IS2 (2,8) -3000
 trace vx 76 14 3500
---------------------------------------------------
76 14 7 6  
tracing VX  3500   
 (v2) IS2 (1,1) 1400
 trace vx 75 12 2100
---------------------------------------------------
75 12 6 5  
tracing VX  2100   
 (v2) IS2 (1,1) 1700
 trace vx 74 10 400
---------------------------------------------------
74 10 5 4  
tracing VX  400   
 (v2) IS2 (1,1) 2300
 trace vx 73 8 -1900
---------------------------------------------------
73 8 4 3  
tracing VX  -1900   
 (v2) IS2 (1,1) 1800
 trace vx 72 6 -3700
---------------------------------------------------
72 6 3 2  
tracing VX  -3700   
 (v1) hairpin 6, -3700 
---------------------------------------------------
53 46 23 22  
tracing WBX 12100 
 (WB8.7) trace vx 35 28 2900
 (WB8.7) dangle j, trace vx 52 15 6800
---------------------------------------------------
52 15 7 7  
tracing VX  6800   
 (v2) IS2 (1,1) 2300
 trace vx 51 13 4500
---------------------------------------------------
51 13 6 6  
tracing VX  4500   
 (v2) IS2 (1,1) 900
 trace vx 50 11 3600
---------------------------------------------------
50 11 5 5  
tracing VX  3600   
 (v2) IS2 (1,1) 900
 trace vx 49 9 2700
---------------------------------------------------
49 9 4 4  
tracing VX  2700   
 (v2) IS2 (1,1) 900
 trace vx 48 7 1800
---------------------------------------------------
48 7 3 3  
tracing VX  1800   
 (v2) IS2 (1,1) 2300
 trace vx 47 5 -500
---------------------------------------------------
47 5 2 2  
tracing VX  -500   
 (v1) hairpin 5, -500 
---------------------------------------------------
35 28 14 13  
tracing VX  2900   
 (v2) IS2 (1,1) 1100
 trace vx 34 26 1800
---------------------------------------------------
34 26 13 12  
tracing VX  1800   
 (v2) IS2 (1,1) 500
 trace vx 33 24 1300
---------------------------------------------------
33 24 12 11  
tracing VX  1300   
 (v2) IS2 (1,1) 1800
 trace vx 32 22 -500
---------------------------------------------------
32 22 11 10  
tracing VX  -500   
 (v2) IS2 (1,1) 2300
 trace vx 31 20 -2800
---------------------------------------------------
31 20 10 9  
tracing VX  -2800   
 (v2) IS2 (1,1) 500
 trace vx 30 18 -3300
---------------------------------------------------
30 18 9 8  
tracing VX  -3300   
 (v2) IS2 (2,4) -2400
 trace vx 26 12 -900
---------------------------------------------------
26 12 6 5  
tracing VX  -900   
 (v2) IS2 (1,1) 900
 trace vx 25 10 -1800
---------------------------------------------------
25 10 5 4  
tracing VX  -1800   
 (v2) IS2 (1,1) 1100
 trace vx 24 8 -2900
---------------------------------------------------
24 8 4 3  
tracing VX  -2900   
 (v2) IS2 (1,1) 800
 trace vx 23 6 -3700
---------------------------------------------------
23 6 3 2  
tracing VX  -3700   
 (v1) hairpin 6, -3700 
NAM  CCMV2
SRC  CCMV2 - 0..133::134
SEQ  +SS
       1 A   G   C   U   G   C   C   U   U   U   G   A   G   U   U   U   U   A   C   U
         0   1   2   3   4   5   6   7   8   9   10  11  12  13  14  15  16  17  18  19  
         .   96  95  94  93  92  91  35  34  33  32  31  30  .   26  25  24  23  .   .   

      21 C   C   U   U   G   A   A   C   U   C   U   U   C   A   G   A   A   G   A   A
         20  21  22  23  24  25  26  27  28  29  30  31  32  33  34  35  36  37  38  39  
         .   .   .   17  16  15  14  .   .   .   12  11  10  9   8   7   .   52  51  50  

      41 U   U   C   U   U   C   G   G   A   A   U   U   C   G   U   A   C   C   A   G
         40  41  42  43  44  45  46  47  48  49  50  51  52  53  54  55  56  57  58  59  
         49  48  47  .   .   .   .   42  41  40  39  38  37  .   90  89  88  87  86  85  

      61 U   A   U   C   U   C   A   C   A   U   A   G   U   G   A   G   G   U   A   A
         60  61  62  63  64  65  66  67  68  69  70  71  72  73  74  75  76  77  78  79  
         84  .   76  75  74  73  72  .   .   .   .   .   66  65  64  63  62  .   .   .   

      81 U   A   A   G   A   C   U   G   G   U   G   G   G   C   A   G   C   G   C   C
         80  81  82  83  84  85  86  87  88  89  90  91  92  93  94  95  96  97  98  99  
         .   .   .   .   60  59  58  57  56  55  54  6   5   4   3   2   1   .   115 114 

     101 U   A   G   U   C   G   A   A   A   G   A   C   U   A   G   G   U   G   A   U
         100 101 102 103 104 105 106 107 108 109 110 111 112 113 114 115 116 117 118 119 
         113 112 111 110 109 .   .   .   .   104 103 102 101 100 99  98  133 132 .   130 

     121 C   U   C   U   A   A   G   G   A   G   A   C   C   A
         120 121 122 123 124 125 126 127 128 129 130 131 132 133 
         129 128 127 .   .   .   .   122 121 120 119 .   117 116 

true pairs 45.0	 found pairs 47.0	 agree 29.0 (sen=64.44 spe=61.70 -- C_ap = 63.06)
----------------------------------------------------------------------
   Log odds score:       56100 
energy (kcal/mol):      -56.10 
number of pairs found:      47.00 
number of pairs annotated:  46.00 
----------------------------------------------------------------------
Allow pseudoknots? YES
----------------------------------------------------------------------
Parameters (energy units, kcal/mol)
 wkn  parameter:          0.83 (pseudoknots weight)
 P1   parameter:         -0.00 
 P2   parameter:         -0.00 
 P3   parameter:         -0.00 
 P4   parameter:         -0.00 
 P5   parameter:          4.60 
 P5P  parameter:          8.43 
 P6   parameter:          0.40 
 P6P  parameter:          0.24 
 P10  parameter:          0.10 
 P10P parameter:          0.10 
 P11  parameter:          7.00 
 P12  parameter:          6.00 
 P13  parameter:         16.00 
 full pseudoknot model.
----------------------------------------------------------------------
