PKNOTS: optimal minimum-energy RNA folding with pseudoknots and coaxial energies
        PKNOTS 1.04 (Fri Jul  9 14:23:04 CDT 2004) using squid 1.5m (Sept 1997)
---------------------------------------------------
Folding sequences from:  /home/elena/pknots/pknots-1.04/Demos/CCMV34.sqd 
---------------------------------------------------



	             SS  .>>>>>>>..>>>>>>..AAAAAA<<<<<<.......>>>>>>....<<<
	         CCMV34  AGCUGCCCUUGGGUUUUACUCCUUGAACCCUUCGGAAGAACUCUUUGGAG

	             SS  <<<..>>>>>>>>>>>>.....<<<<<<<......<<<<<<<<<<<<>>>
	         CCMV34  UUCGUACCAGUAUCUCACAUAGUGAGGUAAUAAGACUGGUGGGCAGCGCC

	             SS  >>>>>....<<<<<<<<......aaaaaaaa...
	         CCMV34  UAGUCGAAAGACUAGGUGAUCUCUAAGGAGACCA

---------------------------------------------------
133 133 66 66  
tracing WX 58880 
 (W5) SL, trace wx  133 132 58880
---------------------------------------------------
133 132 66 65  
tracing WX 58880 
 (W5) SL, trace wx  133 131 58880
---------------------------------------------------
133 131 65 65  
tracing WX 58880 
 (W6) SR, trace wx 132 130 58880
---------------------------------------------------
132 130 65 64  
tracing WX 58880 
 (W6) SR, trace wx 131 129 58880
---------------------------------------------------
131 129 64 64  
tracing WX 58880 
 (W6) SR, trace wx 130 128 58880
---------------------------------------------------
130 128 64 63  
tracing WX 58880 
 (W9) trace whx 117 115 6 66 41917
 (W9) trace whx 130 120 40 10 24563
---------------------------------------------------
130 120 40 10  
tracing whx 24563 
 (WH3.4) SRI, trace yhx 130 120 39 10 23850 
---------------------------------------------------
130 120 39 10  
tracing YHX 23850 
 (YH7) EL wbx        39 29 11600 
 (YH7) EL yhx 130 90 9 10 12250 
---------------------------------------------------
39 29 14 14  
tracing WBX 11600 
 (WB8.1) trace vx 29 19 5700
 (WB8.1) trace vx 39 9 3400
---------------------------------------------------
39 9 4 4  
tracing VX  3400   
 (v2) IS2 (1,1) 900
 trace vx 38 7 2500
---------------------------------------------------
38 7 3 3  
tracing VX  2500   
 (v2) IS2 (1,1) 2300
 trace vx 37 5 200
---------------------------------------------------
37 5 2 2  
tracing VX  200   
 (v1) hairpin 5, 200 
---------------------------------------------------
29 19 9 9  
tracing VX  5700   
 (v2) IS2 (1,1) 2900
 trace vx 28 17 2800
---------------------------------------------------
28 17 8 8  
tracing VX  2800   
 (v2) IS2 (1,1) 2900
 trace vx 27 15 -100
---------------------------------------------------
27 15 7 7  
tracing VX  -100   
 (v2) IS2 (1,1) 2100
 trace vx 26 13 -2200
---------------------------------------------------
26 13 6 6  
tracing VX  -2200   
 (v2) IS2 (1,1) 900
 trace vx 25 11 -3100
---------------------------------------------------
25 11 5 5  
tracing VX  -3100   
 (v2) IS2 (1,1) 1100
 trace vx 24 9 -4200
---------------------------------------------------
24 9 4 4  
tracing VX  -4200   
 (v1) hairpin 9, -4200 
---------------------------------------------------
130 90 9 10  
tracing YHX 12250 
 (YH4) SRE, trace vhx 129 89 9 9 11620 
---------------------------------------------------
129 89 9 9  
tracing VHX  11620 
 (vh2) trace vhx 129 89 1 1 1411 
 (vh2) trace vhx 128 87 8 8 10209 
---------------------------------------------------
128 87 8 8  
tracing VHX  10209 
 (vh2) trace vhx 128 87 1 1 1909 
 (vh2) trace vhx 127 85 7 7 8300 
---------------------------------------------------
127 85 7 7  
tracing VHX  8300 
 (vh2) trace vhx 127 85 1 1 1577 
 (vh2) trace vhx 126 83 6 6 6723 
---------------------------------------------------
126 83 6 6  
tracing VHX  6723 
 (vh2) trace vhx 126 83 1 1 415 
 (vh2) trace vhx 125 81 5 5 6308 
---------------------------------------------------
125 81 5 5  
tracing VHX  6308 
 (vh2) trace vhx 125 81 1 1 747 
 (vh2) trace vhx 124 79 4 4 5561 
---------------------------------------------------
124 79 4 4  
tracing VHX  5561 
 (vh2) trace vhx 124 79 1 1 664 
 (vh2) trace vhx 123 77 3 3 4897 
---------------------------------------------------
123 77 3 3  
tracing VHX  4897 
 (vh2) trace vhx 123 77 1 1 1577 
 (vh2) trace vhx 122 75 2 2 3320 
---------------------------------------------------
122 75 2 2  
tracing VHX  3320 
 (vh2) trace vhx 122 75 1 1 1909 
 (vh2) trace vhx 121 73 1 1 1411 
---------------------------------------------------
121 73 1 1  
tracing VHX  1411 
 (vh1) IS2 (1,1) 121 73 1411 
---------------------------------------------------
122 75 1 1  
tracing VHX  1909 
 (vh1) IS2 (1,1) 122 75 1909 
---------------------------------------------------
123 77 1 1  
tracing VHX  1577 
 (vh1) IS2 (1,1) 123 77 1577 
---------------------------------------------------
124 79 1 1  
tracing VHX  664 
 (vh1) IS2 (1,1) 124 79 664 
---------------------------------------------------
125 81 1 1  
tracing VHX  747 
 (vh1) IS2 (1,1) 125 81 747 
---------------------------------------------------
126 83 1 1  
tracing VHX  415 
 (vh1) IS2 (1,1) 126 83 415 
---------------------------------------------------
127 85 1 1  
tracing VHX  1577 
 (vh1) IS2 (1,1) 127 85 1577 
---------------------------------------------------
128 87 1 1  
tracing VHX  1909 
 (vh1) IS2 (1,1) 128 87 1909 
---------------------------------------------------
129 89 1 1  
tracing VHX  1411 
 (vh1) IS2 (1,1) 129 89 1411 
---------------------------------------------------
117 115 6 66  
tracing whx 41917 
 (WH4.3) SLI, trace whx 117 115 6 65 42117 
---------------------------------------------------
117 115 6 65  
tracing whx 42117 
 (WH4.3) SLI, trace whx 117 115 6 64 42317 
---------------------------------------------------
117 115 6 64  
tracing whx 42317 
 (WH4.3) SLI, trace whx 117 115 6 63 42517 
---------------------------------------------------
117 115 6 63  
tracing whx 42517 
 (WH11) ER, trace vx  117 21 15300 
 (WH11) ER, trace zhx 95 93 6 41 23731 
---------------------------------------------------
95 93 6 41  
tracing ZHX  23731 
 (ZH10.4) IL, dangle l, trace vx 89 34 11100 
 (ZH10.4) IL, dangle k, trace vhx 95 93 5 5 10541 
---------------------------------------------------
89 34 17 16  
tracing VX  11100   
 (v2) IS2 (1,1) 2100
 trace vx 88 32 9000
---------------------------------------------------
88 32 16 15  
tracing VX  9000   
 (v2) IS2 (1,1) 2900
 trace vx 87 30 6100
---------------------------------------------------
87 30 15 14  
tracing VX  6100   
 (v2) IS2 (1,1) 1800
 trace vx 86 28 4300
---------------------------------------------------
86 28 14 13  
tracing VX  4300   
 (v2) IS2 (1,1) 1700
 trace vx 85 26 2600
---------------------------------------------------
85 26 13 12  
tracing VX  2600   
 (v2) IS2 (1,1) 2100
 trace vx 84 24 500
---------------------------------------------------
84 24 12 11  
tracing VX  500   
 (v2) IS2 (2,8) -3000
 trace vx 76 14 3500
---------------------------------------------------
76 14 7 6  
tracing VX  3500   
 (v2) IS2 (1,1) 1400
 trace vx 75 12 2100
---------------------------------------------------
75 12 6 5  
tracing VX  2100   
 (v2) IS2 (1,1) 1700
 trace vx 74 10 400
---------------------------------------------------
74 10 5 4  
tracing VX  400   
 (v2) IS2 (1,1) 2300
 trace vx 73 8 -1900
---------------------------------------------------
73 8 4 3  
tracing VX  -1900   
 (v2) IS2 (1,1) 1800
 trace vx 72 6 -3700
---------------------------------------------------
72 6 3 2  
tracing VX  -3700   
 (v1) hairpin 6, -3700 
---------------------------------------------------
95 93 5 5  
tracing VHX  10541 
 (vh2) trace vhx 95 93 1 1 1411 
 (vh2) trace vhx 94 91 4 4 9130 
---------------------------------------------------
94 91 4 4  
tracing VHX  9130 
 (vh2) trace vhx 94 91 1 1 1494 
 (vh2) trace vhx 93 89 3 3 7636 
---------------------------------------------------
93 89 3 3  
tracing VHX  7636 
 (vh2) trace vhx 93 89 1 1 2822 
 (vh2) trace vhx 92 87 2 2 4814 
---------------------------------------------------
92 87 2 2  
tracing VHX  4814 
 (vh2) trace vhx 92 87 1 1 2407 
 (vh2) trace vhx 91 85 1 1 2407 
---------------------------------------------------
91 85 1 1  
tracing VHX  2407 
 (vh1) IS2 (1,1) 91 85 2407 
---------------------------------------------------
92 87 1 1  
tracing VHX  2407 
 (vh1) IS2 (1,1) 92 87 2407 
---------------------------------------------------
93 89 1 1  
tracing VHX  2822 
 (vh1) IS2 (1,1) 93 89 2822 
---------------------------------------------------
94 91 1 1  
tracing VHX  1494 
 (vh1) IS2 (1,1) 94 91 1494 
---------------------------------------------------
95 93 1 1  
tracing VHX  1411 
 (vh1) IS2 (1,1) 95 93 1411 
---------------------------------------------------
117 21 10 10  
tracing VX  15300   
 (v2) IS2 (1,1) 1200
 trace vx 116 19 14100
---------------------------------------------------
116 19 9 9  
tracing VX  14100   
 (v2) IS2 (1,1) 2100
 trace vx 115 17 12000
---------------------------------------------------
115 17 8 8  
tracing VX  12000   
 (v2) IS2 (1,1) 2900
 trace vx 114 15 9100
---------------------------------------------------
114 15 7 7  
tracing VX  9100   
 (v2) IS2 (1,1) 1700
 trace vx 113 13 7400
---------------------------------------------------
113 13 6 6  
tracing VX  7400   
 (v2) IS2 (1,1) 1100
 trace vx 112 11 6300
---------------------------------------------------
112 11 5 5  
tracing VX  6300   
 (v2) IS2 (1,1) 1700
 trace vx 111 9 4600
---------------------------------------------------
111 9 4 4  
tracing VX  4600   
 (v2) IS2 (1,1) 2100
 trace vx 110 7 2500
---------------------------------------------------
110 7 3 3  
tracing VX  2500   
 (v2) IS2 (1,1) 2300
 trace vx 109 5 200
---------------------------------------------------
109 5 2 2  
tracing VX  200   
 (v1) hairpin 5, 200 
NAM  CCMV34
SRC  CCMV34 - 0..133::134
SEQ  +SS
       1 A   G   C   U   G   C   C   C   U   U   G   G   G   U   U   U   U   A   C   U
         0   1   2   3   4   5   6   7   8   9   10  11  12  13  14  15  16  17  18  19  
         .   .   95  94  93  92  91  90  .   .   29  28  27  26  25  24  .   .   .   .   

      21 C   C   U   U   G   A   A   C   C   C   U   U   C   G   G   A   A   G   A   A
         20  21  22  23  24  25  26  27  28  29  30  31  32  33  34  35  36  37  38  39  
         .   .   .   .   15  14  13  12  11  10  39  38  37  .   .   .   .   32  31  30  

      41 C   U   C   U   U   U   G   G   A   G   U   U   C   G   U   A   C   C   A   G
         40  41  42  43  44  45  46  47  48  49  50  51  52  53  54  55  56  57  58  59  
         129 128 127 126 125 124 123 122 121 120 .   .   .   .   .   89  88  87  86  85  

      61 U   A   U   C   U   C   A   C   A   U   A   G   U   G   A   G   G   U   A   A
         60  61  62  63  64  65  66  67  68  69  70  71  72  73  74  75  76  77  78  79  
         84  .   76  75  74  73  72  .   .   .   .   .   66  65  64  63  62  .   .   .   

      81 U   A   A   G   A   C   U   G   G   U   G   G   G   C   A   G   C   G   C   C
         80  81  82  83  84  85  86  87  88  89  90  91  92  93  94  95  96  97  98  99  
         .   .   .   .   60  59  58  57  56  55  7   6   5   4   3   2   117 116 115 114 

     101 U   A   G   U   C   G   A   A   A   G   A   C   U   A   G   G   U   G   A   U
         100 101 102 103 104 105 106 107 108 109 110 111 112 113 114 115 116 117 118 119 
         113 112 111 110 109 .   .   .   .   104 103 102 101 100 99  98  97  96  .   .   

     121 C   U   C   U   A   A   G   G   A   G   A   C   C   A
         120 121 122 123 124 125 126 127 128 129 130 131 132 133 
         49  48  47  46  45  44  43  42  41  40  .   .   .   .   

true pairs 45.0	 found pairs 45.0	 agree 30.0 (sen=66.67 spe=66.67 -- C_ap = 66.67)
----------------------------------------------------------------------
   Log odds score:       58880 
energy (kcal/mol):      -58.88 
number of pairs found:      45.00 
number of pairs annotated:  46.00 
----------------------------------------------------------------------
Allow pseudoknots? YES
----------------------------------------------------------------------
Parameters (energy units, kcal/mol)
 wkn  parameter:          0.83 (pseudoknots weight)
 P1   parameter:         -0.00 
 P2   parameter:         -0.00 
 P3   parameter:         -0.00 
 P4   parameter:         -0.00 
 P5   parameter:          4.60 
 P5P  parameter:          8.43 
 P6   parameter:          0.40 
 P6P  parameter:          0.24 
 P10  parameter:          0.10 
 P10P parameter:          0.10 
 P11  parameter:          7.00 
 P12  parameter:          6.00 
 P13  parameter:         16.00 
 full pseudoknot model.
----------------------------------------------------------------------
