PKNOTS: optimal minimum-energy RNA folding with pseudoknots and coaxial energies
        PKNOTS 1.04 (Fri Jul  9 14:23:04 CDT 2004) using squid 1.5m (Sept 1997)
---------------------------------------------------
Folding sequences from:  /home/elena/pknots/pknots-1.04/Demos/CYVV.sqd 
---------------------------------------------------



	             SS  ....>>>>>>....<<<<<<>>>>>>.......<<<<<<....>>>....
	           CYVV  UUUCUCUCGCCAGUGCGAGGCCCAUUCACACACAAUGGGUAUUGGGUGCA

	             SS  ...<<<AAAA....>>>>>aaaa...<<<<<....
	           CYVV  ACCCCCCCGUCCAUCUCGAACGGUCAUCGAGACCA

---------------------------------------------------
84 84 42 41  
tracing WX 27473 
 (W5) SL, trace wx  84 83 27473
---------------------------------------------------
84 83 41 41  
tracing WX 27473 
 (W5) SL, trace wx  84 82 27473
---------------------------------------------------
84 82 41 40  
tracing WX 27473 
 (W5) SL, trace wx  84 81 27473
---------------------------------------------------
84 81 40 40  
tracing WX 27473 
 (W5) SL, trace wx  84 80 27473
---------------------------------------------------
84 80 40 39  
tracing WX 27473 
 (W6) SR, trace wx 83 79 27473
---------------------------------------------------
83 79 39 39  
tracing WX 27473 
 (W6) SR, trace wx 82 78 27473
---------------------------------------------------
82 78 39 38  
tracing WX 27473 
 (W7) trace wx  42 38 15100
 (W7) trace wx  82 39 12373
---------------------------------------------------
82 39 19 19  
tracing WX 12373 
 (W10.1) trace yhx 73 30 16 4 10281
 (W10.1) trace yhx 82 21 7 6 8779
---------------------------------------------------
82 21 7 6  
tracing YHX 8779 
 (YH5) SLE, trace yhx 82 20 6 6 8979 
---------------------------------------------------
82 20 6 6  
tracing YHX 8979 
 (YH2) SLE, SRE, trace vhx 81 18 5 5 8798 
---------------------------------------------------
81 18 5 5  
tracing VHX  8798 
 (vh2) trace vhx 81 18 1 1 1909 
 (vh2) trace vhx 80 16 4 4 6889 
---------------------------------------------------
80 16 4 4  
tracing VHX  6889 
 (vh2) trace vhx 80 16 1 1 1411 
 (vh2) trace vhx 79 14 3 3 5478 
---------------------------------------------------
79 14 3 3  
tracing VHX  5478 
 (vh2) trace vhx 79 14 1 1 1909 
 (vh2) trace vhx 78 12 2 2 3569 
---------------------------------------------------
78 12 2 2  
tracing VHX  3569 
 (vh2) trace vhx 78 12 1 1 1660 
 (vh2) trace vhx 77 10 1 1 1909 
---------------------------------------------------
77 10 1 1  
tracing VHX  1909 
 (vh1) IS2 (1,1) 77 10 1909 
---------------------------------------------------
78 12 1 1  
tracing VHX  1660 
 (vh1) IS2 (1,1) 78 12 1660 
---------------------------------------------------
79 14 1 1  
tracing VHX  1909 
 (vh1) IS2 (1,1) 79 14 1909 
---------------------------------------------------
80 16 1 1  
tracing VHX  1411 
 (vh1) IS2 (1,1) 80 16 1411 
---------------------------------------------------
81 18 1 1  
tracing VHX  1909 
 (vh1) IS2 (1,1) 81 18 1909 
---------------------------------------------------
73 30 16 4  
tracing YHX 10281 
 (YH6) SRE, trace yhx 72 29 16 3 10481 
---------------------------------------------------
72 29 16 3  
tracing YHX 10481 
 (YH8.1) EL, trace vx  55 12 1600 
 (YH8.1) EL, trace vhx 72 16 3 3 5810 
---------------------------------------------------
55 12 6 5  
tracing VX  1600   
 (v2) IS2 (1,1) 2900
 trace vx 54 10 -1300
---------------------------------------------------
54 10 5 4  
tracing VX  -1300   
 (v2) IS2 (1,1) 2900
 trace vx 53 8 -4200
---------------------------------------------------
53 8 4 3  
tracing VX  -4200   
 (v1) hairpin 8, -4200 
---------------------------------------------------
72 16 3 3  
tracing VHX  5810 
 (vh2) trace vhx 72 16 1 1 2407 
 (vh2) trace vhx 71 14 2 2 3403 
---------------------------------------------------
71 14 2 2  
tracing VHX  3403 
 (vh2) trace vhx 71 14 1 1 1660 
 (vh2) trace vhx 70 12 1 1 1743 
---------------------------------------------------
70 12 1 1  
tracing VHX  1743 
 (vh1) IS2 (1,1) 70 12 1743 
---------------------------------------------------
71 14 1 1  
tracing VHX  1660 
 (vh1) IS2 (1,1) 71 14 1660 
---------------------------------------------------
72 16 1 1  
tracing VHX  2407 
 (vh1) IS2 (1,1) 72 16 2407 
---------------------------------------------------
42 38 19 18  
tracing WX 15100 
 (W6) SR, trace wx 41 37 15100
---------------------------------------------------
41 37 18 18  
tracing WX 15100 
 (W6) SR, trace wx 40 36 15100
---------------------------------------------------
40 36 18 17  
tracing WX 15100 
 (W8.4) dangle i, trace vx 18 13 5300
 (W8.4) dangle j, trace vx 39 20 7100
---------------------------------------------------
39 20 10 9  
tracing VX  7100   
 (v2) IS2 (1,1) 2100
 trace vx 38 18 5000
---------------------------------------------------
38 18 9 8  
tracing VX  5000   
 (v2) IS2 (1,1) 2900
 trace vx 37 16 2100
---------------------------------------------------
37 16 8 7  
tracing VX  2100   
 (v2) IS2 (1,1) 2900
 trace vx 36 14 -800
---------------------------------------------------
36 14 7 6  
tracing VX  -800   
 (v2) IS2 (1,1) 1800
 trace vx 35 12 -2600
---------------------------------------------------
35 12 6 5  
tracing VX  -2600   
 (v2) IS2 (1,1) 900
 trace vx 34 10 -3500
---------------------------------------------------
34 10 5 4  
tracing VX  -3500   
 (v2) IS2 (1,1) 900
 trace vx 33 8 -4400
---------------------------------------------------
33 8 4 3  
tracing VX  -4400   
 (v1) hairpin 8, -4400 
---------------------------------------------------
18 13 6 6  
tracing VX  5300   
 (v2) IS2 (1,1) 1700
 trace vx 17 11 3600
---------------------------------------------------
17 11 5 5  
tracing VX  3600   
 (v2) IS2 (1,1) 2300
 trace vx 16 9 1300
---------------------------------------------------
16 9 4 4  
tracing VX  1300   
 (v2) IS2 (1,1) 2000
 trace vx 15 7 -700
---------------------------------------------------
15 7 3 3  
tracing VX  -700   
 (v2) IS2 (1,1) 3400
 trace vx 14 5 -4100
---------------------------------------------------
14 5 2 2  
tracing VX  -4100   
 (v1) hairpin 5, -4100 
NAM  CYVV
SRC  CYVV - 0..84::85
SEQ  +SS
       1 U   U   U   C   U   C   U   C   G   C   C   A   G   U   G   C   G   A   G   G
         0   1   2   3   4   5   6   7   8   9   10  11  12  13  14  15  16  17  18  19  
         .   .   .   .   .   18  17  16  15  14  .   .   .   .   9   8   7   6   5   39  

      21 C   C   C   A   U   U   C   A   C   A   C   A   C   A   A   U   G   G   G   U
         20  21  22  23  24  25  26  27  28  29  30  31  32  33  34  35  36  37  38  39  
         38  37  36  35  34  33  .   .   .   .   .   .   .   25  24  23  22  21  20  19  

      41 A   U   U   G   G   G   U   G   C   A   A   C   C   C   C   C   C   C   G   U
         40  41  42  43  44  45  46  47  48  49  50  51  52  53  54  55  56  57  58  59  
         .   .   .   55  54  53  .   .   .   .   .   .   .   45  44  43  72  71  70  69  

      61 C   C   A   U   C   U   C   G   A   A   C   G   G   U   C   A   U   C   G   A
         60  61  62  63  64  65  66  67  68  69  70  71  72  73  74  75  76  77  78  79  
         .   .   .   81  80  79  78  77  76  59  58  57  56  .   .   .   68  67  66  65  

      81 G   A   C   C   A
         80  81  82  83  84  
         64  63  .   .   .   

true pairs 24.0	 found pairs 25.0	 agree 23.0 (sen=95.83 spe=92.00 -- C_ap = 93.90)
----------------------------------------------------------------------
   Log odds score:       27473 
energy (kcal/mol):      -27.47 
number of pairs found:      25.00 
number of pairs annotated:  24.00 
----------------------------------------------------------------------
Allow pseudoknots? YES
----------------------------------------------------------------------
Parameters (energy units, kcal/mol)
 wkn  parameter:          0.83 (pseudoknots weight)
 P1   parameter:         -0.00 
 P2   parameter:         -0.00 
 P3   parameter:         -0.00 
 P4   parameter:         -0.00 
 P5   parameter:          4.60 
 P5P  parameter:          8.43 
 P6   parameter:          0.40 
 P6P  parameter:          0.24 
 P10  parameter:          0.10 
 P10P parameter:          0.10 
 P11  parameter:          7.00 
 P12  parameter:          6.00 
 P13  parameter:         16.00 
 full pseudoknot model.
----------------------------------------------------------------------
