PKNOTS: optimal minimum-energy RNA folding with pseudoknots and coaxial energies
        PKNOTS 1.04 (Fri Jul  9 14:23:04 CDT 2004) using squid 1.5m (Sept 1997)
---------------------------------------------------
Folding sequences from:  /home/elena/pknots/pknots-1.04/Demos/DD3280.sqd 
---------------------------------------------------



	             SS  >>>>>>>..>>>>.........<<<<.>>>>>.......<<<<<.....>
	         DD3280  GGGAUUGUAGUUCAAUUGGUUAGAGCACCGCCCUGUCAAGGCGGAAGCUG

	             SS  >>>>.......<<<<<<<<<<<<.
	         DD3280  CGGGUUCGAGCCCCGUCAGUCCCG

---------------------------------------------------
73 73 36 36  
tracing WX 28800 
 (W4) SR, trace vx 72 72 27100
---------------------------------------------------
72 72 36 35  
tracing VX  27100   
 (v2) IS2 (1,1) 2900
 trace vx 71 70 24200
---------------------------------------------------
71 70 35 34  
tracing VX  24200   
 (v2) IS2 (1,1) 2900
 trace vx 70 68 21300
---------------------------------------------------
70 68 34 33  
tracing VX  21300   
 (v2) IS2 (1,1) 2300
 trace vx 69 66 19000
---------------------------------------------------
69 66 33 32  
tracing VX  19000   
 (v2) IS2 (1,1) 1000
 trace vx 68 64 18000
---------------------------------------------------
68 64 32 31  
tracing VX  18000   
 (v2) IS2 (1,1) 500
 trace vx 67 62 17500
---------------------------------------------------
67 62 31 30  
tracing VX  17500   
 (v2) IS2 (1,1) 1800
 trace vx 66 60 15700
---------------------------------------------------
66 60 30 29  
tracing VX  15700   
 (v2) IS2 (11,5) -2600
 trace vx 61 44 18300
---------------------------------------------------
61 44 22 21  
tracing VX  18300   
 (v2) IS2 (1,1) 2900
 trace vx 60 42 15400
---------------------------------------------------
60 42 21 20  
tracing VX  15400   
 (v2) IS2 (1,1) 2100
 trace vx 59 40 13300
---------------------------------------------------
59 40 20 19  
tracing VX  13300   
 (v2) IS2 (1,1) 500
 trace vx 58 38 12800
---------------------------------------------------
58 38 19 18  
tracing VX  12800   
 (v2) IS2 (2,2) -800
 trace vx 56 34 13600
---------------------------------------------------
56 34 17 16  
tracing VX  13600   
 (v2) IS2 (1,1) 2300
 trace vx 55 32 11300
---------------------------------------------------
55 32 16 15  
tracing VX  11300   
 (v2) IS2 (1,1) 500
 trace vx 54 30 10800
---------------------------------------------------
54 30 15 14  
tracing VX  10800   
 (v2) IS2 (1,1) 2100
 trace vx 53 28 8700
---------------------------------------------------
53 28 14 13  
tracing VX  8700   
 (v2) IS2 (2,1) -1000
 trace vx 52 25 9700
---------------------------------------------------
52 25 12 12  
tracing VX  9700   
 (v2) IS2 (1,1) 2900
 trace vx 51 23 6800
---------------------------------------------------
51 23 11 11  
tracing VX  6800   
 (v2) IS2 (1,1) 2000
 trace vx 50 21 4800
---------------------------------------------------
50 21 10 10  
tracing VX  4800   
 (v2) IS2 (1,1) 3400
 trace vx 49 19 1400
---------------------------------------------------
49 19 9 9  
tracing VX  1400   
 (v6_CC) multiloop vx 39 7 -1400
 (v6_NCC) multiloop vx 47 7 3600
---------------------------------------------------
47 7 3 3  
tracing VX  3600   
 (v2) IS2 (1,1) 3400
 trace vx 46 5 200
---------------------------------------------------
46 5 2 2  
tracing VX  200   
 (v1) hairpin 5, 200 
---------------------------------------------------
39 7 3 3  
tracing VX  -1400   
 (v2) IS2 (1,1) 1700
 trace vx 38 5 -3100
---------------------------------------------------
38 5 2 2  
tracing VX  -3100   
 (v1) hairpin 5, -3100 
NAM  DD3280
SRC  DD3280 - 0..74::75
SEQ  +SS
       1 G   G   G   A   U   U   G   U   A   G   U   U   C   A   A   U   U   G   G   U
         0   1   2   3   4   5   6   7   8   9   10  11  12  13  14  15  16  17  18  19  
         72  71  70  69  68  67  66  .   .   .   .   .   .   .   .   .   .   61  60  59  

      21 U   A   G   A   G   C   A   C   C   G   C   C   C   U   G   U   C   A   A   G
         20  21  22  23  24  25  26  27  28  29  30  31  32  33  34  35  36  37  38  39  
         58  .   56  55  54  53  .   52  51  50  49  .   39  38  .   .   .   .   33  32  

      41 G   C   G   G   A   A   G   C   U   G   C   G   G   G   U   U   C   G   A   G
         40  41  42  43  44  45  46  47  48  49  50  51  52  53  54  55  56  57  58  59  
         47  46  .   .   .   .   41  40  .   30  29  28  27  25  24  23  22  .   20  19  

      61 C   C   C   C   G   U   C   A   G   U   C   C   C   G
         60  61  62  63  64  65  66  67  68  69  70  71  72  73  
         18  17  .   .   .   .   6   5   4   3   2   1   0   .   

true pairs 21.0	 found pairs 23.0	 agree 7.0 (sen=33.33 spe=30.43 -- C_ap = 31.85)
----------------------------------------------------------------------
   Log odds score:       28800 
energy (kcal/mol):      -28.80 
number of pairs found:      23.00 
number of pairs annotated:  21.00 
----------------------------------------------------------------------
Allow pseudoknots? YES
----------------------------------------------------------------------
Parameters (energy units, kcal/mol)
 wkn  parameter:          0.83 (pseudoknots weight)
 P1   parameter:         -0.00 
 P2   parameter:         -0.00 
 P3   parameter:         -0.00 
 P4   parameter:         -0.00 
 P5   parameter:          4.60 
 P5P  parameter:          8.43 
 P6   parameter:          0.40 
 P6P  parameter:          0.24 
 P10  parameter:          0.10 
 P10P parameter:          0.10 
 P11  parameter:          7.00 
 P12  parameter:          6.00 
 P13  parameter:         16.00 
 full pseudoknot model.
----------------------------------------------------------------------
