PKNOTS: optimal minimum-energy RNA folding with pseudoknots and coaxial energies
        PKNOTS 1.04 (Fri Jul  9 14:23:04 CDT 2004) using squid 1.5m (Sept 1997)
---------------------------------------------------
Folding sequences from:  /home/elena/pknots/pknots-1.04/Demos/DF0660.sqd 
---------------------------------------------------



	             SS  >>>>>>>..>>>>.........<<<<.>>>>>.......<<<<<.....>
	         DF0660  GCCAAGGUAGUUCAGCCUGGGAGAACGCUGGACUGAAGAUCCAGUUGUCG

	             SS  >>>>.......<<<<<<<<<<<<.
	         DF0660  GGUGUUCGAAUCACCCCCUUGGCA

---------------------------------------------------
73 73 36 36  
tracing WX 30600 
 (W4) SR, trace vx 72 72 28900
---------------------------------------------------
72 72 36 35  
tracing VX  28900   
 (v2) IS2 (1,1) 3400
 trace vx 71 70 25500
---------------------------------------------------
71 70 35 34  
tracing VX  25500   
 (v2) IS2 (1,1) 2900
 trace vx 70 68 22600
---------------------------------------------------
70 68 34 33  
tracing VX  22600   
 (v2) IS2 (1,1) 1800
 trace vx 69 66 20800
---------------------------------------------------
69 66 33 32  
tracing VX  20800   
 (v2) IS2 (1,1) 900
 trace vx 68 64 19900
---------------------------------------------------
68 64 32 31  
tracing VX  19900   
 (v2) IS2 (1,1) 1700
 trace vx 67 62 18200
---------------------------------------------------
67 62 31 30  
tracing VX  18200   
 (v2) IS2 (1,1) 2900
 trace vx 66 60 15300
---------------------------------------------------
66 60 30 29  
tracing VX  15300   
 (v4_1) multiloop, trace vx  34 27 10300
 (v4_1) multiloop, trace wbx 65 30 6700
---------------------------------------------------
65 30 15 14  
tracing WBX 6700 
 (WB5) SL, trace wbx  65 29 7100
---------------------------------------------------
65 29 14 14  
tracing WBX 7100 
 (WB5) SL, trace wbx  65 28 7500
---------------------------------------------------
65 28 14 13  
tracing WBX 7500 
 (WB8.1) trace vx 48 11 -700
 (WB8.1) trace vx 65 16 5400
---------------------------------------------------
65 16 8 7  
tracing VX  5400   
 (v2) IS2 (1,1) 2900
 trace vx 64 14 2500
---------------------------------------------------
64 14 7 6  
tracing VX  2500   
 (v2) IS2 (1,1) 2900
 trace vx 63 12 -400
---------------------------------------------------
63 12 6 5  
tracing VX  -400   
 (v2) IS2 (1,1) 2100
 trace vx 62 10 -2500
---------------------------------------------------
62 10 5 4  
tracing VX  -2500   
 (v2) IS2 (1,1) 1800
 trace vx 61 8 -4300
---------------------------------------------------
61 8 4 3  
tracing VX  -4300   
 (v1) hairpin 8, -4300 
---------------------------------------------------
48 11 5 5  
tracing VX  -700   
 (v2) IS2 (1,1) 2300
 trace vx 47 9 -3000
---------------------------------------------------
47 9 4 4  
tracing VX  -3000   
 (v2) IS2 (1,1) 1000
 trace vx 46 7 -4000
---------------------------------------------------
46 7 3 3  
tracing VX  -4000   
 (v1) hairpin 7, -4000 
---------------------------------------------------
34 27 13 13  
tracing VX  10300   
 (v2) IS2 (1,1) 800
 trace vx 33 25 9500
---------------------------------------------------
33 25 12 12  
tracing VX  9500   
 (v2) IS2 (1,1) 1700
 trace vx 32 23 7800
---------------------------------------------------
32 23 11 11  
tracing VX  7800   
 (v2) IS2 (1,1) 2100
 trace vx 31 21 5700
---------------------------------------------------
31 21 10 10  
tracing VX  5700   
 (v2) IS2 (1,1) 1100
 trace vx 30 19 4600
---------------------------------------------------
30 19 9 9  
tracing VX  4600   
 (v2) IS2 (1,1) 1400
 trace vx 29 17 3200
---------------------------------------------------
29 17 8 8  
tracing VX  3200   
 (v2) IS2 (1,1) 1800
 trace vx 28 15 1400
---------------------------------------------------
28 15 7 7  
tracing VX  1400   
 (v2) IS2 (1,1) 1700
 trace vx 27 13 -300
---------------------------------------------------
27 13 6 6  
tracing VX  -300   
 (v2) IS2 (1,1) 3400
 trace vx 26 11 -3700
---------------------------------------------------
26 11 5 5  
tracing VX  -3700   
 (v2) IS2 (2,2) -800
 trace vx 24 7 -2900
---------------------------------------------------
24 7 3 3  
tracing VX  -2900   
 (v1) hairpin 7, -2900 
NAM  DF0660
SRC  DF0660 - 0..74::75
SEQ  +SS
       1 G   C   C   A   A   G   G   U   A   G   U   U   C   A   G   C   C   U   G   G
         0   1   2   3   4   5   6   7   8   9   10  11  12  13  14  15  16  17  18  19  
         72  71  70  69  68  67  66  34  33  32  31  30  29  28  27  26  .   24  .   .   

      21 G   A   G   A   A   C   G   C   U   G   G   A   C   U   G   A   A   G   A   U
         20  21  22  23  24  25  26  27  28  29  30  31  32  33  34  35  36  37  38  39  
         .   .   .   .   17  .   15  14  13  12  11  10  9   8   7   .   .   48  47  46  

      41 C   C   A   G   U   U   G   U   C   G   G   G   U   G   U   U   C   G   A   A
         40  41  42  43  44  45  46  47  48  49  50  51  52  53  54  55  56  57  58  59  
         .   .   .   .   .   .   39  38  37  65  64  63  62  61  .   .   .   .   .   .   

      61 U   C   A   C   C   C   C   C   U   U   G   G   C   A
         60  61  62  63  64  65  66  67  68  69  70  71  72  73  
         .   53  52  51  50  49  6   5   4   3   2   1   0   .   

true pairs 21.0	 found pairs 25.0	 agree 12.0 (sen=57.14 spe=48.00 -- C_ap = 52.37)
----------------------------------------------------------------------
   Log odds score:       30600 
energy (kcal/mol):      -30.60 
number of pairs found:      25.00 
number of pairs annotated:  21.00 
----------------------------------------------------------------------
Allow pseudoknots? YES
----------------------------------------------------------------------
Parameters (energy units, kcal/mol)
 wkn  parameter:          0.83 (pseudoknots weight)
 P1   parameter:         -0.00 
 P2   parameter:         -0.00 
 P3   parameter:         -0.00 
 P4   parameter:         -0.00 
 P5   parameter:          4.60 
 P5P  parameter:          8.43 
 P6   parameter:          0.40 
 P6P  parameter:          0.24 
 P10  parameter:          0.10 
 P10P parameter:          0.10 
 P11  parameter:          7.00 
 P12  parameter:          6.00 
 P13  parameter:         16.00 
 full pseudoknot model.
----------------------------------------------------------------------
