PKNOTS: optimal minimum-energy RNA folding with pseudoknots and coaxial energies
        PKNOTS 1.04 (Fri Jul  9 14:23:04 CDT 2004) using squid 1.5m (Sept 1997)
---------------------------------------------------
Folding sequences from:  /home/elena/pknots/pknots-1.04/Demos/DF6280.sqd 
---------------------------------------------------



	             SS  >>>>>>>..>>>>........<<<<.>>>>>.......<<<<<.....>>
	         DF6280  GCGGAUUUAGCUCAGUUGGGAGAGCGCCAGACUGAAGAUCUGGAGGUCCU

	             SS  >>>.......<<<<<<<<<<<<.
	         DF6280  GUGUUCGAUCCACAGAAUUCGCA

---------------------------------------------------
72 72 36 35  
tracing WX 22600 
 (W4) SR, trace vx 71 71 20900
---------------------------------------------------
71 71 35 35  
tracing VX  20900   
 (v2) IS2 (1,1) 3400
 trace vx 70 69 17500
---------------------------------------------------
70 69 34 34  
tracing VX  17500   
 (v2) IS2 (1,1) 2000
 trace vx 69 67 15500
---------------------------------------------------
69 67 33 33  
tracing VX  15500   
 (v2) IS2 (1,1) 1400
 trace vx 68 65 14100
---------------------------------------------------
68 65 32 32  
tracing VX  14100   
 (v2) IS2 (1,1) 1100
 trace vx 67 63 13000
---------------------------------------------------
67 63 31 31  
tracing VX  13000   
 (v2) IS2 (1,1) 900
 trace vx 66 61 12100
---------------------------------------------------
66 61 30 30  
tracing VX  12100   
 (v2) IS2 (1,1) 900
 trace vx 65 59 11200
---------------------------------------------------
65 59 29 29  
tracing VX  11200   
 (v2) IS2 (1,1) 1100
 trace vx 64 57 10100
---------------------------------------------------
64 57 28 28  
tracing VX  10100   
 (v2) IS2 (9,3) -4300
 trace vx 61 45 14400
---------------------------------------------------
61 45 22 22  
tracing VX  14400   
 (v2) IS2 (1,1) 1800
 trace vx 60 43 12600
---------------------------------------------------
60 43 21 21  
tracing VX  12600   
 (v2) IS2 (1,1) 2900
 trace vx 59 41 9700
---------------------------------------------------
59 41 20 20  
tracing VX  9700   
 (v2) IS2 (1,1) 1400
 trace vx 58 39 8300
---------------------------------------------------
58 39 19 19  
tracing VX  8300   
 (v2) IS2 (2,3) -900
 trace vx 55 34 9200
---------------------------------------------------
55 34 17 16  
tracing VX  9200   
 (v2) IS2 (1,1) 2300
 trace vx 54 32 6900
---------------------------------------------------
54 32 16 15  
tracing VX  6900   
 (v2) IS2 (1,1) 500
 trace vx 53 30 6400
---------------------------------------------------
53 30 15 14  
tracing VX  6400   
 (v2) IS2 (1,1) 2100
 trace vx 52 28 4300
---------------------------------------------------
52 28 14 13  
tracing VX  4300   
 (v2) IS2 (1,1) 1200
 trace vx 51 26 3100
---------------------------------------------------
51 26 13 12  
tracing VX  3100   
 (v2) IS2 (1,1) 2100
 trace vx 50 24 1000
---------------------------------------------------
50 24 12 11  
tracing VX  1000   
 (v2) IS2 (3,3) -1900
 trace vx 47 18 2900
---------------------------------------------------
47 18 9 8  
tracing VX  2900   
 (v2) IS2 (1,1) 2300
 trace vx 46 16 600
---------------------------------------------------
46 16 8 7  
tracing VX  600   
 (v2) IS2 (1,1) 2100
 trace vx 45 14 -1500
---------------------------------------------------
45 14 7 6  
tracing VX  -1500   
 (v2) IS2 (1,1) 1900
 trace vx 44 12 -3400
---------------------------------------------------
44 12 6 5  
tracing VX  -3400   
 (v1) hairpin 12, -3400 
NAM  DF6280
SRC  DF6280 - 0..74::75
SEQ  +SS
       1 G   C   G   G   A   U   U   U   A   G   C   U   C   A   G   U   U   G   G   G
         0   1   2   3   4   5   6   7   8   9   10  11  12  13  14  15  16  17  18  19  
         71  70  69  68  67  66  65  64  .   .   .   .   .   .   .   .   61  60  59  58  

      21 A   G   A   G   C   G   C   C   A   G   A   C   U   G   A   A   G   A   U   C
         20  21  22  23  24  25  26  27  28  29  30  31  32  33  34  35  36  37  38  39  
         .   55  54  53  52  51  50  .   .   47  46  45  44  .   .   .   .   .   .   .   

      41 U   G   G   A   G   G   U   C   C   U   G   U   G   U   U   C   G   A   U   C
         40  41  42  43  44  45  46  47  48  49  50  51  52  53  54  55  56  57  58  59  
         .   .   .   .   32  31  30  29  .   .   26  25  24  23  22  21  .   .   19  18  

      61 C   A   C   A   G   A   A   U   U   C   G   C   A
         60  61  62  63  64  65  66  67  68  69  70  71  72  
         17  16  .   .   7   6   5   4   3   2   1   0   .   

true pairs 21.0	 found pairs 22.0	 agree 7.0 (sen=33.33 spe=31.82 -- C_ap = 32.57)
----------------------------------------------------------------------
   Log odds score:       22600 
energy (kcal/mol):      -22.60 
number of pairs found:      22.00 
number of pairs annotated:  21.00 
----------------------------------------------------------------------
Allow pseudoknots? YES
----------------------------------------------------------------------
Parameters (energy units, kcal/mol)
 wkn  parameter:          0.83 (pseudoknots weight)
 P1   parameter:         -0.00 
 P2   parameter:         -0.00 
 P3   parameter:         -0.00 
 P4   parameter:         -0.00 
 P5   parameter:          4.60 
 P5P  parameter:          8.43 
 P6   parameter:          0.40 
 P6P  parameter:          0.24 
 P10  parameter:          0.10 
 P10P parameter:          0.10 
 P11  parameter:          7.00 
 P12  parameter:          6.00 
 P13  parameter:         16.00 
 full pseudoknot model.
----------------------------------------------------------------------
