PKNOTS: optimal minimum-energy RNA folding with pseudoknots and coaxial energies
        PKNOTS 1.04 (Fri Jul  9 14:23:04 CDT 2004) using squid 1.5m (Sept 1997)
---------------------------------------------------
Folding sequences from:  /home/elena/pknots/pknots-1.04/Demos/DH5560.sqd 
---------------------------------------------------



	             SS  >>>>>>>..>>>>.....<<<<.>>>>>.......<<<<<....>>>>>.
	         DH5560  GUAAAUAUAGUUUAAUUAAAACAUUAGACUGUGAAUCUAACUAUAGAAGC

	             SS  ......<<<<<<<<<<<<.
	         DH5560  UUACCACUUCUUAUUUACC

---------------------------------------------------
68 68 34 33  
tracing WX 12900 
 (W4) SR, trace vx 67 67 12100
---------------------------------------------------
67 67 33 33  
tracing VX  12100   
 (v2) IS2 (1,1) 2100
 trace vx 66 65 10000
---------------------------------------------------
66 65 32 32  
tracing VX  10000   
 (v2) IS2 (1,1) 1100
 trace vx 65 63 8900
---------------------------------------------------
65 63 31 31  
tracing VX  8900   
 (v2) IS2 (1,1) 900
 trace vx 64 61 8000
---------------------------------------------------
64 61 30 30  
tracing VX  8000   
 (v2) IS2 (1,1) 900
 trace vx 63 59 7100
---------------------------------------------------
63 59 29 29  
tracing VX  7100   
 (v2) IS2 (1,1) 900
 trace vx 62 57 6200
---------------------------------------------------
62 57 28 28  
tracing VX  6200   
 (v2) IS2 (1,1) 1100
 trace vx 61 55 5100
---------------------------------------------------
61 55 27 27  
tracing VX  5100   
 (v5_1) multiloop wbx 43 36 5300
 (v5_1) multiloop vx  60 16 2700
---------------------------------------------------
60 16 8 7  
tracing VX  2700   
 (v2) IS2 (1,1) 1700
 trace vx 59 14 1000
---------------------------------------------------
59 14 7 6  
tracing VX  1000   
 (v2) IS2 (1,1) 2300
 trace vx 58 12 -1300
---------------------------------------------------
58 12 6 5  
tracing VX  -1300   
 (v2) IS2 (1,1) 900
 trace vx 57 10 -2200
---------------------------------------------------
57 10 5 4  
tracing VX  -2200   
 (v2) IS2 (1,1) 1700
 trace vx 56 8 -3900
---------------------------------------------------
56 8 4 3  
tracing VX  -3900   
 (v1) hairpin 8, -3900 
---------------------------------------------------
43 36 18 17  
tracing WBX 5300 
 (WB4) SR, trace vx 42 35 5200
---------------------------------------------------
42 35 17 17  
tracing VX  5200   
 (v2) IS2 (1,1) 1100
 trace vx 41 33 4100
---------------------------------------------------
41 33 16 16  
tracing VX  4100   
 (v2) IS2 (1,1) 1700
 trace vx 40 31 2400
---------------------------------------------------
40 31 15 15  
tracing VX  2400   
 (v2) IS2 (1,1) 2100
 trace vx 39 29 300
---------------------------------------------------
39 29 14 14  
tracing VX  300   
 (v2) IS2 (1,1) 900
 trace vx 38 27 -600
---------------------------------------------------
38 27 13 13  
tracing VX  -600   
 (v2) IS2 (3,3) -1900
 trace vx 35 21 1300
---------------------------------------------------
35 21 10 10  
tracing VX  1300   
 (v2) IS2 (1,1) 900
 trace vx 34 19 400
---------------------------------------------------
34 19 9 9  
tracing VX  400   
 (v2) IS2 (1,1) 900
 trace vx 33 17 -500
---------------------------------------------------
33 17 8 8  
tracing VX  -500   
 (v2) IS2 (4,2) -500
 trace vx 31 11 0
---------------------------------------------------
31 11 5 5  
tracing VX  0   
 (v2) IS2 (1,1) 2100
 trace vx 30 9 -2100
---------------------------------------------------
30 9 4 4  
tracing VX  -2100   
 (v2) IS2 (1,1) 1800
 trace vx 29 7 -3900
---------------------------------------------------
29 7 3 3  
tracing VX  -3900   
 (v1) hairpin 7, -3900 
NAM  DH5560
SRC  DH5560 - 0..74::75
SEQ  +SS
       1 G   U   A   A   A   U   A   U   A   G   U   U   U   A   A   U   U   A   A   A
         0   1   2   3   4   5   6   7   8   9   10  11  12  13  14  15  16  17  18  19  
         67  66  65  64  63  62  61  42  41  40  39  38  .   .   35  34  33  .   .   .   

      21 A   C   A   U   U   A   G   A   C   U   G   U   G   A   A   U   C   U   A   A
         20  21  22  23  24  25  26  27  28  29  30  31  32  33  34  35  36  37  38  39  
         31  30  29  .   .   .   .   .   .   22  21  20  .   16  15  14  .   .   11  10  

      41 C   U   A   U   A   G   A   A   G   C   U   U   A   C   C   A   C   U   U   C
         40  41  42  43  44  45  46  47  48  49  50  51  52  53  54  55  56  57  58  59  
         9   8   7   .   60  59  58  57  56  .   .   .   .   .   .   .   48  47  46  45  

      61 U   U   A   U   U   U   A   C   C
         60  61  62  63  64  65  66  67  68  
         44  6   5   4   3   2   1   0   .   

true pairs 21.0	 found pairs 23.0	 agree 12.0 (sen=57.14 spe=52.17 -- C_ap = 54.60)
----------------------------------------------------------------------
   Log odds score:       12900 
energy (kcal/mol):      -12.90 
number of pairs found:      23.00 
number of pairs annotated:  21.00 
----------------------------------------------------------------------
Allow pseudoknots? YES
----------------------------------------------------------------------
Parameters (energy units, kcal/mol)
 wkn  parameter:          0.83 (pseudoknots weight)
 P1   parameter:         -0.00 
 P2   parameter:         -0.00 
 P3   parameter:         -0.00 
 P4   parameter:         -0.00 
 P5   parameter:          4.60 
 P5P  parameter:          8.43 
 P6   parameter:          0.40 
 P6P  parameter:          0.24 
 P10  parameter:          0.10 
 P10P parameter:          0.10 
 P11  parameter:          7.00 
 P12  parameter:          6.00 
 P13  parameter:         16.00 
 full pseudoknot model.
----------------------------------------------------------------------
