PKNOTS: optimal minimum-energy RNA folding with pseudoknots and coaxial energies
        PKNOTS 1.04 (Fri Jul  9 14:23:04 CDT 2004) using squid 1.5m (Sept 1997)
---------------------------------------------------
Folding sequences from:  /home/elena/pknots/pknots-1.04/Demos/DI1140.sqd 
---------------------------------------------------



	             SS  >>>>>>>..>>>>.........<<<<.>>>>>.......<<<<<.....>
	         DI1140  GGACCUUUAGCUCAGUUGGUUAGAGCAUCCGGCUCAUAACCGGACGGUCA

	             SS  >>>>.......<<<<<<<<<<<<....
	         DI1140  UUGGUUCAAGUCCAAUAAGGUCCACCA

---------------------------------------------------
76 76 38 37  
tracing WX 27300 
 (W6) SR, trace wx 75 75 27300
---------------------------------------------------
75 75 37 37  
tracing WX 27300 
 (W6) SR, trace wx 74 74 27300
---------------------------------------------------
74 74 37 36  
tracing WX 27300 
 (W6) SR, trace wx 73 73 27300
---------------------------------------------------
73 73 36 36  
tracing WX 27300 
 (W4) SR, trace vx 72 72 25600
---------------------------------------------------
72 72 36 35  
tracing VX  25600   
 (v2) IS2 (1,1) 2900
 trace vx 71 70 22700
---------------------------------------------------
71 70 35 34  
tracing VX  22700   
 (v2) IS2 (1,1) 2300
 trace vx 70 68 20400
---------------------------------------------------
70 68 34 33  
tracing VX  20400   
 (v2) IS2 (1,1) 2100
 trace vx 69 66 18300
---------------------------------------------------
69 66 33 32  
tracing VX  18300   
 (v2) IS2 (1,1) 2900
 trace vx 68 64 15400
---------------------------------------------------
68 64 32 31  
tracing VX  15400   
 (v2) IS2 (1,1) 1700
 trace vx 67 62 13700
---------------------------------------------------
67 62 31 30  
tracing VX  13700   
 (v2) IS2 (1,1) 900
 trace vx 66 60 12800
---------------------------------------------------
66 60 30 29  
tracing VX  12800   
 (v5_1) multiloop wbx 48 41 13300
 (v5_1) multiloop vx  65 16 2200
---------------------------------------------------
65 16 8 7  
tracing VX  2200   
 (v2) IS2 (1,1) 900
 trace vx 64 14 1300
---------------------------------------------------
64 14 7 6  
tracing VX  1300   
 (v2) IS2 (1,1) 900
 trace vx 63 12 400
---------------------------------------------------
63 12 6 5  
tracing VX  400   
 (v2) IS2 (1,1) 1800
 trace vx 62 10 -1400
---------------------------------------------------
62 10 5 4  
tracing VX  -1400   
 (v2) IS2 (1,1) 2900
 trace vx 61 8 -4300
---------------------------------------------------
61 8 4 3  
tracing VX  -4300   
 (v1) hairpin 8, -4300 
---------------------------------------------------
48 41 20 20  
tracing WBX 13300 
 (WB5) SL, trace wbx  48 40 13700
---------------------------------------------------
48 40 20 19  
tracing WBX 13700 
 (WB2) SR SL, trace vx 47 38 13900
---------------------------------------------------
47 38 19 18  
tracing VX  13900   
 (v2) IS2 (1,1) 2100
 trace vx 46 36 11800
---------------------------------------------------
46 36 18 17  
tracing VX  11800   
 (v2) IS2 (1,1) 1900
 trace vx 45 34 9900
---------------------------------------------------
45 34 17 16  
tracing VX  9900   
 (v2) IS2 (4,3) -1600
 trace vx 42 27 11500
---------------------------------------------------
42 27 13 13  
tracing VX  11500   
 (v2) IS2 (1,1) 400
 trace vx 41 25 11100
---------------------------------------------------
41 25 12 12  
tracing VX  11100   
 (v2) IS2 (1,1) 1200
 trace vx 40 23 9900
---------------------------------------------------
40 23 11 11  
tracing VX  9900   
 (v2) IS2 (1,1) 2900
 trace vx 39 21 7000
---------------------------------------------------
39 21 10 10  
tracing VX  7000   
 (v2) IS2 (1,1) 2100
 trace vx 38 19 4900
---------------------------------------------------
38 19 9 9  
tracing VX  4900   
 (v2) IS2 (1,1) 900
 trace vx 37 17 4000
---------------------------------------------------
37 17 8 8  
tracing VX  4000   
 (v2) IS2 (1,1) 1100
 trace vx 36 15 2900
---------------------------------------------------
36 15 7 7  
tracing VX  2900   
 (v2) IS2 (1,2) -2200
 trace vx 34 12 5100
---------------------------------------------------
34 12 6 5  
tracing VX  5100   
 (v2) IS2 (1,1) 2300
 trace vx 33 10 2800
---------------------------------------------------
33 10 5 4  
tracing VX  2800   
 (v2) IS2 (1,1) 1700
 trace vx 32 8 1100
---------------------------------------------------
32 8 4 3  
tracing VX  1100   
 (v2) IS2 (1,1) 3400
 trace vx 31 6 -2300
---------------------------------------------------
31 6 3 2  
tracing VX  -2300   
 (v1) hairpin 6, -2300 
NAM  DI1140
SRC  DI1140 - 0..74::75
SEQ  +SS
       1 G   G   A   C   C   U   U   U   A   G   C   U   C   A   G   U   U   G   G   U
         0   1   2   3   4   5   6   7   8   9   10  11  12  13  14  15  16  17  18  19  
         72  71  70  69  68  67  66  .   .   47  46  45  .   .   .   42  41  40  39  38  

      21 U   A   G   A   G   C   A   U   C   C   G   G   C   U   C   A   U   A   A   C
         20  21  22  23  24  25  26  27  28  29  30  31  32  33  34  35  36  37  38  39  
         37  36  34  33  32  31  .   .   .   .   .   25  24  23  22  .   21  20  19  18  

      41 C   G   G   A   C   G   G   U   C   A   U   U   G   G   U   U   C   A   A   G
         40  41  42  43  44  45  46  47  48  49  50  51  52  53  54  55  56  57  58  59  
         17  16  15  .   .   11  10  9   .   65  64  63  62  61  .   .   .   .   .   .   

      61 U   C   C   A   A   U   A   A   G   G   U   C   C   A   C   C   A
         60  61  62  63  64  65  66  67  68  69  70  71  72  73  74  75  76  
         .   53  52  51  50  49  6   5   4   3   2   1   0   .   .   .   .   

true pairs 21.0	 found pairs 26.0	 agree 12.0 (sen=57.14 spe=46.15 -- C_ap = 51.36)
----------------------------------------------------------------------
   Log odds score:       27300 
energy (kcal/mol):      -27.30 
number of pairs found:      26.00 
number of pairs annotated:  21.00 
----------------------------------------------------------------------
Allow pseudoknots? YES
----------------------------------------------------------------------
Parameters (energy units, kcal/mol)
 wkn  parameter:          0.83 (pseudoknots weight)
 P1   parameter:         -0.00 
 P2   parameter:         -0.00 
 P3   parameter:         -0.00 
 P4   parameter:         -0.00 
 P5   parameter:          4.60 
 P5P  parameter:          8.43 
 P6   parameter:          0.40 
 P6P  parameter:          0.24 
 P10  parameter:          0.10 
 P10P parameter:          0.10 
 P11  parameter:          7.00 
 P12  parameter:          6.00 
 P13  parameter:         16.00 
 full pseudoknot model.
----------------------------------------------------------------------
