PKNOTS: optimal minimum-energy RNA folding with pseudoknots and coaxial energies
        PKNOTS 1.04 (Fri Jul  9 14:23:04 CDT 2004) using squid 1.5m (Sept 1997)
---------------------------------------------------
Folding sequences from:  /home/elena/pknots/pknots-1.04/Demos/DL0220.sqd 
---------------------------------------------------



	             SS  >>>>>>>..>>>...........<<<.>>>>>.......<<<<<.>>>>.
	         DL0220  GCGAGAAUGGUCAAAUUGGUAAAGGCACAGCACUUAAAAUGCUGCGGAAU

	             SS  ...<<<<..>>>>>.......<<<<<<<<<<<<....
	         DL0220  GAUUUCCUUGUGGGUUCGAGUCCCACUUCUCGCACCA

---------------------------------------------------
86 86 43 42  
tracing WX 26600 
 (W6) SR, trace wx 85 85 26600
---------------------------------------------------
85 85 42 42  
tracing WX 26600 
 (W6) SR, trace wx 84 84 26600
---------------------------------------------------
84 84 42 41  
tracing WX 26600 
 (W6) SR, trace wx 83 83 26600
---------------------------------------------------
83 83 41 41  
tracing WX 26600 
 (W4) SR, trace vx 82 82 24900
---------------------------------------------------
82 82 41 40  
tracing VX  24900   
 (v2) IS2 (1,1) 3400
 trace vx 81 80 21500
---------------------------------------------------
81 80 40 39  
tracing VX  21500   
 (v2) IS2 (1,1) 2000
 trace vx 80 78 19500
---------------------------------------------------
80 78 39 38  
tracing VX  19500   
 (v2) IS2 (1,1) 2300
 trace vx 79 76 17200
---------------------------------------------------
79 76 38 37  
tracing VX  17200   
 (v2) IS2 (1,1) 1700
 trace vx 78 74 15500
---------------------------------------------------
78 74 37 36  
tracing VX  15500   
 (v2) IS2 (1,1) 2300
 trace vx 77 72 13200
---------------------------------------------------
77 72 36 35  
tracing VX  13200   
 (v2) IS2 (1,1) 900
 trace vx 76 70 12300
---------------------------------------------------
76 70 35 34  
tracing VX  12300   
 (v5_1) multiloop wbx 58 51 9000
 (v5_1) multiloop vx  75 16 5400
---------------------------------------------------
75 16 8 7  
tracing VX  5400   
 (v2) IS2 (1,1) 2100
 trace vx 74 14 3300
---------------------------------------------------
74 14 7 6  
tracing VX  3300   
 (v2) IS2 (1,1) 1800
 trace vx 73 12 1500
---------------------------------------------------
73 12 6 5  
tracing VX  1500   
 (v2) IS2 (1,1) 2900
 trace vx 72 10 -1400
---------------------------------------------------
72 10 5 4  
tracing VX  -1400   
 (v2) IS2 (1,1) 2900
 trace vx 71 8 -4300
---------------------------------------------------
71 8 4 3  
tracing VX  -4300   
 (v1) hairpin 8, -4300 
---------------------------------------------------
58 51 25 25  
tracing WBX 9000 
 (WB5) SL, trace wbx  58 50 9400
---------------------------------------------------
58 50 25 24  
tracing WBX 9400 
 (WB5) SL, trace wbx  58 49 9800
---------------------------------------------------
58 49 24 24  
tracing WBX 9800 
 (WB6) SR, trace wbx 57 48 10200
---------------------------------------------------
57 48 24 23  
tracing WBX 10200 
 (WB7) trace wbx  26 17 700
 (WB7) trace wbx  9500
---------------------------------------------------
57 30 15 14  
tracing WBX 9500 
 (WB8.7) trace vx 43 16 4400
 (WB8.7) dangle j, trace vx 56 11 2000
---------------------------------------------------
56 11 5 5  
tracing VX  2000   
 (v2) IS2 (1,1) 2900
 trace vx 55 9 -900
---------------------------------------------------
55 9 4 4  
tracing VX  -900   
 (v2) IS2 (1,1) 2300
 trace vx 54 7 -3200
---------------------------------------------------
54 7 3 3  
tracing VX  -3200   
 (v2) IS2 (1,1) 900
 trace vx 53 5 -4100
---------------------------------------------------
53 5 2 2  
tracing VX  -4100   
 (v1) hairpin 5, -4100 
---------------------------------------------------
43 16 8 7  
tracing VX  4400   
 (v2) IS2 (1,1) 1800
 trace vx 42 14 2600
---------------------------------------------------
42 14 7 6  
tracing VX  2600   
 (v2) IS2 (1,1) 1700
 trace vx 41 12 900
---------------------------------------------------
41 12 6 5  
tracing VX  900   
 (v2) IS2 (1,1) 3400
 trace vx 40 10 -2500
---------------------------------------------------
40 10 5 4  
tracing VX  -2500   
 (v2) IS2 (1,1) 1800
 trace vx 39 8 -4300
---------------------------------------------------
39 8 4 3  
tracing VX  -4300   
 (v1) hairpin 8, -4300 
---------------------------------------------------
26 17 8 8  
tracing WBX 700 
 (WB4) SR, trace vx 25 16 -500
---------------------------------------------------
25 16 8 7  
tracing VX  -500   
 (v2) IS2 (1,1) 2100
 trace vx 24 14 -2600
---------------------------------------------------
24 14 7 6  
tracing VX  -2600   
 (v2) IS2 (1,1) 1400
 trace vx 23 12 -4000
---------------------------------------------------
23 12 6 5  
tracing VX  -4000   
 (v1) hairpin 12, -4000 
NAM  DL0220
SRC  DL0220 - 0..74::75
SEQ  +SS
       1 G   C   G   A   G   A   A   U   G   G   U   C   A   A   A   U   U   G   G   U
         0   1   2   3   4   5   6   7   8   9   10  11  12  13  14  15  16  17  18  19  
         82  81  80  79  78  77  76  .   .   25  24  23  .   .   .   .   .   .   .   .   

      21 A   A   A   G   G   C   A   C   A   G   C   A   C   U   U   A   A   A   A   U
         20  21  22  23  24  25  26  27  28  29  30  31  32  33  34  35  36  37  38  39  
         .   .   .   11  10  9   .   43  42  41  40  39  .   .   .   .   .   .   .   31  

      41 G   C   U   G   C   G   G   A   A   U   G   A   U   U   U   C   C   U   U   G
         40  41  42  43  44  45  46  47  48  49  50  51  52  53  54  55  56  57  58  59  
         30  29  28  27  .   56  55  54  53  .   .   .   .   48  47  46  45  .   .   75  

      61 U   G   G   G   U   U   C   G   A   G   U   C   C   C   A   C   U   U   C   U
         60  61  62  63  64  65  66  67  68  69  70  71  72  73  74  75  76  77  78  79  
         74  73  72  71  .   .   .   .   .   .   .   63  62  61  60  59  6   5   4   3   

      81 C   G   C   A   C   C   A
         80  81  82  83  84  85  86  
         2   1   0   .   .   .   .   

true pairs 24.0	 found pairs 24.0	 agree 24.0 (sen=100.00 spe=100.00 -- C_ap = 100.00)
----------------------------------------------------------------------
   Log odds score:       26600 
energy (kcal/mol):      -26.60 
number of pairs found:      24.00 
number of pairs annotated:  24.00 
----------------------------------------------------------------------
Allow pseudoknots? YES
----------------------------------------------------------------------
Parameters (energy units, kcal/mol)
 wkn  parameter:          0.83 (pseudoknots weight)
 P1   parameter:         -0.00 
 P2   parameter:         -0.00 
 P3   parameter:         -0.00 
 P4   parameter:         -0.00 
 P5   parameter:          4.60 
 P5P  parameter:          8.43 
 P6   parameter:          0.40 
 P6P  parameter:          0.24 
 P10  parameter:          0.10 
 P10P parameter:          0.10 
 P11  parameter:          7.00 
 P12  parameter:          6.00 
 P13  parameter:         16.00 
 full pseudoknot model.
----------------------------------------------------------------------
