PKNOTS: optimal minimum-energy RNA folding with pseudoknots and coaxial energies
        PKNOTS 1.04 (Fri Jul  9 14:23:04 CDT 2004) using squid 1.5m (Sept 1997)
---------------------------------------------------
Folding sequences from:  /home/elena/pknots/pknots-1.04/Demos/DN4000.sqd 
---------------------------------------------------



	             SS  >>>>>>>..>>>>........<<<<.>>>>>.......<<<<<....>>>
	         DN4000  GUCCUUAUAGCUUAUCGGUUAAAGCAUCUCACUGUUAAUGAGAAUAGAUG

	             SS  >>.......<<<<<<<<<<<<.
	         DN4000  GGUUCAAUUCCUAUUAAGGACG

---------------------------------------------------
71 71 35 35  
tracing WX 19200 
 (W4) SR, trace vx 70 70 17500
---------------------------------------------------
70 70 35 34  
tracing VX  17500   
 (v2) IS2 (1,1) 2100
 trace vx 69 68 15400
---------------------------------------------------
69 68 34 33  
tracing VX  15400   
 (v2) IS2 (1,1) 2300
 trace vx 68 66 13100
---------------------------------------------------
68 66 33 32  
tracing VX  13100   
 (v2) IS2 (1,1) 2900
 trace vx 67 64 10200
---------------------------------------------------
67 64 32 31  
tracing VX  10200   
 (v2) IS2 (1,1) 1700
 trace vx 66 62 8500
---------------------------------------------------
66 62 31 30  
tracing VX  8500   
 (v2) IS2 (1,1) 900
 trace vx 65 60 7600
---------------------------------------------------
65 60 30 29  
tracing VX  7600   
 (v2) IS2 (1,1) 1100
 trace vx 64 58 6500
---------------------------------------------------
64 58 29 28  
tracing VX  6500   
 (v2) IS2 (2,11) -3400
 trace vx 53 45 9900
---------------------------------------------------
53 45 22 22  
tracing VX  9900   
 (v2) IS2 (1,1) 500
 trace vx 52 43 9400
---------------------------------------------------
52 43 21 21  
tracing VX  9400   
 (v2) IS2 (1,1) 2100
 trace vx 51 41 7300
---------------------------------------------------
51 41 20 20  
tracing VX  7300   
 (v2) IS2 (1,1) 1900
 trace vx 50 39 5400
---------------------------------------------------
50 39 19 19  
tracing VX  5400   
 (v2) IS2 (1,1) 400
 trace vx 49 37 5000
---------------------------------------------------
49 37 18 18  
tracing VX  5000   
 (v2) IS2 (1,1) 800
 trace vx 48 35 4200
---------------------------------------------------
48 35 17 17  
tracing VX  4200   
 (v2) IS2 (1,1) 900
 trace vx 47 33 3300
---------------------------------------------------
47 33 16 16  
tracing VX  3300   
 (v2) IS2 (1,1) 2300
 trace vx 46 31 1000
---------------------------------------------------
46 31 15 15  
tracing VX  1000   
 (v2) IS2 (11,4) -2800
 trace vx 42 16 3800
---------------------------------------------------
42 16 8 7  
tracing VX  3800   
 (v2) IS2 (1,1) 2300
 trace vx 41 14 1500
---------------------------------------------------
41 14 7 6  
tracing VX  1500   
 (v2) IS2 (1,1) 1700
 trace vx 40 12 -200
---------------------------------------------------
40 12 6 5  
tracing VX  -200   
 (v2) IS2 (1,1) 2300
 trace vx 39 10 -2500
---------------------------------------------------
39 10 5 4  
tracing VX  -2500   
 (v2) IS2 (1,1) 1800
 trace vx 38 8 -4300
---------------------------------------------------
38 8 4 3  
tracing VX  -4300   
 (v1) hairpin 8, -4300 
NAM  DN4000
SRC  DN4000 - 0..74::75
SEQ  +SS
       1 G   U   C   C   U   U   A   U   A   G   C   U   U   A   U   C   G   G   U   U
         0   1   2   3   4   5   6   7   8   9   10  11  12  13  14  15  16  17  18  19  
         70  69  68  67  66  65  64  .   53  52  51  50  49  48  47  46  .   .   .   .   

      21 A   A   A   G   C   A   U   C   U   C   A   C   U   G   U   U   A   A   U   G
         20  21  22  23  24  25  26  27  28  29  30  31  32  33  34  35  36  37  38  39  
         .   .   .   .   .   .   42  41  40  39  38  .   .   .   .   .   .   .   30  29  

      41 A   G   A   A   U   A   G   A   U   G   G   G   U   U   C   A   A   U   U   C
         40  41  42  43  44  45  46  47  48  49  50  51  52  53  54  55  56  57  58  59  
         28  27  26  .   .   .   15  14  13  12  11  10  9   8   .   .   .   .   .   .   

      61 C   U   A   U   U   A   A   G   G   A   C   G
         60  61  62  63  64  65  66  67  68  69  70  71  
         .   .   .   .   6   5   4   3   2   1   0   .   

true pairs 21.0	 found pairs 20.0	 agree 12.0 (sen=57.14 spe=60.00 -- C_ap = 58.55)
----------------------------------------------------------------------
   Log odds score:       19200 
energy (kcal/mol):      -19.20 
number of pairs found:      20.00 
number of pairs annotated:  21.00 
----------------------------------------------------------------------
Allow pseudoknots? YES
----------------------------------------------------------------------
Parameters (energy units, kcal/mol)
 wkn  parameter:          0.83 (pseudoknots weight)
 P1   parameter:         -0.00 
 P2   parameter:         -0.00 
 P3   parameter:         -0.00 
 P4   parameter:         -0.00 
 P5   parameter:          4.60 
 P5P  parameter:          8.43 
 P6   parameter:          0.40 
 P6P  parameter:          0.24 
 P10  parameter:          0.10 
 P10P parameter:          0.10 
 P11  parameter:          7.00 
 P12  parameter:          6.00 
 P13  parameter:         16.00 
 full pseudoknot model.
----------------------------------------------------------------------
