PKNOTS: optimal minimum-energy RNA folding with pseudoknots and coaxial energies
        PKNOTS 1.04 (Fri Jul  9 14:23:04 CDT 2004) using squid 1.5m (Sept 1997)
---------------------------------------------------
Folding sequences from:  /home/elena/pknots/pknots-1.04/Demos/DP1780.sqd 
---------------------------------------------------



	             SS  >>>>>>>..>>>>.........<<<<.>>>>>.......<<<<<.....>
	         DP1780  CGGUGAUUAGCGCAGCCCGGUAGCGCAUCUGGUUUGGGACCAGAGGGUCA

	             SS  >>>>.......<<<<<<<<<<<<....
	         DP1780  AAGGUUCGAAUCCUUUAUCACCGACCA

---------------------------------------------------
76 76 38 37  
tracing WX 25200 
 (W6) SR, trace wx 75 75 25200
---------------------------------------------------
75 75 37 37  
tracing WX 25200 
 (W6) SR, trace wx 74 74 25200
---------------------------------------------------
74 74 37 36  
tracing WX 25200 
 (W6) SR, trace wx 73 73 25200
---------------------------------------------------
73 73 36 36  
tracing WX 25200 
 (W4) SR, trace vx 72 72 24100
---------------------------------------------------
72 72 36 35  
tracing VX  24100   
 (v2) IS2 (1,1) 2000
 trace vx 71 70 22100
---------------------------------------------------
71 70 35 34  
tracing VX  22100   
 (v2) IS2 (1,1) 2900
 trace vx 70 68 19200
---------------------------------------------------
70 68 34 33  
tracing VX  19200   
 (v2) IS2 (1,1) 2100
 trace vx 69 66 17100
---------------------------------------------------
69 66 33 32  
tracing VX  17100   
 (v2) IS2 (1,1) 1800
 trace vx 68 64 15300
---------------------------------------------------
68 64 32 31  
tracing VX  15300   
 (v2) IS2 (1,1) 2300
 trace vx 67 62 13000
---------------------------------------------------
67 62 31 30  
tracing VX  13000   
 (v2) IS2 (1,1) 900
 trace vx 66 60 12100
---------------------------------------------------
66 60 30 29  
tracing VX  12100   
 (v2) IS2 (2,2) -800
 trace vx 64 56 12900
---------------------------------------------------
64 56 28 27  
tracing VX  12900   
 (v4_3) multiloop, trace vx  25 16 5000
 (v4_3) multiloop, trace wbx 63 36 9700
---------------------------------------------------
63 36 18 17  
tracing WBX 9700 
 (WB8.3) trace vx 43 16 6700
 (WB8.3) dangle j, trace vx 62 18 700
---------------------------------------------------
62 18 9 8  
tracing VX  700   
 (v2) IS2 (1,1) 2900
 trace vx 61 16 -2200
---------------------------------------------------
61 16 8 7  
tracing VX  -2200   
 (v2) IS2 (2,3) -1400
 trace vx 58 11 -800
---------------------------------------------------
58 11 5 5  
tracing VX  -800   
 (v2) IS2 (1,1) 2300
 trace vx 57 9 -3100
---------------------------------------------------
57 9 4 4  
tracing VX  -3100   
 (v1) hairpin 9, -3100 
---------------------------------------------------
43 16 8 7  
tracing VX  6700   
 (v2) IS2 (1,1) 2300
 trace vx 42 14 4400
---------------------------------------------------
42 14 7 6  
tracing VX  4400   
 (v2) IS2 (1,1) 1700
 trace vx 41 12 2700
---------------------------------------------------
41 12 6 5  
tracing VX  2700   
 (v2) IS2 (1,1) 1800
 trace vx 40 10 900
---------------------------------------------------
40 10 5 4  
tracing VX  900   
 (v2) IS2 (1,1) 2900
 trace vx 39 8 -2000
---------------------------------------------------
39 8 4 3  
tracing VX  -2000   
 (v2) IS2 (1,1) 2100
 trace vx 38 6 -4100
---------------------------------------------------
38 6 3 2  
tracing VX  -4100   
 (v1) hairpin 6, -4100 
---------------------------------------------------
25 16 8 7  
tracing VX  5000   
 (v2) IS2 (1,1) 3400
 trace vx 24 14 1600
---------------------------------------------------
24 14 7 6  
tracing VX  1600   
 (v2) IS2 (1,1) 2000
 trace vx 23 12 -400
---------------------------------------------------
23 12 6 5  
tracing VX  -400   
 (v2) IS2 (1,1) 3400
 trace vx 22 10 -3800
---------------------------------------------------
22 10 5 4  
tracing VX  -3800   
 (v1) hairpin 10, -3800 
NAM  DP1780
SRC  DP1780 - 0..74::75
SEQ  +SS
       1 C   G   G   U   G   A   U   U   A   G   C   G   C   A   G   C   C   C   G   G
         0   1   2   3   4   5   6   7   8   9   10  11  12  13  14  15  16  17  18  19  
         72  71  70  69  68  67  66  .   64  25  24  23  22  .   .   .   .   .   .   .   

      21 U   A   G   C   G   C   A   U   C   U   G   G   U   U   U   G   G   G   A   C
         20  21  22  23  24  25  26  27  28  29  30  31  32  33  34  35  36  37  38  39  
         .   .   12  11  10  9   .   43  42  41  40  39  38  .   .   .   .   .   32  31  

      41 C   A   G   A   G   G   G   U   C   A   A   A   G   G   U   U   C   G   A   A
         40  41  42  43  44  45  46  47  48  49  50  51  52  53  54  55  56  57  58  59  
         30  29  28  27  62  61  .   58  57  .   .   .   .   .   .   .   .   48  47  .   

      61 U   C   C   U   U   U   A   U   C   A   C   C   G   A   C   C   A
         60  61  62  63  64  65  66  67  68  69  70  71  72  73  74  75  76  
         .   45  44  .   8   .   6   5   4   3   2   1   0   .   .   .   .   

true pairs 21.0	 found pairs 22.0	 agree 16.0 (sen=76.19 spe=72.73 -- C_ap = 74.44)
----------------------------------------------------------------------
   Log odds score:       25200 
energy (kcal/mol):      -25.20 
number of pairs found:      22.00 
number of pairs annotated:  21.00 
----------------------------------------------------------------------
Allow pseudoknots? YES
----------------------------------------------------------------------
Parameters (energy units, kcal/mol)
 wkn  parameter:          0.83 (pseudoknots weight)
 P1   parameter:         -0.00 
 P2   parameter:         -0.00 
 P3   parameter:         -0.00 
 P4   parameter:         -0.00 
 P5   parameter:          4.60 
 P5P  parameter:          8.43 
 P6   parameter:          0.40 
 P6P  parameter:          0.24 
 P10  parameter:          0.10 
 P10P parameter:          0.10 
 P11  parameter:          7.00 
 P12  parameter:          6.00 
 P13  parameter:         16.00 
 full pseudoknot model.
----------------------------------------------------------------------
