PKNOTS: optimal minimum-energy RNA folding with pseudoknots and coaxial energies
        PKNOTS 1.04 (Fri Jul  9 14:23:04 CDT 2004) using squid 1.5m (Sept 1997)
---------------------------------------------------
Folding sequences from:  /home/elena/pknots/pknots-1.04/Demos/DQ5320.sqd 
---------------------------------------------------



	             SS  >>>>>>>...>>>........<<<.>>.>>.......<<.<<....>>>>
	         DQ5320  UAGGAUAAGGUGUUUAGGUGCACGGAGAAAUUUUGAAUUCUUAAGUGUAG

	             SS  >.......<<<<<<<<<<<<.
	         DQ5320  GUUCAAUUCCUAUUGUCCUAG

---------------------------------------------------
70 70 35 34  
tracing WX 18600 
 (W4) SR, trace vx 69 69 17800
---------------------------------------------------
69 69 34 34  
tracing VX  17800   
 (v2) IS2 (1,1) 1100
 trace vx 68 67 16700
---------------------------------------------------
68 67 33 33  
tracing VX  16700   
 (v2) IS2 (1,1) 1700
 trace vx 67 65 15000
---------------------------------------------------
67 65 32 32  
tracing VX  15000   
 (v2) IS2 (1,1) 2900
 trace vx 66 63 12100
---------------------------------------------------
66 63 31 31  
tracing VX  12100   
 (v2) IS2 (1,1) 2300
 trace vx 65 61 9800
---------------------------------------------------
65 61 30 30  
tracing VX  9800   
 (v2) IS2 (1,1) 1000
 trace vx 64 59 8800
---------------------------------------------------
64 59 29 29  
tracing VX  8800   
 (v2) IS2 (1,1) 800
 trace vx 63 57 8000
---------------------------------------------------
63 57 28 28  
tracing VX  8000   
 (v2) IS2 (1,3) -3100
 trace vx 60 53 11100
---------------------------------------------------
60 53 26 26  
tracing VX  11100   
 (v2) IS2 (1,1) 1700
 trace vx 59 51 9400
---------------------------------------------------
59 51 25 25  
tracing VX  9400   
 (v2) IS2 (1,1) 2900
 trace vx 58 49 6500
---------------------------------------------------
58 49 24 24  
tracing VX  6500   
 (v2) IS2 (2,2) -800
 trace vx 56 45 7300
---------------------------------------------------
56 45 22 22  
tracing VX  7300   
 (v2) IS2 (1,1) 1000
 trace vx 55 43 6300
---------------------------------------------------
55 43 21 21  
tracing VX  6300   
 (v2) IS2 (1,1) 900
 trace vx 54 41 5400
---------------------------------------------------
54 41 20 20  
tracing VX  5400   
 (v2) IS2 (2,2) -800
 trace vx 52 37 6200
---------------------------------------------------
52 37 18 18  
tracing VX  6200   
 (v2) IS2 (1,1) 500
 trace vx 51 35 5700
---------------------------------------------------
51 35 17 17  
tracing VX  5700   
 (v2) IS2 (2,3) -2600
 trace vx 48 30 8300
---------------------------------------------------
48 30 15 14  
tracing VX  8300   
 (v2) IS2 (1,1) 800
 trace vx 47 28 7500
---------------------------------------------------
47 28 14 13  
tracing VX  7500   
 (v2) IS2 (1,1) 2100
 trace vx 46 26 5400
---------------------------------------------------
46 26 13 12  
tracing VX  5400   
 (v2) IS2 (1,1) 1800
 trace vx 45 24 3600
---------------------------------------------------
45 24 12 11  
tracing VX  3600   
 (v2) IS2 (1,1) 2100
 trace vx 44 22 1500
---------------------------------------------------
44 22 11 10  
tracing VX  1500   
 (v2) IS2 (2,3) -200
 trace vx 41 17 1700
---------------------------------------------------
41 17 8 8  
tracing VX  1700   
 (v2) IS2 (1,1) 1100
 trace vx 40 15 600
---------------------------------------------------
40 15 7 7  
tracing VX  600   
 (v2) IS2 (1,1) 1700
 trace vx 39 13 -1100
---------------------------------------------------
39 13 6 6  
tracing VX  -1100   
 (v2) IS2 (1,1) 2300
 trace vx 38 11 -3400
---------------------------------------------------
38 11 5 5  
tracing VX  -3400   
 (v2) IS2 (1,1) 900
 trace vx 37 9 -4300
---------------------------------------------------
37 9 4 4  
tracing VX  -4300   
 (v1) hairpin 9, -4300 
NAM  DQ5320
SRC  DQ5320 - 0..74::75
SEQ  +SS
       1 U   A   G   G   A   U   A   A   G   G   U   G   U   U   U   A   G   G   U   G
         0   1   2   3   4   5   6   7   8   9   10  11  12  13  14  15  16  17  18  19  
         69  68  67  66  65  64  63  60  59  58  .   56  55  54  .   52  51  .   48  47  

      21 C   A   C   G   G   A   G   A   A   A   U   U   U   U   G   A   A   U   U   C
         20  21  22  23  24  25  26  27  28  29  30  31  32  33  34  35  36  37  38  39  
         46  45  44  .   41  40  39  38  37  .   .   .   .   .   .   .   .   28  27  26  

      41 U   U   A   A   G   U   G   U   A   G   G   U   U   C   A   A   U   U   C   C
         40  41  42  43  44  45  46  47  48  49  50  51  52  53  54  55  56  57  58  59  
         25  24  .   .   22  21  20  19  18  .   .   16  15  .   13  12  11  .   9   8   

      61 U   A   U   U   G   U   C   C   U   A   G
         60  61  62  63  64  65  66  67  68  69  70  
         7   .   .   6   5   4   3   2   1   0   .   

true pairs 19.0	 found pairs 25.0	 agree 7.0 (sen=36.84 spe=28.00 -- C_ap = 32.12)
----------------------------------------------------------------------
   Log odds score:       18600 
energy (kcal/mol):      -18.60 
number of pairs found:      25.00 
number of pairs annotated:  19.00 
----------------------------------------------------------------------
Allow pseudoknots? YES
----------------------------------------------------------------------
Parameters (energy units, kcal/mol)
 wkn  parameter:          0.83 (pseudoknots weight)
 P1   parameter:         -0.00 
 P2   parameter:         -0.00 
 P3   parameter:         -0.00 
 P4   parameter:         -0.00 
 P5   parameter:          4.60 
 P5P  parameter:          8.43 
 P6   parameter:          0.40 
 P6P  parameter:          0.24 
 P10  parameter:          0.10 
 P10P parameter:          0.10 
 P11  parameter:          7.00 
 P12  parameter:          6.00 
 P13  parameter:         16.00 
 full pseudoknot model.
----------------------------------------------------------------------
