PKNOTS: optimal minimum-energy RNA folding with pseudoknots and coaxial energies
        PKNOTS 1.04 (Fri Jul  9 14:23:04 CDT 2004) using squid 1.5m (Sept 1997)
---------------------------------------------------
Folding sequences from:  /home/elena/pknots/pknots-1.04/Demos/DR7741.sqd 
---------------------------------------------------



	             SS  >>>>>>>..>>>>........<<<<.>>>>>.......<<<<<.....>>
	         DR7741  GACCGUGUGGCCUAAUGGAUAAGGCGUCGGACUUCGGAUCCGAAGAUUGC

	             SS  >>>.......<<<<<<<<<<<<.
	         DR7741  AGGUUCGAAUCCUGUCACGGUCG

---------------------------------------------------
72 72 36 35  
tracing WX 28200 
 (W4) SR, trace vx 71 71 26500
---------------------------------------------------
71 71 35 35  
tracing VX  26500   
 (v2) IS2 (1,1) 2300
 trace vx 70 69 24200
---------------------------------------------------
70 69 34 34  
tracing VX  24200   
 (v2) IS2 (1,1) 2100
 trace vx 69 67 22100
---------------------------------------------------
69 67 33 33  
tracing VX  22100   
 (v2) IS2 (1,1) 2900
 trace vx 68 65 19200
---------------------------------------------------
68 65 32 32  
tracing VX  19200   
 (v2) IS2 (1,1) 2000
 trace vx 67 63 17200
---------------------------------------------------
67 63 31 31  
tracing VX  17200   
 (v2) IS2 (1,1) 2100
 trace vx 66 61 15100
---------------------------------------------------
66 61 30 30  
tracing VX  15100   
 (v2) IS2 (1,1) 1800
 trace vx 65 59 13300
---------------------------------------------------
65 59 29 29  
tracing VX  13300   
 (v2) IS2 (2,4) 100
 trace vx 61 53 13200
---------------------------------------------------
61 53 26 26  
tracing VX  13200   
 (v2) IS2 (1,1) 2900
 trace vx 60 51 10300
---------------------------------------------------
60 51 25 25  
tracing VX  10300   
 (v2) IS2 (6,4) -3000
 trace vx 56 41 13300
---------------------------------------------------
56 41 20 20  
tracing VX  13300   
 (v2) IS2 (1,1) 1200
 trace vx 55 39 12100
---------------------------------------------------
55 39 19 19  
tracing VX  12100   
 (v2) IS2 (1,1) 1400
 trace vx 54 37 10700
---------------------------------------------------
54 37 18 18  
tracing VX  10700   
 (v2) IS2 (1,1) 1100
 trace vx 53 35 9600
---------------------------------------------------
53 35 17 17  
tracing VX  9600   
 (v2) IS2 (1,1) 1000
 trace vx 52 33 8600
---------------------------------------------------
52 33 16 16  
tracing VX  8600   
 (v2) IS2 (4,3) -400
 trace vx 49 26 9000
---------------------------------------------------
49 26 13 12  
tracing VX  9000   
 (v2) IS2 (1,1) 3400
 trace vx 48 24 5600
---------------------------------------------------
48 24 12 11  
tracing VX  5600   
 (v2) IS2 (2,6) -1600
 trace vx 42 16 7200
---------------------------------------------------
42 16 8 7  
tracing VX  7200   
 (v2) IS2 (1,1) 2300
 trace vx 41 14 4900
---------------------------------------------------
41 14 7 6  
tracing VX  4900   
 (v2) IS2 (1,1) 2000
 trace vx 40 12 2900
---------------------------------------------------
40 12 6 5  
tracing VX  2900   
 (v2) IS2 (1,1) 2900
 trace vx 39 10 0
---------------------------------------------------
39 10 5 4  
tracing VX  0   
 (v2) IS2 (1,1) 2300
 trace vx 38 8 -2300
---------------------------------------------------
38 8 4 3  
tracing VX  -2300   
 (v2) IS2 (1,2) -1800
 trace vx 36 5 -500
---------------------------------------------------
36 5 2 2  
tracing VX  -500   
 (v1) hairpin 5, -500 
NAM  DR7741
SRC  DR7741 - 0..74::75
SEQ  +SS
       1 G   A   C   C   G   U   G   U   G   G   C   C   U   A   A   U   G   G   A   U
         0   1   2   3   4   5   6   7   8   9   10  11  12  13  14  15  16  17  18  19  
         71  70  69  68  67  66  65  .   61  60  .   .   .   .   .   56  55  54  53  52  

      21 A   A   G   G   C   G   U   C   G   G   A   C   U   U   C   G   G   A   U   C
         20  21  22  23  24  25  26  27  28  29  30  31  32  33  34  35  36  37  38  39  
         .   .   .   49  48  .   42  41  40  39  38  36  .   .   .   .   31  .   30  29  

      41 C   G   A   A   G   A   U   U   G   C   A   G   G   U   U   C   G   A   A   U
         40  41  42  43  44  45  46  47  48  49  50  51  52  53  54  55  56  57  58  59  
         28  27  26  .   .   .   .   .   24  23  .   .   19  18  17  16  15  .   .   .   

      61 C   C   U   G   U   C   A   C   G   G   U   C   G
         60  61  62  63  64  65  66  67  68  69  70  71  72  
         9   8   .   .   .   6   5   4   3   2   1   0   .   

true pairs 21.0	 found pairs 22.0	 agree 12.0 (sen=57.14 spe=54.55 -- C_ap = 55.83)
----------------------------------------------------------------------
   Log odds score:       28200 
energy (kcal/mol):      -28.20 
number of pairs found:      22.00 
number of pairs annotated:  21.00 
----------------------------------------------------------------------
Allow pseudoknots? YES
----------------------------------------------------------------------
Parameters (energy units, kcal/mol)
 wkn  parameter:          0.83 (pseudoknots weight)
 P1   parameter:         -0.00 
 P2   parameter:         -0.00 
 P3   parameter:         -0.00 
 P4   parameter:         -0.00 
 P5   parameter:          4.60 
 P5P  parameter:          8.43 
 P6   parameter:          0.40 
 P6P  parameter:          0.24 
 P10  parameter:          0.10 
 P10P parameter:          0.10 
 P11  parameter:          7.00 
 P12  parameter:          6.00 
 P13  parameter:         16.00 
 full pseudoknot model.
----------------------------------------------------------------------
