PKNOTS: optimal minimum-energy RNA folding with pseudoknots and coaxial energies
        PKNOTS 1.04 (Fri Jul  9 14:23:04 CDT 2004) using squid 1.5m (Sept 1997)
---------------------------------------------------
Folding sequences from:  /home/elena/pknots/pknots-1.04/Demos/DS1141.sqd 
---------------------------------------------------



	             SS  >>>>>>>..>>>...........<<<.>>>>>.......<<<<<...>>>
	         DS1141  GGGUUAAUACUCAAGUUGGUGAAGAGGACACCCUGCUAAGGUGUUAGGUC

	             SS  >>...<<<<<..>>>>>.......<<<<<<<<<<<<....
	         DS1141  GGUCUCCGGCGCGAGGGUUCGAGUCCCUCUUAACCCGCCA

---------------------------------------------------
89 89 44 44  
tracing WX 29400 
 (W6) SR, trace wx 88 88 29400
---------------------------------------------------
88 88 44 43  
tracing WX 29400 
 (W6) SR, trace wx 87 87 29400
---------------------------------------------------
87 87 43 43  
tracing WX 29400 
 (W6) SR, trace wx 86 86 29400
---------------------------------------------------
86 86 43 42  
tracing WX 29400 
 (W4) SR, trace vx 85 85 27700
---------------------------------------------------
85 85 42 42  
tracing VX  27700   
 (v2) IS2 (1,1) 2900
 trace vx 84 83 24800
---------------------------------------------------
84 83 41 41  
tracing VX  24800   
 (v2) IS2 (1,1) 2900
 trace vx 83 81 21900
---------------------------------------------------
83 81 40 40  
tracing VX  21900   
 (v2) IS2 (1,1) 2100
 trace vx 82 79 19800
---------------------------------------------------
82 79 39 39  
tracing VX  19800   
 (v2) IS2 (1,1) 900
 trace vx 81 77 18900
---------------------------------------------------
81 77 38 38  
tracing VX  18900   
 (v2) IS2 (1,1) 1100
 trace vx 80 75 17800
---------------------------------------------------
80 75 37 37  
tracing VX  17800   
 (v2) IS2 (1,1) 900
 trace vx 79 73 16900
---------------------------------------------------
79 73 36 36  
tracing VX  16900   
 (v5_1) multiloop wbx 61 54 13500
 (v5_1) multiloop vx  78 16 5500
---------------------------------------------------
78 16 8 7  
tracing VX  5500   
 (v2) IS2 (1,1) 2300
 trace vx 77 14 3200
---------------------------------------------------
77 14 7 6  
tracing VX  3200   
 (v2) IS2 (1,1) 1700
 trace vx 76 12 1500
---------------------------------------------------
76 12 6 5  
tracing VX  1500   
 (v2) IS2 (1,1) 2900
 trace vx 75 10 -1400
---------------------------------------------------
75 10 5 4  
tracing VX  -1400   
 (v2) IS2 (1,1) 2900
 trace vx 74 8 -4300
---------------------------------------------------
74 8 4 3  
tracing VX  -4300   
 (v1) hairpin 8, -4300 
---------------------------------------------------
61 54 27 26  
tracing WBX 13500 
 (WB6) SR, trace wbx 60 53 13900
---------------------------------------------------
60 53 26 26  
tracing WBX 13900 
 (WB8.3) trace vx 13 6 -3400
 (WB8.3) dangle j, trace vx 59 45 14500
---------------------------------------------------
59 45 22 22  
tracing VX  14500   
 (v2) IS2 (1,1) 2100
 trace vx 58 43 12400
---------------------------------------------------
58 43 21 21  
tracing VX  12400   
 (v2) IS2 (1,1) 400
 trace vx 57 41 12000
---------------------------------------------------
57 41 20 20  
tracing VX  12000   
 (v2) IS2 (1,1) 1200
 trace vx 56 39 10800
---------------------------------------------------
56 39 19 19  
tracing VX  10800   
 (v2) IS2 (1,1) 2900
 trace vx 55 37 7900
---------------------------------------------------
55 37 18 18  
tracing VX  7900   
 (v2) IS2 (2,2) -800
 trace vx 53 33 8700
---------------------------------------------------
53 33 16 16  
tracing VX  8700   
 (v2) IS2 (1,1) 2300
 trace vx 52 31 6400
---------------------------------------------------
52 31 15 15  
tracing VX  6400   
 (v2) IS2 (2,3) -200
 trace vx 49 26 6600
---------------------------------------------------
49 26 13 12  
tracing VX  6600   
 (v2) IS2 (1,1) 2300
 trace vx 48 24 4300
---------------------------------------------------
48 24 12 11  
tracing VX  4300   
 (v2) IS2 (2,4) -1700
 trace vx 44 18 6000
---------------------------------------------------
44 18 9 8  
tracing VX  6000   
 (v2) IS2 (1,1) 1100
 trace vx 43 16 4900
---------------------------------------------------
43 16 8 7  
tracing VX  4900   
 (v2) IS2 (1,1) 2100
 trace vx 42 14 2800
---------------------------------------------------
42 14 7 6  
tracing VX  2800   
 (v2) IS2 (1,1) 1800
 trace vx 41 12 1000
---------------------------------------------------
41 12 6 5  
tracing VX  1000   
 (v2) IS2 (1,1) 2100
 trace vx 40 10 -1100
---------------------------------------------------
40 10 5 4  
tracing VX  -1100   
 (v2) IS2 (1,1) 2900
 trace vx 39 8 -4000
---------------------------------------------------
39 8 4 3  
tracing VX  -4000   
 (v1) hairpin 8, -4000 
---------------------------------------------------
13 6 3 2  
tracing VX  -3400   
 (v1) hairpin 6, -3400 
NAM  DS1141
SRC  DS1141 - 0..74::75
SEQ  +SS
       1 G   G   G   U   U   A   A   U   A   C   U   C   A   A   G   U   U   G   G   U
         0   1   2   3   4   5   6   7   8   9   10  11  12  13  14  15  16  17  18  19  
         85  84  83  82  81  80  79  13  .   .   .   .   .   7   59  58  57  56  55  .   

      21 G   A   A   G   A   G   G   A   C   A   C   C   C   U   G   C   U   A   A   G
         20  21  22  23  24  25  26  27  28  29  30  31  32  33  34  35  36  37  38  39  
         53  52  .   49  48  .   44  43  42  41  40  39  .   .   .   .   .   .   .   31  

      41 G   U   G   U   U   A   G   G   U   C   G   G   U   C   U   C   C   G   G   C
         40  41  42  43  44  45  46  47  48  49  50  51  52  53  54  55  56  57  58  59  
         30  29  28  27  26  .   .   .   24  23  .   .   21  20  .   18  17  16  15  14  

      61 G   C   G   A   G   G   G   U   U   C   G   A   G   U   C   C   C   U   C   U
         60  61  62  63  64  65  66  67  68  69  70  71  72  73  74  75  76  77  78  79  
         .   .   78  77  76  75  74  .   .   .   .   .   .   .   66  65  64  63  62  6   

      81 U   A   A   C   C   C   G   C   C   A
         80  81  82  83  84  85  86  87  88  89  
         5   4   3   2   1   0   .   .   .   .   

true pairs 25.0	 found pairs 28.0	 agree 17.0 (sen=68.00 spe=60.71 -- C_ap = 64.25)
----------------------------------------------------------------------
   Log odds score:       29400 
energy (kcal/mol):      -29.40 
number of pairs found:      28.00 
number of pairs annotated:  25.00 
----------------------------------------------------------------------
Allow pseudoknots? YES
----------------------------------------------------------------------
Parameters (energy units, kcal/mol)
 wkn  parameter:          0.83 (pseudoknots weight)
 P1   parameter:         -0.00 
 P2   parameter:         -0.00 
 P3   parameter:         -0.00 
 P4   parameter:         -0.00 
 P5   parameter:          4.60 
 P5P  parameter:          8.43 
 P6   parameter:          0.40 
 P6P  parameter:          0.24 
 P10  parameter:          0.10 
 P10P parameter:          0.10 
 P11  parameter:          7.00 
 P12  parameter:          6.00 
 P13  parameter:         16.00 
 full pseudoknot model.
----------------------------------------------------------------------
