PKNOTS: optimal minimum-energy RNA folding with pseudoknots and coaxial energies
        PKNOTS 1.04 (Fri Jul  9 14:23:04 CDT 2004) using squid 1.5m (Sept 1997)
---------------------------------------------------
Folding sequences from:  /home/elena/pknots/pknots-1.04/Demos/DT5090.sqd 
---------------------------------------------------



	             SS  >>.>>>>..>>>>........<<<<..>>>>.......<<<<......>>
	         DT5090  GCCCUAGUAGCUUAGACAUCAAAGCACCGGUCUUGUAAACCGAAGAUCGA

	             SS  >>>.......<<<<<<<<<.<<.
	         DT5090  AGGUUAAAAUCCUUCCUAGCGCC

---------------------------------------------------
72 72 36 35  
tracing WX 15800 
 (W4) SR, trace vx 71 71 15000
---------------------------------------------------
71 71 35 35  
tracing VX  15000   
 (v2) IS2 (1,1) 3400
 trace vx 70 69 11600
---------------------------------------------------
70 69 34 34  
tracing VX  11600   
 (v2) IS2 (2,2) -800
 trace vx 68 65 12400
---------------------------------------------------
68 65 32 32  
tracing VX  12400   
 (v2) IS2 (1,1) 1700
 trace vx 67 63 10700
---------------------------------------------------
67 63 31 31  
tracing VX  10700   
 (v2) IS2 (1,1) 1100
 trace vx 66 61 9600
---------------------------------------------------
66 61 30 30  
tracing VX  9600   
 (v2) IS2 (1,1) 1700
 trace vx 65 59 7900
---------------------------------------------------
65 59 29 29  
tracing VX  7900   
 (v5_1) multiloop wbx 47 40 5300
 (v5_1) multiloop vx  64 16 3500
---------------------------------------------------
64 16 8 7  
tracing VX  3500   
 (v2) IS2 (1,1) 2300
 trace vx 63 14 1200
---------------------------------------------------
63 14 7 6  
tracing VX  1200   
 (v2) IS2 (1,1) 900
 trace vx 62 12 300
---------------------------------------------------
62 12 6 5  
tracing VX  300   
 (v2) IS2 (1,1) 1700
 trace vx 61 10 -1400
---------------------------------------------------
61 10 5 4  
tracing VX  -1400   
 (v2) IS2 (1,1) 2900
 trace vx 60 8 -4300
---------------------------------------------------
60 8 4 3  
tracing VX  -4300   
 (v1) hairpin 8, -4300 
---------------------------------------------------
47 40 20 19  
tracing WBX 5300 
 (WB5) SL, trace wbx  47 39 5700
---------------------------------------------------
47 39 19 19  
tracing WBX 5700 
 (WB7) trace wbx  26 18 2500
 (WB7) trace wbx  3200
---------------------------------------------------
47 20 10 9  
tracing WBX 3200 
 (WB3) SL, trace vx  47 19 3400
---------------------------------------------------
47 19 9 9  
tracing VX  3400   
 (v2) IS2 (1,1) 1400
 trace vx 46 17 2000
---------------------------------------------------
46 17 8 8  
tracing VX  2000   
 (v2) IS2 (1,1) 1000
 trace vx 45 15 1000
---------------------------------------------------
45 15 7 7  
tracing VX  1000   
 (v2) IS2 (1,1) 2300
 trace vx 44 13 -1300
---------------------------------------------------
44 13 6 6  
tracing VX  -1300   
 (v2) IS2 (1,1) 1700
 trace vx 43 11 -3000
---------------------------------------------------
43 11 5 5  
tracing VX  -3000   
 (v2) IS2 (1,1) 900
 trace vx 42 9 -3900
---------------------------------------------------
42 9 4 4  
tracing VX  -3900   
 (v1) hairpin 9, -3900 
---------------------------------------------------
26 18 9 8  
tracing WBX 2500 
 (WB6) SR, trace wbx 25 17 2900
---------------------------------------------------
25 17 8 8  
tracing WBX 2900 
 (WB2) SR SL, trace vx 24 15 1900
---------------------------------------------------
24 15 7 7  
tracing VX  1900   
 (v2) IS2 (1,1) 3400
 trace vx 23 13 -1500
---------------------------------------------------
23 13 6 6  
tracing VX  -1500   
 (v2) IS2 (1,1) 1700
 trace vx 22 11 -3200
---------------------------------------------------
22 11 5 5  
tracing VX  -3200   
 (v2) IS2 (1,1) 900
 trace vx 21 9 -4100
---------------------------------------------------
21 9 4 4  
tracing VX  -4100   
 (v1) hairpin 9, -4100 
NAM  DT5090
SRC  DT5090 - 0..74::75
SEQ  +SS
       1 G   C   C   C   U   A   G   U   A   G   C   U   U   A   G   A   C   A   U   C
         0   1   2   3   4   5   6   7   8   9   10  11  12  13  14  15  16  17  18  19  
         71  70  .   68  67  66  65  .   .   24  23  22  21  .   .   .   .   .   .   .   

      21 A   A   A   G   C   A   C   C   G   G   U   C   U   U   G   U   A   A   A   C
         20  21  22  23  24  25  26  27  28  29  30  31  32  33  34  35  36  37  38  39  
         .   12  11  10  9   .   .   .   47  46  45  44  43  42  .   .   .   .   .   .   

      41 C   G   A   A   G   A   U   C   G   A   A   G   G   U   U   A   A   A   A   U
         40  41  42  43  44  45  46  47  48  49  50  51  52  53  54  55  56  57  58  59  
         .   .   33  32  31  30  29  28  64  63  62  61  60  .   .   .   .   .   .   .   

      61 C   C   U   U   C   C   U   A   G   C   G   C   C
         60  61  62  63  64  65  66  67  68  69  70  71  72  
         52  51  50  49  48  6   5   4   3   .   1   0   .   

true pairs 19.0	 found pairs 21.0	 agree 15.0 (sen=78.95 spe=71.43 -- C_ap = 75.09)
----------------------------------------------------------------------
   Log odds score:       15800 
energy (kcal/mol):      -15.80 
number of pairs found:      21.00 
number of pairs annotated:  19.00 
----------------------------------------------------------------------
Allow pseudoknots? YES
----------------------------------------------------------------------
Parameters (energy units, kcal/mol)
 wkn  parameter:          0.83 (pseudoknots weight)
 P1   parameter:         -0.00 
 P2   parameter:         -0.00 
 P3   parameter:         -0.00 
 P4   parameter:         -0.00 
 P5   parameter:          4.60 
 P5P  parameter:          8.43 
 P6   parameter:          0.40 
 P6P  parameter:          0.24 
 P10  parameter:          0.10 
 P10P parameter:          0.10 
 P11  parameter:          7.00 
 P12  parameter:          6.00 
 P13  parameter:         16.00 
 full pseudoknot model.
----------------------------------------------------------------------
