PKNOTS: optimal minimum-energy RNA folding with pseudoknots and coaxial energies
        PKNOTS 1.04 (Fri Jul  9 14:23:04 CDT 2004) using squid 1.5m (Sept 1997)
---------------------------------------------------
Folding sequences from:  /home/elena/pknots/pknots-1.04/Demos/DV3200.sqd 
---------------------------------------------------



	             SS  >>>>>>>..>>>>.......<<<<.>>>>>.......<<<<<.....>>>
	         DV3200  AGGGGUAUAACUCAGCGGUAGAGUGUCACCUUGACGUGGUGGAAGUCAUC

	             SS  >>.......<<<<<<<<<<<<.
	         DV3200  AGUUCGAACCUGAUUAUCCCUA

---------------------------------------------------
71 71 35 35  
tracing WX 20100 
 (W4) SR, trace vx 70 70 19400
---------------------------------------------------
70 70 35 34  
tracing VX  19400   
 (v2) IS2 (1,1) 1700
 trace vx 69 68 17700
---------------------------------------------------
69 68 34 33  
tracing VX  17700   
 (v2) IS2 (1,1) 2900
 trace vx 68 66 14800
---------------------------------------------------
68 66 33 32  
tracing VX  14800   
 (v2) IS2 (1,1) 2900
 trace vx 67 64 11900
---------------------------------------------------
67 64 32 31  
tracing VX  11900   
 (v2) IS2 (1,1) 1400
 trace vx 66 62 10500
---------------------------------------------------
66 62 31 30  
tracing VX  10500   
 (v2) IS2 (1,1) 1000
 trace vx 65 60 9500
---------------------------------------------------
65 60 30 29  
tracing VX  9500   
 (v2) IS2 (1,1) 1100
 trace vx 64 58 8400
---------------------------------------------------
64 58 29 28  
tracing VX  8400   
 (v2) IS2 (5,2) -2300
 trace vx 62 51 10700
---------------------------------------------------
62 51 25 25  
tracing VX  10700   
 (v2) IS2 (1,1) 2300
 trace vx 61 49 8400
---------------------------------------------------
61 49 24 24  
tracing VX  8400   
 (v2) IS2 (1,1) 1800
 trace vx 60 47 6600
---------------------------------------------------
60 47 23 23  
tracing VX  6600   
 (v2) IS2 (3,1) -3100
 trace vx 59 43 9700
---------------------------------------------------
59 43 21 21  
tracing VX  9700   
 (v2) IS2 (1,1) 2900
 trace vx 58 41 6800
---------------------------------------------------
58 41 20 20  
tracing VX  6800   
 (v2) IS2 (1,1) 2100
 trace vx 57 39 4700
---------------------------------------------------
57 39 19 19  
tracing VX  4700   
 (v2) IS2 (2,3) -1400
 trace vx 54 34 6100
---------------------------------------------------
54 34 17 16  
tracing VX  6100   
 (v2) IS2 (1,1) 2300
 trace vx 53 32 3800
---------------------------------------------------
53 32 16 15  
tracing VX  3800   
 (v2) IS2 (1,1) 500
 trace vx 52 30 3300
---------------------------------------------------
52 30 15 14  
tracing VX  3300   
 (v4_7) multiloop, trace vx  34 10 1900
 (v4_7) multiloop, trace wbx 51 15 3400
---------------------------------------------------
51 15 7 7  
tracing WBX 3400 
 (WB4) SR, trace vx 50 14 3100
---------------------------------------------------
50 14 7 6  
tracing VX  3100   
 (v2) IS2 (1,1) 1800
 trace vx 49 12 1300
---------------------------------------------------
49 12 6 5  
tracing VX  1300   
 (v2) IS2 (1,1) 1400
 trace vx 48 10 -100
---------------------------------------------------
48 10 5 4  
tracing VX  -100   
 (v2) IS2 (1,1) 1000
 trace vx 47 8 -1100
---------------------------------------------------
47 8 4 3  
tracing VX  -1100   
 (v2) IS2 (1,1) 1800
 trace vx 46 6 -2900
---------------------------------------------------
46 6 3 2  
tracing VX  -2900   
 (v1) hairpin 6, -2900 
---------------------------------------------------
34 10 5 4  
tracing VX  1900   
 (v2) IS2 (1,1) 2100
 trace vx 33 8 -200
---------------------------------------------------
33 8 4 3  
tracing VX  -200   
 (v2) IS2 (1,1) 2300
 trace vx 32 6 -2500
---------------------------------------------------
32 6 3 2  
tracing VX  -2500   
 (v1) hairpin 6, -2500 
NAM  DV3200
SRC  DV3200 - 0..74::75
SEQ  +SS
       1 A   G   G   G   G   U   A   U   A   A   C   U   C   A   G   C   G   G   U   A
         0   1   2   3   4   5   6   7   8   9   10  11  12  13  14  15  16  17  18  19  
         70  69  68  67  66  65  64  .   .   .   .   62  61  60  .   .   59  58  57  .   

      21 G   A   G   U   G   U   C   A   C   C   U   U   G   A   C   G   U   G   G   U
         20  21  22  23  24  25  26  27  28  29  30  31  32  33  34  35  36  37  38  39  
         54  53  52  .   34  33  32  .   .   .   .   .   26  25  24  .   50  49  48  47  

      41 G   G   A   A   G   U   C   A   U   C   A   G   U   U   C   G   A   A   C   C
         40  41  42  43  44  45  46  47  48  49  50  51  52  53  54  55  56  57  58  59  
         46  .   .   .   .   .   40  39  38  37  36  .   22  21  20  .   .   18  17  16  

      61 U   G   A   U   U   A   U   C   C   C   U   A
         60  61  62  63  64  65  66  67  68  69  70  71  
         13  12  11  .   6   5   4   3   2   1   0   .   

true pairs 21.0	 found pairs 24.0	 agree 7.0 (sen=33.33 spe=29.17 -- C_ap = 31.18)
----------------------------------------------------------------------
   Log odds score:       20100 
energy (kcal/mol):      -20.10 
number of pairs found:      24.00 
number of pairs annotated:  21.00 
----------------------------------------------------------------------
Allow pseudoknots? YES
----------------------------------------------------------------------
Parameters (energy units, kcal/mol)
 wkn  parameter:          0.83 (pseudoknots weight)
 P1   parameter:         -0.00 
 P2   parameter:         -0.00 
 P3   parameter:         -0.00 
 P4   parameter:         -0.00 
 P5   parameter:          4.60 
 P5P  parameter:          8.43 
 P6   parameter:          0.40 
 P6P  parameter:          0.24 
 P10  parameter:          0.10 
 P10P parameter:          0.10 
 P11  parameter:          7.00 
 P12  parameter:          6.00 
 P13  parameter:         16.00 
 full pseudoknot model.
----------------------------------------------------------------------
