PKNOTS: optimal minimum-energy RNA folding with pseudoknots and coaxial energies
        PKNOTS 1.04 (Fri Jul  9 14:23:04 CDT 2004) using squid 1.5m (Sept 1997)
---------------------------------------------------
Folding sequences from:  /home/elena/pknots/pknots-1.04/Demos/DV4070.sqd 
---------------------------------------------------



	             SS  >>>>>>>..>>>........<<<..>>>>>.......<<<<<.>>..>..
	         DV4070  GGAAAAUUGAUCAUCGGCAAGAUAAGUUAUUUACUAAAUAAUAGGAUUUA

	             SS  ..<.<<..>>>>>.......<<<<<<<<<<<<.
	         DV4070  AUAACCUGGUGAGUUCGAAUCUCACAUUUUCCG

---------------------------------------------------
82 82 41 40  
tracing WX 17700 
 (W4) SR, trace vx 81 81 16000
---------------------------------------------------
81 81 40 40  
tracing VX  16000   
 (v2) IS2 (1,1) 2900
 trace vx 80 79 13100
---------------------------------------------------
80 79 39 39  
tracing VX  13100   
 (v2) IS2 (1,1) 2300
 trace vx 79 77 10800
---------------------------------------------------
79 77 38 38  
tracing VX  10800   
 (v2) IS2 (1,1) 900
 trace vx 78 75 9900
---------------------------------------------------
78 75 37 37  
tracing VX  9900   
 (v2) IS2 (1,1) 900
 trace vx 77 73 9000
---------------------------------------------------
77 73 36 36  
tracing VX  9000   
 (v2) IS2 (1,1) 900
 trace vx 76 71 8100
---------------------------------------------------
76 71 35 35  
tracing VX  8100   
 (v2) IS2 (1,1) 900
 trace vx 75 69 7200
---------------------------------------------------
75 69 34 34  
tracing VX  7200   
 (v2) IS2 (2,5) -1800
 trace vx 70 62 9000
---------------------------------------------------
70 62 31 30  
tracing VX  9000   
 (v2) IS2 (1,1) 2300
 trace vx 69 60 6700
---------------------------------------------------
69 60 30 29  
tracing VX  6700   
 (v2) IS2 (1,1) 900
 trace vx 68 58 5800
---------------------------------------------------
68 58 29 28  
tracing VX  5800   
 (v2) IS2 (3,1) -3100
 trace vx 67 54 8900
---------------------------------------------------
67 54 27 26  
tracing VX  8900   
 (v2) IS2 (1,1) 2300
 trace vx 66 52 6600
---------------------------------------------------
66 52 26 25  
tracing VX  6600   
 (v2) IS2 (1,1) 2000
 trace vx 65 50 4600
---------------------------------------------------
65 50 25 24  
tracing VX  4600   
 (v2) IS2 (2,5) -1100
 trace vx 60 43 5700
---------------------------------------------------
60 43 21 21  
tracing VX  5700   
 (v2) IS2 (1,1) 1800
 trace vx 59 41 3900
---------------------------------------------------
59 41 20 20  
tracing VX  3900   
 (v2) IS2 (4,2) 0
 trace vx 57 35 3900
---------------------------------------------------
57 35 17 17  
tracing VX  3900   
 (v2) IS2 (1,1) 800
 trace vx 56 33 3100
---------------------------------------------------
56 33 16 16  
tracing VX  3100   
 (v2) IS2 (2,2) -800
 trace vx 54 29 3900
---------------------------------------------------
54 29 14 14  
tracing VX  3900   
 (v2) IS2 (1,1) 2100
 trace vx 53 27 1800
---------------------------------------------------
53 27 13 13  
tracing VX  1800   
 (v2) IS2 (1,1) 900
 trace vx 52 25 900
---------------------------------------------------
52 25 12 12  
tracing VX  900   
 (v2) IS2 (1,1) 1100
 trace vx 51 23 -200
---------------------------------------------------
51 23 11 11  
tracing VX  -200   
 (v2) IS2 (1,1) 900
 trace vx 50 21 -1100
---------------------------------------------------
50 21 10 10  
tracing VX  -1100   
 (v2) IS2 (1,1) 900
 trace vx 49 19 -2000
---------------------------------------------------
49 19 9 9  
tracing VX  -2000   
 (v2) IS2 (3,6) -1200
 trace vx 43 10 -800
---------------------------------------------------
43 10 5 4  
tracing VX  -800   
 (v2) IS2 (1,1) 1700
 trace vx 42 8 -2500
---------------------------------------------------
42 8 4 3  
tracing VX  -2500   
 (v2) IS2 (1,1) 1100
 trace vx 41 6 -3600
---------------------------------------------------
41 6 3 2  
tracing VX  -3600   
 (v1) hairpin 6, -3600 
NAM  DV4070
SRC  DV4070 - 0..74::75
SEQ  +SS
       1 G   G   A   A   A   A   U   U   G   A   U   C   A   U   C   G   G   C   A   A
         0   1   2   3   4   5   6   7   8   9   10  11  12  13  14  15  16  17  18  19  
         81  80  79  78  77  76  75  .   70  69  68  .   .   67  66  65  .   60  59  .   

      21 G   A   U   A   A   G   U   U   A   U   U   U   A   C   U   A   A   A   U   A
         20  21  22  23  24  25  26  27  28  29  30  31  32  33  34  35  36  37  38  39  
         .   .   57  56  .   54  53  52  51  50  49  .   .   43  42  41  .   .   .   .   

      41 A   U   A   G   G   A   U   U   U   A   A   U   A   A   C   C   U   G   G   U
         40  41  42  43  44  45  46  47  48  49  50  51  52  53  54  55  56  57  58  59  
         .   35  34  33  .   .   .   .   .   30  29  28  27  26  25  .   23  22  .   18  

      61 G   A   G   U   U   C   G   A   A   U   C   U   C   A   C   A   U   U   U   U
         60  61  62  63  64  65  66  67  68  69  70  71  72  73  74  75  76  77  78  79  
         17  .   .   .   .   15  14  13  10  9   8   .   .   .   .   6   5   4   3   2   

      81 C   C   G
         80  81  82  
         1   0   .   

true pairs 23.0	 found pairs 26.0	 agree 7.0 (sen=30.43 spe=26.92 -- C_ap = 28.63)
----------------------------------------------------------------------
   Log odds score:       17700 
energy (kcal/mol):      -17.70 
number of pairs found:      26.00 
number of pairs annotated:  23.00 
----------------------------------------------------------------------
Allow pseudoknots? YES
----------------------------------------------------------------------
Parameters (energy units, kcal/mol)
 wkn  parameter:          0.83 (pseudoknots weight)
 P1   parameter:         -0.00 
 P2   parameter:         -0.00 
 P3   parameter:         -0.00 
 P4   parameter:         -0.00 
 P5   parameter:          4.60 
 P5P  parameter:          8.43 
 P6   parameter:          0.40 
 P6P  parameter:          0.24 
 P10  parameter:          0.10 
 P10P parameter:          0.10 
 P11  parameter:          7.00 
 P12  parameter:          6.00 
 P13  parameter:         16.00 
 full pseudoknot model.
----------------------------------------------------------------------
