PKNOTS: optimal minimum-energy RNA folding with pseudoknots and coaxial energies
        PKNOTS 1.04 (Fri Jul  9 14:23:04 CDT 2004) using squid 1.5m (Sept 1997)
---------------------------------------------------
Folding sequences from:  /home/elena/pknots/pknots-1.04/Demos/DX1660.sqd 
---------------------------------------------------



	             SS  #=SS.>>>>>>..>>>>.........<<<<.>>>>>.......<<<<<..
	         DX1660  GGCGCGGGGUGGAGCAGCCUGGUAGCUCGUCGGGCUCAUAACCCGAAGAU

	             SS  #=SS...>>>>>.......<<<<<<<<<<<.
	         DX1660  AUCGUCGGUUCAAAUCCGGCCCCCGCAACCA

---------------------------------------------------
80 80 40 39  
tracing WX 30600 
 (W4) SR, trace vx 79 79 28900
---------------------------------------------------
79 79 39 39  
tracing VX  28900   
 (v2) IS2 (1,1) 2900
 trace vx 78 77 26000
---------------------------------------------------
78 77 38 38  
tracing VX  26000   
 (v2) IS2 (2,3) -2100
 trace vx 75 72 28100
---------------------------------------------------
75 72 36 35  
tracing VX  28100   
 (v2) IS2 (1,1) 3400
 trace vx 74 70 24700
---------------------------------------------------
74 70 35 34  
tracing VX  24700   
 (v2) IS2 (1,1) 2000
 trace vx 73 68 22700
---------------------------------------------------
73 68 34 33  
tracing VX  22700   
 (v2) IS2 (1,1) 2900
 trace vx 72 66 19800
---------------------------------------------------
72 66 33 32  
tracing VX  19800   
 (v2) IS2 (1,1) 2900
 trace vx 71 64 16900
---------------------------------------------------
71 64 32 31  
tracing VX  16900   
 (v2) IS2 (1,1) 2900
 trace vx 70 62 14000
---------------------------------------------------
70 62 31 30  
tracing VX  14000   
 (v4_7) multiloop, trace vx  18 8 500
 (v4_7) multiloop, trace wbx 69 49 15000
---------------------------------------------------
69 49 24 24  
tracing WBX 15000 
 (WB8.1) trace vx 52 32 8100
 (WB8.1) trace vx 69 16 4100
---------------------------------------------------
69 16 8 7  
tracing VX  4100   
 (v2) IS2 (1,1) 2100
 trace vx 68 14 2000
---------------------------------------------------
68 14 7 6  
tracing VX  2000   
 (v2) IS2 (1,1) 1400
 trace vx 67 12 600
---------------------------------------------------
67 12 6 5  
tracing VX  600   
 (v2) IS2 (1,1) 2000
 trace vx 66 10 -1400
---------------------------------------------------
66 10 5 4  
tracing VX  -1400   
 (v2) IS2 (1,1) 2900
 trace vx 65 8 -4300
---------------------------------------------------
65 8 4 3  
tracing VX  -4300   
 (v1) hairpin 8, -4300 
---------------------------------------------------
52 32 16 15  
tracing VX  8100   
 (v2) IS2 (1,1) 1400
 trace vx 51 30 6700
---------------------------------------------------
51 30 15 14  
tracing VX  6700   
 (v2) IS2 (1,1) 1000
 trace vx 50 28 5700
---------------------------------------------------
50 28 14 13  
tracing VX  5700   
 (v2) IS2 (1,1) 1100
 trace vx 49 26 4600
---------------------------------------------------
49 26 13 12  
tracing VX  4600   
 (v2) IS2 (3,1) -3100
 trace vx 48 22 7700
---------------------------------------------------
48 22 11 10  
tracing VX  7700   
 (v2) IS2 (1,1) 2300
 trace vx 47 20 5400
---------------------------------------------------
47 20 10 9  
tracing VX  5400   
 (v2) IS2 (2,2) -800
 trace vx 45 16 6200
---------------------------------------------------
45 16 8 7  
tracing VX  6200   
 (v2) IS2 (1,1) 2300
 trace vx 44 14 3900
---------------------------------------------------
44 14 7 6  
tracing VX  3900   
 (v2) IS2 (1,1) 2000
 trace vx 43 12 1900
---------------------------------------------------
43 12 6 5  
tracing VX  1900   
 (v2) IS2 (1,1) 2900
 trace vx 42 10 -1000
---------------------------------------------------
42 10 5 4  
tracing VX  -1000   
 (v2) IS2 (1,1) 2900
 trace vx 41 8 -3900
---------------------------------------------------
41 8 4 3  
tracing VX  -3900   
 (v1) hairpin 8, -3900 
---------------------------------------------------
18 8 4 3  
tracing VX  500   
 (v2) IS2 (1,1) 2900
 trace vx 17 6 -2400
---------------------------------------------------
17 6 3 2  
tracing VX  -2400   
 (v1) hairpin 6, -2400 
NAM  DX1660
SRC  DX1660- 0..74::75 0..0::0
SEQ  +SS
       1 G   G   C   G   C   G   G   G   G   U   G   G   A   G   C   A   G   C   C   U
         0   1   2   3   4   5   6   7   8   9   10  11  12  13  14  15  16  17  18  19  
         79  78  .   75  74  73  72  71  70  .   18  17  .   .   .   .   .   11  10  .   

      21 G   G   U   A   G   C   U   C   G   U   C   G   G   G   C   U   C   A   U   A
         20  21  22  23  24  25  26  27  28  29  30  31  32  33  34  35  36  37  38  39  
         52  51  50  49  .   .   48  47  .   45  44  43  42  41  .   .   .   .   .   .   

      41 A   C   C   C   G   A   A   G   A   U   A   U   C   G   U   C   G   G   U   U
         40  41  42  43  44  45  46  47  48  49  50  51  52  53  54  55  56  57  58  59  
         .   33  32  31  30  29  .   27  26  23  22  21  20  69  68  67  66  65  .   .   

      61 C   A   A   A   U   C   C   G   G   C   C   C   C   C   G   C   A   A   C   C
         60  61  62  63  64  65  66  67  68  69  70  71  72  73  74  75  76  77  78  79  
         .   .   .   .   .   57  56  55  54  53  8   7   6   5   4   3   .   .   1   0   

      81 A
         80  
         .   

true pairs 20.0	 found pairs 26.0	 agree 0.0 (sen=0.00 spe=0.00 -- C_ap = 0.00)
----------------------------------------------------------------------
   Log odds score:       30600 
energy (kcal/mol):      -30.60 
number of pairs found:      26.00 
number of pairs annotated:  24.00 
----------------------------------------------------------------------
Allow pseudoknots? YES
----------------------------------------------------------------------
Parameters (energy units, kcal/mol)
 wkn  parameter:          0.83 (pseudoknots weight)
 P1   parameter:         -0.00 
 P2   parameter:         -0.00 
 P3   parameter:         -0.00 
 P4   parameter:         -0.00 
 P5   parameter:          4.60 
 P5P  parameter:          8.43 
 P6   parameter:          0.40 
 P6P  parameter:          0.24 
 P10  parameter:          0.10 
 P10P parameter:          0.10 
 P11  parameter:          7.00 
 P12  parameter:          6.00 
 P13  parameter:         16.00 
 full pseudoknot model.
----------------------------------------------------------------------
