PKNOTS: optimal minimum-energy RNA folding with pseudoknots and coaxial energies
        PKNOTS 1.04 (Fri Jul  9 14:23:04 CDT 2004) using squid 1.5m (Sept 1997)
---------------------------------------------------
Folding sequences from:  /home/elena/pknots/pknots-1.04/Demos/DY4840.sqd 
---------------------------------------------------



	             SS  >>>>>>>..>>>........<<<.>>>>>.......<<<<<....>>>>.
	         DY4840  GAUUAAGUGGCUGAAGUUUAGGCGAUAGAUUGUAAAUCUAUAUAUAAGAU

	             SS  ....<<<<<<<<<<<.
	         DY4840  UUAUUCUUCUUAAUCA

---------------------------------------------------
65 65 32 32  
tracing WX 15800 
 (W4) SR, trace vx 64 64 14100
---------------------------------------------------
64 64 32 31  
tracing VX  14100   
 (v2) IS2 (1,1) 2300
 trace vx 63 62 11800
---------------------------------------------------
63 62 31 30  
tracing VX  11800   
 (v2) IS2 (1,1) 900
 trace vx 62 60 10900
---------------------------------------------------
62 60 30 29  
tracing VX  10900   
 (v2) IS2 (1,1) 900
 trace vx 61 58 10000
---------------------------------------------------
61 58 29 28  
tracing VX  10000   
 (v2) IS2 (1,1) 1100
 trace vx 60 56 8900
---------------------------------------------------
60 56 28 27  
tracing VX  8900   
 (v2) IS2 (1,1) 900
 trace vx 59 54 8000
---------------------------------------------------
59 54 27 26  
tracing VX  8000   
 (v2) IS2 (1,1) 1700
 trace vx 58 52 6300
---------------------------------------------------
58 52 26 25  
tracing VX  6300   
 (v2) IS2 (2,3) -100
 trace vx 55 47 6400
---------------------------------------------------
55 47 23 23  
tracing VX  6400   
 (v2) IS2 (1,1) 1400
 trace vx 54 45 5000
---------------------------------------------------
54 45 22 22  
tracing VX  5000   
 (v2) IS2 (2,2) -800
 trace vx 52 41 5800
---------------------------------------------------
52 41 20 20  
tracing VX  5800   
 (v2) IS2 (1,1) 800
 trace vx 51 39 5000
---------------------------------------------------
51 39 19 19  
tracing VX  5000   
 (v2) IS2 (1,1) 1100
 trace vx 50 37 3900
---------------------------------------------------
50 37 18 18  
tracing VX  3900   
 (v2) IS2 (1,1) 900
 trace vx 49 35 3000
---------------------------------------------------
49 35 17 17  
tracing VX  3000   
 (v2) IS2 (2,2) -800
 trace vx 47 31 3800
---------------------------------------------------
47 31 15 15  
tracing VX  3800   
 (v2) IS2 (1,1) 500
 trace vx 46 29 3300
---------------------------------------------------
46 29 14 14  
tracing VX  3300   
 (v2) IS2 (1,1) 900
 trace vx 45 27 2400
---------------------------------------------------
45 27 13 13  
tracing VX  2400   
 (v2) IS2 (1,1) 1100
 trace vx 44 25 1300
---------------------------------------------------
44 25 12 12  
tracing VX  1300   
 (v2) IS2 (5,4) -1500
 trace vx 40 16 2800
---------------------------------------------------
40 16 8 7  
tracing VX  2800   
 (v2) IS2 (1,1) 900
 trace vx 39 14 1900
---------------------------------------------------
39 14 7 6  
tracing VX  1900   
 (v2) IS2 (1,1) 1100
 trace vx 38 12 800
---------------------------------------------------
38 12 6 5  
tracing VX  800   
 (v2) IS2 (1,1) 1700
 trace vx 37 10 -900
---------------------------------------------------
37 10 5 4  
tracing VX  -900   
 (v2) IS2 (1,1) 2300
 trace vx 36 8 -3200
---------------------------------------------------
36 8 4 3  
tracing VX  -3200   
 (v2) IS2 (1,1) 900
 trace vx 35 6 -4100
---------------------------------------------------
35 6 3 2  
tracing VX  -4100   
 (v1) hairpin 6, -4100 
NAM  DY4840
SRC  DY4840 - 0..74::75
SEQ  +SS
       1 G   A   U   U   A   A   G   U   G   G   C   U   G   A   A   G   U   U   U   A
         0   1   2   3   4   5   6   7   8   9   10  11  12  13  14  15  16  17  18  19  
         64  63  62  61  60  59  58  .   55  54  .   52  51  50  49  .   47  46  45  44  

      21 G   G   C   G   A   U   A   G   A   U   U   G   U   A   A   A   U   C   U   A
         20  21  22  23  24  25  26  27  28  29  30  31  32  33  34  35  36  37  38  39  
         .   .   .   .   40  39  38  37  36  35  .   .   .   .   .   29  28  27  26  25  

      41 U   A   U   A   U   A   A   G   A   U   U   U   A   U   U   C   U   U   C   U
         40  41  42  43  44  45  46  47  48  49  50  51  52  53  54  55  56  57  58  59  
         24  .   .   .   19  18  17  16  .   14  13  12  11  .   9   8   .   .   6   5   

      61 U   A   A   U   C   A
         60  61  62  63  64  65  
         4   3   2   1   0   .   

true pairs 19.0	 found pairs 23.0	 agree 12.0 (sen=63.16 spe=52.17 -- C_ap = 57.40)
----------------------------------------------------------------------
   Log odds score:       15800 
energy (kcal/mol):      -15.80 
number of pairs found:      23.00 
number of pairs annotated:  19.00 
----------------------------------------------------------------------
Allow pseudoknots? YES
----------------------------------------------------------------------
Parameters (energy units, kcal/mol)
 wkn  parameter:          0.83 (pseudoknots weight)
 P1   parameter:         -0.00 
 P2   parameter:         -0.00 
 P3   parameter:         -0.00 
 P4   parameter:         -0.00 
 P5   parameter:          4.60 
 P5P  parameter:          8.43 
 P6   parameter:          0.40 
 P6P  parameter:          0.24 
 P10  parameter:          0.10 
 P10P parameter:          0.10 
 P11  parameter:          7.00 
 P12  parameter:          6.00 
 P13  parameter:         16.00 
 full pseudoknot model.
----------------------------------------------------------------------
