PKNOTS: optimal minimum-energy RNA folding with pseudoknots and coaxial energies
        PKNOTS 1.04 (Fri Jul  9 14:23:04 CDT 2004) using squid 1.5m (Sept 1997)
---------------------------------------------------
Folding sequences from:  /home/elena/pknots/pknots-1.04/Demos/DZ7560.sqd 
---------------------------------------------------



	             SS  >>>>>>>....>>>>........<<<<.>>>>>.......<<<<<.>>>>
	         DZ7560  GCCCGGAUGAACCAUGGCGGUCUGUGGUGCAGACUUCAAAUCUGUAGGCG

	             SS  .....<<<<..>>>>>.......<<<<.<<<<<<<<.
	         DZ7560  GUUAGCGCCGCAGUGGUUCGACUCCACCUUUCGGGUG

---------------------------------------------------
86 86 43 42  
tracing WX 34300 
 (W4) SR, trace vx 85 85 33100
---------------------------------------------------
85 85 42 42  
tracing VX  33100   
 (v2) IS2 (1,1) 2100
 trace vx 84 83 31000
---------------------------------------------------
84 83 41 41  
tracing VX  31000   
 (v2) IS2 (1,1) 2900
 trace vx 83 81 28100
---------------------------------------------------
83 81 40 40  
tracing VX  28100   
 (v2) IS2 (1,1) 2900
 trace vx 82 79 25200
---------------------------------------------------
82 79 39 39  
tracing VX  25200   
 (v2) IS2 (1,1) 2000
 trace vx 81 77 23200
---------------------------------------------------
81 77 38 38  
tracing VX  23200   
 (v2) IS2 (1,1) 1400
 trace vx 80 75 21800
---------------------------------------------------
80 75 37 37  
tracing VX  21800   
 (v2) IS2 (1,1) 1100
 trace vx 79 73 20700
---------------------------------------------------
79 73 36 36  
tracing VX  20700   
 (v2) IS2 (2,11) -2500
 trace vx 68 60 23200
---------------------------------------------------
68 60 30 29  
tracing VX  23200   
 (v2) IS2 (1,1) 2300
 trace vx 67 58 20900
---------------------------------------------------
67 58 29 28  
tracing VX  20900   
 (v2) IS2 (1,1) 900
 trace vx 66 56 20000
---------------------------------------------------
66 56 28 27  
tracing VX  20000   
 (v2) IS2 (1,1) 2100
 trace vx 65 54 17900
---------------------------------------------------
65 54 27 26  
tracing VX  17900   
 (v2) IS2 (1,1) 2900
 trace vx 64 52 15000
---------------------------------------------------
64 52 26 25  
tracing VX  15000   
 (v2) IS2 (9,2) -1700
 trace vx 62 41 16700
---------------------------------------------------
62 41 20 20  
tracing VX  16700   
 (v2) IS2 (1,1) 1700
 trace vx 61 39 15000
---------------------------------------------------
61 39 19 19  
tracing VX  15000   
 (v2) IS2 (1,1) 1800
 trace vx 60 37 13200
---------------------------------------------------
60 37 18 18  
tracing VX  13200   
 (v2) IS2 (1,1) 2100
 trace vx 59 35 11100
---------------------------------------------------
59 35 17 17  
tracing VX  11100   
 (v2) IS2 (1,1) 1200
 trace vx 58 33 9900
---------------------------------------------------
58 33 16 16  
tracing VX  9900   
 (v2) IS2 (1,1) 2900
 trace vx 57 31 7000
---------------------------------------------------
57 31 15 15  
tracing VX  7000   
 (v2) IS2 (1,1) 2100
 trace vx 56 29 4900
---------------------------------------------------
56 29 14 14  
tracing VX  4900   
 (v2) IS2 (1,1) 1200
 trace vx 55 27 3700
---------------------------------------------------
55 27 13 13  
tracing VX  3700   
 (v2) IS2 (1,1) 3400
 trace vx 54 25 300
---------------------------------------------------
54 25 12 12  
tracing VX  300   
 (v2) IS2 (2,2) -800
 trace vx 52 21 1100
---------------------------------------------------
52 21 10 10  
tracing VX  1100   
 (v2) IS2 (1,1) 1100
 trace vx 51 19 0
---------------------------------------------------
51 19 9 9  
tracing VX  0   
 (v2) IS2 (1,1) 2100
 trace vx 50 17 -2100
---------------------------------------------------
50 17 8 8  
tracing VX  -2100   
 (v2) IS2 (1,1) 1900
 trace vx 49 15 -4000
---------------------------------------------------
49 15 7 7  
tracing VX  -4000   
 (v2) IS2 (2,2) -800
 trace vx 47 11 -3200
---------------------------------------------------
47 11 5 5  
tracing VX  -3200   
 (v1) hairpin 11, -3200 
NAM  DZ7560
SRC  DZ7560 0..74::75 0..0::0
SEQ  +SS
       1 G   C   C   C   G   G   A   U   G   A   A   C   C   A   U   G   G   C   G   G
         0   1   2   3   4   5   6   7   8   9   10  11  12  13  14  15  16  17  18  19  
         85  84  83  82  81  80  79  .   68  67  66  65  64  .   .   .   .   .   .   .   

      21 U   C   U   G   U   G   G   U   G   C   A   G   A   C   U   U   C   A   A   A
         20  21  22  23  24  25  26  27  28  29  30  31  32  33  34  35  36  37  38  39  
         .   62  61  60  59  58  57  56  55  54  .   52  51  50  49  .   47  .   .   .   

      41 U   C   U   G   U   A   G   G   C   G   G   U   U   A   G   C   G   C   C   G
         40  41  42  43  44  45  46  47  48  49  50  51  52  53  54  55  56  57  58  59  
         .   .   .   .   .   .   .   36  .   34  33  32  31  .   29  28  27  26  25  24  

      61 C   A   G   U   G   G   U   U   C   G   A   C   U   C   C   A   C   C   U   U
         60  61  62  63  64  65  66  67  68  69  70  71  72  73  74  75  76  77  78  79  
         23  22  21  .   12  11  10  9   8   .   .   .   .   .   .   .   .   .   .   6   

      81 U   C   G   G   G   U   G
         80  81  82  83  84  85  86  
         5   4   3   2   1   0   .   

true pairs 25.0	 found pairs 26.0	 agree 7.0 (sen=28.00 spe=26.92 -- C_ap = 27.46)
----------------------------------------------------------------------
   Log odds score:       34300 
energy (kcal/mol):      -34.30 
number of pairs found:      26.00 
number of pairs annotated:  25.00 
----------------------------------------------------------------------
Allow pseudoknots? YES
----------------------------------------------------------------------
Parameters (energy units, kcal/mol)
 wkn  parameter:          0.83 (pseudoknots weight)
 P1   parameter:         -0.00 
 P2   parameter:         -0.00 
 P3   parameter:         -0.00 
 P4   parameter:         -0.00 
 P5   parameter:          4.60 
 P5P  parameter:          8.43 
 P6   parameter:          0.40 
 P6P  parameter:          0.24 
 P10  parameter:          0.10 
 P10P parameter:          0.10 
 P11  parameter:          7.00 
 P12  parameter:          6.00 
 P13  parameter:         16.00 
 full pseudoknot model.
----------------------------------------------------------------------
