PKNOTS: optimal minimum-energy RNA folding with pseudoknots and coaxial energies
        PKNOTS 1.04 (Fri Jul  9 14:23:04 CDT 2004) using squid 1.5m (Sept 1997)
---------------------------------------------------
Folding sequences from:  /home/elena/pknots/pknots-1.04/Demos/EMV.sqd 
---------------------------------------------------



	             SS  >>>>>....<<<<<...>>>>>.......<<<<<......>>>.......
	            EMV  GGAACUACAGUUCCGCUCCUCUAGCACACAGAGGUCAAUUGGGUGCGACC

	             SS  <<<AAA..>>>>>>aaa...<<<<<<....
	            EMV  CCCCCCUCUCCCGUGGGUCAACGGGAACCA

---------------------------------------------------
79 79 39 39  
tracing WX 28000 
 (W6) SR, trace wx 78 78 28000
---------------------------------------------------
78 78 39 38  
tracing WX 28000 
 (W6) SR, trace wx 77 77 28000
---------------------------------------------------
77 77 38 38  
tracing WX 28000 
 (W6) SR, trace wx 76 76 28000
---------------------------------------------------
76 76 38 37  
tracing WX 28000 
 (W6) SR, trace wx 75 75 28000
---------------------------------------------------
75 75 37 37  
tracing WX 28000 
 (W7) trace wx  27 27 9600
 (W7) trace wx  75 47 18400
---------------------------------------------------
75 47 23 23  
tracing WX 18400 
 (W8.4) dangle i, trace vx 58 29 7700
 (W8.4) dangle j, trace vx 74 15 7000
---------------------------------------------------
74 15 7 7  
tracing VX  7000   
 (v2) IS2 (1,1) 2900
 trace vx 73 13 4100
---------------------------------------------------
73 13 6 6  
tracing VX  4100   
 (v2) IS2 (1,1) 2900
 trace vx 72 11 1200
---------------------------------------------------
72 11 5 5  
tracing VX  1200   
 (v2) IS2 (1,1) 2000
 trace vx 71 9 -800
---------------------------------------------------
71 9 4 4  
tracing VX  -800   
 (v2) IS2 (1,1) 2100
 trace vx 70 7 -2900
---------------------------------------------------
70 7 3 3  
tracing VX  -2900   
 (v1) hairpin 7, -2900 
---------------------------------------------------
58 29 14 14  
tracing VX  7700   
 (v2) IS2 (1,1) 1700
 trace vx 57 27 6000
---------------------------------------------------
57 27 13 13  
tracing VX  6000   
 (v2) IS2 (1,1) 2300
 trace vx 56 25 3700
---------------------------------------------------
56 25 12 12  
tracing VX  3700   
 (v2) IS2 (1,1) 1700
 trace vx 55 23 2000
---------------------------------------------------
55 23 11 11  
tracing VX  2000   
 (v2) IS2 (1,1) 2900
 trace vx 54 21 -900
---------------------------------------------------
54 21 10 10  
tracing VX  -900   
 (v2) IS2 (7,4) -3100
 trace vx 50 10 2200
---------------------------------------------------
50 10 5 4  
tracing VX  2200   
 (v2) IS2 (1,1) 2900
 trace vx 49 8 -700
---------------------------------------------------
49 8 4 3  
tracing VX  -700   
 (v2) IS2 (1,1) 2900
 trace vx 48 6 -3600
---------------------------------------------------
48 6 3 2  
tracing VX  -3600   
 (v1) hairpin 6, -3600 
---------------------------------------------------
27 27 13 13  
tracing WX 9600 
 (W6) SR, trace wx 26 26 9600
---------------------------------------------------
26 26 13 12  
tracing WX 9600 
 (W6) SR, trace wx 25 25 9600
---------------------------------------------------
25 25 12 12  
tracing WX 9600 
 (W8.3) trace vx 13 13 4700
 (W8.3) dangle j, trace vx 24 10 1200
---------------------------------------------------
24 10 5 4  
tracing VX  1200   
 (v2) IS2 (1,1) 3400
 trace vx 23 8 -2200
---------------------------------------------------
23 8 4 3  
tracing VX  -2200   
 (v2) IS2 (1,1) 1700
 trace vx 22 6 -3900
---------------------------------------------------
22 6 3 2  
tracing VX  -3900   
 (v1) hairpin 6, -3900 
---------------------------------------------------
13 13 6 6  
tracing VX  4700   
 (v2) IS2 (1,1) 2900
 trace vx 12 11 1800
---------------------------------------------------
12 11 5 5  
tracing VX  1800   
 (v2) IS2 (1,1) 2300
 trace vx 11 9 -500
---------------------------------------------------
11 9 4 4  
tracing VX  -500   
 (v2) IS2 (1,1) 900
 trace vx 10 7 -1400
---------------------------------------------------
10 7 3 3  
tracing VX  -1400   
 (v2) IS2 (1,1) 2100
 trace vx 9 5 -3500
---------------------------------------------------
9 5 2 2  
tracing VX  -3500   
 (v1) hairpin 5, -3500 
NAM  EMV
SRC  EMV - 0..79::80
SEQ  +SS
       1 G   G   A   A   C   U   A   C   A   G   U   U   C   C   G   C   U   C   C   U
         0   1   2   3   4   5   6   7   8   9   10  11  12  13  14  15  16  17  18  19  
         13  12  11  10  9   .   .   .   .   4   3   2   1   0   24  23  22  .   .   .   

      21 C   U   A   G   C   A   C   A   C   A   G   A   G   G   U   C   A   A   U   U
         20  21  22  23  24  25  26  27  28  29  30  31  32  33  34  35  36  37  38  39  
         .   .   16  15  14  .   .   .   .   58  57  56  55  54  .   .   .   .   .   .   

      41 G   G   G   U   G   C   G   A   C   C   C   C   C   C   C   C   U   C   U   C
         40  41  42  43  44  45  46  47  48  49  50  51  52  53  54  55  56  57  58  59  
         50  49  48  .   .   .   .   .   42  41  40  .   .   .   33  32  31  30  29  74  

      61 C   C   G   U   G   G   G   U   C   A   A   C   G   G   G   A   A   C   C   A
         60  61  62  63  64  65  66  67  68  69  70  71  72  73  74  75  76  77  78  79  
         73  72  71  70  .   .   .   .   .   .   63  62  61  60  59  .   .   .   .   .   

true pairs 22.0	 found pairs 21.0	 agree 10.0 (sen=45.45 spe=47.62 -- C_ap = 46.52)
----------------------------------------------------------------------
   Log odds score:       28000 
energy (kcal/mol):      -28.00 
number of pairs found:      21.00 
number of pairs annotated:  22.00 
----------------------------------------------------------------------
Allow pseudoknots? YES
----------------------------------------------------------------------
Parameters (energy units, kcal/mol)
 wkn  parameter:          0.83 (pseudoknots weight)
 P1   parameter:         -0.00 
 P2   parameter:         -0.00 
 P3   parameter:         -0.00 
 P4   parameter:         -0.00 
 P5   parameter:          4.60 
 P5P  parameter:          8.43 
 P6   parameter:          0.40 
 P6P  parameter:          0.24 
 P10  parameter:          0.10 
 P10P parameter:          0.10 
 P11  parameter:          7.00 
 P12  parameter:          6.00 
 P13  parameter:         16.00 
 full pseudoknot model.
----------------------------------------------------------------------
