PKNOTS: optimal minimum-energy RNA folding with pseudoknots and coaxial energies
        PKNOTS 1.04 (Fri Jul  9 14:23:04 CDT 2004) using squid 1.5m (Sept 1997)
---------------------------------------------------
Folding sequences from:  /home/elena/pknots/pknots-1.04/Demos/HDV_anti.sqd 
---------------------------------------------------



	             SS  .>>>>>>.......AAAAA>>>.......<<<<<<<<<....>>>>>>>.
	HDV_antigenomic  GGGUCGGCAUGGCAUCUCCACCUCCUCGCGGUCCGACCUGGGCAUCCGAA

	             SS  ...>>>>....<<<<..<<<<<<<......aaaaa......
	HDV_antigenomic  GGAGGACGCACGUCCACUCGGAUGGCUAAGGGAGAGCCACU

---------------------------------------------------
90 90 45 44  
tracing WX 37020 
 (W6) SR, trace wx 89 89 37020
---------------------------------------------------
89 89 44 44  
tracing WX 37020 
 (W9) trace whx 77 77 7 45 28297
 (W9) trace whx 89 80 22 9 16323
---------------------------------------------------
89 80 22 9  
tracing whx 16323 
 (WH2.4) SLE, trace zhx  88 79 22 8 16191 
---------------------------------------------------
88 79 22 8  
tracing ZHX  16191 
 (ZH8.1) IR, trace vx  31  12 1500 
 (ZH8.1) IR, trace vhx 88  79  9  8 12533 
---------------------------------------------------
31 12 6 5  
tracing VX  1500   
 (v2) IS2 (1,1) 2100
 trace vx 30 10 -600
---------------------------------------------------
30 10 5 4  
tracing VX  -600   
 (v2) IS2 (1,1) 2900
 trace vx 29 8 -3500
---------------------------------------------------
29 8 4 3  
tracing VX  -3500   
 (v1) hairpin 8, -3500 
---------------------------------------------------
88 79 9 8  
tracing VHX  12533 
 (vh2) trace vhx 88 79 1 1 1494 
 (vh2) trace vhx 87 77 8 7 11039 
---------------------------------------------------
87 77 8 7  
tracing VHX  11039 
 (vh2) trace vhx 87 77 1 1 2407 
 (vh2) trace vhx 86 75 7 6 8632 
---------------------------------------------------
86 75 7 6  
tracing VHX  8632 
 (vh2) trace vhx 86 75 1 1 2822 
 (vh2) trace vhx 85 73 6 5 5810 
---------------------------------------------------
85 73 6 5  
tracing VHX  5810 
 (vh2) trace vhx 85 73 2 1 -1826 
 (vh2) trace vhx 84 70 4 4 7636 
---------------------------------------------------
84 70 4 4  
tracing VHX  7636 
 (vh2) trace vhx 84 70 1 1 1909 
 (vh2) trace vhx 83 68 3 3 5727 
---------------------------------------------------
83 68 3 3  
tracing VHX  5727 
 (vh2) trace vhx 83 68 1 1 1411 
 (vh2) trace vhx 82 66 2 2 4316 
---------------------------------------------------
82 66 2 2  
tracing VHX  4316 
 (vh2) trace vhx 82 66 1 1 1909 
 (vh2) trace vhx 81 64 1 1 2407 
---------------------------------------------------
81 64 1 1  
tracing VHX  2407 
 (vh1) IS2 (1,1) 81 64 2407 
---------------------------------------------------
82 66 1 1  
tracing VHX  1909 
 (vh1) IS2 (1,1) 82 66 1909 
---------------------------------------------------
83 68 1 1  
tracing VHX  1411 
 (vh1) IS2 (1,1) 83 68 1411 
---------------------------------------------------
84 70 1 1  
tracing VHX  1909 
 (vh1) IS2 (1,1) 84 70 1909 
---------------------------------------------------
85 73 2 1  
tracing VHX  -1826 
 (vh1) IS2 (2,1) 85 73 -1826 
---------------------------------------------------
86 75 1 1  
tracing VHX  2822 
 (vh1) IS2 (1,1) 86 75 2822 
---------------------------------------------------
87 77 1 1  
tracing VHX  2407 
 (vh1) IS2 (1,1) 87 77 2407 
---------------------------------------------------
88 79 1 1  
tracing VHX  1494 
 (vh1) IS2 (1,1) 88 79 1494 
---------------------------------------------------
77 77 7 45  
tracing whx 28297 
 (WH3.4) SRI, trace yhx 77 77 6 45 27916 
---------------------------------------------------
77 77 6 45  
tracing YHX 27916 
 (YH9) ER, trace wbx 77 37 15500 
 (YH9) ER, trace yhx 39 39 6 7 12416 
---------------------------------------------------
39 39 6 7  
tracing YHX 12416 
 (YH4) SRE, trace vhx 38 38 6 6 11703 
---------------------------------------------------
38 38 6 6  
tracing VHX  11703 
 (vh2) trace vhx 38 38 1 1 1577 
 (vh2) trace vhx 37 36 5 5 10126 
---------------------------------------------------
37 36 5 5  
tracing VHX  10126 
 (vh2) trace vhx 37 36 1 1 2407 
 (vh2) trace vhx 36 34 4 4 7719 
---------------------------------------------------
36 34 4 4  
tracing VHX  7719 
 (vh2) trace vhx 36 34 1 1 1743 
 (vh2) trace vhx 35 32 3 3 5976 
---------------------------------------------------
35 32 3 3  
tracing VHX  5976 
 (vh2) trace vhx 35 32 1 1 1909 
 (vh2) trace vhx 34 30 2 2 4067 
---------------------------------------------------
34 30 2 2  
tracing VHX  4067 
 (vh2) trace vhx 34 30 1 1 1660 
 (vh2) trace vhx 33 28 1 1 2407 
---------------------------------------------------
33 28 1 1  
tracing VHX  2407 
 (vh1) IS2 (1,1) 33 28 2407 
---------------------------------------------------
34 30 1 1  
tracing VHX  1660 
 (vh1) IS2 (1,1) 34 30 1660 
---------------------------------------------------
35 32 1 1  
tracing VHX  1909 
 (vh1) IS2 (1,1) 35 32 1909 
---------------------------------------------------
36 34 1 1  
tracing VHX  1743 
 (vh1) IS2 (1,1) 36 34 1743 
---------------------------------------------------
37 36 1 1  
tracing VHX  2407 
 (vh1) IS2 (1,1) 37 36 2407 
---------------------------------------------------
38 38 1 1  
tracing VHX  1577 
 (vh1) IS2 (1,1) 38 38 1577 
---------------------------------------------------
77 37 18 18  
tracing WBX 15500 
 (WB4) SR, trace vx 76 36 14800
---------------------------------------------------
76 36 18 17  
tracing VX  14800   
 (v2) IS2 (1,1) 1900
 trace vx 75 34 12900
---------------------------------------------------
75 34 17 16  
tracing VX  12900   
 (v2) IS2 (1,1) 3400
 trace vx 74 32 9500
---------------------------------------------------
74 32 16 15  
tracing VX  9500   
 (v2) IS2 (1,2) -2100
 trace vx 72 29 11600
---------------------------------------------------
72 29 14 14  
tracing VX  11600   
 (v2) IS2 (1,1) 900
 trace vx 71 27 10700
---------------------------------------------------
71 27 13 13  
tracing VX  10700   
 (v2) IS2 (1,1) 2300
 trace vx 70 25 8400
---------------------------------------------------
70 25 12 12  
tracing VX  8400   
 (v2) IS2 (1,1) 2900
 trace vx 69 23 5500
---------------------------------------------------
69 23 11 11  
tracing VX  5500   
 (v2) IS2 (1,1) 2000
 trace vx 68 21 3500
---------------------------------------------------
68 21 10 10  
tracing VX  3500   
 (v2) IS2 (1,1) 2300
 trace vx 67 19 1200
---------------------------------------------------
67 19 9 9  
tracing VX  1200   
 (v2) IS2 (2,1) -2200
 trace vx 66 16 3400
---------------------------------------------------
66 16 8 7  
tracing VX  3400   
 (v2) IS2 (3,2) -900
 trace vx 64 11 4300
---------------------------------------------------
64 11 5 5  
tracing VX  4300   
 (v2) IS2 (1,1) 2900
 trace vx 63 9 1400
---------------------------------------------------
63 9 4 4  
tracing VX  1400   
 (v2) IS2 (1,1) 2300
 trace vx 62 7 -900
---------------------------------------------------
62 7 3 3  
tracing VX  -900   
 (v2) IS2 (1,1) 2100
 trace vx 61 5 -3000
---------------------------------------------------
61 5 2 2  
tracing VX  -3000   
 (v1) hairpin 5, -3000 
NAM  HDV_antigenomic
SRC  HDV_antigenomic - 0..90::91
SEQ  +SS
       1 G   G   G   U   C   G   G   C   A   U   G   G   C   A   U   C   U   C   C   A
         0   1   2   3   4   5   6   7   8   9   10  11  12  13  14  15  16  17  18  19  
         38  37  36  35  34  33  32  .   .   88  87  86  85  .   84  83  82  81  80  31  

      21 C   C   U   C   C   U   C   G   C   G   G   U   C   C   G   A   C   C   U   G
         20  21  22  23  24  25  26  27  28  29  30  31  32  33  34  35  36  37  38  39  
         30  29  .   .   .   .   .   .   .   21  20  19  6   5   4   3   2   1   0   .   

      41 G   G   C   A   U   C   C   G   A   A   G   G   A   G   G   A   C   G   C   A
         40  41  42  43  44  45  46  47  48  49  50  51  52  53  54  55  56  57  58  59  
         76  75  74  72  71  70  69  68  67  .   66  .   .   64  63  62  61  .   .   .   

      61 C   G   U   C   C   A   C   U   C   G   G   A   U   G   G   C   U   A   A   G
         60  61  62  63  64  65  66  67  68  69  70  71  72  73  74  75  76  77  78  79  
         .   56  55  54  53  .   50  48  47  46  45  44  43  .   42  41  40  .   .   .   

      81 G   G   A   G   A   G   C   C   A   C   U
         80  81  82  83  84  85  86  87  88  89  90  
         18  17  16  15  14  12  11  10  9   .   .   

true pairs 25.0	 found pairs 33.0	 agree 24.0 (sen=96.00 spe=72.73 -- C_ap = 83.56)
----------------------------------------------------------------------
   Log odds score:       37020 
energy (kcal/mol):      -37.02 
number of pairs found:      33.00 
number of pairs annotated:  25.00 
----------------------------------------------------------------------
Allow pseudoknots? YES
----------------------------------------------------------------------
Parameters (energy units, kcal/mol)
 wkn  parameter:          0.83 (pseudoknots weight)
 P1   parameter:         -0.00 
 P2   parameter:         -0.00 
 P3   parameter:         -0.00 
 P4   parameter:         -0.00 
 P5   parameter:          4.60 
 P5P  parameter:          8.43 
 P6   parameter:          0.40 
 P6P  parameter:          0.24 
 P10  parameter:          0.10 
 P10P parameter:          0.10 
 P11  parameter:          7.00 
 P12  parameter:          6.00 
 P13  parameter:         16.00 
 full pseudoknot model.
----------------------------------------------------------------------
