PKNOTS: optimal minimum-energy RNA folding with pseudoknots and coaxial energies
        PKNOTS 1.04 (Fri Jul  9 14:23:04 CDT 2004) using squid 1.5m (Sept 1997)
---------------------------------------------------
Folding sequences from:  /home/elena/pknots/pknots-1.04/Demos/HIVRT_II.sqd 
---------------------------------------------------



	             SS  .......>>>>>..AAAA..<<<<<.....aaaa.
	  HIVRT_II.3-21  UCAAGUAUUCCGAAGGGUAACGGGAAAAUGACCUA

---------------------------------------------------
34 34 17 16  
tracing WX 7453 
 (W5) SL, trace wx  34 33 7453
---------------------------------------------------
34 33 16 16  
tracing WX 7453 
 (W5) SL, trace wx  34 32 7453
---------------------------------------------------
34 32 16 15  
tracing WX 7453 
 (W5) SL, trace wx  34 31 7453
---------------------------------------------------
34 31 15 15  
tracing WX 7453 
 (W5) SL, trace wx  34 30 7453
---------------------------------------------------
34 30 15 14  
tracing WX 7453 
 (W5) SL, trace wx  34 29 7453
---------------------------------------------------
34 29 14 14  
tracing WX 7453 
 (W5) SL, trace wx  34 28 7453
---------------------------------------------------
34 28 14 13  
tracing WX 7453 
 (W10.1) trace yhx 25 19 5 5 6572
 (W10.1) trace yhx 34 21 6 6 5742
---------------------------------------------------
34 21 6 6  
tracing YHX 5742 
 (YH2) SLE, SRE, trace vhx 33 19 5 5 5063 
---------------------------------------------------
33 19 5 5  
tracing VHX  5063 
 (vh2) trace vhx 33 19 1 1 1577 
 (vh2) trace vhx 32 17 4 4 3486 
---------------------------------------------------
32 17 4 4  
tracing VHX  3486 
 (vh2) trace vhx 32 17 1 1 2407 
 (vh2) trace vhx 31 15 3 3 1079 
---------------------------------------------------
31 15 3 3  
tracing VHX  1079 
 (vh2) trace vhx 31 15 1 1 1743 
 (vh2) trace vhx 30 13 2 2 -664 
---------------------------------------------------
30 13 2 2  
tracing VHX  -664 
 (vh1) IS2 (2,2) 30 13 -664 
---------------------------------------------------
31 15 1 1  
tracing VHX  1743 
 (vh1) IS2 (1,1) 31 15 1743 
---------------------------------------------------
32 17 1 1  
tracing VHX  2407 
 (vh1) IS2 (1,1) 32 17 2407 
---------------------------------------------------
33 19 1 1  
tracing VHX  1577 
 (vh1) IS2 (1,1) 33 19 1577 
---------------------------------------------------
25 19 5 5  
tracing YHX 6572 
 (YH2) SLE, SRE, trace vhx 24 17 4 4 6142 
---------------------------------------------------
24 17 4 4  
tracing VHX  6142 
 (vh2) trace vhx 24 17 1 1 913 
 (vh2) trace vhx 23 15 3 3 5229 
---------------------------------------------------
23 15 3 3  
tracing VHX  5229 
 (vh2) trace vhx 23 15 1 1 1162 
 (vh2) trace vhx 22 13 2 2 4067 
---------------------------------------------------
22 13 2 2  
tracing VHX  4067 
 (vh2) trace vhx 22 13 1 1 2407 
 (vh2) trace vhx 21 11 1 1 1660 
---------------------------------------------------
21 11 1 1  
tracing VHX  1660 
 (vh1) IS2 (1,1) 21 11 1660 
---------------------------------------------------
22 13 1 1  
tracing VHX  2407 
 (vh1) IS2 (1,1) 22 13 2407 
---------------------------------------------------
23 15 1 1  
tracing VHX  1162 
 (vh1) IS2 (1,1) 23 15 1162 
---------------------------------------------------
24 17 1 1  
tracing VHX  913 
 (vh1) IS2 (1,1) 24 17 913 
NAM  HIVRT_II.3-21
SRC  HIVRT_II.3-21 - 0..34::35
SEQ  +SS
       1 U   C   A   A   G   U   A   U   U   C   C   G   A   A   G   G   G   U   A   A
         0   1   2   3   4   5   6   7   8   9   10  11  12  13  14  15  16  17  18  19  
         .   .   .   .   .   .   .   24  23  22  21  20  .   .   33  32  31  30  .   28  

      21 C   G   G   G   A   A   A   A   U   G   A   C   C   U   A
         20  21  22  23  24  25  26  27  28  29  30  31  32  33  34  
         11  10  9   8   7   .   .   .   19  .   17  16  15  14  .   

true pairs 9.0	 found pairs 10.0	 agree 9.0 (sen=100.00 spe=90.00 -- C_ap = 94.87)
----------------------------------------------------------------------
   Log odds score:        7453 
energy (kcal/mol):       -7.45 
number of pairs found:      10.00 
number of pairs annotated:  9.00 
----------------------------------------------------------------------
Allow pseudoknots? YES
----------------------------------------------------------------------
Parameters (energy units, kcal/mol)
 wkn  parameter:          0.83 (pseudoknots weight)
 P1   parameter:         -0.00 
 P2   parameter:         -0.00 
 P3   parameter:         -0.00 
 P4   parameter:         -0.00 
 P5   parameter:          4.60 
 P5P  parameter:          8.43 
 P6   parameter:          0.40 
 P6P  parameter:          0.24 
 P10  parameter:          0.10 
 P10P parameter:          0.10 
 P11  parameter:          7.00 
 P12  parameter:          6.00 
 P13  parameter:         16.00 
 full pseudoknot model.
----------------------------------------------------------------------


	             SS  .......>>>>>..AAAA..<<<<<.....aaaa.
	   HIVRT_II.3-9  UCAAGUGUUCCGAGAGGCAACGGGAAAAGAGCCUA

---------------------------------------------------
34 34 17 16  
tracing WX 7900 
 (W5) SL, trace wx  34 33 7900
---------------------------------------------------
34 33 16 16  
tracing WX 7900 
 (W5) SL, trace wx  34 32 7900
---------------------------------------------------
34 32 16 15  
tracing WX 7900 
 (W5) SL, trace wx  34 31 7900
---------------------------------------------------
34 31 15 15  
tracing WX 7900 
 (W5) SL, trace wx  34 30 7900
---------------------------------------------------
34 30 15 14  
tracing WX 7900 
 (W6) SR, trace wx 33 29 7900
---------------------------------------------------
33 29 14 14  
tracing WX 7900 
 (W8.4) dangle i, trace vx 21 16 4700
 (W8.4) dangle j, trace vx 32 10 -100
---------------------------------------------------
32 10 5 4  
tracing VX  -100   
 (v2) IS2 (1,1) 2900
 trace vx 31 8 -3000
---------------------------------------------------
31 8 4 3  
tracing VX  -3000   
 (v1) hairpin 8, -3000 
---------------------------------------------------
21 16 8 7  
tracing VX  4700   
 (v2) IS2 (1,1) 1200
 trace vx 20 14 3500
---------------------------------------------------
20 14 7 6  
tracing VX  3500   
 (v2) IS2 (1,1) 2100
 trace vx 19 12 1400
---------------------------------------------------
19 12 6 5  
tracing VX  1400   
 (v2) IS2 (1,1) 900
 trace vx 18 10 500
---------------------------------------------------
18 10 5 4  
tracing VX  500   
 (v2) IS2 (1,2) -1600
 trace vx 16 7 2100
---------------------------------------------------
16 7 3 3  
tracing VX  2100   
 (v2) IS2 (1,1) 2900
 trace vx 15 5 -800
---------------------------------------------------
15 5 2 2  
tracing VX  -800   
 (v1) hairpin 5, -800 
NAM  HIVRT_II.3-9
SRC  HIVRT_II.3-9 - 0..34::35
SEQ  +SS
       1 U   C   A   A   G   U   G   U   U   C   C   G   A   G   A   G   G   C   A   A
         0   1   2   3   4   5   6   7   8   9   10  11  12  13  14  15  16  17  18  19  
         .   .   .   .   .   21  20  19  18  16  15  .   .   .   .   10  9   .   8   7   

      21 C   G   G   G   A   A   A   A   G   A   G   C   C   U   A
         20  21  22  23  24  25  26  27  28  29  30  31  32  33  34  
         6   5   32  31  .   .   .   .   .   .   .   23  22  .   .   

true pairs 9.0	 found pairs 8.0	 agree 0.0 (sen=0.00 spe=0.00 -- C_ap = 0.00)
----------------------------------------------------------------------
   Log odds score:        7900 
energy (kcal/mol):       -7.90 
number of pairs found:      8.00 
number of pairs annotated:  9.00 
----------------------------------------------------------------------
Allow pseudoknots? YES
----------------------------------------------------------------------
Parameters (energy units, kcal/mol)
 wkn  parameter:          0.83 (pseudoknots weight)
 P1   parameter:         -0.00 
 P2   parameter:         -0.00 
 P3   parameter:         -0.00 
 P4   parameter:         -0.00 
 P5   parameter:          4.60 
 P5P  parameter:          8.43 
 P6   parameter:          0.40 
 P6P  parameter:          0.24 
 P10  parameter:          0.10 
 P10P parameter:          0.10 
 P11  parameter:          7.00 
 P12  parameter:          6.00 
 P13  parameter:         16.00 
 full pseudoknot model.
----------------------------------------------------------------------


	             SS  .......>>>>>..AAAA..<<<<<.....aaaa.
	  HIVRT_II.3-37  UCAAGUAUUCCGAAGGUGAACGGGAAAAUACACUA

---------------------------------------------------
34 34 17 16  
tracing WX 6540 
 (W5) SL, trace wx  34 33 6540
---------------------------------------------------
34 33 16 16  
tracing WX 6540 
 (W5) SL, trace wx  34 32 6540
---------------------------------------------------
34 32 16 15  
tracing WX 6540 
 (W5) SL, trace wx  34 31 6540
---------------------------------------------------
34 31 15 15  
tracing WX 6540 
 (W5) SL, trace wx  34 30 6540
---------------------------------------------------
34 30 15 14  
tracing WX 6540 
 (W5) SL, trace wx  34 29 6540
---------------------------------------------------
34 29 14 14  
tracing WX 6540 
 (W5) SL, trace wx  34 28 6540
---------------------------------------------------
34 28 14 13  
tracing WX 6540 
 (W10.1) trace yhx 25 19 5 5 6572
 (W10.1) trace yhx 34 21 6 6 4829
---------------------------------------------------
34 21 6 6  
tracing YHX 4829 
 (YH2) SLE, SRE, trace vhx 33 19 5 5 4150 
---------------------------------------------------
33 19 5 5  
tracing VHX  4150 
 (vh2) trace vhx 33 19 1 1 1577 
 (vh2) trace vhx 32 17 4 4 2573 
---------------------------------------------------
32 17 4 4  
tracing VHX  2573 
 (vh2) trace vhx 32 17 1 1 1743 
 (vh2) trace vhx 31 15 3 3 830 
---------------------------------------------------
31 15 3 3  
tracing VHX  830 
 (vh2) trace vhx 31 15 1 1 1494 
 (vh2) trace vhx 30 13 2 2 -664 
---------------------------------------------------
30 13 2 2  
tracing VHX  -664 
 (vh1) IS2 (2,2) 30 13 -664 
---------------------------------------------------
31 15 1 1  
tracing VHX  1494 
 (vh1) IS2 (1,1) 31 15 1494 
---------------------------------------------------
32 17 1 1  
tracing VHX  1743 
 (vh1) IS2 (1,1) 32 17 1743 
---------------------------------------------------
33 19 1 1  
tracing VHX  1577 
 (vh1) IS2 (1,1) 33 19 1577 
---------------------------------------------------
25 19 5 5  
tracing YHX 6572 
 (YH2) SLE, SRE, trace vhx 24 17 4 4 6142 
---------------------------------------------------
24 17 4 4  
tracing VHX  6142 
 (vh2) trace vhx 24 17 1 1 913 
 (vh2) trace vhx 23 15 3 3 5229 
---------------------------------------------------
23 15 3 3  
tracing VHX  5229 
 (vh2) trace vhx 23 15 1 1 1162 
 (vh2) trace vhx 22 13 2 2 4067 
---------------------------------------------------
22 13 2 2  
tracing VHX  4067 
 (vh2) trace vhx 22 13 1 1 2407 
 (vh2) trace vhx 21 11 1 1 1660 
---------------------------------------------------
21 11 1 1  
tracing VHX  1660 
 (vh1) IS2 (1,1) 21 11 1660 
---------------------------------------------------
22 13 1 1  
tracing VHX  2407 
 (vh1) IS2 (1,1) 22 13 2407 
---------------------------------------------------
23 15 1 1  
tracing VHX  1162 
 (vh1) IS2 (1,1) 23 15 1162 
---------------------------------------------------
24 17 1 1  
tracing VHX  913 
 (vh1) IS2 (1,1) 24 17 913 
NAM  HIVRT_II.3-37
SRC  HIVRT_II.3-37 - 0..34::35
SEQ  +SS
       1 U   C   A   A   G   U   A   U   U   C   C   G   A   A   G   G   U   G   A   A
         0   1   2   3   4   5   6   7   8   9   10  11  12  13  14  15  16  17  18  19  
         .   .   .   .   .   .   .   24  23  22  21  20  .   .   33  32  31  30  .   28  

      21 C   G   G   G   A   A   A   A   U   A   C   A   C   U   A
         20  21  22  23  24  25  26  27  28  29  30  31  32  33  34  
         11  10  9   8   7   .   .   .   19  .   17  16  15  14  .   

true pairs 9.0	 found pairs 10.0	 agree 9.0 (sen=100.00 spe=90.00 -- C_ap = 94.87)
----------------------------------------------------------------------
   Log odds score:        6540 
energy (kcal/mol):       -6.54 
number of pairs found:      10.00 
number of pairs annotated:  9.00 
----------------------------------------------------------------------
Allow pseudoknots? YES
----------------------------------------------------------------------
Parameters (energy units, kcal/mol)
 wkn  parameter:          0.83 (pseudoknots weight)
 P1   parameter:         -0.00 
 P2   parameter:         -0.00 
 P3   parameter:         -0.00 
 P4   parameter:         -0.00 
 P5   parameter:          4.60 
 P5P  parameter:          8.43 
 P6   parameter:          0.40 
 P6P  parameter:          0.24 
 P10  parameter:          0.10 
 P10P parameter:          0.10 
 P11  parameter:          7.00 
 P12  parameter:          6.00 
 P13  parameter:         16.00 
 full pseudoknot model.
----------------------------------------------------------------------


	             SS  .......>>>>>..AAAA..<<<<<.....aaaa.
	  HIVRT_II.3-56  UCAAGAGUUCCGAAAGUCGACGGGAAAAUAGACUA

---------------------------------------------------
34 34 17 16  
tracing WX 6408 
 (W5) SL, trace wx  34 33 6408
---------------------------------------------------
34 33 16 16  
tracing WX 6408 
 (W5) SL, trace wx  34 32 6408
---------------------------------------------------
34 32 16 15  
tracing WX 6408 
 (W5) SL, trace wx  34 31 6408
---------------------------------------------------
34 31 15 15  
tracing WX 6408 
 (W5) SL, trace wx  34 30 6408
---------------------------------------------------
34 30 15 14  
tracing WX 6408 
 (W5) SL, trace wx  34 29 6408
---------------------------------------------------
34 29 14 14  
tracing WX 6408 
 (W5) SL, trace wx  34 28 6408
---------------------------------------------------
34 28 14 13  
tracing WX 6408 
 (W5) SL, trace wx  34 27 6408
---------------------------------------------------
34 27 13 13  
tracing WX 6408 
 (W10.1) trace yhx 25 18 4 5 6523
 (W10.1) trace yhx 34 21 6 6 4746
---------------------------------------------------
34 21 6 6  
tracing YHX 4746 
 (YH2) SLE, SRE, trace vhx 33 19 5 5 4399 
---------------------------------------------------
33 19 5 5  
tracing VHX  4399 
 (vh2) trace vhx 33 19 1 1 1411 
 (vh2) trace vhx 32 17 4 4 2988 
---------------------------------------------------
32 17 4 4  
tracing VHX  2988 
 (vh2) trace vhx 32 17 1 1 1743 
 (vh2) trace vhx 31 15 3 3 1245 
---------------------------------------------------
31 15 3 3  
tracing VHX  1245 
 (vh2) trace vhx 31 15 1 1 1909 
 (vh2) trace vhx 30 13 2 2 -664 
---------------------------------------------------
30 13 2 2  
tracing VHX  -664 
 (vh1) IS2 (2,2) 30 13 -664 
---------------------------------------------------
31 15 1 1  
tracing VHX  1909 
 (vh1) IS2 (1,1) 31 15 1909 
---------------------------------------------------
32 17 1 1  
tracing VHX  1743 
 (vh1) IS2 (1,1) 32 17 1743 
---------------------------------------------------
33 19 1 1  
tracing VHX  1411 
 (vh1) IS2 (1,1) 33 19 1411 
---------------------------------------------------
25 18 4 5  
tracing YHX 6523 
 (YH4) SRE, trace vhx 24 17 4 4 6142 
---------------------------------------------------
24 17 4 4  
tracing VHX  6142 
 (vh2) trace vhx 24 17 1 1 913 
 (vh2) trace vhx 23 15 3 3 5229 
---------------------------------------------------
23 15 3 3  
tracing VHX  5229 
 (vh2) trace vhx 23 15 1 1 1162 
 (vh2) trace vhx 22 13 2 2 4067 
---------------------------------------------------
22 13 2 2  
tracing VHX  4067 
 (vh2) trace vhx 22 13 1 1 2407 
 (vh2) trace vhx 21 11 1 1 1660 
---------------------------------------------------
21 11 1 1  
tracing VHX  1660 
 (vh1) IS2 (1,1) 21 11 1660 
---------------------------------------------------
22 13 1 1  
tracing VHX  2407 
 (vh1) IS2 (1,1) 22 13 2407 
---------------------------------------------------
23 15 1 1  
tracing VHX  1162 
 (vh1) IS2 (1,1) 23 15 1162 
---------------------------------------------------
24 17 1 1  
tracing VHX  913 
 (vh1) IS2 (1,1) 24 17 913 
NAM  HIVRT_II.3-56
SRC  HIVRT_II.3-56 - 0..34::35
SEQ  +SS
       1 U   C   A   A   G   A   G   U   U   C   C   G   A   A   A   G   U   C   G   A
         0   1   2   3   4   5   6   7   8   9   10  11  12  13  14  15  16  17  18  19  
         .   .   .   .   .   .   .   24  23  22  21  20  .   .   33  32  31  30  .   28  

      21 C   G   G   G   A   A   A   A   U   A   G   A   C   U   A
         20  21  22  23  24  25  26  27  28  29  30  31  32  33  34  
         11  10  9   8   7   .   .   .   19  .   17  16  15  14  .   

true pairs 9.0	 found pairs 10.0	 agree 9.0 (sen=100.00 spe=90.00 -- C_ap = 94.87)
----------------------------------------------------------------------
   Log odds score:        6408 
energy (kcal/mol):       -6.41 
number of pairs found:      10.00 
number of pairs annotated:  9.00 
----------------------------------------------------------------------
Allow pseudoknots? YES
----------------------------------------------------------------------
Parameters (energy units, kcal/mol)
 wkn  parameter:          0.83 (pseudoknots weight)
 P1   parameter:         -0.00 
 P2   parameter:         -0.00 
 P3   parameter:         -0.00 
 P4   parameter:         -0.00 
 P5   parameter:          4.60 
 P5P  parameter:          8.43 
 P6   parameter:          0.40 
 P6P  parameter:          0.24 
 P10  parameter:          0.10 
 P10P parameter:          0.10 
 P11  parameter:          7.00 
 P12  parameter:          6.00 
 P13  parameter:         16.00 
 full pseudoknot model.
----------------------------------------------------------------------


	             SS  .......>>>>>..AAAA..<<<<<.....aaaa.
	  HIVRT_II.3-58  UCAAGAUUUCCGAGAGACAACGGGAAAAGAGUCUA

---------------------------------------------------
34 34 17 16  
tracing WX 7019 
 (W5) SL, trace wx  34 33 7019
---------------------------------------------------
34 33 16 16  
tracing WX 7019 
 (W5) SL, trace wx  34 32 7019
---------------------------------------------------
34 32 16 15  
tracing WX 7019 
 (W5) SL, trace wx  34 31 7019
---------------------------------------------------
34 31 15 15  
tracing WX 7019 
 (W5) SL, trace wx  34 30 7019
---------------------------------------------------
34 30 15 14  
tracing WX 7019 
 (W5) SL, trace wx  34 29 7019
---------------------------------------------------
34 29 14 14  
tracing WX 7019 
 (W9) trace whx 26 21 7 7 8413
 (W9) trace whx 34 20 4 5 6206
---------------------------------------------------
34 20 4 5  
tracing whx 6206 
 (WH1.9) SRI, SLI, SRE, trace vhx 33 19 3 3 5063 
---------------------------------------------------
33 19 3 3  
tracing VHX  5063 
 (vh2) trace vhx 33 19 1 1 1411 
 (vh2) trace vhx 32 17 2 2 3652 
---------------------------------------------------
32 17 2 2  
tracing VHX  3652 
 (vh2) trace vhx 32 17 1 1 1909 
 (vh2) trace vhx 31 15 1 1 1743 
---------------------------------------------------
31 15 1 1  
tracing VHX  1743 
 (vh1) IS2 (1,1) 31 15 1743 
---------------------------------------------------
32 17 1 1  
tracing VHX  1909 
 (vh1) IS2 (1,1) 32 17 1909 
---------------------------------------------------
33 19 1 1  
tracing VHX  1411 
 (vh1) IS2 (1,1) 33 19 1411 
---------------------------------------------------
26 21 7 7  
tracing whx 8413 
 (WH1.10) SLE, SRI, SLI, SRE,  25 19 5 5 6889 
---------------------------------------------------
25 19 5 5  
tracing VHX  6889 
 (vh2) trace vhx 25 19 1 1 747 
 (vh2) trace vhx 24 17 4 4 6142 
---------------------------------------------------
24 17 4 4  
tracing VHX  6142 
 (vh2) trace vhx 24 17 1 1 913 
 (vh2) trace vhx 23 15 3 3 5229 
---------------------------------------------------
23 15 3 3  
tracing VHX  5229 
 (vh2) trace vhx 23 15 1 1 1162 
 (vh2) trace vhx 22 13 2 2 4067 
---------------------------------------------------
22 13 2 2  
tracing VHX  4067 
 (vh2) trace vhx 22 13 1 1 2407 
 (vh2) trace vhx 21 11 1 1 1660 
---------------------------------------------------
21 11 1 1  
tracing VHX  1660 
 (vh1) IS2 (1,1) 21 11 1660 
---------------------------------------------------
22 13 1 1  
tracing VHX  2407 
 (vh1) IS2 (1,1) 22 13 2407 
---------------------------------------------------
23 15 1 1  
tracing VHX  1162 
 (vh1) IS2 (1,1) 23 15 1162 
---------------------------------------------------
24 17 1 1  
tracing VHX  913 
 (vh1) IS2 (1,1) 24 17 913 
---------------------------------------------------
25 19 1 1  
tracing VHX  747 
 (vh1) IS2 (1,1) 25 19 747 
NAM  HIVRT_II.3-58
SRC  HIVRT_II.3-58 - 0..34::35
SEQ  +SS
       1 U   C   A   A   G   A   U   U   U   C   C   G   A   G   A   G   A   C   A   A
         0   1   2   3   4   5   6   7   8   9   10  11  12  13  14  15  16  17  18  19  
         .   .   .   .   .   .   25  24  23  22  21  20  .   .   33  32  31  30  .   .   

      21 C   G   G   G   A   A   A   A   G   A   G   U   C   U   A
         20  21  22  23  24  25  26  27  28  29  30  31  32  33  34  
         11  10  9   8   7   6   .   .   .   .   17  16  15  14  .   

true pairs 9.0	 found pairs 10.0	 agree 9.0 (sen=100.00 spe=90.00 -- C_ap = 94.87)
----------------------------------------------------------------------
   Log odds score:        7019 
energy (kcal/mol):       -7.02 
number of pairs found:      10.00 
number of pairs annotated:  9.00 
----------------------------------------------------------------------
Allow pseudoknots? YES
----------------------------------------------------------------------
Parameters (energy units, kcal/mol)
 wkn  parameter:          0.83 (pseudoknots weight)
 P1   parameter:         -0.00 
 P2   parameter:         -0.00 
 P3   parameter:         -0.00 
 P4   parameter:         -0.00 
 P5   parameter:          4.60 
 P5P  parameter:          8.43 
 P6   parameter:          0.40 
 P6P  parameter:          0.24 
 P10  parameter:          0.10 
 P10P parameter:          0.10 
 P11  parameter:          7.00 
 P12  parameter:          6.00 
 P13  parameter:         16.00 
 full pseudoknot model.
----------------------------------------------------------------------


	             SS  .......>>>>>..AAAAA.<<<<<....aaaaa.
	  HIVRT_II.3-60  UCCAGCGUUCCGUAAGUGGACGGGAAAAACCACUA

---------------------------------------------------
34 34 17 16  
tracing WX 10558 
 (W5) SL, trace wx  34 33 10558
---------------------------------------------------
34 33 16 16  
tracing WX 10558 
 (W5) SL, trace wx  34 32 10558
---------------------------------------------------
34 32 16 15  
tracing WX 10558 
 (W5) SL, trace wx  34 31 10558
---------------------------------------------------
34 31 15 15  
tracing WX 10558 
 (W5) SL, trace wx  34 30 10558
---------------------------------------------------
34 30 15 14  
tracing WX 10558 
 (W5) SL, trace wx  34 29 10558
---------------------------------------------------
34 29 14 14  
tracing WX 10558 
 (W5) SL, trace wx  34 28 10558
---------------------------------------------------
34 28 14 13  
tracing WX 10558 
 (W5) SL, trace wx  34 27 10558
---------------------------------------------------
34 27 13 13  
tracing WX 10558 
 (W10.1) trace yhx 26 19 5 7 8066
 (W10.1) trace yhx 34 20 4 5 7353
---------------------------------------------------
34 20 4 5  
tracing YHX 7353 
 (YH4) SRE, trace vhx 33 19 4 4 7055 
---------------------------------------------------
33 19 4 4  
tracing VHX  7055 
 (vh2) trace vhx 33 19 1 1 1411 
 (vh2) trace vhx 32 17 3 3 5644 
---------------------------------------------------
32 17 3 3  
tracing VHX  5644 
 (vh2) trace vhx 32 17 1 1 1743 
 (vh2) trace vhx 31 15 2 2 3901 
---------------------------------------------------
31 15 2 2  
tracing VHX  3901 
 (vh2) trace vhx 31 15 1 1 1494 
 (vh2) trace vhx 30 13 1 1 2407 
---------------------------------------------------
30 13 1 1  
tracing VHX  2407 
 (vh1) IS2 (1,1) 30 13 2407 
---------------------------------------------------
31 15 1 1  
tracing VHX  1494 
 (vh1) IS2 (1,1) 31 15 1494 
---------------------------------------------------
32 17 1 1  
tracing VHX  1743 
 (vh1) IS2 (1,1) 32 17 1743 
---------------------------------------------------
33 19 1 1  
tracing VHX  1411 
 (vh1) IS2 (1,1) 33 19 1411 
---------------------------------------------------
26 19 5 7  
tracing YHX 8066 
 (YH6) SRE, trace yhx 25 18 5 6 8266 
---------------------------------------------------
25 18 5 6  
tracing YHX 8266 
 (YH4) SRE, trace vhx 24 17 5 5 7885 
---------------------------------------------------
24 17 5 5  
tracing VHX  7885 
 (vh2) trace vhx 24 17 1 1 913 
 (vh2) trace vhx 23 15 4 4 6972 
---------------------------------------------------
23 15 4 4  
tracing VHX  6972 
 (vh2) trace vhx 23 15 1 1 1162 
 (vh2) trace vhx 22 13 3 3 5810 
---------------------------------------------------
22 13 3 3  
tracing VHX  5810 
 (vh2) trace vhx 22 13 1 1 2407 
 (vh2) trace vhx 21 11 2 2 3403 
---------------------------------------------------
21 11 2 2  
tracing VHX  3403 
 (vh2) trace vhx 21 11 1 1 1660 
 (vh2) trace vhx 20 9 1 1 1743 
---------------------------------------------------
20 9 1 1  
tracing VHX  1743 
 (vh1) IS2 (1,1) 20 9 1743 
---------------------------------------------------
21 11 1 1  
tracing VHX  1660 
 (vh1) IS2 (1,1) 21 11 1660 
---------------------------------------------------
22 13 1 1  
tracing VHX  2407 
 (vh1) IS2 (1,1) 22 13 2407 
---------------------------------------------------
23 15 1 1  
tracing VHX  1162 
 (vh1) IS2 (1,1) 23 15 1162 
---------------------------------------------------
24 17 1 1  
tracing VHX  913 
 (vh1) IS2 (1,1) 24 17 913 
NAM  HIVRT_II.3-60
SRC  HIVRT_II.3-60 - 0..34::35
SEQ  +SS
       1 U   C   C   A   G   C   G   U   U   C   C   G   U   A   A   G   U   G   G   A
         0   1   2   3   4   5   6   7   8   9   10  11  12  13  14  15  16  17  18  19  
         .   .   .   .   .   .   .   24  23  22  21  20  19  .   33  32  31  30  29  12  

      21 C   G   G   G   A   A   A   A   A   C   C   A   C   U   A
         20  21  22  23  24  25  26  27  28  29  30  31  32  33  34  
         11  10  9   8   7   .   .   .   .   18  17  16  15  14  .   

true pairs 10.0	 found pairs 11.0	 agree 10.0 (sen=100.00 spe=90.91 -- C_ap = 95.35)
----------------------------------------------------------------------
   Log odds score:       10558 
energy (kcal/mol):      -10.56 
number of pairs found:      11.00 
number of pairs annotated:  10.00 
----------------------------------------------------------------------
Allow pseudoknots? YES
----------------------------------------------------------------------
Parameters (energy units, kcal/mol)
 wkn  parameter:          0.83 (pseudoknots weight)
 P1   parameter:         -0.00 
 P2   parameter:         -0.00 
 P3   parameter:         -0.00 
 P4   parameter:         -0.00 
 P5   parameter:          4.60 
 P5P  parameter:          8.43 
 P6   parameter:          0.40 
 P6P  parameter:          0.24 
 P10  parameter:          0.10 
 P10P parameter:          0.10 
 P11  parameter:          7.00 
 P12  parameter:          6.00 
 P13  parameter:         16.00 
 full pseudoknot model.
----------------------------------------------------------------------


	             SS  .......>>>>>..AAAAA.<<<<<....aaaaa.
	  HIVRT_II.3-27  UCAAGAGUUCCGUAAGGCCACGGGAAAAAGGUCUA

---------------------------------------------------
34 34 17 16  
tracing WX 9562 
 (W5) SL, trace wx  34 33 9562
---------------------------------------------------
34 33 16 16  
tracing WX 9562 
 (W5) SL, trace wx  34 32 9562
---------------------------------------------------
34 32 16 15  
tracing WX 9562 
 (W5) SL, trace wx  34 31 9562
---------------------------------------------------
34 31 15 15  
tracing WX 9562 
 (W5) SL, trace wx  34 30 9562
---------------------------------------------------
34 30 15 14  
tracing WX 9562 
 (W5) SL, trace wx  34 29 9562
---------------------------------------------------
34 29 14 14  
tracing WX 9562 
 (W5) SL, trace wx  34 28 9562
---------------------------------------------------
34 28 14 13  
tracing WX 9562 
 (W5) SL, trace wx  34 27 9562
---------------------------------------------------
34 27 13 13  
tracing WX 9562 
 (W10.1) trace yhx 26 19 5 7 8066
 (W10.1) trace yhx 34 20 4 5 7021
---------------------------------------------------
34 20 4 5  
tracing YHX 7021 
 (YH4) SRE, trace vhx 33 19 4 4 6723 
---------------------------------------------------
33 19 4 4  
tracing VHX  6723 
 (vh2) trace vhx 33 19 1 1 1411 
 (vh2) trace vhx 32 17 3 3 5312 
---------------------------------------------------
32 17 3 3  
tracing VHX  5312 
 (vh2) trace vhx 32 17 1 1 1162 
 (vh2) trace vhx 31 15 2 2 4150 
---------------------------------------------------
31 15 2 2  
tracing VHX  4150 
 (vh2) trace vhx 31 15 1 1 1743 
 (vh2) trace vhx 30 13 1 1 2407 
---------------------------------------------------
30 13 1 1  
tracing VHX  2407 
 (vh1) IS2 (1,1) 30 13 2407 
---------------------------------------------------
31 15 1 1  
tracing VHX  1743 
 (vh1) IS2 (1,1) 31 15 1743 
---------------------------------------------------
32 17 1 1  
tracing VHX  1162 
 (vh1) IS2 (1,1) 32 17 1162 
---------------------------------------------------
33 19 1 1  
tracing VHX  1411 
 (vh1) IS2 (1,1) 33 19 1411 
---------------------------------------------------
26 19 5 7  
tracing YHX 8066 
 (YH6) SRE, trace yhx 25 18 5 6 8266 
---------------------------------------------------
25 18 5 6  
tracing YHX 8266 
 (YH4) SRE, trace vhx 24 17 5 5 7885 
---------------------------------------------------
24 17 5 5  
tracing VHX  7885 
 (vh2) trace vhx 24 17 1 1 913 
 (vh2) trace vhx 23 15 4 4 6972 
---------------------------------------------------
23 15 4 4  
tracing VHX  6972 
 (vh2) trace vhx 23 15 1 1 1162 
 (vh2) trace vhx 22 13 3 3 5810 
---------------------------------------------------
22 13 3 3  
tracing VHX  5810 
 (vh2) trace vhx 22 13 1 1 2407 
 (vh2) trace vhx 21 11 2 2 3403 
---------------------------------------------------
21 11 2 2  
tracing VHX  3403 
 (vh2) trace vhx 21 11 1 1 1660 
 (vh2) trace vhx 20 9 1 1 1743 
---------------------------------------------------
20 9 1 1  
tracing VHX  1743 
 (vh1) IS2 (1,1) 20 9 1743 
---------------------------------------------------
21 11 1 1  
tracing VHX  1660 
 (vh1) IS2 (1,1) 21 11 1660 
---------------------------------------------------
22 13 1 1  
tracing VHX  2407 
 (vh1) IS2 (1,1) 22 13 2407 
---------------------------------------------------
23 15 1 1  
tracing VHX  1162 
 (vh1) IS2 (1,1) 23 15 1162 
---------------------------------------------------
24 17 1 1  
tracing VHX  913 
 (vh1) IS2 (1,1) 24 17 913 
NAM  HIVRT_II.3-27
SRC  HIVRT_II.3-27 - 0..34::35
SEQ  +SS
       1 U   C   A   A   G   A   G   U   U   C   C   G   U   A   A   G   G   C   C   A
         0   1   2   3   4   5   6   7   8   9   10  11  12  13  14  15  16  17  18  19  
         .   .   .   .   .   .   .   24  23  22  21  20  19  .   33  32  31  30  29  12  

      21 C   G   G   G   A   A   A   A   A   G   G   U   C   U   A
         20  21  22  23  24  25  26  27  28  29  30  31  32  33  34  
         11  10  9   8   7   .   .   .   .   18  17  16  15  14  .   

true pairs 10.0	 found pairs 11.0	 agree 10.0 (sen=100.00 spe=90.91 -- C_ap = 95.35)
----------------------------------------------------------------------
   Log odds score:        9562 
energy (kcal/mol):       -9.56 
number of pairs found:      11.00 
number of pairs annotated:  10.00 
----------------------------------------------------------------------
Allow pseudoknots? YES
----------------------------------------------------------------------
Parameters (energy units, kcal/mol)
 wkn  parameter:          0.83 (pseudoknots weight)
 P1   parameter:         -0.00 
 P2   parameter:         -0.00 
 P3   parameter:         -0.00 
 P4   parameter:         -0.00 
 P5   parameter:          4.60 
 P5P  parameter:          8.43 
 P6   parameter:          0.40 
 P6P  parameter:          0.24 
 P10  parameter:          0.10 
 P10P parameter:          0.10 
 P11  parameter:          7.00 
 P12  parameter:          6.00 
 P13  parameter:         16.00 
 full pseudoknot model.
----------------------------------------------------------------------


	             SS  .......>>>>>..AAAAA.<<<<<....aaaaa.
	  HIVRT_II.3-15  UCAAGGAUUCCGAAAGGUAACGGGAAAAAUGCCUA

---------------------------------------------------
34 34 17 16  
tracing WX 7883 
 (W5) SL, trace wx  34 33 7883
---------------------------------------------------
34 33 16 16  
tracing WX 7883 
 (W5) SL, trace wx  34 32 7883
---------------------------------------------------
34 32 16 15  
tracing WX 7883 
 (W5) SL, trace wx  34 31 7883
---------------------------------------------------
34 31 15 15  
tracing WX 7883 
 (W5) SL, trace wx  34 30 7883
---------------------------------------------------
34 30 15 14  
tracing WX 7883 
 (W5) SL, trace wx  34 29 7883
---------------------------------------------------
34 29 14 14  
tracing WX 7883 
 (W5) SL, trace wx  34 28 7883
---------------------------------------------------
34 28 14 13  
tracing WX 7883 
 (W10.2) trace yhx 26 20 5 6 6372
 (W10.2) trace yhx 34 21 5 5 6572
---------------------------------------------------
34 21 5 5  
tracing YHX 6572 
 (YH2) SLE, SRE, trace vhx 33 19 4 4 6225 
---------------------------------------------------
33 19 4 4  
tracing VHX  6225 
 (vh2) trace vhx 33 19 1 1 1411 
 (vh2) trace vhx 32 17 3 3 4814 
---------------------------------------------------
32 17 3 3  
tracing VHX  4814 
 (vh2) trace vhx 32 17 1 1 2407 
 (vh2) trace vhx 31 15 2 2 2407 
---------------------------------------------------
31 15 2 2  
tracing VHX  2407 
 (vh2) trace vhx 31 15 1 1 1743 
 (vh2) trace vhx 30 13 1 1 664 
---------------------------------------------------
30 13 1 1  
tracing VHX  664 
 (vh1) IS2 (1,1) 30 13 664 
---------------------------------------------------
31 15 1 1  
tracing VHX  1743 
 (vh1) IS2 (1,1) 31 15 1743 
---------------------------------------------------
32 17 1 1  
tracing VHX  2407 
 (vh1) IS2 (1,1) 32 17 2407 
---------------------------------------------------
33 19 1 1  
tracing VHX  1411 
 (vh1) IS2 (1,1) 33 19 1411 
---------------------------------------------------
26 20 5 6  
tracing YHX 6372 
 (YH6) SRE, trace yhx 25 19 5 5 6572 
---------------------------------------------------
25 19 5 5  
tracing YHX 6572 
 (YH2) SLE, SRE, trace vhx 24 17 4 4 6142 
---------------------------------------------------
24 17 4 4  
tracing VHX  6142 
 (vh2) trace vhx 24 17 1 1 913 
 (vh2) trace vhx 23 15 3 3 5229 
---------------------------------------------------
23 15 3 3  
tracing VHX  5229 
 (vh2) trace vhx 23 15 1 1 1162 
 (vh2) trace vhx 22 13 2 2 4067 
---------------------------------------------------
22 13 2 2  
tracing VHX  4067 
 (vh2) trace vhx 22 13 1 1 2407 
 (vh2) trace vhx 21 11 1 1 1660 
---------------------------------------------------
21 11 1 1  
tracing VHX  1660 
 (vh1) IS2 (1,1) 21 11 1660 
---------------------------------------------------
22 13 1 1  
tracing VHX  2407 
 (vh1) IS2 (1,1) 22 13 2407 
---------------------------------------------------
23 15 1 1  
tracing VHX  1162 
 (vh1) IS2 (1,1) 23 15 1162 
---------------------------------------------------
24 17 1 1  
tracing VHX  913 
 (vh1) IS2 (1,1) 24 17 913 
NAM  HIVRT_II.3-15
SRC  HIVRT_II.3-15 - 0..34::35
SEQ  +SS
       1 U   C   A   A   G   G   A   U   U   C   C   G   A   A   A   G   G   U   A   A
         0   1   2   3   4   5   6   7   8   9   10  11  12  13  14  15  16  17  18  19  
         .   .   .   .   .   .   .   24  23  22  21  20  .   .   33  32  31  30  29  .   

      21 C   G   G   G   A   A   A   A   A   U   G   C   C   U   A
         20  21  22  23  24  25  26  27  28  29  30  31  32  33  34  
         11  10  9   8   7   .   .   .   .   18  17  16  15  14  .   

true pairs 10.0	 found pairs 10.0	 agree 10.0 (sen=100.00 spe=100.00 -- C_ap = 100.00)
----------------------------------------------------------------------
   Log odds score:        7883 
energy (kcal/mol):       -7.88 
number of pairs found:      10.00 
number of pairs annotated:  10.00 
----------------------------------------------------------------------
Allow pseudoknots? YES
----------------------------------------------------------------------
Parameters (energy units, kcal/mol)
 wkn  parameter:          0.83 (pseudoknots weight)
 P1   parameter:         -0.00 
 P2   parameter:         -0.00 
 P3   parameter:         -0.00 
 P4   parameter:         -0.00 
 P5   parameter:          4.60 
 P5P  parameter:          8.43 
 P6   parameter:          0.40 
 P6P  parameter:          0.24 
 P10  parameter:          0.10 
 P10P parameter:          0.10 
 P11  parameter:          7.00 
 P12  parameter:          6.00 
 P13  parameter:         16.00 
 full pseudoknot model.
----------------------------------------------------------------------


	             SS  .......>>>>.AAAAAA.<<<<.....aaaaaa
	  HIVRT_II.3-31  UCAAGAAUUCGUUAGUGUACGGGAAAAAACACUA

---------------------------------------------------
33 33 16 16  
tracing WX 5046 
 (W5) SL, trace wx  33 32 5046
---------------------------------------------------
33 32 16 15  
tracing WX 5046 
 (W5) SL, trace wx  33 31 5046
---------------------------------------------------
33 31 15 15  
tracing WX 5046 
 (W5) SL, trace wx  33 30 5046
---------------------------------------------------
33 30 15 14  
tracing WX 5046 
 (W5) SL, trace wx  33 29 5046
---------------------------------------------------
33 29 14 14  
tracing WX 5046 
 (W5) SL, trace wx  33 28 5046
---------------------------------------------------
33 28 14 13  
tracing WX 5046 
 (W5) SL, trace wx  33 27 5046
---------------------------------------------------
33 27 13 13  
tracing WX 5046 
 (W5) SL, trace wx  33 26 5046
---------------------------------------------------
33 26 13 12  
tracing WX 5046 
 (W10.1) trace yhx 25 18 4 7 4878
 (W10.1) trace yhx 33 20 4 5 6689
---------------------------------------------------
33 20 4 5  
tracing YHX 6689 
 (YH4) SRE, trace vhx 32 19 4 4 6391 
---------------------------------------------------
32 19 4 4  
tracing VHX  6391 
 (vh2) trace vhx 32 19 1 1 1411 
 (vh2) trace vhx 31 17 3 3 4980 
---------------------------------------------------
31 17 3 3  
tracing VHX  4980 
 (vh2) trace vhx 31 17 1 1 1743 
 (vh2) trace vhx 30 15 2 2 3237 
---------------------------------------------------
30 15 2 2  
tracing VHX  3237 
 (vh2) trace vhx 30 15 1 1 1494 
 (vh2) trace vhx 29 13 1 1 1743 
---------------------------------------------------
29 13 1 1  
tracing VHX  1743 
 (vh1) IS2 (1,1) 29 13 1743 
---------------------------------------------------
30 15 1 1  
tracing VHX  1494 
 (vh1) IS2 (1,1) 30 15 1494 
---------------------------------------------------
31 17 1 1  
tracing VHX  1743 
 (vh1) IS2 (1,1) 31 17 1743 
---------------------------------------------------
32 19 1 1  
tracing VHX  1411 
 (vh1) IS2 (1,1) 32 19 1411 
---------------------------------------------------
25 18 4 7  
tracing YHX 4878 
 (YH6) SRE, trace yhx 24 17 4 6 5078 
---------------------------------------------------
24 17 4 6  
tracing YHX 5078 
 (YH6) SRE, trace yhx 23 16 4 5 5278 
---------------------------------------------------
23 16 4 5  
tracing YHX 5278 
 (YH4) SRE, trace vhx 22 15 4 4 4897 
---------------------------------------------------
22 15 4 4  
tracing VHX  4897 
 (vh2) trace vhx 22 15 1 1 332 
 (vh2) trace vhx 21 13 3 3 4565 
---------------------------------------------------
21 13 3 3  
tracing VHX  4565 
 (vh2) trace vhx 21 13 1 1 1162 
 (vh2) trace vhx 20 11 2 2 3403 
---------------------------------------------------
20 11 2 2  
tracing VHX  3403 
 (vh2) trace vhx 20 11 1 1 1660 
 (vh2) trace vhx 19 9 1 1 1743 
---------------------------------------------------
19 9 1 1  
tracing VHX  1743 
 (vh1) IS2 (1,1) 19 9 1743 
---------------------------------------------------
20 11 1 1  
tracing VHX  1660 
 (vh1) IS2 (1,1) 20 11 1660 
---------------------------------------------------
21 13 1 1  
tracing VHX  1162 
 (vh1) IS2 (1,1) 21 13 1162 
---------------------------------------------------
22 15 1 1  
tracing VHX  332 
 (vh1) IS2 (1,1) 22 15 332 
NAM  HIVRT_II.3-31
SRC  HIVRT_II.3-31 - 0..33::34
SEQ  +SS
       1 U   C   A   A   G   A   A   U   U   C   G   U   U   A   G   U   G   U   A   C
         0   1   2   3   4   5   6   7   8   9   10  11  12  13  14  15  16  17  18  19  
         .   .   .   .   .   .   .   22  21  20  19  18  .   32  31  30  29  28  11  10  

      21 G   G   G   A   A   A   A   A   A   C   A   C   U   A
         20  21  22  23  24  25  26  27  28  29  30  31  32  33  
         9   8   7   .   .   .   .   .   17  16  15  14  13  .   

true pairs 10.0	 found pairs 10.0	 agree 9.0 (sen=90.00 spe=90.00 -- C_ap = 90.00)
----------------------------------------------------------------------
   Log odds score:        5046 
energy (kcal/mol):       -5.05 
number of pairs found:      10.00 
number of pairs annotated:  10.00 
----------------------------------------------------------------------
Allow pseudoknots? YES
----------------------------------------------------------------------
Parameters (energy units, kcal/mol)
 wkn  parameter:          0.83 (pseudoknots weight)
 P1   parameter:         -0.00 
 P2   parameter:         -0.00 
 P3   parameter:         -0.00 
 P4   parameter:         -0.00 
 P5   parameter:          4.60 
 P5P  parameter:          8.43 
 P6   parameter:          0.40 
 P6P  parameter:          0.24 
 P10  parameter:          0.10 
 P10P parameter:          0.10 
 P11  parameter:          7.00 
 P12  parameter:          6.00 
 P13  parameter:         16.00 
 full pseudoknot model.
----------------------------------------------------------------------


	             SS  .......>>>>>.AAAAAA.<<<<<....aaaaaa
	  HIVRT_II.3-26  UCAAGCGUUCCGAUGGCUAACGGGAAAAAUAGCUA

---------------------------------------------------
34 34 17 16  
tracing WX 8664 
 (W5) SL, trace wx  34 33 8664
---------------------------------------------------
34 33 16 16  
tracing WX 8664 
 (W5) SL, trace wx  34 32 8664
---------------------------------------------------
34 32 16 15  
tracing WX 8664 
 (W5) SL, trace wx  34 31 8664
---------------------------------------------------
34 31 15 15  
tracing WX 8664 
 (W5) SL, trace wx  34 30 8664
---------------------------------------------------
34 30 15 14  
tracing WX 8664 
 (W5) SL, trace wx  34 29 8664
---------------------------------------------------
34 29 14 14  
tracing WX 8664 
 (W5) SL, trace wx  34 28 8664
---------------------------------------------------
34 28 14 13  
tracing WX 8664 
 (W5) SL, trace wx  34 27 8664
---------------------------------------------------
34 27 13 13  
tracing WX 8664 
 (W10.2) trace yhx 26 19 4 6 6323
 (W10.2) trace yhx 34 21 5 5 7402
---------------------------------------------------
34 21 5 5  
tracing YHX 7402 
 (YH2) SLE, SRE, trace vhx 33 19 4 4 6723 
---------------------------------------------------
33 19 4 4  
tracing VHX  6723 
 (vh2) trace vhx 33 19 1 1 1577 
 (vh2) trace vhx 32 17 3 3 5146 
---------------------------------------------------
32 17 3 3  
tracing VHX  5146 
 (vh2) trace vhx 32 17 1 1 2822 
 (vh2) trace vhx 31 15 2 2 2324 
---------------------------------------------------
31 15 2 2  
tracing VHX  2324 
 (vh2) trace vhx 31 15 1 1 1411 
 (vh2) trace vhx 30 13 1 1 913 
---------------------------------------------------
30 13 1 1  
tracing VHX  913 
 (vh1) IS2 (1,1) 30 13 913 
---------------------------------------------------
31 15 1 1  
tracing VHX  1411 
 (vh1) IS2 (1,1) 31 15 1411 
---------------------------------------------------
32 17 1 1  
tracing VHX  2822 
 (vh1) IS2 (1,1) 32 17 2822 
---------------------------------------------------
33 19 1 1  
tracing VHX  1577 
 (vh1) IS2 (1,1) 33 19 1577 
---------------------------------------------------
26 19 4 6  
tracing YHX 6323 
 (YH6) SRE, trace yhx 25 18 4 5 6523 
---------------------------------------------------
25 18 4 5  
tracing YHX 6523 
 (YH4) SRE, trace vhx 24 17 4 4 6142 
---------------------------------------------------
24 17 4 4  
tracing VHX  6142 
 (vh2) trace vhx 24 17 1 1 913 
 (vh2) trace vhx 23 15 3 3 5229 
---------------------------------------------------
23 15 3 3  
tracing VHX  5229 
 (vh2) trace vhx 23 15 1 1 1162 
 (vh2) trace vhx 22 13 2 2 4067 
---------------------------------------------------
22 13 2 2  
tracing VHX  4067 
 (vh2) trace vhx 22 13 1 1 2407 
 (vh2) trace vhx 21 11 1 1 1660 
---------------------------------------------------
21 11 1 1  
tracing VHX  1660 
 (vh1) IS2 (1,1) 21 11 1660 
---------------------------------------------------
22 13 1 1  
tracing VHX  2407 
 (vh1) IS2 (1,1) 22 13 2407 
---------------------------------------------------
23 15 1 1  
tracing VHX  1162 
 (vh1) IS2 (1,1) 23 15 1162 
---------------------------------------------------
24 17 1 1  
tracing VHX  913 
 (vh1) IS2 (1,1) 24 17 913 
NAM  HIVRT_II.3-26
SRC  HIVRT_II.3-26 - 0..34::35
SEQ  +SS
       1 U   C   A   A   G   C   G   U   U   C   C   G   A   U   G   G   C   U   A   A
         0   1   2   3   4   5   6   7   8   9   10  11  12  13  14  15  16  17  18  19  
         .   .   .   .   .   .   .   24  23  22  21  20  .   .   33  32  31  30  29  .   

      21 C   G   G   G   A   A   A   A   A   U   A   G   C   U   A
         20  21  22  23  24  25  26  27  28  29  30  31  32  33  34  
         11  10  9   8   7   .   .   .   .   18  17  16  15  14  .   

true pairs 11.0	 found pairs 10.0	 agree 10.0 (sen=90.91 spe=100.00 -- C_ap = 95.35)
----------------------------------------------------------------------
   Log odds score:        8664 
energy (kcal/mol):       -8.66 
number of pairs found:      10.00 
number of pairs annotated:  11.00 
----------------------------------------------------------------------
Allow pseudoknots? YES
----------------------------------------------------------------------
Parameters (energy units, kcal/mol)
 wkn  parameter:          0.83 (pseudoknots weight)
 P1   parameter:         -0.00 
 P2   parameter:         -0.00 
 P3   parameter:         -0.00 
 P4   parameter:         -0.00 
 P5   parameter:          4.60 
 P5P  parameter:          8.43 
 P6   parameter:          0.40 
 P6P  parameter:          0.24 
 P10  parameter:          0.10 
 P10P parameter:          0.10 
 P11  parameter:          7.00 
 P12  parameter:          6.00 
 P13  parameter:         16.00 
 full pseudoknot model.
----------------------------------------------------------------------


	             SS  .......>>>>>...AAAA.<<<<<....aaaa..
	  HIVRT_II.3-32  UCAAGGAUUCCGUUUGUGCACGGGAAAAGGCACUA

---------------------------------------------------
34 34 17 16  
tracing WX 8498 
 (W5) SL, trace wx  34 33 8498
---------------------------------------------------
34 33 16 16  
tracing WX 8498 
 (W5) SL, trace wx  34 32 8498
---------------------------------------------------
34 32 16 15  
tracing WX 8498 
 (W5) SL, trace wx  34 31 8498
---------------------------------------------------
34 31 15 15  
tracing WX 8498 
 (W5) SL, trace wx  34 30 8498
---------------------------------------------------
34 30 15 14  
tracing WX 8498 
 (W5) SL, trace wx  34 29 8498
---------------------------------------------------
34 29 14 14  
tracing WX 8498 
 (W5) SL, trace wx  34 28 8498
---------------------------------------------------
34 28 14 13  
tracing WX 8498 
 (W6) SR, trace wx 33 27 8498
---------------------------------------------------
33 27 13 13  
tracing WX 8498 
 (W10.1) trace yhx 26 20 6 7 8115
 (W10.1) trace yhx 33 19 4 4 6572
---------------------------------------------------
33 19 4 4  
tracing YHX 6572 
 (YH2) SLE, SRE, trace vhx 32 17 3 3 6059 
---------------------------------------------------
32 17 3 3  
tracing VHX  6059 
 (vh2) trace vhx 32 17 1 1 1743 
 (vh2) trace vhx 31 15 2 2 4316 
---------------------------------------------------
31 15 2 2  
tracing VHX  4316 
 (vh2) trace vhx 31 15 1 1 1494 
 (vh2) trace vhx 30 13 1 1 2822 
---------------------------------------------------
30 13 1 1  
tracing VHX  2822 
 (vh1) IS2 (1,1) 30 13 2822 
---------------------------------------------------
31 15 1 1  
tracing VHX  1494 
 (vh1) IS2 (1,1) 31 15 1494 
---------------------------------------------------
32 17 1 1  
tracing VHX  1743 
 (vh1) IS2 (1,1) 32 17 1743 
---------------------------------------------------
26 20 6 7  
tracing YHX 8115 
 (YH6) SRE, trace yhx 25 19 6 6 8315 
---------------------------------------------------
25 19 6 6  
tracing YHX 8315 
 (YH2) SLE, SRE, trace vhx 24 17 5 5 7885 
---------------------------------------------------
24 17 5 5  
tracing VHX  7885 
 (vh2) trace vhx 24 17 1 1 913 
 (vh2) trace vhx 23 15 4 4 6972 
---------------------------------------------------
23 15 4 4  
tracing VHX  6972 
 (vh2) trace vhx 23 15 1 1 1162 
 (vh2) trace vhx 22 13 3 3 5810 
---------------------------------------------------
22 13 3 3  
tracing VHX  5810 
 (vh2) trace vhx 22 13 1 1 2407 
 (vh2) trace vhx 21 11 2 2 3403 
---------------------------------------------------
21 11 2 2  
tracing VHX  3403 
 (vh2) trace vhx 21 11 1 1 1660 
 (vh2) trace vhx 20 9 1 1 1743 
---------------------------------------------------
20 9 1 1  
tracing VHX  1743 
 (vh1) IS2 (1,1) 20 9 1743 
---------------------------------------------------
21 11 1 1  
tracing VHX  1660 
 (vh1) IS2 (1,1) 21 11 1660 
---------------------------------------------------
22 13 1 1  
tracing VHX  2407 
 (vh1) IS2 (1,1) 22 13 2407 
---------------------------------------------------
23 15 1 1  
tracing VHX  1162 
 (vh1) IS2 (1,1) 23 15 1162 
---------------------------------------------------
24 17 1 1  
tracing VHX  913 
 (vh1) IS2 (1,1) 24 17 913 
NAM  HIVRT_II.3-32
SRC  HIVRT_II.3-32 - 0..34::35
SEQ  +SS
       1 U   C   A   A   G   G   A   U   U   C   C   G   U   U   U   G   U   G   C   A
         0   1   2   3   4   5   6   7   8   9   10  11  12  13  14  15  16  17  18  19  
         .   .   .   .   .   .   .   24  23  22  21  20  19  .   .   32  31  30  29  12  

      21 C   G   G   G   A   A   A   A   G   G   C   A   C   U   A
         20  21  22  23  24  25  26  27  28  29  30  31  32  33  34  
         11  10  9   8   7   .   .   .   .   18  17  16  15  .   .   

true pairs 9.0	 found pairs 10.0	 agree 9.0 (sen=100.00 spe=90.00 -- C_ap = 94.87)
----------------------------------------------------------------------
   Log odds score:        8498 
energy (kcal/mol):       -8.50 
number of pairs found:      10.00 
number of pairs annotated:  9.00 
----------------------------------------------------------------------
Allow pseudoknots? YES
----------------------------------------------------------------------
Parameters (energy units, kcal/mol)
 wkn  parameter:          0.83 (pseudoknots weight)
 P1   parameter:         -0.00 
 P2   parameter:         -0.00 
 P3   parameter:         -0.00 
 P4   parameter:         -0.00 
 P5   parameter:          4.60 
 P5P  parameter:          8.43 
 P6   parameter:          0.40 
 P6P  parameter:          0.24 
 P10  parameter:          0.10 
 P10P parameter:          0.10 
 P11  parameter:          7.00 
 P12  parameter:          6.00 
 P13  parameter:         16.00 
 full pseudoknot model.
----------------------------------------------------------------------


	             SS  .......>>>>...AAAA.<<<<.....aaaa..
	  HIVRT_II.3-54  UCAAGAAUCCGUUUGCACACGGGAAAACGUGCUA

---------------------------------------------------
33 33 16 16  
tracing WX 7585 
 (W5) SL, trace wx  33 32 7585
---------------------------------------------------
33 32 16 15  
tracing WX 7585 
 (W5) SL, trace wx  33 31 7585
---------------------------------------------------
33 31 15 15  
tracing WX 7585 
 (W5) SL, trace wx  33 30 7585
---------------------------------------------------
33 30 15 14  
tracing WX 7585 
 (W5) SL, trace wx  33 29 7585
---------------------------------------------------
33 29 14 14  
tracing WX 7585 
 (W5) SL, trace wx  33 28 7585
---------------------------------------------------
33 28 14 13  
tracing WX 7585 
 (W5) SL, trace wx  33 27 7585
---------------------------------------------------
33 27 13 13  
tracing WX 7585 
 (W5) SL, trace wx  33 26 7585
---------------------------------------------------
33 26 13 12  
tracing WX 7585 
 (W6) SR, trace wx 32 25 7585
---------------------------------------------------
32 25 12 12  
tracing WX 7585 
 (W10.1) trace yhx 25 18 4 7 6953
 (W10.1) trace yhx 32 19 4 4 6572
---------------------------------------------------
32 19 4 4  
tracing YHX 6572 
 (YH2) SLE, SRE, trace vhx 31 17 3 3 6059 
---------------------------------------------------
31 17 3 3  
tracing VHX  6059 
 (vh2) trace vhx 31 17 1 1 2822 
 (vh2) trace vhx 30 15 2 2 3237 
---------------------------------------------------
30 15 2 2  
tracing VHX  3237 
 (vh2) trace vhx 30 15 1 1 1494 
 (vh2) trace vhx 29 13 1 1 1743 
---------------------------------------------------
29 13 1 1  
tracing VHX  1743 
 (vh1) IS2 (1,1) 29 13 1743 
---------------------------------------------------
30 15 1 1  
tracing VHX  1494 
 (vh1) IS2 (1,1) 30 15 1494 
---------------------------------------------------
31 17 1 1  
tracing VHX  2822 
 (vh1) IS2 (1,1) 31 17 2822 
---------------------------------------------------
25 18 4 7  
tracing YHX 6953 
 (YH6) SRE, trace yhx 24 17 4 6 7153 
---------------------------------------------------
24 17 4 6  
tracing YHX 7153 
 (YH6) SRE, trace yhx 23 16 4 5 7353 
---------------------------------------------------
23 16 4 5  
tracing YHX 7353 
 (YH4) SRE, trace vhx 22 15 4 4 6972 
---------------------------------------------------
22 15 4 4  
tracing VHX  6972 
 (vh2) trace vhx 22 15 1 1 1162 
 (vh2) trace vhx 21 13 3 3 5810 
---------------------------------------------------
21 13 3 3  
tracing VHX  5810 
 (vh2) trace vhx 21 13 1 1 2407 
 (vh2) trace vhx 20 11 2 2 3403 
---------------------------------------------------
20 11 2 2  
tracing VHX  3403 
 (vh2) trace vhx 20 11 1 1 1660 
 (vh2) trace vhx 19 9 1 1 1743 
---------------------------------------------------
19 9 1 1  
tracing VHX  1743 
 (vh1) IS2 (1,1) 19 9 1743 
---------------------------------------------------
20 11 1 1  
tracing VHX  1660 
 (vh1) IS2 (1,1) 20 11 1660 
---------------------------------------------------
21 13 1 1  
tracing VHX  2407 
 (vh1) IS2 (1,1) 21 13 2407 
---------------------------------------------------
22 15 1 1  
tracing VHX  1162 
 (vh1) IS2 (1,1) 22 15 1162 
NAM  HIVRT_II.3-54
SRC  HIVRT_II.3-54 - 0..33::34
SEQ  +SS
       1 U   C   A   A   G   A   A   U   C   C   G   U   U   U   G   C   A   C   A   C
         0   1   2   3   4   5   6   7   8   9   10  11  12  13  14  15  16  17  18  19  
         .   .   .   .   .   .   .   22  21  20  19  18  .   .   31  30  29  28  11  10  

      21 G   G   G   A   A   A   A   C   G   U   G   C   U   A
         20  21  22  23  24  25  26  27  28  29  30  31  32  33  
         9   8   7   .   .   .   .   .   17  16  15  14  .   .   

true pairs 8.0	 found pairs 9.0	 agree 8.0 (sen=100.00 spe=88.89 -- C_ap = 94.28)
----------------------------------------------------------------------
   Log odds score:        7585 
energy (kcal/mol):       -7.58 
number of pairs found:      9.00 
number of pairs annotated:  8.00 
----------------------------------------------------------------------
Allow pseudoknots? YES
----------------------------------------------------------------------
Parameters (energy units, kcal/mol)
 wkn  parameter:          0.83 (pseudoknots weight)
 P1   parameter:         -0.00 
 P2   parameter:         -0.00 
 P3   parameter:         -0.00 
 P4   parameter:         -0.00 
 P5   parameter:          4.60 
 P5P  parameter:          8.43 
 P6   parameter:          0.40 
 P6P  parameter:          0.24 
 P10  parameter:          0.10 
 P10P parameter:          0.10 
 P11  parameter:          7.00 
 P12  parameter:          6.00 
 P13  parameter:         16.00 
 full pseudoknot model.
----------------------------------------------------------------------


	             SS  .......>>>>>...AAAAA<<<<<...aaaaa..
	  HIVRT_II.3-28  UCAAGAAUUCCGUAAGGGGUCGGGAAAAACCCUAU

---------------------------------------------------
34 34 17 16  
tracing WX 10700 
 (W5) SL, trace wx  34 33 10700
---------------------------------------------------
34 33 16 16  
tracing WX 10700 
 (W5) SL, trace wx  34 32 10700
---------------------------------------------------
34 32 16 15  
tracing WX 10700 
 (W5) SL, trace wx  34 31 10700
---------------------------------------------------
34 31 15 15  
tracing WX 10700 
 (W5) SL, trace wx  34 30 10700
---------------------------------------------------
34 30 15 14  
tracing WX 10700 
 (W5) SL, trace wx  34 29 10700
---------------------------------------------------
34 29 14 14  
tracing WX 10700 
 (W6) SR, trace wx 33 28 10700
---------------------------------------------------
33 28 14 13  
tracing WX 10700 
 (W6) SR, trace wx 32 27 10700
---------------------------------------------------
32 27 13 13  
tracing WX 10700 
 (W8.8) dangle i, trace vx 19 13 4900
 (W8.8) dangle j, trace vx 31 10 2500
---------------------------------------------------
31 10 5 4  
tracing VX  2500   
 (v2) IS2 (1,1) 2900
 trace vx 30 8 -400
---------------------------------------------------
30 8 4 3  
tracing VX  -400   
 (v2) IS2 (1,1) 2900
 trace vx 29 6 -3300
---------------------------------------------------
29 6 3 2  
tracing VX  -3300   
 (v1) hairpin 6, -3300 
---------------------------------------------------
19 13 6 6  
tracing VX  4900   
 (v2) IS2 (1,1) 1000
 trace vx 18 11 3900
---------------------------------------------------
18 11 5 5  
tracing VX  3900   
 (v2) IS2 (1,1) 400
 trace vx 17 9 3500
---------------------------------------------------
17 9 4 4  
tracing VX  3500   
 (v2) IS2 (1,1) 1400
 trace vx 16 7 2100
---------------------------------------------------
16 7 3 3  
tracing VX  2100   
 (v2) IS2 (1,1) 2900
 trace vx 15 5 -800
---------------------------------------------------
15 5 2 2  
tracing VX  -800   
 (v1) hairpin 5, -800 
NAM  HIVRT_II.3-28
SRC  HIVRT_II.3-28 - 0..34::35
SEQ  +SS
       1 U   C   A   A   G   A   A   U   U   C   C   G   U   A   A   G   G   G   G   U
         0   1   2   3   4   5   6   7   8   9   10  11  12  13  14  15  16  17  18  19  
         .   .   .   .   .   .   19  18  17  16  15  .   .   .   .   10  9   8   7   6   

      21 C   G   G   G   A   A   A   A   A   C   C   C   U   A   U
         20  21  22  23  24  25  26  27  28  29  30  31  32  33  34  
         .   31  30  29  .   .   .   .   .   23  22  21  .   .   .   

true pairs 10.0	 found pairs 8.0	 agree 0.0 (sen=0.00 spe=0.00 -- C_ap = 0.00)
----------------------------------------------------------------------
   Log odds score:       10700 
energy (kcal/mol):      -10.70 
number of pairs found:      8.00 
number of pairs annotated:  10.00 
----------------------------------------------------------------------
Allow pseudoknots? YES
----------------------------------------------------------------------
Parameters (energy units, kcal/mol)
 wkn  parameter:          0.83 (pseudoknots weight)
 P1   parameter:         -0.00 
 P2   parameter:         -0.00 
 P3   parameter:         -0.00 
 P4   parameter:         -0.00 
 P5   parameter:          4.60 
 P5P  parameter:          8.43 
 P6   parameter:          0.40 
 P6P  parameter:          0.24 
 P10  parameter:          0.10 
 P10P parameter:          0.10 
 P11  parameter:          7.00 
 P12  parameter:          6.00 
 P13  parameter:         16.00 
 full pseudoknot model.
----------------------------------------------------------------------


	             SS  .......>>>>>...AAAAA<<<<<...aaaaa..
	  HIVRT_II.3-48  UCAAGGAUUCCGUAUGUCCUCGGGAAAAAGGACUA

---------------------------------------------------
34 34 17 16  
tracing WX 9245 
 (W5) SL, trace wx  34 33 9245
---------------------------------------------------
34 33 16 16  
tracing WX 9245 
 (W5) SL, trace wx  34 32 9245
---------------------------------------------------
34 32 16 15  
tracing WX 9245 
 (W5) SL, trace wx  34 31 9245
---------------------------------------------------
34 31 15 15  
tracing WX 9245 
 (W5) SL, trace wx  34 30 9245
---------------------------------------------------
34 30 15 14  
tracing WX 9245 
 (W5) SL, trace wx  34 29 9245
---------------------------------------------------
34 29 14 14  
tracing WX 9245 
 (W5) SL, trace wx  34 28 9245
---------------------------------------------------
34 28 14 13  
tracing WX 9245 
 (W6) SR, trace wx 33 27 9245
---------------------------------------------------
33 27 13 13  
tracing WX 9245 
 (W10.1) trace yhx 25 19 5 5 6572
 (W10.1) trace yhx 33 20 6 5 7783
---------------------------------------------------
33 20 6 5  
tracing YHX 7783 
 (YH5) SLE, trace yhx 33 19 5 5 7983 
---------------------------------------------------
33 19 5 5  
tracing YHX 7983 
 (YH2) SLE, SRE, trace vhx 32 17 4 4 7470 
---------------------------------------------------
32 17 4 4  
tracing VHX  7470 
 (vh2) trace vhx 32 17 1 1 1743 
 (vh2) trace vhx 31 15 3 3 5727 
---------------------------------------------------
31 15 3 3  
tracing VHX  5727 
 (vh2) trace vhx 31 15 1 1 1909 
 (vh2) trace vhx 30 13 2 2 3818 
---------------------------------------------------
30 13 2 2  
tracing VHX  3818 
 (vh2) trace vhx 30 13 1 1 2407 
 (vh2) trace vhx 29 11 1 1 1411 
---------------------------------------------------
29 11 1 1  
tracing VHX  1411 
 (vh1) IS2 (1,1) 29 11 1411 
---------------------------------------------------
30 13 1 1  
tracing VHX  2407 
 (vh1) IS2 (1,1) 30 13 2407 
---------------------------------------------------
31 15 1 1  
tracing VHX  1909 
 (vh1) IS2 (1,1) 31 15 1909 
---------------------------------------------------
32 17 1 1  
tracing VHX  1743 
 (vh1) IS2 (1,1) 32 17 1743 
---------------------------------------------------
25 19 5 5  
tracing YHX 6572 
 (YH2) SLE, SRE, trace vhx 24 17 4 4 6142 
---------------------------------------------------
24 17 4 4  
tracing VHX  6142 
 (vh2) trace vhx 24 17 1 1 913 
 (vh2) trace vhx 23 15 3 3 5229 
---------------------------------------------------
23 15 3 3  
tracing VHX  5229 
 (vh2) trace vhx 23 15 1 1 1162 
 (vh2) trace vhx 22 13 2 2 4067 
---------------------------------------------------
22 13 2 2  
tracing VHX  4067 
 (vh2) trace vhx 22 13 1 1 2407 
 (vh2) trace vhx 21 11 1 1 1660 
---------------------------------------------------
21 11 1 1  
tracing VHX  1660 
 (vh1) IS2 (1,1) 21 11 1660 
---------------------------------------------------
22 13 1 1  
tracing VHX  2407 
 (vh1) IS2 (1,1) 22 13 2407 
---------------------------------------------------
23 15 1 1  
tracing VHX  1162 
 (vh1) IS2 (1,1) 23 15 1162 
---------------------------------------------------
24 17 1 1  
tracing VHX  913 
 (vh1) IS2 (1,1) 24 17 913 
NAM  HIVRT_II.3-48
SRC  HIVRT_II.3-48 - 0..34::35
SEQ  +SS
       1 U   C   A   A   G   G   A   U   U   C   C   G   U   A   U   G   U   C   C   U
         0   1   2   3   4   5   6   7   8   9   10  11  12  13  14  15  16  17  18  19  
         .   .   .   .   .   .   .   24  23  22  21  20  .   .   .   32  31  30  29  28  

      21 C   G   G   G   A   A   A   A   A   G   G   A   C   U   A
         20  21  22  23  24  25  26  27  28  29  30  31  32  33  34  
         11  10  9   8   7   .   .   .   19  18  17  16  15  .   .   

true pairs 10.0	 found pairs 10.0	 agree 10.0 (sen=100.00 spe=100.00 -- C_ap = 100.00)
----------------------------------------------------------------------
   Log odds score:        9245 
energy (kcal/mol):       -9.24 
number of pairs found:      10.00 
number of pairs annotated:  10.00 
----------------------------------------------------------------------
Allow pseudoknots? YES
----------------------------------------------------------------------
Parameters (energy units, kcal/mol)
 wkn  parameter:          0.83 (pseudoknots weight)
 P1   parameter:         -0.00 
 P2   parameter:         -0.00 
 P3   parameter:         -0.00 
 P4   parameter:         -0.00 
 P5   parameter:          4.60 
 P5P  parameter:          8.43 
 P6   parameter:          0.40 
 P6P  parameter:          0.24 
 P10  parameter:          0.10 
 P10P parameter:          0.10 
 P11  parameter:          7.00 
 P12  parameter:          6.00 
 P13  parameter:         16.00 
 full pseudoknot model.
----------------------------------------------------------------------


	             SS  .......>>>>>..AAAAAA<<<<<...aaaaaa.
	  HIVRT_II.3-59  UCAAGAGUUCCGAAAGGUAACGGGAAAAUUACCUA

---------------------------------------------------
34 34 17 16  
tracing WX 9230 
 (W5) SL, trace wx  34 33 9230
---------------------------------------------------
34 33 16 16  
tracing WX 9230 
 (W5) SL, trace wx  34 32 9230
---------------------------------------------------
34 32 16 15  
tracing WX 9230 
 (W5) SL, trace wx  34 31 9230
---------------------------------------------------
34 31 15 15  
tracing WX 9230 
 (W5) SL, trace wx  34 30 9230
---------------------------------------------------
34 30 15 14  
tracing WX 9230 
 (W5) SL, trace wx  34 29 9230
---------------------------------------------------
34 29 14 14  
tracing WX 9230 
 (W5) SL, trace wx  34 28 9230
---------------------------------------------------
34 28 14 13  
tracing WX 9230 
 (W5) SL, trace wx  34 27 9230
---------------------------------------------------
34 27 13 13  
tracing WX 9230 
 (W10.1) trace yhx 25 18 4 5 6523
 (W10.1) trace yhx 34 21 6 6 7568
---------------------------------------------------
34 21 6 6  
tracing YHX 7568 
 (YH2) SLE, SRE, trace vhx 33 19 5 5 7221 
---------------------------------------------------
33 19 5 5  
tracing VHX  7221 
 (vh2) trace vhx 33 19 1 1 1411 
 (vh2) trace vhx 32 17 4 4 5810 
---------------------------------------------------
32 17 4 4  
tracing VHX  5810 
 (vh2) trace vhx 32 17 1 1 2407 
 (vh2) trace vhx 31 15 3 3 3403 
---------------------------------------------------
31 15 3 3  
tracing VHX  3403 
 (vh2) trace vhx 31 15 1 1 1743 
 (vh2) trace vhx 30 13 2 2 1660 
---------------------------------------------------
30 13 2 2  
tracing VHX  1660 
 (vh2) trace vhx 30 13 1 1 913 
 (vh2) trace vhx 29 11 1 1 747 
---------------------------------------------------
29 11 1 1  
tracing VHX  747 
 (vh1) IS2 (1,1) 29 11 747 
---------------------------------------------------
30 13 1 1  
tracing VHX  913 
 (vh1) IS2 (1,1) 30 13 913 
---------------------------------------------------
31 15 1 1  
tracing VHX  1743 
 (vh1) IS2 (1,1) 31 15 1743 
---------------------------------------------------
32 17 1 1  
tracing VHX  2407 
 (vh1) IS2 (1,1) 32 17 2407 
---------------------------------------------------
33 19 1 1  
tracing VHX  1411 
 (vh1) IS2 (1,1) 33 19 1411 
---------------------------------------------------
25 18 4 5  
tracing YHX 6523 
 (YH4) SRE, trace vhx 24 17 4 4 6142 
---------------------------------------------------
24 17 4 4  
tracing VHX  6142 
 (vh2) trace vhx 24 17 1 1 913 
 (vh2) trace vhx 23 15 3 3 5229 
---------------------------------------------------
23 15 3 3  
tracing VHX  5229 
 (vh2) trace vhx 23 15 1 1 1162 
 (vh2) trace vhx 22 13 2 2 4067 
---------------------------------------------------
22 13 2 2  
tracing VHX  4067 
 (vh2) trace vhx 22 13 1 1 2407 
 (vh2) trace vhx 21 11 1 1 1660 
---------------------------------------------------
21 11 1 1  
tracing VHX  1660 
 (vh1) IS2 (1,1) 21 11 1660 
---------------------------------------------------
22 13 1 1  
tracing VHX  2407 
 (vh1) IS2 (1,1) 22 13 2407 
---------------------------------------------------
23 15 1 1  
tracing VHX  1162 
 (vh1) IS2 (1,1) 23 15 1162 
---------------------------------------------------
24 17 1 1  
tracing VHX  913 
 (vh1) IS2 (1,1) 24 17 913 
NAM  HIVRT_II.3-59
SRC  HIVRT_II.3-59 - 0..34::35
SEQ  +SS
       1 U   C   A   A   G   A   G   U   U   C   C   G   A   A   A   G   G   U   A   A
         0   1   2   3   4   5   6   7   8   9   10  11  12  13  14  15  16  17  18  19  
         .   .   .   .   .   .   .   24  23  22  21  20  .   .   33  32  31  30  29  28  

      21 C   G   G   G   A   A   A   A   U   U   A   C   C   U   A
         20  21  22  23  24  25  26  27  28  29  30  31  32  33  34  
         11  10  9   8   7   .   .   .   19  18  17  16  15  14  .   

true pairs 11.0	 found pairs 11.0	 agree 11.0 (sen=100.00 spe=100.00 -- C_ap = 100.00)
----------------------------------------------------------------------
   Log odds score:        9230 
energy (kcal/mol):       -9.23 
number of pairs found:      11.00 
number of pairs annotated:  11.00 
----------------------------------------------------------------------
Allow pseudoknots? YES
----------------------------------------------------------------------
Parameters (energy units, kcal/mol)
 wkn  parameter:          0.83 (pseudoknots weight)
 P1   parameter:         -0.00 
 P2   parameter:         -0.00 
 P3   parameter:         -0.00 
 P4   parameter:         -0.00 
 P5   parameter:          4.60 
 P5P  parameter:          8.43 
 P6   parameter:          0.40 
 P6P  parameter:          0.24 
 P10  parameter:          0.10 
 P10P parameter:          0.10 
 P11  parameter:          7.00 
 P12  parameter:          6.00 
 P13  parameter:         16.00 
 full pseudoknot model.
----------------------------------------------------------------------


	             SS  .......>>>>>.AAAAA..<<<<<.....aaaaa
	  HIVRT_II.3-12  UCAAGUAUUCCGAUAGUCAACGGGAAAAGCGACUA

---------------------------------------------------
34 34 17 16  
tracing WX 5906 
 (W5) SL, trace wx  34 33 5906
---------------------------------------------------
34 33 16 16  
tracing WX 5906 
 (W5) SL, trace wx  34 32 5906
---------------------------------------------------
34 32 16 15  
tracing WX 5906 
 (W5) SL, trace wx  34 31 5906
---------------------------------------------------
34 31 15 15  
tracing WX 5906 
 (W5) SL, trace wx  34 30 5906
---------------------------------------------------
34 30 15 14  
tracing WX 5906 
 (W5) SL, trace wx  34 29 5906
---------------------------------------------------
34 29 14 14  
tracing WX 5906 
 (W5) SL, trace wx  34 28 5906
---------------------------------------------------
34 28 14 13  
tracing WX 5906 
 (W9) trace whx 26 20 6 7 7466
 (W9) trace whx 34 20 4 5 6040
---------------------------------------------------
34 20 4 5  
tracing whx 6040 
 (WH1.9) SRI, SLI, SRE, trace vhx 33 19 3 3 5063 
---------------------------------------------------
33 19 3 3  
tracing VHX  5063 
 (vh2) trace vhx 33 19 1 1 1411 
 (vh2) trace vhx 32 17 2 2 3652 
---------------------------------------------------
32 17 2 2  
tracing VHX  3652 
 (vh2) trace vhx 32 17 1 1 1743 
 (vh2) trace vhx 31 15 1 1 1909 
---------------------------------------------------
31 15 1 1  
tracing VHX  1909 
 (vh1) IS2 (1,1) 31 15 1909 
---------------------------------------------------
32 17 1 1  
tracing VHX  1743 
 (vh1) IS2 (1,1) 32 17 1743 
---------------------------------------------------
33 19 1 1  
tracing VHX  1411 
 (vh1) IS2 (1,1) 33 19 1411 
---------------------------------------------------
26 20 6 7  
tracing whx 7466 
 (W43.2) SRI, SLI, trace yhx 26 20 5 6 6372 
---------------------------------------------------
26 20 5 6  
tracing YHX 6372 
 (YH6) SRE, trace yhx 25 19 5 5 6572 
---------------------------------------------------
25 19 5 5  
tracing YHX 6572 
 (YH2) SLE, SRE, trace vhx 24 17 4 4 6142 
---------------------------------------------------
24 17 4 4  
tracing VHX  6142 
 (vh2) trace vhx 24 17 1 1 913 
 (vh2) trace vhx 23 15 3 3 5229 
---------------------------------------------------
23 15 3 3  
tracing VHX  5229 
 (vh2) trace vhx 23 15 1 1 1162 
 (vh2) trace vhx 22 13 2 2 4067 
---------------------------------------------------
22 13 2 2  
tracing VHX  4067 
 (vh2) trace vhx 22 13 1 1 2407 
 (vh2) trace vhx 21 11 1 1 1660 
---------------------------------------------------
21 11 1 1  
tracing VHX  1660 
 (vh1) IS2 (1,1) 21 11 1660 
---------------------------------------------------
22 13 1 1  
tracing VHX  2407 
 (vh1) IS2 (1,1) 22 13 2407 
---------------------------------------------------
23 15 1 1  
tracing VHX  1162 
 (vh1) IS2 (1,1) 23 15 1162 
---------------------------------------------------
24 17 1 1  
tracing VHX  913 
 (vh1) IS2 (1,1) 24 17 913 
NAM  HIVRT_II.3-12
SRC  HIVRT_II.3-12 - 0..34::35
SEQ  +SS
       1 U   C   A   A   G   U   A   U   U   C   C   G   A   U   A   G   U   C   A   A
         0   1   2   3   4   5   6   7   8   9   10  11  12  13  14  15  16  17  18  19  
         .   .   .   .   .   .   .   24  23  22  21  20  .   .   33  32  31  30  .   .   

      21 C   G   G   G   A   A   A   A   G   C   G   A   C   U   A
         20  21  22  23  24  25  26  27  28  29  30  31  32  33  34  
         11  10  9   8   7   .   .   .   .   .   17  16  15  14  .   

true pairs 10.0	 found pairs 9.0	 agree 9.0 (sen=90.00 spe=100.00 -- C_ap = 94.87)
----------------------------------------------------------------------
   Log odds score:        5906 
energy (kcal/mol):       -5.91 
number of pairs found:      9.00 
number of pairs annotated:  10.00 
----------------------------------------------------------------------
Allow pseudoknots? YES
----------------------------------------------------------------------
Parameters (energy units, kcal/mol)
 wkn  parameter:          0.83 (pseudoknots weight)
 P1   parameter:         -0.00 
 P2   parameter:         -0.00 
 P3   parameter:         -0.00 
 P4   parameter:         -0.00 
 P5   parameter:          4.60 
 P5P  parameter:          8.43 
 P6   parameter:          0.40 
 P6P  parameter:          0.24 
 P10  parameter:          0.10 
 P10P parameter:          0.10 
 P11  parameter:          7.00 
 P12  parameter:          6.00 
 P13  parameter:         16.00 
 full pseudoknot model.
----------------------------------------------------------------------


	             SS  .......>>>>>...AAA..<<<<<.....aaa..
	  HIVRT_II.3-11  UCAAGAAUUCCGUAUGUGAUCGGGAAAAACCACUA

---------------------------------------------------
34 34 17 16  
tracing WX 4348 
 (W5) SL, trace wx  34 33 4348
---------------------------------------------------
34 33 16 16  
tracing WX 4348 
 (W5) SL, trace wx  34 32 4348
---------------------------------------------------
34 32 16 15  
tracing WX 4348 
 (W5) SL, trace wx  34 31 4348
---------------------------------------------------
34 31 15 15  
tracing WX 4348 
 (W5) SL, trace wx  34 30 4348
---------------------------------------------------
34 30 15 14  
tracing WX 4348 
 (W5) SL, trace wx  34 29 4348
---------------------------------------------------
34 29 14 14  
tracing WX 4348 
 (W5) SL, trace wx  34 28 4348
---------------------------------------------------
34 28 14 13  
tracing WX 4348 
 (W6) SR, trace wx 33 27 4348
---------------------------------------------------
33 27 13 13  
tracing WX 4348 
 (W10.1) trace yhx 25 19 5 5 6572
 (W10.1) trace yhx 33 20 6 5 2886
---------------------------------------------------
33 20 6 5  
tracing YHX 2886 
 (YH5) SLE, trace yhx 33 19 5 5 3086 
---------------------------------------------------
33 19 5 5  
tracing YHX 3086 
 (YH2) SLE, SRE, trace vhx 32 17 4 4 2573 
---------------------------------------------------
32 17 4 4  
tracing VHX  2573 
 (vh2) trace vhx 32 17 1 1 1743 
 (vh2) trace vhx 31 15 3 3 830 
---------------------------------------------------
31 15 3 3  
tracing VHX  830 
 (vh2) trace vhx 31 15 1 1 1494 
 (vh2) trace vhx 30 13 2 2 -664 
---------------------------------------------------
30 13 2 2  
tracing VHX  -664 
 (vh1) IS2 (2,2) 30 13 -664 
---------------------------------------------------
31 15 1 1  
tracing VHX  1494 
 (vh1) IS2 (1,1) 31 15 1494 
---------------------------------------------------
32 17 1 1  
tracing VHX  1743 
 (vh1) IS2 (1,1) 32 17 1743 
---------------------------------------------------
25 19 5 5  
tracing YHX 6572 
 (YH2) SLE, SRE, trace vhx 24 17 4 4 6142 
---------------------------------------------------
24 17 4 4  
tracing VHX  6142 
 (vh2) trace vhx 24 17 1 1 913 
 (vh2) trace vhx 23 15 3 3 5229 
---------------------------------------------------
23 15 3 3  
tracing VHX  5229 
 (vh2) trace vhx 23 15 1 1 1162 
 (vh2) trace vhx 22 13 2 2 4067 
---------------------------------------------------
22 13 2 2  
tracing VHX  4067 
 (vh2) trace vhx 22 13 1 1 2407 
 (vh2) trace vhx 21 11 1 1 1660 
---------------------------------------------------
21 11 1 1  
tracing VHX  1660 
 (vh1) IS2 (1,1) 21 11 1660 
---------------------------------------------------
22 13 1 1  
tracing VHX  2407 
 (vh1) IS2 (1,1) 22 13 2407 
---------------------------------------------------
23 15 1 1  
tracing VHX  1162 
 (vh1) IS2 (1,1) 23 15 1162 
---------------------------------------------------
24 17 1 1  
tracing VHX  913 
 (vh1) IS2 (1,1) 24 17 913 
NAM  HIVRT_II.3-11
SRC  HIVRT_II.3-11 - 0..34::35
SEQ  +SS
       1 U   C   A   A   G   A   A   U   U   C   C   G   U   A   U   G   U   G   A   U
         0   1   2   3   4   5   6   7   8   9   10  11  12  13  14  15  16  17  18  19  
         .   .   .   .   .   .   .   24  23  22  21  20  .   .   .   32  31  30  .   28  

      21 C   G   G   G   A   A   A   A   A   C   C   A   C   U   A
         20  21  22  23  24  25  26  27  28  29  30  31  32  33  34  
         11  10  9   8   7   .   .   .   19  .   17  16  15  .   .   

true pairs 8.0	 found pairs 9.0	 agree 8.0 (sen=100.00 spe=88.89 -- C_ap = 94.28)
----------------------------------------------------------------------
   Log odds score:        4348 
energy (kcal/mol):       -4.35 
number of pairs found:      9.00 
number of pairs annotated:  8.00 
----------------------------------------------------------------------
Allow pseudoknots? YES
----------------------------------------------------------------------
Parameters (energy units, kcal/mol)
 wkn  parameter:          0.83 (pseudoknots weight)
 P1   parameter:         -0.00 
 P2   parameter:         -0.00 
 P3   parameter:         -0.00 
 P4   parameter:         -0.00 
 P5   parameter:          4.60 
 P5P  parameter:          8.43 
 P6   parameter:          0.40 
 P6P  parameter:          0.24 
 P10  parameter:          0.10 
 P10P parameter:          0.10 
 P11  parameter:          7.00 
 P12  parameter:          6.00 
 P13  parameter:         16.00 
 full pseudoknot model.
----------------------------------------------------------------------


	             SS  .......>>>>>....AAA.<<<<<....aaa...
	  HIVRT_II.3-17  UCAAGGAUUCCGAUGUACAACGGGAAAACUGUCUA

---------------------------------------------------
34 34 17 16  
tracing WX 5300 
 (W5) SL, trace wx  34 33 5300
---------------------------------------------------
34 33 16 16  
tracing WX 5300 
 (W5) SL, trace wx  34 32 5300
---------------------------------------------------
34 32 16 15  
tracing WX 5300 
 (W2) SR SL, trace vx 33 30 4300
---------------------------------------------------
33 30 15 14  
tracing VX  4300   
 (v2) IS2 (1,1) 1700
 trace vx 32 28 2600
---------------------------------------------------
32 28 14 13  
tracing VX  2600   
 (v2) IS2 (1,1) 1400
 trace vx 31 26 1200
---------------------------------------------------
31 26 13 12  
tracing VX  1200   
 (v2) IS2 (2,7) -2200
 trace vx 24 17 3400
---------------------------------------------------
24 17 8 8  
tracing VX  3400   
 (v2) IS2 (1,1) 1100
 trace vx 23 15 2300
---------------------------------------------------
23 15 7 7  
tracing VX  2300   
 (v2) IS2 (1,1) 1400
 trace vx 22 13 900
---------------------------------------------------
22 13 6 6  
tracing VX  900   
 (v2) IS2 (1,1) 2900
 trace vx 21 11 -2000
---------------------------------------------------
21 11 5 5  
tracing VX  -2000   
 (v2) IS2 (1,1) 2000
 trace vx 20 9 -4000
---------------------------------------------------
20 9 4 4  
tracing VX  -4000   
 (v1) hairpin 9, -4000 
NAM  HIVRT_II.3-17
SRC  HIVRT_II.3-17 - 0..34::35
SEQ  +SS
       1 U   C   A   A   G   G   A   U   U   C   C   G   A   U   G   U   A   C   A   A
         0   1   2   3   4   5   6   7   8   9   10  11  12  13  14  15  16  17  18  19  
         .   .   .   33  32  31  .   24  23  22  21  20  .   .   .   .   .   .   .   .   

      21 C   G   G   G   A   A   A   A   C   U   G   U   C   U   A
         20  21  22  23  24  25  26  27  28  29  30  31  32  33  34  
         11  10  9   8   7   .   .   .   .   .   .   5   4   3   .   

true pairs 8.0	 found pairs 8.0	 agree 5.0 (sen=62.50 spe=62.50 -- C_ap = 62.50)
----------------------------------------------------------------------
   Log odds score:        5300 
energy (kcal/mol):       -5.30 
number of pairs found:      8.00 
number of pairs annotated:  8.00 
----------------------------------------------------------------------
Allow pseudoknots? YES
----------------------------------------------------------------------
Parameters (energy units, kcal/mol)
 wkn  parameter:          0.83 (pseudoknots weight)
 P1   parameter:         -0.00 
 P2   parameter:         -0.00 
 P3   parameter:         -0.00 
 P4   parameter:         -0.00 
 P5   parameter:          4.60 
 P5P  parameter:          8.43 
 P6   parameter:          0.40 
 P6P  parameter:          0.24 
 P10  parameter:          0.10 
 P10P parameter:          0.10 
 P11  parameter:          7.00 
 P12  parameter:          6.00 
 P13  parameter:         16.00 
 full pseudoknot model.
----------------------------------------------------------------------
