PKNOTS: optimal minimum-energy RNA folding with pseudoknots and coaxial energies
        PKNOTS 1.04 (Fri Jul  9 14:23:04 CDT 2004) using squid 1.5m (Sept 1997)
---------------------------------------------------
Folding sequences from:  /home/elena/pknots/pknots-1.04/Demos/TMVdown.sqd 
---------------------------------------------------



	             SS  .>>>>>>....DDDD>>>>.....>>>>>>>>>...<<<<<<<<<<<<<<
	        TMVdown  UGUGUCUUGGAUCGCGCGGGUCAAAUGUAUAUGGUUCAUAUACAUCCGCA

	             SS  <<<<<........dddd>>>>.......<<<<>>>...EEEE<<<..eee
	        TMVdown  GGCACGUAAUAAAGCGAGGGGUUCGAAUCCCCCCGUUACCCCCGGUAGGG

	             SS  e....
	        TMVdown  GCCCA

---------------------------------------------------
104 104 52 51  
tracing WX 32800 
 (W5) SL, trace wx  104 103 32800
---------------------------------------------------
104 103 51 51  
tracing WX 32800 
 (W6) SR, trace wx 103 102 32800
---------------------------------------------------
103 102 51 50  
tracing WX 32800 
 (W6) SR, trace wx 102 101 32800
---------------------------------------------------
102 101 50 50  
tracing WX 32800 
 (W6) SR, trace wx 101 100 32800
---------------------------------------------------
101 100 50 49  
tracing WX 32800 
 (W6) SR, trace wx 100 99 32800
---------------------------------------------------
100 99 49 49  
tracing WX 32800 
 (W8.1) trace vx 88 87 23000
 (W8.1) trace vx 100 11 5900
---------------------------------------------------
100 11 5 5  
tracing VX  5900   
 (v2) IS2 (1,1) 2900
 trace vx 99 9 3000
---------------------------------------------------
99 9 4 4  
tracing VX  3000   
 (v2) IS2 (1,1) 2900
 trace vx 98 7 100
---------------------------------------------------
98 7 3 3  
tracing VX  100   
 (v2) IS2 (1,1) 2900
 trace vx 97 5 -2800
---------------------------------------------------
97 5 2 2  
tracing VX  -2800   
 (v1) hairpin 5, -2800 
---------------------------------------------------
88 87 43 43  
tracing VX  23000   
 (v2) IS2 (1,1) 2100
 trace vx 87 85 20900
---------------------------------------------------
87 85 42 42  
tracing VX  20900   
 (v2) IS2 (1,1) 800
 trace vx 86 83 20100
---------------------------------------------------
86 83 41 41  
tracing VX  20100   
 (v2) IS2 (4,2) 100
 trace vx 84 77 20000
---------------------------------------------------
84 77 38 38  
tracing VX  20000   
 (v2) IS2 (1,1) 1200
 trace vx 83 75 18800
---------------------------------------------------
83 75 37 37  
tracing VX  18800   
 (v2) IS2 (1,1) 2900
 trace vx 82 73 15900
---------------------------------------------------
82 73 36 36  
tracing VX  15900   
 (v5_2) multiloop wbx 66 55 12700
 (v5_2) multiloop vx  81 14 4400
---------------------------------------------------
81 14 7 6  
tracing VX  4400   
 (v2) IS2 (1,1) 2900
 trace vx 80 12 1500
---------------------------------------------------
80 12 6 5  
tracing VX  1500   
 (v2) IS2 (1,1) 2900
 trace vx 79 10 -1400
---------------------------------------------------
79 10 5 4  
tracing VX  -1400   
 (v2) IS2 (1,1) 2900
 trace vx 78 8 -4300
---------------------------------------------------
78 8 4 3  
tracing VX  -4300   
 (v1) hairpin 8, -4300 
---------------------------------------------------
66 55 27 27  
tracing WBX 12700 
 (WB5) SL, trace wbx  66 54 13100
---------------------------------------------------
66 54 27 26  
tracing WBX 13100 
 (WB8.8) dangle i, trace vx 52 39 9600
 (WB8.8) dangle j, trace vx 65 11 600
---------------------------------------------------
65 11 5 5  
tracing VX  600   
 (v2) IS2 (1,1) 2000
 trace vx 64 9 -1400
---------------------------------------------------
64 9 4 4  
tracing VX  -1400   
 (v2) IS2 (1,1) 2100
 trace vx 63 7 -3500
---------------------------------------------------
63 7 3 3  
tracing VX  -3500   
 (v1) hairpin 7, -3500 
---------------------------------------------------
52 39 19 19  
tracing VX  9600   
 (v2) IS2 (1,1) 3400
 trace vx 51 37 6200
---------------------------------------------------
51 37 18 18  
tracing VX  6200   
 (v2) IS2 (1,3) -3100
 trace vx 48 33 9300
---------------------------------------------------
48 33 16 16  
tracing VX  9300   
 (v2) IS2 (1,1) 3400
 trace vx 47 31 5900
---------------------------------------------------
47 31 15 15  
tracing VX  5900   
 (v2) IS2 (1,1) 2000
 trace vx 46 29 3900
---------------------------------------------------
46 29 14 14  
tracing VX  3900   
 (v2) IS2 (1,1) 2900
 trace vx 45 27 1000
---------------------------------------------------
45 27 13 13  
tracing VX  1000   
 (v2) IS2 (1,1) 1400
 trace vx 44 25 -400
---------------------------------------------------
44 25 12 12  
tracing VX  -400   
 (v2) IS2 (6,1) -4800
 trace vx 43 18 4400
---------------------------------------------------
43 18 9 8  
tracing VX  4400   
 (v2) IS2 (1,1) 1800
 trace vx 42 16 2600
---------------------------------------------------
42 16 8 7  
tracing VX  2600   
 (v2) IS2 (1,1) 2100
 trace vx 41 14 500
---------------------------------------------------
41 14 7 6  
tracing VX  500   
 (v2) IS2 (1,1) 1100
 trace vx 40 12 -600
---------------------------------------------------
40 12 6 5  
tracing VX  -600   
 (v2) IS2 (1,1) 900
 trace vx 39 10 -1500
---------------------------------------------------
39 10 5 4  
tracing VX  -1500   
 (v2) IS2 (1,1) 1100
 trace vx 38 8 -2600
---------------------------------------------------
38 8 4 3  
tracing VX  -2600   
 (v2) IS2 (1,1) 900
 trace vx 37 6 -3500
---------------------------------------------------
37 6 3 2  
tracing VX  -3500   
 (v1) hairpin 6, -3500 
NAM  TMVdown
SRC  TMV - 0..104::105
SEQ  +SS
       1 U   G   U   G   U   C   U   U   G   G   A   U   C   G   C   G   C   G   G   G
         0   1   2   3   4   5   6   7   8   9   10  11  12  13  14  15  16  17  18  19  
         .   88  87  86  .   .   .   84  83  82  .   .   .   52  51  48  47  46  45  44  

      21 U   C   A   A   A   U   G   U   A   U   A   U   G   G   U   U   C   A   U   A
         20  21  22  23  24  25  26  27  28  29  30  31  32  33  34  35  36  37  38  39  
         .   .   .   .   .   43  42  41  40  39  38  37  .   .   .   .   .   31  30  29  

      41 U   A   C   A   U   C   C   G   C   A   G   G   C   A   C   G   U   A   A   U
         40  41  42  43  44  45  46  47  48  49  50  51  52  53  54  55  56  57  58  59  
         28  27  26  25  19  18  17  16  15  .   .   14  13  .   65  64  63  .   .   .   

      61 A   A   A   G   C   G   A   G   G   G   G   U   U   C   G   A   A   U   C   C
         60  61  62  63  64  65  66  67  68  69  70  71  72  73  74  75  76  77  78  79  
         .   .   .   56  55  54  .   81  80  79  78  .   .   .   .   .   .   .   70  69  

      81 C   C   C   C   G   U   U   A   C   C   C   C   C   G   G   U   A   G   G   G
         80  81  82  83  84  85  86  87  88  89  90  91  92  93  94  95  96  97  98  99  
         68  67  9   8   7   .   3   2   1   100 99  98  97  .   .   .   .   92  91  90  

     101 G   C   C   C   A
         100 101 102 103 104 
         89  .   .   .   .   

true pairs 34.0	 found pairs 31.0	 agree 15.0 (sen=44.12 spe=48.39 -- C_ap = 46.20)
----------------------------------------------------------------------
   Log odds score:       32800 
energy (kcal/mol):      -32.80 
number of pairs found:      31.00 
number of pairs annotated:  34.00 
----------------------------------------------------------------------
Allow pseudoknots? YES
----------------------------------------------------------------------
Parameters (energy units, kcal/mol)
 wkn  parameter:          0.83 (pseudoknots weight)
 P1   parameter:         -0.00 
 P2   parameter:         -0.00 
 P3   parameter:         -0.00 
 P4   parameter:         -0.00 
 P5   parameter:          4.60 
 P5P  parameter:          8.43 
 P6   parameter:          0.40 
 P6P  parameter:          0.24 
 P10  parameter:          0.10 
 P10P parameter:          0.10 
 P11  parameter:          7.00 
 P12  parameter:          6.00 
 P13  parameter:         16.00 
 full pseudoknot model.
----------------------------------------------------------------------
