PKNOTS: optimal minimum-energy RNA folding with pseudoknots and coaxial energies
        PKNOTS 1.04 (Fri Jul  9 14:23:04 CDT 2004) using squid 1.5m (Sept 1997)
---------------------------------------------------
Folding sequences from:  /home/elena/pknots/pknots-1.04/Demos/TMVup.sqd 
---------------------------------------------------



	             SS  ............>>>.AAAA<<<.....aaaaBBB.>>>>>>bbb...<<
	          TMVup  AUAAUAAAUAACGGAUUGUGUCCGUAAUCACACGUGGUGCGUACGAUAAC

	             SS  <<<<CCCC.....>>>>>cccc......<.<<<<
	          TMVup  GCAUAGUGUUUUUCCCUCCACUUAAAUCGAAGGG

---------------------------------------------------
83 83 41 41  
tracing WX 24400 
 (W5) SL, trace wx  83 82 24400
---------------------------------------------------
83 82 41 40  
tracing WX 24400 
 (W5) SL, trace wx  83 81 24400
---------------------------------------------------
83 81 40 40  
tracing WX 24400 
 (W5) SL, trace wx  83 80 24400
---------------------------------------------------
83 80 40 39  
tracing WX 24400 
 (W5) SL, trace wx  83 79 24400
---------------------------------------------------
83 79 39 39  
tracing WX 24400 
 (W5) SL, trace wx  83 78 24400
---------------------------------------------------
83 78 39 38  
tracing WX 24400 
 (W5) SL, trace wx  83 77 24400
---------------------------------------------------
83 77 38 38  
tracing WX 24400 
 (W5) SL, trace wx  83 76 24400
---------------------------------------------------
83 76 38 37  
tracing WX 24400 
 (W5) SL, trace wx  83 75 24400
---------------------------------------------------
83 75 37 37  
tracing WX 24400 
 (W5) SL, trace wx  83 74 24400
---------------------------------------------------
83 74 37 36  
tracing WX 24400 
 (W7) trace wx  24 15 6000
 (W7) trace wx  83 58 18400
---------------------------------------------------
83 58 29 28  
tracing WX 18400 
 (W8.1) trace vx 62 37 11600
 (W8.1) trace vx 83 20 3500
---------------------------------------------------
83 20 10 9  
tracing VX  3500   
 (v2) IS2 (1,1) 2900
 trace vx 82 18 600
---------------------------------------------------
82 18 9 8  
tracing VX  600   
 (v2) IS2 (1,1) 2900
 trace vx 81 16 -2300
---------------------------------------------------
81 16 8 7  
tracing VX  -2300   
 (v2) IS2 (1,1) 1700
 trace vx 80 14 -4000
---------------------------------------------------
80 14 7 6  
tracing VX  -4000   
 (v2) IS2 (2,2) -800
 trace vx 78 10 -3200
---------------------------------------------------
78 10 5 4  
tracing VX  -3200   
 (v1) hairpin 10, -3200 
---------------------------------------------------
62 37 18 18  
tracing VX  11600   
 (v2) IS2 (1,1) 900
 trace vx 61 35 10700
---------------------------------------------------
61 35 17 17  
tracing VX  10700   
 (v2) IS2 (3,3) -1900
 trace vx 58 29 12600
---------------------------------------------------
58 29 14 14  
tracing VX  12600   
 (v2) IS2 (1,1) 2100
 trace vx 57 27 10500
---------------------------------------------------
57 27 13 13  
tracing VX  10500   
 (v2) IS2 (1,1) 1800
 trace vx 56 25 8700
---------------------------------------------------
56 25 12 12  
tracing VX  8700   
 (v2) IS2 (1,1) 2100
 trace vx 55 23 6600
---------------------------------------------------
55 23 11 11  
tracing VX  6600   
 (v2) IS2 (4,2) 0
 trace vx 53 17 6600
---------------------------------------------------
53 17 8 8  
tracing VX  6600   
 (v2) IS2 (1,1) 1000
 trace vx 52 15 5600
---------------------------------------------------
52 15 7 7  
tracing VX  5600   
 (v2) IS2 (1,1) 1800
 trace vx 51 13 3800
---------------------------------------------------
51 13 6 6  
tracing VX  3800   
 (v2) IS2 (1,1) 3400
 trace vx 50 11 400
---------------------------------------------------
50 11 5 5  
tracing VX  400   
 (v2) IS2 (1,1) 2000
 trace vx 49 9 -1600
---------------------------------------------------
49 9 4 4  
tracing VX  -1600   
 (v2) IS2 (1,1) 2100
 trace vx 48 7 -3700
---------------------------------------------------
48 7 3 3  
tracing VX  -3700   
 (v1) hairpin 7, -3700 
---------------------------------------------------
24 15 7 7  
tracing WX 6000 
 (W3) SL, trace vx  24 14 5700
---------------------------------------------------
24 14 7 6  
tracing VX  5700   
 (v2) IS2 (1,1) 2100
 trace vx 23 12 3600
---------------------------------------------------
23 12 6 5  
tracing VX  3600   
 (v2) IS2 (1,1) 2000
 trace vx 22 10 1600
---------------------------------------------------
22 10 5 4  
tracing VX  1600   
 (v2) IS2 (1,1) 2900
 trace vx 21 8 -1300
---------------------------------------------------
21 8 4 3  
tracing VX  -1300   
 (v2) IS2 (1,1) 2300
 trace vx 20 6 -3600
---------------------------------------------------
20 6 3 2  
tracing VX  -3600   
 (v1) hairpin 6, -3600 
NAM  TMVup
SRC  TMVup - 0..83::84
SEQ  +SS
       1 A   U   A   A   U   A   A   A   U   A   A   C   G   G   A   U   U   G   U   G
         0   1   2   3   4   5   6   7   8   9   10  11  12  13  14  15  16  17  18  19  
         .   .   .   .   .   .   .   .   .   .   24  23  22  21  20  .   .   .   .   .   

      21 U   C   C   G   U   A   A   U   C   A   C   A   C   G   U   G   G   U   G   C
         20  21  22  23  24  25  26  27  28  29  30  31  32  33  34  35  36  37  38  39  
         14  13  12  11  10  62  61  .   .   58  57  56  55  .   .   .   53  52  51  50  

      41 G   U   A   C   G   A   U   A   A   C   G   C   A   U   A   G   U   G   U   U
         40  41  42  43  44  45  46  47  48  49  50  51  52  53  54  55  56  57  58  59  
         49  48  .   .   .   .   .   .   41  40  39  38  37  36  .   32  31  30  29  .   

      61 U   U   U   C   C   C   U   C   C   A   C   U   U   A   A   A   U   C   G   A
         60  61  62  63  64  65  66  67  68  69  70  71  72  73  74  75  76  77  78  79  
         .   26  25  83  82  81  80  .   78  .   .   .   .   .   .   .   .   .   68  .   

      81 A   G   G   G
         80  81  82  83  
         66  65  64  63  

true pairs 25.0	 found pairs 22.0	 agree 13.0 (sen=52.00 spe=59.09 -- C_ap = 55.43)
----------------------------------------------------------------------
   Log odds score:       24400 
energy (kcal/mol):      -24.40 
number of pairs found:      22.00 
number of pairs annotated:  25.00 
----------------------------------------------------------------------
Allow pseudoknots? YES
----------------------------------------------------------------------
Parameters (energy units, kcal/mol)
 wkn  parameter:          0.83 (pseudoknots weight)
 P1   parameter:         -0.00 
 P2   parameter:         -0.00 
 P3   parameter:         -0.00 
 P4   parameter:         -0.00 
 P5   parameter:          4.60 
 P5P  parameter:          8.43 
 P6   parameter:          0.40 
 P6P  parameter:          0.24 
 P10  parameter:          0.10 
 P10P parameter:          0.10 
 P11  parameter:          7.00 
 P12  parameter:          6.00 
 P13  parameter:         16.00 
 full pseudoknot model.
----------------------------------------------------------------------
