PKNOTS: optimal minimum-energy RNA folding with pseudoknots and coaxial energies
        PKNOTS 1.04 (Fri Jul  9 14:23:04 CDT 2004) using squid 1.5m (Sept 1997)
---------------------------------------------------
Folding sequences from:  /nfs/wol2/people/elena/RNAs/TYMV-pseudoknot.fa 
---------------------------------------------------

---------------------------------------------------
22 22 11 10  
tracing WX 9000 
 (W5) SL, trace wx  22 21 9000
---------------------------------------------------
22 21 10 10  
tracing WX 9000 
 (W8.1) trace vx 14 13 6400
 (W8.1) trace vx 22 7 -500
---------------------------------------------------
22 7 3 3  
tracing VX  -500   
 (v2) IS2 (1,1) 2300
 trace vx 21 5 -2800
---------------------------------------------------
21 5 2 2  
tracing VX  -2800   
 (v1) hairpin 5, -2800 
---------------------------------------------------
14 13 6 6  
tracing VX  6400   
 (v2) IS2 (1,1) 2900
 trace vx 13 11 3500
---------------------------------------------------
13 11 5 5  
tracing VX  3500   
 (v2) IS2 (1,1) 2900
 trace vx 12 9 600
---------------------------------------------------
12 9 4 4  
tracing VX  600   
 (v2) IS2 (1,1) 1700
 trace vx 11 7 -1100
---------------------------------------------------
11 7 3 3  
tracing VX  -1100   
 (v2) IS2 (1,1) 2300
 trace vx 10 5 -3400
---------------------------------------------------
10 5 2 2  
tracing VX  -3400   
 (v1) hairpin 5, -3400 
NAM  TYMV-pseudoknot
SEQ  +SS
       1 C   C   C   C   U   C   U   U   C   C   G   A   G   G   G   U   C   A   U   C
         0   1   2   3   4   5   6   7   8   9   10  11  12  13  14  15  16  17  18  19  
         .   14  13  12  11  10  .   .   .   .   5   4   3   2   1   22  21  .   .   .   

      21 G   G   A
         20  21  22  
         .   16  15  

----------------------------------------------------------------------
   Log odds score:        9000 
energy (kcal/mol):       -9.00 
number of pairs found:      7.00 
----------------------------------------------------------------------
Allow pseudoknots? YES
----------------------------------------------------------------------
Parameters (energy units, kcal/mol)
 wkn  parameter:          0.83 (pseudoknots weight)
 P1   parameter:         -0.00 
 P2   parameter:         -0.00 
 P3   parameter:         -0.00 
 P4   parameter:         -0.00 
 P5   parameter:          4.60 
 P5P  parameter:          8.43 
 P6   parameter:          0.40 
 P6P  parameter:          0.24 
 P10  parameter:          0.10 
 P10P parameter:          0.10 
 P11  parameter:          7.00 
 P12  parameter:          6.00 
 P13  parameter:         16.00 
 full pseudoknot model.
----------------------------------------------------------------------
