PKNOTS: optimal minimum-energy RNA folding with pseudoknots and coaxial energies
        PKNOTS 1.04 (Fri Jul  9 14:23:04 CDT 2004) using squid 1.5m (Sept 1997)
---------------------------------------------------
Folding sequences from:  /nfs/wol2/people/elena/RNAs/TYMV_short 
---------------------------------------------------



	             SS  ...>>>>.......<<<<AAA....>>>>>aaa...<<<<<....
	           TYMV  AAUCGGGUGCAACUCCCGCCCCUCUUCCGAGGGUCAUCGGAACCA

---------------------------------------------------
44 44 22 21  
tracing WX 14605 
 (W5) SL, trace wx  44 43 14605
---------------------------------------------------
44 43 21 21  
tracing WX 14605 
 (W5) SL, trace wx  44 42 14605
---------------------------------------------------
44 42 21 20  
tracing WX 14605 
 (W5) SL, trace wx  44 41 14605
---------------------------------------------------
44 41 20 20  
tracing WX 14605 
 (W6) SR, trace wx 43 40 14605
---------------------------------------------------
43 40 20 19  
tracing WX 14605 
 (W6) SR, trace wx 42 39 14605
---------------------------------------------------
42 39 19 19  
tracing WX 14605 
 (W10.1) trace yhx 33 30 17 3 11600
 (W10.1) trace yhx 42 20 7 6 8447
---------------------------------------------------
42 20 7 6  
tracing YHX 8447 
 (YH5) SLE, trace yhx 42 19 6 6 8647 
---------------------------------------------------
42 19 6 6  
tracing YHX 8647 
 (YH2) SLE, SRE, trace vhx 41 17 5 5 8632 
---------------------------------------------------
41 17 5 5  
tracing VHX  8632 
 (vh2) trace vhx 41 17 1 1 747 
 (vh2) trace vhx 40 15 4 4 7885 
---------------------------------------------------
40 15 4 4  
tracing VHX  7885 
 (vh2) trace vhx 40 15 1 1 1909 
 (vh2) trace vhx 39 13 3 3 5976 
---------------------------------------------------
39 13 3 3  
tracing VHX  5976 
 (vh2) trace vhx 39 13 1 1 2407 
 (vh2) trace vhx 38 11 2 2 3569 
---------------------------------------------------
38 11 2 2  
tracing VHX  3569 
 (vh2) trace vhx 38 11 1 1 1660 
 (vh2) trace vhx 37 9 1 1 1909 
---------------------------------------------------
37 9 1 1  
tracing VHX  1909 
 (vh1) IS2 (1,1) 37 9 1909 
---------------------------------------------------
38 11 1 1  
tracing VHX  1660 
 (vh1) IS2 (1,1) 38 11 1660 
---------------------------------------------------
39 13 1 1  
tracing VHX  2407 
 (vh1) IS2 (1,1) 39 13 2407 
---------------------------------------------------
40 15 1 1  
tracing VHX  1909 
 (vh1) IS2 (1,1) 40 15 1909 
---------------------------------------------------
41 17 1 1  
tracing VHX  747 
 (vh1) IS2 (1,1) 41 17 747 
---------------------------------------------------
33 30 17 3  
tracing YHX 11600 
 (YH6) SRE, trace yhx 32 29 17 2 11800 
---------------------------------------------------
32 29 17 2  
tracing YHX 11800 
 (YH8.1) EL, trace vx  17 14 3500 
 (YH8.1) EL, trace vhx 32 14 2 2 4814 
---------------------------------------------------
17 14 7 6  
tracing VX  3500   
 (v2) IS2 (1,1) 2000
 trace vx 16 12 1500
---------------------------------------------------
16 12 6 5  
tracing VX  1500   
 (v2) IS2 (1,1) 2900
 trace vx 15 10 -1400
---------------------------------------------------
15 10 5 4  
tracing VX  -1400   
 (v2) IS2 (1,1) 2900
 trace vx 14 8 -4300
---------------------------------------------------
14 8 4 3  
tracing VX  -4300   
 (v1) hairpin 8, -4300 
---------------------------------------------------
32 14 2 2  
tracing VHX  4814 
 (vh2) trace vhx 32 14 1 1 2407 
 (vh2) trace vhx 31 12 1 1 2407 
---------------------------------------------------
31 12 1 1  
tracing VHX  2407 
 (vh1) IS2 (1,1) 31 12 2407 
---------------------------------------------------
32 14 1 1  
tracing VHX  2407 
 (vh1) IS2 (1,1) 32 14 2407 
NAM  TYMV
SRC  TYMV - 0..85::86
SEQ  +SS
       1 A   A   U   C   G   G   G   U   G   C   A   A   C   U   C   C   C   G   C   C
         0   1   2   3   4   5   6   7   8   9   10  11  12  13  14  15  16  17  18  19  
         .   .   .   17  16  15  14  .   .   .   .   .   .   .   6   5   4   3   32  31  

      21 C   C   U   C   U   U   C   C   G   A   G   G   G   U   C   A   U   C   G   G
         20  21  22  23  24  25  26  27  28  29  30  31  32  33  34  35  36  37  38  39  
         30  .   .   .   41  40  39  38  37  36  20  19  18  .   .   .   29  28  27  26  

      41 A   A   C   C   A
         40  41  42  43  44  
         25  24  .   .   .   

true pairs 12.0	 found pairs 13.0	 agree 12.0 (sen=100.00 spe=92.31 -- C_ap = 96.08)
----------------------------------------------------------------------
   Log odds score:       14605 
energy (kcal/mol):      -14.61 
number of pairs found:      13.00 
number of pairs annotated:  12.00 
----------------------------------------------------------------------
Allow pseudoknots? YES
----------------------------------------------------------------------
Parameters (energy units, kcal/mol)
 wkn  parameter:          0.83 (pseudoknots weight)
 P1   parameter:         -0.00 
 P2   parameter:         -0.00 
 P3   parameter:         -0.00 
 P4   parameter:         -0.00 
 P5   parameter:          4.60 
 P5P  parameter:          8.43 
 P6   parameter:          0.40 
 P6P  parameter:          0.24 
 P10  parameter:          0.10 
 P10P parameter:          0.10 
 P11  parameter:          7.00 
 P12  parameter:          6.00 
 P13  parameter:         16.00 
 full pseudoknot model.
----------------------------------------------------------------------
