PKNOTS: optimal minimum-energy RNA folding with pseudoknots and coaxial energies
        PKNOTS 1.04 (Fri Jul  9 14:23:04 CDT 2004) using squid 1.5m (Sept 1997)
---------------------------------------------------
Folding sequences from:  /home/elena/pknots/pknots-1.04/Demos/typeB.sqd 
---------------------------------------------------



	             SS  ...........>>>>..AAAA.<<<<....aaaa.......
	     typeB_2.1b  UCAAGAAUAUAUCCGAACUCGACGGGAUAACGAGAAGAGCU

---------------------------------------------------
40 40 20 19  
tracing WX 7419 
 (W5) SL, trace wx  40 39 7419
---------------------------------------------------
40 39 19 19  
tracing WX 7419 
 (W5) SL, trace wx  40 38 7419
---------------------------------------------------
40 38 19 18  
tracing WX 7419 
 (W5) SL, trace wx  40 37 7419
---------------------------------------------------
40 37 18 18  
tracing WX 7419 
 (W5) SL, trace wx  40 36 7419
---------------------------------------------------
40 36 18 17  
tracing WX 7419 
 (W5) SL, trace wx  40 35 7419
---------------------------------------------------
40 35 17 17  
tracing WX 7419 
 (W5) SL, trace wx  40 34 7419
---------------------------------------------------
40 34 17 16  
tracing WX 7419 
 (W5) SL, trace wx  40 33 7419
---------------------------------------------------
40 33 16 16  
tracing WX 7419 
 (W5) SL, trace wx  40 32 7419
---------------------------------------------------
40 32 16 15  
tracing WX 7419 
 (W5) SL, trace wx  40 31 7419
---------------------------------------------------
40 31 15 15  
tracing WX 7419 
 (W5) SL, trace wx  40 30 7419
---------------------------------------------------
40 30 15 14  
tracing WX 7419 
 (W5) SL, trace wx  40 29 7419
---------------------------------------------------
40 29 14 14  
tracing WX 7419 
 (W6) SR, trace wx 39 28 7419
---------------------------------------------------
39 28 14 13  
tracing WX 7419 
 (W6) SR, trace wx 38 27 7419
---------------------------------------------------
38 27 13 13  
tracing WX 7419 
 (W6) SR, trace wx 37 26 7419
---------------------------------------------------
37 26 13 12  
tracing WX 7419 
 (W6) SR, trace wx 36 25 7419
---------------------------------------------------
36 25 12 12  
tracing WX 7419 
 (W6) SR, trace wx 35 24 7419
---------------------------------------------------
35 24 12 11  
tracing WX 7419 
 (W6) SR, trace wx 34 23 7419
---------------------------------------------------
34 23 11 11  
tracing WX 7419 
 (W10.2) trace yhx 27 16 3 5 5410
 (W10.2) trace yhx 34 18 4 4 5825
---------------------------------------------------
34 18 4 4  
tracing YHX 5825 
 (YH2) SLE, SRE, trace vhx 33 16 3 3 4980 
---------------------------------------------------
33 16 3 3  
tracing VHX  4980 
 (vh2) trace vhx 33 16 1 1 1411 
 (vh2) trace vhx 32 14 2 2 3569 
---------------------------------------------------
32 14 2 2  
tracing VHX  3569 
 (vh2) trace vhx 32 14 1 1 1909 
 (vh2) trace vhx 31 12 1 1 1660 
---------------------------------------------------
31 12 1 1  
tracing VHX  1660 
 (vh1) IS2 (1,1) 31 12 1660 
---------------------------------------------------
32 14 1 1  
tracing VHX  1909 
 (vh1) IS2 (1,1) 32 14 1909 
---------------------------------------------------
33 16 1 1  
tracing VHX  1411 
 (vh1) IS2 (1,1) 33 16 1411 
---------------------------------------------------
27 16 3 5  
tracing YHX 5410 
 (YH6) SRE, trace yhx 26 15 3 4 5610 
---------------------------------------------------
26 15 3 4  
tracing YHX 5610 
 (YH4) SRE, trace vhx 25 14 3 3 5229 
---------------------------------------------------
25 14 3 3  
tracing VHX  5229 
 (vh2) trace vhx 25 14 1 1 1162 
 (vh2) trace vhx 24 12 2 2 4067 
---------------------------------------------------
24 12 2 2  
tracing VHX  4067 
 (vh2) trace vhx 24 12 1 1 2407 
 (vh2) trace vhx 23 10 1 1 1660 
---------------------------------------------------
23 10 1 1  
tracing VHX  1660 
 (vh1) IS2 (1,1) 23 10 1660 
---------------------------------------------------
24 12 1 1  
tracing VHX  2407 
 (vh1) IS2 (1,1) 24 12 2407 
---------------------------------------------------
25 14 1 1  
tracing VHX  1162 
 (vh1) IS2 (1,1) 25 14 1162 
NAM  typeB_2.1b
SRC  typeB_2.1b - 0..40::41
SEQ  +SS
       1 U   C   A   A   G   A   A   U   A   U   A   U   C   C   G   A   A   C   U   C
         0   1   2   3   4   5   6   7   8   9   10  11  12  13  14  15  16  17  18  19  
         .   .   .   .   .   .   .   .   .   .   .   25  24  23  22  .   .   33  32  31  

      21 G   A   C   G   G   G   A   U   A   A   C   G   A   G   A   A   G   A   G   C
         20  21  22  23  24  25  26  27  28  29  30  31  32  33  34  35  36  37  38  39  
         30  .   14  13  12  11  .   .   .   .   20  19  18  17  .   .   .   .   .   .   

      41 U
         40  
         .   

true pairs 8.0	 found pairs 8.0	 agree 8.0 (sen=100.00 spe=100.00 -- C_ap = 100.00)
----------------------------------------------------------------------
   Log odds score:        7419 
energy (kcal/mol):       -7.42 
number of pairs found:      8.00 
number of pairs annotated:  8.00 
----------------------------------------------------------------------
Allow pseudoknots? YES
----------------------------------------------------------------------
Parameters (energy units, kcal/mol)
 wkn  parameter:          0.83 (pseudoknots weight)
 P1   parameter:         -0.00 
 P2   parameter:         -0.00 
 P3   parameter:         -0.00 
 P4   parameter:         -0.00 
 P5   parameter:          4.60 
 P5P  parameter:          8.43 
 P6   parameter:          0.40 
 P6P  parameter:          0.24 
 P10  parameter:          0.10 
 P10P parameter:          0.10 
 P11  parameter:          7.00 
 P12  parameter:          6.00 
 P13  parameter:         16.00 
 full pseudoknot model.
----------------------------------------------------------------------


	             SS  .............>>>>..AAAAA<<<<...aaaaa....
	     typeB_2.10  UCAAGUAAAUGAGUCCGUAGGAGGCGGGAUAUCUCCAACU

---------------------------------------------------
39 39 19 19  
tracing WX 9900 
 (W5) SL, trace wx  39 38 9900
---------------------------------------------------
39 38 19 18  
tracing WX 9900 
 (W5) SL, trace wx  39 37 9900
---------------------------------------------------
39 37 18 18  
tracing WX 9900 
 (W3) SL, trace vx  39 36 9600
---------------------------------------------------
39 36 18 17  
tracing VX  9600   
 (v2) IS2 (1,1) 1700
 trace vx 38 34 7900
---------------------------------------------------
38 34 17 16  
tracing VX  7900   
 (v2) IS2 (1,1) 2100
 trace vx 37 32 5800
---------------------------------------------------
37 32 16 15  
tracing VX  5800   
 (v2) IS2 (5,5) -2500
 trace vx 32 22 8300
---------------------------------------------------
32 22 11 10  
tracing VX  8300   
 (v2) IS2 (1,1) 2300
 trace vx 31 20 6000
---------------------------------------------------
31 20 10 9  
tracing VX  6000   
 (v2) IS2 (2,4) 0
 trace vx 27 14 6000
---------------------------------------------------
27 14 7 6  
tracing VX  6000   
 (v2) IS2 (1,1) 1400
 trace vx 26 12 4600
---------------------------------------------------
26 12 6 5  
tracing VX  4600   
 (v2) IS2 (1,1) 2900
 trace vx 25 10 1700
---------------------------------------------------
25 10 5 4  
tracing VX  1700   
 (v2) IS2 (1,1) 2000
 trace vx 24 8 -300
---------------------------------------------------
24 8 4 3  
tracing VX  -300   
 (v2) IS2 (1,1) 2100
 trace vx 23 6 -2400
---------------------------------------------------
23 6 3 2  
tracing VX  -2400   
 (v1) hairpin 6, -2400 
NAM  typeB_2.10
SRC  typeB_2.10 - 0..39::40
SEQ  +SS
       1 U   C   A   A   G   U   A   A   A   U   G   A   G   U   C   C   G   U   A   G
         0   1   2   3   4   5   6   7   8   9   10  11  12  13  14  15  16  17  18  19  
         .   .   .   39  38  37  .   .   .   .   32  31  .   27  26  25  24  23  .   .   

      21 G   A   G   G   C   G   G   G   A   U   A   U   C   U   C   C   A   A   C   U
         20  21  22  23  24  25  26  27  28  29  30  31  32  33  34  35  36  37  38  39  
         .   .   .   17  16  15  14  13  .   .   .   11  10  .   .   .   .   5   4   3   

true pairs 9.0	 found pairs 10.0	 agree 4.0 (sen=44.44 spe=40.00 -- C_ap = 42.16)
----------------------------------------------------------------------
   Log odds score:        9900 
energy (kcal/mol):       -9.90 
number of pairs found:      10.00 
number of pairs annotated:  9.00 
----------------------------------------------------------------------
Allow pseudoknots? YES
----------------------------------------------------------------------
Parameters (energy units, kcal/mol)
 wkn  parameter:          0.83 (pseudoknots weight)
 P1   parameter:         -0.00 
 P2   parameter:         -0.00 
 P3   parameter:         -0.00 
 P4   parameter:         -0.00 
 P5   parameter:          4.60 
 P5P  parameter:          8.43 
 P6   parameter:          0.40 
 P6P  parameter:          0.24 
 P10  parameter:          0.10 
 P10P parameter:          0.10 
 P11  parameter:          7.00 
 P12  parameter:          6.00 
 P13  parameter:         16.00 
 full pseudoknot model.
----------------------------------------------------------------------


	             SS  ..............>>>>AAAAAA<<<<...aaaaaa....
	     typeB_1.9b  UCAAGAGAGUAUCAUCCGUGCCGGCGGGAUAUCGGCGAUCU

---------------------------------------------------
40 40 20 19  
tracing WX 10730 
 (W5) SL, trace wx  40 39 10730
---------------------------------------------------
40 39 19 19  
tracing WX 10730 
 (W5) SL, trace wx  40 38 10730
---------------------------------------------------
40 38 19 18  
tracing WX 10730 
 (W5) SL, trace wx  40 37 10730
---------------------------------------------------
40 37 18 18  
tracing WX 10730 
 (W6) SR, trace wx 39 36 10730
---------------------------------------------------
39 36 18 17  
tracing WX 10730 
 (W6) SR, trace wx 38 35 10730
---------------------------------------------------
38 35 17 17  
tracing WX 10730 
 (W6) SR, trace wx 37 34 10730
---------------------------------------------------
37 34 17 16  
tracing WX 10730 
 (W6) SR, trace wx 36 33 10730
---------------------------------------------------
36 33 16 16  
tracing WX 10730 
 (W7) trace wx  13 10 1300
 (W7) trace wx  36 22 9430
---------------------------------------------------
36 22 11 10  
tracing WX 9430 
 (W10.1) trace yhx 28 14 3 4 5610
 (W10.1) trace yhx 36 17 4 5 9179
---------------------------------------------------
36 17 4 5  
tracing YHX 9179 
 (YH4) SRE, trace vhx 35 16 4 4 8051 
---------------------------------------------------
35 16 4 4  
tracing VHX  8051 
 (vh2) trace vhx 35 16 1 1 2822 
 (vh2) trace vhx 34 14 3 3 5229 
---------------------------------------------------
34 14 3 3  
tracing VHX  5229 
 (vh2) trace vhx 34 14 1 1 2407 
 (vh2) trace vhx 33 12 2 2 2822 
---------------------------------------------------
33 12 2 2  
tracing VHX  2822 
 (vh2) trace vhx 33 12 1 1 1660 
 (vh2) trace vhx 32 10 1 1 1162 
---------------------------------------------------
32 10 1 1  
tracing VHX  1162 
 (vh1) IS2 (1,1) 32 10 1162 
---------------------------------------------------
33 12 1 1  
tracing VHX  1660 
 (vh1) IS2 (1,1) 33 12 1660 
---------------------------------------------------
34 14 1 1  
tracing VHX  2407 
 (vh1) IS2 (1,1) 34 14 2407 
---------------------------------------------------
35 16 1 1  
tracing VHX  2822 
 (vh1) IS2 (1,1) 35 16 2822 
---------------------------------------------------
28 14 3 4  
tracing YHX 5610 
 (YH4) SRE, trace vhx 27 13 3 3 5229 
---------------------------------------------------
27 13 3 3  
tracing VHX  5229 
 (vh2) trace vhx 27 13 1 1 1162 
 (vh2) trace vhx 26 11 2 2 4067 
---------------------------------------------------
26 11 2 2  
tracing VHX  4067 
 (vh2) trace vhx 26 11 1 1 2407 
 (vh2) trace vhx 25 9 1 1 1660 
---------------------------------------------------
25 9 1 1  
tracing VHX  1660 
 (vh1) IS2 (1,1) 25 9 1660 
---------------------------------------------------
26 11 1 1  
tracing VHX  2407 
 (vh1) IS2 (1,1) 26 11 2407 
---------------------------------------------------
27 13 1 1  
tracing VHX  1162 
 (vh1) IS2 (1,1) 27 13 1162 
---------------------------------------------------
13 10 5 4  
tracing WX 1300 
 (W2) SR SL, trace vx 12 8 -600
---------------------------------------------------
12 8 4 3  
tracing VX  -600   
 (v2) IS2 (1,1) 2300
 trace vx 11 6 -2900
---------------------------------------------------
11 6 3 2  
tracing VX  -2900   
 (v1) hairpin 6, -2900 
NAM  typeB_1.9b
SRC  typeB_1.9b - 0..40::41
SEQ  +SS
       1 U   C   A   A   G   A   G   A   G   U   A   U   C   A   U   C   C   G   U   G
         0   1   2   3   4   5   6   7   8   9   10  11  12  13  14  15  16  17  18  19  
         .   .   .   .   12  11  .   .   .   .   .   5   4   .   27  26  25  24  .   35  

      21 C   C   G   G   C   G   G   G   A   U   A   U   C   G   G   C   G   A   U   C
         20  21  22  23  24  25  26  27  28  29  30  31  32  33  34  35  36  37  38  39  
         34  33  32  31  17  16  15  14  .   .   .   23  22  21  20  19  .   .   .   .   

      41 U
         40  
         .   

true pairs 10.0	 found pairs 11.0	 agree 9.0 (sen=90.00 spe=81.82 -- C_ap = 85.81)
----------------------------------------------------------------------
   Log odds score:       10730 
energy (kcal/mol):      -10.73 
number of pairs found:      11.00 
number of pairs annotated:  10.00 
----------------------------------------------------------------------
Allow pseudoknots? YES
----------------------------------------------------------------------
Parameters (energy units, kcal/mol)
 wkn  parameter:          0.83 (pseudoknots weight)
 P1   parameter:         -0.00 
 P2   parameter:         -0.00 
 P3   parameter:         -0.00 
 P4   parameter:         -0.00 
 P5   parameter:          4.60 
 P5P  parameter:          8.43 
 P6   parameter:          0.40 
 P6P  parameter:          0.24 
 P10  parameter:          0.10 
 P10P parameter:          0.10 
 P11  parameter:          7.00 
 P12  parameter:          6.00 
 P13  parameter:         16.00 
 full pseudoknot model.
----------------------------------------------------------------------


	             SS  ..........>>>>.AAAA<<<<....aaaa.......
	     typeB_2.12  UCAAGAAUAAUCCGACUCGCGGGAUAACGAGAAGAGCU

---------------------------------------------------
37 37 18 18  
tracing WX 7404 
 (W5) SL, trace wx  37 36 7404
---------------------------------------------------
37 36 18 17  
tracing WX 7404 
 (W5) SL, trace wx  37 35 7404
---------------------------------------------------
37 35 17 17  
tracing WX 7404 
 (W5) SL, trace wx  37 34 7404
---------------------------------------------------
37 34 17 16  
tracing WX 7404 
 (W5) SL, trace wx  37 33 7404
---------------------------------------------------
37 33 16 16  
tracing WX 7404 
 (W5) SL, trace wx  37 32 7404
---------------------------------------------------
37 32 16 15  
tracing WX 7404 
 (W5) SL, trace wx  37 31 7404
---------------------------------------------------
37 31 15 15  
tracing WX 7404 
 (W5) SL, trace wx  37 30 7404
---------------------------------------------------
37 30 15 14  
tracing WX 7404 
 (W5) SL, trace wx  37 29 7404
---------------------------------------------------
37 29 14 14  
tracing WX 7404 
 (W5) SL, trace wx  37 28 7404
---------------------------------------------------
37 28 14 13  
tracing WX 7404 
 (W5) SL, trace wx  37 27 7404
---------------------------------------------------
37 27 13 13  
tracing WX 7404 
 (W6) SR, trace wx 36 26 7404
---------------------------------------------------
36 26 13 12  
tracing WX 7404 
 (W6) SR, trace wx 35 25 7404
---------------------------------------------------
35 25 12 12  
tracing WX 7404 
 (W6) SR, trace wx 34 24 7404
---------------------------------------------------
34 24 12 11  
tracing WX 7404 
 (W6) SR, trace wx 33 23 7404
---------------------------------------------------
33 23 11 11  
tracing WX 7404 
 (W6) SR, trace wx 32 22 7404
---------------------------------------------------
32 22 11 10  
tracing WX 7404 
 (W6) SR, trace wx 31 21 7404
---------------------------------------------------
31 21 10 10  
tracing WX 7404 
 (W10.1) trace yhx 24 14 3 5 5410
 (W10.1) trace yhx 31 16 3 4 5610
---------------------------------------------------
31 16 3 4  
tracing YHX 5610 
 (YH4) SRE, trace vhx 30 15 3 3 4980 
---------------------------------------------------
30 15 3 3  
tracing VHX  4980 
 (vh2) trace vhx 30 15 1 1 1411 
 (vh2) trace vhx 29 13 2 2 3569 
---------------------------------------------------
29 13 2 2  
tracing VHX  3569 
 (vh2) trace vhx 29 13 1 1 1909 
 (vh2) trace vhx 28 11 1 1 1660 
---------------------------------------------------
28 11 1 1  
tracing VHX  1660 
 (vh1) IS2 (1,1) 28 11 1660 
---------------------------------------------------
29 13 1 1  
tracing VHX  1909 
 (vh1) IS2 (1,1) 29 13 1909 
---------------------------------------------------
30 15 1 1  
tracing VHX  1411 
 (vh1) IS2 (1,1) 30 15 1411 
---------------------------------------------------
24 14 3 5  
tracing YHX 5410 
 (YH6) SRE, trace yhx 23 13 3 4 5610 
---------------------------------------------------
23 13 3 4  
tracing YHX 5610 
 (YH4) SRE, trace vhx 22 12 3 3 5229 
---------------------------------------------------
22 12 3 3  
tracing VHX  5229 
 (vh2) trace vhx 22 12 1 1 1162 
 (vh2) trace vhx 21 10 2 2 4067 
---------------------------------------------------
21 10 2 2  
tracing VHX  4067 
 (vh2) trace vhx 21 10 1 1 2407 
 (vh2) trace vhx 20 8 1 1 1660 
---------------------------------------------------
20 8 1 1  
tracing VHX  1660 
 (vh1) IS2 (1,1) 20 8 1660 
---------------------------------------------------
21 10 1 1  
tracing VHX  2407 
 (vh1) IS2 (1,1) 21 10 2407 
---------------------------------------------------
22 12 1 1  
tracing VHX  1162 
 (vh1) IS2 (1,1) 22 12 1162 
NAM  typeB_2.12
SRC  typeB_2.12 - 0..37::38
SEQ  +SS
       1 U   C   A   A   G   A   A   U   A   A   U   C   C   G   A   C   U   C   G   C
         0   1   2   3   4   5   6   7   8   9   10  11  12  13  14  15  16  17  18  19  
         .   .   .   .   .   .   .   .   .   .   22  21  20  19  .   30  29  28  27  13  

      21 G   G   G   A   U   A   A   C   G   A   G   A   A   G   A   G   C   U
         20  21  22  23  24  25  26  27  28  29  30  31  32  33  34  35  36  37  
         12  11  10  .   .   .   .   18  17  16  15  .   .   .   .   .   .   .   

true pairs 8.0	 found pairs 8.0	 agree 8.0 (sen=100.00 spe=100.00 -- C_ap = 100.00)
----------------------------------------------------------------------
   Log odds score:        7404 
energy (kcal/mol):       -7.40 
number of pairs found:      8.00 
number of pairs annotated:  8.00 
----------------------------------------------------------------------
Allow pseudoknots? YES
----------------------------------------------------------------------
Parameters (energy units, kcal/mol)
 wkn  parameter:          0.83 (pseudoknots weight)
 P1   parameter:         -0.00 
 P2   parameter:         -0.00 
 P3   parameter:         -0.00 
 P4   parameter:         -0.00 
 P5   parameter:          4.60 
 P5P  parameter:          8.43 
 P6   parameter:          0.40 
 P6P  parameter:          0.24 
 P10  parameter:          0.10 
 P10P parameter:          0.10 
 P11  parameter:          7.00 
 P12  parameter:          6.00 
 P13  parameter:         16.00 
 full pseudoknot model.
----------------------------------------------------------------------


	             SS  ...........>>>..AAAA.<<<.....aaaaa.......
	      typeB_1.8  UCAAGGAUUAACCGACGCCAACGGGAGAAUGGCAGGGAUCU

---------------------------------------------------
40 40 20 19  
tracing WX 9700 
 (W5) SL, trace wx  40 39 9700
---------------------------------------------------
40 39 19 19  
tracing WX 9700 
 (W5) SL, trace wx  40 38 9700
---------------------------------------------------
40 38 19 18  
tracing WX 9700 
 (W5) SL, trace wx  40 37 9700
---------------------------------------------------
40 37 18 18  
tracing WX 9700 
 (W3) SL, trace vx  40 36 9500
---------------------------------------------------
40 36 18 17  
tracing VX  9500   
 (v2) IS2 (1,1) 1900
 trace vx 39 34 7600
---------------------------------------------------
39 34 17 16  
tracing VX  7600   
 (v2) IS2 (1,1) 2300
 trace vx 38 32 5300
---------------------------------------------------
38 32 16 15  
tracing VX  5300   
 (v2) IS2 (1,1) 900
 trace vx 37 30 4400
---------------------------------------------------
37 30 15 14  
tracing VX  4400   
 (v2) IS2 (1,1) 1100
 trace vx 36 28 3300
---------------------------------------------------
36 28 14 13  
tracing VX  3300   
 (v2) IS2 (3,1) -3100
 trace vx 35 24 6400
---------------------------------------------------
35 24 12 11  
tracing VX  6400   
 (v2) IS2 (1,1) 2900
 trace vx 34 22 3500
---------------------------------------------------
34 22 11 10  
tracing VX  3500   
 (v2) IS2 (4,2) -700
 trace vx 32 16 4200
---------------------------------------------------
32 16 8 7  
tracing VX  4200   
 (v2) IS2 (1,1) 3400
 trace vx 31 14 800
---------------------------------------------------
31 14 7 6  
tracing VX  800   
 (v2) IS2 (1,1) 2900
 trace vx 30 12 -2100
---------------------------------------------------
30 12 6 5  
tracing VX  -2100   
 (v2) IS2 (1,1) 1800
 trace vx 29 10 -3900
---------------------------------------------------
29 10 5 4  
tracing VX  -3900   
 (v2) IS2 (2,3) -2600
 trace vx 26 5 -1300
---------------------------------------------------
26 5 2 2  
tracing VX  -1300   
 (v1) hairpin 5, -1300 
NAM  typeB_1.8
SRC  typeB_1.8 - 0..40::41
SEQ  +SS
       1 U   C   A   A   G   G   A   U   U   A   A   C   C   G   A   C   G   C   C   A
         0   1   2   3   4   5   6   7   8   9   10  11  12  13  14  15  16  17  18  19  
         .   .   .   .   40  39  38  37  36  .   .   35  34  .   .   .   32  31  30  29  

      21 A   C   G   G   G   A   G   A   A   U   G   G   C   A   G   G   G   A   U   C
         20  21  22  23  24  25  26  27  28  29  30  31  32  33  34  35  36  37  38  39  
         .   26  .   .   .   .   21  .   .   19  18  17  16  .   12  11  8   7   6   5   

      41 U
         40  
         4   

true pairs 7.0	 found pairs 12.0	 agree 4.0 (sen=57.14 spe=33.33 -- C_ap = 43.64)
----------------------------------------------------------------------
   Log odds score:        9700 
energy (kcal/mol):       -9.70 
number of pairs found:      12.00 
number of pairs annotated:  7.00 
----------------------------------------------------------------------
Allow pseudoknots? YES
----------------------------------------------------------------------
Parameters (energy units, kcal/mol)
 wkn  parameter:          0.83 (pseudoknots weight)
 P1   parameter:         -0.00 
 P2   parameter:         -0.00 
 P3   parameter:         -0.00 
 P4   parameter:         -0.00 
 P5   parameter:          4.60 
 P5P  parameter:          8.43 
 P6   parameter:          0.40 
 P6P  parameter:          0.24 
 P10  parameter:          0.10 
 P10P parameter:          0.10 
 P11  parameter:          7.00 
 P12  parameter:          6.00 
 P13  parameter:         16.00 
 full pseudoknot model.
----------------------------------------------------------------------


	             SS  ...............>>>..AAAA.<<<.....aaaa....
	      typeB_1.6  UCAAGAAGAAGAUUACCCAAGCGCAGGGGAGAAGCGCAUCU

---------------------------------------------------
40 40 20 19  
tracing WX 9194 
 (W6) SR, trace wx 39 39 9194
---------------------------------------------------
39 39 19 19  
tracing WX 9194 
 (W6) SR, trace wx 38 38 9194
---------------------------------------------------
38 38 19 18  
tracing WX 9194 
 (W6) SR, trace wx 37 37 9194
---------------------------------------------------
37 37 18 18  
tracing WX 9194 
 (W7) trace wx  13 13 100
 (W7) trace wx  37 23 9094
---------------------------------------------------
37 23 11 11  
tracing WX 9094 
 (W10.2) trace yhx 30 16 3 5 5425
 (W10.2) trace yhx 37 18 4 4 8398
---------------------------------------------------
37 18 4 4  
tracing YHX 8398 
 (YH2) SLE, SRE, trace vhx 36 16 3 3 7304 
---------------------------------------------------
36 16 3 3  
tracing VHX  7304 
 (vh2) trace vhx 36 16 1 1 2822 
 (vh2) trace vhx 35 14 2 2 4482 
---------------------------------------------------
35 14 2 2  
tracing VHX  4482 
 (vh2) trace vhx 35 14 1 1 1660 
 (vh2) trace vhx 34 12 1 1 2822 
---------------------------------------------------
34 12 1 1  
tracing VHX  2822 
 (vh1) IS2 (1,1) 34 12 2822 
---------------------------------------------------
35 14 1 1  
tracing VHX  1660 
 (vh1) IS2 (1,1) 35 14 1660 
---------------------------------------------------
36 16 1 1  
tracing VHX  2822 
 (vh1) IS2 (1,1) 36 16 2822 
---------------------------------------------------
30 16 3 5  
tracing YHX 5425 
 (YH6) SRE, trace yhx 29 15 3 4 5625 
---------------------------------------------------
29 15 3 4  
tracing YHX 5625 
 (YH6) SRE, trace yhx 28 14 3 3 5825 
---------------------------------------------------
28 14 3 3  
tracing YHX 5825 
 (YH2) SLE, SRE, trace vhx 27 12 2 2 4814 
---------------------------------------------------
27 12 2 2  
tracing VHX  4814 
 (vh2) trace vhx 27 12 1 1 2407 
 (vh2) trace vhx 26 10 1 1 2407 
---------------------------------------------------
26 10 1 1  
tracing VHX  2407 
 (vh1) IS2 (1,1) 26 10 2407 
---------------------------------------------------
27 12 1 1  
tracing VHX  2407 
 (vh1) IS2 (1,1) 27 12 2407 
---------------------------------------------------
13 13 6 6  
tracing WX 100 
 (W6) SR, trace wx 12 12 100
---------------------------------------------------
12 12 6 5  
tracing WX 100 
 (W6) SR, trace wx 11 11 100
---------------------------------------------------
11 11 5 5  
tracing WX 100 
 (W6) SR, trace wx 10 10 100
---------------------------------------------------
10 10 5 4  
tracing WX 100 
 (W6) SR, trace wx 9 9 100
---------------------------------------------------
9 9 4 4  
tracing WX 100 
 (W4) SR, trace vx 8 8 -700
---------------------------------------------------
8 8 4 3  
tracing VX  -700   
 (v2) IS2 (1,1) 2300
 trace vx 7 6 -3000
---------------------------------------------------
7 6 3 2  
tracing VX  -3000   
 (v1) hairpin 6, -3000 
NAM  typeB_1.6
SRC  typeB_1.6 - 0..40::41
SEQ  +SS
       1 U   C   A   A   G   A   A   G   A   A   G   A   U   U   A   C   C   C   A   A
         0   1   2   3   4   5   6   7   8   9   10  11  12  13  14  15  16  17  18  19  
         8   7   .   .   .   .   .   1   0   .   .   .   .   .   .   27  26  25  .   .   

      21 G   C   G   C   A   G   G   G   G   A   G   A   A   G   C   G   C   A   U   C
         20  21  22  23  24  25  26  27  28  29  30  31  32  33  34  35  36  37  38  39  
         36  35  34  33  .   17  16  15  .   .   .   .   .   23  22  21  20  .   .   .   

      41 U
         40  
         .   

true pairs 7.0	 found pairs 9.0	 agree 7.0 (sen=100.00 spe=77.78 -- C_ap = 88.19)
----------------------------------------------------------------------
   Log odds score:        9194 
energy (kcal/mol):       -9.19 
number of pairs found:      9.00 
number of pairs annotated:  7.00 
----------------------------------------------------------------------
Allow pseudoknots? YES
----------------------------------------------------------------------
Parameters (energy units, kcal/mol)
 wkn  parameter:          0.83 (pseudoknots weight)
 P1   parameter:         -0.00 
 P2   parameter:         -0.00 
 P3   parameter:         -0.00 
 P4   parameter:         -0.00 
 P5   parameter:          4.60 
 P5P  parameter:          8.43 
 P6   parameter:          0.40 
 P6P  parameter:          0.24 
 P10  parameter:          0.10 
 P10P parameter:          0.10 
 P11  parameter:          7.00 
 P12  parameter:          6.00 
 P13  parameter:         16.00 
 full pseudoknot model.
----------------------------------------------------------------------
