PKNOTS: optimal minimum-energy RNA folding with pseudoknots and coaxial energies
        PKNOTS 1.04 (Fri Jul  9 14:23:04 CDT 2004) using squid 1.5m (Sept 1997)
---------------------------------------------------
Folding sequences from:  /home/elena/pknots/pknots-1.04/Demos/typeA.sqd 
---------------------------------------------------



	             SS  .......>>>>>..AAAAAA<<<<<...aaaaaa......
	      typeA_1.1  UCAAGAAUUCCGUUUUCAGUCGGGAAAAACUGAACAAUCU

---------------------------------------------------
39 39 19 19  
tracing WX 8864 
 (W5) SL, trace wx  39 38 8864
---------------------------------------------------
39 38 19 18  
tracing WX 8864 
 (W5) SL, trace wx  39 37 8864
---------------------------------------------------
39 37 18 18  
tracing WX 8864 
 (W5) SL, trace wx  39 36 8864
---------------------------------------------------
39 36 18 17  
tracing WX 8864 
 (W5) SL, trace wx  39 35 8864
---------------------------------------------------
39 35 17 17  
tracing WX 8864 
 (W5) SL, trace wx  39 34 8864
---------------------------------------------------
39 34 17 16  
tracing WX 8864 
 (W5) SL, trace wx  39 33 8864
---------------------------------------------------
39 33 16 16  
tracing WX 8864 
 (W6) SR, trace wx 38 32 8864
---------------------------------------------------
38 32 16 15  
tracing WX 8864 
 (W6) SR, trace wx 37 31 8864
---------------------------------------------------
37 31 15 15  
tracing WX 8864 
 (W6) SR, trace wx 36 30 8864
---------------------------------------------------
36 30 15 14  
tracing WX 8864 
 (W6) SR, trace wx 35 29 8864
---------------------------------------------------
35 29 14 14  
tracing WX 8864 
 (W6) SR, trace wx 34 28 8864
---------------------------------------------------
34 28 14 13  
tracing WX 8864 
 (W10.1) trace yhx 25 19 5 5 6572
 (W10.1) trace yhx 34 21 6 6 7402
---------------------------------------------------
34 21 6 6  
tracing YHX 7402 
 (YH2) SLE, SRE, trace vhx 33 19 5 5 7304 
---------------------------------------------------
33 19 5 5  
tracing VHX  7304 
 (vh2) trace vhx 33 19 1 1 747 
 (vh2) trace vhx 32 17 4 4 6557 
---------------------------------------------------
32 17 4 4  
tracing VHX  6557 
 (vh2) trace vhx 32 17 1 1 1909 
 (vh2) trace vhx 31 15 3 3 4648 
---------------------------------------------------
31 15 3 3  
tracing VHX  4648 
 (vh2) trace vhx 31 15 1 1 1494 
 (vh2) trace vhx 30 13 2 2 3154 
---------------------------------------------------
30 13 2 2  
tracing VHX  3154 
 (vh2) trace vhx 30 13 1 1 1411 
 (vh2) trace vhx 29 11 1 1 1743 
---------------------------------------------------
29 11 1 1  
tracing VHX  1743 
 (vh1) IS2 (1,1) 29 11 1743 
---------------------------------------------------
30 13 1 1  
tracing VHX  1411 
 (vh1) IS2 (1,1) 30 13 1411 
---------------------------------------------------
31 15 1 1  
tracing VHX  1494 
 (vh1) IS2 (1,1) 31 15 1494 
---------------------------------------------------
32 17 1 1  
tracing VHX  1909 
 (vh1) IS2 (1,1) 32 17 1909 
---------------------------------------------------
33 19 1 1  
tracing VHX  747 
 (vh1) IS2 (1,1) 33 19 747 
---------------------------------------------------
25 19 5 5  
tracing YHX 6572 
 (YH2) SLE, SRE, trace vhx 24 17 4 4 6142 
---------------------------------------------------
24 17 4 4  
tracing VHX  6142 
 (vh2) trace vhx 24 17 1 1 913 
 (vh2) trace vhx 23 15 3 3 5229 
---------------------------------------------------
23 15 3 3  
tracing VHX  5229 
 (vh2) trace vhx 23 15 1 1 1162 
 (vh2) trace vhx 22 13 2 2 4067 
---------------------------------------------------
22 13 2 2  
tracing VHX  4067 
 (vh2) trace vhx 22 13 1 1 2407 
 (vh2) trace vhx 21 11 1 1 1660 
---------------------------------------------------
21 11 1 1  
tracing VHX  1660 
 (vh1) IS2 (1,1) 21 11 1660 
---------------------------------------------------
22 13 1 1  
tracing VHX  2407 
 (vh1) IS2 (1,1) 22 13 2407 
---------------------------------------------------
23 15 1 1  
tracing VHX  1162 
 (vh1) IS2 (1,1) 23 15 1162 
---------------------------------------------------
24 17 1 1  
tracing VHX  913 
 (vh1) IS2 (1,1) 24 17 913 
NAM  typeA_1.1
SRC  typeA_1.1 - 0..39::40
SEQ  +SS
       1 U   C   A   A   G   A   A   U   U   C   C   G   U   U   U   U   C   A   G   U
         0   1   2   3   4   5   6   7   8   9   10  11  12  13  14  15  16  17  18  19  
         .   .   .   .   .   .   .   24  23  22  21  20  .   .   33  32  31  30  29  28  

      21 C   G   G   G   A   A   A   A   A   C   U   G   A   A   C   A   A   U   C   U
         20  21  22  23  24  25  26  27  28  29  30  31  32  33  34  35  36  37  38  39  
         11  10  9   8   7   .   .   .   19  18  17  16  15  14  .   .   .   .   .   .   

true pairs 11.0	 found pairs 11.0	 agree 11.0 (sen=100.00 spe=100.00 -- C_ap = 100.00)
----------------------------------------------------------------------
   Log odds score:        8864 
energy (kcal/mol):       -8.86 
number of pairs found:      11.00 
number of pairs annotated:  11.00 
----------------------------------------------------------------------
Allow pseudoknots? YES
----------------------------------------------------------------------
Parameters (energy units, kcal/mol)
 wkn  parameter:          0.83 (pseudoknots weight)
 P1   parameter:         -0.00 
 P2   parameter:         -0.00 
 P3   parameter:         -0.00 
 P4   parameter:         -0.00 
 P5   parameter:          4.60 
 P5P  parameter:          8.43 
 P6   parameter:          0.40 
 P6P  parameter:          0.24 
 P10  parameter:          0.10 
 P10P parameter:          0.10 
 P11  parameter:          7.00 
 P12  parameter:          6.00 
 P13  parameter:         16.00 
 full pseudoknot model.
----------------------------------------------------------------------


	             SS  ...........>>>>>..AAAA..<<<<<....aaaa....
	     typeA_1.3a  UCAAGAAUAUCUUCCGAAGCCGAACGGGAAAACCGGCAUCU

---------------------------------------------------
40 40 20 19  
tracing WX 9211 
 (W5) SL, trace wx  40 39 9211
---------------------------------------------------
40 39 19 19  
tracing WX 9211 
 (W5) SL, trace wx  40 38 9211
---------------------------------------------------
40 38 19 18  
tracing WX 9211 
 (W5) SL, trace wx  40 37 9211
---------------------------------------------------
40 37 18 18  
tracing WX 9211 
 (W5) SL, trace wx  40 36 9211
---------------------------------------------------
40 36 18 17  
tracing WX 9211 
 (W5) SL, trace wx  40 35 9211
---------------------------------------------------
40 35 17 17  
tracing WX 9211 
 (W5) SL, trace wx  40 34 9211
---------------------------------------------------
40 34 17 16  
tracing WX 9211 
 (W5) SL, trace wx  40 33 9211
---------------------------------------------------
40 33 16 16  
tracing WX 9211 
 (W5) SL, trace wx  40 32 9211
---------------------------------------------------
40 32 16 15  
tracing WX 9211 
 (W5) SL, trace wx  40 31 9211
---------------------------------------------------
40 31 15 15  
tracing WX 9211 
 (W5) SL, trace wx  40 30 9211
---------------------------------------------------
40 30 15 14  
tracing WX 9211 
 (W5) SL, trace wx  40 29 9211
---------------------------------------------------
40 29 14 14  
tracing WX 9211 
 (W6) SR, trace wx 39 28 9211
---------------------------------------------------
39 28 14 13  
tracing WX 9211 
 (W6) SR, trace wx 38 27 9211
---------------------------------------------------
38 27 13 13  
tracing WX 9211 
 (W6) SR, trace wx 37 26 9211
---------------------------------------------------
37 26 13 12  
tracing WX 9211 
 (W9) trace whx 29 18 5 6 7617
 (W9) trace whx 37 19 4 5 9194
---------------------------------------------------
37 19 4 5  
tracing whx 9194 
 (WH1.9) SRI, SLI, SRE, trace vhx 36 18 3 3 6889 
---------------------------------------------------
36 18 3 3  
tracing VHX  6889 
 (vh2) trace vhx 36 18 1 1 2822 
 (vh2) trace vhx 35 16 2 2 4067 
---------------------------------------------------
35 16 2 2  
tracing VHX  4067 
 (vh2) trace vhx 35 16 1 1 2407 
 (vh2) trace vhx 34 14 1 1 1660 
---------------------------------------------------
34 14 1 1  
tracing VHX  1660 
 (vh1) IS2 (1,1) 34 14 1660 
---------------------------------------------------
35 16 1 1  
tracing VHX  2407 
 (vh1) IS2 (1,1) 35 16 2407 
---------------------------------------------------
36 18 1 1  
tracing VHX  2822 
 (vh1) IS2 (1,1) 36 18 2822 
---------------------------------------------------
29 18 5 6  
tracing whx 7617 
 (WH1.9) SRI, SLI, SRE, trace vhx 28 17 4 4 6142 
---------------------------------------------------
28 17 4 4  
tracing VHX  6142 
 (vh2) trace vhx 28 17 1 1 913 
 (vh2) trace vhx 27 15 3 3 5229 
---------------------------------------------------
27 15 3 3  
tracing VHX  5229 
 (vh2) trace vhx 27 15 1 1 1162 
 (vh2) trace vhx 26 13 2 2 4067 
---------------------------------------------------
26 13 2 2  
tracing VHX  4067 
 (vh2) trace vhx 26 13 1 1 2407 
 (vh2) trace vhx 25 11 1 1 1660 
---------------------------------------------------
25 11 1 1  
tracing VHX  1660 
 (vh1) IS2 (1,1) 25 11 1660 
---------------------------------------------------
26 13 1 1  
tracing VHX  2407 
 (vh1) IS2 (1,1) 26 13 2407 
---------------------------------------------------
27 15 1 1  
tracing VHX  1162 
 (vh1) IS2 (1,1) 27 15 1162 
---------------------------------------------------
28 17 1 1  
tracing VHX  913 
 (vh1) IS2 (1,1) 28 17 913 
NAM  typeA_1.3a
SRC  typeA_1.3a - 0..40::41
SEQ  +SS
       1 U   C   A   A   G   A   A   U   A   U   C   U   U   C   C   G   A   A   G   C
         0   1   2   3   4   5   6   7   8   9   10  11  12  13  14  15  16  17  18  19  
         .   .   .   .   .   .   .   .   .   .   .   28  27  26  25  24  .   .   36  35  

      21 C   G   A   A   C   G   G   G   A   A   A   A   C   C   G   G   C   A   U   C
         20  21  22  23  24  25  26  27  28  29  30  31  32  33  34  35  36  37  38  39  
         34  33  .   .   15  14  13  12  11  .   .   .   .   21  20  19  18  .   .   .   

      41 U
         40  
         .   

true pairs 9.0	 found pairs 9.0	 agree 9.0 (sen=100.00 spe=100.00 -- C_ap = 100.00)
----------------------------------------------------------------------
   Log odds score:        9211 
energy (kcal/mol):       -9.21 
number of pairs found:      9.00 
number of pairs annotated:  9.00 
----------------------------------------------------------------------
Allow pseudoknots? YES
----------------------------------------------------------------------
Parameters (energy units, kcal/mol)
 wkn  parameter:          0.83 (pseudoknots weight)
 P1   parameter:         -0.00 
 P2   parameter:         -0.00 
 P3   parameter:         -0.00 
 P4   parameter:         -0.00 
 P5   parameter:          4.60 
 P5P  parameter:          8.43 
 P6   parameter:          0.40 
 P6P  parameter:          0.24 
 P10  parameter:          0.10 
 P10P parameter:          0.10 
 P11  parameter:          7.00 
 P12  parameter:          6.00 
 P13  parameter:         16.00 
 full pseudoknot model.
----------------------------------------------------------------------


	             SS  .......>>>>>..AAA...<<<<<......aaa
	      typeA_2.9  UCAAGGUUUCCGAAAGAAAUCGGGAAAACUGUCU

---------------------------------------------------
33 33 16 16  
tracing WX 9200 
 (W5) SL, trace wx  33 32 9200
---------------------------------------------------
33 32 16 15  
tracing WX 9200 
 (W5) SL, trace wx  33 31 9200
---------------------------------------------------
33 31 15 15  
tracing WX 9200 
 (W6) SR, trace wx 32 30 9200
---------------------------------------------------
32 30 15 14  
tracing WX 9200 
 (W6) SR, trace wx 31 29 9200
---------------------------------------------------
31 29 14 14  
tracing WX 9200 
 (W6) SR, trace wx 30 28 9200
---------------------------------------------------
30 28 14 13  
tracing WX 9200 
 (W2) SR SL, trace vx 29 26 8200
---------------------------------------------------
29 26 13 12  
tracing VX  8200   
 (v2) IS2 (1,1) 1700
 trace vx 28 24 6500
---------------------------------------------------
28 24 12 11  
tracing VX  6500   
 (v2) IS2 (2,3) -200
 trace vx 25 19 6700
---------------------------------------------------
25 19 9 9  
tracing VX  6700   
 (v2) IS2 (1,1) 900
 trace vx 24 17 5800
---------------------------------------------------
24 17 8 8  
tracing VX  5800   
 (v2) IS2 (1,1) 1100
 trace vx 23 15 4700
---------------------------------------------------
23 15 7 7  
tracing VX  4700   
 (v2) IS2 (1,1) 1400
 trace vx 22 13 3300
---------------------------------------------------
22 13 6 6  
tracing VX  3300   
 (v2) IS2 (1,1) 2900
 trace vx 21 11 400
---------------------------------------------------
21 11 5 5  
tracing VX  400   
 (v2) IS2 (1,1) 2000
 trace vx 20 9 -1600
---------------------------------------------------
20 9 4 4  
tracing VX  -1600   
 (v2) IS2 (1,1) 2300
 trace vx 19 7 -3900
---------------------------------------------------
19 7 3 3  
tracing VX  -3900   
 (v1) hairpin 7, -3900 
NAM  typeA_2.9
SRC  typeA_2.9 - 0..33::34
SEQ  +SS
       1 U   C   A   A   G   G   U   U   U   C   C   G   A   A   A   G   A   A   A   U
         0   1   2   3   4   5   6   7   8   9   10  11  12  13  14  15  16  17  18  19  
         .   .   .   29  28  .   25  24  23  22  21  20  19  .   .   .   .   .   .   12  

      21 C   G   G   G   A   A   A   A   C   U   G   U   C   U
         20  21  22  23  24  25  26  27  28  29  30  31  32  33  
         11  10  9   8   7   6   .   .   4   3   .   .   .   .   

true pairs 8.0	 found pairs 9.0	 agree 5.0 (sen=62.50 spe=55.56 -- C_ap = 58.93)
----------------------------------------------------------------------
   Log odds score:        9200 
energy (kcal/mol):       -9.20 
number of pairs found:      9.00 
number of pairs annotated:  8.00 
----------------------------------------------------------------------
Allow pseudoknots? YES
----------------------------------------------------------------------
Parameters (energy units, kcal/mol)
 wkn  parameter:          0.83 (pseudoknots weight)
 P1   parameter:         -0.00 
 P2   parameter:         -0.00 
 P3   parameter:         -0.00 
 P4   parameter:         -0.00 
 P5   parameter:          4.60 
 P5P  parameter:          8.43 
 P6   parameter:          0.40 
 P6P  parameter:          0.24 
 P10  parameter:          0.10 
 P10P parameter:          0.10 
 P11  parameter:          7.00 
 P12  parameter:          6.00 
 P13  parameter:         16.00 
 full pseudoknot model.
----------------------------------------------------------------------


	             SS  ...........>>>>..AAAAA.<<<<....aaaaa....
	     typeA_2.4a  UCAAGUAGAUAUCCGAAGCUCAACGGGAUAAUGAGCAUCU

---------------------------------------------------
39 39 19 19  
tracing WX 9079 
 (W5) SL, trace wx  39 38 9079
---------------------------------------------------
39 38 19 18  
tracing WX 9079 
 (W5) SL, trace wx  39 37 9079
---------------------------------------------------
39 37 18 18  
tracing WX 9079 
 (W5) SL, trace wx  39 36 9079
---------------------------------------------------
39 36 18 17  
tracing WX 9079 
 (W5) SL, trace wx  39 35 9079
---------------------------------------------------
39 35 17 17  
tracing WX 9079 
 (W5) SL, trace wx  39 34 9079
---------------------------------------------------
39 34 17 16  
tracing WX 9079 
 (W5) SL, trace wx  39 33 9079
---------------------------------------------------
39 33 16 16  
tracing WX 9079 
 (W5) SL, trace wx  39 32 9079
---------------------------------------------------
39 32 16 15  
tracing WX 9079 
 (W5) SL, trace wx  39 31 9079
---------------------------------------------------
39 31 15 15  
tracing WX 9079 
 (W5) SL, trace wx  39 30 9079
---------------------------------------------------
39 30 15 14  
tracing WX 9079 
 (W5) SL, trace wx  39 29 9079
---------------------------------------------------
39 29 14 14  
tracing WX 9079 
 (W5) SL, trace wx  39 28 9079
---------------------------------------------------
39 28 14 13  
tracing WX 9079 
 (W6) SR, trace wx 38 27 9079
---------------------------------------------------
38 27 13 13  
tracing WX 9079 
 (W6) SR, trace wx 37 26 9079
---------------------------------------------------
37 26 13 12  
tracing WX 9079 
 (W6) SR, trace wx 36 25 9079
---------------------------------------------------
36 25 12 12  
tracing WX 9079 
 (W10.2) trace yhx 28 17 3 5 5410
 (W10.2) trace yhx 36 20 5 5 8730
---------------------------------------------------
36 20 5 5  
tracing YHX 8730 
 (YH2) SLE, SRE, trace vhx 35 18 4 4 7636 
---------------------------------------------------
35 18 4 4  
tracing VHX  7636 
 (vh2) trace vhx 35 18 1 1 2822 
 (vh2) trace vhx 34 16 3 3 4814 
---------------------------------------------------
34 16 3 3  
tracing VHX  4814 
 (vh2) trace vhx 34 16 1 1 1411 
 (vh2) trace vhx 33 14 2 2 3403 
---------------------------------------------------
33 14 2 2  
tracing VHX  3403 
 (vh2) trace vhx 33 14 1 1 1909 
 (vh2) trace vhx 32 12 1 1 1494 
---------------------------------------------------
32 12 1 1  
tracing VHX  1494 
 (vh1) IS2 (1,1) 32 12 1494 
---------------------------------------------------
33 14 1 1  
tracing VHX  1909 
 (vh1) IS2 (1,1) 33 14 1909 
---------------------------------------------------
34 16 1 1  
tracing VHX  1411 
 (vh1) IS2 (1,1) 34 16 1411 
---------------------------------------------------
35 18 1 1  
tracing VHX  2822 
 (vh1) IS2 (1,1) 35 18 2822 
---------------------------------------------------
28 17 3 5  
tracing YHX 5410 
 (YH6) SRE, trace yhx 27 16 3 4 5610 
---------------------------------------------------
27 16 3 4  
tracing YHX 5610 
 (YH4) SRE, trace vhx 26 15 3 3 5229 
---------------------------------------------------
26 15 3 3  
tracing VHX  5229 
 (vh2) trace vhx 26 15 1 1 1162 
 (vh2) trace vhx 25 13 2 2 4067 
---------------------------------------------------
25 13 2 2  
tracing VHX  4067 
 (vh2) trace vhx 25 13 1 1 2407 
 (vh2) trace vhx 24 11 1 1 1660 
---------------------------------------------------
24 11 1 1  
tracing VHX  1660 
 (vh1) IS2 (1,1) 24 11 1660 
---------------------------------------------------
25 13 1 1  
tracing VHX  2407 
 (vh1) IS2 (1,1) 25 13 2407 
---------------------------------------------------
26 15 1 1  
tracing VHX  1162 
 (vh1) IS2 (1,1) 26 15 1162 
NAM  typeA_2.4a
SRC  typeA_2.4a - 0..39::40
SEQ  +SS
       1 U   C   A   A   G   U   A   G   A   U   A   U   C   C   G   A   A   G   C   U
         0   1   2   3   4   5   6   7   8   9   10  11  12  13  14  15  16  17  18  19  
         .   .   .   .   .   .   .   .   .   .   .   26  25  24  23  .   .   35  34  33  

      21 C   A   A   C   G   G   G   A   U   A   A   U   G   A   G   C   A   U   C   U
         20  21  22  23  24  25  26  27  28  29  30  31  32  33  34  35  36  37  38  39  
         32  31  .   14  13  12  11  .   .   .   .   21  20  19  18  17  .   .   .   .   

true pairs 9.0	 found pairs 9.0	 agree 9.0 (sen=100.00 spe=100.00 -- C_ap = 100.00)
----------------------------------------------------------------------
   Log odds score:        9079 
energy (kcal/mol):       -9.08 
number of pairs found:      9.00 
number of pairs annotated:  9.00 
----------------------------------------------------------------------
Allow pseudoknots? YES
----------------------------------------------------------------------
Parameters (energy units, kcal/mol)
 wkn  parameter:          0.83 (pseudoknots weight)
 P1   parameter:         -0.00 
 P2   parameter:         -0.00 
 P3   parameter:         -0.00 
 P4   parameter:         -0.00 
 P5   parameter:          4.60 
 P5P  parameter:          8.43 
 P6   parameter:          0.40 
 P6P  parameter:          0.24 
 P10  parameter:          0.10 
 P10P parameter:          0.10 
 P11  parameter:          7.00 
 P12  parameter:          6.00 
 P13  parameter:         16.00 
 full pseudoknot model.
----------------------------------------------------------------------


	             SS  ...........>>>>...AAAA.<<<<.....aaaa....
	     typeA_2.7a  UCAAGAUAUGAUCCGUAAGAGGACGGGAUAAACCUCAACU

---------------------------------------------------
39 39 19 19  
tracing WX 10326 
 (W6) SR, trace wx 38 38 10326
---------------------------------------------------
38 38 19 18  
tracing WX 10326 
 (W6) SR, trace wx 37 37 10326
---------------------------------------------------
37 37 18 18  
tracing WX 10326 
 (W6) SR, trace wx 36 36 10326
---------------------------------------------------
36 36 18 17  
tracing WX 10326 
 (W10.1) trace yhx 29 29 15 7 8366
 (W10.1) trace yhx 36 19 4 4 6821
---------------------------------------------------
36 19 4 4  
tracing YHX 6821 
 (YH2) SLE, SRE, trace vhx 35 17 3 3 5727 
---------------------------------------------------
35 17 3 3  
tracing VHX  5727 
 (vh2) trace vhx 35 17 1 1 1909 
 (vh2) trace vhx 34 15 2 2 3818 
---------------------------------------------------
34 15 2 2  
tracing VHX  3818 
 (vh2) trace vhx 34 15 1 1 1411 
 (vh2) trace vhx 33 13 1 1 2407 
---------------------------------------------------
33 13 1 1  
tracing VHX  2407 
 (vh1) IS2 (1,1) 33 13 2407 
---------------------------------------------------
34 15 1 1  
tracing VHX  1411 
 (vh1) IS2 (1,1) 34 15 1411 
---------------------------------------------------
35 17 1 1  
tracing VHX  1909 
 (vh1) IS2 (1,1) 35 17 1909 
---------------------------------------------------
29 29 15 7  
tracing YHX 8366 
 (YH6) SRE, trace yhx 28 28 15 6 8566 
---------------------------------------------------
28 28 15 6  
tracing YHX 8566 
 (YH6) SRE, trace yhx 27 27 15 5 8766 
---------------------------------------------------
27 27 15 5  
tracing YHX 8766 
 (YH6) SRE, trace yhx 26 26 15 4 8966 
---------------------------------------------------
26 26 15 4  
tracing YHX 8966 
 (YH8.1) EL, trace vx  10 10 500 
 (YH8.1) EL, trace vhx 26 15 4 4 6972 
---------------------------------------------------
10 10 5 4  
tracing VX  500   
 (v2) IS2 (1,1) 2300
 trace vx 9 8 -1800
---------------------------------------------------
9 8 4 3  
tracing VX  -1800   
 (v2) IS2 (1,1) 1800
 trace vx 8 6 -3600
---------------------------------------------------
8 6 3 2  
tracing VX  -3600   
 (v1) hairpin 6, -3600 
---------------------------------------------------
26 15 4 4  
tracing VHX  6972 
 (vh2) trace vhx 26 15 1 1 1162 
 (vh2) trace vhx 25 13 3 3 5810 
---------------------------------------------------
25 13 3 3  
tracing VHX  5810 
 (vh2) trace vhx 25 13 1 1 2407 
 (vh2) trace vhx 24 11 2 2 3403 
---------------------------------------------------
24 11 2 2  
tracing VHX  3403 
 (vh2) trace vhx 24 11 1 1 1660 
 (vh2) trace vhx 23 9 1 1 1743 
---------------------------------------------------
23 9 1 1  
tracing VHX  1743 
 (vh1) IS2 (1,1) 23 9 1743 
---------------------------------------------------
24 11 1 1  
tracing VHX  1660 
 (vh1) IS2 (1,1) 24 11 1660 
---------------------------------------------------
25 13 1 1  
tracing VHX  2407 
 (vh1) IS2 (1,1) 25 13 2407 
---------------------------------------------------
26 15 1 1  
tracing VHX  1162 
 (vh1) IS2 (1,1) 26 15 1162 
NAM  typeA_2.7a
SRC  typeA_2.7a - 0..39::40
SEQ  +SS
       1 U   C   A   A   G   A   U   A   U   G   A   U   C   C   G   U   A   A   G   A
         0   1   2   3   4   5   6   7   8   9   10  11  12  13  14  15  16  17  18  19  
         10  9   8   .   .   .   .   .   2   1   0   26  25  24  23  22  .   .   35  34  

      21 G   G   A   C   G   G   G   A   U   A   A   A   C   C   U   C   A   A   C   U
         20  21  22  23  24  25  26  27  28  29  30  31  32  33  34  35  36  37  38  39  
         33  32  15  14  13  12  11  .   .   .   .   .   21  20  19  18  .   .   .   .   

true pairs 8.0	 found pairs 12.0	 agree 8.0 (sen=100.00 spe=66.67 -- C_ap = 81.65)
----------------------------------------------------------------------
   Log odds score:       10326 
energy (kcal/mol):      -10.33 
number of pairs found:      12.00 
number of pairs annotated:  8.00 
----------------------------------------------------------------------
Allow pseudoknots? YES
----------------------------------------------------------------------
Parameters (energy units, kcal/mol)
 wkn  parameter:          0.83 (pseudoknots weight)
 P1   parameter:         -0.00 
 P2   parameter:         -0.00 
 P3   parameter:         -0.00 
 P4   parameter:         -0.00 
 P5   parameter:          4.60 
 P5P  parameter:          8.43 
 P6   parameter:          0.40 
 P6P  parameter:          0.24 
 P10  parameter:          0.10 
 P10P parameter:          0.10 
 P11  parameter:          7.00 
 P12  parameter:          6.00 
 P13  parameter:         16.00 
 full pseudoknot model.
----------------------------------------------------------------------


	             SS  .............>>>...AAAAA<<<.....aaaaa....
	     typeA_2.11  UCAAGUCAUAUUACCGUUACUCCUCGGGAUAAAGGAGAUCU

---------------------------------------------------
40 40 20 19  
tracing WX 7351 
 (W5) SL, trace wx  40 39 7351
---------------------------------------------------
40 39 19 19  
tracing WX 7351 
 (W5) SL, trace wx  40 38 7351
---------------------------------------------------
40 38 19 18  
tracing WX 7351 
 (W5) SL, trace wx  40 37 7351
---------------------------------------------------
40 37 18 18  
tracing WX 7351 
 (W5) SL, trace wx  40 36 7351
---------------------------------------------------
40 36 18 17  
tracing WX 7351 
 (W5) SL, trace wx  40 35 7351
---------------------------------------------------
40 35 17 17  
tracing WX 7351 
 (W5) SL, trace wx  40 34 7351
---------------------------------------------------
40 34 17 16  
tracing WX 7351 
 (W5) SL, trace wx  40 33 7351
---------------------------------------------------
40 33 16 16  
tracing WX 7351 
 (W5) SL, trace wx  40 32 7351
---------------------------------------------------
40 32 16 15  
tracing WX 7351 
 (W5) SL, trace wx  40 31 7351
---------------------------------------------------
40 31 15 15  
tracing WX 7351 
 (W5) SL, trace wx  40 30 7351
---------------------------------------------------
40 30 15 14  
tracing WX 7351 
 (W5) SL, trace wx  40 29 7351
---------------------------------------------------
40 29 14 14  
tracing WX 7351 
 (W5) SL, trace wx  40 28 7351
---------------------------------------------------
40 28 14 13  
tracing WX 7351 
 (W6) SR, trace wx 39 27 7351
---------------------------------------------------
39 27 13 13  
tracing WX 7351 
 (W6) SR, trace wx 38 26 7351
---------------------------------------------------
38 26 13 12  
tracing WX 7351 
 (W6) SR, trace wx 37 25 7351
---------------------------------------------------
37 25 12 12  
tracing WX 7351 
 (W10.1) trace yhx 29 17 3 5 4678
 (W10.1) trace yhx 37 20 6 5 7783
---------------------------------------------------
37 20 6 5  
tracing YHX 7783 
 (YH5) SLE, trace yhx 37 19 5 5 7983 
---------------------------------------------------
37 19 5 5  
tracing YHX 7983 
 (YH2) SLE, SRE, trace vhx 36 17 4 4 7138 
---------------------------------------------------
36 17 4 4  
tracing VHX  7138 
 (vh2) trace vhx 36 17 1 1 1411 
 (vh2) trace vhx 35 15 3 3 5727 
---------------------------------------------------
35 15 3 3  
tracing VHX  5727 
 (vh2) trace vhx 35 15 1 1 1909 
 (vh2) trace vhx 34 13 2 2 3818 
---------------------------------------------------
34 13 2 2  
tracing VHX  3818 
 (vh2) trace vhx 34 13 1 1 2407 
 (vh2) trace vhx 33 11 1 1 1411 
---------------------------------------------------
33 11 1 1  
tracing VHX  1411 
 (vh1) IS2 (1,1) 33 11 1411 
---------------------------------------------------
34 13 1 1  
tracing VHX  2407 
 (vh1) IS2 (1,1) 34 13 2407 
---------------------------------------------------
35 15 1 1  
tracing VHX  1909 
 (vh1) IS2 (1,1) 35 15 1909 
---------------------------------------------------
36 17 1 1  
tracing VHX  1411 
 (vh1) IS2 (1,1) 36 17 1411 
---------------------------------------------------
29 17 3 5  
tracing YHX 4678 
 (YH6) SRE, trace yhx 28 16 3 4 4878 
---------------------------------------------------
28 16 3 4  
tracing YHX 4878 
 (YH6) SRE, trace yhx 27 15 3 3 5078 
---------------------------------------------------
27 15 3 3  
tracing YHX 5078 
 (YH2) SLE, SRE, trace vhx 26 13 2 2 4067 
---------------------------------------------------
26 13 2 2  
tracing VHX  4067 
 (vh2) trace vhx 26 13 1 1 2407 
 (vh2) trace vhx 25 11 1 1 1660 
---------------------------------------------------
25 11 1 1  
tracing VHX  1660 
 (vh1) IS2 (1,1) 25 11 1660 
---------------------------------------------------
26 13 1 1  
tracing VHX  2407 
 (vh1) IS2 (1,1) 26 13 2407 
NAM  typeA_2.11
SRC  typeA_2.11 - 0..39::40
SEQ  +SS
       1 U   C   A   A   G   U   C   A   U   A   U   U   A   C   C   G   U   U   A   C
         0   1   2   3   4   5   6   7   8   9   10  11  12  13  14  15  16  17  18  19  
         .   .   .   .   .   .   .   .   .   .   .   .   .   26  25  24  .   .   .   36  

      21 U   C   C   U   C   G   G   G   A   U   A   A   A   G   G   A   G   A   U   C
         20  21  22  23  24  25  26  27  28  29  30  31  32  33  34  35  36  37  38  39  
         35  34  33  32  15  14  13  .   .   .   .   .   23  22  21  20  19  .   .   .   

      41 U
         40  
         .   

true pairs 8.0	 found pairs 8.0	 agree 8.0 (sen=100.00 spe=100.00 -- C_ap = 100.00)
----------------------------------------------------------------------
   Log odds score:        7351 
energy (kcal/mol):       -7.35 
number of pairs found:      8.00 
number of pairs annotated:  8.00 
----------------------------------------------------------------------
Allow pseudoknots? YES
----------------------------------------------------------------------
Parameters (energy units, kcal/mol)
 wkn  parameter:          0.83 (pseudoknots weight)
 P1   parameter:         -0.00 
 P2   parameter:         -0.00 
 P3   parameter:         -0.00 
 P4   parameter:         -0.00 
 P5   parameter:          4.60 
 P5P  parameter:          8.43 
 P6   parameter:          0.40 
 P6P  parameter:          0.24 
 P10  parameter:          0.10 
 P10P parameter:          0.10 
 P11  parameter:          7.00 
 P12  parameter:          6.00 
 P13  parameter:         16.00 
 full pseudoknot model.
----------------------------------------------------------------------


	             SS  ............>>>..AAA...<<<........aaa....
	      typeA_1.7  UCAAGGAAUCGACCCAAGCCAAAGGGGAUAAUGCGGCAUCU

---------------------------------------------------
40 40 20 19  
tracing WX 6702 
 (W6) SR, trace wx 39 39 6702
---------------------------------------------------
39 39 19 19  
tracing WX 6702 
 (W6) SR, trace wx 38 38 6702
---------------------------------------------------
38 38 19 18  
tracing WX 6702 
 (W6) SR, trace wx 37 37 6702
---------------------------------------------------
37 37 18 18  
tracing WX 6702 
 (W10.1) trace yhx 28 28 14 5 6070
 (W10.1) trace yhx 37 21 6 6 5327
---------------------------------------------------
37 21 6 6  
tracing YHX 5327 
 (YH2) SLE, SRE, trace vhx 36 19 5 5 4233 
---------------------------------------------------
36 19 5 5  
tracing VHX  4233 
 (vh2) trace vhx 36 19 1 1 2822 
 (vh2) trace vhx 35 17 4 4 1411 
---------------------------------------------------
35 17 4 4  
tracing VHX  1411 
 (vh2) trace vhx 35 17 1 1 2407 
 (vh2) trace vhx 34 15 3 3 -996 
---------------------------------------------------
34 15 3 3  
tracing VHX  -996 
 (vh1) IS2 (3,3) 34 15 -996 
---------------------------------------------------
35 17 1 1  
tracing VHX  2407 
 (vh1) IS2 (1,1) 35 17 2407 
---------------------------------------------------
36 19 1 1  
tracing VHX  2822 
 (vh1) IS2 (1,1) 36 19 2822 
---------------------------------------------------
28 28 14 5  
tracing YHX 6070 
 (YH6) SRE, trace yhx 27 27 14 4 6270 
---------------------------------------------------
27 27 14 4  
tracing YHX 6270 
 (YH6) SRE, trace yhx 26 26 14 3 6470 
---------------------------------------------------
26 26 14 3  
tracing YHX 6470 
 (YH8.3) EL, trace vx  11 11 -800 
 (YH8.3) EL, dangle j, trace vhx 25 13 2 2 4814 
---------------------------------------------------
11 11 5 5  
tracing VX  -800   
 (v2) IS2 (1,1) 2300
 trace vx 10 9 -3100
---------------------------------------------------
10 9 4 4  
tracing VX  -3100   
 (v1) hairpin 9, -3100 
---------------------------------------------------
25 13 2 2  
tracing VHX  4814 
 (vh2) trace vhx 25 13 1 1 2407 
 (vh2) trace vhx 24 11 1 1 2407 
---------------------------------------------------
24 11 1 1  
tracing VHX  2407 
 (vh1) IS2 (1,1) 24 11 2407 
---------------------------------------------------
25 13 1 1  
tracing VHX  2407 
 (vh1) IS2 (1,1) 25 13 2407 
NAM  typeA_1.7
SRC  typeA_1.7 - 0..39::40
SEQ  +SS
       1 U   C   A   A   G   G   A   A   U   C   G   A   C   C   C   A   A   G   C   C
         0   1   2   3   4   5   6   7   8   9   10  11  12  13  14  15  16  17  18  19  
         11  10  .   .   .   .   .   .   .   .   1   0   25  24  23  .   .   36  35  34  

      21 A   A   A   G   G   G   G   A   U   A   A   U   G   C   G   G   C   A   U   C
         20  21  22  23  24  25  26  27  28  29  30  31  32  33  34  35  36  37  38  39  
         .   .   31  14  13  12  .   .   .   .   .   22  .   .   19  18  17  .   .   .   

      41 U
         40  
         .   

true pairs 6.0	 found pairs 9.0	 agree 6.0 (sen=100.00 spe=66.67 -- C_ap = 81.65)
----------------------------------------------------------------------
   Log odds score:        6702 
energy (kcal/mol):       -6.70 
number of pairs found:      9.00 
number of pairs annotated:  6.00 
----------------------------------------------------------------------
Allow pseudoknots? YES
----------------------------------------------------------------------
Parameters (energy units, kcal/mol)
 wkn  parameter:          0.83 (pseudoknots weight)
 P1   parameter:         -0.00 
 P2   parameter:         -0.00 
 P3   parameter:         -0.00 
 P4   parameter:         -0.00 
 P5   parameter:          4.60 
 P5P  parameter:          8.43 
 P6   parameter:          0.40 
 P6P  parameter:          0.24 
 P10  parameter:          0.10 
 P10P parameter:          0.10 
 P11  parameter:          7.00 
 P12  parameter:          6.00 
 P13  parameter:         16.00 
 full pseudoknot model.
----------------------------------------------------------------------


	             SS  ..........>>>>>..AAAA..<<<<<....aaaa.....
	     typeA_1.17  UCAAGUAAUGACCAGAGGCCCAACUGGUAAACGGGCGGUCU

---------------------------------------------------
40 40 20 19  
tracing WX 10756 
 (W6) SR, trace wx 39 39 10756
---------------------------------------------------
39 39 19 19  
tracing WX 10756 
 (W6) SR, trace wx 38 38 10756
---------------------------------------------------
38 38 19 18  
tracing WX 10756 
 (W6) SR, trace wx 37 37 10756
---------------------------------------------------
37 37 18 18  
tracing WX 10756 
 (W6) SR, trace wx 36 36 10756
---------------------------------------------------
36 36 18 17  
tracing WX 10756 
 (W9) trace whx 28 28 15 6 8913
 (W9) trace whx 36 19 4 5 9443
---------------------------------------------------
36 19 4 5  
tracing whx 9443 
 (WH1.9) SRI, SLI, SRE, trace vhx 35 18 3 3 7636 
---------------------------------------------------
35 18 3 3  
tracing VHX  7636 
 (vh2) trace vhx 35 18 1 1 2822 
 (vh2) trace vhx 34 16 2 2 4814 
---------------------------------------------------
34 16 2 2  
tracing VHX  4814 
 (vh2) trace vhx 34 16 1 1 2407 
 (vh2) trace vhx 33 14 1 1 2407 
---------------------------------------------------
33 14 1 1  
tracing VHX  2407 
 (vh1) IS2 (1,1) 33 14 2407 
---------------------------------------------------
34 16 1 1  
tracing VHX  2407 
 (vh1) IS2 (1,1) 34 16 2407 
---------------------------------------------------
35 18 1 1  
tracing VHX  2822 
 (vh1) IS2 (1,1) 35 18 2822 
---------------------------------------------------
28 28 15 6  
tracing whx 8913 
 (W43.2) SRI, SLI, trace yhx 28 28 14 5 7819 
---------------------------------------------------
28 28 14 5  
tracing YHX 7819 
 (YH6) SRE, trace yhx 27 27 14 4 8019 
---------------------------------------------------
27 27 14 4  
tracing YHX 8019 
 (YH6) SRE, trace yhx 26 26 14 3 8219 
---------------------------------------------------
26 26 14 3  
tracing YHX 8219 
 (YH8.1) EL, trace vx  10 10 500 
 (YH8.1) EL, trace vhx 26 15 3 3 5312 
---------------------------------------------------
10 10 5 4  
tracing VX  500   
 (v2) IS2 (1,1) 2300
 trace vx 9 8 -1800
---------------------------------------------------
9 8 4 3  
tracing VX  -1800   
 (v2) IS2 (1,1) 1800
 trace vx 8 6 -3600
---------------------------------------------------
8 6 3 2  
tracing VX  -3600   
 (v1) hairpin 6, -3600 
---------------------------------------------------
26 15 3 3  
tracing VHX  5312 
 (vh2) trace vhx 26 15 1 1 2407 
 (vh2) trace vhx 25 13 2 2 2905 
---------------------------------------------------
25 13 2 2  
tracing VHX  2905 
 (vh2) trace vhx 25 13 1 1 1494 
 (vh2) trace vhx 24 11 1 1 1411 
---------------------------------------------------
24 11 1 1  
tracing VHX  1411 
 (vh1) IS2 (1,1) 24 11 1411 
---------------------------------------------------
25 13 1 1  
tracing VHX  1494 
 (vh1) IS2 (1,1) 25 13 1494 
---------------------------------------------------
26 15 1 1  
tracing VHX  2407 
 (vh1) IS2 (1,1) 26 15 2407 
NAM  typeA_1.17
SRC  typeA_1.17 - 0..39::40
SEQ  +SS
       1 U   C   A   A   G   U   A   A   U   G   A   C   C   A   G   A   G   G   C   C
         0   1   2   3   4   5   6   7   8   9   10  11  12  13  14  15  16  17  18  19  
         10  9   8   .   .   .   .   .   2   1   0   26  25  24  23  .   .   35  34  33  

      21 C   A   A   C   U   G   G   U   A   A   A   C   G   G   G   C   G   G   U   C
         20  21  22  23  24  25  26  27  28  29  30  31  32  33  34  35  36  37  38  39  
         32  .   .   14  13  12  11  .   .   .   .   .   20  19  18  17  .   .   .   .   

      41 U
         40  
         .   

true pairs 9.0	 found pairs 11.0	 agree 8.0 (sen=88.89 spe=72.73 -- C_ap = 80.40)
----------------------------------------------------------------------
   Log odds score:       10756 
energy (kcal/mol):      -10.76 
number of pairs found:      11.00 
number of pairs annotated:  9.00 
----------------------------------------------------------------------
Allow pseudoknots? YES
----------------------------------------------------------------------
Parameters (energy units, kcal/mol)
 wkn  parameter:          0.83 (pseudoknots weight)
 P1   parameter:         -0.00 
 P2   parameter:         -0.00 
 P3   parameter:         -0.00 
 P4   parameter:         -0.00 
 P5   parameter:          4.60 
 P5P  parameter:          8.43 
 P6   parameter:          0.40 
 P6P  parameter:          0.24 
 P10  parameter:          0.10 
 P10P parameter:          0.10 
 P11  parameter:          7.00 
 P12  parameter:          6.00 
 P13  parameter:         16.00 
 full pseudoknot model.
----------------------------------------------------------------------
