PKNOTS: optimal minimum-energy RNA folding with pseudoknots and coaxial energies
        PKNOTS 1.04 (Fri Jul  9 14:23:04 CDT 2004) using squid 1.5m (Sept 1997)
---------------------------------------------------
Folding sequences from:  /home/elena/pknots/pknots-1.04/Demos/typeC.sqd 
---------------------------------------------------



	             SS  ..............>>>>>>.AAAAAAA<<<<<<.......aaaaaaa
	     typeC_2.3a  CAAGUUAAACAUAAUCCGUGAUCUUUCACACGGGAGAUCUAUGAAAGA

---------------------------------------------------
47 47 23 23  
tracing WX 11339 
 (W5) SL, trace wx  47 46 11339
---------------------------------------------------
47 46 23 22  
tracing WX 11339 
 (W5) SL, trace wx  47 45 11339
---------------------------------------------------
47 45 22 22  
tracing WX 11339 
 (W5) SL, trace wx  47 44 11339
---------------------------------------------------
47 44 22 21  
tracing WX 11339 
 (W5) SL, trace wx  47 43 11339
---------------------------------------------------
47 43 21 21  
tracing WX 11339 
 (W5) SL, trace wx  47 42 11339
---------------------------------------------------
47 42 21 20  
tracing WX 11339 
 (W5) SL, trace wx  47 41 11339
---------------------------------------------------
47 41 20 20  
tracing WX 11339 
 (W5) SL, trace wx  47 40 11339
---------------------------------------------------
47 40 20 19  
tracing WX 11339 
 (W5) SL, trace wx  47 39 11339
---------------------------------------------------
47 39 19 19  
tracing WX 11339 
 (W5) SL, trace wx  47 38 11339
---------------------------------------------------
47 38 19 18  
tracing WX 11339 
 (W10.1) trace yhx 38 29 10 10 8066
 (W10.1) trace yhx 47 26 6 6 8134
---------------------------------------------------
47 26 6 6  
tracing YHX 8134 
 (YH1) trace vhx 47 26 6 6 8217 
---------------------------------------------------
47 26 6 6  
tracing VHX  8217 
 (vh2) trace vhx 47 26 1 1 1909 
 (vh2) trace vhx 46 24 5 5 6308 
---------------------------------------------------
46 24 5 5  
tracing VHX  6308 
 (vh2) trace vhx 46 24 1 1 1411 
 (vh2) trace vhx 45 22 4 4 4897 
---------------------------------------------------
45 22 4 4  
tracing VHX  4897 
 (vh2) trace vhx 45 22 1 1 747 
 (vh2) trace vhx 44 20 3 3 4150 
---------------------------------------------------
44 20 3 3  
tracing VHX  4150 
 (vh2) trace vhx 44 20 1 1 747 
 (vh2) trace vhx 43 18 2 2 3403 
---------------------------------------------------
43 18 2 2  
tracing VHX  3403 
 (vh2) trace vhx 43 18 1 1 1909 
 (vh2) trace vhx 42 16 1 1 1494 
---------------------------------------------------
42 16 1 1  
tracing VHX  1494 
 (vh1) IS2 (1,1) 42 16 1494 
---------------------------------------------------
43 18 1 1  
tracing VHX  1909 
 (vh1) IS2 (1,1) 43 18 1909 
---------------------------------------------------
44 20 1 1  
tracing VHX  747 
 (vh1) IS2 (1,1) 44 20 747 
---------------------------------------------------
45 22 1 1  
tracing VHX  747 
 (vh1) IS2 (1,1) 45 22 747 
---------------------------------------------------
46 24 1 1  
tracing VHX  1411 
 (vh1) IS2 (1,1) 46 24 1411 
---------------------------------------------------
47 26 1 1  
tracing VHX  1909 
 (vh1) IS2 (1,1) 47 26 1909 
---------------------------------------------------
38 29 10 10  
tracing YHX 8066 
 (YH2) SLE, SRE, trace vhx 37 27 9 9 8217 
---------------------------------------------------
37 27 9 9  
tracing VHX  8217 
 (vh2) trace vhx 37 27 1 1 747 
 (vh2) trace vhx 36 25 8 8 7470 
---------------------------------------------------
36 25 8 8  
tracing VHX  7470 
 (vh2) trace vhx 36 25 3 3 -996 
 (vh2) trace vhx 33 19 5 5 8466 
---------------------------------------------------
33 19 5 5  
tracing VHX  8466 
 (vh2) trace vhx 33 19 1 1 1162 
 (vh2) trace vhx 32 17 4 4 7304 
---------------------------------------------------
32 17 4 4  
tracing VHX  7304 
 (vh2) trace vhx 32 17 1 1 2407 
 (vh2) trace vhx 31 15 3 3 4897 
---------------------------------------------------
31 15 3 3  
tracing VHX  4897 
 (vh2) trace vhx 31 15 1 1 1660 
 (vh2) trace vhx 30 13 2 2 3237 
---------------------------------------------------
30 13 2 2  
tracing VHX  3237 
 (vh2) trace vhx 30 13 1 1 1743 
 (vh2) trace vhx 29 11 1 1 1494 
---------------------------------------------------
29 11 1 1  
tracing VHX  1494 
 (vh1) IS2 (1,1) 29 11 1494 
---------------------------------------------------
30 13 1 1  
tracing VHX  1743 
 (vh1) IS2 (1,1) 30 13 1743 
---------------------------------------------------
31 15 1 1  
tracing VHX  1660 
 (vh1) IS2 (1,1) 31 15 1660 
---------------------------------------------------
32 17 1 1  
tracing VHX  2407 
 (vh1) IS2 (1,1) 32 17 2407 
---------------------------------------------------
33 19 1 1  
tracing VHX  1162 
 (vh1) IS2 (1,1) 33 19 1162 
---------------------------------------------------
36 25 3 3  
tracing VHX  -996 
 (vh1) IS2 (3,3) 36 25 -996 
---------------------------------------------------
37 27 1 1  
tracing VHX  747 
 (vh1) IS2 (1,1) 37 27 747 
NAM  typeC_2.3a
SRC  typeC_2.3a - 0..47::48
SEQ  +SS
       1 C   A   A   G   U   U   A   A   A   C   A   U   A   A   U   C   C   G   U   G
         0   1   2   3   4   5   6   7   8   9   10  11  12  13  14  15  16  17  18  19  
         .   .   .   .   .   .   .   .   .   .   37  36  .   .   33  32  31  30  29  28  

      21 A   U   C   U   U   U   C   A   C   A   C   G   G   G   A   G   A   U   C   U
         20  21  22  23  24  25  26  27  28  29  30  31  32  33  34  35  36  37  38  39  
         .   47  46  45  44  43  42  41  19  18  17  16  15  14  .   .   11  10  .   .   

      41 A   U   G   A   A   A   G   A
         40  41  42  43  44  45  46  47  
         .   27  26  25  24  23  22  21  

true pairs 13.0	 found pairs 15.0	 agree 13.0 (sen=100.00 spe=86.67 -- C_ap = 93.09)
----------------------------------------------------------------------
   Log odds score:       11339 
energy (kcal/mol):      -11.34 
number of pairs found:      15.00 
number of pairs annotated:  13.00 
----------------------------------------------------------------------
Allow pseudoknots? YES
----------------------------------------------------------------------
Parameters (energy units, kcal/mol)
 wkn  parameter:          0.83 (pseudoknots weight)
 P1   parameter:         -0.00 
 P2   parameter:         -0.00 
 P3   parameter:         -0.00 
 P4   parameter:         -0.00 
 P5   parameter:          4.60 
 P5P  parameter:          8.43 
 P6   parameter:          0.40 
 P6P  parameter:          0.24 
 P10  parameter:          0.10 
 P10P parameter:          0.10 
 P11  parameter:          7.00 
 P12  parameter:          6.00 
 P13  parameter:         16.00 
 full pseudoknot model.
----------------------------------------------------------------------


	             SS  ...........>>>>.....AAAAAA<<<<....aaaaaaa
	     typeC_2.5a  UCAAGAUAGUAUCCGUUCUUGAUCAUCGGGACAAAUGAUCU

---------------------------------------------------
40 40 20 19  
tracing WX 7700 
 (W5) SL, trace wx  40 39 7700
---------------------------------------------------
40 39 19 19  
tracing WX 7700 
 (W8.4) dangle i, trace vx 19 17 600
 (W8.4) dangle j, trace vx 39 19 3800
---------------------------------------------------
39 19 9 9  
tracing VX  3800   
 (v2) IS2 (1,1) 2300
 trace vx 38 17 1500
---------------------------------------------------
38 17 8 8  
tracing VX  1500   
 (v2) IS2 (1,1) 900
 trace vx 37 15 600
---------------------------------------------------
37 15 7 7  
tracing VX  600   
 (v2) IS2 (1,1) 2300
 trace vx 36 13 -1700
---------------------------------------------------
36 13 6 6  
tracing VX  -1700   
 (v2) IS2 (1,1) 1800
 trace vx 35 11 -3500
---------------------------------------------------
35 11 5 5  
tracing VX  -3500   
 (v2) IS2 (1,1) 900
 trace vx 34 9 -4400
---------------------------------------------------
34 9 4 4  
tracing VX  -4400   
 (v1) hairpin 9, -4400 
---------------------------------------------------
19 17 8 8  
tracing VX  600   
 (v2) IS2 (1,1) 900
 trace vx 18 15 -300
---------------------------------------------------
18 15 7 7  
tracing VX  -300   
 (v2) IS2 (1,1) 1700
 trace vx 17 13 -2000
---------------------------------------------------
17 13 6 6  
tracing VX  -2000   
 (v2) IS2 (1,1) 2300
 trace vx 16 11 -4300
---------------------------------------------------
16 11 5 5  
tracing VX  -4300   
 (v2) IS2 (3,3) -200
 trace vx 13 5 -4100
---------------------------------------------------
13 5 2 2  
tracing VX  -4100   
 (v1) hairpin 5, -4100 
NAM  typeC_2.5a
SRC  typeC_2.5a - 0..40::41
SEQ  +SS
       1 U   C   A   A   G   A   U   A   G   U   A   U   C   C   G   U   U   C   U   U
         0   1   2   3   4   5   6   7   8   9   10  11  12  13  14  15  16  17  18  19  
         .   .   19  18  17  16  .   .   13  .   .   .   .   8   .   .   5   4   3   2   

      21 G   A   U   C   A   U   C   G   G   G   A   C   A   A   A   U   G   A   U   C
         20  21  22  23  24  25  26  27  28  29  30  31  32  33  34  35  36  37  38  39  
         39  38  37  36  35  34  .   .   .   .   .   .   .   .   25  24  23  22  21  20  

      41 U
         40  
         .   

true pairs 10.0	 found pairs 11.0	 agree 6.0 (sen=60.00 spe=54.55 -- C_ap = 57.21)
----------------------------------------------------------------------
   Log odds score:        7700 
energy (kcal/mol):       -7.70 
number of pairs found:      11.00 
number of pairs annotated:  10.00 
----------------------------------------------------------------------
Allow pseudoknots? YES
----------------------------------------------------------------------
Parameters (energy units, kcal/mol)
 wkn  parameter:          0.83 (pseudoknots weight)
 P1   parameter:         -0.00 
 P2   parameter:         -0.00 
 P3   parameter:         -0.00 
 P4   parameter:         -0.00 
 P5   parameter:          4.60 
 P5P  parameter:          8.43 
 P6   parameter:          0.40 
 P6P  parameter:          0.24 
 P10  parameter:          0.10 
 P10P parameter:          0.10 
 P11  parameter:          7.00 
 P12  parameter:          6.00 
 P13  parameter:         16.00 
 full pseudoknot model.
----------------------------------------------------------------------


	             SS  ...............>>>...AAAAAAAA<<<.....aaaaaaaaa
	     typeC_2.6b  UCAAGUGAAACUUAACCGUUAUCAUAGAUCGGGACAAAUCUAUGAA

---------------------------------------------------
45 45 22 22  
tracing WX 9028 
 (W7) trace wx  13 13 100
 (W7) trace wx  45 31 8928
---------------------------------------------------
45 31 15 15  
tracing WX 8928 
 (W10.1) trace yhx 34 20 3 5 4678
 (W10.1) trace yhx 45 26 9 8 9360
---------------------------------------------------
45 26 9 8  
tracing YHX 9360 
 (YH5) SLE, trace yhx 45 25 8 8 9560 
---------------------------------------------------
45 25 8 8  
tracing YHX 9560 
 (YH2) SLE, SRE, trace vhx 44 23 7 7 9130 
---------------------------------------------------
44 23 7 7  
tracing VHX  9130 
 (vh2) trace vhx 44 23 1 1 1909 
 (vh2) trace vhx 43 21 6 6 7221 
---------------------------------------------------
43 21 6 6  
tracing VHX  7221 
 (vh2) trace vhx 43 21 1 1 1494 
 (vh2) trace vhx 42 19 5 5 5727 
---------------------------------------------------
42 19 5 5  
tracing VHX  5727 
 (vh2) trace vhx 42 19 1 1 747 
 (vh2) trace vhx 41 17 4 4 4980 
---------------------------------------------------
41 17 4 4  
tracing VHX  4980 
 (vh2) trace vhx 41 17 1 1 913 
 (vh2) trace vhx 40 15 3 3 4067 
---------------------------------------------------
40 15 3 3  
tracing VHX  4067 
 (vh2) trace vhx 40 15 1 1 1411 
 (vh2) trace vhx 39 13 2 2 2656 
---------------------------------------------------
39 13 2 2  
tracing VHX  2656 
 (vh2) trace vhx 39 13 1 1 1909 
 (vh2) trace vhx 38 11 1 1 747 
---------------------------------------------------
38 11 1 1  
tracing VHX  747 
 (vh1) IS2 (1,1) 38 11 747 
---------------------------------------------------
39 13 1 1  
tracing VHX  1909 
 (vh1) IS2 (1,1) 39 13 1909 
---------------------------------------------------
40 15 1 1  
tracing VHX  1411 
 (vh1) IS2 (1,1) 40 15 1411 
---------------------------------------------------
41 17 1 1  
tracing VHX  913 
 (vh1) IS2 (1,1) 41 17 913 
---------------------------------------------------
42 19 1 1  
tracing VHX  747 
 (vh1) IS2 (1,1) 42 19 747 
---------------------------------------------------
43 21 1 1  
tracing VHX  1494 
 (vh1) IS2 (1,1) 43 21 1494 
---------------------------------------------------
44 23 1 1  
tracing VHX  1909 
 (vh1) IS2 (1,1) 44 23 1909 
---------------------------------------------------
34 20 3 5  
tracing YHX 4678 
 (YH6) SRE, trace yhx 33 19 3 4 4878 
---------------------------------------------------
33 19 3 4  
tracing YHX 4878 
 (YH6) SRE, trace yhx 32 18 3 3 5078 
---------------------------------------------------
32 18 3 3  
tracing YHX 5078 
 (YH2) SLE, SRE, trace vhx 31 16 2 2 4067 
---------------------------------------------------
31 16 2 2  
tracing VHX  4067 
 (vh2) trace vhx 31 16 1 1 2407 
 (vh2) trace vhx 30 14 1 1 1660 
---------------------------------------------------
30 14 1 1  
tracing VHX  1660 
 (vh1) IS2 (1,1) 30 14 1660 
---------------------------------------------------
31 16 1 1  
tracing VHX  2407 
 (vh1) IS2 (1,1) 31 16 2407 
---------------------------------------------------
13 13 6 6  
tracing WX 100 
 (W6) SR, trace wx 12 12 100
---------------------------------------------------
12 12 6 5  
tracing WX 100 
 (W6) SR, trace wx 11 11 100
---------------------------------------------------
11 11 5 5  
tracing WX 100 
 (W6) SR, trace wx 10 10 100
---------------------------------------------------
10 10 5 4  
tracing WX 100 
 (W6) SR, trace wx 9 9 100
---------------------------------------------------
9 9 4 4  
tracing WX 100 
 (W6) SR, trace wx 8 8 100
---------------------------------------------------
8 8 4 3  
tracing WX 100 
 (W4) SR, trace vx 7 7 -700
---------------------------------------------------
7 7 3 3  
tracing VX  -700   
 (v2) IS2 (1,1) 2300
 trace vx 6 5 -3000
---------------------------------------------------
6 5 2 2  
tracing VX  -3000   
 (v1) hairpin 5, -3000 
NAM  typeC_2.6b
SRC  typeC_2.6b - 0..45::46
SEQ  +SS
       1 U   C   A   A   G   U   G   A   A   A   C   U   U   A   A   C   C   G   U   U
         0   1   2   3   4   5   6   7   8   9   10  11  12  13  14  15  16  17  18  19  
         7   6   .   .   .   .   1   0   .   .   .   .   .   .   .   31  30  29  .   .   

      21 A   U   C   A   U   A   G   A   U   C   G   G   G   A   C   A   A   A   U   C
         20  21  22  23  24  25  26  27  28  29  30  31  32  33  34  35  36  37  38  39  
         .   44  43  42  41  40  39  38  37  17  16  15  .   .   .   .   .   28  27  26  

      41 U   A   U   G   A   A
         40  41  42  43  44  45  
         25  24  23  22  21  .   

true pairs 11.0	 found pairs 13.0	 agree 11.0 (sen=100.00 spe=84.62 -- C_ap = 91.99)
----------------------------------------------------------------------
   Log odds score:        9028 
energy (kcal/mol):       -9.03 
number of pairs found:      13.00 
number of pairs annotated:  11.00 
----------------------------------------------------------------------
Allow pseudoknots? YES
----------------------------------------------------------------------
Parameters (energy units, kcal/mol)
 wkn  parameter:          0.83 (pseudoknots weight)
 P1   parameter:         -0.00 
 P2   parameter:         -0.00 
 P3   parameter:         -0.00 
 P4   parameter:         -0.00 
 P5   parameter:          4.60 
 P5P  parameter:          8.43 
 P6   parameter:          0.40 
 P6P  parameter:          0.24 
 P10  parameter:          0.10 
 P10P parameter:          0.10 
 P11  parameter:          7.00 
 P12  parameter:          6.00 
 P13  parameter:         16.00 
 full pseudoknot model.
----------------------------------------------------------------------


	             SS  .........>>>..AAA.....<<<.....aaa........
	     typeC_2.2b  AAUCAAGUACCUAGGUGAUAAAAGGGAGAACACGUGUGACU

---------------------------------------------------
40 40 20 19  
tracing WX 5100 
 (W5) SL, trace wx  40 39 5100
---------------------------------------------------
40 39 19 19  
tracing WX 5100 
 (W6) SR, trace wx 39 38 5100
---------------------------------------------------
39 38 19 18  
tracing WX 5100 
 (W2) SR SL, trace vx 38 36 4300
---------------------------------------------------
38 36 18 17  
tracing VX  4300   
 (v2) IS2 (1,1) 2300
 trace vx 37 34 2000
---------------------------------------------------
37 34 17 16  
tracing VX  2000   
 (v2) IS2 (1,1) 1800
 trace vx 36 32 200
---------------------------------------------------
36 32 16 15  
tracing VX  200   
 (v2) IS2 (2,4) 0
 trace vx 32 26 200
---------------------------------------------------
32 26 13 12  
tracing VX  200   
 (v2) IS2 (1,1) 2100
 trace vx 31 24 -1900
---------------------------------------------------
31 24 12 11  
tracing VX  -1900   
 (v2) IS2 (2,7) -2200
 trace vx 24 15 300
---------------------------------------------------
24 15 7 7  
tracing VX  300   
 (v2) IS2 (1,1) 2900
 trace vx 23 13 -2600
---------------------------------------------------
23 13 6 6  
tracing VX  -2600   
 (v2) IS2 (1,1) 1700
 trace vx 22 11 -4300
---------------------------------------------------
22 11 5 5  
tracing VX  -4300   
 (v1) hairpin 11, -4300 
NAM  typeC_2.2b
SRC  typeC_2.2b - 0..40::41
SEQ  +SS
       1 A   A   U   C   A   A   G   U   A   C   C   U   A   G   G   U   G   A   U   A
         0   1   2   3   4   5   6   7   8   9   10  11  12  13  14  15  16  17  18  19  
         .   .   38  37  36  .   32  31  .   24  23  22  .   .   .   .   .   .   .   .   

      21 A   A   A   G   G   G   A   G   A   A   C   A   C   G   U   G   U   G   A   C
         20  21  22  23  24  25  26  27  28  29  30  31  32  33  34  35  36  37  38  39  
         .   .   11  10  9   .   .   .   .   .   .   7   6   .   .   .   4   3   2   .   

      41 U
         40  
         .   

true pairs 6.0	 found pairs 8.0	 agree 3.0 (sen=50.00 spe=37.50 -- C_ap = 43.30)
----------------------------------------------------------------------
   Log odds score:        5100 
energy (kcal/mol):       -5.10 
number of pairs found:      8.00 
number of pairs annotated:  6.00 
----------------------------------------------------------------------
Allow pseudoknots? YES
----------------------------------------------------------------------
Parameters (energy units, kcal/mol)
 wkn  parameter:          0.83 (pseudoknots weight)
 P1   parameter:         -0.00 
 P2   parameter:         -0.00 
 P3   parameter:         -0.00 
 P4   parameter:         -0.00 
 P5   parameter:          4.60 
 P5P  parameter:          8.43 
 P6   parameter:          0.40 
 P6P  parameter:          0.24 
 P10  parameter:          0.10 
 P10P parameter:          0.10 
 P11  parameter:          7.00 
 P12  parameter:          6.00 
 P13  parameter:         16.00 
 full pseudoknot model.
----------------------------------------------------------------------
